
     ######################################################################
   ##########################################################################
  ###                                                                      ###
 ###            Tinker  ---  Software Tools for Molecular Design            ###
 ##                                                                          ##
 ##                      Version 8.10.5   February 2023                      ##
 ##                                                                          ##
 ##               Copyright (c)  Jay William Ponder  1990-2023               ##
 ###                           All Rights Reserved                          ###
  ###                                                                      ###
   ##########################################################################
     ######################################################################


 Additional Atom Definition Parameters :

     Type  Class  Symbol  Description               Atomic    Mass   Valence

      401   401     N     25_27_Index_0                7     14.007     3
      402   402     C     25_27_Index_0                6     12.011     3
      403   403     C     25_27_Index_0                6     12.011     4
      404   404     N     25_27_Index_0                7     14.007     3
      405   405     O     25_27_Index_0                8     15.999     1
      406   406     H     25_27_Index_0                1      1.008     1
      407   407     H     25_27_Index_0                1      1.008     1
      408   408     H     25_27_Index_0                1      1.008     1

 Additional Bond Stretching Parameters :

     Atom Classes             K(S)         Length

       405 402             558.795         1.2300
       407 401             475.798         1.0100
       402 401             363.157         1.3700
       403 402             283.862         1.4894
       406 403             340.533         1.1000
       404 403             216.461         1.4600
       408 404             451.428         1.0200

 Additional Angle Bending Parameters :

     Atom Classes             K(B)          Angle

     404 403 402            77.347        106.357
     406 403 402            48.035        109.514
     408 404 403            51.238        107.280
     406 403 404            57.278        113.953
     406 403 406            30.491        106.800
     408 404 408            33.456        102.306

 Additional In-Plane Angle Bending Parameters :

     Atom Classes             K(B)          Angle

     405 402 403            49.556        121.520
     401 402 405           109.448        124.419
     407 401 402            40.855        116.482
     407 401 407            37.560        113.614
     403 402 401            57.869        113.907

 Additional Stretch-Bend Parameters :

     Atom Classes          K(SB)-1        K(SB)-2

     405 402 403            25.988         25.988
     404 403 402            20.453         20.453
     401 402 405            25.988         25.988
     407 401 402            25.952         25.952
     403 402 401            25.988         25.988
     406 403 402             5.713          5.713
     408 404 403            22.688         22.688
     406 403 404             5.713          5.713
     406 403 406             5.713          5.713
     408 404 408            22.688         22.688

 Additional Torsional Parameters :

     Atom Classes     1-Fold    2-Fold    3-Fold    4-Fold    5-Fold    6-Fold

   404 403 402 401  -0.94   0  1.11 180 -0.64   0  0.00   0  0.00   0  0.00   0
   405 402 403 404  -0.09   0  0.92 180 -0.22   0  0.00   0  0.00   0  0.00   0
   406 403 402 405   0.00   0  0.00 180  0.11   0  0.00   0  0.00   0  0.00   0
   406 403 402 401   0.00   0  0.00 180  0.11   0  0.00   0  0.00   0  0.00   0
   408 404 403 402   0.00   0  8.05 180  0.80   0  0.00   0  0.00   0  0.00   0
   407 401 402 403   0.00   0  4.62 180  0.80   0  0.00   0  0.00   0  0.00   0
   407 401 402 405   0.00   0  2.76 180 -0.36   0  0.00   0  0.00   0  0.00   0
   408 404 403 406   2.55   0 -2.15 180  0.07   0  0.00   0  0.00   0  0.00   0

 Additional Atomic Multipole Parameters :

     Atom Type     Coordinate Frame Definition         Multipole Moments

         401      402    407      0   Z-then-X    -0.31724
                                                   0.00399  0.00000 -0.04725
                                                   0.38742
                                                   0.00000 -0.47253
                                                  -0.07188  0.00000  0.08511

         402      405    401      0   Z-then-X     0.83315
                                                   0.19876  0.00000  0.29337
                                                   0.08616
                                                   0.00000 -0.24302
                                                  -0.04397  0.00000  0.15686

         403      404    402      0   Z-then-X     0.02569
                                                   0.14184  0.00000  0.34466
                                                  -0.19631
                                                   0.00000 -0.25060
                                                  -0.09742  0.00000  0.44691

         404      403    408    408   Z-Bisect    -0.32179
                                                   0.16522  0.00000  0.29968
                                                  -0.88741
                                                   0.00000  0.29300
                                                  -0.63402  0.00000  0.59441

         405      402    401      0   Z-then-X    -0.71635
                                                   0.00197  0.00000 -0.15380
                                                  -0.50627
                                                   0.00000  0.28389
                                                   0.03041  0.00000  0.22238

         406      403    404      0   Z-then-X     0.03117
                                                   0.05414  0.00000 -0.14767
                                                   0.06013
                                                   0.00000  0.10513
                                                   0.11774  0.00000 -0.16526

         407      401    402      0   Z-then-X     0.12310
                                                  -0.01855  0.00000 -0.34535
                                                   0.17103
                                                   0.00000  0.11594
                                                   0.02485  0.00000 -0.28697

         408      404    403      0   Z-then-X     0.09400
                                                  -0.01183  0.00000 -0.18349
                                                   0.05701
                                                   0.00000  0.00004
                                                  -0.00807  0.00000 -0.05705

 Additional Charge Penetration Parameters :

     Atom Class           Core Chg           Damp

         401                 0.000         0.0000
         402                 0.000         0.0000
         403                 0.000         0.0000
         404                 0.000         0.0000
         405                 0.000         0.0000
         406                 0.000         0.0000
         407                 0.000         0.0000
         408                 0.000         0.0000

 Additional Atomic Dipole Polarizability Parameters :

     Atom Type           Alpha       Thole     Group Atom Types

         401             1.243       0.390         402  407
         402             1.600       0.390         401  405
         403             1.620       0.390         404  406
         404             1.185       0.390         403  408
         405             0.914       0.390         402
         406             0.480       0.390         403
         407             0.457       0.390         401
         408             0.457       0.390         404

 Additional van der Waals Parameters :

     Atom Class               Size        Epsilon        Reduction

         408                2.7000         0.0200          0.910
         407                2.7000         0.0200          0.910
         403                3.8200         0.1010          0.000
         404                3.7100         0.1050          0.000
         406                2.9500         0.0260          0.910
         402                3.8200         0.1060          0.000
         405                3.3000         0.1120          0.000
         401                3.7100         0.1100          0.000

 Additional Solvation Parameters :

     Atom Type                PB Size     CS Size     GK Size

         406             3.0556      2.9960      4.0320
         408             3.6491      3.4040      2.9894
         407             2.9089      2.8360      3.5214
         402             2.9301      4.5060      4.2118
         403             3.3025      2.8540      4.9016
         404             2.8836      2.9900      3.2180
         401             3.4243      3.4910      4.2676
         405             2.9835      3.3560      2.9616

 Limited Memory BFGS Quasi-Newton Optimization :

 QN Iter     F Value      G RMS      F Move   X Move   Angle  FG Call  Comment

     0        9.9767     8.4853                                   1
     1        9.6230     7.0471      0.3537   0.0076    0.00      3    Success 
     2        9.3750     5.3867      0.2481   0.0049   39.69      4    Success 
     3        9.0153     3.2781      0.3597   0.0105   37.36      5    Success 
     4        8.8540     6.6281      0.1613   0.0169   36.50      6    Success 
     5        8.7315     2.8566      0.1225   0.0040   42.96      7    Success 
     6        8.6694     2.4117      0.0621   0.0028   33.19      8    Success 
     7        8.5731     2.2626      0.0963   0.0069   46.98      9    Success 
     8        8.5093     4.2548      0.0638   0.0131   57.72     10    Success 
     9        8.4740     2.5119      0.0352   0.0065   65.88     11    Success 
    10        8.4523     1.1509      0.0218   0.0032   67.34     12    Success 
    11        8.4373     1.0590      0.0149   0.0015   23.39     13    Success 
    12        8.4122     1.4003      0.0252   0.0035   43.38     14    Success 
    13        8.3723     1.6277      0.0399   0.0074   63.78     15    Success 
    14        8.3535     2.6271      0.0188   0.0064   70.94     17    Success 
    15        8.3271     1.4311      0.0265   0.0072   79.59     18    Success 
    16        8.3153     0.5608      0.0117   0.0053   76.57     19    Success 
    17        8.3115     0.4722      0.0038   0.0014   49.83     20    Success 
    18        8.3082     0.5133      0.0033   0.0014   48.65     21    Success 
    19        8.3041     0.5683      0.0041   0.0019   58.95     22    Success 
    20        8.2991     0.5446      0.0051   0.0032   66.03     23    Success 
    21        8.2957     0.5871      0.0033   0.0034   68.83     24    Success 
    22        8.2932     0.3662      0.0025   0.0011   60.02     25    Success 
    23        8.2900     0.4015      0.0032   0.0022   59.45     26    Success 
    24        8.2858     0.5418      0.0042   0.0035   68.26     27    Success 
    25        8.2805     0.6579      0.0053   0.0061   76.64     28    Success 
    26        8.2744     0.6418      0.0061   0.0073   79.00     29    Success 
    27        8.2684     0.8135      0.0059   0.0067   77.90     30    Success 
    28        8.2609     0.7274      0.0075   0.0053   78.03     31    Success 
    29        8.2504     0.7907      0.0105   0.0078   76.03     32    Success 
    30        8.2473     1.7299      0.0031   0.0131   79.43     33    Success 
    31        8.2420     1.2263      0.0053   0.0007   60.96     34    Success 
    32        8.2343     0.5355      0.0077   0.0020   66.58     35    Success 
    33        8.2293     0.6317      0.0050   0.0051   76.12     36    Success 
    34        8.2243     0.7824      0.0051   0.0056   80.70     37    Success 
    35        8.2167     1.0656      0.0075   0.0105   83.57     38    Success 
    36        8.2056     0.9536      0.0112   0.0138   84.68     39    Success 
    37        8.1914     0.9092      0.0141   0.0187   83.45     40    Success 
    38        8.1859     1.4719      0.0055   0.0234   84.38     41    Success 
    39        8.1775     0.9939      0.0084   0.0057   83.20     42    Success 
    40        8.1694     0.8120      0.0081   0.0026   54.17     43    Success 
    41        8.1655     0.6311      0.0039   0.0041   77.65     44    Success 
    42        8.1633     0.3405      0.0022   0.0017   75.17     45    Success 
    43        8.1610     0.3777      0.0023   0.0062   80.40     46    Success 
    44        8.1598     0.3465      0.0012   0.0017   78.01     47    Success 
    45        8.1583     0.3154      0.0016   0.0020   71.72     48    Success 
    46        8.1570     0.3861      0.0013   0.0022   67.47     49    Success 
    47        8.1562     0.3019      0.0008   0.0005   61.94     50    Success 
    48        8.1548     0.2676      0.0014   0.0011   62.81     51    Success 
    49        8.1530     0.2799      0.0017   0.0032   73.04     52    Success 
    50        8.1527     0.2769      0.0003   0.0008   75.59     54    Success 
    51        8.1523     0.1397      0.0004   0.0017   83.39     55    Success 
    52        8.1522     0.0580      0.0002   0.0011   80.50     56   SmallGrad

 LBFGS  --  Normal Termination due to SmallGrad

 Final Function Value :            8.15217565
 Final RMS Gradient :              0.05796914
 Final Gradient Norm :             0.19226188
