
     ######################################################################
   ##########################################################################
  ###                                                                      ###
 ###            Tinker  ---  Software Tools for Molecular Design            ###
 ##                                                                          ##
 ##                      Version 8.9.4   September 2021                      ##
 ##                                                                          ##
 ##               Copyright (c)  Jay William Ponder  1990-2021               ##
 ###                           All Rights Reserved                          ###
  ###                                                                      ###
   ##########################################################################
     ######################################################################


 Additional Atom Definition Parameters :

     Type  Class  Symbol  Description               Atomic    Mass   Valence

      401   401     C     16_Index_0                   6     12.011     3
      404   404     N     16_Index_0                   7     14.007     3
      403   403     C     16_Index_0                   6     12.011     3
      402   402     C     16_Index_0                   6     12.011     3
      405   405     C     16_Index_0                   6     12.011     3
      407   407     H     16_Index_0                   1      1.008     1
      406   406     H     16_Index_0                   1      1.008     1
      408   408     H     16_Index_0                   1      1.008     1
      409   409     H     16_Index_0                   1      1.008     1

 Additional Bond Stretching Parameters :

     Atom Classes             K(S)         Length

       403 401             379.094         1.4000
       404 401             299.899         1.4000
       407 404             472.882         1.0100
       402 403             379.094         1.3900
       406 403             368.093         1.0900
       405 402             379.094         1.3900
       408 402             368.093         1.0900
       409 405             368.093         1.0900

 Additional Angle Bending Parameters :

     Atom Classes             K(B)          Angle

     402 403 401            74.631        120.460
     406 403 401            36.770        119.470
     407 404 401            42.780        113.180
     403 401 404            76.869        120.510
     403 401 403            74.631        120.580
     405 402 403            74.631        120.570
     408 402 403            36.770        119.310
     406 403 402            36.770        120.070
     402 405 402            74.631        119.120
     409 405 402            36.770        120.440
     408 402 405            36.770        120.110
     407 404 407            52.593        109.800

 Additional Stretch-Bend Parameters :

     Atom Classes          K(SB)-1        K(SB)-2

     402 403 401            20.453         20.453
     406 403 401            20.453         20.453
     407 404 401            32.661         32.661
     403 401 404            20.453         20.453
     403 401 403            20.453         20.453
     405 402 403            20.453         20.453
     408 402 403            20.453         20.453
     406 403 402            20.453         20.453
     402 405 402            20.453         20.453
     409 405 402            20.453         20.453
     408 402 405            20.453         20.453
     407 404 407            32.661         32.661

 Additional Out-of-Plane Bend Parameters :

     Atom Classes                   K(OPB)

     403 401   0   0                84.886
     401 403   0   0                84.886
     404 401   0   0                50.236
     404 407   0   0                 9.114
     402 403   0   0                84.886
     403 402   0   0                84.886
     406 403   0   0                72.814
     405 402   0   0                84.886
     402 405   0   0                84.886
     408 402   0   0                72.814
     409 405   0   0                72.814

 Additional Torsional Parameters :

     Atom Classes     1-Fold    2-Fold    3-Fold    4-Fold    5-Fold    6-Fold

   405 402 403 401   0.00   0  0.00 180  0.30   0  0.00   0  0.00   0  0.00   0
   408 402 403 401   0.00   0  0.00 180  0.30   0  0.00   0  0.00   0  0.00   0
   402 403 401 404   0.00   0  0.00 180  0.30   0  0.00   0  0.00   0  0.00   0
   406 403 401 404   0.00   0  0.00 180  0.30   0  0.00   0  0.00   0  0.00   0
   402 403 401 403   0.00   0  0.00 180  0.30   0  0.00   0  0.00   0  0.00   0
   406 403 401 403   0.00   0  0.00 180  0.30   0  0.00   0  0.00   0  0.00   0
   407 404 401 403   0.00   0  0.00 180  0.30   0  0.00   0  0.00   0  0.00   0
   402 405 402 403   0.00   0  0.00 180  0.30   0  0.00   0  0.00   0  0.00   0
   409 405 402 403   0.00   0  0.00 180  0.30   0  0.00   0  0.00   0  0.00   0
   406 403 402 405   0.00   0  0.00 180  0.30   0  0.00   0  0.00   0  0.00   0
   408 402 403 406   0.00   0  0.00 180  0.30   0  0.00   0  0.00   0  0.00   0
   409 405 402 408   0.00   0  0.00 180  0.30   0  0.00   0  0.00   0  0.00   0
   408 402 405 402   0.55   0 11.38 180 -0.55   0  0.00   0  0.00   0  0.00   0

 Additional Atomic Multipole Parameters :

     Atom Type     Coordinate Frame Definition         Multipole Moments

         401      403    403      0   Bisector     0.17959
                                                   0.00000  0.00000  0.19215
                                                  -0.06718
                                                   0.00000  0.20155
                                                   0.00000  0.00000 -0.13437

         404      407    407      0   Bisector    -0.31835
                                                   0.00000  0.00000  0.28917
                                                   0.58066
                                                   0.00000 -0.81508
                                                   0.00000  0.00000  0.23442

         403      406    402      0   Z-then-X    -0.05006
                                                   0.11458  0.00000  0.13840
                                                   0.04814
                                                   0.00000 -0.19558
                                                  -0.01792  0.00000  0.14744

         402      408    405      0   Z-then-X     0.05042
                                                   0.00457  0.00000 -0.09216
                                                  -0.15366
                                                   0.00000 -0.35533
                                                   0.03265  0.00000  0.50899

         405      402    402      0   Bisector    -0.05890
                                                   0.00000  0.00000 -0.13056
                                                   0.28936
                                                   0.00000 -0.22222
                                                   0.00000  0.00000 -0.06714

         407      404    407      0   Z-then-X     0.10138
                                                  -0.01612  0.00000 -0.17709
                                                  -0.00392
                                                   0.00000  0.07565
                                                   0.06919  0.00000 -0.07173

         406      403    402      0   Z-then-X    -0.00445
                                                   0.01170  0.00000 -0.19666
                                                   0.02080
                                                   0.00000  0.07184
                                                   0.02873  0.00000 -0.09264

         408      402    405      0   Z-then-X     0.00113
                                                   0.01318  0.00000 -0.18152
                                                   0.14976
                                                   0.00000 -0.01208
                                                   0.02331  0.00000 -0.13768

         409      405      0      0   Z-Only       0.00082
                                                   0.00000  0.00000 -0.18123
                                                   0.03430
                                                   0.00000  0.03430
                                                   0.00000  0.00000 -0.06860

 Additional Atomic Dipole Polarizability Parameters :

     Atom Type           Alpha       Thole     Group Atom Types

         401             2.064       0.390         403
         404             1.185       0.390         407
         403             2.064       0.390         401  402  406
         402             2.064       0.390         403  405  408
         405             2.064       0.390         402  409
         407             0.457       0.390         404
         406             0.432       0.390         403
         408             0.432       0.390         402
         409             0.432       0.390         405

 Additional van der Waals Parameters :

     Atom Class               Size        Epsilon        Reduction

         401                4.1200         0.1010          0.000
         402                3.8200         0.1010          0.000
         404                3.7100         0.1050          0.000
         407                2.7000         0.0200          0.910
         405                3.7800         0.1060          0.000
         403                3.8000         0.0890          0.000
         406                2.9800         0.0260          0.920
         408                2.9800         0.0260          0.920
         409                2.9800         0.0260          0.920

 Additional Solvation Parameters :

     Atom Type                PB Size     CS Size     GK Size

         406             2.5740      2.7580      2.9054
         408             2.5740      2.7580      2.9054
         409             2.5740      2.7580      2.9054
         407             2.9089      2.8360      3.5214
         403             3.8585      3.7660      3.8448
         401             3.6909      3.7660      4.4258
         402             3.8286      3.8930      4.5084
         405             3.8286      3.8930      4.5084
         404             3.4243      3.4910      4.2676

 Limited Memory BFGS Quasi-Newton Optimization :

 QN Iter     F Value      G RMS      F Move   X Move   Angle  FG Call  Comment

     0       45.9077    29.3502                                   1
     1       38.8477    35.0493      7.0601   0.0285    0.00      3    Success 
     2       32.4090    19.8211      6.4387   0.0213   49.77      4    Success 
     3       25.3213    12.0260      7.0877   0.0472   45.33      5    Success 
     4       21.8584    13.5761      3.4629   0.0374   45.15      6    Success 
     5       19.5166    16.3384      2.3418   0.0464   62.28      7    Success 
     6       17.6274    10.4717      1.8892   0.0213   64.98      8    Success 
     7       15.8030     7.0052      1.8244   0.0365   62.22      9    Success 
     8       14.9914     7.5267      0.8116   0.0325   68.59     10    Success 
     9       14.3490     4.7489      0.6423   0.0244   72.36     11    Success 
    10       13.7991     5.3743      0.5499   0.0227   64.96     12    Success 
    11       13.1165     6.8395      0.6827   0.0342   69.39     13    Success 
    12       12.4213     6.5399      0.6952   0.0331   71.73     14    Success 
    13       12.0085     6.7799      0.4128   0.0331   76.30     15    Success 
    14       11.7102     4.5101      0.2983   0.0114   58.19     16    Success 
    15       11.4995     3.2460      0.2108   0.0126   71.72     17    Success 
    16       11.3154     3.0818      0.1841   0.0159   70.57     18    Success 
    17       11.2190     2.8801      0.0964   0.0088   67.48     19    Success 
    18       11.1548     1.8306      0.0642   0.0051   63.10     20    Success 
    19       11.1066     1.5988      0.0482   0.0066   72.87     21    Success 
    20       11.0418     1.4325      0.0648   0.0119   72.62     22    Success 
    21       11.0226     2.6046      0.0192   0.0166   75.80     23    Success 
    22       10.9959     1.2013      0.0267   0.0016   56.74     24    Success 
    23       10.9816     0.8522      0.0143   0.0022   62.73     25    Success 
    24       10.9681     0.9568      0.0136   0.0036   69.81     26    Success 
    25       10.9515     1.5403      0.0165   0.0106   80.93     27    Success 
    26       10.9350     1.1134      0.0165   0.0088   81.70     28    Success 
    27       10.9214     0.7095      0.0136   0.0055   79.42     29    Success 
    28       10.9078     0.9358      0.0136   0.0087   78.20     30    Success 
    29       10.8960     1.2347      0.0118   0.0033   66.12     31    Success 
    30       10.8826     0.9597      0.0134   0.0102   84.20     32    Success 
    31       10.8712     0.6454      0.0114   0.0031   68.72     33    Success 
    32       10.8643     0.5503      0.0069   0.0029   71.42     34    Success 
    33       10.8556     0.6509      0.0087   0.0035   70.32     35    Success 
    34       10.8436     0.8695      0.0120   0.0054   73.01     36    Success 
    35       10.8272     0.7494      0.0164   0.0082   78.65     37    Success 
    36       10.8156     1.7866      0.0116   0.0148   79.94     38    Success 
    37       10.8052     1.4186      0.0104   0.0079   84.44     39    Success 
    38       10.7902     0.8975      0.0150   0.0028   72.08     40    Success 
    39       10.7714     0.8584      0.0188   0.0075   76.94     41    Success 
    40       10.7525     0.9642      0.0189   0.0149   82.23     42    Success 
    41       10.7463     0.8840      0.0062   0.0069   83.72     44    Success 
    42       10.7405     0.4082      0.0058   0.0045   82.46     45    Success 
    43       10.7382     0.3051      0.0023   0.0013   66.18     46    Success 
    44       10.7365     0.3754      0.0017   0.0009   51.55     47    Success 
    45       10.7347     0.2854      0.0018   0.0011   70.38     48    Success 
    46       10.7321     0.3157      0.0026   0.0019   67.11     49    Success 
    47       10.7287     0.5412      0.0034   0.0027   68.69     50    Success 
    48       10.7235     0.5553      0.0052   0.0042   79.94     51    Success 
    49       10.7158     0.8645      0.0077   0.0059   79.30     52    Success 
    50       10.7033     0.8987      0.0124   0.0087   83.07     53    Success 
    51       10.6836     1.3070      0.0197   0.0134   83.02     54    Success 
    52       10.6608     1.9657      0.0228   0.0213   85.21     55    Success 
    53       10.6317     1.5398      0.0291   0.0134   84.15     56    Success 
    54       10.6110     1.1548      0.0207   0.0125   82.74     57    Success 
    55       10.5907     0.9457      0.0203   0.0151   82.71     58    Success 
    56       10.5836     1.1176      0.0071   0.0114   85.93     60    Success 
    57       10.5721     1.0078      0.0115   0.0045   80.34     61    Success 
    58       10.5537     1.0055      0.0184   0.0104   82.56     62    Success 
    59       10.5268     1.1600      0.0269   0.0161   82.34     63    Success 
    60       10.4963     1.8657      0.0305   0.0278   84.36     64    Success 
    61       10.4913     2.0567      0.0051   0.0109   79.80     65    Success 
    62       10.4579     1.5546      0.0334   0.0186   85.54     67    Success 
    63       10.4450     2.5260      0.0128   0.0087   78.14     68    Success 
    64       10.4256     1.7107      0.0195   0.0030   78.51     69    Success 
    65       10.3978     1.4583      0.0278   0.0142   84.59     70    Success 
    66       10.3708     1.5286      0.0270   0.0069   71.10     71    Success 
    67       10.3316     1.7464      0.0392   0.0271   85.61     72    Success 
    68       10.3072     3.2394      0.0245   0.0269   85.11     73    Success 
    69       10.2757     2.0398      0.0314   0.0067   82.38     74    Success 
    70       10.2458     1.1832      0.0299   0.0070   80.95     75    Success 
    71       10.1970     1.0826      0.0488   0.0218   82.15     76    Success 
    72       10.1580     3.1714      0.0390   0.0380   81.97     77    Success 
    73       10.1102     1.1624      0.0478   0.0047   72.17     78    Success 
    74       10.0929     1.6104      0.0173   0.0126   82.60     79    Success 
    75       10.0785     1.1150      0.0145   0.0054   76.57     80    Success 
    76       10.0606     1.0950      0.0179   0.0135   83.71     81    Success 
    77       10.0393     1.0658      0.0213   0.0050   70.67     82    Success 
    78       10.0196     1.1998      0.0196   0.0061   73.30     83    Success 
    79        9.9997     1.4713      0.0200   0.0110   79.88     84    Success 
    80        9.9772     0.9565      0.0224   0.0043   75.05     85    Success 
    81        9.9480     1.4858      0.0293   0.0172   80.77     86    Success 
    82        9.9114     1.3109      0.0366   0.0116   78.45     87    Success 
    83        9.8719     1.8677      0.0395   0.0229   83.45     88    Success 
    84        9.8125     2.0149      0.0595   0.0159   81.02     89    Success 
    85        9.7285     2.6575      0.0839   0.0207   80.34     90    Success 
    86        9.6283     2.7316      0.1003   0.0138   74.37     91    Success 
    87        9.5719     3.1354      0.0563   0.0183   83.14     93    Success 
    88        9.5019     2.2521      0.0700   0.0068   71.86     94    Success 
    89        9.4306     1.7664      0.0713   0.0130   77.19     95    Success 
    90        9.3729     1.8471      0.0577   0.0092   69.48     96    Success 
    91        9.3212     1.2986      0.0516   0.0118   76.17     97    Success 
    92        9.2820     1.4152      0.0393   0.0070   69.09     98    Success 
    93        9.2437     1.6638      0.0383   0.0094   72.07     99    Success 
    94        9.2159     2.3489      0.0278   0.0104   77.90    100    Success 
    95        9.1994     2.0120      0.0165   0.0067   78.01    101    Success 
    96        9.1708     1.4344      0.0286   0.0047   78.01    102    Success 
    97        9.1297     1.1852      0.0411   0.0118   78.58    103    Success 
    98        9.1019     1.7012      0.0279   0.0102   77.72    104    Success 
    99        9.0690     1.8527      0.0329   0.0056   73.11    105    Success 
   100        9.0159     1.9351      0.0531   0.0118   79.77    106    Success 
   101        8.9340     2.4785      0.0819   0.0180   79.66    107    Success 
   102        8.8321     3.1433      0.1019   0.0260   81.40    108    Success 
   103        8.7731     4.0781      0.0590   0.0199   78.93    109    Success 
   104        8.6960     2.7258      0.0770   0.0172   84.31    110    Success 
   105        8.6427     2.1892      0.0533   0.0075   72.60    111    Success 
   106        8.6142     2.6843      0.0285   0.0155   80.57    112    Success 
   107        8.5670     1.8354      0.0472   0.0027   62.11    113    Success 
   108        8.4945     1.1321      0.0725   0.0069   64.15    114    Success 
   109        8.4263     1.2606      0.0682   0.0129   62.06    115    Success 
   110        8.4040     1.5970      0.0223   0.0082   75.42    117    Success 
   111        8.3763     1.2873      0.0276   0.0086   81.33    118    Success 
   112        8.3395     1.2096      0.0368   0.0105   76.06    119    Success 
   113        8.3233     2.1449      0.0162   0.0213   81.98    120    Success 
   114        8.3007     1.2194      0.0226   0.0041   77.55    121    Success 
   115        8.2853     0.7824      0.0154   0.0030   67.08    122    Success 
   116        8.2751     0.8824      0.0103   0.0033   71.38    123    Success 
   117        8.2587     1.1818      0.0164   0.0049   73.90    124    Success 
   118        8.2330     1.2091      0.0257   0.0081   78.35    125    Success 
   119        8.1998     1.5786      0.0332   0.0142   79.88    126    Success 
   120        8.1599     1.3370      0.0398   0.0142   81.33    127    Success 
   121        8.1141     1.3992      0.0458   0.0118   76.13    128    Success 
   122        8.0781     2.7592      0.0361   0.0265   81.65    129    Success 
   123        8.0286     1.8456      0.0494   0.0062   75.54    130    Success 
   124        7.9720     1.5093      0.0566   0.0140   78.10    131    Success 
   125        7.9268     1.2468      0.0452   0.0181   81.92    132    Success 
   126        7.8805     1.4641      0.0463   0.0163   77.72    133    Success 
   127        7.8457     2.0693      0.0348   0.0171   79.60    134    Success 
   128        7.8159     1.7456      0.0298   0.0067   73.48    135    Success 
   129        7.7913     1.9005      0.0247   0.0143   81.95    136    Success 
   130        7.7623     1.2316      0.0289   0.0048   73.19    137    Success 
   131        7.7352     1.0530      0.0272   0.0055   70.39    138    Success 
   132        7.7101     1.2426      0.0250   0.0108   76.83    139    Success 
   133        7.6942     1.1672      0.0159   0.0086   79.86    140    Success 
   134        7.6810     0.7734      0.0132   0.0027   70.89    141    Success 
   135        7.6638     0.7462      0.0172   0.0084   76.18    142    Success 
   136        7.6504     1.1175      0.0134   0.0058   70.52    143    Success 
   137        7.6382     0.7091      0.0122   0.0068   80.60    144    Success 
   138        7.6304     0.5670      0.0078   0.0037   75.04    145    Success 
   139        7.6231     0.5793      0.0073   0.0035   68.43    146    Success 
   140        7.6158     0.6379      0.0072   0.0036   72.58    147    Success 
   141        7.6062     0.6527      0.0096   0.0057   76.61    148    Success 
   142        7.5949     0.7437      0.0113   0.0070   77.98    149    Success 
   143        7.5795     0.8105      0.0154   0.0099   79.60    150    Success 
   144        7.5665     1.1860      0.0130   0.0162   82.29    151    Success 
   145        7.5537     0.8305      0.0128   0.0047   75.59    152    Success 
   146        7.5445     0.7444      0.0092   0.0034   72.63    153    Success 
   147        7.5332     0.6853      0.0112   0.0045   73.49    154    Success 
   148        7.5213     0.8576      0.0119   0.0099   79.24    155    Success 
   149        7.5108     0.6473      0.0106   0.0058   78.23    156    Success 
   150        7.5014     0.6346      0.0094   0.0052   77.58    157    Success 
   151        7.4873     0.6898      0.0141   0.0099   79.89    158    Success 
   152        7.4702     1.1589      0.0171   0.0141   80.19    159    Success 
   153        7.4531     0.8364      0.0171   0.0111   82.68    160    Success 
   154        7.4415     1.0373      0.0116   0.0135   83.11    161    Success 
   155        7.4292     1.0929      0.0124   0.0054   75.90    162    Success 
   156        7.4131     0.9283      0.0160   0.0097   82.47    163    Success 
   157        7.3915     0.8795      0.0217   0.0154   83.24    164    Success 
   158        7.3718     1.7493      0.0197   0.0202   81.77    165    Success 
   159        7.3508     1.1204      0.0210   0.0173   85.77    166    Success 
   160        7.3379     0.8848      0.0130   0.0035   75.12    167    Success 
   161        7.3198     1.1645      0.0181   0.0190   84.80    168    Success 
   162        7.2952     1.1329      0.0246   0.0169   83.78    169    Success 
   163        7.2619     1.3066      0.0333   0.0289   84.94    170    Success 
   164        7.2265     1.4679      0.0354   0.0173   80.04    171    Success 
   165        7.2066     1.4656      0.0199   0.0205   86.03    173    Success 
   166        7.1850     1.2170      0.0216   0.0051   71.75    174    Success 
   167        7.1659     1.1889      0.0190   0.0140   84.37    175    Success 
   168        7.1409     1.1770      0.0251   0.0133   82.53    176    Success 
   169        7.1084     1.7588      0.0324   0.0207   83.06    177    Success 
   170        7.0714     1.3875      0.0370   0.0148   81.57    178    Success 
   171        7.0538     1.9109      0.0176   0.0178   85.63    180    Success 
   172        7.0283     1.2473      0.0255   0.0045   76.10    181    Success 
   173        7.0069     1.0536      0.0214   0.0114   81.70    182    Success 
   174        6.9926     1.0662      0.0143   0.0111   82.39    183    Success 
   175        6.9777     0.8361      0.0149   0.0123   84.71    184    Success 
   176        6.9609     0.8369      0.0168   0.0140   81.95    185    Success 
   177        6.9503     1.4476      0.0105   0.0229   85.91    186    Success 
   178        6.9373     1.1456      0.0130   0.0057   81.33    187    Success 
   179        6.9178     0.7973      0.0195   0.0163   85.30    188    Success 
   180        6.8954     1.1803      0.0225   0.0319   84.81    189    Success 
   181        6.8832     1.6015      0.0122   0.0303   86.79    190    Success 
   182        6.8672     1.0622      0.0160   0.0049   79.54    191    Success 
   183        6.8432     0.9029      0.0240   0.0127   81.97    192    Success 
   184        6.8111     1.2702      0.0320   0.0328   84.69    193    Success 
   185        6.7805     1.4887      0.0306   0.0334   86.28    194    Success 
   186        6.7680     2.1760      0.0125   0.0298   85.34    195    Success 
   187        6.7486     1.3686      0.0194   0.0106   86.33    196    Success 
   188        6.7347     1.4744      0.0139   0.0026   49.28    197    Success 
   189        6.7215     1.3809      0.0133   0.0313   87.97    198    Success 
   190        6.7044     0.8918      0.0170   0.0054   80.95    199    Success 
   191        6.6766     0.6372      0.0279   0.0191   83.23    200    Success 
   192        6.6406     1.2061      0.0359   0.0473   83.75    201    Success 
   193        6.6311     2.3109      0.0095   0.0316   83.64    202    Success 
   194        6.6149     1.6305      0.0162   0.0069   85.99    203    Success 
   195        6.5939     0.6183      0.0210   0.0158   85.75    204    Success 
   196        6.5864     0.6455      0.0075   0.0133   85.43    205    Success 
   197        6.5817     1.3898      0.0047   0.0036   67.42    206    Success 
   198        6.5739     0.9999      0.0078   0.0091   87.46    207    Success 
   199        6.5639     0.5149      0.0100   0.0138   86.19    208    Success 
   200        6.5589     0.5276      0.0050   0.0047   80.26    209    Success 
   201        6.5525     0.6630      0.0064   0.0066   81.45    210    Success 
   202        6.5433     0.8620      0.0092   0.0113   84.24    211    Success 
   203        6.5309     0.9853      0.0124   0.0146   85.05    212    Success 
   204        6.5143     0.9740      0.0166   0.0155   84.50    213    Success 
   205        6.4948     0.9909      0.0195   0.0137   82.61    214    Success 
   206        6.4817     1.2629      0.0131   0.0189   83.66    215    Success 
   207        6.4714     0.6048      0.0103   0.0083   83.68    216    Success 
   208        6.4676     0.5907      0.0038   0.0086   85.26    217    Success 
   209        6.4633     0.4286      0.0043   0.0031   78.72    218    Success 
   210        6.4574     0.5540      0.0059   0.0053   77.29    219    Success 
   211        6.4513     0.6823      0.0061   0.0085   81.49    220    Success 
   212        6.4466     0.5144      0.0047   0.0064   83.48    221    Success 
   213        6.4433     0.4136      0.0033   0.0016   71.04    222    Success 
   214        6.4392     0.5074      0.0041   0.0028   73.56    223    Success 
   215        6.4329     0.6722      0.0063   0.0048   78.45    224    Success 
   216        6.4249     0.8601      0.0080   0.0075   81.57    225    Success 
   217        6.4140     0.7140      0.0109   0.0104   83.95    226    Success 
   218        6.4017     0.7131      0.0122   0.0115   82.82    227    Success 
   219        6.3883     1.0146      0.0134   0.0162   82.82    228    Success 
   220        6.3763     0.9452      0.0120   0.0127   85.22    229    Success 
   221        6.3653     1.2179      0.0110   0.0100   81.45    230    Success 
   222        6.3527     0.7785      0.0125   0.0141   86.36    231    Success 
   223        6.3370     0.8916      0.0157   0.0163   83.86    232    Success 
   224        6.3140     1.0513      0.0231   0.0185   83.57    233    Success 
   225        6.2892     1.4162      0.0248   0.0307   85.18    234    Success 
   226        6.2768     1.2307      0.0123   0.0222   85.73    235    Success 
   227        6.2684     0.4645      0.0085   0.0087   85.07    236    Success 
   228        6.2654     0.4736      0.0030   0.0049   82.64    237    Success 
   229        6.2609     0.5186      0.0044   0.0043   80.36    238    Success 
   230        6.2550     0.5675      0.0059   0.0084   83.06    239    Success 
   231        6.2480     0.5310      0.0069   0.0108   83.50    240    Success 
   232        6.2430     0.5305      0.0050   0.0069   83.39    241    Success 
   233        6.2360     0.4433      0.0070   0.0098   83.45    242    Success 
   234        6.2283     0.6731      0.0077   0.0115   81.36    243    Success 
   235        6.2224     0.7424      0.0059   0.0095   82.23    244    Success 
   236        6.2174     0.4409      0.0050   0.0060   83.94    245    Success 
   237        6.2144     0.5598      0.0030   0.0052   80.10    246    Success 
   238        6.2126     0.3735      0.0018   0.0062   85.30    247    Success 
   239        6.2107     0.2299      0.0018   0.0035   83.43    248    Success 
   240        6.2091     0.2732      0.0016   0.0048   81.91    249    Success 
   241        6.2077     0.3235      0.0015   0.0040   83.18    250    Success 
   242        6.2054     0.3413      0.0022   0.0020   74.97    251    Success 
   243        6.2022     0.4252      0.0033   0.0033   76.68    252    Success 
   244        6.1974     0.4844      0.0047   0.0046   78.71    253    Success 
   245        6.1926     0.9097      0.0048   0.0089   82.52    254    Success 
   246        6.1854     0.5824      0.0072   0.0084   85.77    255    Success 
   247        6.1774     0.6409      0.0080   0.0127   83.83    256    Success 
   248        6.1731     0.8399      0.0043   0.0097   84.16    257    Success 
   249        6.1687     0.7329      0.0044   0.0080   86.25    258    Success 
   250        6.1638     0.5320      0.0049   0.0055   84.11    259    Success 
   251        6.1583     0.4870      0.0055   0.0075   82.89    260    Success 
   252        6.1541     0.4519      0.0041   0.0087   84.59    261    Success 
   253        6.1502     0.5576      0.0040   0.0152   86.48    262    Success 
   254        6.1461     0.4560      0.0040   0.0088   85.56    263    Success 
   255        6.1431     0.8514      0.0030   0.0169   86.47    264    Success 
   256        6.1390     0.5241      0.0041   0.0015   74.02    265    Success 
   257        6.1350     0.3565      0.0040   0.0049   82.92    266    Success 
   258        6.1300     0.5073      0.0050   0.0120   83.66    267    Success 
   259        6.1276     0.8336      0.0024   0.0168   86.64    268    Success 
   260        6.1254     0.3302      0.0022   0.0057   86.63    269    Success 
   261        6.1243     0.3800      0.0011   0.0048   84.78    270    Success 
   262        6.1235     0.2717      0.0008   0.0017   84.70    271    Success 
   263        6.1222     0.2490      0.0013   0.0034   83.80    272    Success 
   264        6.1203     0.3427      0.0019   0.0048   82.70    273    Success 
   265        6.1185     0.5555      0.0018   0.0086   85.71    274    Success 
   266        6.1162     0.3523      0.0023   0.0029   83.17    275    Success 
   267        6.1142     0.4226      0.0020   0.0092   86.24    276    Success 
   268        6.1134     0.3900      0.0007   0.0018   75.87    277    Success 
   269        6.1124     0.2415      0.0010   0.0042   86.94    278    Success 
   270        6.1114     0.3144      0.0010   0.0045   85.17    279    Success 
   271        6.1102     0.3437      0.0012   0.0027   84.18    280    Success 
   272        6.1086     0.3587      0.0016   0.0033   83.06    281    Success 
   273        6.1067     0.4354      0.0019   0.0065   85.27    282    Success 
   274        6.1052     0.2548      0.0015   0.0030   83.38    283    Success 
   275        6.1042     0.4459      0.0010   0.0088   86.06    284    Success 
   276        6.1033     0.2880      0.0009   0.0018   81.11    285    Success 
   277        6.1027     0.1898      0.0006   0.0017   85.02    286    Success 
   278        6.1019     0.1910      0.0008   0.0044   85.36    287    Success 
   279        6.1012     0.1931      0.0007   0.0036   84.80    288    Success 
   280        6.1007     0.2522      0.0005   0.0042   85.86    289    Success 
   281        6.1003     0.1202      0.0004   0.0012   79.98    290    Success 
   282        6.1001     0.1110      0.0002   0.0006   78.50    291    Success 
   283        6.0998     0.0925      0.0003   0.0008   74.75    292   SmallGrad

 LBFGS  --  Normal Termination due to SmallGrad

 Final Function Value :            6.09978228
 Final RMS Gradient :              0.09246731
 Final Gradient Norm :             0.38125250
