
     ######################################################################
   ##########################################################################
  ###                                                                      ###
 ###            Tinker  ---  Software Tools for Molecular Design            ###
 ##                                                                          ##
 ##                      Version 8.9.4   September 2021                      ##
 ##                                                                          ##
 ##               Copyright (c)  Jay William Ponder  1990-2021               ##
 ###                           All Rights Reserved                          ###
  ###                                                                      ###
   ##########################################################################
     ######################################################################


 Additional Atom Definition Parameters :

     Type  Class  Symbol  Description               Atomic    Mass   Valence

      401   401     C     16_Index_0                   6     12.011     3
      404   404     N     16_Index_0                   7     14.007     3
      403   403     C     16_Index_0                   6     12.011     3
      402   402     C     16_Index_0                   6     12.011     3
      405   405     C     16_Index_0                   6     12.011     3
      407   407     H     16_Index_0                   1      1.008     1
      406   406     H     16_Index_0                   1      1.008     1
      408   408     H     16_Index_0                   1      1.008     1
      409   409     H     16_Index_0                   1      1.008     1

 Additional Bond Stretching Parameters :

     Atom Classes             K(S)         Length

       403 401             379.094         1.4000
       404 401             299.899         1.4000
       407 404             472.882         1.0100
       402 403             379.094         1.3900
       406 403             368.093         1.0900
       405 402             379.094         1.3900
       408 402             368.093         1.0900
       409 405             368.093         1.0900

 Additional Angle Bending Parameters :

     Atom Classes             K(B)          Angle

     402 403 401            74.631        120.460
     406 403 401            36.770        119.470
     407 404 401            42.780        113.180
     403 401 404            76.869        120.510
     403 401 403            74.631        120.580
     405 402 403            74.631        120.570
     408 402 403            36.770        119.310
     406 403 402            36.770        120.070
     402 405 402            74.631        119.120
     409 405 402            36.770        120.440
     408 402 405            36.770        120.110
     407 404 407            52.593        109.800

 Additional Stretch-Bend Parameters :

     Atom Classes          K(SB)-1        K(SB)-2

     402 403 401            20.453         20.453
     406 403 401            20.453         20.453
     407 404 401            32.661         32.661
     403 401 404            20.453         20.453
     403 401 403            20.453         20.453
     405 402 403            20.453         20.453
     408 402 403            20.453         20.453
     406 403 402            20.453         20.453
     402 405 402            20.453         20.453
     409 405 402            20.453         20.453
     408 402 405            20.453         20.453
     407 404 407            32.661         32.661

 Additional Out-of-Plane Bend Parameters :

     Atom Classes                   K(OPB)

     403 401   0   0                84.886
     401 403   0   0                84.886
     404 401   0   0                50.236
     404 407   0   0                 9.114
     402 403   0   0                84.886
     403 402   0   0                84.886
     406 403   0   0                72.814
     405 402   0   0                84.886
     402 405   0   0                84.886
     408 402   0   0                72.814
     409 405   0   0                72.814

 Additional Torsional Parameters :

     Atom Classes     1-Fold    2-Fold    3-Fold    4-Fold    5-Fold    6-Fold

   405 402 403 401   0.00   0  0.00 180  0.30   0  0.00   0  0.00   0  0.00   0
   408 402 403 401   0.00   0  0.00 180  0.30   0  0.00   0  0.00   0  0.00   0
   402 403 401 404   0.00   0  0.00 180  0.30   0  0.00   0  0.00   0  0.00   0
   406 403 401 404   0.00   0  0.00 180  0.30   0  0.00   0  0.00   0  0.00   0
   402 403 401 403   0.00   0  0.00 180  0.30   0  0.00   0  0.00   0  0.00   0
   406 403 401 403   0.00   0  0.00 180  0.30   0  0.00   0  0.00   0  0.00   0
   407 404 401 403   0.00   0  0.00 180  0.30   0  0.00   0  0.00   0  0.00   0
   402 405 402 403   0.00   0  0.00 180  0.30   0  0.00   0  0.00   0  0.00   0
   409 405 402 403   0.00   0  0.00 180  0.30   0  0.00   0  0.00   0  0.00   0
   406 403 402 405   0.00   0  0.00 180  0.30   0  0.00   0  0.00   0  0.00   0
   408 402 403 406   0.00   0  0.00 180  0.30   0  0.00   0  0.00   0  0.00   0
   409 405 402 408   0.00   0  0.00 180  0.30   0  0.00   0  0.00   0  0.00   0
   408 402 405 402   0.55   0 11.38 180 -0.55   0  0.00   0  0.00   0  0.00   0

 Additional Atomic Multipole Parameters :

     Atom Type     Coordinate Frame Definition         Multipole Moments

         401      403    403      0   Bisector     0.17959
                                                   0.00000  0.00000  0.19215
                                                  -0.06718
                                                   0.00000  0.20155
                                                   0.00000  0.00000 -0.13437

         404      407    407      0   Bisector    -0.31835
                                                   0.00000  0.00000  0.28917
                                                   0.58066
                                                   0.00000 -0.81508
                                                   0.00000  0.00000  0.23442

         403      406    402      0   Z-then-X    -0.05006
                                                   0.11458  0.00000  0.13840
                                                   0.04814
                                                   0.00000 -0.19558
                                                  -0.01792  0.00000  0.14744

         402      408    405      0   Z-then-X     0.05042
                                                   0.00457  0.00000 -0.09216
                                                  -0.15366
                                                   0.00000 -0.35533
                                                   0.03265  0.00000  0.50899

         405      402    402      0   Bisector    -0.05890
                                                   0.00000  0.00000 -0.13056
                                                   0.28936
                                                   0.00000 -0.22222
                                                   0.00000  0.00000 -0.06714

         407      404    407      0   Z-then-X     0.10138
                                                  -0.01612  0.00000 -0.17709
                                                  -0.00392
                                                   0.00000  0.07565
                                                   0.06919  0.00000 -0.07173

         406      403    402      0   Z-then-X    -0.00445
                                                   0.01170  0.00000 -0.19666
                                                   0.02080
                                                   0.00000  0.07184
                                                   0.02873  0.00000 -0.09264

         408      402    405      0   Z-then-X     0.00113
                                                   0.01318  0.00000 -0.18152
                                                   0.14976
                                                   0.00000 -0.01208
                                                   0.02331  0.00000 -0.13768

         409      405      0      0   Z-Only       0.00082
                                                   0.00000  0.00000 -0.18123
                                                   0.03430
                                                   0.00000  0.03430
                                                   0.00000  0.00000 -0.06860

 Additional Atomic Dipole Polarizability Parameters :

     Atom Type           Alpha       Thole     Group Atom Types

         401             2.064       0.390         403
         404             1.185       0.390         407
         403             2.064       0.390         401  402  406
         402             2.064       0.390         403  405  408
         405             2.064       0.390         402  409
         407             0.457       0.390         404
         406             0.432       0.390         403
         408             0.432       0.390         402
         409             0.432       0.390         405

 Additional van der Waals Parameters :

     Atom Class               Size        Epsilon        Reduction

         401                4.1200         0.1010          0.000
         402                3.8200         0.1010          0.000
         404                3.7100         0.1050          0.000
         407                2.7000         0.0200          0.910
         405                3.7800         0.1060          0.000
         403                3.8000         0.0890          0.000
         406                2.9800         0.0260          0.920
         408                2.9800         0.0260          0.920
         409                2.9800         0.0260          0.920

 Additional Solvation Parameters :

     Atom Type                PB Size     CS Size     GK Size

         406             2.5740      2.7580      2.9054
         408             2.5740      2.7580      2.9054
         409             2.5740      2.7580      2.9054
         407             2.9089      2.8360      3.5214
         403             3.8585      3.7660      3.8448
         401             3.6909      3.7660      4.4258
         402             3.8286      3.8930      4.5084
         405             3.8286      3.8930      4.5084
         404             3.4243      3.4910      4.2676

 Limited Memory BFGS Quasi-Newton Optimization :

 QN Iter     F Value      G RMS      F Move   X Move   Angle  FG Call  Comment

     0      114.2175    87.7877                                   1
     1       82.9426    70.7382     31.2749   0.0427    0.00      3    Success 
     2       63.8359    36.0363     19.1067   0.0265   38.74      4    Success 
     3       44.6139    22.7075     19.2220   0.0540   30.98      5    Success 
     4       33.0746    19.5506     11.5393   0.0555   34.43      6    Success 
     5       27.6883    28.7768      5.3863   0.0610   55.39      7    Success 
     6       24.2742    20.5155      3.4141   0.0365   69.56      8    Success 
     7       21.9219    13.5784      2.3524   0.0196   65.33      9    Success 
     8       19.4097    12.1966      2.5122   0.0459   63.67     10    Success 
     9       18.3757     9.4204      1.0340   0.0257   75.42     11    Success 
    10       16.9486     7.4153      1.4271   0.0494   74.86     12    Success 
    11       15.6014     8.3515      1.3472   0.0481   72.62     13    Success 
    12       15.1303    16.8925      0.4711   0.0752   75.39     14    Success 
    13       14.3285    12.4047      0.8019   0.0075   64.01     15    Success 
    14       13.2651     4.7686      1.0633   0.0106   44.39     16    Success 
    15       12.8977     4.0947      0.3674   0.0127   51.50     17    Success 
    16       12.6816     3.9903      0.2162   0.0116   64.42     18    Success 
    17       12.4849     2.4689      0.1967   0.0087   61.13     19    Success 
    18       12.3882     3.0347      0.0967   0.0086   49.07     20    Success 
    19       12.3352     1.7579      0.0530   0.0056   68.88     21    Success 
    20       12.3140     1.1758      0.0212   0.0012   44.77     22    Success 
    21       12.2824     1.0092      0.0317   0.0041   59.02     23    Success 
    22       12.2460     1.3325      0.0364   0.0071   65.56     24    Success 
    23       12.2196     2.0099      0.0264   0.0108   75.14     25    Success 
    24       12.1941     0.8239      0.0255   0.0070   78.29     26    Success 
    25       12.1845     0.6760      0.0097   0.0010   33.09     27    Success 
    26       12.1689     0.8655      0.0156   0.0031   56.57     28    Success 
    27       12.1446     1.2792      0.0242   0.0063   70.35     29    Success 
    28       12.1124     1.9152      0.0322   0.0121   79.36     30    Success 
    29       12.0701     2.2550      0.0423   0.0176   83.55     31    Success 
    30       12.0151     2.1685      0.0550   0.0173   82.70     32    Success 
    31       11.9465     1.7115      0.0686   0.0244   82.96     33    Success 
    32       11.9149     2.0979      0.0315   0.0095   69.65     34    Success 
    33       11.8857     1.4845      0.0293   0.0227   85.53     35    Success 
    34       11.8676     0.9477      0.0181   0.0021   63.11     36    Success 
    35       11.8412     0.7733      0.0264   0.0082   74.13     37    Success 
    36       11.8182     1.7722      0.0230   0.0158   76.38     38    Success 
    37       11.7984     1.1720      0.0198   0.0059   75.50     39    Success 
    38       11.7894     1.4410      0.0091   0.0112   84.15     40    Success 
    39       11.7756     0.9529      0.0138   0.0021   69.55     41    Success 
    40       11.7543     0.9150      0.0213   0.0051   70.63     42    Success 
    41       11.7209     1.3748      0.0334   0.0110   75.61     43    Success 
    42       11.6803     2.0217      0.0407   0.0191   81.39     44    Success 
    43       11.6322     1.5922      0.0480   0.0166   81.79     45    Success 
    44       11.6083     1.8520      0.0240   0.0141   83.61     47    Success 
    45       11.5711     1.3485      0.0372   0.0069   77.32     48    Success 
    46       11.5257     1.6479      0.0454   0.0159   78.24     49    Success 
    47       11.4907     1.7214      0.0350   0.0093   76.88     50    Success 
    48       11.4490     1.9130      0.0418   0.0154   83.11     51    Success 
    49       11.3885     1.5593      0.0605   0.0150   80.12     52    Success 
    50       11.3545     4.0963      0.0339   0.0333   82.13     53    Success 
    51       11.3030     2.6604      0.0516   0.0035   73.60     54    Success 
    52       11.2463     1.3109      0.0567   0.0103   79.31     55    Success 
    53       11.2143     0.9047      0.0320   0.0122   80.89     56    Success 
    54       11.1845     1.5773      0.0298   0.0180   77.54     57    Success 
    55       11.1693     1.6020      0.0152   0.0100   81.86     58    Success 
    56       11.1567     0.9170      0.0126   0.0058   83.37     59    Success 
    57       11.1421     1.1038      0.0145   0.0047   70.96     60    Success 
    58       11.1302     0.9506      0.0120   0.0047   78.80     61    Success 
    59       11.1114     1.2109      0.0188   0.0089   80.42     62    Success 
    60       11.0827     1.7012      0.0287   0.0129   81.88     63    Success 
    61       11.0407     2.0866      0.0420   0.0159   82.85     64    Success 
    62       10.9803     2.3953      0.0605   0.0201   83.23     65    Success 
    63       10.9189     2.7979      0.0614   0.0214   82.01     66    Success 
    64       10.8772     3.5518      0.0417   0.0210   85.94     68    Success 
    65       10.8182     2.3626      0.0591   0.0098   81.88     69    Success 
    66       10.7501     2.3986      0.0681   0.0221   84.06     70    Success 
    67       10.6520     2.1570      0.0981   0.0292   83.44     71    Success 
    68       10.6057     3.1373      0.0462   0.0260   85.12     73    Success 
    69       10.5443     2.2009      0.0615   0.0148   83.28     74    Success 
    70       10.4755     2.4324      0.0688   0.0330   84.50     75    Success 
    71       10.4215     2.3114      0.0539   0.0135   76.22     76    Success 
    72       10.3696     2.2896      0.0519   0.0267   85.44     77    Success 
    73       10.3081     2.5696      0.0615   0.0140   79.04     78    Success 
    74       10.2412     1.9888      0.0669   0.0124   80.31     79    Success 
    75       10.1718     2.3495      0.0694   0.0258   83.14     80    Success 
    76       10.1256     2.4217      0.0462   0.0204   80.19     81    Success 
    77       10.1007     2.6807      0.0249   0.0172   86.37     83    Success 
    78       10.0633     1.7114      0.0374   0.0069   80.89     84    Success 
    79       10.0205     1.2907      0.0429   0.0104   78.24     85    Success 
    80        9.9808     1.4218      0.0397   0.0160   81.19     86    Success 
    81        9.9336     2.0226      0.0473   0.0138   76.21     87    Success 
    82        9.8636     1.4936      0.0700   0.0190   81.67     88    Success 
    83        9.7759     2.2553      0.0876   0.0306   79.64     89    Success 
    84        9.7442     3.6783      0.0317   0.0249   79.41     90    Success 
    85        9.6913     3.0775      0.0529   0.0111   84.73     91    Success 
    86        9.6147     2.1112      0.0766   0.0149   82.21     92    Success 
    87        9.5612     1.4618      0.0535   0.0057   62.17     93    Success 
    88        9.5370     1.5480      0.0242   0.0116   83.52     94    Success 
    89        9.5045     1.4326      0.0325   0.0092   78.43     95    Success 
    90        9.4771     1.1675      0.0274   0.0163   80.67     96    Success 
    91        9.4654     0.6323      0.0117   0.0024   68.05     97    Success 
    92        9.4566     0.7078      0.0087   0.0021   58.92     98    Success 
    93        9.4436     0.8136      0.0131   0.0060   76.02     99    Success 
    94        9.4287     1.2437      0.0149   0.0085   77.23    100    Success 
    95        9.4110     0.8965      0.0177   0.0088   81.66    101    Success 
    96        9.3915     1.0146      0.0195   0.0112   80.92    102    Success 
    97        9.3658     1.4413      0.0257   0.0092   75.68    103    Success 
    98        9.3360     1.6270      0.0298   0.0168   82.92    104    Success 
    99        9.3053     2.0478      0.0308   0.0110   78.73    105    Success 
   100        9.2654     1.9282      0.0399   0.0170   84.03    106    Success 
   101        9.2156     1.5545      0.0499   0.0111   77.36    107    Success 
   102        9.1847     2.1163      0.0308   0.0167   81.73    108    Success 
   103        9.1494     1.2565      0.0353   0.0060   73.31    109    Success 
   104        9.1220     1.2132      0.0274   0.0069   76.03    110    Success 
   105        9.0848     1.1182      0.0372   0.0088   72.42    111    Success 
   106        9.0520     2.0343      0.0328   0.0145   77.18    112    Success 
   107        9.0157     1.2983      0.0363   0.0072   76.51    113    Success 
   108        8.9807     1.4450      0.0350   0.0111   76.68    114    Success 
   109        8.9569     1.1220      0.0238   0.0070   75.32    115    Success 
   110        8.9410     1.3006      0.0159   0.0078   79.76    116    Success 
   111        8.9214     0.9216      0.0196   0.0051   74.67    117    Success 
   112        8.9035     1.1853      0.0178   0.0115   79.35    118    Success 
   113        8.8852     0.8319      0.0184   0.0060   76.74    119    Success 
   114        8.8676     0.8441      0.0175   0.0120   81.46    120    Success 
   115        8.8521     1.3162      0.0155   0.0132   79.36    121    Success 
   116        8.8361     0.9853      0.0160   0.0104   83.91    122    Success 
   117        8.8208     0.9794      0.0152   0.0044   72.35    123    Success 
   118        8.8107     1.2511      0.0102   0.0163   83.54    124    Success 
   119        8.7975     0.6462      0.0131   0.0044   77.52    125    Success 
   120        8.7887     0.5564      0.0089   0.0033   71.37    126    Success 
   121        8.7779     0.6684      0.0107   0.0065   74.43    127    Success 
   122        8.7739     0.7772      0.0041   0.0044   80.69    129    Success 
   123        8.7691     0.4621      0.0048   0.0047   83.69    130    Success 
   124        8.7646     0.3309      0.0045   0.0028   73.95    131    Success 
   125        8.7601     0.4438      0.0045   0.0036   69.73    132    Success 
   126        8.7572     0.6825      0.0029   0.0037   73.60    133    Success 
   127        8.7536     0.3829      0.0035   0.0016   75.30    134    Success 
   128        8.7495     0.3993      0.0042   0.0027   69.47    135    Success 
   129        8.7457     0.4634      0.0037   0.0030   75.70    136    Success 
   130        8.7448     0.9947      0.0009   0.0042   76.97    137    Success 
   131        8.7431     0.7778      0.0017   0.0004   72.56    138    Success 
   132        8.7405     0.3834      0.0026   0.0009   72.85    139    Success 
   133        8.7389     0.2325      0.0016   0.0018   77.34    140    Success 
   134        8.7384     0.2618      0.0006   0.0008   77.71    141    Success 
   135        8.7374     0.2674      0.0010   0.0012   78.00    142    Success 
   136        8.7360     0.3821      0.0014   0.0015   73.29    143    Success 
   137        8.7339     0.3144      0.0021   0.0030   82.00    144    Success 
   138        8.7307     0.3647      0.0032   0.0038   77.83    145    Success 
   139        8.7269     0.4355      0.0038   0.0059   80.00    146    Success 
   140        8.7218     0.3619      0.0050   0.0062   81.45    147    Success 
   141        8.7165     0.6202      0.0054   0.0085   79.04    148    Success 
   142        8.7142     0.6854      0.0023   0.0063   81.95    149    Success 
   143        8.7115     0.2551      0.0027   0.0028   82.67    150    Success 
   144        8.7101     0.2114      0.0014   0.0010   62.56    151    Success 
   145        8.7086     0.2910      0.0015   0.0015   64.92    152    Success 
   146        8.7074     0.4515      0.0012   0.0039   82.03    153    Success 
   147        8.7059     0.2719      0.0015   0.0018   81.07    154    Success 
   148        8.7044     0.2672      0.0015   0.0026   80.26    155    Success 
   149        8.7026     0.3859      0.0018   0.0033   81.14    156    Success 
   150        8.6999     0.5142      0.0027   0.0044   82.97    157    Success 
   151        8.6959     0.5611      0.0041   0.0059   84.02    158    Success 
   152        8.6902     0.5397      0.0057   0.0088   84.41    159    Success 
   153        8.6873     0.9383      0.0029   0.0095   82.53    160    Success 
   154        8.6831     0.4069      0.0042   0.0014   74.87    161    Success 
   155        8.6806     0.2517      0.0025   0.0019   71.98    162    Success 
   156        8.6794     0.2926      0.0011   0.0015   74.95    163    Success 
   157        8.6781     0.3004      0.0014   0.0025   79.35    164    Success 
   158        8.6765     0.3473      0.0016   0.0031   80.15    165    Success 
   159        8.6746     0.3357      0.0019   0.0041   83.95    166    Success 
   160        8.6721     0.3627      0.0025   0.0050   82.46    167    Success 
   161        8.6698     0.5983      0.0023   0.0066   83.54    168    Success 
   162        8.6668     0.3628      0.0030   0.0050   85.52    169    Success 
   163        8.6641     0.3299      0.0028   0.0042   78.22    170    Success 
   164        8.6632     0.2893      0.0008   0.0047   86.60    172    Success 
   165        8.6625     0.2489      0.0007   0.0007   68.59    173    Success 
   166        8.6620     0.1523      0.0005   0.0011   81.07    174    Success 
   167        8.6614     0.1475      0.0006   0.0011   72.92    175    Success 
   168        8.6608     0.2095      0.0006   0.0017   78.07    176    Success 
   169        8.6601     0.2176      0.0008   0.0016   78.51    177    Success 
   170        8.6589     0.2319      0.0011   0.0028   81.49    178    Success 
   171        8.6576     0.2973      0.0013   0.0030   79.00    179    Success 
   172        8.6562     0.2490      0.0014   0.0031   82.02    180    Success 
   173        8.6550     0.2388      0.0012   0.0021   79.05    181    Success 
   174        8.6542     0.3412      0.0008   0.0029   78.52    182    Success 
   175        8.6533     0.1665      0.0009   0.0007   72.38    183    Success 
   176        8.6527     0.2452      0.0006   0.0021   79.43    184    Success 
   177        8.6520     0.2770      0.0007   0.0019   80.94    185    Success 
   178        8.6512     0.2056      0.0008   0.0023   84.63    186    Success 
   179        8.6501     0.2076      0.0011   0.0037   82.63    187    Success 
   180        8.6489     0.3113      0.0012   0.0043   82.57    188    Success 
   181        8.6474     0.3364      0.0014   0.0030   83.69    189    Success 
   182        8.6451     0.3671      0.0023   0.0044   83.57    190    Success 
   183        8.6418     0.3875      0.0033   0.0069   83.74    191    Success 
   184        8.6385     0.4379      0.0033   0.0102   84.34    192    Success 
   185        8.6362     0.3667      0.0023   0.0057   84.97    193    Success 
   186        8.6337     0.3964      0.0025   0.0064   85.55    194    Success 
   187        8.6301     0.5037      0.0036   0.0098   85.63    195    Success 
   188        8.6264     0.6863      0.0037   0.0171   87.18    196    Success 
   189        8.6251     0.7022      0.0014   0.0050   82.77    197    Success 
   190        8.6227     0.4642      0.0023   0.0039   86.63    198    Success 
   191        8.6195     0.4381      0.0032   0.0103   86.71    199    Success 
   192        8.6171     0.4847      0.0025   0.0044   83.64    200    Success 
   193        8.6142     0.5378      0.0029   0.0082   86.67    201    Success 
   194        8.6109     0.7399      0.0032   0.0105   86.54    202    Success 
   195        8.6074     0.4383      0.0036   0.0046   83.56    203    Success 
   196        8.6054     0.7863      0.0020   0.0217   87.46    204    Success 
   197        8.6025     0.4452      0.0029   0.0046   86.31    205    Success 
   198        8.5986     0.2681      0.0039   0.0041   79.98    206    Success 
   199        8.5939     0.3571      0.0046   0.0100   81.76    207    Success 
   200        8.5909     0.8951      0.0030   0.0191   85.42    208    Success 
   201        8.5867     0.4860      0.0042   0.0022   79.78    209    Success 
   202        8.5828     0.8192      0.0039   0.0134   85.85    210    Success 
   203        8.5777     0.7085      0.0051   0.0044   82.65    211    Success 
   204        8.5709     0.6786      0.0068   0.0187   87.48    212    Success 
   205        8.5630     0.6960      0.0079   0.0148   85.45    213    Success 
   206        8.5578     0.5515      0.0052   0.0064   83.89    214    Success 
   207        8.5544     0.8009      0.0034   0.0155   86.95    215    Success 
   208        8.5519     0.4996      0.0025   0.0037   82.16    216    Success 
   209        8.5489     0.3891      0.0029   0.0032   82.02    217    Success 
   210        8.5444     0.5472      0.0046   0.0088   84.21    218    Success 
   211        8.5380     0.7549      0.0064   0.0132   85.75    219    Success 
   212        8.5311     0.9222      0.0069   0.0128   85.88    220    Success 
   213        8.5228     0.5928      0.0083   0.0116   85.67    221    Success 
   214        8.5164     0.5981      0.0065   0.0129   85.80    222    Success 
   215        8.5114     0.8507      0.0050   0.0060   77.74    223    Success 
   216        8.5060     0.6663      0.0053   0.0171   87.69    224    Success 
   217        8.5016     0.4020      0.0045   0.0016   69.57    225    Success 
   218        8.4978     0.3761      0.0038   0.0049   79.83    226    Success 
   219        8.4946     0.4532      0.0032   0.0066   83.86    227    Success 
   220        8.4912     0.5546      0.0034   0.0115   85.91    228    Success 
   221        8.4884     0.3191      0.0028   0.0026   77.01    229    Success 
   222        8.4856     0.4538      0.0028   0.0102   85.40    230    Success 
   223        8.4826     0.3997      0.0030   0.0053   84.33    231    Success 
   224        8.4794     0.6204      0.0032   0.0117   85.73    232    Success 
   225        8.4753     0.3540      0.0041   0.0085   85.90    233    Success 
   226        8.4718     0.3675      0.0035   0.0114   86.11    234    Success 
   227        8.4694     0.6264      0.0024   0.0140   85.48    235    Success 
   228        8.4674     0.2568      0.0021   0.0032   82.40    236    Success 
   229        8.4669     0.3237      0.0005   0.0044   87.17    238    Success 
   230        8.4661     0.2646      0.0008   0.0008   76.84    239    Success 
   231        8.4648     0.2121      0.0012   0.0025   82.04    240    Success 
   232        8.4634     0.3258      0.0015   0.0069   84.23    241    Success 
   233        8.4622     0.3553      0.0011   0.0098   87.22    242    Success 
   234        8.4612     0.2202      0.0010   0.0020   83.97    243    Success 
   235        8.4597     0.2358      0.0015   0.0083   86.22    244    Success 
   236        8.4582     0.2689      0.0016   0.0091   86.42    245    Success 
   237        8.4567     0.5003      0.0015   0.0157   87.47    246    Success 
   238        8.4547     0.2274      0.0020   0.0059   86.64    247    Success 
   239        8.4536     0.1699      0.0011   0.0095   87.29    248    Success 
   240        8.4534     0.1286      0.0002   0.0005   68.09    250    Success 
   241        8.4531     0.1198      0.0002   0.0058   88.07    251    Success 
   242        8.4530     0.1181      0.0001   0.0010   82.60    252    Success 
   243        8.4529     0.0772      0.0001   0.0001   57.80    253   SmallGrad

 LBFGS  --  Normal Termination due to SmallGrad

 Final Function Value :            8.45292589
 Final RMS Gradient :              0.07723780
 Final Gradient Norm :             0.31845962
