
     ######################################################################
   ##########################################################################
  ###                                                                      ###
 ###            Tinker  ---  Software Tools for Molecular Design            ###
 ##                                                                          ##
 ##                      Version 8.9.4   September 2021                      ##
 ##                                                                          ##
 ##               Copyright (c)  Jay William Ponder  1990-2021               ##
 ###                           All Rights Reserved                          ###
  ###                                                                      ###
   ##########################################################################
     ######################################################################


 Additional Atom Definition Parameters :

     Type  Class  Symbol  Description               Atomic    Mass   Valence

      401   401     C     16_Index_0                   6     12.011     3
      404   404     N     16_Index_0                   7     14.007     3
      403   403     C     16_Index_0                   6     12.011     3
      402   402     C     16_Index_0                   6     12.011     3
      405   405     C     16_Index_0                   6     12.011     3
      407   407     H     16_Index_0                   1      1.008     1
      406   406     H     16_Index_0                   1      1.008     1
      408   408     H     16_Index_0                   1      1.008     1
      409   409     H     16_Index_0                   1      1.008     1

 Additional Bond Stretching Parameters :

     Atom Classes             K(S)         Length

       403 401             379.094         1.4000
       404 401             299.899         1.4000
       407 404             472.882         1.0100
       402 403             379.094         1.3900
       406 403             368.093         1.0900
       405 402             379.094         1.3900
       408 402             368.093         1.0900
       409 405             368.093         1.0900

 Additional Angle Bending Parameters :

     Atom Classes             K(B)          Angle

     402 403 401            74.631        120.460
     406 403 401            36.770        119.470
     407 404 401            42.780        113.180
     403 401 404            76.869        120.510
     403 401 403            74.631        120.580
     405 402 403            74.631        120.570
     408 402 403            36.770        119.310
     406 403 402            36.770        120.070
     402 405 402            74.631        119.120
     409 405 402            36.770        120.440
     408 402 405            36.770        120.110
     407 404 407            52.593        109.800

 Additional Stretch-Bend Parameters :

     Atom Classes          K(SB)-1        K(SB)-2

     402 403 401            20.453         20.453
     406 403 401            20.453         20.453
     407 404 401            32.661         32.661
     403 401 404            20.453         20.453
     403 401 403            20.453         20.453
     405 402 403            20.453         20.453
     408 402 403            20.453         20.453
     406 403 402            20.453         20.453
     402 405 402            20.453         20.453
     409 405 402            20.453         20.453
     408 402 405            20.453         20.453
     407 404 407            32.661         32.661

 Additional Out-of-Plane Bend Parameters :

     Atom Classes                   K(OPB)

     403 401   0   0                84.886
     401 403   0   0                84.886
     404 401   0   0                50.236
     404 407   0   0                 9.114
     402 403   0   0                84.886
     403 402   0   0                84.886
     406 403   0   0                72.814
     405 402   0   0                84.886
     402 405   0   0                84.886
     408 402   0   0                72.814
     409 405   0   0                72.814

 Additional Torsional Parameters :

     Atom Classes     1-Fold    2-Fold    3-Fold    4-Fold    5-Fold    6-Fold

   405 402 403 401   0.00   0  0.00 180  0.30   0  0.00   0  0.00   0  0.00   0
   408 402 403 401   0.00   0  0.00 180  0.30   0  0.00   0  0.00   0  0.00   0
   402 403 401 404   0.00   0  0.00 180  0.30   0  0.00   0  0.00   0  0.00   0
   406 403 401 404   0.00   0  0.00 180  0.30   0  0.00   0  0.00   0  0.00   0
   402 403 401 403   0.00   0  0.00 180  0.30   0  0.00   0  0.00   0  0.00   0
   406 403 401 403   0.00   0  0.00 180  0.30   0  0.00   0  0.00   0  0.00   0
   407 404 401 403   0.00   0  0.00 180  0.30   0  0.00   0  0.00   0  0.00   0
   402 405 402 403   0.00   0  0.00 180  0.30   0  0.00   0  0.00   0  0.00   0
   409 405 402 403   0.00   0  0.00 180  0.30   0  0.00   0  0.00   0  0.00   0
   406 403 402 405   0.00   0  0.00 180  0.30   0  0.00   0  0.00   0  0.00   0
   408 402 403 406   0.00   0  0.00 180  0.30   0  0.00   0  0.00   0  0.00   0
   409 405 402 408   0.00   0  0.00 180  0.30   0  0.00   0  0.00   0  0.00   0
   408 402 405 402   0.55   0 11.38 180 -0.55   0  0.00   0  0.00   0  0.00   0

 Additional Atomic Multipole Parameters :

     Atom Type     Coordinate Frame Definition         Multipole Moments

         401      403    403      0   Bisector     0.17959
                                                   0.00000  0.00000  0.19215
                                                  -0.06718
                                                   0.00000  0.20155
                                                   0.00000  0.00000 -0.13437

         404      407    407      0   Bisector    -0.31835
                                                   0.00000  0.00000  0.28917
                                                   0.58066
                                                   0.00000 -0.81508
                                                   0.00000  0.00000  0.23442

         403      406    402      0   Z-then-X    -0.05006
                                                   0.11458  0.00000  0.13840
                                                   0.04814
                                                   0.00000 -0.19558
                                                  -0.01792  0.00000  0.14744

         402      408    405      0   Z-then-X     0.05042
                                                   0.00457  0.00000 -0.09216
                                                  -0.15366
                                                   0.00000 -0.35533
                                                   0.03265  0.00000  0.50899

         405      402    402      0   Bisector    -0.05890
                                                   0.00000  0.00000 -0.13056
                                                   0.28936
                                                   0.00000 -0.22222
                                                   0.00000  0.00000 -0.06714

         407      404    407      0   Z-then-X     0.10138
                                                  -0.01612  0.00000 -0.17709
                                                  -0.00392
                                                   0.00000  0.07565
                                                   0.06919  0.00000 -0.07173

         406      403    402      0   Z-then-X    -0.00445
                                                   0.01170  0.00000 -0.19666
                                                   0.02080
                                                   0.00000  0.07184
                                                   0.02873  0.00000 -0.09264

         408      402    405      0   Z-then-X     0.00113
                                                   0.01318  0.00000 -0.18152
                                                   0.14976
                                                   0.00000 -0.01208
                                                   0.02331  0.00000 -0.13768

         409      405      0      0   Z-Only       0.00082
                                                   0.00000  0.00000 -0.18123
                                                   0.03430
                                                   0.00000  0.03430
                                                   0.00000  0.00000 -0.06860

 Additional Atomic Dipole Polarizability Parameters :

     Atom Type           Alpha       Thole     Group Atom Types

         401             2.064       0.390         403
         404             1.185       0.390         407
         403             2.064       0.390         401  402  406
         402             2.064       0.390         403  405  408
         405             2.064       0.390         402  409
         407             0.457       0.390         404
         406             0.432       0.390         403
         408             0.432       0.390         402
         409             0.432       0.390         405

 Additional van der Waals Parameters :

     Atom Class               Size        Epsilon        Reduction

         401                4.1200         0.1010          0.000
         402                3.8200         0.1010          0.000
         404                3.7100         0.1050          0.000
         407                2.7000         0.0200          0.910
         405                3.7800         0.1060          0.000
         403                3.8000         0.0890          0.000
         406                2.9800         0.0260          0.920
         408                2.9800         0.0260          0.920
         409                2.9800         0.0260          0.920

 Additional Solvation Parameters :

     Atom Type                PB Size     CS Size     GK Size

         406             2.5740      2.7580      2.9054
         408             2.5740      2.7580      2.9054
         409             2.5740      2.7580      2.9054
         407             2.9089      2.8360      3.5214
         403             3.8585      3.7660      3.8448
         401             3.6909      3.7660      4.4258
         402             3.8286      3.8930      4.5084
         405             3.8286      3.8930      4.5084
         404             3.4243      3.4910      4.2676

 Limited Memory BFGS Quasi-Newton Optimization :

 QN Iter     F Value      G RMS      F Move   X Move   Angle  FG Call  Comment

     0       16.5370     9.8475                                   1
     1       15.5446    10.5827      0.9924   0.0117    0.00      3    Success 
     2       14.6515     7.4954      0.8931   0.0087   47.31      4    Success 
     3       13.4002     4.9583      1.2513   0.0196   44.24      5    Success 
     4       12.6669    11.0528      0.7334   0.0293   44.93      6    Success 
     5       12.0522     6.4003      0.6147   0.0129   67.24      7    Success 
     6       11.5058     5.1157      0.5464   0.0130   59.92      8    Success 
     7       10.8840     5.1282      0.6218   0.0240   63.09      9    Success 
     8       10.6717     9.7694      0.2123   0.0262   67.15     10    Success 
     9       10.3539     5.2986      0.3178   0.0075   69.95     11    Success 
    10       10.1072     3.4405      0.2467   0.0068   46.51     12    Success 
    11        9.9728     4.3278      0.1344   0.0110   72.00     13    Success 
    12        9.7605     4.4640      0.2122   0.0099   68.43     14    Success 
    13        9.5009     5.0414      0.2596   0.0137   65.83     15    Success 
    14        9.3061     3.7861      0.1948   0.0178   72.94     16    Success 
    15        9.1820     2.1420      0.1242   0.0037   39.18     17    Success 
    16        9.0723     1.9745      0.1096   0.0105   64.73     18    Success 
    17        9.0128     2.5829      0.0595   0.0107   67.36     19    Success 
    18        8.9724     1.4503      0.0405   0.0112   79.32     20    Success 
    19        8.9565     0.9904      0.0159   0.0023   64.67     21    Success 
    20        8.9421     0.8046      0.0143   0.0026   57.69     22    Success 
    21        8.9315     0.8133      0.0106   0.0028   63.45     23    Success 
    22        8.9212     0.7308      0.0104   0.0032   70.26     24    Success 
    23        8.9056     0.8880      0.0156   0.0038   63.66     25    Success 
    24        8.8794     1.0991      0.0262   0.0057   68.74     26    Success 
    25        8.8348     1.4800      0.0446   0.0096   73.09     27    Success 
    26        8.7634     1.9275      0.0714   0.0167   77.72     28    Success 
    27        8.6702     3.1031      0.0932   0.0276   80.91     29    Success 
    28        8.5282     3.2963      0.1420   0.0266   82.36     30    Success 
    29        8.3671     4.7315      0.1611   0.0278   79.50     31    Success 
    30        8.1377     2.5541      0.2294   0.0198   78.36     32    Success 
    31        8.0496     3.3147      0.0881   0.0264   82.00     34    Success 
    32        7.9315     2.0650      0.1181   0.0155   78.33     35    Success 
    33        7.8814     2.5249      0.0501   0.0269   81.56     36    Success 
    34        7.8178     1.8639      0.0636   0.0091   75.21     37    Success 
    35        7.7620     1.8025      0.0558   0.0106   75.29     38    Success 
    36        7.6993     2.6355      0.0627   0.0221   81.89     39    Success 
    37        7.6107     2.7971      0.0886   0.0140   78.50     40    Success 
    38        7.5063     3.9534      0.1045   0.0293   82.70     41    Success 
    39        7.3679     2.7366      0.1383   0.0108   73.19     42    Success 
    40        7.2765     2.8527      0.0915   0.0209   80.59     43    Success 
    41        7.2161     2.4452      0.0604   0.0064   60.81     44    Success 
    42        7.1607     2.4420      0.0553   0.0215   82.82     45    Success 
    43        7.1142     1.6451      0.0465   0.0030   56.02     46    Success 
    44        7.0777     1.4958      0.0365   0.0087   76.48     47    Success 
    45        7.0452     1.4791      0.0325   0.0105   77.53     48    Success 
    46        7.0163     1.0189      0.0289   0.0074   76.92     49    Success 
    47        6.9928     1.0046      0.0236   0.0077   74.17     50    Success 
    48        6.9772     1.6438      0.0156   0.0058   65.44     51    Success 
    49        6.9645     1.1035      0.0127   0.0076   82.32     52    Success 
    50        6.9569     1.2249      0.0076   0.0060   77.30     53    Success 
    51        6.9488     0.6945      0.0081   0.0015   68.57     54    Success 
    52        6.9415     0.6445      0.0072   0.0027   71.74     55    Success 
    53        6.9342     0.7146      0.0074   0.0035   74.26     56    Success 
    54        6.9255     0.8031      0.0087   0.0044   74.78     57    Success 
    55        6.9203     0.8241      0.0052   0.0060   78.87     58    Success 
    56        6.9154     0.4211      0.0049   0.0009   57.31     59    Success 
    57        6.9111     0.4803      0.0042   0.0018   64.07     60    Success 
    58        6.9049     0.6606      0.0063   0.0039   75.41     61    Success 
    59        6.8956     0.9651      0.0093   0.0067   80.40     62    Success 
    60        6.8812     0.8958      0.0143   0.0099   83.44     63    Success 
    61        6.8625     1.3418      0.0188   0.0144   82.51     64    Success 
    62        6.8400     1.1129      0.0224   0.0129   82.67     65    Success 
    63        6.8205     0.8584      0.0195   0.0120   81.81     66    Success 
    64        6.8109     1.4156      0.0096   0.0065   75.10     67    Success 
    65        6.8007     1.0957      0.0102   0.0112   85.91     68    Success 
    66        6.7879     0.7721      0.0128   0.0022   67.42     69    Success 
    67        6.7684     0.6857      0.0195   0.0067   73.11     70    Success 
    68        6.7483     1.0260      0.0202   0.0107   74.79     71    Success 
    69        6.7377     1.3278      0.0106   0.0079   81.23     73    Success 
    70        6.7223     0.9456      0.0154   0.0052   80.89     74    Success 
    71        6.7033     1.4714      0.0189   0.0139   82.09     75    Success 
    72        6.6811     0.8854      0.0222   0.0064   76.36     76    Success 
    73        6.6683     0.9890      0.0128   0.0083   81.01     77    Success 
    74        6.6524     0.9478      0.0159   0.0082   80.09     78    Success 
    75        6.6355     1.1356      0.0169   0.0070   74.12     79    Success 
    76        6.6206     1.3431      0.0148   0.0125   83.60     80    Success 
    77        6.6105     0.8078      0.0102   0.0027   70.22     81    Success 
    78        6.6031     0.8677      0.0074   0.0080   82.85     82    Success 
    79        6.5958     0.7204      0.0073   0.0030   78.44     83    Success 
    80        6.5838     0.6675      0.0119   0.0063   79.03     84    Success 
    81        6.5689     0.8775      0.0149   0.0114   79.39     85    Success 
    82        6.5620     1.1357      0.0070   0.0145   83.19     86    Success 
    83        6.5559     0.5921      0.0061   0.0043   80.76     87    Success 
    84        6.5524     0.8867      0.0034   0.0058   80.00     88    Success 
    85        6.5473     0.5126      0.0052   0.0016   74.24     89    Success 
    86        6.5395     0.4354      0.0077   0.0062   78.89     90    Success 
    87        6.5312     0.5740      0.0084   0.0096   80.88     91    Success 
    88        6.5200     1.0010      0.0112   0.0124   82.03     92    Success 
    89        6.5039     0.8700      0.0160   0.0174   85.66     93    Success 
    90        6.4873     0.7267      0.0167   0.0158   82.12     94    Success 
    91        6.4797     0.7557      0.0076   0.0135   85.18     96    Success 
    92        6.4724     0.6138      0.0073   0.0027   67.55     97    Success 
    93        6.4681     0.6254      0.0043   0.0043   78.24     98    Success 
    94        6.4632     0.4452      0.0049   0.0046   83.25     99    Success 
    95        6.4557     0.3405      0.0075   0.0091   81.84    100    Success 
    96        6.4500     0.7639      0.0058   0.0155   82.24    101    Success 
    97        6.4463     0.6445      0.0037   0.0093   85.20    102    Success 
    98        6.4428     0.4119      0.0034   0.0006   49.21    103    Success 
    99        6.4375     0.3593      0.0054   0.0063   81.06    104    Success 
   100        6.4305     0.6996      0.0070   0.0086   78.13    105    Success 
   101        6.4235     0.9171      0.0070   0.0251   87.43    106    Success 
   102        6.4137     0.6608      0.0097   0.0104   85.40    107    Success 
   103        6.4008     0.7191      0.0129   0.0216   85.40    108    Success 
   104        6.3920     1.0361      0.0088   0.0185   86.20    109    Success 
   105        6.3831     1.1319      0.0089   0.0061   82.58    110    Success 
   106        6.3729     0.7310      0.0102   0.0124   86.30    111    Success 
   107        6.3649     0.5912      0.0081   0.0040   74.19    112    Success 
   108        6.3587     0.6494      0.0061   0.0125   85.93    113    Success 
   109        6.3521     0.7469      0.0067   0.0067   80.41    114    Success 
   110        6.3457     0.5104      0.0063   0.0109   85.73    115    Success 
   111        6.3397     0.5432      0.0060   0.0028   71.02    116    Success 
   112        6.3311     0.7461      0.0086   0.0056   76.60    117    Success 
   113        6.3208     0.9638      0.0103   0.0080   80.22    118    Success 
   114        6.3085     0.9334      0.0123   0.0086   82.09    119    Success 
   115        6.2942     0.8156      0.0143   0.0050   74.16    120    Success 
   116        6.2856     1.2319      0.0086   0.0076   81.62    122    Success 
   117        6.2739     0.9798      0.0117   0.0103   85.43    123    Success 
   118        6.2610     1.0084      0.0129   0.0095   82.21    124    Success 
   119        6.2468     1.0434      0.0142   0.0221   86.42    125    Success 
   120        6.2321     0.9197      0.0147   0.0079   79.94    126    Success 
   121        6.2215     1.1663      0.0106   0.0187   86.32    128    Success 
   122        6.2100     0.8066      0.0115   0.0072   81.47    129    Success 
   123        6.2040     1.2213      0.0061   0.0083   81.72    130    Success 
   124        6.1956     0.7328      0.0084   0.0084   86.01    131    Success 
   125        6.1874     0.6198      0.0082   0.0094   84.33    132    Success 
   126        6.1768     0.5817      0.0106   0.0060   77.24    133    Success 
   127        6.1712     1.5438      0.0056   0.0135   80.91    134    Success 
   128        6.1631     1.0468      0.0081   0.0058   85.78    135    Success 
   129        6.1550     0.6200      0.0082   0.0037   75.95    136    Success 
   130        6.1505     0.4795      0.0045   0.0034   80.11    137    Success 
   131        6.1442     0.5225      0.0062   0.0054   78.28    138    Success 
   132        6.1397     0.7324      0.0045   0.0048   75.06    139    Success 
   133        6.1366     0.3715      0.0031   0.0027   79.48    140    Success 
   134        6.1351     0.5171      0.0016   0.0018   77.34    141    Success 
   135        6.1330     0.3795      0.0020   0.0010   69.64    142    Success 
   136        6.1304     0.4125      0.0026   0.0036   81.49    143    Success 
   137        6.1275     0.5548      0.0028   0.0071   83.95    144    Success 
   138        6.1254     0.3816      0.0021   0.0056   85.12    145    Success 
   139        6.1242     0.2471      0.0012   0.0010   74.43    146    Success 
   140        6.1227     0.2573      0.0015   0.0023   77.98    147    Success 
   141        6.1212     0.2298      0.0015   0.0027   78.64    148    Success 
   142        6.1205     0.2307      0.0007   0.0023   81.78    150    Success 
   143        6.1200     0.1190      0.0005   0.0010   79.37    151    Success 
   144        6.1196     0.1347      0.0004   0.0007   68.98    152    Success 
   145        6.1193     0.1729      0.0004   0.0014   78.93    153    Success 
   146        6.1189     0.2241      0.0003   0.0012   78.30    154    Success 
   147        6.1186     0.1356      0.0004   0.0007   79.11    155    Success 
   148        6.1182     0.1308      0.0004   0.0009   75.32    156    Success 
   149        6.1177     0.1629      0.0005   0.0015   79.79    157    Success 
   150        6.1171     0.2729      0.0006   0.0027   82.97    158    Success 
   151        6.1162     0.2148      0.0009   0.0038   86.07    159    Success 
   152        6.1151     0.2096      0.0012   0.0053   85.08    160    Success 
   153        6.1141     0.3552      0.0009   0.0076   85.02    161    Success 
   154        6.1129     0.1979      0.0012   0.0014   78.73    162    Success 
   155        6.1116     0.1955      0.0013   0.0019   72.40    163    Success 
   156        6.1100     0.2695      0.0016   0.0042   81.36    164    Success 
   157        6.1084     0.3895      0.0016   0.0067   84.21    165    Success 
   158        6.1067     0.2654      0.0017   0.0051   85.63    166    Success 
   159        6.1053     0.2063      0.0014   0.0037   83.10    167    Success 
   160        6.1044     0.2641      0.0009   0.0057   84.88    168    Success 
   161        6.1038     0.2736      0.0005   0.0022   81.49    169    Success 
   162        6.1034     0.1494      0.0004   0.0006   77.88    170    Success 
   163        6.1032     0.1253      0.0003   0.0009   78.83    171    Success 
   164        6.1029     0.1463      0.0002   0.0010   80.61    172    Success 
   165        6.1026     0.1248      0.0003   0.0013   82.25    173    Success 
   166        6.1022     0.1555      0.0004   0.0027   83.28    174    Success 
   167        6.1019     0.1391      0.0003   0.0018   83.58    175    Success 
   168        6.1016     0.1278      0.0003   0.0014   83.92    176    Success 
   169        6.1012     0.1203      0.0004   0.0023   83.59    177    Success 
   170        6.1007     0.2070      0.0005   0.0023   79.67    178    Success 
   171        6.1001     0.1677      0.0005   0.0019   83.65    179    Success 
   172        6.0994     0.1895      0.0008   0.0025   81.10    180    Success 
   173        6.0984     0.2472      0.0009   0.0031   81.06    181    Success 
   174        6.0976     0.1838      0.0009   0.0022   82.07    182    Success 
   175        6.0970     0.2085      0.0006   0.0019   79.08    183    Success 
   176        6.0965     0.1587      0.0005   0.0018   82.38    184    Success 
   177        6.0961     0.1399      0.0004   0.0015   83.65    185    Success 
   178        6.0956     0.1770      0.0005   0.0020   81.06    186    Success 
   179        6.0951     0.1253      0.0005   0.0036   84.63    187    Success 
   180        6.0948     0.1076      0.0003   0.0006   76.27    188    Success 
   181        6.0944     0.0941      0.0004   0.0011   73.62    189   SmallGrad

 LBFGS  --  Normal Termination due to SmallGrad

 Final Function Value :            6.09439831
 Final RMS Gradient :              0.09411135
 Final Gradient Norm :             0.38803104
