
     ######################################################################
   ##########################################################################
  ###                                                                      ###
 ###            Tinker  ---  Software Tools for Molecular Design            ###
 ##                                                                          ##
 ##                      Version 8.9.4   September 2021                      ##
 ##                                                                          ##
 ##               Copyright (c)  Jay William Ponder  1990-2021               ##
 ###                           All Rights Reserved                          ###
  ###                                                                      ###
   ##########################################################################
     ######################################################################


 Additional Atom Definition Parameters :

     Type  Class  Symbol  Description               Atomic    Mass   Valence

      401   401     C     16_Index_0                   6     12.011     3
      404   404     N     16_Index_0                   7     14.007     3
      403   403     C     16_Index_0                   6     12.011     3
      402   402     C     16_Index_0                   6     12.011     3
      405   405     C     16_Index_0                   6     12.011     3
      407   407     H     16_Index_0                   1      1.008     1
      406   406     H     16_Index_0                   1      1.008     1
      408   408     H     16_Index_0                   1      1.008     1
      409   409     H     16_Index_0                   1      1.008     1

 Additional Bond Stretching Parameters :

     Atom Classes             K(S)         Length

       403 401             379.094         1.4000
       404 401             299.899         1.4000
       407 404             472.882         1.0100
       402 403             379.094         1.3900
       406 403             368.093         1.0900
       405 402             379.094         1.3900
       408 402             368.093         1.0900
       409 405             368.093         1.0900

 Additional Angle Bending Parameters :

     Atom Classes             K(B)          Angle

     402 403 401            74.631        120.460
     406 403 401            36.770        119.470
     407 404 401            42.780        113.180
     403 401 404            76.869        120.510
     403 401 403            74.631        120.580
     405 402 403            74.631        120.570
     408 402 403            36.770        119.310
     406 403 402            36.770        120.070
     402 405 402            74.631        119.120
     409 405 402            36.770        120.440
     408 402 405            36.770        120.110
     407 404 407            52.593        109.800

 Additional Stretch-Bend Parameters :

     Atom Classes          K(SB)-1        K(SB)-2

     402 403 401            20.453         20.453
     406 403 401            20.453         20.453
     407 404 401            32.661         32.661
     403 401 404            20.453         20.453
     403 401 403            20.453         20.453
     405 402 403            20.453         20.453
     408 402 403            20.453         20.453
     406 403 402            20.453         20.453
     402 405 402            20.453         20.453
     409 405 402            20.453         20.453
     408 402 405            20.453         20.453
     407 404 407            32.661         32.661

 Additional Out-of-Plane Bend Parameters :

     Atom Classes                   K(OPB)

     403 401   0   0                84.886
     401 403   0   0                84.886
     404 401   0   0                50.236
     404 407   0   0                 9.114
     402 403   0   0                84.886
     403 402   0   0                84.886
     406 403   0   0                72.814
     405 402   0   0                84.886
     402 405   0   0                84.886
     408 402   0   0                72.814
     409 405   0   0                72.814

 Additional Torsional Parameters :

     Atom Classes     1-Fold    2-Fold    3-Fold    4-Fold    5-Fold    6-Fold

   405 402 403 401   0.00   0  0.00 180  0.30   0  0.00   0  0.00   0  0.00   0
   408 402 403 401   0.00   0  0.00 180  0.30   0  0.00   0  0.00   0  0.00   0
   402 403 401 404   0.00   0  0.00 180  0.30   0  0.00   0  0.00   0  0.00   0
   406 403 401 404   0.00   0  0.00 180  0.30   0  0.00   0  0.00   0  0.00   0
   402 403 401 403   0.00   0  0.00 180  0.30   0  0.00   0  0.00   0  0.00   0
   406 403 401 403   0.00   0  0.00 180  0.30   0  0.00   0  0.00   0  0.00   0
   407 404 401 403   0.00   0  0.00 180  0.30   0  0.00   0  0.00   0  0.00   0
   402 405 402 403   0.00   0  0.00 180  0.30   0  0.00   0  0.00   0  0.00   0
   409 405 402 403   0.00   0  0.00 180  0.30   0  0.00   0  0.00   0  0.00   0
   406 403 402 405   0.00   0  0.00 180  0.30   0  0.00   0  0.00   0  0.00   0
   408 402 403 406   0.00   0  0.00 180  0.30   0  0.00   0  0.00   0  0.00   0
   409 405 402 408   0.00   0  0.00 180  0.30   0  0.00   0  0.00   0  0.00   0
   408 402 405 402   0.55   0 11.38 180 -0.55   0  0.00   0  0.00   0  0.00   0

 Additional Atomic Multipole Parameters :

     Atom Type     Coordinate Frame Definition         Multipole Moments

         401      403    403      0   Bisector     0.17959
                                                   0.00000  0.00000  0.19215
                                                  -0.06718
                                                   0.00000  0.20155
                                                   0.00000  0.00000 -0.13437

         404      407    407      0   Bisector    -0.31835
                                                   0.00000  0.00000  0.28917
                                                   0.58066
                                                   0.00000 -0.81508
                                                   0.00000  0.00000  0.23442

         403      406    402      0   Z-then-X    -0.05006
                                                   0.11458  0.00000  0.13840
                                                   0.04814
                                                   0.00000 -0.19558
                                                  -0.01792  0.00000  0.14744

         402      408    405      0   Z-then-X     0.05042
                                                   0.00457  0.00000 -0.09216
                                                  -0.15366
                                                   0.00000 -0.35533
                                                   0.03265  0.00000  0.50899

         405      402    402      0   Bisector    -0.05890
                                                   0.00000  0.00000 -0.13056
                                                   0.28936
                                                   0.00000 -0.22222
                                                   0.00000  0.00000 -0.06714

         407      404    407      0   Z-then-X     0.10138
                                                  -0.01612  0.00000 -0.17709
                                                  -0.00392
                                                   0.00000  0.07565
                                                   0.06919  0.00000 -0.07173

         406      403    402      0   Z-then-X    -0.00445
                                                   0.01170  0.00000 -0.19666
                                                   0.02080
                                                   0.00000  0.07184
                                                   0.02873  0.00000 -0.09264

         408      402    405      0   Z-then-X     0.00113
                                                   0.01318  0.00000 -0.18152
                                                   0.14976
                                                   0.00000 -0.01208
                                                   0.02331  0.00000 -0.13768

         409      405      0      0   Z-Only       0.00082
                                                   0.00000  0.00000 -0.18123
                                                   0.03430
                                                   0.00000  0.03430
                                                   0.00000  0.00000 -0.06860

 Additional Atomic Dipole Polarizability Parameters :

     Atom Type           Alpha       Thole     Group Atom Types

         401             2.064       0.390         403
         404             1.185       0.390         407
         403             2.064       0.390         401  402  406
         402             2.064       0.390         403  405  408
         405             2.064       0.390         402  409
         407             0.457       0.390         404
         406             0.432       0.390         403
         408             0.432       0.390         402
         409             0.432       0.390         405

 Additional van der Waals Parameters :

     Atom Class               Size        Epsilon        Reduction

         401                4.1200         0.1010          0.000
         402                3.8200         0.1010          0.000
         404                3.7100         0.1050          0.000
         407                2.7000         0.0200          0.910
         405                3.7800         0.1060          0.000
         403                3.8000         0.0890          0.000
         406                2.9800         0.0260          0.920
         408                2.9800         0.0260          0.920
         409                2.9800         0.0260          0.920

 Additional Solvation Parameters :

     Atom Type                PB Size     CS Size     GK Size

         406             2.5740      2.7580      2.9054
         408             2.5740      2.7580      2.9054
         409             2.5740      2.7580      2.9054
         407             2.9089      2.8360      3.5214
         403             3.8585      3.7660      3.8448
         401             3.6909      3.7660      4.4258
         402             3.8286      3.8930      4.5084
         405             3.8286      3.8930      4.5084
         404             3.4243      3.4910      4.2676

 Limited Memory BFGS Quasi-Newton Optimization :

 QN Iter     F Value      G RMS      F Move   X Move   Angle  FG Call  Comment

     0       70.6720    47.1091                                   1
     1       55.6134    48.0420     15.0586   0.0379    0.00      3    Success 
     2       43.2588    28.5578     12.3546   0.0267   45.42      4    Success 
     3       27.7800    15.7457     15.4788   0.0669   40.42      5    Success 
     4       22.1752    20.3353      5.6048   0.0547   45.05      6    Success 
     5       18.5021    14.8423      3.6731   0.0444   65.78      7    Success 
     6       16.5680     8.4198      1.9341   0.0318   68.33      8    Success 
     7       15.4049     6.5117      1.1631   0.0315   66.86      9    Success 
     8       14.5529     6.9348      0.8521   0.0295   69.86     10    Success 
     9       13.8219    10.9156      0.7310   0.0468   72.02     11    Success 
    10       13.1928     4.2288      0.6290   0.0269   76.17     12    Success 
    11       13.0166     3.6483      0.1763   0.0040   38.93     13    Success 
    12       12.7373     3.8782      0.2793   0.0086   48.89     14    Success 
    13       12.3465     4.9317      0.3908   0.0184   62.50     15    Success 
    14       12.1275     6.8428      0.2190   0.0353   74.71     16    Success 
    15       11.8544     2.9940      0.2731   0.0097   67.25     17    Success 
    16       11.7066     2.2297      0.1478   0.0074   55.52     18    Success 
    17       11.5918     2.2191      0.1148   0.0086   56.89     19    Success 
    18       11.5322     4.0971      0.0596   0.0137   68.09     20    Success 
    19       11.4376     2.2285      0.0946   0.0031   56.04     21    Success 
    20       11.3207     1.8004      0.1170   0.0081   53.02     22    Success 
    21       11.2621     1.8219      0.0585   0.0061   65.55     23    Success 
    22       11.2049     2.3933      0.0572   0.0125   72.34     24    Success 
    23       11.1416     1.4255      0.0633   0.0087   71.07     25    Success 
    24       11.1041     1.3798      0.0375   0.0039   57.14     26    Success 
    25       11.0548     1.7116      0.0493   0.0088   69.94     27    Success 
    26       10.9997     2.5683      0.0550   0.0132   77.07     28    Success 
    27       10.9255     2.3350      0.0743   0.0129   78.72     29    Success 
    28       10.8286     2.7521      0.0968   0.0143   75.31     30    Success 
    29       10.7626     3.0129      0.0661   0.0105   66.83     31    Success 
    30       10.7168     2.8509      0.0457   0.0094   80.37     33    Success 
    31       10.6631     1.8072      0.0537   0.0036   62.01     34    Success 
    32       10.6254     1.6352      0.0377   0.0041   65.96     35    Success 
    33       10.5776     2.5300      0.0477   0.0091   74.61     36    Success 
    34       10.5194     2.1845      0.0583   0.0080   73.97     37    Success 
    35       10.4763     2.9925      0.0431   0.0111   79.99     39    Success 
    36       10.4129     2.0890      0.0634   0.0072   76.31     40    Success 
    37       10.3617     1.7282      0.0512   0.0105   74.30     41    Success 
    38       10.3368     1.6181      0.0248   0.0081   80.30     42    Success 
    39       10.3234     2.0149      0.0135   0.0056   72.09     43    Success 
    40       10.3031     1.3283      0.0203   0.0054   81.59     44    Success 
    41       10.2863     1.1801      0.0167   0.0060   77.76     45    Success 
    42       10.2751     1.1145      0.0112   0.0013   57.31     46    Success 
    43       10.2565     1.1805      0.0186   0.0036   71.02     47    Success 
    44       10.2261     1.3003      0.0304   0.0064   73.04     48    Success 
    45       10.2042     2.2210      0.0219   0.0118   76.48     49    Success 
    46       10.1746     1.0244      0.0296   0.0043   74.53     50    Success 
    47       10.1556     1.3990      0.0190   0.0085   78.74     51    Success 
    48       10.1334     1.4460      0.0223   0.0067   76.26     52    Success 
    49       10.1033     1.6959      0.0300   0.0168   83.79     53    Success 
    50       10.0731     1.3293      0.0302   0.0130   82.88     54    Success 
    51       10.0603     1.6301      0.0128   0.0069   72.90     55    Success 
    52       10.0448     0.9710      0.0155   0.0066   82.79     56    Success 
    53       10.0322     0.9501      0.0126   0.0042   75.23     57    Success 
    54       10.0169     1.4623      0.0153   0.0135   83.37     58    Success 
    55        9.9930     1.2761      0.0238   0.0069   79.70     59    Success 
    56        9.9548     1.1681      0.0382   0.0151   81.62     60    Success 
    57        9.9073     2.0154      0.0475   0.0227   80.22     61    Success 
    58        9.8508     2.2228      0.0565   0.0151   79.44     62    Success 
    59        9.8206     2.1362      0.0302   0.0168   85.13     64    Success 
    60        9.7724     1.5586      0.0482   0.0049   70.35     65    Success 
    61        9.7129     1.7996      0.0595   0.0140   74.93     66    Success 
    62        9.6886     2.3824      0.0243   0.0148   77.13     67    Success 
    63        9.6628     0.8298      0.0258   0.0012   30.49     68    Success 
    64        9.6519     0.8873      0.0110   0.0058   79.20     69    Success 
    65        9.6373     0.8651      0.0145   0.0039   68.17     70    Success 
    66        9.6256     0.9499      0.0117   0.0162   83.16     71    Success 
    67        9.6151     0.9993      0.0106   0.0020   47.89     72    Success 
    68        9.6069     0.6578      0.0081   0.0015   64.46     73    Success 
    69        9.5958     0.6563      0.0112   0.0063   77.47     74    Success 
    70        9.5789     0.8120      0.0169   0.0091   77.28     75    Success 
    71        9.5602     1.3087      0.0187   0.0128   79.00     76    Success 
    72        9.5351     1.0026      0.0251   0.0086   78.70     77    Success 
    73        9.5095     0.9305      0.0255   0.0091   76.12     78    Success 
    74        9.4872     1.6258      0.0223   0.0120   74.32     79    Success 
    75        9.4679     1.0153      0.0193   0.0056   77.15     80    Success 
    76        9.4575     0.7051      0.0104   0.0045   77.91     81    Success 
    77        9.4514     0.8263      0.0062   0.0046   75.44     82    Success 
    78        9.4463     0.4731      0.0051   0.0034   80.19     83    Success 
    79        9.4417     0.3078      0.0045   0.0021   66.81     84    Success 
    80        9.4392     0.4049      0.0025   0.0032   71.07     85    Success 
    81        9.4381     0.3134      0.0011   0.0020   78.57     86    Success 
    82        9.4374     0.2031      0.0007   0.0004   66.79     87    Success 
    83        9.4363     0.1813      0.0011   0.0007   52.96     88    Success 
    84        9.4347     0.2902      0.0016   0.0012   54.64     89    Success 
    85        9.4330     0.4803      0.0017   0.0019   70.89     90    Success 
    86        9.4303     0.3812      0.0027   0.0024   80.01     91    Success 
    87        9.4261     0.3540      0.0042   0.0042   78.45     92    Success 
    88        9.4215     0.6507      0.0046   0.0062   76.88     93    Success 
    89        9.4170     0.4551      0.0045   0.0056   83.37     94    Success 
    90        9.4136     0.4247      0.0034   0.0028   77.16     95    Success 
    91        9.4096     0.4089      0.0040   0.0043   77.93     96    Success 
    92        9.4063     0.5074      0.0033   0.0033   75.90     97    Success 
    93        9.4032     0.3778      0.0031   0.0026   78.04     98    Success 
    94        9.4003     0.3481      0.0029   0.0033   77.67     99    Success 
    95        9.3977     0.3898      0.0026   0.0034   78.10    100    Success 
    96        9.3945     0.3664      0.0031   0.0043   80.58    101    Success 
    97        9.3908     0.4300      0.0037   0.0054   80.93    102    Success 
    98        9.3859     0.5814      0.0050   0.0074   82.08    103    Success 
    99        9.3784     0.5539      0.0075   0.0088   83.43    104    Success 
   100        9.3676     0.6750      0.0108   0.0135   83.28    105    Success 
   101        9.3557     0.8045      0.0118   0.0134   81.92    106    Success 
   102        9.3510     1.4218      0.0047   0.0155   84.79    107    Success 
   103        9.3442     1.1371      0.0069   0.0020   78.43    108    Success 
   104        9.3336     0.7018      0.0106   0.0022   71.49    109    Success 
   105        9.3183     0.7736      0.0153   0.0064   73.92    110    Success 
   106        9.2954     0.9440      0.0228   0.0152   81.66    111    Success 
   107        9.2805     2.2324      0.0149   0.0272   83.99    112    Success 
   108        9.2591     1.4346      0.0214   0.0036   77.43    113    Success 
   109        9.2327     1.2250      0.0264   0.0104   80.27    114    Success 
   110        9.2117     0.8682      0.0210   0.0100   81.69    115    Success 
   111        9.1926     1.4535      0.0191   0.0178   82.12    116    Success 
   112        9.1808     0.7785      0.0118   0.0033   67.29    117    Success 
   113        9.1694     1.0733      0.0114   0.0095   81.46    118    Success 
   114        9.1596     0.9852      0.0097   0.0055   80.94    119    Success 
   115        9.1501     1.0587      0.0095   0.0087   85.27    120    Success 
   116        9.1382     1.0265      0.0119   0.0117   84.80    121    Success 
   117        9.1266     1.2304      0.0116   0.0184   85.75    122    Success 
   118        9.1247     0.9335      0.0019   0.0032   75.38    123    Success 
   119        9.1212     0.7233      0.0035   0.0019   82.58    124    Success 
   120        9.1155     0.5304      0.0058   0.0052   83.75    125    Success 
   121        9.1082     0.9600      0.0073   0.0102   82.78    126    Success 
   122        9.1025     1.0074      0.0057   0.0024   79.32    127    Success 
   123        9.0942     1.1051      0.0083   0.0058   83.42    128    Success 
   124        9.0850     1.0482      0.0091   0.0079   83.57    129    Success 
   125        9.0772     0.7490      0.0078   0.0074   85.29    130    Success 
   126        9.0677     0.7659      0.0095   0.0122   85.04    131    Success 
   127        9.0557     0.9609      0.0120   0.0133   83.66    132    Success 
   128        9.0495     1.2542      0.0062   0.0141   87.33    134    Success 
   129        9.0393     1.0014      0.0102   0.0074   85.53    135    Success 
   130        9.0227     0.7011      0.0165   0.0099   82.99    136    Success 
   131        9.0034     1.2724      0.0193   0.0206   82.27    137    Success 
   132        8.9898     0.9969      0.0136   0.0096   80.72    138    Success 
   133        8.9850     1.1066      0.0048   0.0093   86.73    140    Success 
   134        8.9772     0.8405      0.0078   0.0030   80.06    141    Success 
   135        8.9660     0.7141      0.0111   0.0063   80.02    142    Success 
   136        8.9576     0.7984      0.0084   0.0089   83.54    143    Success 
   137        8.9566     1.6549      0.0010   0.0122   84.19    144    Success 
   138        8.9489     0.9701      0.0077   0.0006   54.91    146    Success 
   139        8.9417     0.9637      0.0072   0.0104   84.90    147    Success 
   140        8.9374     0.9137      0.0043   0.0024   70.17    148    Success 
   141        8.9307     0.5346      0.0067   0.0071   85.80    149    Success 
   142        8.9238     0.8473      0.0069   0.0175   85.18    150    Success 
   143        8.9187     0.5872      0.0051   0.0009   59.85    151    Success 
   144        8.9108     0.4857      0.0079   0.0084   83.04    152    Success 
   145        8.8990     0.6703      0.0118   0.0161   83.12    153    Success 
   146        8.8896     1.1252      0.0094   0.0244   85.13    154    Success 
   147        8.8835     0.6928      0.0061   0.0031   74.54    155    Success 
   148        8.8785     0.9036      0.0050   0.0119   85.16    156    Success 
   149        8.8734     0.5893      0.0051   0.0007   56.64    157    Success 
   150        8.8654     0.5252      0.0080   0.0054   79.25    158    Success 
   151        8.8544     0.7524      0.0111   0.0120   81.40    159    Success 
   152        8.8489     1.1037      0.0055   0.0104   85.33    161    Success 
   153        8.8410     0.6261      0.0079   0.0079   85.75    162    Success 
   154        8.8364     0.8492      0.0046   0.0155   86.52    163    Success 
   155        8.8343     0.5095      0.0021   0.0025   75.16    164    Success 
   156        8.8319     0.3072      0.0024   0.0021   78.21    165    Success 
   157        8.8303     0.3755      0.0016   0.0029   81.90    166    Success 
   158        8.8280     0.5062      0.0023   0.0053   84.61    167    Success 
   159        8.8254     0.6686      0.0027   0.0066   85.38    168    Success 
   160        8.8219     0.5109      0.0034   0.0070   86.68    169    Success 
   161        8.8178     0.4424      0.0042   0.0115   86.03    170    Success 
   162        8.8151     0.5455      0.0026   0.0123   86.10    171    Success 
   163        8.8134     0.3458      0.0017   0.0010   71.37    172    Success 
   164        8.8113     0.4116      0.0021   0.0086   86.04    173    Success 
   165        8.8090     0.3732      0.0023   0.0065   86.08    174    Success 
   166        8.8061     0.4837      0.0029   0.0111   86.26    175    Success 
   167        8.8024     0.3752      0.0037   0.0066   83.90    176    Success 
   168        8.7988     0.6414      0.0036   0.0155   86.74    177    Success 
   169        8.7936     0.5287      0.0051   0.0076   84.94    178    Success 
   170        8.7899     1.0930      0.0037   0.0201   86.74    179    Success 
   171        8.7848     0.6233      0.0051   0.0019   77.81    180    Success 
   172        8.7795     0.6133      0.0054   0.0139   86.05    181    Success 
   173        8.7754     0.4423      0.0040   0.0079   86.38    182    Success 
   174        8.7709     0.5925      0.0045   0.0153   85.99    183    Success 
   175        8.7690     0.6459      0.0019   0.0058   81.67    184    Success 
   176        8.7668     0.3799      0.0022   0.0052   86.19    185    Success 
   177        8.7663     0.5144      0.0005   0.0042   82.87    186    Success 
   178        8.7655     0.4092      0.0008   0.0016   86.14    187    Success 
   179        8.7640     0.2963      0.0015   0.0036   86.09    188    Success 
   180        8.7618     0.3040      0.0022   0.0064   84.80    189    Success 
   181        8.7595     0.4901      0.0023   0.0070   84.77    190    Success 
   182        8.7568     0.5777      0.0027   0.0057   86.05    191    Success 
   183        8.7529     0.6862      0.0039   0.0090   86.55    192    Success 
   184        8.7466     0.6173      0.0063   0.0106   86.34    193    Success 
   185        8.7375     0.7681      0.0090   0.0154   85.52    194    Success 
   186        8.7274     0.7372      0.0102   0.0212   86.25    195    Success 
   187        8.7242     0.7506      0.0031   0.0027   79.26    197    Success 
   188        8.7190     0.5020      0.0052   0.0055   84.87    198    Success 
   189        8.7116     0.5046      0.0074   0.0096   82.68    199    Success 
   190        8.7059     0.6362      0.0058   0.0045   76.66    200    Success 
   191        8.7036     0.6482      0.0023   0.0027   80.94    202    Success 
   192        8.7009     0.3615      0.0027   0.0015   76.19    203    Success 
   193        8.6991     0.3347      0.0018   0.0015   74.21    204    Success 
   194        8.6968     0.4264      0.0023   0.0023   76.90    205    Success 
   195        8.6933     0.5556      0.0035   0.0059   83.96    206    Success 
   196        8.6882     0.6178      0.0052   0.0081   84.79    207    Success 
   197        8.6813     0.5491      0.0069   0.0084   83.27    208    Success 
   198        8.6779     0.7279      0.0034   0.0098   86.07    210    Success 
   199        8.6739     0.4826      0.0040   0.0019   73.14    211    Success 
   200        8.6711     0.3353      0.0028   0.0052   82.50    212    Success 
   201        8.6697     0.2700      0.0014   0.0009   69.30    213    Success 
   202        8.6674     0.2021      0.0022   0.0021   72.93    214    Success 
   203        8.6652     0.4211      0.0022   0.0053   75.81    215    Success 
   204        8.6640     0.3622      0.0012   0.0021   76.91    216    Success 
   205        8.6628     0.2435      0.0012   0.0019   82.65    217    Success 
   206        8.6611     0.2236      0.0017   0.0022   75.19    218    Success 
   207        8.6597     0.4729      0.0014   0.0088   84.26    219    Success 
   208        8.6577     0.3652      0.0020   0.0014   74.99    220    Success 
   209        8.6550     0.3719      0.0027   0.0036   80.70    221    Success 
   210        8.6517     0.3944      0.0034   0.0078   84.26    222    Success 
   211        8.6496     0.7666      0.0020   0.0091   83.70    223    Success 
   212        8.6469     0.4556      0.0027   0.0021   81.39    224    Success 
   213        8.6450     0.4087      0.0019   0.0047   83.42    225    Success 
   214        8.6431     0.4247      0.0019   0.0034   82.18    226    Success 
   215        8.6413     0.3396      0.0019   0.0020   79.82    227    Success 
   216        8.6389     0.3049      0.0024   0.0036   79.66    228    Success 
   217        8.6369     0.3135      0.0020   0.0028   79.05    229    Success 
   218        8.6353     0.4082      0.0016   0.0040   80.95    230    Success 
   219        8.6342     0.2608      0.0011   0.0020   79.60    231    Success 
   220        8.6337     0.1686      0.0005   0.0007   77.06    232    Success 
   221        8.6330     0.1537      0.0007   0.0013   74.83    233    Success 
   222        8.6324     0.1941      0.0006   0.0015   76.93    234    Success 
   223        8.6316     0.2038      0.0008   0.0025   80.94    235    Success 
   224        8.6308     0.1958      0.0008   0.0027   82.93    236    Success 
   225        8.6299     0.2447      0.0009   0.0025   80.80    237    Success 
   226        8.6288     0.3066      0.0011   0.0031   81.57    238    Success 
   227        8.6278     0.2526      0.0010   0.0035   84.43    239    Success 
   228        8.6269     0.1834      0.0008   0.0010   72.42    240    Success 
   229        8.6262     0.2388      0.0008   0.0032   82.96    241    Success 
   230        8.6253     0.2306      0.0009   0.0020   80.34    242    Success 
   231        8.6242     0.2199      0.0011   0.0036   82.41    243    Success 
   232        8.6233     0.2025      0.0009   0.0017   76.30    244    Success 
   233        8.6225     0.2224      0.0008   0.0012   75.45    245    Success 
   234        8.6211     0.2565      0.0013   0.0024   79.54    246    Success 
   235        8.6193     0.3938      0.0019   0.0046   82.28    247    Success 
   236        8.6170     0.2726      0.0022   0.0054   84.12    248    Success 
   237        8.6157     0.4684      0.0013   0.0064   85.47    250    Success 
   238        8.6137     0.3508      0.0020   0.0024   82.39    251    Success 
   239        8.6115     0.3346      0.0023   0.0061   83.60    252    Success 
   240        8.6109     0.5103      0.0006   0.0044   82.30    253    Success 
   241        8.6100     0.3416      0.0009   0.0011   82.86    254    Success 
   242        8.6086     0.1783      0.0013   0.0019   80.07    255    Success 
   243        8.6080     0.4566      0.0007   0.0066   84.96    256    Success 
   244        8.6070     0.3925      0.0010   0.0007   76.31    257    Success 
   245        8.6053     0.3474      0.0017   0.0027   83.46    258    Success 
   246        8.6026     0.2982      0.0027   0.0071   85.46    259    Success 
   247        8.5996     0.4962      0.0030   0.0135   85.49    260    Success 
   248        8.5976     0.3545      0.0020   0.0070   84.90    261    Success 
   249        8.5970     0.2111      0.0006   0.0011   78.77    262    Success 
   250        8.5967     0.3529      0.0003   0.0043   85.58    263    Success 
   251        8.5962     0.2298      0.0005   0.0008   82.69    264    Success 
   252        8.5955     0.1142      0.0007   0.0012   77.83    265    Success 
   253        8.5950     0.1446      0.0005   0.0021   80.72    266    Success 
   254        8.5944     0.1700      0.0006   0.0032   84.01    267    Success 
   255        8.5938     0.3262      0.0006   0.0047   84.63    268    Success 
   256        8.5930     0.1931      0.0008   0.0027   85.56    269    Success 
   257        8.5920     0.1715      0.0009   0.0023   79.67    270    Success 
   258        8.5911     0.2619      0.0009   0.0041   83.36    271    Success 
   259        8.5902     0.3486      0.0009   0.0024   80.10    272    Success 
   260        8.5891     0.2723      0.0011   0.0041   86.12    273    Success 
   261        8.5878     0.2567      0.0013   0.0030   82.51    274    Success 
   262        8.5861     0.3128      0.0017   0.0046   83.24    275    Success 
   263        8.5844     0.4048      0.0017   0.0050   82.70    276    Success 
   264        8.5829     0.5708      0.0015   0.0096   86.98    277    Success 
   265        8.5810     0.3913      0.0019   0.0021   81.87    278    Success 
   266        8.5788     0.3253      0.0023   0.0035   82.43    279    Success 
   267        8.5757     0.3956      0.0030   0.0083   84.92    280    Success 
   268        8.5721     0.6261      0.0036   0.0138   86.24    281    Success 
   269        8.5679     0.3629      0.0042   0.0107   86.37    282    Success 
   270        8.5654     0.3147      0.0025   0.0065   84.86    283    Success 
   271        8.5635     0.5620      0.0020   0.0119   86.34    284    Success 
   272        8.5620     0.5945      0.0015   0.0022   79.02    285    Success 
   273        8.5597     0.3688      0.0022   0.0028   84.26    286    Success 
   274        8.5571     0.2771      0.0027   0.0071   84.18    287    Success 
   275        8.5558     0.2911      0.0013   0.0024   81.65    288    Success 
   276        8.5538     0.2981      0.0020   0.0049   83.82    289    Success 
   277        8.5517     0.4412      0.0021   0.0089   84.97    290    Success 
   278        8.5495     0.2790      0.0021   0.0039   83.12    291    Success 
   279        8.5479     0.2671      0.0017   0.0040   83.71    292    Success 
   280        8.5454     0.3193      0.0025   0.0023   71.13    293    Success 
   281        8.5427     0.6527      0.0027   0.0085   83.71    294    Success 
   282        8.5389     0.4620      0.0037   0.0036   82.35    295    Success 
   283        8.5348     0.6181      0.0041   0.0069   82.18    296    Success 
   284        8.5297     0.4177      0.0051   0.0053   82.54    297    Success 
   285        8.5251     0.5938      0.0046   0.0130   85.10    298    Success 
   286        8.5228     0.3959      0.0022   0.0034   82.44    300    Success 
   287        8.5209     0.3986      0.0019   0.0078   86.95    301    Success 
   288        8.5190     0.3261      0.0019   0.0054   83.95    302    Success 
   289        8.5177     0.3240      0.0012   0.0046   85.93    303    Success 
   290        8.5163     0.2583      0.0015   0.0026   80.24    304    Success 
   291        8.5151     0.3131      0.0011   0.0042   84.05    305    Success 
   292        8.5139     0.2998      0.0012   0.0035   85.34    306    Success 
   293        8.5119     0.3166      0.0020   0.0067   85.81    307    Success 
   294        8.5090     0.3974      0.0029   0.0100   85.73    308    Success 
   295        8.5051     0.5434      0.0039   0.0184   87.32    309    Success 
   296        8.5021     0.6353      0.0030   0.0113   85.75    310    Success 
   297        8.4979     0.6322      0.0042   0.0165   88.08    311    Success 
   298        8.4924     0.5889      0.0055   0.0121   86.27    312    Success 
   299        8.4874     0.4606      0.0050   0.0088   84.84    313    Success 
   300        8.4842     0.5619      0.0032   0.0129   86.00    314    Success 
   301        8.4818     0.4304      0.0024   0.0108   87.72    315    Success 
   302        8.4808     0.2960      0.0010   0.0018   81.35    317    Success 
   303        8.4794     0.2613      0.0014   0.0078   87.08    318    Success 
   304        8.4777     0.2773      0.0017   0.0110   86.69    319    Success 
   305        8.4763     0.3252      0.0014   0.0071   85.15    320    Success 
   306        8.4751     0.2999      0.0012   0.0015   77.36    321    Success 
   307        8.4739     0.2518      0.0012   0.0041   85.20    322    Success 
   308        8.4726     0.2469      0.0013   0.0031   82.22    323    Success 
   309        8.4715     0.4552      0.0011   0.0041   81.02    324    Success 
   310        8.4699     0.2421      0.0016   0.0038   85.71    325    Success 
   311        8.4684     0.2678      0.0015   0.0020   74.30    326    Success 
   312        8.4668     0.3630      0.0016   0.0060   85.32    327    Success 
   313        8.4649     0.4087      0.0019   0.0046   83.52    328    Success 
   314        8.4630     0.2709      0.0019   0.0070   86.25    329    Success 
   315        8.4618     0.2146      0.0012   0.0039   84.13    330    Success 
   316        8.4608     0.2404      0.0010   0.0013   71.65    331    Success 
   317        8.4597     0.2304      0.0011   0.0028   83.03    332    Success 
   318        8.4583     0.3218      0.0014   0.0051   83.58    333    Success 
   319        8.4569     0.1871      0.0014   0.0047   83.87    334    Success 
   320        8.4562     0.1907      0.0007   0.0024   82.88    335    Success 
   321        8.4551     0.2120      0.0011   0.0031   81.69    336    Success 
   322        8.4541     0.3774      0.0010   0.0049   83.05    337    Success 
   323        8.4532     0.1847      0.0009   0.0040   86.11    338    Success 
   324        8.4528     0.1190      0.0004   0.0011   80.95    339    Success 
   325        8.4524     0.1373      0.0004   0.0024   82.89    340    Success 
   326        8.4519     0.2471      0.0005   0.0048   86.07    341    Success 
   327        8.4511     0.2181      0.0008   0.0058   87.63    342    Success 
   328        8.4500     0.2984      0.0011   0.0098   87.50    343    Success 
   329        8.4488     0.1930      0.0013   0.0144   88.34    344    Success 
   330        8.4478     0.3142      0.0009   0.0037   82.32    345    Success 
   331        8.4465     0.2753      0.0013   0.0095   87.87    346    Success 
   332        8.4449     0.2656      0.0017   0.0084   86.14    347    Success 
   333        8.4444     0.4155      0.0004   0.0046   81.99    348    Success 
   334        8.4438     0.2249      0.0007   0.0024   87.01    349    Success 
   335        8.4434     0.0882      0.0004   0.0008   78.27    350   SmallGrad

 LBFGS  --  Normal Termination due to SmallGrad

 Final Function Value :            8.44339053
 Final RMS Gradient :              0.08819688
 Final Gradient Norm :             0.36364503
