
     ######################################################################
   ##########################################################################
  ###                                                                      ###
 ###            Tinker  ---  Software Tools for Molecular Design            ###
 ##                                                                          ##
 ##                      Version 8.9.4   September 2021                      ##
 ##                                                                          ##
 ##               Copyright (c)  Jay William Ponder  1990-2021               ##
 ###                           All Rights Reserved                          ###
  ###                                                                      ###
   ##########################################################################
     ######################################################################


 Additional Atom Definition Parameters :

     Type  Class  Symbol  Description               Atomic    Mass   Valence

      401   401     C     16_Index_0                   6     12.011     3
      404   404     N     16_Index_0                   7     14.007     3
      403   403     C     16_Index_0                   6     12.011     3
      402   402     C     16_Index_0                   6     12.011     3
      405   405     C     16_Index_0                   6     12.011     3
      407   407     H     16_Index_0                   1      1.008     1
      406   406     H     16_Index_0                   1      1.008     1
      408   408     H     16_Index_0                   1      1.008     1
      409   409     H     16_Index_0                   1      1.008     1

 Additional Bond Stretching Parameters :

     Atom Classes             K(S)         Length

       403 401             379.094         1.4000
       404 401             299.899         1.4000
       407 404             472.882         1.0100
       402 403             379.094         1.3900
       406 403             368.093         1.0900
       405 402             379.094         1.3900
       408 402             368.093         1.0900
       409 405             368.093         1.0900

 Additional Angle Bending Parameters :

     Atom Classes             K(B)          Angle

     402 403 401            74.631        120.460
     406 403 401            36.770        119.470
     407 404 401            42.780        113.180
     403 401 404            76.869        120.510
     403 401 403            74.631        120.580
     405 402 403            74.631        120.570
     408 402 403            36.770        119.310
     406 403 402            36.770        120.070
     402 405 402            74.631        119.120
     409 405 402            36.770        120.440
     408 402 405            36.770        120.110
     407 404 407            52.593        109.800

 Additional Stretch-Bend Parameters :

     Atom Classes          K(SB)-1        K(SB)-2

     402 403 401            20.453         20.453
     406 403 401            20.453         20.453
     407 404 401            32.661         32.661
     403 401 404            20.453         20.453
     403 401 403            20.453         20.453
     405 402 403            20.453         20.453
     408 402 403            20.453         20.453
     406 403 402            20.453         20.453
     402 405 402            20.453         20.453
     409 405 402            20.453         20.453
     408 402 405            20.453         20.453
     407 404 407            32.661         32.661

 Additional Out-of-Plane Bend Parameters :

     Atom Classes                   K(OPB)

     403 401   0   0                84.886
     401 403   0   0                84.886
     404 401   0   0                50.236
     404 407   0   0                 9.114
     402 403   0   0                84.886
     403 402   0   0                84.886
     406 403   0   0                72.814
     405 402   0   0                84.886
     402 405   0   0                84.886
     408 402   0   0                72.814
     409 405   0   0                72.814

 Additional Torsional Parameters :

     Atom Classes     1-Fold    2-Fold    3-Fold    4-Fold    5-Fold    6-Fold

   405 402 403 401   0.00   0  0.00 180  0.30   0  0.00   0  0.00   0  0.00   0
   408 402 403 401   0.00   0  0.00 180  0.30   0  0.00   0  0.00   0  0.00   0
   402 403 401 404   0.00   0  0.00 180  0.30   0  0.00   0  0.00   0  0.00   0
   406 403 401 404   0.00   0  0.00 180  0.30   0  0.00   0  0.00   0  0.00   0
   402 403 401 403   0.00   0  0.00 180  0.30   0  0.00   0  0.00   0  0.00   0
   406 403 401 403   0.00   0  0.00 180  0.30   0  0.00   0  0.00   0  0.00   0
   407 404 401 403   0.00   0  0.00 180  0.30   0  0.00   0  0.00   0  0.00   0
   402 405 402 403   0.00   0  0.00 180  0.30   0  0.00   0  0.00   0  0.00   0
   409 405 402 403   0.00   0  0.00 180  0.30   0  0.00   0  0.00   0  0.00   0
   406 403 402 405   0.00   0  0.00 180  0.30   0  0.00   0  0.00   0  0.00   0
   408 402 403 406   0.00   0  0.00 180  0.30   0  0.00   0  0.00   0  0.00   0
   409 405 402 408   0.00   0  0.00 180  0.30   0  0.00   0  0.00   0  0.00   0
   408 402 405 402   0.55   0 11.38 180 -0.55   0  0.00   0  0.00   0  0.00   0

 Additional Atomic Multipole Parameters :

     Atom Type     Coordinate Frame Definition         Multipole Moments

         401      403    403      0   Bisector     0.17959
                                                   0.00000  0.00000  0.19215
                                                  -0.06718
                                                   0.00000  0.20155
                                                   0.00000  0.00000 -0.13437

         404      407    407      0   Bisector    -0.31835
                                                   0.00000  0.00000  0.28917
                                                   0.58066
                                                   0.00000 -0.81508
                                                   0.00000  0.00000  0.23442

         403      406    402      0   Z-then-X    -0.05006
                                                   0.11458  0.00000  0.13840
                                                   0.04814
                                                   0.00000 -0.19558
                                                  -0.01792  0.00000  0.14744

         402      408    405      0   Z-then-X     0.05042
                                                   0.00457  0.00000 -0.09216
                                                  -0.15366
                                                   0.00000 -0.35533
                                                   0.03265  0.00000  0.50899

         405      402    402      0   Bisector    -0.05890
                                                   0.00000  0.00000 -0.13056
                                                   0.28936
                                                   0.00000 -0.22222
                                                   0.00000  0.00000 -0.06714

         407      404    407      0   Z-then-X     0.10138
                                                  -0.01612  0.00000 -0.17709
                                                  -0.00392
                                                   0.00000  0.07565
                                                   0.06919  0.00000 -0.07173

         406      403    402      0   Z-then-X    -0.00445
                                                   0.01170  0.00000 -0.19666
                                                   0.02080
                                                   0.00000  0.07184
                                                   0.02873  0.00000 -0.09264

         408      402    405      0   Z-then-X     0.00113
                                                   0.01318  0.00000 -0.18152
                                                   0.14976
                                                   0.00000 -0.01208
                                                   0.02331  0.00000 -0.13768

         409      405      0      0   Z-Only       0.00082
                                                   0.00000  0.00000 -0.18123
                                                   0.03430
                                                   0.00000  0.03430
                                                   0.00000  0.00000 -0.06860

 Additional Atomic Dipole Polarizability Parameters :

     Atom Type           Alpha       Thole     Group Atom Types

         401             2.064       0.390         403
         404             1.185       0.390         407
         403             2.064       0.390         401  402  406
         402             2.064       0.390         403  405  408
         405             2.064       0.390         402  409
         407             0.457       0.390         404
         406             0.432       0.390         403
         408             0.432       0.390         402
         409             0.432       0.390         405

 Additional van der Waals Parameters :

     Atom Class               Size        Epsilon        Reduction

         401                4.1200         0.1010          0.000
         402                3.8200         0.1010          0.000
         404                3.7100         0.1050          0.000
         407                2.7000         0.0200          0.910
         405                3.7800         0.1060          0.000
         403                3.8000         0.0890          0.000
         406                2.9800         0.0260          0.920
         408                2.9800         0.0260          0.920
         409                2.9800         0.0260          0.920

 Additional Solvation Parameters :

     Atom Type                PB Size     CS Size     GK Size

         406             2.5740      2.7580      2.9054
         408             2.5740      2.7580      2.9054
         409             2.5740      2.7580      2.9054
         407             2.9089      2.8360      3.5214
         403             3.8585      3.7660      3.8448
         401             3.6909      3.7660      4.4258
         402             3.8286      3.8930      4.5084
         405             3.8286      3.8930      4.5084
         404             3.4243      3.4910      4.2676

 Limited Memory BFGS Quasi-Newton Optimization :

 QN Iter     F Value      G RMS      F Move   X Move   Angle  FG Call  Comment

     0      115.2497   111.0513                                   1
     1       51.4392    49.9783     63.8105   0.1011    0.00      2    Success 
     2       41.8155    34.6546      9.6237   0.0373   22.98      3    Success 
     3       36.2131    23.6771      5.6024   0.0122   22.84      4    Success 
     4       28.9064    12.2329      7.3067   0.0319   29.24      5    Success 
     5       25.2695    12.6915      3.6369   0.0329   37.31      6    Success 
     6       22.1334    15.9562      3.1361   0.0502   56.39      7    Success 
     7       19.1693    10.4826      2.9640   0.0351   64.33      8    Success 
     8       16.2773    10.3413      2.8921   0.0498   60.52      9    Success 
     9       14.6257    15.8014      1.6516   0.0573   67.10     10    Success 
    10       13.3598     7.9742      1.2659   0.0347   75.90     11    Success 
    11       12.7629     5.8033      0.5969   0.0117   58.40     12    Success 
    12       12.1419     5.8447      0.6211   0.0317   73.89     13    Success 
    13       11.4251     6.1859      0.7167   0.0453   73.97     14    Success 
    14       11.1814     3.7412      0.2437   0.0207   77.15     16    Success 
    15       11.0854     2.0022      0.0960   0.0040   52.25     17    Success 
    16       11.0423     1.5523      0.0431   0.0054   67.11     18    Success 
    17       11.0187     0.9892      0.0236   0.0033   60.82     19    Success 
    18       11.0087     0.9138      0.0099   0.0027   60.24     20    Success 
    19       11.0031     0.6065      0.0056   0.0013   68.95     21    Success 
    20       10.9954     0.6246      0.0077   0.0038   73.81     22    Success 
    21       10.9879     0.6601      0.0076   0.0050   78.85     23    Success 
    22       10.9816     1.1791      0.0063   0.0071   79.10     24    Success 
    23       10.9728     0.5738      0.0088   0.0040   80.95     25    Success 
    24       10.9649     0.5728      0.0079   0.0033   70.62     26    Success 
    25       10.9545     0.8759      0.0104   0.0049   72.90     27    Success 
    26       10.9413     1.2036      0.0132   0.0073   79.06     28    Success 
    27       10.9269     1.0895      0.0144   0.0082   80.95     29    Success 
    28       10.9117     0.6968      0.0152   0.0046   77.18     30    Success 
    29       10.8902     0.8715      0.0215   0.0104   75.63     31    Success 
    30       10.8686     1.2791      0.0216   0.0114   78.54     32    Success 
    31       10.8549     1.2617      0.0137   0.0140   85.53     34    Success 
    32       10.8378     1.1252      0.0171   0.0086   81.48     35    Success 
    33       10.8198     1.0019      0.0179   0.0109   81.79     36    Success 
    34       10.8029     1.4209      0.0169   0.0071   77.90     37    Success 
    35       10.7768     1.6679      0.0261   0.0168   85.20     38    Success 
    36       10.7335     1.8618      0.0433   0.0189   84.40     39    Success 
    37       10.6750     2.1874      0.0586   0.0266   84.11     40    Success 
    38       10.6132     1.4466      0.0617   0.0271   83.32     41    Success 
    39       10.5762     1.0065      0.0371   0.0060   69.51     42    Success 
    40       10.5461     1.2161      0.0300   0.0057   58.18     43    Success 
    41       10.5305     1.7407      0.0157   0.0102   81.82     45    Success 
    42       10.5112     1.5695      0.0193   0.0034   71.91     46    Success 
    43       10.4822     1.0292      0.0290   0.0078   79.34     47    Success 
    44       10.4493     1.0866      0.0329   0.0125   76.99     48    Success 
    45       10.4169     2.1558      0.0324   0.0164   79.53     49    Success 
    46       10.3651     2.0395      0.0518   0.0118   81.40     50    Success 
    47       10.2888     2.2742      0.0763   0.0266   83.56     51    Success 
    48       10.1763     2.2768      0.1125   0.0234   80.31     52    Success 
    49       10.1382     4.9867      0.0381   0.0409   81.82     53    Success 
    50       10.0816     3.9785      0.0566   0.0049   79.49     54    Success 
    51       10.0089     2.0584      0.0727   0.0054   71.80     55    Success 
    52        9.9680     1.2964      0.0409   0.0057   72.88     56    Success 
    53        9.9306     1.2526      0.0374   0.0132   79.81     57    Success 
    54        9.9088     2.5631      0.0218   0.0198   79.79     58    Success 
    55        9.8807     1.2136      0.0281   0.0063   80.81     59    Success 
    56        9.8699     1.4213      0.0108   0.0061   73.38     60    Success 
    57        9.8521     1.0617      0.0178   0.0073   82.98     61    Success 
    58        9.8274     1.3361      0.0247   0.0131   81.39     62    Success 
    59        9.7982     1.7024      0.0292   0.0094   79.73     63    Success 
    60        9.7541     2.0280      0.0440   0.0129   81.02     64    Success 
    61        9.6951     2.2637      0.0590   0.0174   81.55     65    Success 
    62        9.6397     2.9880      0.0555   0.0290   83.93     66    Success 
    63        9.5869     2.2007      0.0528   0.0081   74.45     67    Success 
    64        9.5475     2.0267      0.0394   0.0189   82.02     68    Success 
    65        9.5151     1.3593      0.0324   0.0101   82.00     69    Success 
    66        9.4759     1.6108      0.0392   0.0089   75.86     70    Success 
    67        9.4155     2.2618      0.0604   0.0183   81.01     71    Success 
    68        9.3396     2.4284      0.0758   0.0147   77.65     72    Success 
    69        9.3030     4.4762      0.0366   0.0353   84.03     73    Success 
    70        9.2442     3.2851      0.0588   0.0043   77.21     74    Success 
    71        9.1551     1.6242      0.0891   0.0063   70.40     75    Success 
    72        9.0442     1.6271      0.1109   0.0196   72.97     76    Success 
    73        9.0013     3.2706      0.0429   0.0345   79.06     77    Success 
    74        8.9547     1.3274      0.0466   0.0074   77.96     78    Success 
    75        8.9431     1.2180      0.0116   0.0021   61.74     79    Success 
    76        8.9340     1.1526      0.0091   0.0019   62.38     80    Success 
    77        8.9192     0.9049      0.0147   0.0053   79.88     81    Success 
    78        8.8973     0.8263      0.0219   0.0103   79.31     82    Success 
    79        8.8779     1.4019      0.0195   0.0122   75.17     83    Success 
    80        8.8636     1.0668      0.0143   0.0046   76.30     84    Success 
    81        8.8522     0.7488      0.0114   0.0021   66.65     85    Success 
    82        8.8366     0.8736      0.0156   0.0072   75.64     86    Success 
    83        8.8224     1.0570      0.0142   0.0069   72.89     87    Success 
    84        8.8151     0.9791      0.0073   0.0099   82.47     88    Success 
    85        8.8091     0.4843      0.0060   0.0039   80.46     89    Success 
    86        8.8060     0.4327      0.0031   0.0018   69.07     90    Success 
    87        8.8025     0.3872      0.0035   0.0025   75.96     91    Success 
    88        8.7982     0.4026      0.0043   0.0045   76.33     92    Success 
    89        8.7972     0.7018      0.0010   0.0035   72.35     93    Success 
    90        8.7955     0.4357      0.0017   0.0003   59.27     94    Success 
    91        8.7936     0.2322      0.0019   0.0008   58.59     95    Success 
    92        8.7924     0.2962      0.0012   0.0007   56.64     96    Success 
    93        8.7904     0.3140      0.0019   0.0014   68.79     97    Success 
    94        8.7882     0.5372      0.0022   0.0028   74.75     98    Success 
    95        8.7858     0.2874      0.0024   0.0031   80.85     99    Success 
    96        8.7844     0.1959      0.0014   0.0012   71.46    100    Success 
    97        8.7824     0.2903      0.0020   0.0023   67.81    101    Success 
    98        8.7802     0.3745      0.0021   0.0024   76.77    102    Success 
    99        8.7773     0.4516      0.0029   0.0041   80.72    103    Success 
   100        8.7730     0.3366      0.0043   0.0056   82.17    104    Success 
   101        8.7676     0.4764      0.0053   0.0083   79.47    105    Success 
   102        8.7627     0.6836      0.0049   0.0089   82.28    106    Success 
   103        8.7581     0.5499      0.0047   0.0025   77.97    107    Success 
   104        8.7515     0.4641      0.0066   0.0046   77.54    108    Success 
   105        8.7478     1.1462      0.0037   0.0105   80.91    109    Success 
   106        8.7421     0.6397      0.0057   0.0009   65.13    110    Success 
   107        8.7353     0.5873      0.0067   0.0093   83.59    111    Success 
   108        8.7310     0.5234      0.0044   0.0055   82.73    112    Success 
   109        8.7271     0.6672      0.0038   0.0134   86.32    113    Success 
   110        8.7219     0.4144      0.0052   0.0023   74.38    114    Success 
   111        8.7150     0.5200      0.0069   0.0082   80.01    115    Success 
   112        8.7098     1.0788      0.0052   0.0136   84.25    116    Success 
   113        8.7029     0.6411      0.0070   0.0031   79.63    117    Success 
   114        8.6986     1.0381      0.0042   0.0174   85.88    118    Success 
   115        8.6925     0.7141      0.0061   0.0025   79.12    119    Success 
   116        8.6847     0.6109      0.0078   0.0050   79.87    120    Success 
   117        8.6744     0.7092      0.0103   0.0103   82.67    121    Success 
   118        8.6603     0.9172      0.0141   0.0189   84.83    122    Success 
   119        8.6455     1.1864      0.0148   0.0214   85.27    123    Success 
   120        8.6349     0.7658      0.0106   0.0034   71.98    124    Success 
   121        8.6255     1.0004      0.0093   0.0172   85.04    125    Success 
   122        8.6220     0.5668      0.0036   0.0028   82.54    126    Success 
   123        8.6190     0.3733      0.0029   0.0041   84.28    127    Success 
   124        8.6161     0.3521      0.0029   0.0074   84.58    128    Success 
   125        8.6129     0.3743      0.0032   0.0060   83.34    129    Success 
   126        8.6090     0.5049      0.0040   0.0106   84.55    130    Success 
   127        8.6051     0.5441      0.0039   0.0109   85.39    131    Success 
   128        8.6025     0.3875      0.0026   0.0027   79.52    132    Success 
   129        8.5998     0.4956      0.0027   0.0084   85.91    133    Success 
   130        8.5973     0.4636      0.0024   0.0054   83.12    134    Success 
   131        8.5945     0.6197      0.0028   0.0123   87.17    135    Success 
   132        8.5913     0.4714      0.0032   0.0045   85.10    136    Success 
   133        8.5867     0.4637      0.0046   0.0125   86.33    137    Success 
   134        8.5842     0.9220      0.0025   0.0129   84.80    138    Success 
   135        8.5806     0.5455      0.0037   0.0072   87.51    139    Success 
   136        8.5801     0.7429      0.0005   0.0017   65.66    140    Success 
   137        8.5791     0.6455      0.0010   0.0025   88.12    141    Success 
   138        8.5774     0.4723      0.0017   0.0053   88.05    142    Success 
   139        8.5752     0.4166      0.0021   0.0102   87.60    143    Success 
   140        8.5739     0.4124      0.0014   0.0009   72.72    144    Success 
   141        8.5716     0.5361      0.0022   0.0057   86.10    145    Success 
   142        8.5678     0.5543      0.0038   0.0066   85.76    146    Success 
   143        8.5632     0.8891      0.0046   0.0138   86.66    147    Success 
   144        8.5568     0.6091      0.0064   0.0127   87.24    148    Success 
   145        8.5518     0.5154      0.0049   0.0121   86.36    149    Success 
   146        8.5487     0.6863      0.0032   0.0140   87.22    151    Success 
   147        8.5477     0.7617      0.0010   0.0023   76.16    152    Success 
   148        8.5460     0.6024      0.0017   0.0018   85.24    153    Success 
   149        8.5430     0.4173      0.0029   0.0044   85.57    154    Success 
   150        8.5390     0.5132      0.0040   0.0082   84.19    155    Success 
   151        8.5363     0.6059      0.0027   0.0035   83.02    156    Success 
   152        8.5328     0.6418      0.0035   0.0084   86.89    157    Success 
   153        8.5301     0.8790      0.0027   0.0100   86.32    158    Success 
   154        8.5260     0.4904      0.0040   0.0072   87.10    159    Success 
   155        8.5224     0.4585      0.0037   0.0139   87.16    160    Success 
   156        8.5212     0.6416      0.0012   0.0033   77.48    161    Success 
   157        8.5192     0.4433      0.0020   0.0060   87.92    162    Success 
   158        8.5167     0.3454      0.0025   0.0108   87.19    163    Success 
   159        8.5150     0.3490      0.0017   0.0011   69.62    164    Success 
   160        8.5128     0.3690      0.0022   0.0032   79.72    165    Success 
   161        8.5118     0.4507      0.0010   0.0018   79.98    167    Success 
   162        8.5103     0.3338      0.0015   0.0045   86.75    168    Success 
   163        8.5080     0.2860      0.0022   0.0071   85.67    169    Success 
   164        8.5058     0.4125      0.0022   0.0103   86.26    170    Success 
   165        8.5041     0.5452      0.0017   0.0087   85.81    171    Success 
   166        8.5022     0.3329      0.0019   0.0064   87.26    172    Success 
   167        8.5020     0.5378      0.0002   0.0034   81.60    173    Success 
   168        8.5016     0.4755      0.0004   0.0012   87.70    174    Success 
   169        8.5009     0.3558      0.0007   0.0025   87.68    175    Success 
   170        8.4998     0.1986      0.0010   0.0051   87.33    176    Success 
   171        8.4992     0.2491      0.0007   0.0033   84.89    177    Success 
   172        8.4985     0.2965      0.0007   0.0015   82.61    178    Success 
   173        8.4974     0.3059      0.0011   0.0026   84.23    179    Success 
   174        8.4970     0.6266      0.0005   0.0048   85.06    180    Success 
   175        8.4961     0.4597      0.0008   0.0005   78.27    181    Success 
   176        8.4950     0.2177      0.0012   0.0028   85.68    182    Success 
   177        8.4943     0.1829      0.0007   0.0015   79.19    183    Success 
   178        8.4933     0.3107      0.0009   0.0068   86.56    184    Success 
   179        8.4919     0.3235      0.0014   0.0066   86.96    185    Success 
   180        8.4914     0.6257      0.0005   0.0115   87.44    186    Success 
   181        8.4906     0.4625      0.0008   0.0003   73.35    187    Success 
   182        8.4895     0.1722      0.0011   0.0008   75.05    188    Success 
   183        8.4890     0.1644      0.0005   0.0017   82.11    189    Success 
   184        8.4887     0.2339      0.0004   0.0004   65.87    190    Success 
   185        8.4881     0.2832      0.0005   0.0039   87.40    191    Success 
   186        8.4872     0.2733      0.0009   0.0039   86.72    192    Success 
   187        8.4860     0.3655      0.0012   0.0063   86.52    193    Success 
   188        8.4843     0.2539      0.0018   0.0103   87.80    194    Success 
   189        8.4827     0.3028      0.0016   0.0061   83.31    195    Success 
   190        8.4819     0.3060      0.0008   0.0101   87.68    196    Success 
   191        8.4811     0.1595      0.0008   0.0037   86.67    197    Success 
   192        8.4806     0.1373      0.0005   0.0006   61.66    198    Success 
   193        8.4801     0.1955      0.0005   0.0019   79.61    199    Success 
   194        8.4795     0.1825      0.0006   0.0032   85.33    200    Success 
   195        8.4790     0.1455      0.0005   0.0027   84.88    201    Success 
   196        8.4784     0.2048      0.0006   0.0046   84.76    202    Success 
   197        8.4777     0.2093      0.0007   0.0019   80.92    203    Success 
   198        8.4768     0.2053      0.0009   0.0026   82.28    204    Success 
   199        8.4757     0.2980      0.0010   0.0051   84.00    205    Success 
   200        8.4748     0.1916      0.0009   0.0042   85.39    206    Success 
   201        8.4742     0.1548      0.0006   0.0018   82.07    207    Success 
   202        8.4736     0.1934      0.0006   0.0041   85.01    208    Success 
   203        8.4729     0.2657      0.0006   0.0019   78.68    209    Success 
   204        8.4721     0.1969      0.0008   0.0062   87.39    210    Success 
   205        8.4714     0.1714      0.0007   0.0014   76.72    211    Success 
   206        8.4709     0.2600      0.0005   0.0055   85.43    212    Success 
   207        8.4704     0.1721      0.0005   0.0029   85.98    213    Success 
   208        8.4700     0.1227      0.0004   0.0013   82.40    214    Success 
   209        8.4695     0.1226      0.0005   0.0043   85.03    215    Success 
   210        8.4692     0.1742      0.0003   0.0047   87.14    216    Success 
   211        8.4689     0.1448      0.0004   0.0033   87.00    217    Success 
   212        8.4682     0.1498      0.0006   0.0049   86.32    218    Success 
   213        8.4673     0.2293      0.0009   0.0086   86.82    219    Success 
   214        8.4662     0.3076      0.0011   0.0094   87.15    220    Success 
   215        8.4654     0.3198      0.0008   0.0171   88.63    221    Success 
   216        8.4647     0.3444      0.0007   0.0037   85.42    222    Success 
   217        8.4641     0.2123      0.0006   0.0006   74.38    223    Success 
   218        8.4636     0.1955      0.0005   0.0010   79.67    224    Success 
   219        8.4630     0.1902      0.0006   0.0012   77.37    225    Success 
   220        8.4622     0.2851      0.0008   0.0035   83.47    226    Success 
   221        8.4613     0.1848      0.0009   0.0032   84.12    227    Success 
   222        8.4608     0.1623      0.0005   0.0014   80.24    228    Success 
   223        8.4602     0.2124      0.0006   0.0021   82.43    229    Success 
   224        8.4594     0.2705      0.0009   0.0039   85.23    230    Success 
   225        8.4583     0.3627      0.0010   0.0055   86.09    231    Success 
   226        8.4571     0.2342      0.0012   0.0051   86.94    232    Success 
   227        8.4558     0.2143      0.0014   0.0047   83.89    233    Success 
   228        8.4545     0.3588      0.0012   0.0066   84.84    234    Success 
   229        8.4533     0.3925      0.0012   0.0092   87.74    235    Success 
   230        8.4519     0.3575      0.0014   0.0048   85.67    236    Success 
   231        8.4506     0.1961      0.0014   0.0027   83.29    237    Success 
   232        8.4497     0.2014      0.0009   0.0024   80.47    238    Success 
   233        8.4489     0.2595      0.0007   0.0028   83.40    239    Success 
   234        8.4481     0.2093      0.0008   0.0039   85.14    240    Success 
   235        8.4476     0.1239      0.0006   0.0019   83.13    241    Success 
   236        8.4471     0.1294      0.0004   0.0011   74.65    242    Success 
   237        8.4468     0.1569      0.0003   0.0021   83.31    243    Success 
   238        8.4464     0.1441      0.0004   0.0038   86.28    244    Success 
   239        8.4461     0.1319      0.0003   0.0031   85.87    245    Success 
   240        8.4459     0.1003      0.0002   0.0021   85.01    246    Success 
   241        8.4457     0.0985      0.0002   0.0008   81.12    247   SmallGrad

 LBFGS  --  Normal Termination due to SmallGrad

 Final Function Value :            8.44570169
 Final RMS Gradient :              0.09851143
 Final Gradient Norm :             0.40617303
