
     ######################################################################
   ##########################################################################
  ###                                                                      ###
 ###            Tinker  ---  Software Tools for Molecular Design            ###
 ##                                                                          ##
 ##                      Version 8.9.4   September 2021                      ##
 ##                                                                          ##
 ##               Copyright (c)  Jay William Ponder  1990-2021               ##
 ###                           All Rights Reserved                          ###
  ###                                                                      ###
   ##########################################################################
     ######################################################################


 Additional Atom Definition Parameters :

     Type  Class  Symbol  Description               Atomic    Mass   Valence

      401   401     C     16_Index_0                   6     12.011     3
      404   404     N     16_Index_0                   7     14.007     3
      403   403     C     16_Index_0                   6     12.011     3
      402   402     C     16_Index_0                   6     12.011     3
      405   405     C     16_Index_0                   6     12.011     3
      407   407     H     16_Index_0                   1      1.008     1
      406   406     H     16_Index_0                   1      1.008     1
      408   408     H     16_Index_0                   1      1.008     1
      409   409     H     16_Index_0                   1      1.008     1

 Additional Bond Stretching Parameters :

     Atom Classes             K(S)         Length

       403 401             379.094         1.4000
       404 401             299.899         1.4000
       407 404             472.882         1.0100
       402 403             379.094         1.3900
       406 403             368.093         1.0900
       405 402             379.094         1.3900
       408 402             368.093         1.0900
       409 405             368.093         1.0900

 Additional Angle Bending Parameters :

     Atom Classes             K(B)          Angle

     402 403 401            74.631        120.460
     406 403 401            36.770        119.470
     407 404 401            42.780        113.180
     403 401 404            76.869        120.510
     403 401 403            74.631        120.580
     405 402 403            74.631        120.570
     408 402 403            36.770        119.310
     406 403 402            36.770        120.070
     402 405 402            74.631        119.120
     409 405 402            36.770        120.440
     408 402 405            36.770        120.110
     407 404 407            52.593        109.800

 Additional Stretch-Bend Parameters :

     Atom Classes          K(SB)-1        K(SB)-2

     402 403 401            20.453         20.453
     406 403 401            20.453         20.453
     407 404 401            32.661         32.661
     403 401 404            20.453         20.453
     403 401 403            20.453         20.453
     405 402 403            20.453         20.453
     408 402 403            20.453         20.453
     406 403 402            20.453         20.453
     402 405 402            20.453         20.453
     409 405 402            20.453         20.453
     408 402 405            20.453         20.453
     407 404 407            32.661         32.661

 Additional Out-of-Plane Bend Parameters :

     Atom Classes                   K(OPB)

     403 401   0   0                84.886
     401 403   0   0                84.886
     404 401   0   0                50.236
     404 407   0   0                 9.114
     402 403   0   0                84.886
     403 402   0   0                84.886
     406 403   0   0                72.814
     405 402   0   0                84.886
     402 405   0   0                84.886
     408 402   0   0                72.814
     409 405   0   0                72.814

 Additional Torsional Parameters :

     Atom Classes     1-Fold    2-Fold    3-Fold    4-Fold    5-Fold    6-Fold

   405 402 403 401   0.00   0  0.00 180  0.30   0  0.00   0  0.00   0  0.00   0
   408 402 403 401   0.00   0  0.00 180  0.30   0  0.00   0  0.00   0  0.00   0
   402 403 401 404   0.00   0  0.00 180  0.30   0  0.00   0  0.00   0  0.00   0
   406 403 401 404   0.00   0  0.00 180  0.30   0  0.00   0  0.00   0  0.00   0
   402 403 401 403   0.00   0  0.00 180  0.30   0  0.00   0  0.00   0  0.00   0
   406 403 401 403   0.00   0  0.00 180  0.30   0  0.00   0  0.00   0  0.00   0
   407 404 401 403   0.00   0  0.00 180  0.30   0  0.00   0  0.00   0  0.00   0
   402 405 402 403   0.00   0  0.00 180  0.30   0  0.00   0  0.00   0  0.00   0
   409 405 402 403   0.00   0  0.00 180  0.30   0  0.00   0  0.00   0  0.00   0
   406 403 402 405   0.00   0  0.00 180  0.30   0  0.00   0  0.00   0  0.00   0
   408 402 403 406   0.00   0  0.00 180  0.30   0  0.00   0  0.00   0  0.00   0
   409 405 402 408   0.00   0  0.00 180  0.30   0  0.00   0  0.00   0  0.00   0
   408 402 405 402   0.55   0 11.38 180 -0.55   0  0.00   0  0.00   0  0.00   0

 Additional Atomic Multipole Parameters :

     Atom Type     Coordinate Frame Definition         Multipole Moments

         401      403    403      0   Bisector     0.17959
                                                   0.00000  0.00000  0.19215
                                                  -0.06718
                                                   0.00000  0.20155
                                                   0.00000  0.00000 -0.13437

         404      407    407      0   Bisector    -0.31835
                                                   0.00000  0.00000  0.28917
                                                   0.58066
                                                   0.00000 -0.81508
                                                   0.00000  0.00000  0.23442

         403      406    402      0   Z-then-X    -0.05006
                                                   0.11458  0.00000  0.13840
                                                   0.04814
                                                   0.00000 -0.19558
                                                  -0.01792  0.00000  0.14744

         402      408    405      0   Z-then-X     0.05042
                                                   0.00457  0.00000 -0.09216
                                                  -0.15366
                                                   0.00000 -0.35533
                                                   0.03265  0.00000  0.50899

         405      402    402      0   Bisector    -0.05890
                                                   0.00000  0.00000 -0.13056
                                                   0.28936
                                                   0.00000 -0.22222
                                                   0.00000  0.00000 -0.06714

         407      404    407      0   Z-then-X     0.10138
                                                  -0.01612  0.00000 -0.17709
                                                  -0.00392
                                                   0.00000  0.07565
                                                   0.06919  0.00000 -0.07173

         406      403    402      0   Z-then-X    -0.00445
                                                   0.01170  0.00000 -0.19666
                                                   0.02080
                                                   0.00000  0.07184
                                                   0.02873  0.00000 -0.09264

         408      402    405      0   Z-then-X     0.00113
                                                   0.01318  0.00000 -0.18152
                                                   0.14976
                                                   0.00000 -0.01208
                                                   0.02331  0.00000 -0.13768

         409      405      0      0   Z-Only       0.00082
                                                   0.00000  0.00000 -0.18123
                                                   0.03430
                                                   0.00000  0.03430
                                                   0.00000  0.00000 -0.06860

 Additional Atomic Dipole Polarizability Parameters :

     Atom Type           Alpha       Thole     Group Atom Types

         401             2.064       0.390         403
         404             1.185       0.390         407
         403             2.064       0.390         401  402  406
         402             2.064       0.390         403  405  408
         405             2.064       0.390         402  409
         407             0.457       0.390         404
         406             0.432       0.390         403
         408             0.432       0.390         402
         409             0.432       0.390         405

 Additional van der Waals Parameters :

     Atom Class               Size        Epsilon        Reduction

         401                4.1200         0.1010          0.000
         402                3.8200         0.1010          0.000
         404                3.7100         0.1050          0.000
         407                2.7000         0.0200          0.910
         405                3.7800         0.1060          0.000
         403                3.8000         0.0890          0.000
         406                2.9800         0.0260          0.920
         408                2.9800         0.0260          0.920
         409                2.9800         0.0260          0.920

 Additional Solvation Parameters :

     Atom Type                PB Size     CS Size     GK Size

         406             2.5740      2.7580      2.9054
         408             2.5740      2.7580      2.9054
         409             2.5740      2.7580      2.9054
         407             2.9089      2.8360      3.5214
         403             3.8585      3.7660      3.8448
         401             3.6909      3.7660      4.4258
         402             3.8286      3.8930      4.5084
         405             3.8286      3.8930      4.5084
         404             3.4243      3.4910      4.2676

 Limited Memory BFGS Quasi-Newton Optimization :

 QN Iter     F Value      G RMS      F Move   X Move   Angle  FG Call  Comment

     0       74.6789    51.2444                                   1
     1       59.1704    51.7090     15.5084   0.0357    0.00      3    Success 
     2       46.9524    28.6717     12.2180   0.0248   45.01      4    Success 
     3       32.7839    16.8037     14.1685   0.0583   39.50      5    Success 
     4       26.2667    17.4507      6.5172   0.0486   42.05      6    Success 
     5       23.5726    25.8883      2.6941   0.0555   59.70      7    Success 
     6       20.8520    13.3611      2.7206   0.0155   54.99      8    Success 
     7       19.2552     8.7394      1.5968   0.0218   60.23      9    Success 
     8       18.2344     8.8665      1.0208   0.0247   68.93     10    Success 
     9       16.7636     7.1750      1.4708   0.0425   71.42     11    Success 
    10       16.0567    10.2119      0.7069   0.0328   69.55     13    Success 
    11       15.2272     5.3366      0.8295   0.0290   75.61     14    Success 
    12       14.7276     4.8392      0.4996   0.0208   66.80     15    Success 
    13       14.3230     7.5965      0.4046   0.0421   74.21     16    Success 
    14       13.9566     5.2100      0.3664   0.0114   56.83     17    Success 
    15       13.7465     2.6854      0.2102   0.0115   70.43     18    Success 
    16       13.6413     2.5938      0.1051   0.0094   71.33     19    Success 
    17       13.5138     2.7065      0.1275   0.0160   73.60     20    Success 
    18       13.4738     2.9908      0.0400   0.0085   78.16     22    Success 
    19       13.4185     1.9159      0.0553   0.0082   79.91     23    Success 
    20       13.3463     1.9030      0.0722   0.0173   80.23     24    Success 
    21       13.2185     2.5434      0.1278   0.0270   80.47     25    Success 
    22       13.0209     5.2339      0.1976   0.0494   83.13     26    Success 
    23       12.8379     8.5597      0.1830   0.0542   85.30     27    Success 
    24       12.5654     5.8125      0.2725   0.0060   65.05     28    Success 
    25       12.2407     2.6014      0.3247   0.0279   78.60     29    Success 
    26       12.1651     2.5022      0.0756   0.0078   62.09     30    Success 
    27       12.1197     1.6005      0.0454   0.0024   48.39     31    Success 
    28       12.0856     0.9209      0.0341   0.0030   47.50     32    Success 
    29       12.0697     1.7087      0.0159   0.0166   76.48     33    Success 
    30       12.0499     1.2135      0.0198   0.0020   57.63     34    Success 
    31       12.0343     0.8368      0.0156   0.0020   56.72     35    Success 
    32       12.0176     0.9846      0.0167   0.0059   75.62     36    Success 
    33       11.9918     1.2493      0.0257   0.0129   81.10     37    Success 
    34       11.9585     1.5051      0.0333   0.0228   83.91     38    Success 
    35       11.9224     1.8310      0.0361   0.0275   85.38     39    Success 
    36       11.8683     1.8382      0.0541   0.0228   84.19     40    Success 
    37       11.7962     2.2006      0.0722   0.0277   82.83     41    Success 
    38       11.7679     2.7384      0.0283   0.0293   83.54     42    Success 
    39       11.7444     1.4536      0.0235   0.0121   84.23     43    Success 
    40       11.7336     0.7998      0.0108   0.0061   81.90     45    Success 
    41       11.7292     0.4581      0.0044   0.0017   74.67     46    Success 
    42       11.7251     0.5523      0.0041   0.0030   75.94     47    Success 
    43       11.7198     0.7196      0.0054   0.0035   78.25     48    Success 
    44       11.7109     0.8264      0.0089   0.0048   79.57     49    Success 
    45       11.6989     1.1861      0.0120   0.0063   78.49     50    Success 
    46       11.6803     0.9995      0.0186   0.0087   82.16     51    Success 
    47       11.6523     1.1041      0.0280   0.0114   78.96     52    Success 
    48       11.6262     1.9975      0.0261   0.0171   79.97     53    Success 
    49       11.5918     1.3041      0.0344   0.0124   82.88     54    Success 
    50       11.5505     1.9473      0.0414   0.0110   74.82     55    Success 
    51       11.5073     1.5771      0.0432   0.0073   70.54     56    Success 
    52       11.4807     2.0152      0.0266   0.0127   82.02     58    Success 
    53       11.4458     1.6357      0.0349   0.0056   76.23     59    Success 
    54       11.4095     2.7280      0.0363   0.0157   80.80     60    Success 
    55       11.3740     1.6261      0.0354   0.0047   70.55     61    Success 
    56       11.3299     2.2483      0.0442   0.0162   82.04     62    Success 
    57       11.2811     2.9174      0.0487   0.0184   82.80     63    Success 
    58       11.2350     1.5557      0.0461   0.0039   59.80     64    Success 
    59       11.1964     1.6325      0.0386   0.0147   82.22     65    Success 
    60       11.1670     2.1478      0.0293   0.0158   82.63     66    Success 
    61       11.1464     1.2944      0.0207   0.0025   66.14     67    Success 
    62       11.1266     1.2127      0.0198   0.0092   82.03     68    Success 
    63       11.1073     1.3677      0.0193   0.0110   79.96     69    Success 
    64       11.0900     1.1592      0.0173   0.0039   76.57     70    Success 
    65       11.0616     1.1263      0.0284   0.0071   75.75     71    Success 
    66       11.0215     1.7576      0.0401   0.0151   78.64     72    Success 
    67       11.0021     1.6261      0.0194   0.0123   77.42     73    Success 
    68       10.9773     1.6160      0.0248   0.0112   82.81     74    Success 
    69       10.9487     1.7145      0.0286   0.0057   73.51     75    Success 
    70       10.9227     1.6303      0.0260   0.0060   78.80     76    Success 
    71       10.8890     2.1903      0.0337   0.0143   82.46     77    Success 
    72       10.8440     1.5702      0.0450   0.0153   83.22     78    Success 
    73       10.8004     2.3400      0.0436   0.0244   83.48     79    Success 
    74       10.7644     2.1540      0.0359   0.0130   80.27     80    Success 
    75       10.7151     2.0231      0.0494   0.0228   85.07     81    Success 
    76       10.6742     1.6733      0.0409   0.0135   81.19     82    Success 
    77       10.6433     1.2790      0.0308   0.0087   80.99     83    Success 
    78       10.6010     1.3176      0.0424   0.0177   80.78     84    Success 
    79       10.5724     2.1774      0.0286   0.0198   79.01     85    Success 
    80       10.5625     2.1596      0.0099   0.0088   86.71     87    Success 
    81       10.5459     1.5036      0.0166   0.0022   75.56     88    Success 
    82       10.5202     0.9995      0.0257   0.0061   77.75     89    Success 
    83       10.4896     1.4184      0.0306   0.0137   79.33     90    Success 
    84       10.4510     1.8009      0.0387   0.0164   82.99     91    Success 
    85       10.3982     2.5774      0.0528   0.0253   84.26     92    Success 
    86       10.3217     2.2310      0.0765   0.0201   83.12     93    Success 
    87       10.2829     3.0046      0.0388   0.0217   85.37     95    Success 
    88       10.2145     2.6304      0.0684   0.0117   82.57     96    Success 
    89       10.1056     2.4473      0.1089   0.0168   79.53     97    Success 
    90        9.9526     2.2312      0.1530   0.0311   80.31     98    Success 
    91        9.8809     3.9689      0.0717   0.0270   73.87     99    Success 
    92        9.8170     3.2371      0.0639   0.0292   85.82    100    Success 
    93        9.7508     1.5077      0.0663   0.0067   70.33    101    Success 
    94        9.7117     1.3293      0.0391   0.0059   70.73    102    Success 
    95        9.6693     2.2972      0.0424   0.0163   77.75    103    Success 
    96        9.6359     1.4197      0.0334   0.0075   77.66    104    Success 
    97        9.6107     1.5234      0.0252   0.0099   82.70    105    Success 
    98        9.5707     1.1815      0.0401   0.0099   78.70    106    Success 
    99        9.5202     1.5557      0.0504   0.0246   80.67    107    Success 
   100        9.5072     3.5048      0.0130   0.0176   77.49    108    Success 
   101        9.4848     2.6326      0.0225   0.0010   62.72    109    Success 
   102        9.4513     1.3361      0.0335   0.0052   78.89    110    Success 
   103        9.4238     1.3052      0.0274   0.0042   60.97    111    Success 
   104        9.4012     2.2064      0.0227   0.0167   83.18    112    Success 
   105        9.3633     1.8209      0.0379   0.0060   78.48    113    Success 
   106        9.3126     1.5034      0.0507   0.0146   80.33    114    Success 
   107        9.2997     2.4613      0.0129   0.0184   79.72    115    Success 
   108        9.2811     1.4867      0.0186   0.0048   82.59    116    Success 
   109        9.2658     1.1267      0.0153   0.0045   72.55    117    Success 
   110        9.2546     0.8780      0.0112   0.0017   62.82    118    Success 
   111        9.2369     0.8106      0.0177   0.0056   74.61    119    Success 
   112        9.2115     1.0580      0.0255   0.0128   78.45    120    Success 
   113        9.1961     2.2491      0.0154   0.0216   82.46    121    Success 
   114        9.1706     1.5602      0.0254   0.0029   73.77    122    Success 
   115        9.1295     1.1518      0.0411   0.0057   70.47    123    Success 
   116        9.0726     1.1455      0.0568   0.0143   72.86    124    Success 
   117        9.0459     1.9228      0.0267   0.0162   81.01    126    Success 
   118        9.0129     1.0913      0.0330   0.0101   80.67    127    Success 
   119        8.9942     1.0088      0.0188   0.0053   72.24    128    Success 
   120        8.9763     0.9366      0.0179   0.0075   76.17    129    Success 
   121        8.9658     1.6086      0.0104   0.0046   70.26    130    Success 
   122        8.9513     1.0060      0.0146   0.0054   81.88    131    Success 
   123        8.9352     0.9093      0.0160   0.0039   66.94    132    Success 
   124        8.9247     0.7404      0.0105   0.0044   76.82    133    Success 
   125        8.9144     0.7932      0.0103   0.0055   74.19    134    Success 
   126        8.9068     1.0260      0.0076   0.0044   71.39    135    Success 
   127        8.8994     0.6873      0.0074   0.0011   60.45    136    Success 
   128        8.8887     0.5550      0.0107   0.0028   62.96    137    Success 
   129        8.8784     0.6270      0.0103   0.0046   70.72    138    Success 
   130        8.8708     1.3463      0.0076   0.0065   72.71    139    Success 
   131        8.8606     0.6501      0.0102   0.0035   79.17    140    Success 
   132        8.8544     0.4495      0.0062   0.0030   74.39    141    Success 
   133        8.8494     0.5316      0.0050   0.0034   74.54    142    Success 
   134        8.8433     0.7888      0.0061   0.0053   77.97    143    Success 
   135        8.8350     0.5874      0.0084   0.0064   82.41    144    Success 
   136        8.8252     0.7589      0.0098   0.0108   81.44    145    Success 
   137        8.8185     0.9199      0.0067   0.0102   81.47    146    Success 
   138        8.8125     0.4743      0.0060   0.0009   54.55    147    Success 
   139        8.8078     0.3459      0.0046   0.0023   68.19    148    Success 
   140        8.8042     0.4371      0.0036   0.0033   75.22    149    Success 
   141        8.8012     0.6076      0.0031   0.0059   80.54    150    Success 
   142        8.7982     0.3057      0.0030   0.0022   78.31    151    Success 
   143        8.7965     0.2639      0.0017   0.0021   76.83    152    Success 
   144        8.7946     0.3623      0.0019   0.0019   68.39    153    Success 
   145        8.7924     0.3499      0.0023   0.0022   75.34    154    Success 
   146        8.7897     0.3523      0.0026   0.0022   74.31    155    Success 
   147        8.7864     0.4971      0.0034   0.0035   75.33    156    Success 
   148        8.7826     0.5438      0.0038   0.0043   79.75    157    Success 
   149        8.7789     0.4597      0.0037   0.0029   79.33    158    Success 
   150        8.7741     0.3685      0.0048   0.0053   79.75    159    Success 
   151        8.7702     0.5088      0.0039   0.0057   78.95    160    Success 
   152        8.7666     0.4044      0.0036   0.0034   78.57    161    Success 
   153        8.7637     0.3720      0.0029   0.0042   80.36    162    Success 
   154        8.7610     0.3924      0.0027   0.0029   74.84    163    Success 
   155        8.7582     0.3396      0.0027   0.0026   77.38    164    Success 
   156        8.7552     0.3586      0.0031   0.0039   76.09    165    Success 
   157        8.7533     0.4129      0.0019   0.0041   81.16    166    Success 
   158        8.7517     0.2931      0.0016   0.0012   74.82    167    Success 
   159        8.7498     0.3055      0.0019   0.0048   82.12    168    Success 
   160        8.7484     0.4547      0.0014   0.0018   73.91    169    Success 
   161        8.7465     0.3459      0.0019   0.0023   82.55    170    Success 
   162        8.7436     0.3003      0.0029   0.0030   77.60    171    Success 
   163        8.7402     0.4455      0.0034   0.0055   77.91    172    Success 
   164        8.7374     0.4890      0.0028   0.0041   81.74    173    Success 
   165        8.7342     0.4451      0.0033   0.0034   81.84    174    Success 
   166        8.7313     0.7471      0.0029   0.0071   83.07    175    Success 
   167        8.7276     0.3423      0.0037   0.0017   74.21    176    Success 
   168        8.7258     0.2906      0.0018   0.0032   82.22    177    Success 
   169        8.7235     0.4332      0.0023   0.0024   72.31    178    Success 
   170        8.7211     0.4483      0.0025   0.0074   85.24    179    Success 
   171        8.7190     0.2788      0.0020   0.0024   80.44    180    Success 
   172        8.7179     0.2167      0.0011   0.0020   75.03    181    Success 
   173        8.7171     0.2356      0.0008   0.0026   82.46    182    Success 
   174        8.7163     0.2139      0.0008   0.0013   77.74    183    Success 
   175        8.7152     0.2397      0.0011   0.0021   77.68    184    Success 
   176        8.7138     0.2639      0.0014   0.0034   81.05    185    Success 
   177        8.7121     0.2985      0.0017   0.0024   78.37    186    Success 
   178        8.7100     0.3770      0.0021   0.0046   81.81    187    Success 
   179        8.7073     0.2739      0.0027   0.0039   80.40    188    Success 
   180        8.7052     0.3790      0.0022   0.0030   76.17    189    Success 
   181        8.7023     0.3273      0.0029   0.0034   78.50    190    Success 
   182        8.6993     0.4333      0.0030   0.0051   80.50    191    Success 
   183        8.6971     0.5489      0.0023   0.0046   79.91    192    Success 
   184        8.6943     0.3587      0.0028   0.0046   83.95    193    Success 
   185        8.6926     0.2988      0.0017   0.0014   71.43    194    Success 
   186        8.6910     0.3112      0.0016   0.0047   84.03    195    Success 
   187        8.6888     0.3919      0.0022   0.0036   80.36    196    Success 
   188        8.6855     0.3134      0.0033   0.0057   83.43    197    Success 
   189        8.6814     0.4850      0.0041   0.0088   81.88    198    Success 
   190        8.6779     0.5347      0.0035   0.0060   80.40    199    Success 
   191        8.6741     0.4774      0.0037   0.0053   84.13    200    Success 
   192        8.6686     0.5267      0.0055   0.0038   75.86    201    Success 
   193        8.6624     0.8862      0.0062   0.0135   84.75    202    Success 
   194        8.6557     0.7798      0.0068   0.0044   79.23    203    Success 
   195        8.6494     0.7321      0.0063   0.0103   84.84    204    Success 
   196        8.6441     0.5815      0.0053   0.0076   85.32    205    Success 
   197        8.6403     0.4036      0.0038   0.0056   83.40    206    Success 
   198        8.6380     0.7060      0.0024   0.0120   86.48    207    Success 
   199        8.6353     0.4664      0.0027   0.0023   80.14    208    Success 
   200        8.6332     0.2305      0.0021   0.0040   83.73    209    Success 
   201        8.6323     0.2465      0.0009   0.0035   84.77    210    Success 
   202        8.6310     0.2859      0.0013   0.0045   84.69    211    Success 
   203        8.6291     0.3872      0.0020   0.0041   82.28    212    Success 
   204        8.6262     0.4115      0.0029   0.0087   86.08    213    Success 
   205        8.6219     0.3935      0.0043   0.0079   83.98    214    Success 
   206        8.6195     1.0105      0.0023   0.0175   85.79    215    Success 
   207        8.6157     0.7606      0.0038   0.0016   80.57    216    Success 
   208        8.6100     0.4286      0.0057   0.0051   83.36    217    Success 
   209        8.6039     0.3784      0.0060   0.0110   83.04    218    Success 
   210        8.6004     0.7842      0.0036   0.0138   85.02    219    Success 
   211        8.5960     0.4579      0.0044   0.0024   77.87    220    Success 
   212        8.5923     0.6246      0.0037   0.0116   85.66    221    Success 
   213        8.5883     0.5686      0.0039   0.0032   78.76    222    Success 
   214        8.5826     0.5803      0.0057   0.0109   85.80    223    Success 
   215        8.5757     0.6488      0.0069   0.0135   85.07    224    Success 
   216        8.5717     0.7077      0.0040   0.0052   78.35    225    Success 
   217        8.5675     0.6057      0.0042   0.0087   86.49    226    Success 
   218        8.5638     0.6241      0.0037   0.0024   70.06    227    Success 
   219        8.5602     0.4955      0.0036   0.0090   86.85    228    Success 
   220        8.5571     0.3324      0.0031   0.0051   83.67    229    Success 
   221        8.5555     0.2846      0.0015   0.0043   84.41    230    Success 
   222        8.5547     0.3596      0.0009   0.0049   84.07    231    Success 
   223        8.5537     0.1618      0.0009   0.0005   62.36    232    Success 
   224        8.5530     0.2376      0.0007   0.0031   81.72    233    Success 
   225        8.5524     0.1908      0.0006   0.0007   71.94    234    Success 
   226        8.5516     0.1880      0.0008   0.0028   83.02    235    Success 
   227        8.5503     0.2375      0.0013   0.0044   83.15    236    Success 
   228        8.5484     0.3432      0.0019   0.0065   84.36    237    Success 
   229        8.5463     0.5534      0.0021   0.0084   85.59    238    Success 
   230        8.5434     0.4090      0.0030   0.0074   86.67    239    Success 
   231        8.5395     0.3540      0.0039   0.0093   85.01    240    Success 
   232        8.5369     0.7369      0.0026   0.0160   85.90    241    Success 
   233        8.5353     0.6721      0.0016   0.0033   82.90    242    Success 
   234        8.5330     0.4132      0.0023   0.0039   85.89    243    Success 
   235        8.5306     0.4176      0.0024   0.0087   86.39    244    Success 
   236        8.5288     0.3942      0.0018   0.0027   83.39    245    Success 
   237        8.5261     0.3868      0.0027   0.0065   85.40    246    Success 
   238        8.5246     0.7989      0.0015   0.0078   83.91    247    Success 
   239        8.5224     0.4867      0.0023   0.0041   87.00    248    Success 
   240        8.5202     0.2653      0.0022   0.0052   85.42    249    Success 
   241        8.5192     0.5716      0.0010   0.0115   87.46    250    Success 
   242        8.5176     0.4879      0.0016   0.0017   83.16    251    Success 
   243        8.5147     0.4077      0.0028   0.0050   85.45    252    Success 
   244        8.5101     0.3353      0.0047   0.0113   85.85    253    Success 
   245        8.5034     0.4802      0.0067   0.0178   84.72    254    Success 
   246        8.4988     0.7735      0.0045   0.0193   85.14    255    Success 
   247        8.4971     0.5320      0.0017   0.0035   85.68    257    Success 
   248        8.4948     0.3567      0.0023   0.0042   84.72    258    Success 
   249        8.4926     0.3712      0.0023   0.0033   81.78    259    Success 
   250        8.4890     0.4674      0.0036   0.0070   84.03    260    Success 
   251        8.4846     0.6525      0.0044   0.0095   84.61    261    Success 
   252        8.4807     0.5901      0.0039   0.0099   85.41    262    Success 
   253        8.4783     0.3007      0.0024   0.0018   77.28    263    Success 
   254        8.4772     0.3076      0.0011   0.0051   85.22    265    Success 
   255        8.4764     0.2021      0.0008   0.0007   69.65    266    Success 
   256        8.4756     0.1578      0.0008   0.0018   80.49    267    Success 
   257        8.4744     0.1638      0.0012   0.0043   81.94    268    Success 
   258        8.4737     0.3229      0.0007   0.0060   83.42    269    Success 
   259        8.4731     0.2004      0.0006   0.0021   84.29    270    Success 
   260        8.4727     0.1478      0.0004   0.0005   74.93    271    Success 
   261        8.4721     0.1440      0.0006   0.0023   82.38    272    Success 
   262        8.4712     0.2066      0.0009   0.0051   84.24    273    Success 
   263        8.4705     0.3422      0.0008   0.0083   86.46    274    Success 
   264        8.4697     0.1933      0.0008   0.0033   86.66    275    Success 
   265        8.4691     0.1458      0.0005   0.0027   84.83    276    Success 
   266        8.4687     0.1459      0.0004   0.0018   82.57    277    Success 
   267        8.4683     0.1913      0.0004   0.0027   83.31    278    Success 
   268        8.4678     0.1588      0.0005   0.0009   76.78    279    Success 
   269        8.4672     0.1854      0.0007   0.0029   82.92    280    Success 
   270        8.4663     0.2031      0.0008   0.0022   79.12    281    Success 
   271        8.4655     0.2071      0.0008   0.0043   85.41    282    Success 
   272        8.4647     0.2551      0.0008   0.0046   83.96    283    Success 
   273        8.4641     0.1271      0.0006   0.0009   76.09    284    Success 
   274        8.4638     0.1275      0.0003   0.0008   74.90    285    Success 
   275        8.4633     0.1492      0.0004   0.0010   71.70    286    Success 
   276        8.4628     0.2345      0.0005   0.0018   78.58    287    Success 
   277        8.4621     0.1743      0.0007   0.0024   84.65    288    Success 
   278        8.4612     0.1574      0.0009   0.0049   84.55    289    Success 
   279        8.4603     0.2454      0.0008   0.0070   85.09    290    Success 
   280        8.4595     0.2043      0.0008   0.0037   85.74    291    Success 
   281        8.4586     0.1814      0.0010   0.0032   82.72    292    Success 
   282        8.4578     0.2511      0.0008   0.0052   84.66    293    Success 
   283        8.4573     0.2096      0.0005   0.0019   81.48    294    Success 
   284        8.4569     0.1174      0.0004   0.0007   78.24    295    Success 
   285        8.4566     0.1185      0.0003   0.0015   80.19    296    Success 
   286        8.4562     0.1533      0.0004   0.0019   82.70    297    Success 
   287        8.4556     0.1815      0.0006   0.0025   83.42    298    Success 
   288        8.4547     0.2180      0.0009   0.0032   83.15    299    Success 
   289        8.4534     0.2641      0.0013   0.0057   84.93    300    Success 
   290        8.4519     0.2874      0.0014   0.0053   83.90    301    Success 
   291        8.4506     0.2122      0.0013   0.0032   82.67    302    Success 
   292        8.4496     0.1855      0.0010   0.0020   74.93    303    Success 
   293        8.4490     0.1962      0.0005   0.0014   77.69    304    Success 
   294        8.4486     0.1552      0.0005   0.0026   85.86    305    Success 
   295        8.4481     0.1691      0.0005   0.0051   86.06    306    Success 
   296        8.4478     0.1269      0.0002   0.0029   87.19    307    Success 
   297        8.4477     0.0921      0.0002   0.0012   84.36    308   SmallGrad

 LBFGS  --  Normal Termination due to SmallGrad

 Final Function Value :            8.44765865
 Final RMS Gradient :              0.09209270
 Final Gradient Norm :             0.37970792
