
     ######################################################################
   ##########################################################################
  ###                                                                      ###
 ###            Tinker  ---  Software Tools for Molecular Design            ###
 ##                                                                          ##
 ##                      Version 8.9.4   September 2021                      ##
 ##                                                                          ##
 ##               Copyright (c)  Jay William Ponder  1990-2021               ##
 ###                           All Rights Reserved                          ###
  ###                                                                      ###
   ##########################################################################
     ######################################################################


 Additional Atom Definition Parameters :

     Type  Class  Symbol  Description               Atomic    Mass   Valence

      401   401     C     16_Index_0                   6     12.011     3
      404   404     N     16_Index_0                   7     14.007     3
      403   403     C     16_Index_0                   6     12.011     3
      402   402     C     16_Index_0                   6     12.011     3
      405   405     C     16_Index_0                   6     12.011     3
      407   407     H     16_Index_0                   1      1.008     1
      406   406     H     16_Index_0                   1      1.008     1
      408   408     H     16_Index_0                   1      1.008     1
      409   409     H     16_Index_0                   1      1.008     1

 Additional Bond Stretching Parameters :

     Atom Classes             K(S)         Length

       403 401             379.094         1.4000
       404 401             299.899         1.4000
       407 404             472.882         1.0100
       402 403             379.094         1.3900
       406 403             368.093         1.0900
       405 402             379.094         1.3900
       408 402             368.093         1.0900
       409 405             368.093         1.0900

 Additional Angle Bending Parameters :

     Atom Classes             K(B)          Angle

     402 403 401            74.631        120.460
     406 403 401            36.770        119.470
     407 404 401            42.780        113.180
     403 401 404            76.869        120.510
     403 401 403            74.631        120.580
     405 402 403            74.631        120.570
     408 402 403            36.770        119.310
     406 403 402            36.770        120.070
     402 405 402            74.631        119.120
     409 405 402            36.770        120.440
     408 402 405            36.770        120.110
     407 404 407            52.593        109.800

 Additional Stretch-Bend Parameters :

     Atom Classes          K(SB)-1        K(SB)-2

     402 403 401            20.453         20.453
     406 403 401            20.453         20.453
     407 404 401            32.661         32.661
     403 401 404            20.453         20.453
     403 401 403            20.453         20.453
     405 402 403            20.453         20.453
     408 402 403            20.453         20.453
     406 403 402            20.453         20.453
     402 405 402            20.453         20.453
     409 405 402            20.453         20.453
     408 402 405            20.453         20.453
     407 404 407            32.661         32.661

 Additional Out-of-Plane Bend Parameters :

     Atom Classes                   K(OPB)

     403 401   0   0                84.886
     401 403   0   0                84.886
     404 401   0   0                50.236
     404 407   0   0                 9.114
     402 403   0   0                84.886
     403 402   0   0                84.886
     406 403   0   0                72.814
     405 402   0   0                84.886
     402 405   0   0                84.886
     408 402   0   0                72.814
     409 405   0   0                72.814

 Additional Torsional Parameters :

     Atom Classes     1-Fold    2-Fold    3-Fold    4-Fold    5-Fold    6-Fold

   405 402 403 401   0.00   0  0.00 180  0.30   0  0.00   0  0.00   0  0.00   0
   408 402 403 401   0.00   0  0.00 180  0.30   0  0.00   0  0.00   0  0.00   0
   402 403 401 404   0.00   0  0.00 180  0.30   0  0.00   0  0.00   0  0.00   0
   406 403 401 404   0.00   0  0.00 180  0.30   0  0.00   0  0.00   0  0.00   0
   402 403 401 403   0.00   0  0.00 180  0.30   0  0.00   0  0.00   0  0.00   0
   406 403 401 403   0.00   0  0.00 180  0.30   0  0.00   0  0.00   0  0.00   0
   407 404 401 403   0.00   0  0.00 180  0.30   0  0.00   0  0.00   0  0.00   0
   402 405 402 403   0.00   0  0.00 180  0.30   0  0.00   0  0.00   0  0.00   0
   409 405 402 403   0.00   0  0.00 180  0.30   0  0.00   0  0.00   0  0.00   0
   406 403 402 405   0.00   0  0.00 180  0.30   0  0.00   0  0.00   0  0.00   0
   408 402 403 406   0.00   0  0.00 180  0.30   0  0.00   0  0.00   0  0.00   0
   409 405 402 408   0.00   0  0.00 180  0.30   0  0.00   0  0.00   0  0.00   0
   408 402 405 402   0.55   0 11.38 180 -0.55   0  0.00   0  0.00   0  0.00   0

 Additional Atomic Multipole Parameters :

     Atom Type     Coordinate Frame Definition         Multipole Moments

         401      403    403      0   Bisector     0.17959
                                                   0.00000  0.00000  0.19215
                                                  -0.06718
                                                   0.00000  0.20155
                                                   0.00000  0.00000 -0.13437

         404      407    407      0   Bisector    -0.31835
                                                   0.00000  0.00000  0.28917
                                                   0.58066
                                                   0.00000 -0.81508
                                                   0.00000  0.00000  0.23442

         403      406    402      0   Z-then-X    -0.05006
                                                   0.11458  0.00000  0.13840
                                                   0.04814
                                                   0.00000 -0.19558
                                                  -0.01792  0.00000  0.14744

         402      408    405      0   Z-then-X     0.05042
                                                   0.00457  0.00000 -0.09216
                                                  -0.15366
                                                   0.00000 -0.35533
                                                   0.03265  0.00000  0.50899

         405      402    402      0   Bisector    -0.05890
                                                   0.00000  0.00000 -0.13056
                                                   0.28936
                                                   0.00000 -0.22222
                                                   0.00000  0.00000 -0.06714

         407      404    407      0   Z-then-X     0.10138
                                                  -0.01612  0.00000 -0.17709
                                                  -0.00392
                                                   0.00000  0.07565
                                                   0.06919  0.00000 -0.07173

         406      403    402      0   Z-then-X    -0.00445
                                                   0.01170  0.00000 -0.19666
                                                   0.02080
                                                   0.00000  0.07184
                                                   0.02873  0.00000 -0.09264

         408      402    405      0   Z-then-X     0.00113
                                                   0.01318  0.00000 -0.18152
                                                   0.14976
                                                   0.00000 -0.01208
                                                   0.02331  0.00000 -0.13768

         409      405      0      0   Z-Only       0.00082
                                                   0.00000  0.00000 -0.18123
                                                   0.03430
                                                   0.00000  0.03430
                                                   0.00000  0.00000 -0.06860

 Additional Atomic Dipole Polarizability Parameters :

     Atom Type           Alpha       Thole     Group Atom Types

         401             2.064       0.390         403
         404             1.185       0.390         407
         403             2.064       0.390         401  402  406
         402             2.064       0.390         403  405  408
         405             2.064       0.390         402  409
         407             0.457       0.390         404
         406             0.432       0.390         403
         408             0.432       0.390         402
         409             0.432       0.390         405

 Additional van der Waals Parameters :

     Atom Class               Size        Epsilon        Reduction

         401                4.1200         0.1010          0.000
         402                3.8200         0.1010          0.000
         404                3.7100         0.1050          0.000
         407                2.7000         0.0200          0.910
         405                3.7800         0.1060          0.000
         403                3.8000         0.0890          0.000
         406                2.9800         0.0260          0.920
         408                2.9800         0.0260          0.920
         409                2.9800         0.0260          0.920

 Additional Solvation Parameters :

     Atom Type                PB Size     CS Size     GK Size

         406             2.5740      2.7580      2.9054
         408             2.5740      2.7580      2.9054
         409             2.5740      2.7580      2.9054
         407             2.9089      2.8360      3.5214
         403             3.8585      3.7660      3.8448
         401             3.6909      3.7660      4.4258
         402             3.8286      3.8930      4.5084
         405             3.8286      3.8930      4.5084
         404             3.4243      3.4910      4.2676

 Limited Memory BFGS Quasi-Newton Optimization :

 QN Iter     F Value      G RMS      F Move   X Move   Angle  FG Call  Comment

     0       72.0803    63.2265                                   1
     1       39.8107    68.9150     32.2696   0.1011    0.00      2    Success 
     2       27.9251    36.2817     11.8856   0.0616   44.56      3    Success 
     3       23.0326    17.8020      4.8925   0.0117   21.32      4    Success 
     4       20.7266     8.8977      2.3060   0.0138   19.88      5    Success 
     5       19.2724     8.4591      1.4542   0.0165   47.33      6    Success 
     6       17.3754    11.0947      1.8970   0.0328   52.00      7    Success 
     7       15.6310     8.9762      1.7443   0.0555   68.76      8    Success 
     8       14.9991     6.2296      0.6319   0.0140   67.50      9    Success 
     9       14.0776     5.6780      0.9215   0.0302   66.73     10    Success 
    10       13.2315     4.4712      0.8462   0.0454   74.37     11    Success 
    11       12.8066     7.3499      0.4249   0.0367   72.02     13    Success 
    12       12.3470     5.8006      0.4596   0.0460   82.20     14    Success 
    13       12.0506     4.1796      0.2964   0.0182   75.09     15    Success 
    14       11.7616     3.3623      0.2890   0.0339   79.79     16    Success 
    15       11.6383     4.9467      0.1233   0.0267   73.90     17    Success 
    16       11.5236     1.9728      0.1147   0.0043   48.84     18    Success 
    17       11.4938     1.2517      0.0297   0.0037   69.86     19    Success 
    18       11.4709     0.8585      0.0230   0.0024   40.04     20    Success 
    19       11.4594     1.5310      0.0115   0.0089   77.72     21    Success 
    20       11.4457     0.8787      0.0136   0.0018   66.60     22    Success 
    21       11.4317     0.6444      0.0140   0.0030   62.82     23    Success 
    22       11.4172     0.7752      0.0145   0.0052   71.04     24    Success 
    23       11.3964     1.1922      0.0208   0.0084   74.76     25    Success 
    24       11.3651     1.3031      0.0314   0.0131   80.98     26    Success 
    25       11.3202     1.7119      0.0449   0.0165   80.15     27    Success 
    26       11.2828     2.8785      0.0374   0.0188   80.53     28    Success 
    27       11.2307     1.5453      0.0521   0.0048   71.49     29    Success 
    28       11.2034     3.5139      0.0273   0.0234   80.25     30    Success 
    29       11.1614     2.1776      0.0420   0.0036   75.26     31    Success 
    30       11.1007     1.2493      0.0606   0.0094   75.95     32    Success 
    31       11.0236     1.6448      0.0771   0.0196   76.85     33    Success 
    32       10.9569     4.1840      0.0667   0.0304   79.54     34    Success 
    33       10.8722     2.1914      0.0847   0.0054   69.72     35    Success 
    34       10.8015     2.1832      0.0707   0.0130   77.84     36    Success 
    35       10.6959     2.7546      0.1056   0.0205   79.30     37    Success 
    36       10.5393     2.8626      0.1566   0.0220   78.17     38    Success 
    37       10.4581     4.6889      0.0812   0.0213   82.07     40    Success 
    38       10.3332     3.8764      0.1249   0.0116   79.92     41    Success 
    39       10.1891     3.5224      0.1441   0.0271   81.95     42    Success 
    40       10.1219     2.4046      0.0671   0.0088   64.92     43    Success 
    41       10.0586     2.0351      0.0634   0.0149   79.47     44    Success 
    42       10.0197     1.8805      0.0388   0.0030   61.37     45    Success 
    43        9.9636     1.8332      0.0562   0.0084   73.21     46    Success 
    44        9.9130     2.6952      0.0505   0.0141   75.16     47    Success 
    45        9.8567     1.7630      0.0563   0.0109   80.62     48    Success 
    46        9.8006     1.7170      0.0561   0.0098   74.63     49    Success 
    47        9.7473     2.6977      0.0533   0.0223   80.67     50    Success 
    48        9.6770     2.5842      0.0703   0.0112   77.97     51    Success 
    49        9.5730     2.2198      0.1040   0.0161   78.55     52    Success 
    50        9.4434     2.4080      0.1295   0.0297   79.29     53    Success 
    51        9.3575     2.8928      0.0859   0.0167   73.10     54    Success 
    52        9.2995     2.7387      0.0580   0.0194   83.75     56    Success 
    53        9.2309     2.1730      0.0686   0.0059   65.01     57    Success 
    54        9.1865     1.5218      0.0444   0.0087   76.32     58    Success 
    55        9.1623     1.2900      0.0242   0.0067   79.20     59    Success 
    56        9.1308     1.2788      0.0315   0.0105   77.92     60    Success 
    57        9.1052     1.4536      0.0257   0.0154   80.67     61    Success 
    58        9.0992     1.6980      0.0059   0.0038   60.97     62    Success 
    59        9.0890     1.3063      0.0102   0.0023   79.59     63    Success 
    60        9.0736     0.6535      0.0154   0.0042   77.27     64    Success 
    61        9.0617     0.8589      0.0119   0.0080   76.48     65    Success 
    62        9.0528     0.9256      0.0089   0.0018   59.49     66    Success 
    63        9.0388     0.7709      0.0140   0.0051   77.18     67    Success 
    64        9.0220     1.0794      0.0168   0.0094   76.85     68    Success 
    65        9.0074     0.8166      0.0146   0.0102   79.71     69    Success 
    66        8.9994     0.6741      0.0080   0.0016   62.15     70    Success 
    67        8.9876     0.7805      0.0118   0.0042   70.67     71    Success 
    68        8.9723     0.9577      0.0153   0.0065   74.72     72    Success 
    69        8.9685     1.8619      0.0039   0.0094   78.45     73    Success 
    70        8.9617     1.4254      0.0068   0.0009   74.69     74    Success 
    71        8.9522     0.7048      0.0094   0.0023   75.66     75    Success 
    72        8.9479     0.8674      0.0044   0.0068   79.50     76    Success 
    73        8.9435     0.5264      0.0044   0.0038   82.81     77    Success 
    74        8.9396     0.3771      0.0038   0.0016   71.47     78    Success 
    75        8.9341     0.3453      0.0055   0.0033   68.90     79    Success 
    76        8.9320     1.0091      0.0021   0.0050   70.87     80    Success 
    77        8.9288     0.5497      0.0032   0.0012   78.43     81    Success 
    78        8.9262     0.3524      0.0026   0.0011   64.89     82    Success 
    79        8.9246     0.4439      0.0016   0.0021   76.69     83    Success 
    80        8.9224     0.3969      0.0022   0.0014   74.80     84    Success 
    81        8.9195     0.4091      0.0029   0.0024   73.77     85    Success 
    82        8.9178     0.4622      0.0017   0.0038   77.73     86    Success 
    83        8.9165     0.1825      0.0012   0.0005   60.02     87    Success 
    84        8.9159     0.1699      0.0006   0.0005   59.67     88    Success 
    85        8.9152     0.1879      0.0007   0.0011   73.55     89    Success 
    86        8.9147     0.3167      0.0005   0.0016   74.54     90    Success 
    87        8.9142     0.1133      0.0005   0.0011   79.90     91    Success 
    88        8.9140     0.0790      0.0002   0.0003   67.94     92   SmallGrad

 LBFGS  --  Normal Termination due to SmallGrad

 Final Function Value :            8.91402989
 Final RMS Gradient :              0.07902779
 Final Gradient Norm :             0.32583994
