
     ######################################################################
   ##########################################################################
  ###                                                                      ###
 ###            Tinker  ---  Software Tools for Molecular Design            ###
 ##                                                                          ##
 ##                      Version 8.9.4   September 2021                      ##
 ##                                                                          ##
 ##               Copyright (c)  Jay William Ponder  1990-2021               ##
 ###                           All Rights Reserved                          ###
  ###                                                                      ###
   ##########################################################################
     ######################################################################


 Additional Atom Definition Parameters :

     Type  Class  Symbol  Description               Atomic    Mass   Valence

      401   401     C     16_Index_0                   6     12.011     3
      404   404     N     16_Index_0                   7     14.007     3
      403   403     C     16_Index_0                   6     12.011     3
      402   402     C     16_Index_0                   6     12.011     3
      405   405     C     16_Index_0                   6     12.011     3
      407   407     H     16_Index_0                   1      1.008     1
      406   406     H     16_Index_0                   1      1.008     1
      408   408     H     16_Index_0                   1      1.008     1
      409   409     H     16_Index_0                   1      1.008     1

 Additional Bond Stretching Parameters :

     Atom Classes             K(S)         Length

       403 401             379.094         1.4000
       404 401             299.899         1.4000
       407 404             472.882         1.0100
       402 403             379.094         1.3900
       406 403             368.093         1.0900
       405 402             379.094         1.3900
       408 402             368.093         1.0900
       409 405             368.093         1.0900

 Additional Angle Bending Parameters :

     Atom Classes             K(B)          Angle

     402 403 401            74.631        120.460
     406 403 401            36.770        119.470
     407 404 401            42.780        113.180
     403 401 404            76.869        120.510
     403 401 403            74.631        120.580
     405 402 403            74.631        120.570
     408 402 403            36.770        119.310
     406 403 402            36.770        120.070
     402 405 402            74.631        119.120
     409 405 402            36.770        120.440
     408 402 405            36.770        120.110
     407 404 407            52.593        109.800

 Additional Stretch-Bend Parameters :

     Atom Classes          K(SB)-1        K(SB)-2

     402 403 401            20.453         20.453
     406 403 401            20.453         20.453
     407 404 401            32.661         32.661
     403 401 404            20.453         20.453
     403 401 403            20.453         20.453
     405 402 403            20.453         20.453
     408 402 403            20.453         20.453
     406 403 402            20.453         20.453
     402 405 402            20.453         20.453
     409 405 402            20.453         20.453
     408 402 405            20.453         20.453
     407 404 407            32.661         32.661

 Additional Out-of-Plane Bend Parameters :

     Atom Classes                   K(OPB)

     403 401   0   0                84.886
     401 403   0   0                84.886
     404 401   0   0                50.236
     404 407   0   0                 9.114
     402 403   0   0                84.886
     403 402   0   0                84.886
     406 403   0   0                72.814
     405 402   0   0                84.886
     402 405   0   0                84.886
     408 402   0   0                72.814
     409 405   0   0                72.814

 Additional Torsional Parameters :

     Atom Classes     1-Fold    2-Fold    3-Fold    4-Fold    5-Fold    6-Fold

   405 402 403 401   0.00   0  0.00 180  0.30   0  0.00   0  0.00   0  0.00   0
   408 402 403 401   0.00   0  0.00 180  0.30   0  0.00   0  0.00   0  0.00   0
   402 403 401 404   0.00   0  0.00 180  0.30   0  0.00   0  0.00   0  0.00   0
   406 403 401 404   0.00   0  0.00 180  0.30   0  0.00   0  0.00   0  0.00   0
   402 403 401 403   0.00   0  0.00 180  0.30   0  0.00   0  0.00   0  0.00   0
   406 403 401 403   0.00   0  0.00 180  0.30   0  0.00   0  0.00   0  0.00   0
   407 404 401 403   0.00   0  0.00 180  0.30   0  0.00   0  0.00   0  0.00   0
   402 405 402 403   0.00   0  0.00 180  0.30   0  0.00   0  0.00   0  0.00   0
   409 405 402 403   0.00   0  0.00 180  0.30   0  0.00   0  0.00   0  0.00   0
   406 403 402 405   0.00   0  0.00 180  0.30   0  0.00   0  0.00   0  0.00   0
   408 402 403 406   0.00   0  0.00 180  0.30   0  0.00   0  0.00   0  0.00   0
   409 405 402 408   0.00   0  0.00 180  0.30   0  0.00   0  0.00   0  0.00   0
   408 402 405 402   0.55   0 11.38 180 -0.55   0  0.00   0  0.00   0  0.00   0

 Additional Atomic Multipole Parameters :

     Atom Type     Coordinate Frame Definition         Multipole Moments

         401      403    403      0   Bisector     0.17959
                                                   0.00000  0.00000  0.19215
                                                  -0.06718
                                                   0.00000  0.20155
                                                   0.00000  0.00000 -0.13437

         404      407    407      0   Bisector    -0.31835
                                                   0.00000  0.00000  0.28917
                                                   0.58066
                                                   0.00000 -0.81508
                                                   0.00000  0.00000  0.23442

         403      406    402      0   Z-then-X    -0.05006
                                                   0.11458  0.00000  0.13840
                                                   0.04814
                                                   0.00000 -0.19558
                                                  -0.01792  0.00000  0.14744

         402      408    405      0   Z-then-X     0.05042
                                                   0.00457  0.00000 -0.09216
                                                  -0.15366
                                                   0.00000 -0.35533
                                                   0.03265  0.00000  0.50899

         405      402    402      0   Bisector    -0.05890
                                                   0.00000  0.00000 -0.13056
                                                   0.28936
                                                   0.00000 -0.22222
                                                   0.00000  0.00000 -0.06714

         407      404    407      0   Z-then-X     0.10138
                                                  -0.01612  0.00000 -0.17709
                                                  -0.00392
                                                   0.00000  0.07565
                                                   0.06919  0.00000 -0.07173

         406      403    402      0   Z-then-X    -0.00445
                                                   0.01170  0.00000 -0.19666
                                                   0.02080
                                                   0.00000  0.07184
                                                   0.02873  0.00000 -0.09264

         408      402    405      0   Z-then-X     0.00113
                                                   0.01318  0.00000 -0.18152
                                                   0.14976
                                                   0.00000 -0.01208
                                                   0.02331  0.00000 -0.13768

         409      405      0      0   Z-Only       0.00082
                                                   0.00000  0.00000 -0.18123
                                                   0.03430
                                                   0.00000  0.03430
                                                   0.00000  0.00000 -0.06860

 Additional Atomic Dipole Polarizability Parameters :

     Atom Type           Alpha       Thole     Group Atom Types

         401             2.064       0.390         403
         404             1.185       0.390         407
         403             2.064       0.390         401  402  406
         402             2.064       0.390         403  405  408
         405             2.064       0.390         402  409
         407             0.457       0.390         404
         406             0.432       0.390         403
         408             0.432       0.390         402
         409             0.432       0.390         405

 Additional van der Waals Parameters :

     Atom Class               Size        Epsilon        Reduction

         401                4.1200         0.1010          0.000
         402                3.8200         0.1010          0.000
         404                3.7100         0.1050          0.000
         407                2.7000         0.0200          0.910
         405                3.7800         0.1060          0.000
         403                3.8000         0.0890          0.000
         406                2.9800         0.0260          0.920
         408                2.9800         0.0260          0.920
         409                2.9800         0.0260          0.920

 Additional Solvation Parameters :

     Atom Type                PB Size     CS Size     GK Size

         406             2.5740      2.7580      2.9054
         408             2.5740      2.7580      2.9054
         409             2.5740      2.7580      2.9054
         407             2.9089      2.8360      3.5214
         403             3.8585      3.7660      3.8448
         401             3.6909      3.7660      4.4258
         402             3.8286      3.8930      4.5084
         405             3.8286      3.8930      4.5084
         404             3.4243      3.4910      4.2676

 Limited Memory BFGS Quasi-Newton Optimization :

 QN Iter     F Value      G RMS      F Move   X Move   Angle  FG Call  Comment

     0      179.7585   157.4641                                   1
     1       77.0969    64.5365    102.6616   0.1011    0.00      2    Success 
     2       53.6392    34.5264     23.4577   0.0429   22.59      3    Success 
     3       42.3411    26.2317     11.2981   0.0304   36.08      4    Success 
     4       30.0672    26.3619     12.2739   0.0672   41.05      5    Success 
     5       25.2891    28.3216      4.7781   0.0588   56.34      6    Success 
     6       21.7198    13.4380      3.5693   0.0128   33.86      7    Success 
     7       19.1310    10.4203      2.5888   0.0249   50.86      8    Success 
     8       16.7797    10.5773      2.3513   0.0396   61.68      9    Success 
     9       15.0736    14.9519      1.7060   0.0546   68.41     10    Success 
    10       13.6075     7.0443      1.4661   0.0486   76.17     11    Success 
    11       13.0823     5.2368      0.5252   0.0111   60.21     12    Success 
    12       12.3713     5.0510      0.7111   0.0270   64.10     13    Success 
    13       12.0399     8.8399      0.3314   0.0418   73.49     14    Success 
    14       11.7043     3.2002      0.3356   0.0075   60.62     15    Success 
    15       11.5989     2.2228      0.1054   0.0078   70.00     16    Success 
    16       11.4944     2.1725      0.1045   0.0117   70.42     17    Success 
    17       11.3992     2.1962      0.0952   0.0130   70.88     18    Success 
    18       11.3589     2.0428      0.0404   0.0150   78.08     19    Success 
    19       11.3298     1.0090      0.0290   0.0017   45.38     20    Success 
    20       11.3078     0.8919      0.0220   0.0043   64.41     21    Success 
    21       11.2897     0.9701      0.0181   0.0072   75.78     22    Success 
    22       11.2841     1.7578      0.0056   0.0111   78.60     23    Success 
    23       11.2749     1.1225      0.0092   0.0005   46.41     24    Success 
    24       11.2639     0.5265      0.0110   0.0013   42.25     25    Success 
    25       11.2589     0.6320      0.0050   0.0011   53.88     26    Success 
    26       11.2503     0.7019      0.0086   0.0020   63.17     27    Success 
    27       11.2364     0.9285      0.0140   0.0039   68.45     28    Success 
    28       11.2163     0.8897      0.0200   0.0068   74.81     29    Success 
    29       11.1935     1.2563      0.0228   0.0121   77.90     30    Success 
    30       11.1717     1.3110      0.0218   0.0088   79.65     31    Success 
    31       11.1381     1.0082      0.0336   0.0102   78.91     32    Success 
    32       11.1009     1.6401      0.0372   0.0164   76.14     33    Success 
    33       11.0860     2.1538      0.0149   0.0128   78.49     34    Success 
    34       11.0633     1.2427      0.0227   0.0040   78.16     35    Success 
    35       11.0354     1.2275      0.0279   0.0032   49.00     36    Success 
    36       11.0138     2.2594      0.0216   0.0154   82.36     37    Success 
    37       10.9795     1.7832      0.0343   0.0056   78.35     38    Success 
    38       10.9289     1.3635      0.0507   0.0169   82.31     39    Success 
    39       10.9046     1.8515      0.0242   0.0123   80.04     41    Success 
    40       10.8754     1.2214      0.0292   0.0180   85.10     42    Success 
    41       10.8624     1.1062      0.0130   0.0033   63.94     43    Success 
    42       10.8457     1.0511      0.0167   0.0137   84.17     44    Success 
    43       10.8328     0.8800      0.0129   0.0062   80.69     45    Success 
    44       10.8202     0.8070      0.0126   0.0072   79.18     46    Success 
    45       10.8100     0.7877      0.0102   0.0104   82.70     47    Success 
    46       10.8019     0.5624      0.0081   0.0071   83.05     48    Success 
    47       10.7941     0.6330      0.0078   0.0091   81.22     49    Success 
    48       10.7860     0.8111      0.0081   0.0056   78.73     50    Success 
    49       10.7754     0.9573      0.0106   0.0138   85.14     51    Success 
    50       10.7602     0.9009      0.0152   0.0077   80.27     52    Success 
    51       10.7416     1.0823      0.0185   0.0187   83.88     53    Success 
    52       10.7235     1.0919      0.0181   0.0124   80.85     54    Success 
    53       10.7105     0.9117      0.0130   0.0047   78.84     55    Success 
    54       10.6919     0.8567      0.0187   0.0165   84.18     56    Success 
    55       10.6662     1.3193      0.0257   0.0120   77.71     57    Success 
    56       10.6495     2.0419      0.0167   0.0302   85.65     58    Success 
    57       10.6277     1.1322      0.0218   0.0060   80.77     59    Success 
    58       10.6047     1.2066      0.0230   0.0087   76.21     60    Success 
    59       10.5857     0.9591      0.0190   0.0095   82.91     61    Success 
    60       10.5616     1.1908      0.0241   0.0203   83.41     62    Success 
    61       10.5377     1.3563      0.0239   0.0129   79.37     63    Success 
    62       10.5227     0.7760      0.0150   0.0097   84.48     64    Success 
    63       10.5104     1.1660      0.0124   0.0060   73.53     65    Success 
    64       10.5026     0.8699      0.0078   0.0108   84.62     66    Success 
    65       10.4900     0.8312      0.0125   0.0049   77.64     67    Success 
    66       10.4707     0.7507      0.0193   0.0041   64.13     68    Success 
    67       10.4490     0.9622      0.0217   0.0111   74.20     69    Success 
    68       10.4335     1.3573      0.0154   0.0112   77.00     70    Success 
    69       10.4201     0.7682      0.0135   0.0040   78.38     71    Success 
    70       10.4075     0.6401      0.0126   0.0085   80.57     72    Success 
    71       10.3961     0.7211      0.0114   0.0112   82.73     73    Success 
    72       10.3855     1.2713      0.0106   0.0128   81.62     74    Success 
    73       10.3706     0.8283      0.0150   0.0095   84.28     75    Success 
    74       10.3524     0.8541      0.0182   0.0085   77.66     76    Success 
    75       10.3360     1.4003      0.0164   0.0153   82.45     77    Success 
    76       10.3185     0.9710      0.0175   0.0105   82.49     78    Success 
    77       10.3055     1.3807      0.0130   0.0138   83.12     79    Success 
    78       10.2882     1.0162      0.0173   0.0043   77.19     80    Success 
    79       10.2698     1.5699      0.0184   0.0173   83.37     81    Success 
    80       10.2509     1.3514      0.0190   0.0120   83.38     82    Success 
    81       10.2327     0.8362      0.0181   0.0092   82.66     83    Success 
    82       10.2213     1.3224      0.0114   0.0164   85.06     85    Success 
    83       10.2058     1.0761      0.0155   0.0075   82.27     86    Success 
    84       10.1894     1.2019      0.0164   0.0132   84.95     87    Success 
    85       10.1681     1.3955      0.0213   0.0172   84.63     88    Success 
    86       10.1417     1.1761      0.0264   0.0216   85.23     89    Success 
    87       10.1317     1.0479      0.0100   0.0034   73.08     91    Success 
    88       10.1160     0.9705      0.0157   0.0139   85.38     92    Success 
    89       10.0944     1.2367      0.0217   0.0181   83.98     93    Success 
    90       10.0605     1.3636      0.0339   0.0115   79.64     94    Success 
    91       10.0200     1.8532      0.0405   0.0142   78.14     95    Success 
    92        9.9693     1.1214      0.0507   0.0146   79.83     96    Success 
    93        9.9556     2.5674      0.0137   0.0235   82.44     97    Success 
    94        9.9324     2.1587      0.0232   0.0030   77.89     98    Success 
    95        9.8956     1.4634      0.0367   0.0057   77.25     99    Success 
    96        9.8412     1.0508      0.0544   0.0110   74.45    100    Success 
    97        9.7775     2.1949      0.0637   0.0338   79.95    101    Success 
    98        9.6891     1.5016      0.0884   0.0186   79.41    102    Success 
    99        9.6305     3.0003      0.0585   0.0320   80.38    103    Success 
   100        9.5712     2.5513      0.0594   0.0110   78.01    104    Success 
   101        9.5135     2.3530      0.0576   0.0219   82.82    105    Success 
   102        9.4682     1.5516      0.0453   0.0065   77.26    106    Success 
   103        9.4087     1.1921      0.0595   0.0215   80.79    107    Success 
   104        9.3693     1.4674      0.0395   0.0156   75.24    108    Success 
   105        9.3515     1.7669      0.0177   0.0215   84.31    109    Success 
   106        9.3326     1.1888      0.0189   0.0045   74.70    110    Success 
   107        9.3211     0.8342      0.0116   0.0046   76.82    111    Success 
   108        9.3115     0.8894      0.0096   0.0047   77.19    112    Success 
   109        9.3016     0.6806      0.0099   0.0076   82.23    113    Success 
   110        9.2918     0.9052      0.0098   0.0063   76.28    114    Success 
   111        9.2826     0.7112      0.0092   0.0049   77.95    115    Success 
   112        9.2734     0.5830      0.0092   0.0045   76.65    116    Success 
   113        9.2647     0.7319      0.0087   0.0074   75.91    117    Success 
   114        9.2610     0.8630      0.0037   0.0072   81.04    118    Success 
   115        9.2561     0.5778      0.0050   0.0032   80.93    119    Success 
   116        9.2508     0.4545      0.0052   0.0021   68.06    120    Success 
   117        9.2450     0.5220      0.0058   0.0044   76.32    121    Success 
   118        9.2397     0.9783      0.0054   0.0079   80.49    122    Success 
   119        9.2331     0.4854      0.0065   0.0062   84.21    123    Success 
   120        9.2292     0.3998      0.0039   0.0039   80.41    124    Success 
   121        9.2243     0.5189      0.0049   0.0050   78.42    125    Success 
   122        9.2191     0.6940      0.0053   0.0062   79.86    126    Success 
   123        9.2152     0.4432      0.0038   0.0038   80.15    127    Success 
   124        9.2130     0.3029      0.0023   0.0014   73.05    128    Success 
   125        9.2101     0.4057      0.0028   0.0016   62.44    129    Success 
   126        9.2062     0.5507      0.0040   0.0028   74.74    130    Success 
   127        9.2006     0.7105      0.0056   0.0048   79.79    131    Success 
   128        9.1922     0.6872      0.0084   0.0087   83.92    132    Success 
   129        9.1807     0.7760      0.0115   0.0128   83.58    133    Success 
   130        9.1692     1.2386      0.0115   0.0180   84.43    134    Success 
   131        9.1530     0.9142      0.0163   0.0063   80.04    135    Success 
   132        9.1366     0.9610      0.0164   0.0144   83.15    136    Success 
   133        9.1227     0.9581      0.0139   0.0121   82.79    137    Success 
   134        9.1083     0.7542      0.0144   0.0089   82.51    138    Success 
   135        9.0963     1.4277      0.0120   0.0193   83.31    139    Success 
   136        9.0818     0.9705      0.0145   0.0069   81.78    140    Success 
   137        9.0704     0.7863      0.0114   0.0034   71.57    141    Success 
   138        9.0596     0.6124      0.0108   0.0072   80.78    142    Success 
   139        9.0497     0.9646      0.0099   0.0094   78.74    143    Success 
   140        9.0424     0.8898      0.0073   0.0080   83.28    144    Success 
   141        9.0384     0.5702      0.0040   0.0030   78.40    145    Success 
   142        9.0338     0.4450      0.0046   0.0065   82.69    146    Success 
   143        9.0304     0.4464      0.0033   0.0036   81.85    147    Success 
   144        9.0248     0.4648      0.0057   0.0053   80.40    148    Success 
   145        9.0171     0.7279      0.0077   0.0069   77.97    149    Success 
   146        9.0076     0.6672      0.0095   0.0105   83.22    150    Success 
   147        8.9993     0.6993      0.0082   0.0055   79.40    151    Success 
   148        8.9866     0.7291      0.0128   0.0113   82.93    152    Success 
   149        8.9701     0.8996      0.0165   0.0120   80.10    153    Success 
   150        8.9587     1.1055      0.0114   0.0136   84.41    155    Success 
   151        8.9468     0.8791      0.0119   0.0053   76.75    156    Success 
   152        8.9365     0.5935      0.0103   0.0055   79.73    157    Success 
   153        8.9262     0.5563      0.0103   0.0078   78.43    158    Success 
   154        8.9190     0.7874      0.0072   0.0053   73.62    159    Success 
   155        8.9138     0.5543      0.0051   0.0043   80.65    160    Success 
   156        8.9104     0.4475      0.0035   0.0018   73.80    161    Success 
   157        8.9058     0.4945      0.0046   0.0019   63.63    162    Success 
   158        8.8999     0.7807      0.0059   0.0073   81.35    163    Success 
   159        8.8922     0.5413      0.0077   0.0065   82.18    164    Success 
   160        8.8843     0.5263      0.0080   0.0071   80.85    165    Success 
   161        8.8740     0.8332      0.0103   0.0123   81.68    166    Success 
   162        8.8635     0.8613      0.0105   0.0089   80.59    167    Success 
   163        8.8563     1.1438      0.0072   0.0144   85.36    168    Success 
   164        8.8459     0.6746      0.0104   0.0024   72.10    169    Success 
   165        8.8356     0.6452      0.0104   0.0078   79.87    170    Success 
   166        8.8268     0.6741      0.0088   0.0089   82.87    171    Success 
   167        8.8182     1.0126      0.0086   0.0164   84.64    172    Success 
   168        8.8097     0.4616      0.0086   0.0054   81.27    173    Success 
   169        8.8058     0.5385      0.0039   0.0072   83.45    174    Success 
   170        8.8020     0.6427      0.0038   0.0026   70.67    175    Success 
   171        8.7969     0.4684      0.0051   0.0054   82.81    176    Success 
   172        8.7918     0.4541      0.0051   0.0052   78.41    177    Success 
   173        8.7883     0.4819      0.0035   0.0039   80.18    178    Success 
   174        8.7828     0.4677      0.0055   0.0064   82.31    179    Success 
   175        8.7744     0.6285      0.0084   0.0113   82.97    180    Success 
   176        8.7619     0.6669      0.0125   0.0170   84.69    181    Success 
   177        8.7502     1.0460      0.0117   0.0177   82.86    182    Success 
   178        8.7441     1.3716      0.0061   0.0240   87.04    183    Success 
   179        8.7366     0.9360      0.0074   0.0040   82.54    184    Success 
   180        8.7291     0.4465      0.0076   0.0021   70.43    185    Success 
   181        8.7227     0.3952      0.0064   0.0054   77.63    186    Success 
   182        8.7164     0.8013      0.0062   0.0129   81.55    187    Success 
   183        8.7127     0.6241      0.0038   0.0060   83.15    188    Success 
   184        8.7102     0.3575      0.0024   0.0020   81.36    189    Success 
   185        8.7072     0.3541      0.0030   0.0034   77.40    190    Success 
   186        8.7044     0.3699      0.0028   0.0032   78.68    191    Success 
   187        8.7004     0.4229      0.0040   0.0088   84.18    192    Success 
   188        8.6951     0.4370      0.0053   0.0110   84.20    193    Success 
   189        8.6916     0.7757      0.0035   0.0107   82.30    194    Success 
   190        8.6876     0.3362      0.0040   0.0019   75.39    195    Success 
   191        8.6861     0.2492      0.0016   0.0010   65.98    196    Success 
   192        8.6841     0.4095      0.0020   0.0030   75.48    197    Success 
   193        8.6816     0.3380      0.0025   0.0039   81.67    198    Success 
   194        8.6787     0.3355      0.0029   0.0028   75.30    199    Success 
   195        8.6754     0.4180      0.0033   0.0050   78.30    200    Success 
   196        8.6724     0.4353      0.0029   0.0039   79.93    201    Success 
   197        8.6697     0.4010      0.0027   0.0047   82.90    202    Success 
   198        8.6667     0.3281      0.0030   0.0046   81.75    203    Success 
   199        8.6638     0.4362      0.0028   0.0060   81.21    204    Success 
   200        8.6611     0.3298      0.0027   0.0052   82.85    205    Success 
   201        8.6592     0.2660      0.0020   0.0024   78.57    206    Success 
   202        8.6567     0.3168      0.0024   0.0037   76.35    207    Success 
   203        8.6542     0.3965      0.0025   0.0056   81.96    208    Success 
   204        8.6516     0.3612      0.0025   0.0047   83.39    209    Success 
   205        8.6487     0.3643      0.0029   0.0076   83.75    210    Success 
   206        8.6462     0.3537      0.0025   0.0058   84.33    211    Success 
   207        8.6426     0.3775      0.0036   0.0088   84.58    212    Success 
   208        8.6382     0.4779      0.0044   0.0122   84.70    213    Success 
   209        8.6356     0.5622      0.0026   0.0109   85.29    214    Success 
   210        8.6331     0.3532      0.0025   0.0056   84.83    215    Success 
   211        8.6316     0.2481      0.0016   0.0019   78.18    216    Success 
   212        8.6302     0.2276      0.0014   0.0023   78.28    217    Success 
   213        8.6289     0.3138      0.0013   0.0058   84.28    218    Success 
   214        8.6277     0.2807      0.0013   0.0056   85.92    219    Success 
   215        8.6264     0.2366      0.0013   0.0038   84.82    220    Success 
   216        8.6243     0.2715      0.0021   0.0058   83.69    221    Success 
   217        8.6212     0.4235      0.0031   0.0078   83.36    222    Success 
   218        8.6166     0.3888      0.0045   0.0113   85.56    223    Success 
   219        8.6115     0.4792      0.0052   0.0124   84.16    224    Success 
   220        8.6095     0.5696      0.0020   0.0043   83.42    226    Success 
   221        8.6067     0.2685      0.0027   0.0032   82.63    227    Success 
   222        8.6054     0.1949      0.0014   0.0021   75.92    228    Success 
   223        8.6047     0.2998      0.0007   0.0023   79.56    229    Success 
   224        8.6040     0.1793      0.0007   0.0014   82.42    230    Success 
   225        8.6031     0.1938      0.0009   0.0039   83.26    231    Success 
   226        8.6024     0.3070      0.0008   0.0024   81.98    232    Success 
   227        8.6012     0.2724      0.0012   0.0019   81.19    233    Success 
   228        8.5998     0.3632      0.0014   0.0053   84.58    234    Success 
   229        8.5980     0.2240      0.0018   0.0077   86.68    235    Success 
   230        8.5964     0.2822      0.0016   0.0055   84.37    236    Success 
   231        8.5942     0.3441      0.0023   0.0099   86.18    237    Success 
   232        8.5916     0.4907      0.0026   0.0099   85.51    238    Success 
   233        8.5891     0.3809      0.0025   0.0057   85.40    239    Success 
   234        8.5865     0.2646      0.0026   0.0041   81.19    240    Success 
   235        8.5847     0.2920      0.0018   0.0050   83.25    241    Success 
   236        8.5828     0.3619      0.0019   0.0031   78.21    242    Success 
   237        8.5815     0.3291      0.0014   0.0044   83.59    243    Success 
   238        8.5805     0.1980      0.0010   0.0019   82.55    244    Success 
   239        8.5794     0.2048      0.0010   0.0028   81.19    245    Success 
   240        8.5784     0.2195      0.0011   0.0036   82.72    246    Success 
   241        8.5778     0.4516      0.0006   0.0043   82.22    247    Success 
   242        8.5770     0.2403      0.0009   0.0008   78.75    248    Success 
   243        8.5760     0.1835      0.0009   0.0015   77.66    249    Success 
   244        8.5752     0.2810      0.0008   0.0026   82.17    250    Success 
   245        8.5740     0.3194      0.0012   0.0036   84.31    251    Success 
   246        8.5728     0.3074      0.0013   0.0078   86.84    252    Success 
   247        8.5718     0.1810      0.0010   0.0043   85.94    253    Success 
   248        8.5712     0.1795      0.0006   0.0039   85.78    254    Success 
   249        8.5705     0.2143      0.0007   0.0032   84.12    255    Success 
   250        8.5699     0.3448      0.0006   0.0048   85.41    256    Success 
   251        8.5691     0.1836      0.0008   0.0022   85.03    257    Success 
   252        8.5682     0.1852      0.0009   0.0026   80.54    258    Success 
   253        8.5674     0.2394      0.0008   0.0035   84.55    259    Success 
   254        8.5663     0.3226      0.0011   0.0045   84.96    260    Success 
   255        8.5646     0.2702      0.0017   0.0073   86.87    261    Success 
   256        8.5619     0.3091      0.0027   0.0095   85.56    262    Success 
   257        8.5582     0.4332      0.0037   0.0133   85.61    263    Success 
   258        8.5530     0.5714      0.0051   0.0189   86.94    264    Success 
   259        8.5484     0.7622      0.0047   0.0161   86.22    265    Success 
   260        8.5438     0.4992      0.0046   0.0138   87.08    266    Success 
   261        8.5419     0.4198      0.0019   0.0025   78.70    267    Success 
   262        8.5408     0.3801      0.0011   0.0140   87.86    268    Success 
   263        8.5395     0.2151      0.0013   0.0036   85.23    269    Success 
   264        8.5381     0.2190      0.0014   0.0046   83.07    270    Success 
   265        8.5368     0.3527      0.0013   0.0097   85.49    271    Success 
   266        8.5356     0.2685      0.0012   0.0086   87.71    272    Success 
   267        8.5346     0.3278      0.0010   0.0056   86.01    273    Success 
   268        8.5333     0.3123      0.0013   0.0069   87.67    274    Success 
   269        8.5313     0.3667      0.0020   0.0099   87.19    275    Success 
   270        8.5288     0.2672      0.0025   0.0115   86.84    276    Success 
   271        8.5280     0.4019      0.0008   0.0095   88.03    278    Success 
   272        8.5267     0.3381      0.0013   0.0037   86.33    279    Success 
   273        8.5246     0.2929      0.0021   0.0068   86.14    280    Success 
   274        8.5219     0.4385      0.0027   0.0124   86.02    281    Success 
   275        8.5195     0.4564      0.0024   0.0139   87.05    282    Success 
   276        8.5187     0.3668      0.0008   0.0023   84.68    284    Success 
   277        8.5173     0.2773      0.0013   0.0053   87.18    285    Success 
   278        8.5153     0.3122      0.0020   0.0095   86.58    286    Success 
   279        8.5124     0.4778      0.0029   0.0097   85.47    287    Success 
   280        8.5082     0.5375      0.0042   0.0060   83.20    288    Success 
   281        8.5055     0.8335      0.0027   0.0144   86.36    289    Success 
   282        8.5020     0.4757      0.0035   0.0056   86.09    290    Success 
   283        8.4995     0.4375      0.0025   0.0036   78.54    291    Success 
   284        8.4984     0.2381      0.0012   0.0020   83.64    292    Success 
   285        8.4974     0.2185      0.0010   0.0037   84.42    293    Success 
   286        8.4966     0.2209      0.0007   0.0031   84.74    294    Success 
   287        8.4959     0.2714      0.0008   0.0036   83.94    295    Success 
   288        8.4950     0.1945      0.0009   0.0016   79.95    296    Success 
   289        8.4939     0.2205      0.0011   0.0016   74.35    297    Success 
   290        8.4924     0.2860      0.0015   0.0026   77.37    298    Success 
   291        8.4910     0.4772      0.0014   0.0037   80.25    299    Success 
   292        8.4894     0.2706      0.0016   0.0022   82.44    300    Success 
   293        8.4880     0.2627      0.0014   0.0026   78.91    301    Success 
   294        8.4871     0.5901      0.0009   0.0053   83.70    302    Success 
   295        8.4858     0.4070      0.0013   0.0019   84.73    303    Success 
   296        8.4838     0.2105      0.0020   0.0018   77.34    304    Success 
   297        8.4820     0.2204      0.0018   0.0036   77.67    305    Success 
   298        8.4812     0.4955      0.0008   0.0052   82.36    306    Success 
   299        8.4801     0.2415      0.0011   0.0014   82.03    307    Success 
   300        8.4791     0.2042      0.0010   0.0014   77.17    308    Success 
   301        8.4778     0.3165      0.0013   0.0038   82.15    309    Success 
   302        8.4761     0.3513      0.0017   0.0033   81.42    310    Success 
   303        8.4755     0.5658      0.0006   0.0094   86.53    311    Success 
   304        8.4745     0.3869      0.0010   0.0015   85.29    312    Success 
   305        8.4734     0.1775      0.0011   0.0018   80.57    313    Success 
   306        8.4729     0.2058      0.0005   0.0020   82.53    314    Success 
   307        8.4724     0.2230      0.0005   0.0020   85.14    315    Success 
   308        8.4716     0.2252      0.0008   0.0036   85.73    316    Success 
   309        8.4705     0.2397      0.0011   0.0073   86.53    317    Success 
   310        8.4696     0.2365      0.0009   0.0077   87.13    318    Success 
   311        8.4688     0.2117      0.0008   0.0033   84.77    319    Success 
   312        8.4679     0.1875      0.0009   0.0053   86.33    320    Success 
   313        8.4669     0.2591      0.0010   0.0084   86.10    321    Success 
   314        8.4662     0.2768      0.0007   0.0040   83.70    322    Success 
   315        8.4657     0.1479      0.0005   0.0008   79.54    323    Success 
   316        8.4651     0.1150      0.0005   0.0009   66.42    324    Success 
   317        8.4648     0.1538      0.0004   0.0028   83.81    325    Success 
   318        8.4643     0.1107      0.0004   0.0027   84.67    326    Success 
   319        8.4640     0.1446      0.0004   0.0023   81.49    327    Success 
   320        8.4636     0.1363      0.0003   0.0017   81.52    328    Success 
   321        8.4634     0.1004      0.0002   0.0005   72.39    329    Success 
   322        8.4631     0.1035      0.0003   0.0014   77.81    330    Success 
   323        8.4627     0.1892      0.0003   0.0011   72.86    331    Success 
   324        8.4624     0.1613      0.0004   0.0013   83.03    332    Success 
   325        8.4618     0.1560      0.0006   0.0025   83.63    333    Success 
   326        8.4613     0.2577      0.0005   0.0037   83.54    334    Success 
   327        8.4606     0.1775      0.0006   0.0029   86.16    335    Success 
   328        8.4597     0.1844      0.0009   0.0041   84.02    336    Success 
   329        8.4589     0.2677      0.0007   0.0062   85.68    337    Success 
   330        8.4585     0.1622      0.0005   0.0020   83.77    338    Success 
   331        8.4582     0.1088      0.0003   0.0007   79.89    339    Success 
   332        8.4579     0.1323      0.0004   0.0010   74.26    340    Success 
   333        8.4574     0.1809      0.0004   0.0014   79.30    341    Success 
   334        8.4572     0.3184      0.0003   0.0034   85.52    342    Success 
   335        8.4568     0.1801      0.0004   0.0009   83.82    343    Success 
   336        8.4564     0.1202      0.0004   0.0020   84.50    344    Success 
   337        8.4562     0.1575      0.0003   0.0019   85.15    345    Success 
   338        8.4557     0.1952      0.0005   0.0028   85.91    346    Success 
   339        8.4549     0.2390      0.0008   0.0041   86.10    347    Success 
   340        8.4538     0.3089      0.0011   0.0067   86.68    348    Success 
   341        8.4521     0.2936      0.0017   0.0087   87.14    349    Success 
   342        8.4507     0.5341      0.0014   0.0104   86.32    350    Success 
   343        8.4488     0.2741      0.0019   0.0076   87.67    351    Success 
   344        8.4482     0.6007      0.0006   0.0052   81.18    352    Success 
   345        8.4472     0.4330      0.0010   0.0023   87.01    353    Success 
   346        8.4459     0.1946      0.0013   0.0051   86.86    354    Success 
   347        8.4455     0.1976      0.0004   0.0007   77.24    355    Success 
   348        8.4449     0.2034      0.0006   0.0018   82.29    356    Success 
   349        8.4443     0.2245      0.0006   0.0040   85.73    357    Success 
   350        8.4442     0.2493      0.0002   0.0038   86.04    358    Success 
   351        8.4439     0.1385      0.0003   0.0008   84.32    359    Success 
   352        8.4437     0.0818      0.0002   0.0003   59.13    360   SmallGrad

 LBFGS  --  Normal Termination due to SmallGrad

 Final Function Value :            8.44369585
 Final RMS Gradient :              0.08182564
 Final Gradient Norm :             0.33737576
