
     ######################################################################
   ##########################################################################
  ###                                                                      ###
 ###            Tinker  ---  Software Tools for Molecular Design            ###
 ##                                                                          ##
 ##                          Version 8.7  June 2019                          ##
 ##                                                                          ##
 ##               Copyright (c)  Jay William Ponder  1990-2019               ##
 ###                           All Rights Reserved                          ###
  ###                                                                      ###
   ##########################################################################
     ######################################################################


 Additional Atom Definition Parameters :

     Type  Class  Symbol  Description               Atomic    Mass   Valence

     406    406     C     ModifiedRes                  6     12.011     3
     413    413     O     ModifiedRes                  8     15.999     1
     403    403     N     ModifiedRes                  7     14.007     3
     412    412     H     ModifiedRes                  1      1.008     1
     401    401     C     ModifiedRes                  6     12.011     4
     410    410     H     ModifiedRes                  1      1.008     1
     404    404     C     ModifiedRes                  6     12.011     3
     411    411     O     ModifiedRes                  8     15.999     1
     409    409     H     ModifiedRes                  1      1.008     1
     402    402     C     ModifiedRes                  6     12.011     4
     407    407     S     ModifiedRes                 16     32.066     2
     408    408     C     ModifiedRes                  6     12.011     2
     416    416     N     ModifiedRes                  7     14.007     1
     405    405     N     ModifiedRes                  7     14.007     3
     414    414     H     ModifiedRes                  1      1.008     1
     415    415     H     ModifiedRes                  1      1.008     1

 Additional Bond Stretching Parameters :

     Atom Classes             K(S)         Length

       406 413             705.000         1.2330
       403 406             482.000         1.3610
       406 414             356.400         1.1017
       401 403             374.800         1.4590
       403 412             542.000         1.0150
       401 410             341.000         1.0957
       401 404             345.300         1.5387
       401 402             345.300         1.5181
       404 405             482.000         1.3572
       404 411             705.000         1.2314
       402 409             395.500         1.0914
       402 407             235.800         1.8318
       407 408             235.800         1.6971
       408 416             450.000         1.1861
       405 415             542.000         1.0125

 Additional Angle Bending Parameters :

     Atom Classes             K(B)          Angle

     401 403 406            50.000        121.357
     403 406 413            60.000        124.095
     401 403 412            35.000        118.957
     406 403 412            35.000        118.832
     401 404 405            70.000        113.359
     401 404 411            80.000        121.701
     401 402 407            53.200        108.206
     404 401 410            38.000        109.342
     402 401 410            38.000        110.341
     403 401 410            50.600        106.305
     402 401 404            60.000        109.453
     403 401 404            80.000        110.692
     409 402 409            39.570        108.418
     401 402 409            42.440        109.525
     407 402 409            60.240        109.529
     402 401 403            80.000        110.663
     402 407 408            60.430         97.777
     407 408 416            60.000        178.380
     405 404 411            60.000        124.940
     413 406 414            68.340        122.633
     403 406 414            31.650        113.262
     415 405 415            22.300        119.367
     404 405 415            35.000        117.504

 Additional Stretch-Bend Parameters :

     Atom Classes          K(SB)-1        K(SB)-2

     401 403 406             7.200          7.200
     401 403 412             4.300          7.200
     406 403 412             4.300          7.200
     401 404 405            18.700         18.700
     401 402 407            18.700         18.700
     404 401 410            11.500         18.700
     402 401 410            11.500         18.700
     403 401 410            11.500         11.500
     402 401 404            18.700         18.700
     403 401 404            18.700         18.700
     401 402 409            11.500         11.500
     407 402 409            11.500         11.500
     402 401 403            18.700         18.700
     402 407 408            -5.750         -5.750
     403 406 414            11.500         11.500
     404 405 415             4.300          7.200
     415 405 415             4.300          7.200
     401 404 411            18.700         18.700
     413 406 414            11.500         11.500

 Additional Out-of-Plane Bend Parameters :

     Atom Classes                   K(OPB)

     401 403   0   0                14.400
     401 404   0   0                14.400
     403 406   0   0               107.910
     404 405   0   0                71.940
     405 404   0   0               107.910
     406 403   0   0                71.940
     411 404   0   0               122.298
     412 403   0   0                 5.755
     413 406   0   0               122.298
     414 406   0   0               140.283
     415 405   0   0                 5.755

 Additional Torsional Parameters :

     Atom Classes     1-Fold    2-Fold    3-Fold    4-Fold    5-Fold    6-Fold

   410 401 403 406   0.00   0  0.00 180  0.00   0  0.00   0  0.00   0  0.00   0
   404 401 403 406   0.00   0  0.00 180  0.00   0  0.00   0  0.00   0  0.00   0
   402 401 403 406   0.00   0  0.00 180  0.00   0  0.00   0  0.00   0  0.00   0
   401 403 406 413   1.00   0  2.25 180 -2.25   0  0.00   0  0.00   0  0.00   0
   412 403 406 413   0.00   0 -0.66 180 -0.36   0  0.00   0  0.00   0  0.00   0
   403 401 404 405   0.00   0  0.00 180  0.00   0  0.00   0  0.00   0  0.00   0
   403 401 404 411   0.00   0  0.00 180  0.00   0  0.00   0  0.00   0  0.00   0
   403 401 402 409   0.00   0  0.00 180  0.00   0  0.00   0  0.00   0  0.00   0
   403 401 402 407   0.00   0  0.00 180  0.00   0  0.00   0  0.00   0  0.00   0
   410 401 403 412   0.00   0  0.00 180  0.00   0  0.00   0  0.00   0  0.00   0
   404 401 403 412   0.00   0  0.00 180  0.00   0  0.00   0  0.00   0  0.00   0
   402 401 403 412   0.00   0  0.00 180  0.00   0  0.00   0  0.00   0  0.00   0
   412 403 406 414   0.00   0  0.50 180  0.35   0  0.00   0  0.00   0  0.00   0
   401 404 405 415   0.00   0  1.20 180  0.80   0  0.00   0  0.00   0  0.00   0
   401 402 407 408   0.00   0  0.00 180  0.00   0  0.00   0  0.00   0  0.00   0
   401 403 406 414   0.00   0  2.25 180  0.00   0  0.00   0  0.00   0  0.00   0
   410 401 404 405   0.00   0  0.00 180  0.00   0  0.00   0  0.00   0  0.00   0
   410 401 404 411   0.00   0  0.00 180  0.00   0  0.00   0  0.00   0  0.00   0
   410 401 402 409   0.00   0  0.00 180  0.00   0  0.00   0  0.00   0  0.00   0
   410 401 402 407   0.00   0  0.00 180  0.00   0  0.00   0  0.00   0  0.00   0
   404 401 402 409   0.00   0  0.00 180  0.00   0  0.00   0  0.00   0  0.00   0
   404 401 402 407   0.00   0  0.00 180  0.00   0  0.00   0  0.00   0  0.00   0
   411 404 405 415   0.00   0 -0.66 180 -0.36   0  0.00   0  0.00   0  0.00   0
   402 401 404 411   0.00   0  0.00 180  0.00   0  0.00   0  0.00   0  0.00   0
   409 402 407 408   0.00   0  0.00 180  0.00   0  0.00   0  0.00   0  0.00   0
   402 401 404 405   0.00   0  0.00 180  0.00   0  0.00   0  0.00   0  0.00   0
   402 407 408 416   0.00   0  0.00 180  0.50   0  0.00   0  0.00   0  0.00   0

 Additional Pi-Orbital Torsion Parameters :

     Atom Classes       2-Fold

       403 406           6.850
       404 405           6.850

 Additional van der Waals Parameters :

     Atom Class               Size        Epsilon        Reduction

         406                3.8200         0.1060          0.000
         413                3.3000         0.1120          0.000
         403                3.7100         0.1100          0.000
         412                2.5900         0.0220          0.900
         401                3.6500         0.1010          0.000
         410                2.8800         0.0240          0.910
         404                3.8200         0.1060          0.000
         411                3.3000         0.1120          0.000
         409                2.8700         0.0330          0.900
         402                3.7800         0.1060          0.000
         407                4.0050         0.3550          0.000
         408                3.7800         0.1060          0.000
         416                3.7100         0.1050          0.000
         405                3.7100         0.1100          0.000
         414                2.9200         0.0300          0.920
         415                2.5900         0.0220          0.900

 Additional Atomic Multipole Parameters :

     Atom Type     Coordinate Frame Definition         Multipole Moments

         401      402    403      0   Z-then-X    -0.27036
                                                   0.50333  0.00000  0.35496
                                                   0.60618
                                                   0.00000 -0.85704
                                                  -0.17941  0.00000  0.25086

         402      401    407      0   Z-then-X    -0.16378
                                                   0.27783  0.00000  0.40620
                                                  -0.16704
                                                   0.00000 -0.37723
                                                  -0.32619  0.00000  0.54427

         403      401    406      0   Z-then-X    -0.06291
                                                  -0.05963  0.00000  0.51258
                                                  -0.02622
                                                   0.00000 -1.06994
                                                  -0.25799  0.00000  1.09616

         404      401    405      0   Z-then-X     0.97419
                                                  -0.17493  0.00000  0.24114
                                                   0.31865
                                                   0.00000 -0.36761
                                                  -0.16585  0.00000  0.04896

         405      404    401      0   Z-then-X    -0.32381
                                                  -0.07740  0.00000  0.07140
                                                   0.49023
                                                   0.00000 -0.50247
                                                  -0.10308  0.00000  0.01224

         406      403    413      0   Z-then-X     0.63074
                                                   0.38274  0.00000  0.13596
                                                   0.04373
                                                   0.00000  0.01951
                                                   0.00235  0.00000 -0.06324

         407      402    401      0   Z-then-X     0.34016
                                                  -0.07527  0.00000  0.43821
                                                   0.17590
                                                   0.00000 -1.99142
                                                   0.51063  0.00000  1.81552

         408      407    402      0   Z-then-X     0.21607
                                                  -0.24565  0.00000 -0.65647
                                                   0.36522
                                                   0.00000  0.54677
                                                  -0.15483  0.00000 -0.91199

         409      402    401      0   Z-then-X     0.09934
                                                   0.05478  0.00000 -0.15869
                                                   0.10976
                                                   0.00000  0.23220
                                                   0.09980  0.00000 -0.34196

         410      401    402      0   Z-then-X     0.10719
                                                  -0.04599  0.00000  0.06642
                                                  -0.13850
                                                   0.00000 -0.08710
                                                  -0.12540  0.00000  0.22560

         411      404    401      0   Z-then-X    -0.77611
                                                  -0.20983  0.00000 -0.17915
                                                  -0.60127
                                                   0.00000  0.28309
                                                  -0.27939  0.00000  0.31818

         412      403    401      0   Z-then-X     0.11914
                                                   0.07060  0.00000 -0.12959
                                                   0.03994
                                                   0.00000  0.03762
                                                   0.23614  0.00000 -0.07756

         413      406    403      0   Z-then-X    -0.66614
                                                  -0.16152  0.00000 -0.04686
                                                  -0.50404
                                                   0.00000  0.14208
                                                  -0.21323  0.00000  0.36196

         414      406    403      0   Z-then-X    -0.02624
                                                  -0.04928  0.00000 -0.17449
                                                   0.09856
                                                   0.00000  0.02319
                                                  -0.01890  0.00000 -0.12175

         415      405    404      0   Z-then-X     0.13249
                                                  -0.04544  0.00000 -0.32452
                                                   0.19801
                                                   0.00000  0.14298
                                                  -0.00600  0.00000 -0.34099

         416      408    407      0   Z-then-X    -0.56180
                                                  -0.12235  0.00000 -0.22875
                                                   0.29155
                                                   0.00000  0.13098
                                                  -0.22483  0.00000 -0.42253

 Additional Atomic Dipole Polarizability Parameters :

     Atom Type           Alpha       Thole     Group Atom Types

         406             1.334       0.390         413  403  414
         413             0.837       0.390         406
         403             1.073       0.390         406  412
         412             0.496       0.390         403
         401             1.334       0.390         410  404
         410             0.496       0.390         401
         404             1.334       0.390         401  411  405
         411             0.837       0.390         404
         409             0.496       0.390         402
         402             1.334       0.390         409
         407             3.300       0.390         408
         408             1.334       0.390         407  416
         416             1.073       0.390         408
         405             1.073       0.390         404  415
         414             0.494       0.390         406
         415             0.496       0.390         405

 Limited Memory BFGS Quasi-Newton Optimization :

 QN Iter     F Value      G RMS      F Move   X Move   Angle  FG Call  Comment

     0     1256.5942   649.2851                                   1
     1      579.0903   349.5633    677.5039   0.0982    0.00      2    Success 
     2      259.0777   248.6442    320.0125   0.0780   25.76      3    Success 
     3      120.4873   314.2325    138.5904   0.0982   32.63      4    Success 
     4       52.3459   120.2934     68.1414   0.0400   40.30      5    Success 
     5       38.8713    63.3965     13.4746   0.0130   46.34      6    Success 
     6       27.9858    49.4635     10.8855   0.0129   13.48      7    Success 
     7       14.1205    57.8102     13.8653   0.0259   30.76      8    Success 
     8        2.1298    64.5779     11.9907   0.0335   56.88      9    Success 
     9       -2.7594    82.4460      4.8891   0.0465   65.37     10    Success 
    10       -9.8391    38.3529      7.0797   0.0088   41.21     11    Success 
    11      -14.5632    29.9246      4.7241   0.0118   31.41     12    Success 
    12      -18.0264    31.4098      3.4632   0.0158   57.79     13    Success 
    13      -23.2113    28.4275      5.1849   0.0292   65.16     14    Success 
    14      -24.9232    50.4790      1.7120   0.0513   67.83     15    Success 
    15      -27.5147    26.7487      2.5914   0.0040   18.84     16    Success 
    16      -28.9364     8.0687      1.4217   0.0085   51.01     17    Success 
    17      -29.2171     7.6928      0.2808   0.0036   49.84     18    Success 
    18      -29.6867     7.3673      0.4696   0.0058   45.60     19    Success 
    19      -30.4099     8.4700      0.7232   0.0117   52.83     20    Success 
    20      -31.2884    11.8104      0.8784   0.0213   63.53     21    Success 
    21      -32.0809    11.1448      0.7926   0.0209   74.38     22    Success 
    22      -33.2171    13.2477      1.1362   0.0295   74.44     23    Success 
    23      -33.5512    15.2618      0.3341   0.0378   77.91     24    Success 
    24      -34.1098    11.6126      0.5586   0.0055   64.01     25    Success 
    25      -34.8573     9.3829      0.7475   0.0119   63.27     26    Success 
    26      -35.0103    30.4094      0.1530   0.0126   46.40     27    Success 
    27      -35.2816    23.5614      0.2713   0.0014   66.25     28    Success 
    28      -35.7151    12.4115      0.4335   0.0061   77.87     29    Success 
    29      -36.1479     8.4061      0.4328   0.0153   78.22     30    Success 
    30      -36.3513    10.4438      0.2033   0.0097   80.26     31    Success 
    31      -36.6905     9.4052      0.3393   0.0128   80.27     32    Success 
    32      -36.9597    16.7710      0.2691   0.0173   76.64     33    Success 
    33      -37.3381     8.3290      0.3785   0.0138   82.60     34    Success 
    34      -37.5419     6.1406      0.2038   0.0078   73.04     35    Success 
    35      -37.6557     6.9476      0.1138   0.0045   67.75     36    Success 
    36      -37.7667     6.0252      0.1110   0.0032   69.58     37    Success 
    37      -37.9384     4.4387      0.1717   0.0064   71.23     38    Success 
    38      -37.9911     9.9297      0.0527   0.0150   73.33     39    Success 
    39      -38.0758     6.1989      0.0847   0.0010   52.74     40    Success 
    40      -38.1478     2.0786      0.0720   0.0016   45.98     41    Success 
    41      -38.1652     2.0949      0.0174   0.0011   61.42     42    Success 
    42      -38.1943     1.9252      0.0291   0.0021   64.11     43    Success 
    43      -38.2310     2.3420      0.0367   0.0033   59.56     44    Success 
    44      -38.2503     2.6905      0.0193   0.0059   72.70     45    Success 
    45      -38.2737     1.2952      0.0234   0.0018   66.22     46    Success 
    46      -38.2912     1.6456      0.0175   0.0015   45.27     47    Success 
    47      -38.3135     2.3620      0.0223   0.0028   64.68     48    Success 
    48      -38.3342     1.9714      0.0207   0.0036   77.05     49    Success 
    49      -38.3534     1.2533      0.0191   0.0037   78.00     50    Success 
    50      -38.3637     2.9899      0.0103   0.0051   75.62     51    Success 
    51      -38.3738     1.6782      0.0101   0.0011   70.42     52    Success 
    52      -38.3792     1.3009      0.0054   0.0006   70.68     53    Success 
    53      -38.3880     0.9165      0.0087   0.0010   61.37     54    Success 
    54      -38.3998     1.0872      0.0119   0.0022   61.44     55    Success 
    55      -38.4062     2.1059      0.0064   0.0027   73.18     56    Success 
    56      -38.4139     1.2567      0.0076   0.0020   80.89     57    Success 
    57      -38.4201     0.9983      0.0062   0.0015   73.66     58    Success 
    58      -38.4252     1.1917      0.0051   0.0013   68.70     59    Success 
    59      -38.4296     1.0662      0.0044   0.0009   74.55     60    Success 
    60      -38.4363     0.8154      0.0067   0.0014   71.31     61    Success 
    61      -38.4431     0.6628      0.0068   0.0029   73.34     62    Success 
    62      -38.4446     0.5698      0.0016   0.0007   66.35     64    Success 
    63      -38.4459     0.3852      0.0013   0.0007   75.06     65    Success 
    64      -38.4469     0.3434      0.0011   0.0009   74.57     66    Success 
    65      -38.4480     0.3240      0.0011   0.0007   71.20     67    Success 
    66      -38.4492     0.4303      0.0012   0.0008   62.85     68    Success 
    67      -38.4499     0.3091      0.0007   0.0007   76.71     69    Success 
    68      -38.4503     0.2727      0.0004   0.0004   72.96     70    Success 
    69      -38.4506     0.2133      0.0003   0.0002   70.20     71    Success 
    70      -38.4509     0.2232      0.0003   0.0003   63.90     72    Success 
    71      -38.4513     0.2175      0.0003   0.0004   68.79     73    Success 
    72      -38.4515     0.2080      0.0002   0.0003   73.21     74    Success 
    73      -38.4516     0.5072      0.0001   0.0004   71.85     75    Success 
    74      -38.4518     0.2695      0.0002   0.0001   67.82     76    Success 
    75      -38.4519     0.0946      0.0001   0.0001   59.31     77   SmallGrad

 LBFGS  --  Normal Termination due to SmallGrad

 Final Function Value :          -38.4519
 Final RMS Gradient :              0.0946
 Final Gradient Norm :             0.4013
