
     ######################################################################
   ##########################################################################
  ###                                                                      ###
 ###            Tinker  ---  Software Tools for Molecular Design            ###
 ##                                                                          ##
 ##                          Version 8.7  June 2019                          ##
 ##                                                                          ##
 ##               Copyright (c)  Jay William Ponder  1990-2019               ##
 ###                           All Rights Reserved                          ###
  ###                                                                      ###
   ##########################################################################
     ######################################################################


 Additional Atom Definition Parameters :

     Type  Class  Symbol  Description               Atomic    Mass   Valence

     406    406     C     ModifiedRes                  6     12.011     3
     413    413     O     ModifiedRes                  8     15.999     1
     403    403     N     ModifiedRes                  7     14.007     3
     412    412     H     ModifiedRes                  1      1.008     1
     401    401     C     ModifiedRes                  6     12.011     4
     410    410     H     ModifiedRes                  1      1.008     1
     404    404     C     ModifiedRes                  6     12.011     3
     411    411     O     ModifiedRes                  8     15.999     1
     409    409     H     ModifiedRes                  1      1.008     1
     402    402     C     ModifiedRes                  6     12.011     4
     407    407     S     ModifiedRes                 16     32.066     2
     408    408     C     ModifiedRes                  6     12.011     2
     416    416     N     ModifiedRes                  7     14.007     1
     405    405     N     ModifiedRes                  7     14.007     3
     414    414     H     ModifiedRes                  1      1.008     1
     415    415     H     ModifiedRes                  1      1.008     1

 Additional Bond Stretching Parameters :

     Atom Classes             K(S)         Length

       406 413             705.000         1.2330
       403 406             482.000         1.3610
       406 414             356.400         1.1017
       401 403             374.800         1.4590
       403 412             542.000         1.0150
       401 410             341.000         1.0957
       401 404             345.300         1.5387
       401 402             345.300         1.5181
       404 405             482.000         1.3572
       404 411             705.000         1.2314
       402 409             395.500         1.0914
       402 407             235.800         1.8318
       407 408             235.800         1.6971
       408 416             450.000         1.1861
       405 415             542.000         1.0125

 Additional Angle Bending Parameters :

     Atom Classes             K(B)          Angle

     401 403 406            50.000        121.357
     403 406 413            60.000        124.095
     401 403 412            35.000        118.957
     406 403 412            35.000        118.832
     401 404 405            70.000        113.359
     401 404 411            80.000        121.701
     401 402 407            53.200        108.206
     404 401 410            38.000        109.342
     402 401 410            38.000        110.341
     403 401 410            50.600        106.305
     402 401 404            60.000        109.453
     403 401 404            80.000        110.692
     409 402 409            39.570        108.418
     401 402 409            42.440        109.525
     407 402 409            60.240        109.529
     402 401 403            80.000        110.663
     402 407 408            60.430         97.777
     407 408 416            60.000        178.380
     405 404 411            60.000        124.940
     413 406 414            68.340        122.633
     403 406 414            31.650        113.262
     415 405 415            22.300        119.367
     404 405 415            35.000        117.504

 Additional Stretch-Bend Parameters :

     Atom Classes          K(SB)-1        K(SB)-2

     401 403 406             7.200          7.200
     401 403 412             4.300          7.200
     406 403 412             4.300          7.200
     401 404 405            18.700         18.700
     401 402 407            18.700         18.700
     404 401 410            11.500         18.700
     402 401 410            11.500         18.700
     403 401 410            11.500         11.500
     402 401 404            18.700         18.700
     403 401 404            18.700         18.700
     401 402 409            11.500         11.500
     407 402 409            11.500         11.500
     402 401 403            18.700         18.700
     402 407 408            -5.750         -5.750
     403 406 414            11.500         11.500
     404 405 415             4.300          7.200
     415 405 415             4.300          7.200
     401 404 411            18.700         18.700
     413 406 414            11.500         11.500

 Additional Out-of-Plane Bend Parameters :

     Atom Classes                   K(OPB)

     401 403   0   0                14.400
     401 404   0   0                14.400
     403 406   0   0               107.910
     404 405   0   0                71.940
     405 404   0   0               107.910
     406 403   0   0                71.940
     411 404   0   0               122.298
     412 403   0   0                 5.755
     413 406   0   0               122.298
     414 406   0   0               140.283
     415 405   0   0                 5.755

 Additional Torsional Parameters :

     Atom Classes     1-Fold    2-Fold    3-Fold    4-Fold    5-Fold    6-Fold

   410 401 403 406   0.00   0  0.00 180  0.00   0  0.00   0  0.00   0  0.00   0
   404 401 403 406   0.00   0  0.00 180  0.00   0  0.00   0  0.00   0  0.00   0
   402 401 403 406   0.00   0  0.00 180  0.00   0  0.00   0  0.00   0  0.00   0
   401 403 406 413   1.00   0  2.25 180 -2.25   0  0.00   0  0.00   0  0.00   0
   412 403 406 413   0.00   0 -0.66 180 -0.36   0  0.00   0  0.00   0  0.00   0
   403 401 404 405  -0.39   0  0.95 180 -0.38   0  0.00   0  0.00   0  0.00   0
   403 401 404 411  -0.39   0  0.95 180 -0.38   0  0.00   0  0.00   0  0.00   0
   403 401 402 409   4.66   0-10.38 180  2.20   0  0.00   0  0.00   0  0.00   0
   403 401 402 407   9.58   0 -6.67 180  2.10   0  0.00   0  0.00   0  0.00   0
   410 401 403 412   0.00   0  0.00 180  0.00   0  0.00   0  0.00   0  0.00   0
   404 401 403 412   0.00   0  0.00 180  0.00   0  0.00   0  0.00   0  0.00   0
   402 401 403 412   0.00   0  0.00 180  0.00   0  0.00   0  0.00   0  0.00   0
   412 403 406 414   0.00   0  0.50 180  0.35   0  0.00   0  0.00   0  0.00   0
   401 404 405 415   0.00   0  1.20 180  0.80   0  0.00   0  0.00   0  0.00   0
   401 402 407 408  -2.82   0  3.03 180 -3.03   0  0.00   0  0.00   0  0.00   0
   401 403 406 414   0.00   0  2.25 180  0.00   0  0.00   0  0.00   0  0.00   0
   410 401 404 405  -0.37   0 -0.37 180 -0.38   0  0.00   0  0.00   0  0.00   0
   410 401 404 411  -0.37   0 -0.37 180 -0.38   0  0.00   0  0.00   0  0.00   0
   410 401 402 409  -2.85   0  1.19 180 -0.11   0  0.00   0  0.00   0  0.00   0
   410 401 402 407   3.60   0  5.29 180 -1.01   0  0.00   0  0.00   0  0.00   0
   404 401 402 409   1.09   0 -2.88 180 -0.11   0  0.00   0  0.00   0  0.00   0
   404 401 402 407  11.03   0 -2.54 180 -0.11   0  0.00   0  0.00   0  0.00   0
   411 404 405 415   0.00   0 -0.66 180 -0.36   0  0.00   0  0.00   0  0.00   0
   402 401 404 411  -0.37   0 -0.92 180 -0.38   0  0.00   0  0.00   0  0.00   0
   409 402 407 408  -3.03   0  2.77 180  2.12   0  0.00   0  0.00   0  0.00   0
   402 401 404 405  -0.37   0 -0.92 180 -0.38   0  0.00   0  0.00   0  0.00   0
   402 407 408 416   0.00   0  0.00 180  0.50   0  0.00   0  0.00   0  0.00   0

 Additional Pi-Orbital Torsion Parameters :

     Atom Classes       2-Fold

       403 406           6.850
       404 405           6.850

 Additional van der Waals Parameters :

     Atom Class               Size        Epsilon        Reduction

         406                3.8200         0.1060          0.000
         413                3.3000         0.1120          0.000
         403                3.7100         0.1100          0.000
         412                2.5900         0.0220          0.900
         401                3.6500         0.1010          0.000
         410                2.8800         0.0240          0.910
         404                3.8200         0.1060          0.000
         411                3.3000         0.1120          0.000
         409                2.8700         0.0330          0.900
         402                3.7800         0.1060          0.000
         407                4.0050         0.3550          0.000
         408                3.7800         0.1060          0.000
         416                3.7100         0.1050          0.000
         405                3.7100         0.1100          0.000
         414                2.9200         0.0300          0.920
         415                2.5900         0.0220          0.900

 Additional Atomic Multipole Parameters :

     Atom Type     Coordinate Frame Definition         Multipole Moments

         401      402    403      0   Z-then-X    -0.27036
                                                   0.50333  0.00000  0.35496
                                                   0.60618
                                                   0.00000 -0.85704
                                                  -0.17941  0.00000  0.25086

         402      401    407      0   Z-then-X    -0.16378
                                                   0.27783  0.00000  0.40620
                                                  -0.16704
                                                   0.00000 -0.37723
                                                  -0.32619  0.00000  0.54427

         403      401    406      0   Z-then-X    -0.06291
                                                  -0.05963  0.00000  0.51258
                                                  -0.02622
                                                   0.00000 -1.06994
                                                  -0.25799  0.00000  1.09616

         404      401    405      0   Z-then-X     0.97419
                                                  -0.17493  0.00000  0.24114
                                                   0.31865
                                                   0.00000 -0.36761
                                                  -0.16585  0.00000  0.04896

         405      404    401      0   Z-then-X    -0.32381
                                                  -0.07740  0.00000  0.07140
                                                   0.49023
                                                   0.00000 -0.50247
                                                  -0.10308  0.00000  0.01224

         406      403    413      0   Z-then-X     0.63074
                                                   0.38274  0.00000  0.13596
                                                   0.04373
                                                   0.00000  0.01951
                                                   0.00235  0.00000 -0.06324

         407      402    401      0   Z-then-X     0.34016
                                                  -0.07527  0.00000  0.43821
                                                   0.17590
                                                   0.00000 -1.99142
                                                   0.51063  0.00000  1.81552

         408      407    402      0   Z-then-X     0.21607
                                                  -0.24565  0.00000 -0.65647
                                                   0.36522
                                                   0.00000  0.54677
                                                  -0.15483  0.00000 -0.91199

         409      402    401      0   Z-then-X     0.09934
                                                   0.05478  0.00000 -0.15869
                                                   0.10976
                                                   0.00000  0.23220
                                                   0.09980  0.00000 -0.34196

         410      401    402      0   Z-then-X     0.10719
                                                  -0.04599  0.00000  0.06642
                                                  -0.13850
                                                   0.00000 -0.08710
                                                  -0.12540  0.00000  0.22560

         411      404    401      0   Z-then-X    -0.77611
                                                  -0.20983  0.00000 -0.17915
                                                  -0.60127
                                                   0.00000  0.28309
                                                  -0.27939  0.00000  0.31818

         412      403    401      0   Z-then-X     0.11914
                                                   0.07060  0.00000 -0.12959
                                                   0.03994
                                                   0.00000  0.03762
                                                   0.23614  0.00000 -0.07756

         413      406    403      0   Z-then-X    -0.66614
                                                  -0.16152  0.00000 -0.04686
                                                  -0.50404
                                                   0.00000  0.14208
                                                  -0.21323  0.00000  0.36196

         414      406    403      0   Z-then-X    -0.02624
                                                  -0.04928  0.00000 -0.17449
                                                   0.09856
                                                   0.00000  0.02319
                                                  -0.01890  0.00000 -0.12175

         415      405    404      0   Z-then-X     0.13249
                                                  -0.04544  0.00000 -0.32452
                                                   0.19801
                                                   0.00000  0.14298
                                                  -0.00600  0.00000 -0.34099

         416      408    407      0   Z-then-X    -0.56180
                                                  -0.12235  0.00000 -0.22875
                                                   0.29155
                                                   0.00000  0.13098
                                                  -0.22483  0.00000 -0.42253

 Additional Atomic Dipole Polarizability Parameters :

     Atom Type           Alpha       Thole     Group Atom Types

         406             1.334       0.390         413  403  414
         413             0.837       0.390         406
         403             1.073       0.390         406  412
         412             0.496       0.390         403
         401             1.334       0.390         410  404
         410             0.496       0.390         401
         404             1.334       0.390         401  411  405
         411             0.837       0.390         404
         409             0.496       0.390         402
         402             1.334       0.390         409
         407             3.300       0.390         408
         408             1.334       0.390         407  416
         416             1.073       0.390         408
         405             1.073       0.390         404  415
         414             0.494       0.390         406
         415             0.496       0.390         405

 Limited Memory BFGS Quasi-Newton Optimization :

 QN Iter     F Value      G RMS      F Move   X Move   Angle  FG Call  Comment

     0     1256.3640   647.9226                                   1
     1      580.6852   349.0007    675.6788   0.0982    0.00      2    Success 
     2      262.3544   247.0463    318.3308   0.0779   25.81      3    Success 
     3      126.7053   316.2297    135.6491   0.0982   32.48      4    Success 
     4       57.5697   116.6553     69.1356   0.0392   39.66      5    Success 
     5       44.6796    63.2470     12.8901   0.0126   45.98      6    Success 
     6       33.4776    49.1730     11.2020   0.0134   13.51      7    Success 
     7       19.7947    57.4411     13.6829   0.0260   31.48      8    Success 
     8        8.8445    73.3045     10.9501   0.0342   56.88      9    Success 
     9        1.1443    52.5975      7.7002   0.0364   66.97     10    Success 
    10       -4.3891    31.6284      5.5334   0.0088   29.31     11    Success 
    11      -10.0696    30.6326      5.6805   0.0199   41.52     12    Success 
    12      -14.4935    28.2905      4.4239   0.0233   62.85     13    Success 
    13      -18.6224    37.3214      4.1290   0.0417   65.36     14    Success 
    14      -21.1120    18.4560      2.4896   0.0264   69.30     15    Success 
    15      -22.0601    10.5058      0.9480   0.0105   66.68     16    Success 
    16      -22.7955     7.3240      0.7354   0.0069   35.31     17    Success 
    17      -23.3475     8.3773      0.5521   0.0087   48.41     18    Success 
    18      -24.0471    10.5258      0.6996   0.0150   60.71     19    Success 
    19      -24.9399    10.6661      0.8928   0.0216   70.04     20    Success 
    20      -25.9863    11.0330      1.0464   0.0217   71.06     21    Success 
    21      -26.8898    11.6877      0.9035   0.0386   74.15     22    Success 
    22      -27.7872     8.7879      0.8975   0.0078   44.06     23    Success 
    23      -28.8481    12.8988      1.0609   0.0196   54.56     24    Success 
    24      -29.4418    10.1123      0.5937   0.0254   77.80     25    Success 
    25      -29.7761    10.9028      0.3343   0.0105   74.24     26    Success 
    26      -30.1811     7.4344      0.4050   0.0146   77.86     27    Success 
    27      -30.5520     7.7191      0.3710   0.0127   71.49     28    Success 
    28      -30.8120    11.3288      0.2600   0.0170   74.39     29    Success 
    29      -30.9973     5.0211      0.1853   0.0029   62.82     30    Success 
    30      -31.1180     4.3638      0.1207   0.0028   50.76     31    Success 
    31      -31.2751     4.8649      0.1572   0.0065   64.67     32    Success 
    32      -31.3100    15.0959      0.0349   0.0131   75.26     33    Success 
    33      -31.3725    12.0333      0.0625   0.0007   69.27     34    Success 
    34      -31.4694     6.2705      0.0969   0.0018   71.66     35    Success 
    35      -31.5320     2.7825      0.0626   0.0034   73.87     36    Success 
    36      -31.5534     3.2791      0.0214   0.0016   71.51     37    Success 
    37      -31.5900     3.1850      0.0366   0.0022   71.06     38    Success 
    38      -31.6453     2.9548      0.0553   0.0034   67.96     39    Success 
    39      -31.6718     3.0695      0.0266   0.0033   72.40     41    Success 
    40      -31.6965     1.3193      0.0246   0.0030   75.00     42    Success 
    41      -31.7080     1.4144      0.0115   0.0013   63.05     43    Success 
    42      -31.7271     1.9066      0.0191   0.0018   60.25     44    Success 
    43      -31.7556     2.2017      0.0285   0.0035   71.33     45    Success 
    44      -31.7817     3.6430      0.0261   0.0060   76.14     46    Success 
    45      -31.8043     2.0837      0.0226   0.0045   79.90     47    Success 
    46      -31.8153     0.9852      0.0110   0.0009   60.32     48    Success 
    47      -31.8221     1.0640      0.0068   0.0009   50.19     49    Success 
    48      -31.8286     1.2965      0.0065   0.0012   69.56     50    Success 
    49      -31.8362     1.9229      0.0076   0.0021   74.51     51    Success 
    50      -31.8434     1.4501      0.0072   0.0027   80.68     52    Success 
    51      -31.8474     0.8447      0.0040   0.0007   70.60     53    Success 
    52      -31.8512     0.9601      0.0038   0.0006   57.99     54    Success 
    53      -31.8573     1.1635      0.0061   0.0012   68.64     55    Success 
    54      -31.8649     1.5335      0.0077   0.0023   75.45     56    Success 
    55      -31.8722     1.0457      0.0073   0.0031   80.28     57    Success 
    56      -31.8750     0.5557      0.0028   0.0006   69.88     58    Success 
    57      -31.8769     0.5902      0.0019   0.0006   54.36     59    Success 
    58      -31.8780     0.7311      0.0011   0.0005   71.28     60    Success 
    59      -31.8792     0.3734      0.0012   0.0004   71.82     61    Success 
    60      -31.8802     0.3890      0.0009   0.0005   66.98     62    Success 
    61      -31.8808     0.3820      0.0006   0.0004   72.71     63    Success 
    62      -31.8817     0.4288      0.0009   0.0006   70.56     64    Success 
    63      -31.8819     0.7125      0.0002   0.0008   73.00     65    Success 
    64      -31.8823     0.4985      0.0004   0.0001   61.16     66    Success 
    65      -31.8828     0.1916      0.0005   0.0002   59.14     67    Success 
    66      -31.8830     0.2065      0.0002   0.0001   50.09     68    Success 
    67      -31.8833     0.2524      0.0003   0.0003   64.96     69    Success 
    68      -31.8837     0.2789      0.0004   0.0005   73.78     70    Success 
    69      -31.8839     0.2730      0.0002   0.0003   75.36     72    Success 
    70      -31.8841     0.1152      0.0002   0.0003   77.31     73    Success 
    71      -31.8842     0.1221      0.0001   0.0001   59.05     74    Success 
    72      -31.8842     0.2204      0.0000   0.0001   61.95     75    Success 
    73      -31.8843     0.1034      0.0001   0.0000   61.08     76    Success 
    74      -31.8843     0.0835      0.0000   0.0000   56.02     77   SmallGrad

 LBFGS  --  Normal Termination due to SmallGrad

 Final Function Value :          -31.8843
 Final RMS Gradient :              0.0835
 Final Gradient Norm :             0.3543
