
     ######################################################################
   ##########################################################################
  ###                                                                      ###
 ###            Tinker  ---  Software Tools for Molecular Design            ###
 ##                                                                          ##
 ##                          Version 8.7  June 2019                          ##
 ##                                                                          ##
 ##               Copyright (c)  Jay William Ponder  1990-2019               ##
 ###                           All Rights Reserved                          ###
  ###                                                                      ###
   ##########################################################################
     ######################################################################


 Additional Atom Definition Parameters :

     Type  Class  Symbol  Description               Atomic    Mass   Valence

     406    406     C     ModifiedRes                  6     12.011     3
     413    413     O     ModifiedRes                  8     15.999     1
     403    403     N     ModifiedRes                  7     14.007     3
     412    412     H     ModifiedRes                  1      1.008     1
     401    401     C     ModifiedRes                  6     12.011     4
     410    410     H     ModifiedRes                  1      1.008     1
     404    404     C     ModifiedRes                  6     12.011     3
     411    411     O     ModifiedRes                  8     15.999     1
     409    409     H     ModifiedRes                  1      1.008     1
     402    402     C     ModifiedRes                  6     12.011     4
     407    407     S     ModifiedRes                 16     32.066     2
     408    408     C     ModifiedRes                  6     12.011     2
     416    416     N     ModifiedRes                  7     14.007     1
     405    405     N     ModifiedRes                  7     14.007     3
     414    414     H     ModifiedRes                  1      1.008     1
     415    415     H     ModifiedRes                  1      1.008     1

 Additional Bond Stretching Parameters :

     Atom Classes             K(S)         Length

       406 413             705.000         1.2330
       403 406             482.000         1.3610
       406 414             356.400         1.1017
       401 403             374.800         1.4590
       403 412             542.000         1.0150
       401 410             341.000         1.0957
       401 404             345.300         1.5387
       401 402             345.300         1.5181
       404 405             482.000         1.3572
       404 411             705.000         1.2314
       402 409             395.500         1.0914
       402 407             235.800         1.8318
       407 408             235.800         1.6971
       408 416             450.000         1.1861
       405 415             542.000         1.0125

 Additional Angle Bending Parameters :

     Atom Classes             K(B)          Angle

     401 403 406            50.000        121.357
     403 406 413            60.000        124.095
     401 403 412            35.000        118.957
     406 403 412            35.000        118.832
     401 404 405            70.000        113.359
     401 404 411            80.000        121.701
     401 402 407            53.200        108.206
     404 401 410            38.000        109.342
     402 401 410            38.000        110.341
     403 401 410            50.600        106.305
     402 401 404            60.000        109.453
     403 401 404            80.000        110.692
     409 402 409            39.570        108.418
     401 402 409            42.440        109.525
     407 402 409            60.240        109.529
     402 401 403            80.000        110.663
     402 407 408            60.430         97.777
     407 408 416            60.000        178.380
     405 404 411            60.000        124.940
     413 406 414            68.340        122.633
     403 406 414            31.650        113.262
     415 405 415            22.300        119.367
     404 405 415            35.000        117.504

 Additional Stretch-Bend Parameters :

     Atom Classes          K(SB)-1        K(SB)-2

     401 403 406             7.200          7.200
     401 403 412             4.300          7.200
     406 403 412             4.300          7.200
     401 404 405            18.700         18.700
     401 402 407            18.700         18.700
     404 401 410            11.500         18.700
     402 401 410            11.500         18.700
     403 401 410            11.500         11.500
     402 401 404            18.700         18.700
     403 401 404            18.700         18.700
     401 402 409            11.500         11.500
     407 402 409            11.500         11.500
     402 401 403            18.700         18.700
     402 407 408            -5.750         -5.750
     403 406 414            11.500         11.500
     404 405 415             4.300          7.200
     415 405 415             4.300          7.200
     401 404 411            18.700         18.700
     413 406 414            11.500         11.500

 Additional Out-of-Plane Bend Parameters :

     Atom Classes                   K(OPB)

     401 403   0   0                14.400
     401 404   0   0                14.400
     403 406   0   0               107.910
     404 405   0   0                71.940
     405 404   0   0               107.910
     406 403   0   0                71.940
     411 404   0   0               122.298
     412 403   0   0                 5.755
     413 406   0   0               122.298
     414 406   0   0               140.283
     415 405   0   0                 5.755

 Additional Torsional Parameters :

     Atom Classes     1-Fold    2-Fold    3-Fold    4-Fold    5-Fold    6-Fold

   410 401 403 406   0.00   0  0.00 180  0.00   0  0.00   0  0.00   0  0.00   0
   404 401 403 406   0.00   0  0.00 180  0.00   0  0.00   0  0.00   0  0.00   0
   402 401 403 406   0.00   0  0.00 180  0.00   0  0.00   0  0.00   0  0.00   0
   401 403 406 413   1.00   0  2.25 180 -2.25   0  0.00   0  0.00   0  0.00   0
   412 403 406 413   0.00   0 -0.66 180 -0.36   0  0.00   0  0.00   0  0.00   0
   403 401 404 405  -0.39   0  0.95 180 -0.38   0  0.00   0  0.00   0  0.00   0
   403 401 404 411  -0.39   0  0.95 180 -0.38   0  0.00   0  0.00   0  0.00   0
   403 401 402 409   4.66   0-10.38 180  2.20   0  0.00   0  0.00   0  0.00   0
   403 401 402 407   9.58   0 -6.67 180  2.10   0  0.00   0  0.00   0  0.00   0
   410 401 403 412   0.00   0  0.00 180  0.00   0  0.00   0  0.00   0  0.00   0
   404 401 403 412   0.00   0  0.00 180  0.00   0  0.00   0  0.00   0  0.00   0
   402 401 403 412   0.00   0  0.00 180  0.00   0  0.00   0  0.00   0  0.00   0
   412 403 406 414   0.00   0  0.50 180  0.35   0  0.00   0  0.00   0  0.00   0
   401 404 405 415   0.00   0  1.20 180  0.80   0  0.00   0  0.00   0  0.00   0
   401 402 407 408  -2.82   0  3.03 180 -3.03   0  0.00   0  0.00   0  0.00   0
   401 403 406 414   0.00   0  2.25 180  0.00   0  0.00   0  0.00   0  0.00   0
   410 401 404 405  -0.37   0 -0.37 180 -0.38   0  0.00   0  0.00   0  0.00   0
   410 401 404 411  -0.37   0 -0.37 180 -0.38   0  0.00   0  0.00   0  0.00   0
   410 401 402 409  -2.85   0  1.19 180 -0.11   0  0.00   0  0.00   0  0.00   0
   410 401 402 407   3.60   0  5.29 180 -1.01   0  0.00   0  0.00   0  0.00   0
   404 401 402 409   1.09   0 -2.88 180 -0.11   0  0.00   0  0.00   0  0.00   0
   404 401 402 407  11.03   0 -2.54 180 -0.11   0  0.00   0  0.00   0  0.00   0
   411 404 405 415   0.00   0 -0.66 180 -0.36   0  0.00   0  0.00   0  0.00   0
   402 401 404 411  -0.37   0 -0.92 180 -0.38   0  0.00   0  0.00   0  0.00   0
   409 402 407 408  -3.03   0  2.77 180  2.12   0  0.00   0  0.00   0  0.00   0
   402 401 404 405  -0.37   0 -0.92 180 -0.38   0  0.00   0  0.00   0  0.00   0
   402 407 408 416   0.00   0  0.00 180  0.50   0  0.00   0  0.00   0  0.00   0

 Additional Pi-Orbital Torsion Parameters :

     Atom Classes       2-Fold

       403 406           6.850
       404 405           6.850

 Additional van der Waals Parameters :

     Atom Class               Size        Epsilon        Reduction

         406                3.8200         0.1060          0.000
         413                3.3000         0.1120          0.000
         403                3.7100         0.1100          0.000
         412                2.5900         0.0220          0.900
         401                3.6500         0.1010          0.000
         410                2.8800         0.0240          0.910
         404                3.8200         0.1060          0.000
         411                3.3000         0.1120          0.000
         409                2.8700         0.0330          0.900
         402                3.7800         0.1060          0.000
         407                4.0050         0.3550          0.000
         408                3.7800         0.1060          0.000
         416                3.7100         0.1050          0.000
         405                3.7100         0.1100          0.000
         414                2.9200         0.0300          0.920
         415                2.5900         0.0220          0.900

 Additional Atomic Multipole Parameters :

     Atom Type     Coordinate Frame Definition         Multipole Moments

         401      402    403      0   Z-then-X    -0.27036
                                                   0.50333  0.00000  0.35496
                                                   0.60618
                                                   0.00000 -0.85704
                                                  -0.17941  0.00000  0.25086

         402      401    407      0   Z-then-X    -0.16378
                                                   0.27783  0.00000  0.40620
                                                  -0.16704
                                                   0.00000 -0.37723
                                                  -0.32619  0.00000  0.54427

         403      401    406      0   Z-then-X    -0.06291
                                                  -0.05963  0.00000  0.51258
                                                  -0.02622
                                                   0.00000 -1.06994
                                                  -0.25799  0.00000  1.09616

         404      401    405      0   Z-then-X     0.97419
                                                  -0.17493  0.00000  0.24114
                                                   0.31865
                                                   0.00000 -0.36761
                                                  -0.16585  0.00000  0.04896

         405      404    401      0   Z-then-X    -0.32381
                                                  -0.07740  0.00000  0.07140
                                                   0.49023
                                                   0.00000 -0.50247
                                                  -0.10308  0.00000  0.01224

         406      403    413      0   Z-then-X     0.63074
                                                   0.38274  0.00000  0.13596
                                                   0.04373
                                                   0.00000  0.01951
                                                   0.00235  0.00000 -0.06324

         407      402    401      0   Z-then-X     0.34016
                                                  -0.07527  0.00000  0.43821
                                                   0.17590
                                                   0.00000 -1.99142
                                                   0.51063  0.00000  1.81552

         408      407    402      0   Z-then-X     0.21607
                                                  -0.24565  0.00000 -0.65647
                                                   0.36522
                                                   0.00000  0.54677
                                                  -0.15483  0.00000 -0.91199

         409      402    401      0   Z-then-X     0.09934
                                                   0.05478  0.00000 -0.15869
                                                   0.10976
                                                   0.00000  0.23220
                                                   0.09980  0.00000 -0.34196

         410      401    402      0   Z-then-X     0.10719
                                                  -0.04599  0.00000  0.06642
                                                  -0.13850
                                                   0.00000 -0.08710
                                                  -0.12540  0.00000  0.22560

         411      404    401      0   Z-then-X    -0.77611
                                                  -0.20983  0.00000 -0.17915
                                                  -0.60127
                                                   0.00000  0.28309
                                                  -0.27939  0.00000  0.31818

         412      403    401      0   Z-then-X     0.11914
                                                   0.07060  0.00000 -0.12959
                                                   0.03994
                                                   0.00000  0.03762
                                                   0.23614  0.00000 -0.07756

         413      406    403      0   Z-then-X    -0.66614
                                                  -0.16152  0.00000 -0.04686
                                                  -0.50404
                                                   0.00000  0.14208
                                                  -0.21323  0.00000  0.36196

         414      406    403      0   Z-then-X    -0.02624
                                                  -0.04928  0.00000 -0.17449
                                                   0.09856
                                                   0.00000  0.02319
                                                  -0.01890  0.00000 -0.12175

         415      405    404      0   Z-then-X     0.13249
                                                  -0.04544  0.00000 -0.32452
                                                   0.19801
                                                   0.00000  0.14298
                                                  -0.00600  0.00000 -0.34099

         416      408    407      0   Z-then-X    -0.56180
                                                  -0.12235  0.00000 -0.22875
                                                   0.29155
                                                   0.00000  0.13098
                                                  -0.22483  0.00000 -0.42253

 Additional Atomic Dipole Polarizability Parameters :

     Atom Type           Alpha       Thole     Group Atom Types

         406             1.334       0.390         413  403  414
         413             0.837       0.390         406
         403             1.073       0.390         406  412
         412             0.496       0.390         403
         401             1.334       0.390         410  404
         410             0.496       0.390         401
         404             1.334       0.390         401  411  405
         411             0.837       0.390         404
         409             0.496       0.390         402
         402             1.334       0.390         409
         407             3.300       0.390         408
         408             1.334       0.390         407  416
         416             1.073       0.390         408
         405             1.073       0.390         404  415
         414             0.494       0.390         406
         415             0.496       0.390         405

 Limited Memory BFGS Quasi-Newton Optimization :

 QN Iter     F Value      G RMS      F Move   X Move   Angle  FG Call  Comment

     0     2875.4897   970.9245                                   1
     1     1634.0113   552.3953   1241.4784   0.0982    0.00      2    Success 
     2      887.4824   382.2842    746.5289   0.0982    6.57      3    Success 
     3      441.5897   327.2929    445.8927   0.0982   19.65      4    Success 
     4      226.8236   240.8967    214.7661   0.0982   39.28      5    Success 
     5      162.2835   109.8206     64.5400   0.0386   46.81      6    Success 
     6      138.7229    96.3991     23.5606   0.0172   33.36      7    Success 
     7      101.7274    77.3196     36.9956   0.0347   38.47      8    Success 
     8       69.3395   130.2591     32.3878   0.0736   43.73      9    Success 
     9       43.2536    62.8890     26.0860   0.0393   59.27     10    Success 
    10       31.9543    55.1110     11.2993   0.0189   45.62     11    Success 
    11       18.0312    54.5084     13.9231   0.0387   53.92     12    Success 
    12       10.8032    65.3013      7.2281   0.0389   64.81     13    Success 
    13        6.4651    31.0954      4.3381   0.0098   58.19     14    Success 
    14        2.9091    31.7975      3.5560   0.0175   58.78     15    Success 
    15       -0.3744    33.8470      3.2835   0.0195   66.68     16    Success 
    16       -4.5535    28.4295      4.1791   0.0299   68.84     17    Success 
    17       -5.8087    31.7219      1.2552   0.0231   68.27     18    Success 
    18       -7.0531    13.3366      1.2444   0.0049   46.08     19    Success 
    19       -7.7147    11.8803      0.6616   0.0048   42.49     20    Success 
    20       -8.7488    15.0527      1.0341   0.0113   56.82     21    Success 
    21      -10.3775    17.9162      1.6287   0.0212   68.91     22    Success 
    22      -12.5266    24.5148      2.1491   0.0364   73.91     23    Success 
    23      -14.9863    19.9608      2.4597   0.0548   79.76     24    Success 
    24      -16.8424    14.1014      1.8561   0.0275   74.73     25    Success 
    25      -18.8657    15.6178      2.0233   0.0234   59.59     26    Success 
    26      -19.8084    37.8526      0.9428   0.0249   68.95     27    Success 
    27      -21.0598    15.8069      1.2514   0.0142   78.74     28    Success 
    28      -21.7929    11.4735      0.7330   0.0125   73.25     29    Success 
    29      -22.4189    13.9573      0.6260   0.0149   73.66     30    Success 
    30      -23.2401    13.5415      0.8212   0.0193   77.32     31    Success 
    31      -24.4372    11.4333      1.1971   0.0279   76.01     32    Success 
    32      -24.9915    13.6795      0.5543   0.0183   72.92     34    Success 
    33      -25.5760     7.3652      0.5846   0.0186   77.38     35    Success 
    34      -25.7858     8.8170      0.2098   0.0067   62.97     36    Success 
    35      -25.9899     6.2813      0.2041   0.0044   65.81     37    Success 
    36      -26.2176     4.9244      0.2276   0.0065   62.10     38    Success 
    37      -26.3649    10.3986      0.1473   0.0146   72.54     39    Success 
    38      -26.5039     4.1098      0.1390   0.0028   65.43     40    Success 
    39      -26.5569     3.1586      0.0530   0.0026   67.07     41    Success 
    40      -26.6004     2.6747      0.0435   0.0022   61.32     42    Success 
    41      -26.6381     3.9721      0.0377   0.0046   68.36     43    Success 
    42      -26.6814     3.1892      0.0433   0.0039   74.25     44    Success 
    43      -26.7198     2.4590      0.0384   0.0017   60.77     45    Success 
    44      -26.7762     2.2324      0.0564   0.0037   61.87     46    Success 
    45      -26.8299     2.7596      0.0538   0.0057   67.06     47    Success 
    46      -26.8543     2.9405      0.0244   0.0037   74.53     49    Success 
    47      -26.8770     1.5391      0.0227   0.0020   72.54     50    Success 
    48      -26.8938     1.5582      0.0168   0.0017   58.30     51    Success 
    49      -26.9036     3.3499      0.0098   0.0022   67.24     52    Success 
    50      -26.9191     2.1406      0.0156   0.0012   74.88     53    Success 
    51      -26.9419     1.6909      0.0227   0.0024   70.69     54    Success 
    52      -26.9618     1.8201      0.0200   0.0032   73.34     55    Success 
    53      -26.9846     1.6300      0.0228   0.0041   76.74     56    Success 
    54      -26.9931     3.7061      0.0084   0.0052   72.72     57    Success 
    55      -27.0074     2.6634      0.0144   0.0012   77.71     58    Success 
    56      -27.0270     0.9684      0.0196   0.0021   73.25     59    Success 
    57      -27.0345     0.8847      0.0075   0.0017   67.27     60    Success 
    58      -27.0391     1.2467      0.0046   0.0015   71.23     61    Success 
    59      -27.0426     1.1193      0.0036   0.0016   76.14     62    Success 
    60      -27.0449     0.5777      0.0023   0.0003   54.41     63    Success 
    61      -27.0463     0.6270      0.0014   0.0004   61.44     64    Success 
    62      -27.0485     0.6698      0.0022   0.0006   63.64     65    Success 
    63      -27.0512     0.7135      0.0027   0.0010   68.53     66    Success 
    64      -27.0534     0.4237      0.0021   0.0012   72.98     67    Success 
    65      -27.0543     0.2857      0.0009   0.0003   54.06     68    Success 
    66      -27.0553     0.3595      0.0010   0.0004   49.30     69    Success 
    67      -27.0560     0.4427      0.0008   0.0005   68.66     70    Success 
    68      -27.0568     0.3091      0.0008   0.0006   73.86     71    Success 
    69      -27.0575     0.2718      0.0006   0.0005   69.40     72    Success 
    70      -27.0581     0.2930      0.0006   0.0004   65.51     73    Success 
    71      -27.0586     0.2912      0.0005   0.0005   71.17     74    Success 
    72      -27.0588     0.3114      0.0002   0.0003   72.95     76    Success 
    73      -27.0590     0.1787      0.0002   0.0002   77.44     77    Success 
    74      -27.0591     0.1652      0.0001   0.0002   72.51     78    Success 
    75      -27.0593     0.1523      0.0002   0.0003   72.31     79    Success 
    76      -27.0595     0.1635      0.0002   0.0004   70.72     80    Success 
    77      -27.0597     0.3429      0.0002   0.0006   73.89     81    Success 
    78      -27.0599     0.1749      0.0002   0.0002   75.40     82    Success 
    79      -27.0601     0.1293      0.0001   0.0002   66.22     83    Success 
    80      -27.0601     0.1653      0.0001   0.0002   70.18     84    Success 
    81      -27.0602     0.1179      0.0001   0.0001   76.42     85    Success 
    82      -27.0602     0.0899      0.0000   0.0001   70.95     86   SmallGrad

 LBFGS  --  Normal Termination due to SmallGrad

 Final Function Value :          -27.0602
 Final RMS Gradient :              0.0899
 Final Gradient Norm :             0.3816
