
     ######################################################################
   ##########################################################################
  ###                                                                      ###
 ###            Tinker  ---  Software Tools for Molecular Design            ###
 ##                                                                          ##
 ##                          Version 8.7  June 2019                          ##
 ##                                                                          ##
 ##               Copyright (c)  Jay William Ponder  1990-2019               ##
 ###                           All Rights Reserved                          ###
  ###                                                                      ###
   ##########################################################################
     ######################################################################


 Additional Atom Definition Parameters :

     Type  Class  Symbol  Description               Atomic    Mass   Valence

     406    406     C     ModifiedRes                  6     12.011     3
     413    413     O     ModifiedRes                  8     15.999     1
     403    403     N     ModifiedRes                  7     14.007     3
     412    412     H     ModifiedRes                  1      1.008     1
     401    401     C     ModifiedRes                  6     12.011     4
     410    410     H     ModifiedRes                  1      1.008     1
     404    404     C     ModifiedRes                  6     12.011     3
     411    411     O     ModifiedRes                  8     15.999     1
     409    409     H     ModifiedRes                  1      1.008     1
     402    402     C     ModifiedRes                  6     12.011     4
     407    407     S     ModifiedRes                 16     32.066     2
     408    408     C     ModifiedRes                  6     12.011     2
     416    416     N     ModifiedRes                  7     14.007     1
     405    405     N     ModifiedRes                  7     14.007     3
     414    414     H     ModifiedRes                  1      1.008     1
     415    415     H     ModifiedRes                  1      1.008     1

 Additional Bond Stretching Parameters :

     Atom Classes             K(S)         Length

       406 413             705.000         1.2330
       403 406             482.000         1.3610
       406 414             356.400         1.1017
       401 403             374.800         1.4590
       403 412             542.000         1.0150
       401 410             341.000         1.0957
       401 404             345.300         1.5387
       401 402             345.300         1.5181
       404 405             482.000         1.3572
       404 411             705.000         1.2314
       402 409             395.500         1.0914
       402 407             235.800         1.8318
       407 408             235.800         1.6971
       408 416             450.000         1.1861
       405 415             542.000         1.0125

 Additional Angle Bending Parameters :

     Atom Classes             K(B)          Angle

     401 403 406            50.000        121.357
     403 406 413            60.000        124.095
     401 403 412            35.000        118.957
     406 403 412            35.000        118.832
     401 404 405            70.000        113.359
     401 404 411            80.000        121.701
     401 402 407            53.200        108.206
     404 401 410            38.000        109.342
     402 401 410            38.000        110.341
     403 401 410            50.600        106.305
     402 401 404            60.000        109.453
     403 401 404            80.000        110.692
     409 402 409            39.570        108.418
     401 402 409            42.440        109.525
     407 402 409            60.240        109.529
     402 401 403            80.000        110.663
     402 407 408            60.430         97.777
     407 408 416            60.000        178.380
     405 404 411            60.000        124.940
     413 406 414            68.340        122.633
     403 406 414            31.650        113.262
     415 405 415            22.300        119.367
     404 405 415            35.000        117.504

 Additional Stretch-Bend Parameters :

     Atom Classes          K(SB)-1        K(SB)-2

     401 403 406             7.200          7.200
     401 403 412             4.300          7.200
     406 403 412             4.300          7.200
     401 404 405            18.700         18.700
     401 402 407            18.700         18.700
     404 401 410            11.500         18.700
     402 401 410            11.500         18.700
     403 401 410            11.500         11.500
     402 401 404            18.700         18.700
     403 401 404            18.700         18.700
     401 402 409            11.500         11.500
     407 402 409            11.500         11.500
     402 401 403            18.700         18.700
     402 407 408            -5.750         -5.750
     403 406 414            11.500         11.500
     404 405 415             4.300          7.200
     415 405 415             4.300          7.200
     401 404 411            18.700         18.700
     413 406 414            11.500         11.500

 Additional Out-of-Plane Bend Parameters :

     Atom Classes                   K(OPB)

     401 403   0   0                14.400
     401 404   0   0                14.400
     403 406   0   0               107.910
     404 405   0   0                71.940
     405 404   0   0               107.910
     406 403   0   0                71.940
     411 404   0   0               122.298
     412 403   0   0                 5.755
     413 406   0   0               122.298
     414 406   0   0               140.283
     415 405   0   0                 5.755

 Additional Torsional Parameters :

     Atom Classes     1-Fold    2-Fold    3-Fold    4-Fold    5-Fold    6-Fold

   410 401 403 406   0.00   0  0.00 180  0.00   0  0.00   0  0.00   0  0.00   0
   404 401 403 406   0.00   0  0.00 180  0.00   0  0.00   0  0.00   0  0.00   0
   402 401 403 406   0.00   0  0.00 180  0.00   0  0.00   0  0.00   0  0.00   0
   401 403 406 413   1.00   0  2.25 180 -2.25   0  0.00   0  0.00   0  0.00   0
   412 403 406 413   0.00   0 -0.66 180 -0.36   0  0.00   0  0.00   0  0.00   0
   403 401 404 405  -0.39   0  0.95 180 -0.38   0  0.00   0  0.00   0  0.00   0
   403 401 404 411  -0.39   0  0.95 180 -0.38   0  0.00   0  0.00   0  0.00   0
   403 401 402 409   4.66   0-10.38 180  2.20   0  0.00   0  0.00   0  0.00   0
   403 401 402 407   9.58   0 -6.67 180  2.10   0  0.00   0  0.00   0  0.00   0
   410 401 403 412   0.00   0  0.00 180  0.00   0  0.00   0  0.00   0  0.00   0
   404 401 403 412   0.00   0  0.00 180  0.00   0  0.00   0  0.00   0  0.00   0
   402 401 403 412   0.00   0  0.00 180  0.00   0  0.00   0  0.00   0  0.00   0
   412 403 406 414   0.00   0  0.50 180  0.35   0  0.00   0  0.00   0  0.00   0
   401 404 405 415   0.00   0  1.20 180  0.80   0  0.00   0  0.00   0  0.00   0
   401 402 407 408  -2.82   0  3.03 180 -3.03   0  0.00   0  0.00   0  0.00   0
   401 403 406 414   0.00   0  2.25 180  0.00   0  0.00   0  0.00   0  0.00   0
   410 401 404 405  -0.37   0 -0.37 180 -0.38   0  0.00   0  0.00   0  0.00   0
   410 401 404 411  -0.37   0 -0.37 180 -0.38   0  0.00   0  0.00   0  0.00   0
   410 401 402 409  -2.85   0  1.19 180 -0.11   0  0.00   0  0.00   0  0.00   0
   410 401 402 407   3.60   0  5.29 180 -1.01   0  0.00   0  0.00   0  0.00   0
   404 401 402 409   1.09   0 -2.88 180 -0.11   0  0.00   0  0.00   0  0.00   0
   404 401 402 407  11.03   0 -2.54 180 -0.11   0  0.00   0  0.00   0  0.00   0
   411 404 405 415   0.00   0 -0.66 180 -0.36   0  0.00   0  0.00   0  0.00   0
   402 401 404 411  -0.37   0 -0.92 180 -0.38   0  0.00   0  0.00   0  0.00   0
   409 402 407 408  -3.03   0  2.77 180  2.12   0  0.00   0  0.00   0  0.00   0
   402 401 404 405  -0.37   0 -0.92 180 -0.38   0  0.00   0  0.00   0  0.00   0
   402 407 408 416   0.00   0  0.00 180  0.50   0  0.00   0  0.00   0  0.00   0

 Additional Pi-Orbital Torsion Parameters :

     Atom Classes       2-Fold

       403 406           6.850
       404 405           6.850

 Additional van der Waals Parameters :

     Atom Class               Size        Epsilon        Reduction

         406                3.8200         0.1060          0.000
         413                3.3000         0.1120          0.000
         403                3.7100         0.1100          0.000
         412                2.5900         0.0220          0.900
         401                3.6500         0.1010          0.000
         410                2.8800         0.0240          0.910
         404                3.8200         0.1060          0.000
         411                3.3000         0.1120          0.000
         409                2.8700         0.0330          0.900
         402                3.7800         0.1060          0.000
         407                4.0050         0.3550          0.000
         408                3.7800         0.1060          0.000
         416                3.7100         0.1050          0.000
         405                3.7100         0.1100          0.000
         414                2.9200         0.0300          0.920
         415                2.5900         0.0220          0.900

 Additional Atomic Multipole Parameters :

     Atom Type     Coordinate Frame Definition         Multipole Moments

         401      402    403      0   Z-then-X    -0.27036
                                                   0.50333  0.00000  0.35496
                                                   0.60618
                                                   0.00000 -0.85704
                                                  -0.17941  0.00000  0.25086

         402      401    407      0   Z-then-X    -0.16378
                                                   0.27783  0.00000  0.40620
                                                  -0.16704
                                                   0.00000 -0.37723
                                                  -0.32619  0.00000  0.54427

         403      401    406      0   Z-then-X    -0.06291
                                                  -0.05963  0.00000  0.51258
                                                  -0.02622
                                                   0.00000 -1.06994
                                                  -0.25799  0.00000  1.09616

         404      401    405      0   Z-then-X     0.97419
                                                  -0.17493  0.00000  0.24114
                                                   0.31865
                                                   0.00000 -0.36761
                                                  -0.16585  0.00000  0.04896

         405      404    401      0   Z-then-X    -0.32381
                                                  -0.07740  0.00000  0.07140
                                                   0.49023
                                                   0.00000 -0.50247
                                                  -0.10308  0.00000  0.01224

         406      403    413      0   Z-then-X     0.63074
                                                   0.38274  0.00000  0.13596
                                                   0.04373
                                                   0.00000  0.01951
                                                   0.00235  0.00000 -0.06324

         407      402    401      0   Z-then-X     0.34016
                                                  -0.07527  0.00000  0.43821
                                                   0.17590
                                                   0.00000 -1.99142
                                                   0.51063  0.00000  1.81552

         408      407    402      0   Z-then-X     0.21607
                                                  -0.24565  0.00000 -0.65647
                                                   0.36522
                                                   0.00000  0.54677
                                                  -0.15483  0.00000 -0.91199

         409      402    401      0   Z-then-X     0.09934
                                                   0.05478  0.00000 -0.15869
                                                   0.10976
                                                   0.00000  0.23220
                                                   0.09980  0.00000 -0.34196

         410      401    402      0   Z-then-X     0.10719
                                                  -0.04599  0.00000  0.06642
                                                  -0.13850
                                                   0.00000 -0.08710
                                                  -0.12540  0.00000  0.22560

         411      404    401      0   Z-then-X    -0.77611
                                                  -0.20983  0.00000 -0.17915
                                                  -0.60127
                                                   0.00000  0.28309
                                                  -0.27939  0.00000  0.31818

         412      403    401      0   Z-then-X     0.11914
                                                   0.07060  0.00000 -0.12959
                                                   0.03994
                                                   0.00000  0.03762
                                                   0.23614  0.00000 -0.07756

         413      406    403      0   Z-then-X    -0.66614
                                                  -0.16152  0.00000 -0.04686
                                                  -0.50404
                                                   0.00000  0.14208
                                                  -0.21323  0.00000  0.36196

         414      406    403      0   Z-then-X    -0.02624
                                                  -0.04928  0.00000 -0.17449
                                                   0.09856
                                                   0.00000  0.02319
                                                  -0.01890  0.00000 -0.12175

         415      405    404      0   Z-then-X     0.13249
                                                  -0.04544  0.00000 -0.32452
                                                   0.19801
                                                   0.00000  0.14298
                                                  -0.00600  0.00000 -0.34099

         416      408    407      0   Z-then-X    -0.56180
                                                  -0.12235  0.00000 -0.22875
                                                   0.29155
                                                   0.00000  0.13098
                                                  -0.22483  0.00000 -0.42253

 Additional Atomic Dipole Polarizability Parameters :

     Atom Type           Alpha       Thole     Group Atom Types

         406             1.334       0.390         413  403  414
         413             0.837       0.390         406
         403             1.073       0.390         406  412
         412             0.496       0.390         403
         401             1.334       0.390         410  404
         410             0.496       0.390         401
         404             1.334       0.390         401  411  405
         411             0.837       0.390         404
         409             0.496       0.390         402
         402             1.334       0.390         409
         407             3.300       0.390         408
         408             1.334       0.390         407  416
         416             1.073       0.390         408
         405             1.073       0.390         404  415
         414             0.494       0.390         406
         415             0.496       0.390         405

 Limited Memory BFGS Quasi-Newton Optimization :

 QN Iter     F Value      G RMS      F Move   X Move   Angle  FG Call  Comment

     0     1121.5881   621.8816                                   1
     1      489.4318   327.7865    632.1563   0.0982    0.00      2    Success 
     2      264.8223   250.4719    224.6095   0.0695   26.57      3    Success 
     3      108.6167   145.9574    156.2056   0.0739   42.78      4    Success 
     4       81.1412   212.0802     27.4755   0.0579   39.16      5    Success 
     5       46.9441    78.0144     34.1971   0.0150   16.35      6    Success 
     6       37.5811    47.3365      9.3630   0.0109   24.20      7    Success 
     7       30.1317    47.3048      7.4494   0.0148   38.22      8    Success 
     8       19.3612    41.9299     10.7705   0.0267   49.09      9    Success 
     9       10.3342    60.4173      9.0271   0.0463   56.26     10    Success 
    10        2.9071    30.7840      7.4270   0.0253   63.35     11    Success 
    11       -1.6431    28.9245      4.5502   0.0159   47.29     12    Success 
    12       -7.7155    36.6671      6.0724   0.0316   56.46     13    Success 
    13      -13.5723    36.4392      5.8568   0.0472   69.85     14    Success 
    14      -17.5988    23.1896      4.0265   0.0266   71.00     15    Success 
    15      -20.4996    25.7335      2.9008   0.0227   52.68     16    Success 
    16      -21.9688    21.4041      1.4692   0.0113   52.84     17    Success 
    17      -22.9903    14.0857      1.0214   0.0064   60.43     18    Success 
    18      -24.4140    11.1424      1.4237   0.0164   60.65     19    Success 
    19      -25.5517    13.9497      1.1377   0.0178   65.48     20    Success 
    20      -27.3014    14.4982      1.7498   0.0271   70.49     21    Success 
    21      -29.2384    20.6753      1.9370   0.0422   71.47     22    Success 
    22      -30.5476    21.1655      1.3091   0.0444   76.97     23    Success 
    23      -31.6183    10.0712      1.0707   0.0088   63.56     24    Success 
    24      -32.3684     9.2335      0.7501   0.0110   54.65     25    Success 
    25      -32.8540    18.6090      0.4857   0.0188   72.19     26    Success 
    26      -33.3918     9.5372      0.5378   0.0137   80.21     27    Success 
    27      -33.8844     8.8986      0.4927   0.0213   78.99     28    Success 
    28      -34.0444    12.6015      0.1600   0.0240   81.18     29    Success 
    29      -34.2749     7.8687      0.2305   0.0045   71.55     30    Success 
    30      -34.4716     4.0116      0.1966   0.0065   67.32     31    Success 
    31      -34.5695     5.0291      0.0979   0.0047   66.88     32    Success 
    32      -34.7026     3.9521      0.1331   0.0059   68.47     33    Success 
    33      -34.8035     4.0137      0.1009   0.0054   65.16     34    Success 
    34      -34.8760     4.1317      0.0725   0.0067   68.96     35    Success 
    35      -34.9345     2.5123      0.0584   0.0026   64.62     36    Success 
    36      -34.9808     2.5966      0.0464   0.0028   56.54     37    Success 
    37      -35.0232     3.3140      0.0424   0.0034   66.43     38    Success 
    38      -35.0744     2.3258      0.0511   0.0053   74.40     39    Success 
    39      -35.1144     2.5233      0.0400   0.0053   74.93     40    Success 
    40      -35.1524     3.6701      0.0380   0.0070   75.32     41    Success 
    41      -35.1854     2.1240      0.0330   0.0022   70.76     42    Success 
    42      -35.2124     1.8262      0.0270   0.0022   63.81     43    Success 
    43      -35.2413     1.9382      0.0289   0.0032   68.44     44    Success 
    44      -35.2794     1.7198      0.0381   0.0053   73.31     45    Success 
    45      -35.2957     3.1028      0.0163   0.0034   72.01     47    Success 
    46      -35.3191     1.7749      0.0234   0.0034   80.04     48    Success 
    47      -35.3377     1.6906      0.0186   0.0032   72.61     49    Success 
    48      -35.3415     4.0691      0.0037   0.0032   71.83     50    Success 
    49      -35.3481     3.1710      0.0066   0.0005   78.69     51    Success 
    50      -35.3586     1.6909      0.0106   0.0008   73.59     52    Success 
    51      -35.3685     1.1962      0.0098   0.0015   69.37     53    Success 
    52      -35.3727     1.3849      0.0043   0.0009   75.32     54    Success 
    53      -35.3800     1.2440      0.0073   0.0014   75.69     55    Success 
    54      -35.3897     1.6156      0.0097   0.0027   76.16     56    Success 
    55      -35.3954     2.1569      0.0057   0.0038   79.75     57    Success 
    56      -35.4001     0.6644      0.0047   0.0006   66.48     58    Success 
    57      -35.4016     0.5847      0.0015   0.0005   72.22     59    Success 
    58      -35.4040     0.5743      0.0025   0.0007   66.62     60    Success 
    59      -35.4078     0.4639      0.0038   0.0013   67.57     61    Success 
    60      -35.4107     1.2082      0.0029   0.0022   65.55     62    Success 
    61      -35.4137     0.5630      0.0030   0.0014   79.33     63    Success 
    62      -35.4152     0.4548      0.0015   0.0004   63.45     64    Success 
    63      -35.4171     0.4997      0.0019   0.0008   63.15     65    Success 
    64      -35.4180     0.5450      0.0009   0.0007   74.20     67    Success 
    65      -35.4186     0.3502      0.0007   0.0003   73.18     68    Success 
    66      -35.4195     0.2785      0.0009   0.0005   65.36     69    Success 
    67      -35.4203     0.3607      0.0007   0.0004   64.77     70    Success 
    68      -35.4211     0.5522      0.0008   0.0007   71.47     71    Success 
    69      -35.4221     0.3297      0.0010   0.0007   77.63     72    Success 
    70      -35.4228     0.2475      0.0007   0.0005   71.95     73    Success 
    71      -35.4234     0.3839      0.0006   0.0007   66.67     74    Success 
    72      -35.4239     0.3819      0.0004   0.0005   75.07     75    Success 
    73      -35.4242     0.2558      0.0003   0.0002   67.07     76    Success 
    74      -35.4244     0.1730      0.0002   0.0002   68.59     77    Success 
    75      -35.4245     0.1217      0.0002   0.0002   68.75     78    Success 
    76      -35.4247     0.1160      0.0002   0.0003   65.02     79    Success 
    77      -35.4248     0.1435      0.0001   0.0002   65.70     80    Success 
    78      -35.4248     0.1102      0.0001   0.0001   56.57     81    Success 
    79      -35.4249     0.0956      0.0001   0.0001   58.34     82   SmallGrad

 LBFGS  --  Normal Termination due to SmallGrad

 Final Function Value :          -35.4249
 Final RMS Gradient :              0.0956
 Final Gradient Norm :             0.4055
