
     ######################################################################
   ##########################################################################
  ###                                                                      ###
 ###            Tinker  ---  Software Tools for Molecular Design            ###
 ##                                                                          ##
 ##                          Version 8.7  June 2019                          ##
 ##                                                                          ##
 ##               Copyright (c)  Jay William Ponder  1990-2019               ##
 ###                           All Rights Reserved                          ###
  ###                                                                      ###
   ##########################################################################
     ######################################################################


 Additional Atom Definition Parameters :

     Type  Class  Symbol  Description               Atomic    Mass   Valence

     406    406     C     ModifiedRes                  6     12.011     3
     413    413     O     ModifiedRes                  8     15.999     1
     403    403     N     ModifiedRes                  7     14.007     3
     412    412     H     ModifiedRes                  1      1.008     1
     401    401     C     ModifiedRes                  6     12.011     4
     410    410     H     ModifiedRes                  1      1.008     1
     404    404     C     ModifiedRes                  6     12.011     3
     411    411     O     ModifiedRes                  8     15.999     1
     409    409     H     ModifiedRes                  1      1.008     1
     402    402     C     ModifiedRes                  6     12.011     4
     407    407     S     ModifiedRes                 16     32.066     2
     408    408     C     ModifiedRes                  6     12.011     2
     416    416     N     ModifiedRes                  7     14.007     1
     405    405     N     ModifiedRes                  7     14.007     3
     414    414     H     ModifiedRes                  1      1.008     1
     415    415     H     ModifiedRes                  1      1.008     1

 Additional Bond Stretching Parameters :

     Atom Classes             K(S)         Length

       406 413             705.000         1.2330
       403 406             482.000         1.3610
       406 414             356.400         1.1017
       401 403             374.800         1.4590
       403 412             542.000         1.0150
       401 410             341.000         1.0957
       401 404             345.300         1.5387
       401 402             345.300         1.5181
       404 405             482.000         1.3572
       404 411             705.000         1.2314
       402 409             395.500         1.0914
       402 407             235.800         1.8318
       407 408             235.800         1.6971
       408 416             450.000         1.1861
       405 415             542.000         1.0125

 Additional Angle Bending Parameters :

     Atom Classes             K(B)          Angle

     401 403 406            50.000        121.357
     403 406 413            60.000        124.095
     401 403 412            35.000        118.957
     406 403 412            35.000        118.832
     401 404 405            70.000        113.359
     401 404 411            80.000        121.701
     401 402 407            53.200        108.206
     404 401 410            38.000        109.342
     402 401 410            38.000        110.341
     403 401 410            50.600        106.305
     402 401 404            60.000        109.453
     403 401 404            80.000        110.692
     409 402 409            39.570        108.418
     401 402 409            42.440        109.525
     407 402 409            60.240        109.529
     402 401 403            80.000        110.663
     402 407 408            60.430         97.777
     407 408 416            60.000        178.380
     405 404 411            60.000        124.940
     413 406 414            68.340        122.633
     403 406 414            31.650        113.262
     415 405 415            22.300        119.367
     404 405 415            35.000        117.504

 Additional Stretch-Bend Parameters :

     Atom Classes          K(SB)-1        K(SB)-2

     401 403 406             7.200          7.200
     401 403 412             4.300          7.200
     406 403 412             4.300          7.200
     401 404 405            18.700         18.700
     401 402 407            18.700         18.700
     404 401 410            11.500         18.700
     402 401 410            11.500         18.700
     403 401 410            11.500         11.500
     402 401 404            18.700         18.700
     403 401 404            18.700         18.700
     401 402 409            11.500         11.500
     407 402 409            11.500         11.500
     402 401 403            18.700         18.700
     402 407 408            -5.750         -5.750
     403 406 414            11.500         11.500
     404 405 415             4.300          7.200
     415 405 415             4.300          7.200
     401 404 411            18.700         18.700
     413 406 414            11.500         11.500

 Additional Out-of-Plane Bend Parameters :

     Atom Classes                   K(OPB)

     401 403   0   0                14.400
     401 404   0   0                14.400
     403 406   0   0               107.910
     404 405   0   0                71.940
     405 404   0   0               107.910
     406 403   0   0                71.940
     411 404   0   0               122.298
     412 403   0   0                 5.755
     413 406   0   0               122.298
     414 406   0   0               140.283
     415 405   0   0                 5.755

 Additional Torsional Parameters :

     Atom Classes     1-Fold    2-Fold    3-Fold    4-Fold    5-Fold    6-Fold

   410 401 403 406   0.00   0  0.00 180  0.00   0  0.00   0  0.00   0  0.00   0
   404 401 403 406   0.00   0  0.00 180  0.00   0  0.00   0  0.00   0  0.00   0
   402 401 403 406   0.00   0  0.00 180  0.00   0  0.00   0  0.00   0  0.00   0
   401 403 406 413   1.00   0  2.25 180 -2.25   0  0.00   0  0.00   0  0.00   0
   412 403 406 413   0.00   0 -0.66 180 -0.36   0  0.00   0  0.00   0  0.00   0
   403 401 404 405  -0.39   0  0.95 180 -0.38   0  0.00   0  0.00   0  0.00   0
   403 401 404 411  -0.39   0  0.95 180 -0.38   0  0.00   0  0.00   0  0.00   0
   403 401 402 409   4.66   0-10.38 180  2.20   0  0.00   0  0.00   0  0.00   0
   403 401 402 407   9.58   0 -6.67 180  2.10   0  0.00   0  0.00   0  0.00   0
   410 401 403 412   0.00   0  0.00 180  0.00   0  0.00   0  0.00   0  0.00   0
   404 401 403 412   0.00   0  0.00 180  0.00   0  0.00   0  0.00   0  0.00   0
   402 401 403 412   0.00   0  0.00 180  0.00   0  0.00   0  0.00   0  0.00   0
   412 403 406 414   0.00   0  0.50 180  0.35   0  0.00   0  0.00   0  0.00   0
   401 404 405 415   0.00   0  1.20 180  0.80   0  0.00   0  0.00   0  0.00   0
   401 402 407 408  -2.82   0  3.03 180 -3.03   0  0.00   0  0.00   0  0.00   0
   401 403 406 414   0.00   0  2.25 180  0.00   0  0.00   0  0.00   0  0.00   0
   410 401 404 405  -0.37   0 -0.37 180 -0.38   0  0.00   0  0.00   0  0.00   0
   410 401 404 411  -0.37   0 -0.37 180 -0.38   0  0.00   0  0.00   0  0.00   0
   410 401 402 409  -2.85   0  1.19 180 -0.11   0  0.00   0  0.00   0  0.00   0
   410 401 402 407   3.60   0  5.29 180 -1.01   0  0.00   0  0.00   0  0.00   0
   404 401 402 409   1.09   0 -2.88 180 -0.11   0  0.00   0  0.00   0  0.00   0
   404 401 402 407  11.03   0 -2.54 180 -0.11   0  0.00   0  0.00   0  0.00   0
   411 404 405 415   0.00   0 -0.66 180 -0.36   0  0.00   0  0.00   0  0.00   0
   402 401 404 411  -0.37   0 -0.92 180 -0.38   0  0.00   0  0.00   0  0.00   0
   409 402 407 408  -3.03   0  2.77 180  2.12   0  0.00   0  0.00   0  0.00   0
   402 401 404 405  -0.37   0 -0.92 180 -0.38   0  0.00   0  0.00   0  0.00   0
   402 407 408 416   0.00   0  0.00 180  0.50   0  0.00   0  0.00   0  0.00   0

 Additional Pi-Orbital Torsion Parameters :

     Atom Classes       2-Fold

       403 406           6.850
       404 405           6.850

 Additional van der Waals Parameters :

     Atom Class               Size        Epsilon        Reduction

         406                3.8200         0.1060          0.000
         413                3.3000         0.1120          0.000
         403                3.7100         0.1100          0.000
         412                2.5900         0.0220          0.900
         401                3.6500         0.1010          0.000
         410                2.8800         0.0240          0.910
         404                3.8200         0.1060          0.000
         411                3.3000         0.1120          0.000
         409                2.8700         0.0330          0.900
         402                3.7800         0.1060          0.000
         407                4.0050         0.3550          0.000
         408                3.7800         0.1060          0.000
         416                3.7100         0.1050          0.000
         405                3.7100         0.1100          0.000
         414                2.9200         0.0300          0.920
         415                2.5900         0.0220          0.900

 Additional Atomic Multipole Parameters :

     Atom Type     Coordinate Frame Definition         Multipole Moments

         401      402    403      0   Z-then-X    -0.27036
                                                   0.50333  0.00000  0.35496
                                                   0.60618
                                                   0.00000 -0.85704
                                                  -0.17941  0.00000  0.25086

         402      401    407      0   Z-then-X    -0.16378
                                                   0.27783  0.00000  0.40620
                                                  -0.16704
                                                   0.00000 -0.37723
                                                  -0.32619  0.00000  0.54427

         403      401    406      0   Z-then-X    -0.06291
                                                  -0.05963  0.00000  0.51258
                                                  -0.02622
                                                   0.00000 -1.06994
                                                  -0.25799  0.00000  1.09616

         404      401    405      0   Z-then-X     0.97419
                                                  -0.17493  0.00000  0.24114
                                                   0.31865
                                                   0.00000 -0.36761
                                                  -0.16585  0.00000  0.04896

         405      404    401      0   Z-then-X    -0.32381
                                                  -0.07740  0.00000  0.07140
                                                   0.49023
                                                   0.00000 -0.50247
                                                  -0.10308  0.00000  0.01224

         406      403    413      0   Z-then-X     0.63074
                                                   0.38274  0.00000  0.13596
                                                   0.04373
                                                   0.00000  0.01951
                                                   0.00235  0.00000 -0.06324

         407      402    401      0   Z-then-X     0.34016
                                                  -0.07527  0.00000  0.43821
                                                   0.17590
                                                   0.00000 -1.99142
                                                   0.51063  0.00000  1.81552

         408      407    402      0   Z-then-X     0.21607
                                                  -0.24565  0.00000 -0.65647
                                                   0.36522
                                                   0.00000  0.54677
                                                  -0.15483  0.00000 -0.91199

         409      402    401      0   Z-then-X     0.09934
                                                   0.05478  0.00000 -0.15869
                                                   0.10976
                                                   0.00000  0.23220
                                                   0.09980  0.00000 -0.34196

         410      401    402      0   Z-then-X     0.10719
                                                  -0.04599  0.00000  0.06642
                                                  -0.13850
                                                   0.00000 -0.08710
                                                  -0.12540  0.00000  0.22560

         411      404    401      0   Z-then-X    -0.77611
                                                  -0.20983  0.00000 -0.17915
                                                  -0.60127
                                                   0.00000  0.28309
                                                  -0.27939  0.00000  0.31818

         412      403    401      0   Z-then-X     0.11914
                                                   0.07060  0.00000 -0.12959
                                                   0.03994
                                                   0.00000  0.03762
                                                   0.23614  0.00000 -0.07756

         413      406    403      0   Z-then-X    -0.66614
                                                  -0.16152  0.00000 -0.04686
                                                  -0.50404
                                                   0.00000  0.14208
                                                  -0.21323  0.00000  0.36196

         414      406    403      0   Z-then-X    -0.02624
                                                  -0.04928  0.00000 -0.17449
                                                   0.09856
                                                   0.00000  0.02319
                                                  -0.01890  0.00000 -0.12175

         415      405    404      0   Z-then-X     0.13249
                                                  -0.04544  0.00000 -0.32452
                                                   0.19801
                                                   0.00000  0.14298
                                                  -0.00600  0.00000 -0.34099

         416      408    407      0   Z-then-X    -0.56180
                                                  -0.12235  0.00000 -0.22875
                                                   0.29155
                                                   0.00000  0.13098
                                                  -0.22483  0.00000 -0.42253

 Additional Atomic Dipole Polarizability Parameters :

     Atom Type           Alpha       Thole     Group Atom Types

         406             1.334       0.390         413  403  414
         413             0.837       0.390         406
         403             1.073       0.390         406  412
         412             0.496       0.390         403
         401             1.334       0.390         410  404
         410             0.496       0.390         401
         404             1.334       0.390         401  411  405
         411             0.837       0.390         404
         409             0.496       0.390         402
         402             1.334       0.390         409
         407             3.300       0.390         408
         408             1.334       0.390         407  416
         416             1.073       0.390         408
         405             1.073       0.390         404  415
         414             0.494       0.390         406
         415             0.496       0.390         405

 Limited Memory BFGS Quasi-Newton Optimization :

 QN Iter     F Value      G RMS      F Move   X Move   Angle  FG Call  Comment

     0      295.3675   330.1275                                   1
     1      195.8679   450.4305     99.4996   0.0982    0.00      2    Success 
     2       61.2963   191.2604    134.5717   0.0247    5.52      3    Success 
     3       11.9377    79.0276     49.3586   0.0230   12.03      4    Success 
     4       -8.6288    59.2070     20.5665   0.0231   25.17      5    Success 
     5      -17.8134    75.4482      9.1846   0.0288   37.75      6    Success 
     6      -22.9426    36.4921      5.1292   0.0117   42.56      7    Success 
     7      -24.6723    25.4682      1.7297   0.0039   32.88      8    Success 
     8      -27.4516    19.2346      2.7793   0.0086   28.50      9    Success 
     9      -31.2125    29.8441      3.7609   0.0199   36.13     10    Success 
    10      -33.4788    25.9429      2.2663   0.0244   66.54     11    Success 
    11      -34.6094    13.0432      1.1307   0.0075   62.38     12    Success 
    12      -35.3356    10.7413      0.7261   0.0064   46.42     13    Success 
    13      -36.0018    10.8086      0.6662   0.0074   50.79     14    Success 
    14      -36.8187    10.9390      0.8169   0.0119   58.87     15    Success 
    15      -37.1923    11.3420      0.3736   0.0087   64.21     17    Success 
    16      -37.5848     6.2769      0.3925   0.0071   66.12     18    Success 
    17      -37.8377     6.2975      0.2529   0.0054   54.66     19    Success 
    18      -38.1043     9.6975      0.2666   0.0088   60.65     20    Success 
    19      -38.3879     6.7321      0.2836   0.0075   71.21     21    Success 
    20      -38.6688     6.2229      0.2810   0.0075   66.12     22    Success 
    21      -39.0429     9.8774      0.3741   0.0131   67.54     23    Success 
    22      -39.1422     7.1328      0.0993   0.0028   75.55     25    Success 
    23      -39.2958     8.8005      0.1536   0.0068   76.82     26    Success 
    24      -39.4095    17.3567      0.1138   0.0055   78.16     28    Success 
    25      -39.4965    25.5007      0.0870   0.0051   81.86     29    Success 
    26      -39.5354     6.4550      0.0389   0.0028   83.99     30    Success 
    27      -39.5563     6.3129      0.0209   0.0018   82.74     31    Success 
    28      -39.7225    12.6584      0.1662   0.0066   73.78     33    Success 
    29      -39.9346    11.7921      0.2121   0.0102   81.80     34    Success 
    30      -40.0026    14.6280      0.0680   0.0064   85.10     35    Success 
    31      -40.0341     9.8705      0.0314   0.0024   84.92     36    Success 
    32      -40.0670     6.5135      0.0329   0.0014   80.56     37    Success 
    33      -40.1186     5.8716      0.0516   0.0011   60.22     38    Success 
    34      -40.2053     5.3209      0.0867   0.0029   70.50     39    Success 
    35      -40.3373     6.3607      0.1320   0.0063   73.18     40    Success 
    36      -40.4839     6.6048      0.1466   0.0109   77.83     41    Success 
    37      -40.5522     6.0020      0.0682   0.0066   78.54     42    Success 
    38      -40.6065     3.7847      0.0544   0.0017   67.39     43    Success 
    39      -40.6807     3.2446      0.0742   0.0027   53.89     44    Success 
    40      -40.7428     3.4549      0.0621   0.0038   68.40     45    Success 
    41      -40.8095     5.5893      0.0667   0.0063   71.56     46    Success 
    42      -40.8911     3.0644      0.0816   0.0062   77.89     47    Success 
    43      -40.9463     2.7936      0.0552   0.0034   67.57     48    Success 
    44      -41.0147     3.9557      0.0685   0.0054   66.01     49    Success 
    45      -41.0790     4.1189      0.0643   0.0060   74.71     50    Success 
    46      -41.1263     3.7764      0.0473   0.0048   76.94     51    Success 
    47      -41.1858     2.7070      0.0595   0.0052   76.48     52    Success 
    48      -41.2408     3.6846      0.0550   0.0066   68.14     53    Success 
    49      -41.2527     4.9873      0.0120   0.0055   72.46     54    Success 
    50      -41.2738     3.8993      0.0211   0.0006   65.39     55    Success 
    51      -41.3056     2.4371      0.0318   0.0022   73.80     56    Success 
    52      -41.3345     2.9357      0.0289   0.0030   65.30     57    Success 
    53      -41.3571     2.1696      0.0226   0.0024   74.61     58    Success 
    54      -41.3814     1.8482      0.0243   0.0028   73.24     59    Success 
    55      -41.4131     1.3835      0.0317   0.0049   72.55     60    Success 
    56      -41.4295     2.1076      0.0164   0.0040   69.27     61    Success 
    57      -41.4462     1.3147      0.0167   0.0020   72.22     62    Success 
    58      -41.4597     1.6658      0.0135   0.0023   62.91     63    Success 
    59      -41.4632     2.7417      0.0035   0.0023   72.87     64    Success 
    60      -41.4682     1.2155      0.0050   0.0004   70.76     65    Success 
    61      -41.4706     0.6329      0.0024   0.0002   42.97     66    Success 
    62      -41.4719     0.7764      0.0013   0.0003   60.54     67    Success 
    63      -41.4741     0.8330      0.0022   0.0006   70.31     68    Success 
    64      -41.4775     0.8732      0.0034   0.0008   68.13     69    Success 
    65      -41.4796     1.5799      0.0022   0.0016   74.14     70    Success 
    66      -41.4823     0.4914      0.0026   0.0004   68.89     71    Success 
    67      -41.4830     0.4161      0.0007   0.0002   51.80     72    Success 
    68      -41.4839     0.5425      0.0009   0.0003   57.40     73    Success 
    69      -41.4853     0.5966      0.0014   0.0005   69.30     74    Success 
    70      -41.4864     1.0239      0.0011   0.0009   72.80     75    Success 
    71      -41.4878     0.3918      0.0014   0.0005   77.12     76    Success 
    72      -41.4884     0.2827      0.0006   0.0003   63.93     77    Success 
    73      -41.4890     0.3916      0.0006   0.0003   60.76     78    Success 
    74      -41.4898     0.4533      0.0009   0.0005   71.97     79    Success 
    75      -41.4903     0.7905      0.0005   0.0008   75.27     80    Success 
    76      -41.4910     0.3465      0.0007   0.0002   72.53     81    Success 
    77      -41.4913     0.1395      0.0003   0.0001   56.03     82    Success 
    78      -41.4914     0.1618      0.0001   0.0001   54.85     83    Success 
    79      -41.4916     0.1672      0.0002   0.0002   62.04     84    Success 
    80      -41.4918     0.2333      0.0002   0.0003   66.25     85    Success 
    81      -41.4920     0.1573      0.0001   0.0003   74.85     86    Success 
    82      -41.4920     0.0871      0.0001   0.0001   53.30     87   SmallGrad

 LBFGS  --  Normal Termination due to SmallGrad

 Final Function Value :          -41.4920
 Final RMS Gradient :              0.0871
 Final Gradient Norm :             0.3695
