
     ######################################################################
   ##########################################################################
  ###                                                                      ###
 ###            Tinker  ---  Software Tools for Molecular Design            ###
 ##                                                                          ##
 ##                          Version 8.7  June 2019                          ##
 ##                                                                          ##
 ##               Copyright (c)  Jay William Ponder  1990-2019               ##
 ###                           All Rights Reserved                          ###
  ###                                                                      ###
   ##########################################################################
     ######################################################################


 Additional Atom Definition Parameters :

     Type  Class  Symbol  Description               Atomic    Mass   Valence

     406    406     C     ModifiedRes                  6     12.011     3
     413    413     O     ModifiedRes                  8     15.999     1
     403    403     N     ModifiedRes                  7     14.007     3
     412    412     H     ModifiedRes                  1      1.008     1
     401    401     C     ModifiedRes                  6     12.011     4
     410    410     H     ModifiedRes                  1      1.008     1
     404    404     C     ModifiedRes                  6     12.011     3
     411    411     O     ModifiedRes                  8     15.999     1
     409    409     H     ModifiedRes                  1      1.008     1
     402    402     C     ModifiedRes                  6     12.011     4
     407    407     S     ModifiedRes                 16     32.066     2
     408    408     C     ModifiedRes                  6     12.011     2
     416    416     N     ModifiedRes                  7     14.007     1
     405    405     N     ModifiedRes                  7     14.007     3
     414    414     H     ModifiedRes                  1      1.008     1
     415    415     H     ModifiedRes                  1      1.008     1

 Additional Bond Stretching Parameters :

     Atom Classes             K(S)         Length

       406 413             705.000         1.2330
       403 406             482.000         1.3610
       406 414             356.400         1.1017
       401 403             374.800         1.4590
       403 412             542.000         1.0150
       401 410             341.000         1.0957
       401 404             345.300         1.5387
       401 402             345.300         1.5181
       404 405             482.000         1.3572
       404 411             705.000         1.2314
       402 409             395.500         1.0914
       402 407             235.800         1.8318
       407 408             235.800         1.6971
       408 416             450.000         1.1861
       405 415             542.000         1.0125

 Additional Angle Bending Parameters :

     Atom Classes             K(B)          Angle

     401 403 406            50.000        121.357
     403 406 413            60.000        124.095
     401 403 412            35.000        118.957
     406 403 412            35.000        118.832
     401 404 405            70.000        113.359
     401 404 411            80.000        121.701
     401 402 407            53.200        108.206
     404 401 410            38.000        109.342
     402 401 410            38.000        110.341
     403 401 410            50.600        106.305
     402 401 404            60.000        109.453
     403 401 404            80.000        110.692
     409 402 409            39.570        108.418
     401 402 409            42.440        109.525
     407 402 409            60.240        109.529
     402 401 403            80.000        110.663
     402 407 408            60.430         97.777
     407 408 416            60.000        178.380
     405 404 411            60.000        124.940
     413 406 414            68.340        122.633
     403 406 414            31.650        113.262
     415 405 415            22.300        119.367
     404 405 415            35.000        117.504

 Additional Stretch-Bend Parameters :

     Atom Classes          K(SB)-1        K(SB)-2

     401 403 406             7.200          7.200
     401 403 412             4.300          7.200
     406 403 412             4.300          7.200
     401 404 405            18.700         18.700
     401 402 407            18.700         18.700
     404 401 410            11.500         18.700
     402 401 410            11.500         18.700
     403 401 410            11.500         11.500
     402 401 404            18.700         18.700
     403 401 404            18.700         18.700
     401 402 409            11.500         11.500
     407 402 409            11.500         11.500
     402 401 403            18.700         18.700
     402 407 408            -5.750         -5.750
     403 406 414            11.500         11.500
     404 405 415             4.300          7.200
     415 405 415             4.300          7.200
     401 404 411            18.700         18.700
     413 406 414            11.500         11.500

 Additional Out-of-Plane Bend Parameters :

     Atom Classes                   K(OPB)

     401 403   0   0                14.400
     401 404   0   0                14.400
     403 406   0   0               107.910
     404 405   0   0                71.940
     405 404   0   0               107.910
     406 403   0   0                71.940
     411 404   0   0               122.298
     412 403   0   0                 5.755
     413 406   0   0               122.298
     414 406   0   0               140.283
     415 405   0   0                 5.755

 Additional Torsional Parameters :

     Atom Classes     1-Fold    2-Fold    3-Fold    4-Fold    5-Fold    6-Fold

   410 401 403 406   0.00   0  0.00 180  0.00   0  0.00   0  0.00   0  0.00   0
   404 401 403 406   0.00   0  0.00 180  0.00   0  0.00   0  0.00   0  0.00   0
   402 401 403 406   0.00   0  0.00 180  0.00   0  0.00   0  0.00   0  0.00   0
   401 403 406 413   1.00   0  2.25 180 -2.25   0  0.00   0  0.00   0  0.00   0
   412 403 406 413   0.00   0 -0.66 180 -0.36   0  0.00   0  0.00   0  0.00   0
   403 401 404 405  -0.39   0  0.95 180 -0.38   0  0.00   0  0.00   0  0.00   0
   403 401 404 411  -0.39   0  0.95 180 -0.38   0  0.00   0  0.00   0  0.00   0
   403 401 402 409   4.66   0-10.38 180  2.20   0  0.00   0  0.00   0  0.00   0
   403 401 402 407   9.58   0 -6.67 180  2.10   0  0.00   0  0.00   0  0.00   0
   410 401 403 412   0.00   0  0.00 180  0.00   0  0.00   0  0.00   0  0.00   0
   404 401 403 412   0.00   0  0.00 180  0.00   0  0.00   0  0.00   0  0.00   0
   402 401 403 412   0.00   0  0.00 180  0.00   0  0.00   0  0.00   0  0.00   0
   412 403 406 414   0.00   0  0.50 180  0.35   0  0.00   0  0.00   0  0.00   0
   401 404 405 415   0.00   0  1.20 180  0.80   0  0.00   0  0.00   0  0.00   0
   401 402 407 408  -2.82   0  3.03 180 -3.03   0  0.00   0  0.00   0  0.00   0
   401 403 406 414   0.00   0  2.25 180  0.00   0  0.00   0  0.00   0  0.00   0
   410 401 404 405  -0.37   0 -0.37 180 -0.38   0  0.00   0  0.00   0  0.00   0
   410 401 404 411  -0.37   0 -0.37 180 -0.38   0  0.00   0  0.00   0  0.00   0
   410 401 402 409  -2.85   0  1.19 180 -0.11   0  0.00   0  0.00   0  0.00   0
   410 401 402 407   3.60   0  5.29 180 -1.01   0  0.00   0  0.00   0  0.00   0
   404 401 402 409   1.09   0 -2.88 180 -0.11   0  0.00   0  0.00   0  0.00   0
   404 401 402 407  11.03   0 -2.54 180 -0.11   0  0.00   0  0.00   0  0.00   0
   411 404 405 415   0.00   0 -0.66 180 -0.36   0  0.00   0  0.00   0  0.00   0
   402 401 404 411  -0.37   0 -0.92 180 -0.38   0  0.00   0  0.00   0  0.00   0
   409 402 407 408  -3.03   0  2.77 180  2.12   0  0.00   0  0.00   0  0.00   0
   402 401 404 405  -0.37   0 -0.92 180 -0.38   0  0.00   0  0.00   0  0.00   0
   402 407 408 416   0.00   0  0.00 180  0.50   0  0.00   0  0.00   0  0.00   0

 Additional Pi-Orbital Torsion Parameters :

     Atom Classes       2-Fold

       403 406           6.850
       404 405           6.850

 Additional van der Waals Parameters :

     Atom Class               Size        Epsilon        Reduction

         406                3.8200         0.1060          0.000
         413                3.3000         0.1120          0.000
         403                3.7100         0.1100          0.000
         412                2.5900         0.0220          0.900
         401                3.6500         0.1010          0.000
         410                2.8800         0.0240          0.910
         404                3.8200         0.1060          0.000
         411                3.3000         0.1120          0.000
         409                2.8700         0.0330          0.900
         402                3.7800         0.1060          0.000
         407                4.0050         0.3550          0.000
         408                3.7800         0.1060          0.000
         416                3.7100         0.1050          0.000
         405                3.7100         0.1100          0.000
         414                2.9200         0.0300          0.920
         415                2.5900         0.0220          0.900

 Additional Atomic Multipole Parameters :

     Atom Type     Coordinate Frame Definition         Multipole Moments

         401      402    403      0   Z-then-X    -0.27036
                                                   0.50333  0.00000  0.35496
                                                   0.60618
                                                   0.00000 -0.85704
                                                  -0.17941  0.00000  0.25086

         402      401    407      0   Z-then-X    -0.16378
                                                   0.27783  0.00000  0.40620
                                                  -0.16704
                                                   0.00000 -0.37723
                                                  -0.32619  0.00000  0.54427

         403      401    406      0   Z-then-X    -0.06291
                                                  -0.05963  0.00000  0.51258
                                                  -0.02622
                                                   0.00000 -1.06994
                                                  -0.25799  0.00000  1.09616

         404      401    405      0   Z-then-X     0.97419
                                                  -0.17493  0.00000  0.24114
                                                   0.31865
                                                   0.00000 -0.36761
                                                  -0.16585  0.00000  0.04896

         405      404    401      0   Z-then-X    -0.32381
                                                  -0.07740  0.00000  0.07140
                                                   0.49023
                                                   0.00000 -0.50247
                                                  -0.10308  0.00000  0.01224

         406      403    413      0   Z-then-X     0.63074
                                                   0.38274  0.00000  0.13596
                                                   0.04373
                                                   0.00000  0.01951
                                                   0.00235  0.00000 -0.06324

         407      402    401      0   Z-then-X     0.34016
                                                  -0.07527  0.00000  0.43821
                                                   0.17590
                                                   0.00000 -1.99142
                                                   0.51063  0.00000  1.81552

         408      407    402      0   Z-then-X     0.21607
                                                  -0.24565  0.00000 -0.65647
                                                   0.36522
                                                   0.00000  0.54677
                                                  -0.15483  0.00000 -0.91199

         409      402    401      0   Z-then-X     0.09934
                                                   0.05478  0.00000 -0.15869
                                                   0.10976
                                                   0.00000  0.23220
                                                   0.09980  0.00000 -0.34196

         410      401    402      0   Z-then-X     0.10719
                                                  -0.04599  0.00000  0.06642
                                                  -0.13850
                                                   0.00000 -0.08710
                                                  -0.12540  0.00000  0.22560

         411      404    401      0   Z-then-X    -0.77611
                                                  -0.20983  0.00000 -0.17915
                                                  -0.60127
                                                   0.00000  0.28309
                                                  -0.27939  0.00000  0.31818

         412      403    401      0   Z-then-X     0.11914
                                                   0.07060  0.00000 -0.12959
                                                   0.03994
                                                   0.00000  0.03762
                                                   0.23614  0.00000 -0.07756

         413      406    403      0   Z-then-X    -0.66614
                                                  -0.16152  0.00000 -0.04686
                                                  -0.50404
                                                   0.00000  0.14208
                                                  -0.21323  0.00000  0.36196

         414      406    403      0   Z-then-X    -0.02624
                                                  -0.04928  0.00000 -0.17449
                                                   0.09856
                                                   0.00000  0.02319
                                                  -0.01890  0.00000 -0.12175

         415      405    404      0   Z-then-X     0.13249
                                                  -0.04544  0.00000 -0.32452
                                                   0.19801
                                                   0.00000  0.14298
                                                  -0.00600  0.00000 -0.34099

         416      408    407      0   Z-then-X    -0.56180
                                                  -0.12235  0.00000 -0.22875
                                                   0.29155
                                                   0.00000  0.13098
                                                  -0.22483  0.00000 -0.42253

 Additional Atomic Dipole Polarizability Parameters :

     Atom Type           Alpha       Thole     Group Atom Types

         406             1.334       0.390         413  403  414
         413             0.837       0.390         406
         403             1.073       0.390         406  412
         412             0.496       0.390         403
         401             1.334       0.390         410  404
         410             0.496       0.390         401
         404             1.334       0.390         401  411  405
         411             0.837       0.390         404
         409             0.496       0.390         402
         402             1.334       0.390         409
         407             3.300       0.390         408
         408             1.334       0.390         407  416
         416             1.073       0.390         408
         405             1.073       0.390         404  415
         414             0.494       0.390         406
         415             0.496       0.390         405

 Limited Memory BFGS Quasi-Newton Optimization :

 QN Iter     F Value      G RMS      F Move   X Move   Angle  FG Call  Comment

     0      600.3716   401.4245                                   1
     1      167.0733   215.9504    433.2982   0.0982    0.00      2    Success 
     2      148.2603   347.2620     18.8130   0.0801   25.26      3    Success 
     3      114.5563   275.3251     33.7040   0.0066   23.29      4    Success 
     4       64.6397   129.8375     49.9166   0.0150   25.16      5    Success 
     5       43.0772    63.7237     21.5625   0.0172   22.05      6    Success 
     6       35.5180    67.0585      7.5591   0.0098   39.61      7    Success 
     7       22.8207    62.2513     12.6973   0.0183   46.92      8    Success 
     8       13.5759   117.9668      9.2448   0.0368   51.97      9    Success 
     9        1.7323    49.0509     11.8435   0.0216   66.28     10    Success 
    10       -3.0030    30.0784      4.7353   0.0137   57.83     11    Success 
    11       -7.8778    34.5372      4.8748   0.0222   55.93     12    Success 
    12      -12.7260    28.1181      4.8482   0.0282   67.24     13    Success 
    13      -16.3262    42.7967      3.6002   0.0407   67.63     14    Success 
    14      -19.9138    19.1138      3.5876   0.0232   68.85     15    Success 
    15      -21.9360    17.6289      2.0222   0.0136   48.81     16    Success 
    16      -24.5404    19.1181      2.6044   0.0247   62.05     17    Success 
    17      -26.8111    28.2161      2.2707   0.0377   68.35     18    Success 
    18      -28.6372    15.7372      1.8261   0.0226   71.95     19    Success 
    19      -29.7323    13.6562      1.0951   0.0071   51.07     20    Success 
    20      -31.4040    13.8721      1.6717   0.0178   60.00     21    Success 
    21      -33.2303    20.9623      1.8263   0.0381   69.40     22    Success 
    22      -35.0926    16.9293      1.8623   0.0411   76.78     23    Success 
    23      -36.1261     9.6263      1.0334   0.0139   67.28     24    Success 
    24      -36.7702     7.2742      0.6441   0.0097   56.02     25    Success 
    25      -37.4311     9.5893      0.6609   0.0121   55.84     26    Success 
    26      -37.9930    19.7734      0.5619   0.0232   70.73     27    Success 
    27      -38.3515    11.7311      0.3585   0.0128   77.42     28    Success 
    28      -38.5663    12.4284      0.2148   0.0055   51.93     29    Success 
    29      -38.8429     5.1309      0.2766   0.0038   62.79     30    Success 
    30      -39.0390     6.9834      0.1961   0.0076   66.13     31    Success 
    31      -39.2591     7.6801      0.2201   0.0091   75.95     32    Success 
    32      -39.4594    15.0938      0.2003   0.0118   74.28     33    Success 
    33      -39.7365     7.7506      0.2771   0.0094   81.00     34    Success 
    34      -39.8634     5.0460      0.1269   0.0066   74.25     35    Success 
    35      -39.9295     4.1252      0.0661   0.0026   62.10     36    Success 
    36      -39.9957     3.4277      0.0662   0.0020   56.03     37    Success 
    37      -40.0906     4.2386      0.0949   0.0037   54.35     38    Success 
    38      -40.1962     3.8913      0.1057   0.0076   70.94     39    Success 
    39      -40.2639     3.8269      0.0677   0.0047   72.80     40    Success 
    40      -40.3529     3.2276      0.0890   0.0069   73.41     41    Success 
    41      -40.4087     4.4915      0.0559   0.0057   69.18     42    Success 
    42      -40.4531     2.1109      0.0444   0.0023   68.57     43    Success 
    43      -40.4740     1.5790      0.0209   0.0017   60.43     44    Success 
    44      -40.4910     1.6639      0.0170   0.0016   62.45     45    Success 
    45      -40.5165     2.0938      0.0255   0.0026   63.93     46    Success 
    46      -40.5480     2.2825      0.0316   0.0042   71.08     47    Success 
    47      -40.5741     1.8210      0.0260   0.0041   75.24     48    Success 
    48      -40.5928     1.5019      0.0188   0.0026   68.67     49    Success 
    49      -40.6067     1.4238      0.0139   0.0017   60.29     50    Success 
    50      -40.6161     2.1483      0.0094   0.0016   63.36     51    Success 
    51      -40.6255     1.1518      0.0094   0.0012   72.67     52    Success 
    52      -40.6337     1.1219      0.0082   0.0016   70.48     53    Success 
    53      -40.6444     1.2995      0.0106   0.0027   72.48     54    Success 
    54      -40.6493     1.5400      0.0049   0.0016   74.65     56    Success 
    55      -40.6541     0.9048      0.0048   0.0009   73.95     57    Success 
    56      -40.6581     0.7562      0.0040   0.0008   62.82     58    Success 
    57      -40.6613     0.8119      0.0032   0.0007   64.73     59    Success 
    58      -40.6652     0.9623      0.0038   0.0012   69.19     60    Success 
    59      -40.6684     0.5096      0.0032   0.0013   75.59     61    Success 
    60      -40.6699     0.4553      0.0016   0.0005   64.76     62    Success 
    61      -40.6718     0.6591      0.0019   0.0009   64.53     63    Success 
    62      -40.6734     0.7276      0.0016   0.0007   72.72     64    Success 
    63      -40.6756     0.5719      0.0022   0.0009   76.32     65    Success 
    64      -40.6777     0.9994      0.0021   0.0015   73.81     66    Success 
    65      -40.6796     0.5020      0.0018   0.0010   77.92     67    Success 
    66      -40.6804     0.4240      0.0008   0.0002   57.21     68    Success 
    67      -40.6819     0.3669      0.0015   0.0004   56.09     69    Success 
    68      -40.6838     0.5619      0.0020   0.0010   63.57     70    Success 
    69      -40.6860     0.3681      0.0021   0.0017   76.75     71    Success 
    70      -40.6863     0.5578      0.0003   0.0008   76.34     72    Success 
    71      -40.6868     0.3019      0.0005   0.0002   68.08     73    Success 
    72      -40.6873     0.1651      0.0005   0.0004   68.20     74    Success 
    73      -40.6875     0.2631      0.0002   0.0002   62.20     75    Success 
    74      -40.6878     0.1660      0.0002   0.0003   74.37     76    Success 
    75      -40.6879     0.1158      0.0001   0.0002   66.43     77    Success 
    76      -40.6880     0.1137      0.0001   0.0001   63.23     78    Success 
    77      -40.6880     0.2234      0.0001   0.0002   60.26     79    Success 
    78      -40.6881     0.1127      0.0001   0.0001   72.19     80    Success 
    79      -40.6882     0.0806      0.0001   0.0002   71.89     81   SmallGrad

 LBFGS  --  Normal Termination due to SmallGrad

 Final Function Value :          -40.6882
 Final RMS Gradient :              0.0806
 Final Gradient Norm :             0.3418
