
     ######################################################################
   ##########################################################################
  ###                                                                      ###
 ###            Tinker  ---  Software Tools for Molecular Design            ###
 ##                                                                          ##
 ##                          Version 8.7  June 2019                          ##
 ##                                                                          ##
 ##               Copyright (c)  Jay William Ponder  1990-2019               ##
 ###                           All Rights Reserved                          ###
  ###                                                                      ###
   ##########################################################################
     ######################################################################


 Additional Atom Definition Parameters :

     Type  Class  Symbol  Description               Atomic    Mass   Valence

     406    406     C     ModifiedRes                  6     12.011     3
     413    413     O     ModifiedRes                  8     15.999     1
     403    403     N     ModifiedRes                  7     14.007     3
     412    412     H     ModifiedRes                  1      1.008     1
     401    401     C     ModifiedRes                  6     12.011     4
     410    410     H     ModifiedRes                  1      1.008     1
     404    404     C     ModifiedRes                  6     12.011     3
     411    411     O     ModifiedRes                  8     15.999     1
     409    409     H     ModifiedRes                  1      1.008     1
     402    402     C     ModifiedRes                  6     12.011     4
     407    407     S     ModifiedRes                 16     32.066     2
     408    408     C     ModifiedRes                  6     12.011     2
     416    416     N     ModifiedRes                  7     14.007     1
     405    405     N     ModifiedRes                  7     14.007     3
     414    414     H     ModifiedRes                  1      1.008     1
     415    415     H     ModifiedRes                  1      1.008     1

 Additional Bond Stretching Parameters :

     Atom Classes             K(S)         Length

       406 413             705.000         1.2330
       403 406             482.000         1.3610
       406 414             356.400         1.1017
       401 403             374.800         1.4590
       403 412             542.000         1.0150
       401 410             341.000         1.0957
       401 404             345.300         1.5387
       401 402             345.300         1.5181
       404 405             482.000         1.3572
       404 411             705.000         1.2314
       402 409             395.500         1.0914
       402 407             235.800         1.8318
       407 408             235.800         1.6971
       408 416             450.000         1.1861
       405 415             542.000         1.0125

 Additional Angle Bending Parameters :

     Atom Classes             K(B)          Angle

     401 403 406            50.000        121.357
     403 406 413            60.000        124.095
     401 403 412            35.000        118.957
     406 403 412            35.000        118.832
     401 404 405            70.000        113.359
     401 404 411            80.000        121.701
     401 402 407            53.200        108.206
     404 401 410            38.000        109.342
     402 401 410            38.000        110.341
     403 401 410            50.600        106.305
     402 401 404            60.000        109.453
     403 401 404            80.000        110.692
     409 402 409            39.570        108.418
     401 402 409            42.440        109.525
     407 402 409            60.240        109.529
     402 401 403            80.000        110.663
     402 407 408            60.430         97.777
     407 408 416            60.000        178.380
     405 404 411            60.000        124.940
     413 406 414            68.340        122.633
     403 406 414            31.650        113.262
     415 405 415            22.300        119.367
     404 405 415            35.000        117.504

 Additional Stretch-Bend Parameters :

     Atom Classes          K(SB)-1        K(SB)-2

     401 403 406             7.200          7.200
     401 403 412             4.300          7.200
     406 403 412             4.300          7.200
     401 404 405            18.700         18.700
     401 402 407            18.700         18.700
     404 401 410            11.500         18.700
     402 401 410            11.500         18.700
     403 401 410            11.500         11.500
     402 401 404            18.700         18.700
     403 401 404            18.700         18.700
     401 402 409            11.500         11.500
     407 402 409            11.500         11.500
     402 401 403            18.700         18.700
     402 407 408            -5.750         -5.750
     403 406 414            11.500         11.500
     404 405 415             4.300          7.200
     415 405 415             4.300          7.200
     401 404 411            18.700         18.700
     413 406 414            11.500         11.500

 Additional Out-of-Plane Bend Parameters :

     Atom Classes                   K(OPB)

     401 403   0   0                14.400
     401 404   0   0                14.400
     403 406   0   0               107.910
     404 405   0   0                71.940
     405 404   0   0               107.910
     406 403   0   0                71.940
     411 404   0   0               122.298
     412 403   0   0                 5.755
     413 406   0   0               122.298
     414 406   0   0               140.283
     415 405   0   0                 5.755

 Additional Torsional Parameters :

     Atom Classes     1-Fold    2-Fold    3-Fold    4-Fold    5-Fold    6-Fold

   410 401 403 406   0.00   0  0.00 180  0.00   0  0.00   0  0.00   0  0.00   0
   404 401 403 406   0.00   0  0.00 180  0.00   0  0.00   0  0.00   0  0.00   0
   402 401 403 406   0.00   0  0.00 180  0.00   0  0.00   0  0.00   0  0.00   0
   401 403 406 413   1.00   0  2.25 180 -2.25   0  0.00   0  0.00   0  0.00   0
   412 403 406 413   0.00   0 -0.66 180 -0.36   0  0.00   0  0.00   0  0.00   0
   403 401 404 405   0.00   0  0.00 180  0.00   0  0.00   0  0.00   0  0.00   0
   403 401 404 411   0.00   0  0.00 180  0.00   0  0.00   0  0.00   0  0.00   0
   403 401 402 409   0.00   0  0.00 180  0.00   0  0.00   0  0.00   0  0.00   0
   403 401 402 407   0.00   0  0.00 180  0.00   0  0.00   0  0.00   0  0.00   0
   410 401 403 412   0.00   0  0.00 180  0.00   0  0.00   0  0.00   0  0.00   0
   404 401 403 412   0.00   0  0.00 180  0.00   0  0.00   0  0.00   0  0.00   0
   402 401 403 412   0.00   0  0.00 180  0.00   0  0.00   0  0.00   0  0.00   0
   412 403 406 414   0.00   0  0.50 180  0.35   0  0.00   0  0.00   0  0.00   0
   401 404 405 415   0.00   0  1.20 180  0.80   0  0.00   0  0.00   0  0.00   0
   401 402 407 408   0.00   0  0.00 180  0.00   0  0.00   0  0.00   0  0.00   0
   401 403 406 414   0.00   0  2.25 180  0.00   0  0.00   0  0.00   0  0.00   0
   410 401 404 405   0.00   0  0.00 180  0.00   0  0.00   0  0.00   0  0.00   0
   410 401 404 411   0.00   0  0.00 180  0.00   0  0.00   0  0.00   0  0.00   0
   410 401 402 409   0.00   0  0.00 180  0.00   0  0.00   0  0.00   0  0.00   0
   410 401 402 407   0.00   0  0.00 180  0.00   0  0.00   0  0.00   0  0.00   0
   404 401 402 409   0.00   0  0.00 180  0.00   0  0.00   0  0.00   0  0.00   0
   404 401 402 407   0.00   0  0.00 180  0.00   0  0.00   0  0.00   0  0.00   0
   411 404 405 415   0.00   0 -0.66 180 -0.36   0  0.00   0  0.00   0  0.00   0
   402 401 404 411   0.00   0  0.00 180  0.00   0  0.00   0  0.00   0  0.00   0
   409 402 407 408   0.00   0  0.00 180  0.00   0  0.00   0  0.00   0  0.00   0
   402 401 404 405   0.00   0  0.00 180  0.00   0  0.00   0  0.00   0  0.00   0
   402 407 408 416   0.00   0  0.00 180  0.50   0  0.00   0  0.00   0  0.00   0

 Additional Pi-Orbital Torsion Parameters :

     Atom Classes       2-Fold

       403 406           6.850
       404 405           6.850

 Additional van der Waals Parameters :

     Atom Class               Size        Epsilon        Reduction

         406                3.8200         0.1060          0.000
         413                3.3000         0.1120          0.000
         403                3.7100         0.1100          0.000
         412                2.5900         0.0220          0.900
         401                3.6500         0.1010          0.000
         410                2.8800         0.0240          0.910
         404                3.8200         0.1060          0.000
         411                3.3000         0.1120          0.000
         409                2.8700         0.0330          0.900
         402                3.7800         0.1060          0.000
         407                4.0050         0.3550          0.000
         408                3.7800         0.1060          0.000
         416                3.7100         0.1050          0.000
         405                3.7100         0.1100          0.000
         414                2.9200         0.0300          0.920
         415                2.5900         0.0220          0.900

 Additional Atomic Multipole Parameters :

     Atom Type     Coordinate Frame Definition         Multipole Moments

         401      402    403      0   Z-then-X    -0.27036
                                                   0.50333  0.00000  0.35496
                                                   0.60618
                                                   0.00000 -0.85704
                                                  -0.17941  0.00000  0.25086

         402      401    407      0   Z-then-X    -0.16378
                                                   0.27783  0.00000  0.40620
                                                  -0.16704
                                                   0.00000 -0.37723
                                                  -0.32619  0.00000  0.54427

         403      401    406      0   Z-then-X    -0.06291
                                                  -0.05963  0.00000  0.51258
                                                  -0.02622
                                                   0.00000 -1.06994
                                                  -0.25799  0.00000  1.09616

         404      401    405      0   Z-then-X     0.97419
                                                  -0.17493  0.00000  0.24114
                                                   0.31865
                                                   0.00000 -0.36761
                                                  -0.16585  0.00000  0.04896

         405      404    401      0   Z-then-X    -0.32381
                                                  -0.07740  0.00000  0.07140
                                                   0.49023
                                                   0.00000 -0.50247
                                                  -0.10308  0.00000  0.01224

         406      403    413      0   Z-then-X     0.63074
                                                   0.38274  0.00000  0.13596
                                                   0.04373
                                                   0.00000  0.01951
                                                   0.00235  0.00000 -0.06324

         407      402    401      0   Z-then-X     0.34016
                                                  -0.07527  0.00000  0.43821
                                                   0.17590
                                                   0.00000 -1.99142
                                                   0.51063  0.00000  1.81552

         408      407    402      0   Z-then-X     0.21607
                                                  -0.24565  0.00000 -0.65647
                                                   0.36522
                                                   0.00000  0.54677
                                                  -0.15483  0.00000 -0.91199

         409      402    401      0   Z-then-X     0.09934
                                                   0.05478  0.00000 -0.15869
                                                   0.10976
                                                   0.00000  0.23220
                                                   0.09980  0.00000 -0.34196

         410      401    402      0   Z-then-X     0.10719
                                                  -0.04599  0.00000  0.06642
                                                  -0.13850
                                                   0.00000 -0.08710
                                                  -0.12540  0.00000  0.22560

         411      404    401      0   Z-then-X    -0.77611
                                                  -0.20983  0.00000 -0.17915
                                                  -0.60127
                                                   0.00000  0.28309
                                                  -0.27939  0.00000  0.31818

         412      403    401      0   Z-then-X     0.11914
                                                   0.07060  0.00000 -0.12959
                                                   0.03994
                                                   0.00000  0.03762
                                                   0.23614  0.00000 -0.07756

         413      406    403      0   Z-then-X    -0.66614
                                                  -0.16152  0.00000 -0.04686
                                                  -0.50404
                                                   0.00000  0.14208
                                                  -0.21323  0.00000  0.36196

         414      406    403      0   Z-then-X    -0.02624
                                                  -0.04928  0.00000 -0.17449
                                                   0.09856
                                                   0.00000  0.02319
                                                  -0.01890  0.00000 -0.12175

         415      405    404      0   Z-then-X     0.13249
                                                  -0.04544  0.00000 -0.32452
                                                   0.19801
                                                   0.00000  0.14298
                                                  -0.00600  0.00000 -0.34099

         416      408    407      0   Z-then-X    -0.56180
                                                  -0.12235  0.00000 -0.22875
                                                   0.29155
                                                   0.00000  0.13098
                                                  -0.22483  0.00000 -0.42253

 Additional Atomic Dipole Polarizability Parameters :

     Atom Type           Alpha       Thole     Group Atom Types

         406             1.334       0.390         413  403  414
         413             0.837       0.390         406
         403             1.073       0.390         406  412
         412             0.496       0.390         403
         401             1.334       0.390         410  404
         410             0.496       0.390         401
         404             1.334       0.390         401  411  405
         411             0.837       0.390         404
         409             0.496       0.390         402
         402             1.334       0.390         409
         407             3.300       0.390         408
         408             1.334       0.390         407  416
         416             1.073       0.390         408
         405             1.073       0.390         404  415
         414             0.494       0.390         406
         415             0.496       0.390         405

 Limited Memory BFGS Quasi-Newton Optimization :

 QN Iter     F Value      G RMS      F Move   X Move   Angle  FG Call  Comment

     0     1120.1567   621.2170                                   1
     1      485.9527   324.0868    634.2040   0.0982    0.00      2    Success 
     2      259.5220   249.0775    226.4307   0.0700   26.03      3    Success 
     3      101.2730   141.7568    158.2489   0.0766   42.52      4    Success 
     4       72.8760   201.0018     28.3970   0.0542   38.63      5    Success 
     5       40.4567    70.5724     32.4192   0.0169   21.82      6    Success 
     6       32.4416    47.5164      8.0151   0.0099   28.50      7    Success 
     7       23.5885    44.0284      8.8531   0.0187   37.95      8    Success 
     8       12.9794    43.0973     10.6091   0.0281   47.92      9    Success 
     9        5.0540    68.6047      7.9253   0.0501   57.65     10    Success 
    10       -2.4476    29.6953      7.5017   0.0167   54.53     11    Success 
    11       -6.4937    28.6721      4.0460   0.0139   43.82     12    Success 
    12      -12.4307    33.5719      5.9370   0.0297   58.19     13    Success 
    13      -18.3808    48.1475      5.9501   0.0522   67.89     14    Success 
    14      -23.1022    24.2489      4.7214   0.0360   74.93     15    Success 
    15      -25.6470    16.4460      2.5448   0.0099   31.21     16    Success 
    16      -27.3435    19.6916      1.6965   0.0152   48.74     17    Success 
    17      -28.5179    20.0013      1.1744   0.0175   68.29     18    Success 
    18      -29.5130    13.0787      0.9951   0.0078   63.41     19    Success 
    19      -30.8878    12.8280      1.3748   0.0200   64.98     20    Success 
    20      -32.0737    14.8996      1.1858   0.0188   69.32     21    Success 
    21      -33.8814    14.3223      1.8077   0.0284   71.88     22    Success 
    22      -34.9622    28.0364      1.0809   0.0478   72.93     23    Success 
    23      -36.4804    13.9614      1.5182   0.0134   71.35     24    Success 
    24      -37.4891    10.2039      1.0087   0.0126   58.81     25    Success 
    25      -38.0619    12.6661      0.5728   0.0145   71.09     26    Success 
    26      -38.6273    13.3459      0.5654   0.0202   78.28     27    Success 
    27      -39.0875    12.0872      0.4602   0.0237   80.21     28    Success 
    28      -39.3492     6.1915      0.2617   0.0043   65.02     29    Success 
    29      -39.5037     4.6768      0.1545   0.0053   64.25     30    Success 
    30      -39.6863     5.4850      0.1826   0.0107   69.84     31    Success 
    31      -39.8669     5.2269      0.1805   0.0065   58.55     32    Success 
    32      -39.9416     5.0309      0.0748   0.0052   67.15     33    Success 
    33      -39.9985     3.1738      0.0569   0.0031   74.60     34    Success 
    34      -40.0796     2.6220      0.0810   0.0041   60.87     35    Success 
    35      -40.1523     3.0875      0.0727   0.0047   62.26     36    Success 
    36      -40.1849     6.1086      0.0326   0.0084   72.70     37    Success 
    37      -40.2360     3.5806      0.0511   0.0019   72.16     38    Success 
    38      -40.2853     1.7524      0.0493   0.0023   57.01     39    Success 
    39      -40.3082     2.0537      0.0229   0.0019   61.24     40    Success 
    40      -40.3462     2.1676      0.0380   0.0035   69.16     41    Success 
    41      -40.3766     5.3023      0.0304   0.0060   71.12     42    Success 
    42      -40.4211     2.8501      0.0445   0.0044   81.73     43    Success 
    43      -40.4528     1.5417      0.0318   0.0044   77.85     44    Success 
    44      -40.4717     1.5916      0.0189   0.0030   72.02     45    Success 
    45      -40.4918     2.6184      0.0201   0.0035   67.99     46    Success 
    46      -40.5104     2.2448      0.0186   0.0029   74.46     47    Success 
    47      -40.5255     1.6729      0.0152   0.0011   63.15     48    Success 
    48      -40.5457     1.8503      0.0201   0.0024   64.67     49    Success 
    49      -40.5612     2.6777      0.0155   0.0037   75.75     50    Success 
    50      -40.5737     1.6084      0.0126   0.0027   80.42     51    Success 
    51      -40.5810     1.0506      0.0073   0.0014   73.74     52    Success 
    52      -40.5865     1.3076      0.0055   0.0010   64.25     53    Success 
    53      -40.5932     1.2380      0.0067   0.0015   72.38     54    Success 
    54      -40.5991     0.8366      0.0059   0.0012   71.29     55    Success 
    55      -40.6037     1.0635      0.0046   0.0013   64.79     56    Success 
    56      -40.6073     0.7205      0.0036   0.0010   74.03     57    Success 
    57      -40.6107     0.6301      0.0034   0.0013   74.72     58    Success 
    58      -40.6154     0.6840      0.0047   0.0018   71.35     59    Success 
    59      -40.6191     1.0726      0.0037   0.0029   74.35     60    Success 
    60      -40.6228     0.6017      0.0037   0.0008   67.94     61    Success 
    61      -40.6255     0.4746      0.0026   0.0008   63.29     62    Success 
    62      -40.6272     0.5448      0.0017   0.0009   68.86     63    Success 
    63      -40.6282     0.6835      0.0011   0.0009   71.93     64    Success 
    64      -40.6291     0.3586      0.0008   0.0002   57.21     65    Success 
    65      -40.6298     0.3194      0.0008   0.0004   62.00     66    Success 
    66      -40.6305     0.3549      0.0007   0.0004   67.01     67    Success 
    67      -40.6316     0.3960      0.0010   0.0007   70.91     68    Success 
    68      -40.6318     1.0556      0.0002   0.0012   75.88     69    Success 
    69      -40.6321     0.8617      0.0004   0.0000   61.69     70    Success 
    70      -40.6327     0.4994      0.0006   0.0001   67.56     71    Success 
    71      -40.6332     0.2258      0.0005   0.0003   68.51     72    Success 
    72      -40.6333     0.2655      0.0001   0.0001   69.71     73    Success 
    73      -40.6336     0.2729      0.0003   0.0002   71.46     74    Success 
    74      -40.6340     0.3453      0.0004   0.0003   70.98     75    Success 
    75      -40.6345     0.3498      0.0004   0.0006   76.43     76    Success 
    76      -40.6347     0.1622      0.0002   0.0004   79.66     77    Success 
    77      -40.6348     0.1204      0.0001   0.0001   69.40     78    Success 
    78      -40.6349     0.1208      0.0001   0.0002   67.08     79    Success 
    79      -40.6349     0.1289      0.0001   0.0002   71.27     80    Success 
    80      -40.6350     0.2722      0.0000   0.0003   73.09     81    Success 
    81      -40.6350     0.1850      0.0001   0.0000   62.49     82    Success 
    82      -40.6351     0.0674      0.0001   0.0001   65.56     83   SmallGrad

 LBFGS  --  Normal Termination due to SmallGrad

 Final Function Value :          -40.6351
 Final RMS Gradient :              0.0674
 Final Gradient Norm :             0.2859
