
     ######################################################################
   ##########################################################################
  ###                                                                      ###
 ###            Tinker  ---  Software Tools for Molecular Design            ###
 ##                                                                          ##
 ##                          Version 8.7  June 2019                          ##
 ##                                                                          ##
 ##               Copyright (c)  Jay William Ponder  1990-2019               ##
 ###                           All Rights Reserved                          ###
  ###                                                                      ###
   ##########################################################################
     ######################################################################


 Additional Atom Definition Parameters :

     Type  Class  Symbol  Description               Atomic    Mass   Valence

     406    406     C     ModifiedRes                  6     12.011     3
     413    413     O     ModifiedRes                  8     15.999     1
     403    403     N     ModifiedRes                  7     14.007     3
     412    412     H     ModifiedRes                  1      1.008     1
     401    401     C     ModifiedRes                  6     12.011     4
     410    410     H     ModifiedRes                  1      1.008     1
     404    404     C     ModifiedRes                  6     12.011     3
     411    411     O     ModifiedRes                  8     15.999     1
     409    409     H     ModifiedRes                  1      1.008     1
     402    402     C     ModifiedRes                  6     12.011     4
     407    407     S     ModifiedRes                 16     32.066     2
     408    408     C     ModifiedRes                  6     12.011     2
     416    416     N     ModifiedRes                  7     14.007     1
     405    405     N     ModifiedRes                  7     14.007     3
     414    414     H     ModifiedRes                  1      1.008     1
     415    415     H     ModifiedRes                  1      1.008     1

 Additional Bond Stretching Parameters :

     Atom Classes             K(S)         Length

       406 413             705.000         1.2330
       403 406             482.000         1.3610
       406 414             356.400         1.1017
       401 403             374.800         1.4590
       403 412             542.000         1.0150
       401 410             341.000         1.0957
       401 404             345.300         1.5387
       401 402             345.300         1.5181
       404 405             482.000         1.3572
       404 411             705.000         1.2314
       402 409             395.500         1.0914
       402 407             235.800         1.8318
       407 408             235.800         1.6971
       408 416             450.000         1.1861
       405 415             542.000         1.0125

 Additional Angle Bending Parameters :

     Atom Classes             K(B)          Angle

     401 403 406            50.000        121.357
     403 406 413            60.000        124.095
     401 403 412            35.000        118.957
     406 403 412            35.000        118.832
     401 404 405            70.000        113.359
     401 404 411            80.000        121.701
     401 402 407            53.200        108.206
     404 401 410            38.000        109.342
     402 401 410            38.000        110.341
     403 401 410            50.600        106.305
     402 401 404            60.000        109.453
     403 401 404            80.000        110.692
     409 402 409            39.570        108.418
     401 402 409            42.440        109.525
     407 402 409            60.240        109.529
     402 401 403            80.000        110.663
     402 407 408            60.430         97.777
     407 408 416            60.000        178.380
     405 404 411            60.000        124.940
     413 406 414            68.340        122.633
     403 406 414            31.650        113.262
     415 405 415            22.300        119.367
     404 405 415            35.000        117.504

 Additional Stretch-Bend Parameters :

     Atom Classes          K(SB)-1        K(SB)-2

     401 403 406             7.200          7.200
     401 403 412             4.300          7.200
     406 403 412             4.300          7.200
     401 404 405            18.700         18.700
     401 402 407            18.700         18.700
     404 401 410            11.500         18.700
     402 401 410            11.500         18.700
     403 401 410            11.500         11.500
     402 401 404            18.700         18.700
     403 401 404            18.700         18.700
     401 402 409            11.500         11.500
     407 402 409            11.500         11.500
     402 401 403            18.700         18.700
     402 407 408            -5.750         -5.750
     403 406 414            11.500         11.500
     404 405 415             4.300          7.200
     415 405 415             4.300          7.200
     401 404 411            18.700         18.700
     413 406 414            11.500         11.500

 Additional Out-of-Plane Bend Parameters :

     Atom Classes                   K(OPB)

     401 403   0   0                14.400
     401 404   0   0                14.400
     403 406   0   0               107.910
     404 405   0   0                71.940
     405 404   0   0               107.910
     406 403   0   0                71.940
     411 404   0   0               122.298
     412 403   0   0                 5.755
     413 406   0   0               122.298
     414 406   0   0               140.283
     415 405   0   0                 5.755

 Additional Torsional Parameters :

     Atom Classes     1-Fold    2-Fold    3-Fold    4-Fold    5-Fold    6-Fold

   410 401 403 406   0.00   0  0.00 180  0.00   0  0.00   0  0.00   0  0.00   0
   404 401 403 406   0.00   0  0.00 180  0.00   0  0.00   0  0.00   0  0.00   0
   402 401 403 406   0.00   0  0.00 180  0.00   0  0.00   0  0.00   0  0.00   0
   401 403 406 413   1.00   0  2.25 180 -2.25   0  0.00   0  0.00   0  0.00   0
   412 403 406 413   0.00   0 -0.66 180 -0.36   0  0.00   0  0.00   0  0.00   0
   403 401 404 405  -0.39   0  0.95 180 -0.38   0  0.00   0  0.00   0  0.00   0
   403 401 404 411  -0.39   0  0.95 180 -0.38   0  0.00   0  0.00   0  0.00   0
   403 401 402 409   4.66   0-10.38 180  2.20   0  0.00   0  0.00   0  0.00   0
   403 401 402 407   9.58   0 -6.67 180  2.10   0  0.00   0  0.00   0  0.00   0
   410 401 403 412   0.00   0  0.00 180  0.00   0  0.00   0  0.00   0  0.00   0
   404 401 403 412   0.00   0  0.00 180  0.00   0  0.00   0  0.00   0  0.00   0
   402 401 403 412   0.00   0  0.00 180  0.00   0  0.00   0  0.00   0  0.00   0
   412 403 406 414   0.00   0  0.50 180  0.35   0  0.00   0  0.00   0  0.00   0
   401 404 405 415   0.00   0  1.20 180  0.80   0  0.00   0  0.00   0  0.00   0
   401 402 407 408  -2.82   0  3.03 180 -3.03   0  0.00   0  0.00   0  0.00   0
   401 403 406 414   0.00   0  2.25 180  0.00   0  0.00   0  0.00   0  0.00   0
   410 401 404 405  -0.37   0 -0.37 180 -0.38   0  0.00   0  0.00   0  0.00   0
   410 401 404 411  -0.37   0 -0.37 180 -0.38   0  0.00   0  0.00   0  0.00   0
   410 401 402 409  -2.85   0  1.19 180 -0.11   0  0.00   0  0.00   0  0.00   0
   410 401 402 407   3.60   0  5.29 180 -1.01   0  0.00   0  0.00   0  0.00   0
   404 401 402 409   1.09   0 -2.88 180 -0.11   0  0.00   0  0.00   0  0.00   0
   404 401 402 407  11.03   0 -2.54 180 -0.11   0  0.00   0  0.00   0  0.00   0
   411 404 405 415   0.00   0 -0.66 180 -0.36   0  0.00   0  0.00   0  0.00   0
   402 401 404 411  -0.37   0 -0.92 180 -0.38   0  0.00   0  0.00   0  0.00   0
   409 402 407 408  -3.03   0  2.77 180  2.12   0  0.00   0  0.00   0  0.00   0
   402 401 404 405  -0.37   0 -0.92 180 -0.38   0  0.00   0  0.00   0  0.00   0
   402 407 408 416   0.00   0  0.00 180  0.50   0  0.00   0  0.00   0  0.00   0

 Additional Pi-Orbital Torsion Parameters :

     Atom Classes       2-Fold

       403 406           6.850
       404 405           6.850

 Additional van der Waals Parameters :

     Atom Class               Size        Epsilon        Reduction

         406                3.8200         0.1060          0.000
         413                3.3000         0.1120          0.000
         403                3.7100         0.1100          0.000
         412                2.5900         0.0220          0.900
         401                3.6500         0.1010          0.000
         410                2.8800         0.0240          0.910
         404                3.8200         0.1060          0.000
         411                3.3000         0.1120          0.000
         409                2.8700         0.0330          0.900
         402                3.7800         0.1060          0.000
         407                4.0050         0.3550          0.000
         408                3.7800         0.1060          0.000
         416                3.7100         0.1050          0.000
         405                3.7100         0.1100          0.000
         414                2.9200         0.0300          0.920
         415                2.5900         0.0220          0.900

 Additional Atomic Multipole Parameters :

     Atom Type     Coordinate Frame Definition         Multipole Moments

         401      402    403      0   Z-then-X    -0.27036
                                                   0.50333  0.00000  0.35496
                                                   0.60618
                                                   0.00000 -0.85704
                                                  -0.17941  0.00000  0.25086

         402      401    407      0   Z-then-X    -0.16378
                                                   0.27783  0.00000  0.40620
                                                  -0.16704
                                                   0.00000 -0.37723
                                                  -0.32619  0.00000  0.54427

         403      401    406      0   Z-then-X    -0.06291
                                                  -0.05963  0.00000  0.51258
                                                  -0.02622
                                                   0.00000 -1.06994
                                                  -0.25799  0.00000  1.09616

         404      401    405      0   Z-then-X     0.97419
                                                  -0.17493  0.00000  0.24114
                                                   0.31865
                                                   0.00000 -0.36761
                                                  -0.16585  0.00000  0.04896

         405      404    401      0   Z-then-X    -0.32381
                                                  -0.07740  0.00000  0.07140
                                                   0.49023
                                                   0.00000 -0.50247
                                                  -0.10308  0.00000  0.01224

         406      403    413      0   Z-then-X     0.63074
                                                   0.38274  0.00000  0.13596
                                                   0.04373
                                                   0.00000  0.01951
                                                   0.00235  0.00000 -0.06324

         407      402    401      0   Z-then-X     0.34016
                                                  -0.07527  0.00000  0.43821
                                                   0.17590
                                                   0.00000 -1.99142
                                                   0.51063  0.00000  1.81552

         408      407    402      0   Z-then-X     0.21607
                                                  -0.24565  0.00000 -0.65647
                                                   0.36522
                                                   0.00000  0.54677
                                                  -0.15483  0.00000 -0.91199

         409      402    401      0   Z-then-X     0.09934
                                                   0.05478  0.00000 -0.15869
                                                   0.10976
                                                   0.00000  0.23220
                                                   0.09980  0.00000 -0.34196

         410      401    402      0   Z-then-X     0.10719
                                                  -0.04599  0.00000  0.06642
                                                  -0.13850
                                                   0.00000 -0.08710
                                                  -0.12540  0.00000  0.22560

         411      404    401      0   Z-then-X    -0.77611
                                                  -0.20983  0.00000 -0.17915
                                                  -0.60127
                                                   0.00000  0.28309
                                                  -0.27939  0.00000  0.31818

         412      403    401      0   Z-then-X     0.11914
                                                   0.07060  0.00000 -0.12959
                                                   0.03994
                                                   0.00000  0.03762
                                                   0.23614  0.00000 -0.07756

         413      406    403      0   Z-then-X    -0.66614
                                                  -0.16152  0.00000 -0.04686
                                                  -0.50404
                                                   0.00000  0.14208
                                                  -0.21323  0.00000  0.36196

         414      406    403      0   Z-then-X    -0.02624
                                                  -0.04928  0.00000 -0.17449
                                                   0.09856
                                                   0.00000  0.02319
                                                  -0.01890  0.00000 -0.12175

         415      405    404      0   Z-then-X     0.13249
                                                  -0.04544  0.00000 -0.32452
                                                   0.19801
                                                   0.00000  0.14298
                                                  -0.00600  0.00000 -0.34099

         416      408    407      0   Z-then-X    -0.56180
                                                  -0.12235  0.00000 -0.22875
                                                   0.29155
                                                   0.00000  0.13098
                                                  -0.22483  0.00000 -0.42253

 Additional Atomic Dipole Polarizability Parameters :

     Atom Type           Alpha       Thole     Group Atom Types

         406             1.334       0.390         413  403  414
         413             0.837       0.390         406
         403             1.073       0.390         406  412
         412             0.496       0.390         403
         401             1.334       0.390         410  404
         410             0.496       0.390         401
         404             1.334       0.390         401  411  405
         411             0.837       0.390         404
         409             0.496       0.390         402
         402             1.334       0.390         409
         407             3.300       0.390         408
         408             1.334       0.390         407  416
         416             1.073       0.390         408
         405             1.073       0.390         404  415
         414             0.494       0.390         406
         415             0.496       0.390         405

 Limited Memory BFGS Quasi-Newton Optimization :

 QN Iter     F Value      G RMS      F Move   X Move   Angle  FG Call  Comment

     0    10891.6080  1756.5069                                   1
     1     8190.0370  1409.5824   2701.5710   0.0982    0.00      2    Success 
     2     6011.8581  1125.7532   2178.1789   0.0982    4.65      3    Success 
     3     4355.6137   932.1598   1656.2444   0.0982    9.44      4    Success 
     4     3130.4993   655.7161   1225.1145   0.0982   21.55      5    Success 
     5     2845.0207  1303.0474    285.4785   0.0473   25.91      7    Success 
     6     2424.3264   659.1839    420.6943   0.0604   66.23      8    Success 
     7     2267.1430  2207.6357    157.1834   0.0696   61.25      9    Success 
     8     2075.7681   906.6341    191.3749   0.0280   73.59     10    Success 
     9     1848.6669   823.8503    227.1012   0.0346   61.55     11    Success 
    10     1495.4322   419.5608    353.2347   0.0760   66.24     12    Success 
    11     1204.7049   479.3917    290.7273   0.0982   54.77     13    Success 
    12     1030.7893   578.7264    173.9156   0.0982   69.20     14    Success 
    13      839.1185   592.9247    191.6708   0.0929   68.94     15    Success 
    14      726.1806   462.6375    112.9378   0.0403   67.82     16    Success 
    15      653.5073   462.8400     72.6734   0.0483   73.68     17    Success 
    16      545.5903   348.5152    107.9170   0.0495   69.38     18    Success 
    17      423.5236   224.8715    122.0667   0.0672   63.73     19    Success 
    18      344.4930   185.5139     79.0306   0.0765   68.12     20    Success 
    19      263.3830   166.5502     81.1100   0.0982   67.70     21    Success 
    20      185.9527   167.2255     77.4303   0.0982   66.06     22    Success 
    21      134.8108   131.5373     51.1419   0.0793   72.87     23    Success 
    22       92.0261   115.6682     42.7847   0.0982   72.03     24    Success 
    23       72.8616    88.6406     19.1645   0.0785   71.51     25    Success 
    24       60.5536    53.3626     12.3080   0.0253   65.45     26    Success 
    25       46.7350    56.3081     13.8185   0.0290   46.21     27    Success 
    26       31.0514    70.9360     15.6837   0.0480   64.00     28    Success 
    27       20.0428   123.2566     11.0086   0.0767   71.33     29    Success 
    28        9.8811    73.3336     10.1617   0.0432   79.42     30    Success 
    29        8.1048   105.3503      1.7763   0.0216   65.36     31    Success 
    30        5.0885    81.8951      3.0163   0.0085   77.28     32    Success 
    31        0.3387    48.0995      4.7498   0.0171   76.13     33    Success 
    32       -5.3393    35.3218      5.6781   0.0312   72.12     34    Success 
    33       -9.8310    38.8577      4.4916   0.0272   68.85     35    Success 
    34      -14.4725    49.5577      4.6415   0.0275   67.88     36    Success 
    35      -16.1677    30.8713      1.6952   0.0465   78.32     37    Success 
    36      -18.7189    18.5337      2.5512   0.0129   61.66     38    Success 
    37      -20.8363    13.9359      2.1175   0.0155   43.23     39    Success 
    38      -21.9072    27.3578      1.0708   0.0146   51.43     40    Success 
    39      -22.9385    17.9738      1.0313   0.0103   75.34     41    Success 
    40      -23.9931     9.1299      1.0546   0.0223   74.73     42    Success 
    41      -24.3879     8.5618      0.3948   0.0056   57.73     43    Success 
    42      -25.0032     9.0196      0.6154   0.0095   57.29     44    Success 
    43      -25.7550    13.9713      0.7518   0.0180   65.04     45    Success 
    44      -26.3634    16.4615      0.6085   0.0196   75.21     46    Success 
    45      -26.9288    11.9700      0.5654   0.0088   72.47     47    Success 
    46      -27.5206     8.1891      0.5918   0.0135   70.13     48    Success 
    47      -27.7877     8.5549      0.2671   0.0066   68.70     49    Success 
    48      -28.1736     9.4668      0.3859   0.0112   71.90     50    Success 
    49      -28.5709    10.7052      0.3973   0.0170   75.68     51    Success 
    50      -28.8799     7.0422      0.3090   0.0112   75.57     52    Success 
    51      -29.1190     5.6186      0.2391   0.0069   68.06     53    Success 
    52      -29.3502     8.0074      0.2311   0.0093   64.07     54    Success 
    53      -29.4649     6.8386      0.1147   0.0093   78.23     55    Success 
    54      -29.6026     4.4221      0.1377   0.0042   68.62     56    Success 
    55      -29.7477     3.2986      0.1451   0.0071   66.12     57    Success 
    56      -29.8416     3.1938      0.0939   0.0071   69.98     58    Success 
    57      -29.9143     2.7784      0.0727   0.0054   66.88     59    Success 
    58      -29.9598     3.4488      0.0455   0.0046   67.42     60    Success 
    59      -29.9972     1.8893      0.0374   0.0020   63.12     61    Success 
    60      -30.0166     1.6987      0.0193   0.0018   60.31     62    Success 
    61      -30.0293     3.4943      0.0128   0.0023   61.17     63    Success 
    62      -30.0435     1.5187      0.0142   0.0012   73.29     64    Success 
    63      -30.0536     1.4251      0.0100   0.0012   65.17     65    Success 
    64      -30.0675     1.9754      0.0139   0.0020   69.38     66    Success 
    65      -30.0906     2.3175      0.0231   0.0031   75.33     67    Success 
    66      -30.1243     3.4719      0.0337   0.0050   77.16     68    Success 
    67      -30.1739     2.7571      0.0496   0.0079   82.13     69    Success 
    68      -30.2251     3.3166      0.0512   0.0111   80.76     70    Success 
    69      -30.2455     4.4592      0.0204   0.0097   80.91     71    Success 
    70      -30.2746     1.9855      0.0292   0.0026   78.69     72    Success 
    71      -30.2916     1.3683      0.0169   0.0016   63.50     73    Success 
    72      -30.3039     1.5710      0.0123   0.0015   65.56     74    Success 
    73      -30.3181     2.2854      0.0143   0.0030   73.29     75    Success 
    74      -30.3343     1.3488      0.0162   0.0051   82.16     76    Success 
    75      -30.3394     1.6181      0.0051   0.0019   77.18     77    Success 
    76      -30.3439     1.0706      0.0045   0.0011   78.63     78    Success 
    77      -30.3490     0.9669      0.0051   0.0008   65.53     79    Success 
    78      -30.3571     1.1303      0.0082   0.0014   65.93     80    Success 
    79      -30.3675     1.4662      0.0104   0.0026   71.81     81    Success 
    80      -30.3743     1.7257      0.0068   0.0035   77.10     82    Success 
    81      -30.3800     0.7340      0.0057   0.0004   54.26     83    Success 
    82      -30.3833     0.7204      0.0033   0.0006   48.18     84    Success 
    83      -30.3862     0.8627      0.0029   0.0008   68.43     85    Success 
    84      -30.3907     0.7943      0.0045   0.0014   74.96     86    Success 
    85      -30.3968     0.7577      0.0061   0.0025   75.61     87    Success 
    86      -30.3975     1.5889      0.0007   0.0042   77.75     88    Success 
    87      -30.3988     1.3213      0.0013   0.0001   59.88     89    Success 
    88      -30.4010     0.9458      0.0022   0.0003   71.29     90    Success 
    89      -30.4039     0.3878      0.0029   0.0005   60.92     91    Success 
    90      -30.4048     0.4731      0.0008   0.0004   55.13     92    Success 
    91      -30.4055     0.5257      0.0007   0.0004   74.28     93    Success 
    92      -30.4063     0.4519      0.0009   0.0006   78.70     94    Success 
    93      -30.4075     0.4010      0.0012   0.0009   77.07     95    Success 
    94      -30.4082     0.5137      0.0007   0.0010   75.38     96    Success 
    95      -30.4088     0.3508      0.0006   0.0002   64.12     97    Success 
    96      -30.4092     0.2515      0.0005   0.0003   63.94     98    Success 
    97      -30.4095     0.4448      0.0003   0.0003   66.65     99    Success 
    98      -30.4097     0.2215      0.0003   0.0002   74.27    100    Success 
    99      -30.4100     0.2245      0.0002   0.0002   70.84    101    Success 
   100      -30.4102     0.2494      0.0003   0.0003   74.10    102    Success 
   101      -30.4105     0.2525      0.0003   0.0004   74.86    103    Success 
   102      -30.4107     0.3211      0.0002   0.0006   75.73    104    Success 
   103      -30.4109     0.1139      0.0002   0.0001   59.18    105    Success 
   104      -30.4110     0.1203      0.0001   0.0001   58.10    106    Success 
   105      -30.4111     0.1376      0.0001   0.0001   58.07    107    Success 
   106      -30.4112     0.1475      0.0002   0.0002   68.34    108    Success 
   107      -30.4114     0.2458      0.0001   0.0004   74.48    109    Success 
   108      -30.4115     0.1019      0.0001   0.0002   78.92    110    Success 
   109      -30.4116     0.1037      0.0001   0.0001   70.85    111    Success 
   110      -30.4117     0.1386      0.0001   0.0002   71.25    112    Success 
   111      -30.4118     0.1819      0.0001   0.0003   75.39    113    Success 
   112      -30.4120     0.2260      0.0002   0.0005   80.53    114    Success 
   113      -30.4121     0.2448      0.0001   0.0004   80.38    115    Success 
   114      -30.4122     0.1073      0.0001   0.0001   68.55    116    Success 
   115      -30.4122     0.1066      0.0001   0.0001   60.36    117    Success 
   116      -30.4123     0.1270      0.0001   0.0001   68.68    118    Success 
   117      -30.4124     0.1385      0.0001   0.0003   74.85    119    Success 
   118      -30.4126     0.1860      0.0001   0.0005   78.71    120    Success 
   119      -30.4126     0.0911      0.0001   0.0003   81.37    121   SmallGrad

 LBFGS  --  Normal Termination due to SmallGrad

 Final Function Value :          -30.4126
 Final RMS Gradient :              0.0911
 Final Gradient Norm :             0.3865
