
     ######################################################################
   ##########################################################################
  ###                                                                      ###
 ###            Tinker  ---  Software Tools for Molecular Design            ###
 ##                                                                          ##
 ##                          Version 8.7  June 2019                          ##
 ##                                                                          ##
 ##               Copyright (c)  Jay William Ponder  1990-2019               ##
 ###                           All Rights Reserved                          ###
  ###                                                                      ###
   ##########################################################################
     ######################################################################


 Additional Atom Definition Parameters :

     Type  Class  Symbol  Description               Atomic    Mass   Valence

     406    406     C     ModifiedRes                  6     12.011     3
     413    413     O     ModifiedRes                  8     15.999     1
     403    403     N     ModifiedRes                  7     14.007     3
     412    412     H     ModifiedRes                  1      1.008     1
     401    401     C     ModifiedRes                  6     12.011     4
     410    410     H     ModifiedRes                  1      1.008     1
     404    404     C     ModifiedRes                  6     12.011     3
     411    411     O     ModifiedRes                  8     15.999     1
     409    409     H     ModifiedRes                  1      1.008     1
     402    402     C     ModifiedRes                  6     12.011     4
     407    407     S     ModifiedRes                 16     32.066     2
     408    408     C     ModifiedRes                  6     12.011     2
     416    416     N     ModifiedRes                  7     14.007     1
     405    405     N     ModifiedRes                  7     14.007     3
     414    414     H     ModifiedRes                  1      1.008     1
     415    415     H     ModifiedRes                  1      1.008     1

 Additional Bond Stretching Parameters :

     Atom Classes             K(S)         Length

       406 413             705.000         1.2330
       403 406             482.000         1.3610
       406 414             356.400         1.1017
       401 403             374.800         1.4590
       403 412             542.000         1.0150
       401 410             341.000         1.0957
       401 404             345.300         1.5387
       401 402             345.300         1.5181
       404 405             482.000         1.3572
       404 411             705.000         1.2314
       402 409             395.500         1.0914
       402 407             235.800         1.8318
       407 408             235.800         1.6971
       408 416             450.000         1.1861
       405 415             542.000         1.0125

 Additional Angle Bending Parameters :

     Atom Classes             K(B)          Angle

     401 403 406            50.000        121.357
     403 406 413            60.000        124.095
     401 403 412            35.000        118.957
     406 403 412            35.000        118.832
     401 404 405            70.000        113.359
     401 404 411            80.000        121.701
     401 402 407            53.200        108.206
     404 401 410            38.000        109.342
     402 401 410            38.000        110.341
     403 401 410            50.600        106.305
     402 401 404            60.000        109.453
     403 401 404            80.000        110.692
     409 402 409            39.570        108.418
     401 402 409            42.440        109.525
     407 402 409            60.240        109.529
     402 401 403            80.000        110.663
     402 407 408            60.430         97.777
     407 408 416            60.000        178.380
     405 404 411            60.000        124.940
     413 406 414            68.340        122.633
     403 406 414            31.650        113.262
     415 405 415            22.300        119.367
     404 405 415            35.000        117.504

 Additional Stretch-Bend Parameters :

     Atom Classes          K(SB)-1        K(SB)-2

     401 403 406             7.200          7.200
     401 403 412             4.300          7.200
     406 403 412             4.300          7.200
     401 404 405            18.700         18.700
     401 402 407            18.700         18.700
     404 401 410            11.500         18.700
     402 401 410            11.500         18.700
     403 401 410            11.500         11.500
     402 401 404            18.700         18.700
     403 401 404            18.700         18.700
     401 402 409            11.500         11.500
     407 402 409            11.500         11.500
     402 401 403            18.700         18.700
     402 407 408            -5.750         -5.750
     403 406 414            11.500         11.500
     404 405 415             4.300          7.200
     415 405 415             4.300          7.200
     401 404 411            18.700         18.700
     413 406 414            11.500         11.500

 Additional Out-of-Plane Bend Parameters :

     Atom Classes                   K(OPB)

     401 403   0   0                14.400
     401 404   0   0                14.400
     403 406   0   0               107.910
     404 405   0   0                71.940
     405 404   0   0               107.910
     406 403   0   0                71.940
     411 404   0   0               122.298
     412 403   0   0                 5.755
     413 406   0   0               122.298
     414 406   0   0               140.283
     415 405   0   0                 5.755

 Additional Torsional Parameters :

     Atom Classes     1-Fold    2-Fold    3-Fold    4-Fold    5-Fold    6-Fold

   410 401 403 406   0.00   0  0.00 180  0.00   0  0.00   0  0.00   0  0.00   0
   404 401 403 406   0.00   0  0.00 180  0.00   0  0.00   0  0.00   0  0.00   0
   402 401 403 406   0.00   0  0.00 180  0.00   0  0.00   0  0.00   0  0.00   0
   401 403 406 413   1.00   0  2.25 180 -2.25   0  0.00   0  0.00   0  0.00   0
   412 403 406 413   0.00   0 -0.66 180 -0.36   0  0.00   0  0.00   0  0.00   0
   403 401 404 405   0.00   0  0.00 180  0.00   0  0.00   0  0.00   0  0.00   0
   403 401 404 411   0.00   0  0.00 180  0.00   0  0.00   0  0.00   0  0.00   0
   403 401 402 409   0.00   0  0.00 180  0.00   0  0.00   0  0.00   0  0.00   0
   403 401 402 407   0.00   0  0.00 180  0.00   0  0.00   0  0.00   0  0.00   0
   410 401 403 412   0.00   0  0.00 180  0.00   0  0.00   0  0.00   0  0.00   0
   404 401 403 412   0.00   0  0.00 180  0.00   0  0.00   0  0.00   0  0.00   0
   402 401 403 412   0.00   0  0.00 180  0.00   0  0.00   0  0.00   0  0.00   0
   412 403 406 414   0.00   0  0.50 180  0.35   0  0.00   0  0.00   0  0.00   0
   401 404 405 415   0.00   0  1.20 180  0.80   0  0.00   0  0.00   0  0.00   0
   401 402 407 408   0.00   0  0.00 180  0.00   0  0.00   0  0.00   0  0.00   0
   401 403 406 414   0.00   0  2.25 180  0.00   0  0.00   0  0.00   0  0.00   0
   410 401 404 405   0.00   0  0.00 180  0.00   0  0.00   0  0.00   0  0.00   0
   410 401 404 411   0.00   0  0.00 180  0.00   0  0.00   0  0.00   0  0.00   0
   410 401 402 409   0.00   0  0.00 180  0.00   0  0.00   0  0.00   0  0.00   0
   410 401 402 407   0.00   0  0.00 180  0.00   0  0.00   0  0.00   0  0.00   0
   404 401 402 409   0.00   0  0.00 180  0.00   0  0.00   0  0.00   0  0.00   0
   404 401 402 407   0.00   0  0.00 180  0.00   0  0.00   0  0.00   0  0.00   0
   411 404 405 415   0.00   0 -0.66 180 -0.36   0  0.00   0  0.00   0  0.00   0
   402 401 404 411   0.00   0  0.00 180  0.00   0  0.00   0  0.00   0  0.00   0
   409 402 407 408   0.00   0  0.00 180  0.00   0  0.00   0  0.00   0  0.00   0
   402 401 404 405   0.00   0  0.00 180  0.00   0  0.00   0  0.00   0  0.00   0
   402 407 408 416   0.00   0  0.00 180  0.50   0  0.00   0  0.00   0  0.00   0

 Additional Pi-Orbital Torsion Parameters :

     Atom Classes       2-Fold

       403 406           6.850
       404 405           6.850

 Additional van der Waals Parameters :

     Atom Class               Size        Epsilon        Reduction

         406                3.8200         0.1060          0.000
         413                3.3000         0.1120          0.000
         403                3.7100         0.1100          0.000
         412                2.5900         0.0220          0.900
         401                3.6500         0.1010          0.000
         410                2.8800         0.0240          0.910
         404                3.8200         0.1060          0.000
         411                3.3000         0.1120          0.000
         409                2.8700         0.0330          0.900
         402                3.7800         0.1060          0.000
         407                4.0050         0.3550          0.000
         408                3.7800         0.1060          0.000
         416                3.7100         0.1050          0.000
         405                3.7100         0.1100          0.000
         414                2.9200         0.0300          0.920
         415                2.5900         0.0220          0.900

 Additional Atomic Multipole Parameters :

     Atom Type     Coordinate Frame Definition         Multipole Moments

         401      402    403      0   Z-then-X    -0.27036
                                                   0.50333  0.00000  0.35496
                                                   0.60618
                                                   0.00000 -0.85704
                                                  -0.17941  0.00000  0.25086

         402      401    407      0   Z-then-X    -0.16378
                                                   0.27783  0.00000  0.40620
                                                  -0.16704
                                                   0.00000 -0.37723
                                                  -0.32619  0.00000  0.54427

         403      401    406      0   Z-then-X    -0.06291
                                                  -0.05963  0.00000  0.51258
                                                  -0.02622
                                                   0.00000 -1.06994
                                                  -0.25799  0.00000  1.09616

         404      401    405      0   Z-then-X     0.97419
                                                  -0.17493  0.00000  0.24114
                                                   0.31865
                                                   0.00000 -0.36761
                                                  -0.16585  0.00000  0.04896

         405      404    401      0   Z-then-X    -0.32381
                                                  -0.07740  0.00000  0.07140
                                                   0.49023
                                                   0.00000 -0.50247
                                                  -0.10308  0.00000  0.01224

         406      403    413      0   Z-then-X     0.63074
                                                   0.38274  0.00000  0.13596
                                                   0.04373
                                                   0.00000  0.01951
                                                   0.00235  0.00000 -0.06324

         407      402    401      0   Z-then-X     0.34016
                                                  -0.07527  0.00000  0.43821
                                                   0.17590
                                                   0.00000 -1.99142
                                                   0.51063  0.00000  1.81552

         408      407    402      0   Z-then-X     0.21607
                                                  -0.24565  0.00000 -0.65647
                                                   0.36522
                                                   0.00000  0.54677
                                                  -0.15483  0.00000 -0.91199

         409      402    401      0   Z-then-X     0.09934
                                                   0.05478  0.00000 -0.15869
                                                   0.10976
                                                   0.00000  0.23220
                                                   0.09980  0.00000 -0.34196

         410      401    402      0   Z-then-X     0.10719
                                                  -0.04599  0.00000  0.06642
                                                  -0.13850
                                                   0.00000 -0.08710
                                                  -0.12540  0.00000  0.22560

         411      404    401      0   Z-then-X    -0.77611
                                                  -0.20983  0.00000 -0.17915
                                                  -0.60127
                                                   0.00000  0.28309
                                                  -0.27939  0.00000  0.31818

         412      403    401      0   Z-then-X     0.11914
                                                   0.07060  0.00000 -0.12959
                                                   0.03994
                                                   0.00000  0.03762
                                                   0.23614  0.00000 -0.07756

         413      406    403      0   Z-then-X    -0.66614
                                                  -0.16152  0.00000 -0.04686
                                                  -0.50404
                                                   0.00000  0.14208
                                                  -0.21323  0.00000  0.36196

         414      406    403      0   Z-then-X    -0.02624
                                                  -0.04928  0.00000 -0.17449
                                                   0.09856
                                                   0.00000  0.02319
                                                  -0.01890  0.00000 -0.12175

         415      405    404      0   Z-then-X     0.13249
                                                  -0.04544  0.00000 -0.32452
                                                   0.19801
                                                   0.00000  0.14298
                                                  -0.00600  0.00000 -0.34099

         416      408    407      0   Z-then-X    -0.56180
                                                  -0.12235  0.00000 -0.22875
                                                   0.29155
                                                   0.00000  0.13098
                                                  -0.22483  0.00000 -0.42253

 Additional Atomic Dipole Polarizability Parameters :

     Atom Type           Alpha       Thole     Group Atom Types

         406             1.334       0.390         413  403  414
         413             0.837       0.390         406
         403             1.073       0.390         406  412
         412             0.496       0.390         403
         401             1.334       0.390         410  404
         410             0.496       0.390         401
         404             1.334       0.390         401  411  405
         411             0.837       0.390         404
         409             0.496       0.390         402
         402             1.334       0.390         409
         407             3.300       0.390         408
         408             1.334       0.390         407  416
         416             1.073       0.390         408
         405             1.073       0.390         404  415
         414             0.494       0.390         406
         415             0.496       0.390         405

 Limited Memory BFGS Quasi-Newton Optimization :

 QN Iter     F Value      G RMS      F Move   X Move   Angle  FG Call  Comment

     0     5710.1247  1278.3496                                   1
     1     3842.6411   912.1061   1867.4836   0.0982    0.00      2    Success 
     2     2513.0524   652.3125   1329.5886   0.0982    1.63      3    Success 
     3     1645.2085   483.9246    867.8439   0.0982    7.40      4    Success 
     4     1086.1082   297.5755    559.1002   0.0982   23.37      5    Success 
     5      744.6173   264.4301    341.4910   0.0982   29.26      6    Success 
     6      523.2369   279.5650    221.3804   0.0982   41.71      7    Success 
     7      346.3441   171.3450    176.8928   0.0982   58.28      8    Success 
     8      240.2388   158.4357    106.1053   0.0873   51.52      9    Success 
     9      174.8970   174.4892     65.3418   0.0971   53.07     10    Success 
    10      129.6024    93.0648     45.2946   0.0322   43.99     11    Success 
    11      107.6173    68.0883     21.9851   0.0299   48.87     12    Success 
    12       90.4526    60.0541     17.1647   0.0331   53.21     13    Success 
    13       69.2668    67.8224     21.1858   0.0527   55.98     14    Success 
    14       51.3921    64.5115     17.8747   0.0573   66.06     15    Success 
    15       36.4663    52.5379     14.9258   0.0438   66.77     16    Success 
    16       17.0863    62.4498     19.3800   0.0694   62.93     17    Success 
    17        5.0760    67.6943     12.0102   0.0839   71.66     18    Success 
    18       -2.7708    32.6571      7.8469   0.0155   48.01     19    Success 
    19       -6.2149    24.2022      3.4441   0.0147   51.34     20    Success 
    20       -8.5607    19.1598      2.3458   0.0122   52.30     21    Success 
    21      -11.8925    21.2310      3.3318   0.0288   61.85     22    Success 
    22      -16.2578    26.5338      4.3653   0.0407   64.66     23    Success 
    23      -19.4841    23.8450      3.2263   0.0325   70.82     25    Success 
    24      -21.1770   159.1637      1.6929   0.0272   70.72     26    Success 
    25      -21.5037    24.6489      0.3267   0.0128   84.72     27    Success 
    26      -21.7950    37.8123      0.2913   0.0084   79.85     28    Success 
    27      -22.1878    19.4133      0.3928   0.0042   78.34     29    Success 
    28      -22.4829    13.1792      0.2952   0.0026   64.52     30    Success 
    29      -22.9517    17.2250      0.4688   0.0052   61.65     31    Success 
    30      -23.7210    21.2664      0.7693   0.0076   66.54     32    Success 
    31      -24.9425    20.7869      1.2215   0.0162   75.61     33    Success 
    32      -25.6302    29.6791      0.6877   0.0213   72.11     34    Success 
    33      -26.6891    20.1398      1.0590   0.0153   80.32     35    Success 
    34      -27.4834    13.4497      0.7943   0.0177   77.88     36    Success 
    35      -27.7107    12.5750      0.2273   0.0081   78.97     37    Success 
    36      -28.0227    12.1728      0.3120   0.0083   76.00     38    Success 
    37      -28.4662    12.1478      0.4435   0.0085   71.45     39    Success 
    38      -28.8484    17.1708      0.3822   0.0163   75.55     40    Success 
    39      -29.2463     9.3980      0.3979   0.0074   73.42     41    Success 
    40      -29.4492     7.5729      0.2029   0.0045   69.41     42    Success 
    41      -29.7052     6.9042      0.2559   0.0091   70.89     43    Success 
    42      -29.9176     6.1006      0.2124   0.0110   74.96     44    Success 
    43      -30.0771     6.3209      0.1595   0.0076   72.80     45    Success 
    44      -30.1728     7.7929      0.0957   0.0098   76.60     46    Success 
    45      -30.2175     5.4113      0.0447   0.0025   68.65     47    Success 
    46      -30.2721     3.9521      0.0546   0.0027   73.46     48    Success 
    47      -30.3126     5.4347      0.0405   0.0035   63.63     49    Success 
    48      -30.3694     3.4428      0.0568   0.0019   64.48     50    Success 
    49      -30.4224     2.0866      0.0530   0.0037   69.29     51    Success 
    50      -30.4567     1.9450      0.0342   0.0041   71.91     52    Success 
    51      -30.4996     2.6167      0.0430   0.0048   65.92     53    Success 
    52      -30.5513     2.2756      0.0517   0.0053   73.10     54    Success 
    53      -30.6152     2.1388      0.0639   0.0063   70.16     55    Success 
    54      -30.6607     5.0696      0.0455   0.0098   70.18     56    Success 
    55      -30.7221     2.2698      0.0615   0.0043   76.45     57    Success 
    56      -30.7563     1.6952      0.0342   0.0029   63.45     58    Success 
    57      -30.7662     4.5585      0.0099   0.0055   74.98     59    Success 
    58      -30.7817     2.5506      0.0154   0.0006   66.16     60    Success 
    59      -30.7968     1.4726      0.0151   0.0012   65.23     61    Success 
    60      -30.8061     1.8675      0.0093   0.0015   73.69     62    Success 
    61      -30.8215     2.0676      0.0154   0.0022   75.13     63    Success 
    62      -30.8415     3.1754      0.0200   0.0038   77.25     64    Success 
    63      -30.8663     2.0210      0.0248   0.0050   81.99     65    Success 
    64      -30.8824     1.5371      0.0162   0.0025   74.84     66    Success 
    65      -30.9008     2.1108      0.0184   0.0046   75.30     67    Success 
    66      -30.9127     2.3191      0.0118   0.0022   73.36     68    Success 
    67      -30.9230     1.4045      0.0103   0.0017   77.06     69    Success 
    68      -30.9350     1.2369      0.0121   0.0025   74.82     70    Success 
    69      -30.9466     1.5311      0.0115   0.0035   75.20     71    Success 
    70      -30.9533     2.2629      0.0067   0.0044   81.47     72    Success 
    71      -30.9598     0.9133      0.0065   0.0007   70.77     73    Success 
    72      -30.9624     0.6073      0.0027   0.0006   62.54     74    Success 
    73      -30.9638     0.6931      0.0014   0.0003   63.78     75    Success 
    74      -30.9661     0.7271      0.0023   0.0006   69.29     76    Success 
    75      -30.9691     0.9434      0.0030   0.0009   65.81     77    Success 
    76      -30.9726     0.5443      0.0035   0.0019   79.42     78    Success 
    77      -30.9738     0.5136      0.0012   0.0007   72.31     79    Success 
    78      -30.9750     0.4444      0.0012   0.0005   70.67     80    Success 
    79      -30.9765     0.4982      0.0015   0.0007   67.07     81    Success 
    80      -30.9776     0.4061      0.0011   0.0007   75.15     82    Success 
    81      -30.9784     0.5247      0.0008   0.0009   72.31     83    Success 
    82      -30.9791     0.3124      0.0007   0.0003   62.44     84    Success 
    83      -30.9795     0.3445      0.0004   0.0002   64.91     85    Success 
    84      -30.9800     0.4743      0.0005   0.0003   68.68     86    Success 
    85      -30.9804     0.2662      0.0004   0.0006   78.16     87    Success 
    86      -30.9806     0.1412      0.0002   0.0002   69.39     88    Success 
    87      -30.9808     0.1416      0.0001   0.0002   62.23     89    Success 
    88      -30.9809     0.2171      0.0001   0.0002   61.77     90    Success 
    89      -30.9811     0.1527      0.0002   0.0002   73.86     91    Success 
    90      -30.9813     0.1335      0.0002   0.0003   70.16     92    Success 
    91      -30.9814     0.1399      0.0002   0.0003   68.10     93    Success 
    92      -30.9815     0.1571      0.0001   0.0002   66.27     94    Success 
    93      -30.9816     0.0913      0.0001   0.0001   55.96     95   SmallGrad

 LBFGS  --  Normal Termination due to SmallGrad

 Final Function Value :          -30.9816
 Final RMS Gradient :              0.0913
 Final Gradient Norm :             0.3874
