
     ######################################################################
   ##########################################################################
  ###                                                                      ###
 ###            Tinker  ---  Software Tools for Molecular Design            ###
 ##                                                                          ##
 ##                          Version 8.7  June 2019                          ##
 ##                                                                          ##
 ##               Copyright (c)  Jay William Ponder  1990-2019               ##
 ###                           All Rights Reserved                          ###
  ###                                                                      ###
   ##########################################################################
     ######################################################################


 Additional Atom Definition Parameters :

     Type  Class  Symbol  Description               Atomic    Mass   Valence

     406    406     C     ModifiedRes                  6     12.011     3
     413    413     O     ModifiedRes                  8     15.999     1
     403    403     N     ModifiedRes                  7     14.007     3
     412    412     H     ModifiedRes                  1      1.008     1
     401    401     C     ModifiedRes                  6     12.011     4
     410    410     H     ModifiedRes                  1      1.008     1
     404    404     C     ModifiedRes                  6     12.011     3
     411    411     O     ModifiedRes                  8     15.999     1
     409    409     H     ModifiedRes                  1      1.008     1
     402    402     C     ModifiedRes                  6     12.011     4
     407    407     S     ModifiedRes                 16     32.066     2
     408    408     C     ModifiedRes                  6     12.011     2
     416    416     N     ModifiedRes                  7     14.007     1
     405    405     N     ModifiedRes                  7     14.007     3
     414    414     H     ModifiedRes                  1      1.008     1
     415    415     H     ModifiedRes                  1      1.008     1

 Additional Bond Stretching Parameters :

     Atom Classes             K(S)         Length

       406 413             705.000         1.2330
       403 406             482.000         1.3610
       406 414             356.400         1.1017
       401 403             374.800         1.4590
       403 412             542.000         1.0150
       401 410             341.000         1.0957
       401 404             345.300         1.5387
       401 402             345.300         1.5181
       404 405             482.000         1.3572
       404 411             705.000         1.2314
       402 409             395.500         1.0914
       402 407             235.800         1.8318
       407 408             235.800         1.6971
       408 416             450.000         1.1861
       405 415             542.000         1.0125

 Additional Angle Bending Parameters :

     Atom Classes             K(B)          Angle

     401 403 406            50.000        121.357
     403 406 413            60.000        124.095
     401 403 412            35.000        118.957
     406 403 412            35.000        118.832
     401 404 405            70.000        113.359
     401 404 411            80.000        121.701
     401 402 407            53.200        108.206
     404 401 410            38.000        109.342
     402 401 410            38.000        110.341
     403 401 410            50.600        106.305
     402 401 404            60.000        109.453
     403 401 404            80.000        110.692
     409 402 409            39.570        108.418
     401 402 409            42.440        109.525
     407 402 409            60.240        109.529
     402 401 403            80.000        110.663
     402 407 408            60.430         97.777
     407 408 416            60.000        178.380
     405 404 411            60.000        124.940
     413 406 414            68.340        122.633
     403 406 414            31.650        113.262
     415 405 415            22.300        119.367
     404 405 415            35.000        117.504

 Additional Stretch-Bend Parameters :

     Atom Classes          K(SB)-1        K(SB)-2

     401 403 406             7.200          7.200
     401 403 412             4.300          7.200
     406 403 412             4.300          7.200
     401 404 405            18.700         18.700
     401 402 407            18.700         18.700
     404 401 410            11.500         18.700
     402 401 410            11.500         18.700
     403 401 410            11.500         11.500
     402 401 404            18.700         18.700
     403 401 404            18.700         18.700
     401 402 409            11.500         11.500
     407 402 409            11.500         11.500
     402 401 403            18.700         18.700
     402 407 408            -5.750         -5.750
     403 406 414            11.500         11.500
     404 405 415             4.300          7.200
     415 405 415             4.300          7.200
     401 404 411            18.700         18.700
     413 406 414            11.500         11.500

 Additional Out-of-Plane Bend Parameters :

     Atom Classes                   K(OPB)

     401 403   0   0                14.400
     401 404   0   0                14.400
     403 406   0   0               107.910
     404 405   0   0                71.940
     405 404   0   0               107.910
     406 403   0   0                71.940
     411 404   0   0               122.298
     412 403   0   0                 5.755
     413 406   0   0               122.298
     414 406   0   0               140.283
     415 405   0   0                 5.755

 Additional Torsional Parameters :

     Atom Classes     1-Fold    2-Fold    3-Fold    4-Fold    5-Fold    6-Fold

   410 401 403 406   0.00   0  0.00 180  0.00   0  0.00   0  0.00   0  0.00   0
   404 401 403 406   0.00   0  0.00 180  0.00   0  0.00   0  0.00   0  0.00   0
   402 401 403 406   0.00   0  0.00 180  0.00   0  0.00   0  0.00   0  0.00   0
   401 403 406 413   1.00   0  2.25 180 -2.25   0  0.00   0  0.00   0  0.00   0
   412 403 406 413   0.00   0 -0.66 180 -0.36   0  0.00   0  0.00   0  0.00   0
   403 401 404 405  -0.39   0  0.95 180 -0.38   0  0.00   0  0.00   0  0.00   0
   403 401 404 411  -0.39   0  0.95 180 -0.38   0  0.00   0  0.00   0  0.00   0
   403 401 402 409   4.66   0-10.38 180  2.20   0  0.00   0  0.00   0  0.00   0
   403 401 402 407   9.58   0 -6.67 180  2.10   0  0.00   0  0.00   0  0.00   0
   410 401 403 412   0.00   0  0.00 180  0.00   0  0.00   0  0.00   0  0.00   0
   404 401 403 412   0.00   0  0.00 180  0.00   0  0.00   0  0.00   0  0.00   0
   402 401 403 412   0.00   0  0.00 180  0.00   0  0.00   0  0.00   0  0.00   0
   412 403 406 414   0.00   0  0.50 180  0.35   0  0.00   0  0.00   0  0.00   0
   401 404 405 415   0.00   0  1.20 180  0.80   0  0.00   0  0.00   0  0.00   0
   401 402 407 408  -2.82   0  3.03 180 -3.03   0  0.00   0  0.00   0  0.00   0
   401 403 406 414   0.00   0  2.25 180  0.00   0  0.00   0  0.00   0  0.00   0
   410 401 404 405  -0.37   0 -0.37 180 -0.38   0  0.00   0  0.00   0  0.00   0
   410 401 404 411  -0.37   0 -0.37 180 -0.38   0  0.00   0  0.00   0  0.00   0
   410 401 402 409  -2.85   0  1.19 180 -0.11   0  0.00   0  0.00   0  0.00   0
   410 401 402 407   3.60   0  5.29 180 -1.01   0  0.00   0  0.00   0  0.00   0
   404 401 402 409   1.09   0 -2.88 180 -0.11   0  0.00   0  0.00   0  0.00   0
   404 401 402 407  11.03   0 -2.54 180 -0.11   0  0.00   0  0.00   0  0.00   0
   411 404 405 415   0.00   0 -0.66 180 -0.36   0  0.00   0  0.00   0  0.00   0
   402 401 404 411  -0.37   0 -0.92 180 -0.38   0  0.00   0  0.00   0  0.00   0
   409 402 407 408  -3.03   0  2.77 180  2.12   0  0.00   0  0.00   0  0.00   0
   402 401 404 405  -0.37   0 -0.92 180 -0.38   0  0.00   0  0.00   0  0.00   0
   402 407 408 416   0.00   0  0.00 180  0.50   0  0.00   0  0.00   0  0.00   0

 Additional Pi-Orbital Torsion Parameters :

     Atom Classes       2-Fold

       403 406           6.850
       404 405           6.850

 Additional van der Waals Parameters :

     Atom Class               Size        Epsilon        Reduction

         406                3.8200         0.1060          0.000
         413                3.3000         0.1120          0.000
         403                3.7100         0.1100          0.000
         412                2.5900         0.0220          0.900
         401                3.6500         0.1010          0.000
         410                2.8800         0.0240          0.910
         404                3.8200         0.1060          0.000
         411                3.3000         0.1120          0.000
         409                2.8700         0.0330          0.900
         402                3.7800         0.1060          0.000
         407                4.0050         0.3550          0.000
         408                3.7800         0.1060          0.000
         416                3.7100         0.1050          0.000
         405                3.7100         0.1100          0.000
         414                2.9200         0.0300          0.920
         415                2.5900         0.0220          0.900

 Additional Atomic Multipole Parameters :

     Atom Type     Coordinate Frame Definition         Multipole Moments

         401      402    403      0   Z-then-X    -0.27036
                                                   0.50333  0.00000  0.35496
                                                   0.60618
                                                   0.00000 -0.85704
                                                  -0.17941  0.00000  0.25086

         402      401    407      0   Z-then-X    -0.16378
                                                   0.27783  0.00000  0.40620
                                                  -0.16704
                                                   0.00000 -0.37723
                                                  -0.32619  0.00000  0.54427

         403      401    406      0   Z-then-X    -0.06291
                                                  -0.05963  0.00000  0.51258
                                                  -0.02622
                                                   0.00000 -1.06994
                                                  -0.25799  0.00000  1.09616

         404      401    405      0   Z-then-X     0.97419
                                                  -0.17493  0.00000  0.24114
                                                   0.31865
                                                   0.00000 -0.36761
                                                  -0.16585  0.00000  0.04896

         405      404    401      0   Z-then-X    -0.32381
                                                  -0.07740  0.00000  0.07140
                                                   0.49023
                                                   0.00000 -0.50247
                                                  -0.10308  0.00000  0.01224

         406      403    413      0   Z-then-X     0.63074
                                                   0.38274  0.00000  0.13596
                                                   0.04373
                                                   0.00000  0.01951
                                                   0.00235  0.00000 -0.06324

         407      402    401      0   Z-then-X     0.34016
                                                  -0.07527  0.00000  0.43821
                                                   0.17590
                                                   0.00000 -1.99142
                                                   0.51063  0.00000  1.81552

         408      407    402      0   Z-then-X     0.21607
                                                  -0.24565  0.00000 -0.65647
                                                   0.36522
                                                   0.00000  0.54677
                                                  -0.15483  0.00000 -0.91199

         409      402    401      0   Z-then-X     0.09934
                                                   0.05478  0.00000 -0.15869
                                                   0.10976
                                                   0.00000  0.23220
                                                   0.09980  0.00000 -0.34196

         410      401    402      0   Z-then-X     0.10719
                                                  -0.04599  0.00000  0.06642
                                                  -0.13850
                                                   0.00000 -0.08710
                                                  -0.12540  0.00000  0.22560

         411      404    401      0   Z-then-X    -0.77611
                                                  -0.20983  0.00000 -0.17915
                                                  -0.60127
                                                   0.00000  0.28309
                                                  -0.27939  0.00000  0.31818

         412      403    401      0   Z-then-X     0.11914
                                                   0.07060  0.00000 -0.12959
                                                   0.03994
                                                   0.00000  0.03762
                                                   0.23614  0.00000 -0.07756

         413      406    403      0   Z-then-X    -0.66614
                                                  -0.16152  0.00000 -0.04686
                                                  -0.50404
                                                   0.00000  0.14208
                                                  -0.21323  0.00000  0.36196

         414      406    403      0   Z-then-X    -0.02624
                                                  -0.04928  0.00000 -0.17449
                                                   0.09856
                                                   0.00000  0.02319
                                                  -0.01890  0.00000 -0.12175

         415      405    404      0   Z-then-X     0.13249
                                                  -0.04544  0.00000 -0.32452
                                                   0.19801
                                                   0.00000  0.14298
                                                  -0.00600  0.00000 -0.34099

         416      408    407      0   Z-then-X    -0.56180
                                                  -0.12235  0.00000 -0.22875
                                                   0.29155
                                                   0.00000  0.13098
                                                  -0.22483  0.00000 -0.42253

 Additional Atomic Dipole Polarizability Parameters :

     Atom Type           Alpha       Thole     Group Atom Types

         406             1.334       0.390         413  403  414
         413             0.837       0.390         406
         403             1.073       0.390         406  412
         412             0.496       0.390         403
         401             1.334       0.390         410  404
         410             0.496       0.390         401
         404             1.334       0.390         401  411  405
         411             0.837       0.390         404
         409             0.496       0.390         402
         402             1.334       0.390         409
         407             3.300       0.390         408
         408             1.334       0.390         407  416
         416             1.073       0.390         408
         405             1.073       0.390         404  415
         414             0.494       0.390         406
         415             0.496       0.390         405

 Limited Memory BFGS Quasi-Newton Optimization :

 QN Iter     F Value      G RMS      F Move   X Move   Angle  FG Call  Comment

     0     3692.2084  1031.2945                                   1
     1     2255.8176   684.2888   1436.3908   0.0982    0.00      2    Success 
     2     1320.8501   453.2628    934.9675   0.0982    4.88      3    Success 
     3      772.9625   326.1527    547.8875   0.0982   10.99      4    Success 
     4      484.0740   243.2089    288.8886   0.0982   29.53      5    Success 
     5      339.8756   203.6030    144.1984   0.0733   44.97      6    Success 
     6      212.5887   138.5121    127.2869   0.0891   51.66      7    Success 
     7      146.6956   217.0854     65.8931   0.0860   44.39      8    Success 
     8       82.6476    80.7855     64.0480   0.0514   56.79      9    Success 
     9       65.4495    54.8194     17.1980   0.0216   36.46     10    Success 
    10       50.9341    49.6920     14.5154   0.0274   40.66     11    Success 
    11       37.1893    61.7576     13.7448   0.0466   53.82     12    Success 
    12       26.3682    49.1858     10.8211   0.0416   66.77     13    Success 
    13       17.2740    39.1700      9.0942   0.0260   59.51     14    Success 
    14        3.9376    35.9160     13.3364   0.0479   57.41     15    Success 
    15       -8.2980    47.5909     12.2357   0.0747   63.27     16    Success 
    16      -12.2746    46.7371      3.9766   0.0543   71.11     17    Success 
    17      -16.1034    19.2014      3.8288   0.0145   62.13     18    Success 
    18      -18.0146    16.6101      1.9112   0.0095   31.54     19    Success 
    19      -19.7848    18.3672      1.7702   0.0134   52.27     20    Success 
    20      -22.2572    22.9087      2.4723   0.0277   67.28     21    Success 
    21      -24.8769    16.3206      2.6198   0.0387   71.95     22    Success 
    22      -26.4027    14.2728      1.5258   0.0179   61.95     23    Success 
    23      -26.9800    18.3682      0.5772   0.0113   53.63     24    Success 
    24      -27.7199    13.2232      0.7400   0.0071   65.73     25    Success 
    25      -28.6987    11.2733      0.9787   0.0132   61.93     26    Success 
    26      -29.6179    10.0824      0.9193   0.0176   68.04     27    Success 
    27      -29.9331    15.3652      0.3152   0.0116   72.65     29    Success 
    28      -30.3490     7.5759      0.4159   0.0117   78.79     30    Success 
    29      -30.5909     5.7389      0.2419   0.0069   69.49     31    Success 
    30      -30.8703     7.3200      0.2795   0.0081   62.53     32    Success 
    31      -31.1537    10.0973      0.2834   0.0115   70.39     33    Success 
    32      -31.3162    11.7112      0.1625   0.0099   74.19     34    Success 
    33      -31.4840     5.3256      0.1678   0.0020   54.58     35    Success 
    34      -31.6218     5.4799      0.1378   0.0033   52.63     36    Success 
    35      -31.7775     6.6699      0.1558   0.0059   69.27     37    Success 
    36      -32.0152     7.0115      0.2377   0.0121   77.57     38    Success 
    37      -32.2127     9.1933      0.1975   0.0158   76.21     39    Success 
    38      -32.3776     3.0778      0.1649   0.0135   81.87     40    Success 
    39      -32.4161     2.2937      0.0385   0.0011   32.87     41    Success 
    40      -32.4667     2.6651      0.0505   0.0030   51.26     42    Success 
    41      -32.4971     5.5264      0.0305   0.0041   64.40     43    Success 
    42      -32.5372     2.4406      0.0401   0.0020   72.79     44    Success 
    43      -32.5642     2.0002      0.0270   0.0021   65.24     45    Success 
    44      -32.5848     2.2886      0.0206   0.0021   69.27     46    Success 
    45      -32.6157     2.2716      0.0309   0.0032   71.95     47    Success 
    46      -32.6418     3.9412      0.0261   0.0049   72.03     48    Success 
    47      -32.6788     2.0700      0.0370   0.0033   77.31     49    Success 
    48      -32.7120     1.9149      0.0332   0.0038   70.45     50    Success 
    49      -32.7415     2.9407      0.0295   0.0047   73.93     51    Success 
    50      -32.7550     4.7055      0.0135   0.0072   81.06     52    Success 
    51      -32.7757     2.4607      0.0207   0.0008   67.68     53    Success 
    52      -32.7933     1.4481      0.0177   0.0014   64.05     54    Success 
    53      -32.8027     1.7944      0.0093   0.0015   72.81     55    Success 
    54      -32.8184     1.8737      0.0157   0.0026   77.29     56    Success 
    55      -32.8441     2.7299      0.0257   0.0040   76.43     57    Success 
    56      -32.8791     2.1299      0.0349   0.0064   80.64     58    Success 
    57      -32.9082     2.8128      0.0292   0.0121   81.38     59    Success 
    58      -32.9359     2.3912      0.0277   0.0036   74.02     60    Success 
    59      -32.9644     2.1196      0.0285   0.0026   71.00     61    Success 
    60      -32.9939     1.9677      0.0295   0.0064   77.36     62    Success 
    61      -32.9982     3.1910      0.0043   0.0037   77.29     63    Success 
    62      -33.0056     2.2734      0.0074   0.0005   73.42     64    Success 
    63      -33.0158     0.8374      0.0102   0.0008   61.62     65    Success 
    64      -33.0201     0.8439      0.0043   0.0007   53.92     66    Success 
    65      -33.0240     1.0786      0.0039   0.0018   79.09     67    Success 
    66      -33.0290     1.3538      0.0050   0.0024   80.39     68    Success 
    67      -33.0351     0.8993      0.0061   0.0031   82.31     69    Success 
    68      -33.0392     0.6431      0.0041   0.0022   80.46     70    Success 
    69      -33.0430     0.6879      0.0038   0.0014   65.82     71    Success 
    70      -33.0457     0.6353      0.0027   0.0014   75.69     72    Success 
    71      -33.0479     0.4259      0.0022   0.0012   76.32     73    Success 
    72      -33.0492     0.7379      0.0013   0.0008   59.35     74    Success 
    73      -33.0502     0.6296      0.0010   0.0007   77.05     75    Success 
    74      -33.0510     0.4493      0.0008   0.0003   75.24     76    Success 
    75      -33.0521     0.3009      0.0012   0.0004   64.98     77    Success 
    76      -33.0533     0.4295      0.0012   0.0010   65.49     78    Success 
    77      -33.0539     0.5796      0.0006   0.0007   75.54     79    Success 
    78      -33.0545     0.3536      0.0006   0.0002   71.43     80    Success 
    79      -33.0554     0.2995      0.0009   0.0005   66.25     81    Success 
    80      -33.0560     0.3070      0.0007   0.0006   71.84     82    Success 
    81      -33.0566     0.2496      0.0006   0.0006   73.16     83    Success 
    82      -33.0568     0.2547      0.0002   0.0004   73.49     84    Success 
    83      -33.0570     0.1587      0.0001   0.0001   59.76     85    Success 
    84      -33.0571     0.1508      0.0001   0.0001   65.28     86    Success 
    85      -33.0572     0.1301      0.0001   0.0002   69.42     87    Success 
    86      -33.0572     0.3186      0.0000   0.0004   77.46     88    Success 
    87      -33.0572     0.2678      0.0000   0.0000   71.96     89    Success 
    88      -33.0573     0.1868      0.0001   0.0000   67.54     90    Success 
    89      -33.0574     0.0810      0.0001   0.0001   67.71     91   SmallGrad

 LBFGS  --  Normal Termination due to SmallGrad

 Final Function Value :          -33.0574
 Final RMS Gradient :              0.0810
 Final Gradient Norm :             0.3438
