
     ######################################################################
   ##########################################################################
  ###                                                                      ###
 ###            Tinker  ---  Software Tools for Molecular Design            ###
 ##                                                                          ##
 ##                          Version 8.7  June 2019                          ##
 ##                                                                          ##
 ##               Copyright (c)  Jay William Ponder  1990-2019               ##
 ###                           All Rights Reserved                          ###
  ###                                                                      ###
   ##########################################################################
     ######################################################################


 Additional Atom Definition Parameters :

     Type  Class  Symbol  Description               Atomic    Mass   Valence

     406    406     C     ModifiedRes                  6     12.011     3
     413    413     O     ModifiedRes                  8     15.999     1
     403    403     N     ModifiedRes                  7     14.007     3
     412    412     H     ModifiedRes                  1      1.008     1
     401    401     C     ModifiedRes                  6     12.011     4
     410    410     H     ModifiedRes                  1      1.008     1
     404    404     C     ModifiedRes                  6     12.011     3
     411    411     O     ModifiedRes                  8     15.999     1
     409    409     H     ModifiedRes                  1      1.008     1
     402    402     C     ModifiedRes                  6     12.011     4
     407    407     S     ModifiedRes                 16     32.066     2
     408    408     C     ModifiedRes                  6     12.011     2
     416    416     N     ModifiedRes                  7     14.007     1
     405    405     N     ModifiedRes                  7     14.007     3
     414    414     H     ModifiedRes                  1      1.008     1
     415    415     H     ModifiedRes                  1      1.008     1

 Additional Bond Stretching Parameters :

     Atom Classes             K(S)         Length

       406 413             705.000         1.2330
       403 406             482.000         1.3610
       406 414             356.400         1.1017
       401 403             374.800         1.4590
       403 412             542.000         1.0150
       401 410             341.000         1.0957
       401 404             345.300         1.5387
       401 402             345.300         1.5181
       404 405             482.000         1.3572
       404 411             705.000         1.2314
       402 409             395.500         1.0914
       402 407             235.800         1.8318
       407 408             235.800         1.6971
       408 416             450.000         1.1861
       405 415             542.000         1.0125

 Additional Angle Bending Parameters :

     Atom Classes             K(B)          Angle

     401 403 406            50.000        121.357
     403 406 413            60.000        124.095
     401 403 412            35.000        118.957
     406 403 412            35.000        118.832
     401 404 405            70.000        113.359
     401 404 411            80.000        121.701
     401 402 407            53.200        108.206
     404 401 410            38.000        109.342
     402 401 410            38.000        110.341
     403 401 410            50.600        106.305
     402 401 404            60.000        109.453
     403 401 404            80.000        110.692
     409 402 409            39.570        108.418
     401 402 409            42.440        109.525
     407 402 409            60.240        109.529
     402 401 403            80.000        110.663
     402 407 408            60.430         97.777
     407 408 416            60.000        178.380
     405 404 411            60.000        124.940
     413 406 414            68.340        122.633
     403 406 414            31.650        113.262
     415 405 415            22.300        119.367
     404 405 415            35.000        117.504

 Additional Stretch-Bend Parameters :

     Atom Classes          K(SB)-1        K(SB)-2

     401 403 406             7.200          7.200
     401 403 412             4.300          7.200
     406 403 412             4.300          7.200
     401 404 405            18.700         18.700
     401 402 407            18.700         18.700
     404 401 410            11.500         18.700
     402 401 410            11.500         18.700
     403 401 410            11.500         11.500
     402 401 404            18.700         18.700
     403 401 404            18.700         18.700
     401 402 409            11.500         11.500
     407 402 409            11.500         11.500
     402 401 403            18.700         18.700
     402 407 408            -5.750         -5.750
     403 406 414            11.500         11.500
     404 405 415             4.300          7.200
     415 405 415             4.300          7.200
     401 404 411            18.700         18.700
     413 406 414            11.500         11.500

 Additional Out-of-Plane Bend Parameters :

     Atom Classes                   K(OPB)

     401 403   0   0                14.400
     401 404   0   0                14.400
     403 406   0   0               107.910
     404 405   0   0                71.940
     405 404   0   0               107.910
     406 403   0   0                71.940
     411 404   0   0               122.298
     412 403   0   0                 5.755
     413 406   0   0               122.298
     414 406   0   0               140.283
     415 405   0   0                 5.755

 Additional Torsional Parameters :

     Atom Classes     1-Fold    2-Fold    3-Fold    4-Fold    5-Fold    6-Fold

   410 401 403 406   0.00   0  0.00 180  0.00   0  0.00   0  0.00   0  0.00   0
   404 401 403 406   0.00   0  0.00 180  0.00   0  0.00   0  0.00   0  0.00   0
   402 401 403 406   0.00   0  0.00 180  0.00   0  0.00   0  0.00   0  0.00   0
   401 403 406 413   1.00   0  2.25 180 -2.25   0  0.00   0  0.00   0  0.00   0
   412 403 406 413   0.00   0 -0.66 180 -0.36   0  0.00   0  0.00   0  0.00   0
   403 401 404 405   0.00   0  0.00 180  0.00   0  0.00   0  0.00   0  0.00   0
   403 401 404 411   0.00   0  0.00 180  0.00   0  0.00   0  0.00   0  0.00   0
   403 401 402 409   0.00   0  0.00 180  0.00   0  0.00   0  0.00   0  0.00   0
   403 401 402 407   0.00   0  0.00 180  0.00   0  0.00   0  0.00   0  0.00   0
   410 401 403 412   0.00   0  0.00 180  0.00   0  0.00   0  0.00   0  0.00   0
   404 401 403 412   0.00   0  0.00 180  0.00   0  0.00   0  0.00   0  0.00   0
   402 401 403 412   0.00   0  0.00 180  0.00   0  0.00   0  0.00   0  0.00   0
   412 403 406 414   0.00   0  0.50 180  0.35   0  0.00   0  0.00   0  0.00   0
   401 404 405 415   0.00   0  1.20 180  0.80   0  0.00   0  0.00   0  0.00   0
   401 402 407 408   0.00   0  0.00 180  0.00   0  0.00   0  0.00   0  0.00   0
   401 403 406 414   0.00   0  2.25 180  0.00   0  0.00   0  0.00   0  0.00   0
   410 401 404 405   0.00   0  0.00 180  0.00   0  0.00   0  0.00   0  0.00   0
   410 401 404 411   0.00   0  0.00 180  0.00   0  0.00   0  0.00   0  0.00   0
   410 401 402 409   0.00   0  0.00 180  0.00   0  0.00   0  0.00   0  0.00   0
   410 401 402 407   0.00   0  0.00 180  0.00   0  0.00   0  0.00   0  0.00   0
   404 401 402 409   0.00   0  0.00 180  0.00   0  0.00   0  0.00   0  0.00   0
   404 401 402 407   0.00   0  0.00 180  0.00   0  0.00   0  0.00   0  0.00   0
   411 404 405 415   0.00   0 -0.66 180 -0.36   0  0.00   0  0.00   0  0.00   0
   402 401 404 411   0.00   0  0.00 180  0.00   0  0.00   0  0.00   0  0.00   0
   409 402 407 408   0.00   0  0.00 180  0.00   0  0.00   0  0.00   0  0.00   0
   402 401 404 405   0.00   0  0.00 180  0.00   0  0.00   0  0.00   0  0.00   0
   402 407 408 416   0.00   0  0.00 180  0.50   0  0.00   0  0.00   0  0.00   0

 Additional Pi-Orbital Torsion Parameters :

     Atom Classes       2-Fold

       403 406           6.850
       404 405           6.850

 Additional van der Waals Parameters :

     Atom Class               Size        Epsilon        Reduction

         406                3.8200         0.1060          0.000
         413                3.3000         0.1120          0.000
         403                3.7100         0.1100          0.000
         412                2.5900         0.0220          0.900
         401                3.6500         0.1010          0.000
         410                2.8800         0.0240          0.910
         404                3.8200         0.1060          0.000
         411                3.3000         0.1120          0.000
         409                2.8700         0.0330          0.900
         402                3.7800         0.1060          0.000
         407                4.0050         0.3550          0.000
         408                3.7800         0.1060          0.000
         416                3.7100         0.1050          0.000
         405                3.7100         0.1100          0.000
         414                2.9200         0.0300          0.920
         415                2.5900         0.0220          0.900

 Additional Atomic Multipole Parameters :

     Atom Type     Coordinate Frame Definition         Multipole Moments

         401      402    403      0   Z-then-X    -0.27036
                                                   0.50333  0.00000  0.35496
                                                   0.60618
                                                   0.00000 -0.85704
                                                  -0.17941  0.00000  0.25086

         402      401    407      0   Z-then-X    -0.16378
                                                   0.27783  0.00000  0.40620
                                                  -0.16704
                                                   0.00000 -0.37723
                                                  -0.32619  0.00000  0.54427

         403      401    406      0   Z-then-X    -0.06291
                                                  -0.05963  0.00000  0.51258
                                                  -0.02622
                                                   0.00000 -1.06994
                                                  -0.25799  0.00000  1.09616

         404      401    405      0   Z-then-X     0.97419
                                                  -0.17493  0.00000  0.24114
                                                   0.31865
                                                   0.00000 -0.36761
                                                  -0.16585  0.00000  0.04896

         405      404    401      0   Z-then-X    -0.32381
                                                  -0.07740  0.00000  0.07140
                                                   0.49023
                                                   0.00000 -0.50247
                                                  -0.10308  0.00000  0.01224

         406      403    413      0   Z-then-X     0.63074
                                                   0.38274  0.00000  0.13596
                                                   0.04373
                                                   0.00000  0.01951
                                                   0.00235  0.00000 -0.06324

         407      402    401      0   Z-then-X     0.34016
                                                  -0.07527  0.00000  0.43821
                                                   0.17590
                                                   0.00000 -1.99142
                                                   0.51063  0.00000  1.81552

         408      407    402      0   Z-then-X     0.21607
                                                  -0.24565  0.00000 -0.65647
                                                   0.36522
                                                   0.00000  0.54677
                                                  -0.15483  0.00000 -0.91199

         409      402    401      0   Z-then-X     0.09934
                                                   0.05478  0.00000 -0.15869
                                                   0.10976
                                                   0.00000  0.23220
                                                   0.09980  0.00000 -0.34196

         410      401    402      0   Z-then-X     0.10719
                                                  -0.04599  0.00000  0.06642
                                                  -0.13850
                                                   0.00000 -0.08710
                                                  -0.12540  0.00000  0.22560

         411      404    401      0   Z-then-X    -0.77611
                                                  -0.20983  0.00000 -0.17915
                                                  -0.60127
                                                   0.00000  0.28309
                                                  -0.27939  0.00000  0.31818

         412      403    401      0   Z-then-X     0.11914
                                                   0.07060  0.00000 -0.12959
                                                   0.03994
                                                   0.00000  0.03762
                                                   0.23614  0.00000 -0.07756

         413      406    403      0   Z-then-X    -0.66614
                                                  -0.16152  0.00000 -0.04686
                                                  -0.50404
                                                   0.00000  0.14208
                                                  -0.21323  0.00000  0.36196

         414      406    403      0   Z-then-X    -0.02624
                                                  -0.04928  0.00000 -0.17449
                                                   0.09856
                                                   0.00000  0.02319
                                                  -0.01890  0.00000 -0.12175

         415      405    404      0   Z-then-X     0.13249
                                                  -0.04544  0.00000 -0.32452
                                                   0.19801
                                                   0.00000  0.14298
                                                  -0.00600  0.00000 -0.34099

         416      408    407      0   Z-then-X    -0.56180
                                                  -0.12235  0.00000 -0.22875
                                                   0.29155
                                                   0.00000  0.13098
                                                  -0.22483  0.00000 -0.42253

 Additional Atomic Dipole Polarizability Parameters :

     Atom Type           Alpha       Thole     Group Atom Types

         406             1.334       0.390         413  403  414
         413             0.837       0.390         406
         403             1.073       0.390         406  412
         412             0.496       0.390         403
         401             1.334       0.390         410  404
         410             0.496       0.390         401
         404             1.334       0.390         401  411  405
         411             0.837       0.390         404
         409             0.496       0.390         402
         402             1.334       0.390         409
         407             3.300       0.390         408
         408             1.334       0.390         407  416
         416             1.073       0.390         408
         405             1.073       0.390         404  415
         414             0.494       0.390         406
         415             0.496       0.390         405

 Limited Memory BFGS Quasi-Newton Optimization :

 QN Iter     F Value      G RMS      F Move   X Move   Angle  FG Call  Comment

     0     3695.7283  1031.6914                                   1
     1     2258.6184   684.4347   1437.1098   0.0982    0.00      2    Success 
     2     1322.8036   453.1290    935.8148   0.0982    4.79      3    Success 
     3      774.9554   326.5903    547.8482   0.0982   10.83      4    Success 
     4      486.1360   243.7380    288.8194   0.0982   29.61      5    Success 
     5      341.8600   202.6520    144.2760   0.0732   45.02      6    Success 
     6      214.9012   137.9731    126.9588   0.0885   51.52      7    Success 
     7      148.7047   218.5486     66.1965   0.0872   44.40      8    Success 
     8       84.3246    81.1834     64.3801   0.0520   56.88      9    Success 
     9       67.2313    54.9958     17.0933   0.0214   36.74     10    Success 
    10       52.6440    50.3007     14.5873   0.0276   40.23     11    Success 
    11       39.1730    61.2754     13.4710   0.0456   54.15     12    Success 
    12       28.2788    47.3102     10.8943   0.0398   66.57     13    Success 
    13       18.7080    38.9572      9.5708   0.0294   60.04     14    Success 
    14        4.9328    37.1519     13.7752   0.0522   58.49     15    Success 
    15       -5.3535    63.7215     10.2863   0.0797   63.83     16    Success 
    16      -12.0680    26.1571      6.7145   0.0319   68.69     17    Success 
    17      -14.2739    18.9472      2.2059   0.0075   38.07     18    Success 
    18      -17.1509    16.7333      2.8771   0.0171   40.92     19    Success 
    19      -19.3346    19.7772      2.1837   0.0208   61.35     20    Success 
    20      -22.1738    18.2291      2.8391   0.0352   70.35     21    Success 
    21      -23.1230    34.3031      0.9492   0.0400   69.78     22    Success 
    22      -24.5530    18.2951      1.4300   0.0049   51.53     23    Success 
    23      -25.0446    11.3422      0.4916   0.0093   56.01     24    Success 
    24      -25.6892    11.3831      0.6446   0.0050   46.74     25    Success 
    25      -26.4462    10.9116      0.7569   0.0113   56.23     26    Success 
    26      -27.2915    13.0767      0.8453   0.0163   66.02     27    Success 
    27      -27.9717    15.4506      0.6802   0.0264   74.19     28    Success 
    28      -28.3576     7.7436      0.3859   0.0062   67.91     29    Success 
    29      -28.5659     8.1301      0.2084   0.0055   68.27     30    Success 
    30      -28.8361     9.8126      0.2702   0.0070   66.09     31    Success 
    31      -29.2084     7.3150      0.3723   0.0115   74.54     32    Success 
    32      -29.3622    12.4794      0.1538   0.0101   72.52     33    Success 
    33      -29.5643     6.9152      0.2021   0.0046   72.55     34    Success 
    34      -29.7437     5.1201      0.1794   0.0041   61.38     35    Success 
    35      -29.9714     5.7949      0.2277   0.0086   64.89     36    Success 
    36      -30.0934    13.2464      0.1220   0.0144   73.31     37    Success 
    37      -30.2706     6.2006      0.1772   0.0029   69.07     38    Success 
    38      -30.3957     4.7920      0.1251   0.0059   73.89     39    Success 
    39      -30.4937     5.4055      0.0980   0.0058   75.47     40    Success 
    40      -30.6420     4.6257      0.1483   0.0080   75.42     41    Success 
    41      -30.7426     6.4994      0.1006   0.0110   74.62     42    Success 
    42      -30.7806     4.5061      0.0380   0.0040   69.95     43    Success 
    43      -30.8128     1.9063      0.0321   0.0028   76.99     44    Success 
    44      -30.8311     1.5983      0.0183   0.0011   53.87     45    Success 
    45      -30.8610     1.9843      0.0299   0.0019   48.28     46    Success 
    46      -30.9057     2.5139      0.0447   0.0040   65.46     47    Success 
    47      -30.9144     6.4472      0.0087   0.0067   72.98     48    Success 
    48      -30.9304     5.5022      0.0160   0.0006   74.63     49    Success 
    49      -30.9582     3.8774      0.0278   0.0014   77.09     50    Success 
    50      -30.9976     1.4640      0.0394   0.0035   76.89     51    Success 
    51      -31.0186     1.9854      0.0210   0.0036   71.33     52    Success 
    52      -31.0386     2.6925      0.0200   0.0035   78.20     53    Success 
    53      -31.0593     3.9582      0.0207   0.0052   80.81     54    Success 
    54      -31.0871     2.1205      0.0279   0.0041   81.75     55    Success 
    55      -31.1048     1.6199      0.0177   0.0024   73.97     56    Success 
    56      -31.1199     3.2219      0.0151   0.0027   68.59     57    Success 
    57      -31.1356     2.6422      0.0157   0.0017   78.82     58    Success 
    58      -31.1596     2.1771      0.0240   0.0032   78.05     59    Success 
    59      -31.1863     1.9859      0.0267   0.0055   79.50     60    Success 
    60      -31.2046     3.6961      0.0183   0.0053   79.32     61    Success 
    61      -31.2297     2.1989      0.0251   0.0053   84.21     62    Success 
    62      -31.2556     2.0065      0.0259   0.0045   78.17     63    Success 
    63      -31.2785     2.0847      0.0230   0.0062   81.40     64    Success 
    64      -31.3007     2.3683      0.0222   0.0044   75.51     65    Success 
    65      -31.3177     1.8452      0.0170   0.0081   82.62     66    Success 
    66      -31.3283     1.9265      0.0106   0.0036   78.19     67    Success 
    67      -31.3342     0.6716      0.0059   0.0019   79.20     68    Success 
    68      -31.3363     0.5845      0.0021   0.0012   79.81     69    Success 
    69      -31.3399     0.5273      0.0036   0.0016   74.88     70    Success 
    70      -31.3449     0.5851      0.0050   0.0026   72.87     71    Success 
    71      -31.3489     0.8109      0.0040   0.0028   72.14     72    Success 
    72      -31.3506     0.7957      0.0016   0.0006   64.30     73    Success 
    73      -31.3521     0.3876      0.0016   0.0007   78.39     74    Success 
    74      -31.3533     0.3625      0.0012   0.0008   71.88     75    Success 
    75      -31.3543     0.6394      0.0010   0.0005   64.21     76    Success 
    76      -31.3558     0.5087      0.0014   0.0007   76.17     77    Success 
    77      -31.3575     0.4297      0.0017   0.0012   76.92     78    Success 
    78      -31.3585     0.5152      0.0010   0.0012   76.61     79    Success 
    79      -31.3592     0.5814      0.0007   0.0005   70.56     80    Success 
    80      -31.3597     0.2851      0.0005   0.0002   67.37     81    Success 
    81      -31.3600     0.2092      0.0003   0.0002   62.34     82    Success 
    82      -31.3604     0.2041      0.0004   0.0004   68.45     83    Success 
    83      -31.3605     0.3821      0.0002   0.0003   71.86     85    Success 
    84      -31.3608     0.2175      0.0002   0.0003   81.03     86    Success 
    85      -31.3609     0.1266      0.0002   0.0002   73.08     87    Success 
    86      -31.3611     0.1449      0.0002   0.0002   63.15     88    Success 
    87      -31.3613     0.1422      0.0002   0.0003   69.36     89    Success 
    88      -31.3614     0.2709      0.0001   0.0004   68.89     90    Success 
    89      -31.3615     0.1022      0.0001   0.0002   73.61     91    Success 
    90      -31.3616     0.0636      0.0000   0.0001   56.33     92   SmallGrad

 LBFGS  --  Normal Termination due to SmallGrad

 Final Function Value :          -31.3616
 Final RMS Gradient :              0.0636
 Final Gradient Norm :             0.2699
