
     ######################################################################
   ##########################################################################
  ###                                                                      ###
 ###            Tinker  ---  Software Tools for Molecular Design            ###
 ##                                                                          ##
 ##                          Version 8.7  June 2019                          ##
 ##                                                                          ##
 ##               Copyright (c)  Jay William Ponder  1990-2019               ##
 ###                           All Rights Reserved                          ###
  ###                                                                      ###
   ##########################################################################
     ######################################################################


 Additional Atom Definition Parameters :

     Type  Class  Symbol  Description               Atomic    Mass   Valence

     406    406     C     ModifiedRes                  6     12.011     3
     413    413     O     ModifiedRes                  8     15.999     1
     403    403     N     ModifiedRes                  7     14.007     3
     412    412     H     ModifiedRes                  1      1.008     1
     401    401     C     ModifiedRes                  6     12.011     4
     410    410     H     ModifiedRes                  1      1.008     1
     404    404     C     ModifiedRes                  6     12.011     3
     411    411     O     ModifiedRes                  8     15.999     1
     409    409     H     ModifiedRes                  1      1.008     1
     402    402     C     ModifiedRes                  6     12.011     4
     407    407     S     ModifiedRes                 16     32.066     2
     408    408     C     ModifiedRes                  6     12.011     2
     416    416     N     ModifiedRes                  7     14.007     1
     405    405     N     ModifiedRes                  7     14.007     3
     414    414     H     ModifiedRes                  1      1.008     1
     415    415     H     ModifiedRes                  1      1.008     1

 Additional Bond Stretching Parameters :

     Atom Classes             K(S)         Length

       406 413             705.000         1.2330
       403 406             482.000         1.3610
       406 414             356.400         1.1017
       401 403             374.800         1.4590
       403 412             542.000         1.0150
       401 410             341.000         1.0957
       401 404             345.300         1.5387
       401 402             345.300         1.5181
       404 405             482.000         1.3572
       404 411             705.000         1.2314
       402 409             395.500         1.0914
       402 407             235.800         1.8318
       407 408             235.800         1.6971
       408 416             450.000         1.1861
       405 415             542.000         1.0125

 Additional Angle Bending Parameters :

     Atom Classes             K(B)          Angle

     401 403 406            50.000        121.357
     403 406 413            60.000        124.095
     401 403 412            35.000        118.957
     406 403 412            35.000        118.832
     401 404 405            70.000        113.359
     401 404 411            80.000        121.701
     401 402 407            53.200        108.206
     404 401 410            38.000        109.342
     402 401 410            38.000        110.341
     403 401 410            50.600        106.305
     402 401 404            60.000        109.453
     403 401 404            80.000        110.692
     409 402 409            39.570        108.418
     401 402 409            42.440        109.525
     407 402 409            60.240        109.529
     402 401 403            80.000        110.663
     402 407 408            60.430         97.777
     407 408 416            60.000        178.380
     405 404 411            60.000        124.940
     413 406 414            68.340        122.633
     403 406 414            31.650        113.262
     415 405 415            22.300        119.367
     404 405 415            35.000        117.504

 Additional Stretch-Bend Parameters :

     Atom Classes          K(SB)-1        K(SB)-2

     401 403 406             7.200          7.200
     401 403 412             4.300          7.200
     406 403 412             4.300          7.200
     401 404 405            18.700         18.700
     401 402 407            18.700         18.700
     404 401 410            11.500         18.700
     402 401 410            11.500         18.700
     403 401 410            11.500         11.500
     402 401 404            18.700         18.700
     403 401 404            18.700         18.700
     401 402 409            11.500         11.500
     407 402 409            11.500         11.500
     402 401 403            18.700         18.700
     402 407 408            -5.750         -5.750
     403 406 414            11.500         11.500
     404 405 415             4.300          7.200
     415 405 415             4.300          7.200
     401 404 411            18.700         18.700
     413 406 414            11.500         11.500

 Additional Out-of-Plane Bend Parameters :

     Atom Classes                   K(OPB)

     401 403   0   0                14.400
     401 404   0   0                14.400
     403 406   0   0               107.910
     404 405   0   0                71.940
     405 404   0   0               107.910
     406 403   0   0                71.940
     411 404   0   0               122.298
     412 403   0   0                 5.755
     413 406   0   0               122.298
     414 406   0   0               140.283
     415 405   0   0                 5.755

 Additional Torsional Parameters :

     Atom Classes     1-Fold    2-Fold    3-Fold    4-Fold    5-Fold    6-Fold

   410 401 403 406   0.00   0  0.00 180  0.00   0  0.00   0  0.00   0  0.00   0
   404 401 403 406   0.00   0  0.00 180  0.00   0  0.00   0  0.00   0  0.00   0
   402 401 403 406   0.00   0  0.00 180  0.00   0  0.00   0  0.00   0  0.00   0
   401 403 406 413   1.00   0  2.25 180 -2.25   0  0.00   0  0.00   0  0.00   0
   412 403 406 413   0.00   0 -0.66 180 -0.36   0  0.00   0  0.00   0  0.00   0
   403 401 404 405  -0.39   0  0.95 180 -0.38   0  0.00   0  0.00   0  0.00   0
   403 401 404 411  -0.39   0  0.95 180 -0.38   0  0.00   0  0.00   0  0.00   0
   403 401 402 409   4.66   0-10.38 180  2.20   0  0.00   0  0.00   0  0.00   0
   403 401 402 407   9.58   0 -6.67 180  2.10   0  0.00   0  0.00   0  0.00   0
   410 401 403 412   0.00   0  0.00 180  0.00   0  0.00   0  0.00   0  0.00   0
   404 401 403 412   0.00   0  0.00 180  0.00   0  0.00   0  0.00   0  0.00   0
   402 401 403 412   0.00   0  0.00 180  0.00   0  0.00   0  0.00   0  0.00   0
   412 403 406 414   0.00   0  0.50 180  0.35   0  0.00   0  0.00   0  0.00   0
   401 404 405 415   0.00   0  1.20 180  0.80   0  0.00   0  0.00   0  0.00   0
   401 402 407 408  -2.82   0  3.03 180 -3.03   0  0.00   0  0.00   0  0.00   0
   401 403 406 414   0.00   0  2.25 180  0.00   0  0.00   0  0.00   0  0.00   0
   410 401 404 405  -0.37   0 -0.37 180 -0.38   0  0.00   0  0.00   0  0.00   0
   410 401 404 411  -0.37   0 -0.37 180 -0.38   0  0.00   0  0.00   0  0.00   0
   410 401 402 409  -2.85   0  1.19 180 -0.11   0  0.00   0  0.00   0  0.00   0
   410 401 402 407   3.60   0  5.29 180 -1.01   0  0.00   0  0.00   0  0.00   0
   404 401 402 409   1.09   0 -2.88 180 -0.11   0  0.00   0  0.00   0  0.00   0
   404 401 402 407  11.03   0 -2.54 180 -0.11   0  0.00   0  0.00   0  0.00   0
   411 404 405 415   0.00   0 -0.66 180 -0.36   0  0.00   0  0.00   0  0.00   0
   402 401 404 411  -0.37   0 -0.92 180 -0.38   0  0.00   0  0.00   0  0.00   0
   409 402 407 408  -3.03   0  2.77 180  2.12   0  0.00   0  0.00   0  0.00   0
   402 401 404 405  -0.37   0 -0.92 180 -0.38   0  0.00   0  0.00   0  0.00   0
   402 407 408 416   0.00   0  0.00 180  0.50   0  0.00   0  0.00   0  0.00   0

 Additional Pi-Orbital Torsion Parameters :

     Atom Classes       2-Fold

       403 406           6.850
       404 405           6.850

 Additional van der Waals Parameters :

     Atom Class               Size        Epsilon        Reduction

         406                3.8200         0.1060          0.000
         413                3.3000         0.1120          0.000
         403                3.7100         0.1100          0.000
         412                2.5900         0.0220          0.900
         401                3.6500         0.1010          0.000
         410                2.8800         0.0240          0.910
         404                3.8200         0.1060          0.000
         411                3.3000         0.1120          0.000
         409                2.8700         0.0330          0.900
         402                3.7800         0.1060          0.000
         407                4.0050         0.3550          0.000
         408                3.7800         0.1060          0.000
         416                3.7100         0.1050          0.000
         405                3.7100         0.1100          0.000
         414                2.9200         0.0300          0.920
         415                2.5900         0.0220          0.900

 Additional Atomic Multipole Parameters :

     Atom Type     Coordinate Frame Definition         Multipole Moments

         401      402    403      0   Z-then-X    -0.27036
                                                   0.50333  0.00000  0.35496
                                                   0.60618
                                                   0.00000 -0.85704
                                                  -0.17941  0.00000  0.25086

         402      401    407      0   Z-then-X    -0.16378
                                                   0.27783  0.00000  0.40620
                                                  -0.16704
                                                   0.00000 -0.37723
                                                  -0.32619  0.00000  0.54427

         403      401    406      0   Z-then-X    -0.06291
                                                  -0.05963  0.00000  0.51258
                                                  -0.02622
                                                   0.00000 -1.06994
                                                  -0.25799  0.00000  1.09616

         404      401    405      0   Z-then-X     0.97419
                                                  -0.17493  0.00000  0.24114
                                                   0.31865
                                                   0.00000 -0.36761
                                                  -0.16585  0.00000  0.04896

         405      404    401      0   Z-then-X    -0.32381
                                                  -0.07740  0.00000  0.07140
                                                   0.49023
                                                   0.00000 -0.50247
                                                  -0.10308  0.00000  0.01224

         406      403    413      0   Z-then-X     0.63074
                                                   0.38274  0.00000  0.13596
                                                   0.04373
                                                   0.00000  0.01951
                                                   0.00235  0.00000 -0.06324

         407      402    401      0   Z-then-X     0.34016
                                                  -0.07527  0.00000  0.43821
                                                   0.17590
                                                   0.00000 -1.99142
                                                   0.51063  0.00000  1.81552

         408      407    402      0   Z-then-X     0.21607
                                                  -0.24565  0.00000 -0.65647
                                                   0.36522
                                                   0.00000  0.54677
                                                  -0.15483  0.00000 -0.91199

         409      402    401      0   Z-then-X     0.09934
                                                   0.05478  0.00000 -0.15869
                                                   0.10976
                                                   0.00000  0.23220
                                                   0.09980  0.00000 -0.34196

         410      401    402      0   Z-then-X     0.10719
                                                  -0.04599  0.00000  0.06642
                                                  -0.13850
                                                   0.00000 -0.08710
                                                  -0.12540  0.00000  0.22560

         411      404    401      0   Z-then-X    -0.77611
                                                  -0.20983  0.00000 -0.17915
                                                  -0.60127
                                                   0.00000  0.28309
                                                  -0.27939  0.00000  0.31818

         412      403    401      0   Z-then-X     0.11914
                                                   0.07060  0.00000 -0.12959
                                                   0.03994
                                                   0.00000  0.03762
                                                   0.23614  0.00000 -0.07756

         413      406    403      0   Z-then-X    -0.66614
                                                  -0.16152  0.00000 -0.04686
                                                  -0.50404
                                                   0.00000  0.14208
                                                  -0.21323  0.00000  0.36196

         414      406    403      0   Z-then-X    -0.02624
                                                  -0.04928  0.00000 -0.17449
                                                   0.09856
                                                   0.00000  0.02319
                                                  -0.01890  0.00000 -0.12175

         415      405    404      0   Z-then-X     0.13249
                                                  -0.04544  0.00000 -0.32452
                                                   0.19801
                                                   0.00000  0.14298
                                                  -0.00600  0.00000 -0.34099

         416      408    407      0   Z-then-X    -0.56180
                                                  -0.12235  0.00000 -0.22875
                                                   0.29155
                                                   0.00000  0.13098
                                                  -0.22483  0.00000 -0.42253

 Additional Atomic Dipole Polarizability Parameters :

     Atom Type           Alpha       Thole     Group Atom Types

         406             1.334       0.390         413  403  414
         413             0.837       0.390         406
         403             1.073       0.390         406  412
         412             0.496       0.390         403
         401             1.334       0.390         410  404
         410             0.496       0.390         401
         404             1.334       0.390         401  411  405
         411             0.837       0.390         404
         409             0.496       0.390         402
         402             1.334       0.390         409
         407             3.300       0.390         408
         408             1.334       0.390         407  416
         416             1.073       0.390         408
         405             1.073       0.390         404  415
         414             0.494       0.390         406
         415             0.496       0.390         405

 Limited Memory BFGS Quasi-Newton Optimization :

 QN Iter     F Value      G RMS      F Move   X Move   Angle  FG Call  Comment

     0      285.2755   325.7601                                   1
     1      180.0203   394.0337    105.2552   0.0982    0.00      2    Success 
     2       43.2551   152.2851    136.7653   0.0298    4.26      3    Success 
     3        2.2924    73.7340     40.9626   0.0252   15.29      4    Success 
     4      -13.9383    66.9469     16.2308   0.0262   30.57      5    Success 
     5      -20.4866    38.9096      6.5483   0.0159   49.65      6    Success 
     6      -23.0967    25.2383      2.6101   0.0060   35.11      7    Success 
     7      -25.9570    27.2675      2.8603   0.0113   33.80      8    Success 
     8      -28.1475    32.8004      2.1905   0.0128   55.99      9    Success 
     9      -30.3639    26.3497      2.2164   0.0159   63.79     10    Success 
    10      -32.0866    16.7469      1.7227   0.0079   52.00     11    Success 
    11      -33.5249    14.6686      1.4382   0.0110   48.44     12    Success 
    12      -34.6031    11.7011      1.0782   0.0113   61.66     13    Success 
    13      -35.1565    23.6613      0.5534   0.0203   59.67     14    Success 
    14      -35.8583     7.7256      0.7019   0.0038   47.48     15    Success 
    15      -36.0392     4.4646      0.1809   0.0030   48.32     16    Success 
    16      -36.1589     4.6564      0.1197   0.0025   41.35     17    Success 
    17      -36.3459     4.7354      0.1870   0.0045   50.73     18    Success 
    18      -36.4942     9.5436      0.1484   0.0083   57.96     19    Success 
    19      -36.6713     3.9016      0.1770   0.0052   71.75     20    Success 
    20      -36.7715     4.2262      0.1002   0.0036   61.66     21    Success 
    21      -36.9560     6.2377      0.1845   0.0070   67.77     22    Success 
    22      -37.1528     9.9257      0.1968   0.0149   77.24     23    Success 
    23      -37.4219     8.8571      0.2691   0.0069   74.38     24    Success 
    24      -37.7345     8.2755      0.3126   0.0095   69.20     25    Success 
    25      -37.8231    10.4463      0.0886   0.0087   62.56     26    Success 
    26      -37.9620     7.5321      0.1389   0.0033   73.46     27    Success 
    27      -38.1599     4.8987      0.1979   0.0048   64.76     28    Success 
    28      -38.3622     6.6102      0.2023   0.0100   66.17     29    Success 
    29      -38.4850     6.2680      0.1228   0.0131   79.63     30    Success 
    30      -38.5499     4.0423      0.0649   0.0033   76.44     31    Success 
    31      -38.6215     3.5849      0.0717   0.0044   70.32     32    Success 
    32      -38.6655     5.0252      0.0439   0.0033   68.46     33    Success 
    33      -38.7085     2.4884      0.0430   0.0025   71.40     34    Success 
    34      -38.7354     2.2731      0.0269   0.0012   49.33     35    Success 
    35      -38.7726     2.5042      0.0372   0.0028   61.97     36    Success 
    36      -38.7900     4.9610      0.0174   0.0048   74.86     37    Success 
    37      -38.8167     2.8323      0.0267   0.0018   77.48     38    Success 
    38      -38.8433     1.7147      0.0266   0.0036   77.01     39    Success 
    39      -38.8582     1.8118      0.0149   0.0025   75.92     40    Success 
    40      -38.8812     1.5910      0.0230   0.0032   73.40     41    Success 
    41      -38.8924     2.6566      0.0112   0.0020   67.46     43    Success 
    42      -38.9082     1.4285      0.0158   0.0022   77.90     44    Success 
    43      -38.9168     0.7190      0.0086   0.0015   69.98     45    Success 
    44      -38.9217     0.7506      0.0049   0.0009   55.01     46    Success 
    45      -38.9261     1.1916      0.0045   0.0014   59.48     47    Success 
    46      -38.9305     0.7668      0.0044   0.0009   67.84     48    Success 
    47      -38.9336     0.6413      0.0031   0.0007   66.04     49    Success 
    48      -38.9381     0.6350      0.0045   0.0013   66.47     50    Success 
    49      -38.9416     1.6052      0.0035   0.0020   68.18     51    Success 
    50      -38.9459     0.8550      0.0043   0.0011   78.43     52    Success 
    51      -38.9491     0.6486      0.0032   0.0010   72.58     53    Success 
    52      -38.9522     0.7101      0.0031   0.0014   73.06     54    Success 
    53      -38.9536     0.7747      0.0014   0.0007   72.01     56    Success 
    54      -38.9553     0.5087      0.0016   0.0007   77.03     57    Success 
    55      -38.9566     0.7005      0.0014   0.0007   68.86     58    Success 
    56      -38.9574     0.7724      0.0008   0.0008   74.45     59    Success 
    57      -38.9581     0.3366      0.0007   0.0003   74.95     60    Success 
    58      -38.9585     0.2565      0.0004   0.0003   72.60     61    Success 
    59      -38.9588     0.2392      0.0003   0.0003   72.04     62    Success 
    60      -38.9592     0.3001      0.0004   0.0006   74.48     63    Success 
    61      -38.9594     0.3463      0.0002   0.0004   71.71     64    Success 
    62      -38.9596     0.1936      0.0002   0.0001   65.81     65    Success 
    63      -38.9599     0.2082      0.0003   0.0002   51.61     66    Success 
    64      -38.9602     0.2729      0.0003   0.0002   66.20     67    Success 
    65      -38.9607     0.2922      0.0005   0.0004   73.93     68    Success 
    66      -38.9612     0.4439      0.0005   0.0008   76.76     69    Success 
    67      -38.9615     0.3409      0.0002   0.0009   81.01     70    Success 
    68      -38.9617     0.1001      0.0002   0.0002   76.47     71    Success 
    69      -38.9617     0.0779      0.0000   0.0001   59.71     72   SmallGrad

 LBFGS  --  Normal Termination due to SmallGrad

 Final Function Value :          -38.9617
 Final RMS Gradient :              0.0779
 Final Gradient Norm :             0.3306
