
     ######################################################################
   ##########################################################################
  ###                                                                      ###
 ###            Tinker  ---  Software Tools for Molecular Design            ###
 ##                                                                          ##
 ##                          Version 8.7  June 2019                          ##
 ##                                                                          ##
 ##               Copyright (c)  Jay William Ponder  1990-2019               ##
 ###                           All Rights Reserved                          ###
  ###                                                                      ###
   ##########################################################################
     ######################################################################


 Additional Atom Definition Parameters :

     Type  Class  Symbol  Description               Atomic    Mass   Valence

     406    406     C     ModifiedRes                  6     12.011     3
     413    413     O     ModifiedRes                  8     15.999     1
     403    403     N     ModifiedRes                  7     14.007     3
     412    412     H     ModifiedRes                  1      1.008     1
     401    401     C     ModifiedRes                  6     12.011     4
     410    410     H     ModifiedRes                  1      1.008     1
     404    404     C     ModifiedRes                  6     12.011     3
     411    411     O     ModifiedRes                  8     15.999     1
     409    409     H     ModifiedRes                  1      1.008     1
     402    402     C     ModifiedRes                  6     12.011     4
     407    407     S     ModifiedRes                 16     32.066     2
     408    408     C     ModifiedRes                  6     12.011     2
     416    416     N     ModifiedRes                  7     14.007     1
     405    405     N     ModifiedRes                  7     14.007     3
     414    414     H     ModifiedRes                  1      1.008     1
     415    415     H     ModifiedRes                  1      1.008     1

 Additional Bond Stretching Parameters :

     Atom Classes             K(S)         Length

       406 413             705.000         1.2330
       403 406             482.000         1.3610
       406 414             356.400         1.1017
       401 403             374.800         1.4590
       403 412             542.000         1.0150
       401 410             341.000         1.0957
       401 404             345.300         1.5387
       401 402             345.300         1.5181
       404 405             482.000         1.3572
       404 411             705.000         1.2314
       402 409             395.500         1.0914
       402 407             235.800         1.8318
       407 408             235.800         1.6971
       408 416             450.000         1.1861
       405 415             542.000         1.0125

 Additional Angle Bending Parameters :

     Atom Classes             K(B)          Angle

     401 403 406            50.000        121.357
     403 406 413            60.000        124.095
     401 403 412            35.000        118.957
     406 403 412            35.000        118.832
     401 404 405            70.000        113.359
     401 404 411            80.000        121.701
     401 402 407            53.200        108.206
     404 401 410            38.000        109.342
     402 401 410            38.000        110.341
     403 401 410            50.600        106.305
     402 401 404            60.000        109.453
     403 401 404            80.000        110.692
     409 402 409            39.570        108.418
     401 402 409            42.440        109.525
     407 402 409            60.240        109.529
     402 401 403            80.000        110.663
     402 407 408            60.430         97.777
     407 408 416            60.000        178.380
     405 404 411            60.000        124.940
     413 406 414            68.340        122.633
     403 406 414            31.650        113.262
     415 405 415            22.300        119.367
     404 405 415            35.000        117.504

 Additional Stretch-Bend Parameters :

     Atom Classes          K(SB)-1        K(SB)-2

     401 403 406             7.200          7.200
     401 403 412             4.300          7.200
     406 403 412             4.300          7.200
     401 404 405            18.700         18.700
     401 402 407            18.700         18.700
     404 401 410            11.500         18.700
     402 401 410            11.500         18.700
     403 401 410            11.500         11.500
     402 401 404            18.700         18.700
     403 401 404            18.700         18.700
     401 402 409            11.500         11.500
     407 402 409            11.500         11.500
     402 401 403            18.700         18.700
     402 407 408            -5.750         -5.750
     403 406 414            11.500         11.500
     404 405 415             4.300          7.200
     415 405 415             4.300          7.200
     401 404 411            18.700         18.700
     413 406 414            11.500         11.500

 Additional Out-of-Plane Bend Parameters :

     Atom Classes                   K(OPB)

     401 403   0   0                14.400
     401 404   0   0                14.400
     403 406   0   0               107.910
     404 405   0   0                71.940
     405 404   0   0               107.910
     406 403   0   0                71.940
     411 404   0   0               122.298
     412 403   0   0                 5.755
     413 406   0   0               122.298
     414 406   0   0               140.283
     415 405   0   0                 5.755

 Additional Torsional Parameters :

     Atom Classes     1-Fold    2-Fold    3-Fold    4-Fold    5-Fold    6-Fold

   410 401 403 406   0.00   0  0.00 180  0.00   0  0.00   0  0.00   0  0.00   0
   404 401 403 406   0.00   0  0.00 180  0.00   0  0.00   0  0.00   0  0.00   0
   402 401 403 406   0.00   0  0.00 180  0.00   0  0.00   0  0.00   0  0.00   0
   401 403 406 413   1.00   0  2.25 180 -2.25   0  0.00   0  0.00   0  0.00   0
   412 403 406 413   0.00   0 -0.66 180 -0.36   0  0.00   0  0.00   0  0.00   0
   403 401 404 405   0.00   0  0.00 180  0.00   0  0.00   0  0.00   0  0.00   0
   403 401 404 411   0.00   0  0.00 180  0.00   0  0.00   0  0.00   0  0.00   0
   403 401 402 409   0.00   0  0.00 180  0.00   0  0.00   0  0.00   0  0.00   0
   403 401 402 407   0.00   0  0.00 180  0.00   0  0.00   0  0.00   0  0.00   0
   410 401 403 412   0.00   0  0.00 180  0.00   0  0.00   0  0.00   0  0.00   0
   404 401 403 412   0.00   0  0.00 180  0.00   0  0.00   0  0.00   0  0.00   0
   402 401 403 412   0.00   0  0.00 180  0.00   0  0.00   0  0.00   0  0.00   0
   412 403 406 414   0.00   0  0.50 180  0.35   0  0.00   0  0.00   0  0.00   0
   401 404 405 415   0.00   0  1.20 180  0.80   0  0.00   0  0.00   0  0.00   0
   401 402 407 408   0.00   0  0.00 180  0.00   0  0.00   0  0.00   0  0.00   0
   401 403 406 414   0.00   0  2.25 180  0.00   0  0.00   0  0.00   0  0.00   0
   410 401 404 405   0.00   0  0.00 180  0.00   0  0.00   0  0.00   0  0.00   0
   410 401 404 411   0.00   0  0.00 180  0.00   0  0.00   0  0.00   0  0.00   0
   410 401 402 409   0.00   0  0.00 180  0.00   0  0.00   0  0.00   0  0.00   0
   410 401 402 407   0.00   0  0.00 180  0.00   0  0.00   0  0.00   0  0.00   0
   404 401 402 409   0.00   0  0.00 180  0.00   0  0.00   0  0.00   0  0.00   0
   404 401 402 407   0.00   0  0.00 180  0.00   0  0.00   0  0.00   0  0.00   0
   411 404 405 415   0.00   0 -0.66 180 -0.36   0  0.00   0  0.00   0  0.00   0
   402 401 404 411   0.00   0  0.00 180  0.00   0  0.00   0  0.00   0  0.00   0
   409 402 407 408   0.00   0  0.00 180  0.00   0  0.00   0  0.00   0  0.00   0
   402 401 404 405   0.00   0  0.00 180  0.00   0  0.00   0  0.00   0  0.00   0
   402 407 408 416   0.00   0  0.00 180  0.50   0  0.00   0  0.00   0  0.00   0

 Additional Pi-Orbital Torsion Parameters :

     Atom Classes       2-Fold

       403 406           6.850
       404 405           6.850

 Additional van der Waals Parameters :

     Atom Class               Size        Epsilon        Reduction

         406                3.8200         0.1060          0.000
         413                3.3000         0.1120          0.000
         403                3.7100         0.1100          0.000
         412                2.5900         0.0220          0.900
         401                3.6500         0.1010          0.000
         410                2.8800         0.0240          0.910
         404                3.8200         0.1060          0.000
         411                3.3000         0.1120          0.000
         409                2.8700         0.0330          0.900
         402                3.7800         0.1060          0.000
         407                4.0050         0.3550          0.000
         408                3.7800         0.1060          0.000
         416                3.7100         0.1050          0.000
         405                3.7100         0.1100          0.000
         414                2.9200         0.0300          0.920
         415                2.5900         0.0220          0.900

 Additional Atomic Multipole Parameters :

     Atom Type     Coordinate Frame Definition         Multipole Moments

         401      402    403      0   Z-then-X    -0.27036
                                                   0.50333  0.00000  0.35496
                                                   0.60618
                                                   0.00000 -0.85704
                                                  -0.17941  0.00000  0.25086

         402      401    407      0   Z-then-X    -0.16378
                                                   0.27783  0.00000  0.40620
                                                  -0.16704
                                                   0.00000 -0.37723
                                                  -0.32619  0.00000  0.54427

         403      401    406      0   Z-then-X    -0.06291
                                                  -0.05963  0.00000  0.51258
                                                  -0.02622
                                                   0.00000 -1.06994
                                                  -0.25799  0.00000  1.09616

         404      401    405      0   Z-then-X     0.97419
                                                  -0.17493  0.00000  0.24114
                                                   0.31865
                                                   0.00000 -0.36761
                                                  -0.16585  0.00000  0.04896

         405      404    401      0   Z-then-X    -0.32381
                                                  -0.07740  0.00000  0.07140
                                                   0.49023
                                                   0.00000 -0.50247
                                                  -0.10308  0.00000  0.01224

         406      403    413      0   Z-then-X     0.63074
                                                   0.38274  0.00000  0.13596
                                                   0.04373
                                                   0.00000  0.01951
                                                   0.00235  0.00000 -0.06324

         407      402    401      0   Z-then-X     0.34016
                                                  -0.07527  0.00000  0.43821
                                                   0.17590
                                                   0.00000 -1.99142
                                                   0.51063  0.00000  1.81552

         408      407    402      0   Z-then-X     0.21607
                                                  -0.24565  0.00000 -0.65647
                                                   0.36522
                                                   0.00000  0.54677
                                                  -0.15483  0.00000 -0.91199

         409      402    401      0   Z-then-X     0.09934
                                                   0.05478  0.00000 -0.15869
                                                   0.10976
                                                   0.00000  0.23220
                                                   0.09980  0.00000 -0.34196

         410      401    402      0   Z-then-X     0.10719
                                                  -0.04599  0.00000  0.06642
                                                  -0.13850
                                                   0.00000 -0.08710
                                                  -0.12540  0.00000  0.22560

         411      404    401      0   Z-then-X    -0.77611
                                                  -0.20983  0.00000 -0.17915
                                                  -0.60127
                                                   0.00000  0.28309
                                                  -0.27939  0.00000  0.31818

         412      403    401      0   Z-then-X     0.11914
                                                   0.07060  0.00000 -0.12959
                                                   0.03994
                                                   0.00000  0.03762
                                                   0.23614  0.00000 -0.07756

         413      406    403      0   Z-then-X    -0.66614
                                                  -0.16152  0.00000 -0.04686
                                                  -0.50404
                                                   0.00000  0.14208
                                                  -0.21323  0.00000  0.36196

         414      406    403      0   Z-then-X    -0.02624
                                                  -0.04928  0.00000 -0.17449
                                                   0.09856
                                                   0.00000  0.02319
                                                  -0.01890  0.00000 -0.12175

         415      405    404      0   Z-then-X     0.13249
                                                  -0.04544  0.00000 -0.32452
                                                   0.19801
                                                   0.00000  0.14298
                                                  -0.00600  0.00000 -0.34099

         416      408    407      0   Z-then-X    -0.56180
                                                  -0.12235  0.00000 -0.22875
                                                   0.29155
                                                   0.00000  0.13098
                                                  -0.22483  0.00000 -0.42253

 Additional Atomic Dipole Polarizability Parameters :

     Atom Type           Alpha       Thole     Group Atom Types

         406             1.334       0.390         413  403  414
         413             0.837       0.390         406
         403             1.073       0.390         406  412
         412             0.496       0.390         403
         401             1.334       0.390         410  404
         410             0.496       0.390         401
         404             1.334       0.390         401  411  405
         411             0.837       0.390         404
         409             0.496       0.390         402
         402             1.334       0.390         409
         407             3.300       0.390         408
         408             1.334       0.390         407  416
         416             1.073       0.390         408
         405             1.073       0.390         404  415
         414             0.494       0.390         406
         415             0.496       0.390         405

 Limited Memory BFGS Quasi-Newton Optimization :

 QN Iter     F Value      G RMS      F Move   X Move   Angle  FG Call  Comment

     0      451.5771   466.5243                                   1
     1      214.2333   246.3197    237.3438   0.0982    0.00      2    Success 
     2      100.3692   183.3589    113.8641   0.0643   27.52      3    Success 
     3       73.7424   165.6077     26.6267   0.0291   31.54      4    Success 
     4       49.7591    84.6642     23.9834   0.0142   39.92      5    Success 
     5       26.4037    61.9210     23.3553   0.0260   33.03      6    Success 
     6        8.2581    54.1969     18.1456   0.0327   42.76      7    Success 
     7        2.6664    71.3252      5.5917   0.0200   54.58      9    Success 
     8       -4.0840    30.5603      6.7504   0.0217   67.62     10    Success 
     9       -7.4038    28.2324      3.3198   0.0131   55.29     11    Success 
    10      -12.6219    36.0972      5.2182   0.0227   54.80     12    Success 
    11      -19.9872    39.7002      7.3652   0.0405   66.66     13    Success 
    12      -20.8090    82.1110      0.8218   0.0527   71.66     14    Success 
    13      -22.3673    73.7251      1.5583   0.0017   49.11     15    Success 
    14      -25.1664    58.0304      2.7991   0.0038   51.87     16    Success 
    15      -29.3113    26.3263      4.1449   0.0095   55.71     17    Success 
    16      -31.0045    12.8051      1.6931   0.0100   50.95     18    Success 
    17      -31.4994    14.5611      0.4949   0.0058   65.40     19    Success 
    18      -32.3795    14.4994      0.8801   0.0088   64.70     20    Success 
    19      -33.7514    14.9989      1.3719   0.0184   68.46     21    Success 
    20      -34.7570    20.6530      1.0056   0.0316   71.22     22    Success 
    21      -35.3752     6.9073      0.6182   0.0078   66.39     23    Success 
    22      -35.5434     6.7595      0.1682   0.0021   42.24     24    Success 
    23      -35.8408     7.9828      0.2974   0.0045   52.56     25    Success 
    24      -36.3539     9.4721      0.5131   0.0092   63.39     26    Success 
    25      -37.0534    18.6489      0.6996   0.0178   70.18     27    Success 
    26      -37.9034    14.8715      0.8500   0.0292   81.80     28    Success 
    27      -38.5450    13.2019      0.6415   0.0263   81.54     29    Success 
    28      -39.3548     8.4972      0.8098   0.0258   79.02     30    Success 
    29      -40.0207    12.1183      0.6660   0.0187   68.53     31    Success 
    30      -40.3435    16.2926      0.3228   0.0140   76.24     32    Success 
    31      -40.4619    18.2111      0.1184   0.0075   73.04     33    Success 
    32      -40.6706    14.4603      0.2087   0.0012   52.97     34    Success 
    33      -40.9926     6.8141      0.3220   0.0059   74.29     35    Success 
    34      -41.1889    13.6011      0.1963   0.0090   70.62     36    Success 
    35      -41.2866    11.9305      0.0977   0.0050   71.33     37    Success 
    36      -41.4102     7.5521      0.1236   0.0026   74.72     38    Success 
    37      -41.5833     4.2410      0.1731   0.0095   78.95     39    Success 
    38      -41.6874     4.8637      0.1041   0.0092   77.80     40    Success 
    39      -41.7973     4.1201      0.1099   0.0074   76.57     41    Success 
    40      -41.8858     4.5549      0.0885   0.0078   69.49     42    Success 
    41      -41.9309     3.8195      0.0451   0.0042   64.67     43    Success 
    42      -41.9581     1.4899      0.0272   0.0037   80.45     44    Success 
    43      -41.9697     1.3242      0.0116   0.0022   74.84     45    Success 
    44      -41.9880     1.6797      0.0183   0.0021   61.98     46    Success 
    45      -42.0125     2.3884      0.0245   0.0028   64.30     47    Success 
    46      -42.0403     2.2901      0.0278   0.0047   75.91     48    Success 
    47      -42.0557     3.3285      0.0155   0.0035   76.00     49    Success 
    48      -42.0748     1.7687      0.0190   0.0027   80.49     50    Success 
    49      -42.0908     1.8328      0.0160   0.0025   73.33     51    Success 
    50      -42.1087     2.3759      0.0180   0.0024   72.89     52    Success 
    51      -42.1341     2.4148      0.0253   0.0038   77.06     53    Success 
    52      -42.1644     2.1846      0.0304   0.0060   78.89     54    Success 
    53      -42.1852     1.5740      0.0208   0.0036   77.25     55    Success 
    54      -42.1957     2.3343      0.0105   0.0029   72.28     56    Success 
    55      -42.2030     1.4533      0.0073   0.0008   65.03     57    Success 
    56      -42.2069     1.1432      0.0039   0.0005   71.43     58    Success 
    57      -42.2133     0.9171      0.0064   0.0008   60.76     59    Success 
    58      -42.2222     1.1735      0.0089   0.0019   65.41     60    Success 
    59      -42.2285     1.1222      0.0063   0.0019   77.39     61    Success 
    60      -42.2306     1.2735      0.0021   0.0009   75.92     63    Success 
    61      -42.2338     0.7780      0.0032   0.0011   80.49     64    Success 
    62      -42.2367     0.4846      0.0030   0.0011   73.36     65    Success 
    63      -42.2382     0.5122      0.0015   0.0008   71.41     66    Success 
    64      -42.2395     0.8343      0.0013   0.0015   78.10     67    Success 
    65      -42.2406     0.3496      0.0012   0.0004   72.69     68    Success 
    66      -42.2413     0.3879      0.0007   0.0004   66.04     69    Success 
    67      -42.2418     0.4647      0.0005   0.0003   71.99     70    Success 
    68      -42.2427     0.4851      0.0008   0.0004   73.68     71    Success 
    69      -42.2433     0.9412      0.0007   0.0007   73.54     72    Success 
    70      -42.2443     0.5828      0.0010   0.0005   80.36     73    Success 
    71      -42.2453     0.2507      0.0009   0.0009   80.07     74    Success 
    72      -42.2456     0.3476      0.0003   0.0004   70.17     75    Success 
    73      -42.2459     0.2823      0.0003   0.0002   75.16     76    Success 
    74      -42.2462     0.1420      0.0003   0.0003   69.43     77    Success 
    75      -42.2464     0.2031      0.0001   0.0002   60.29     78    Success 
    76      -42.2464     0.2340      0.0001   0.0002   72.46     79    Success 
    77      -42.2465     0.1522      0.0001   0.0001   69.04     80    Success 
    78      -42.2466     0.0840      0.0001   0.0001   67.82     81   SmallGrad

 LBFGS  --  Normal Termination due to SmallGrad

 Final Function Value :          -42.2466
 Final RMS Gradient :              0.0840
 Final Gradient Norm :             0.3562
