
     ######################################################################
   ##########################################################################
  ###                                                                      ###
 ###            Tinker  ---  Software Tools for Molecular Design            ###
 ##                                                                          ##
 ##                          Version 8.7  June 2019                          ##
 ##                                                                          ##
 ##               Copyright (c)  Jay William Ponder  1990-2019               ##
 ###                           All Rights Reserved                          ###
  ###                                                                      ###
   ##########################################################################
     ######################################################################


 Additional Atom Definition Parameters :

     Type  Class  Symbol  Description               Atomic    Mass   Valence

     406    406     C     ModifiedRes                  6     12.011     3
     413    413     O     ModifiedRes                  8     15.999     1
     403    403     N     ModifiedRes                  7     14.007     3
     412    412     H     ModifiedRes                  1      1.008     1
     401    401     C     ModifiedRes                  6     12.011     4
     410    410     H     ModifiedRes                  1      1.008     1
     404    404     C     ModifiedRes                  6     12.011     3
     411    411     O     ModifiedRes                  8     15.999     1
     409    409     H     ModifiedRes                  1      1.008     1
     402    402     C     ModifiedRes                  6     12.011     4
     407    407     S     ModifiedRes                 16     32.066     2
     408    408     C     ModifiedRes                  6     12.011     2
     416    416     N     ModifiedRes                  7     14.007     1
     405    405     N     ModifiedRes                  7     14.007     3
     414    414     H     ModifiedRes                  1      1.008     1
     415    415     H     ModifiedRes                  1      1.008     1

 Additional Bond Stretching Parameters :

     Atom Classes             K(S)         Length

       406 413             705.000         1.2330
       403 406             482.000         1.3610
       406 414             356.400         1.1017
       401 403             374.800         1.4590
       403 412             542.000         1.0150
       401 410             341.000         1.0957
       401 404             345.300         1.5387
       401 402             345.300         1.5181
       404 405             482.000         1.3572
       404 411             705.000         1.2314
       402 409             395.500         1.0914
       402 407             235.800         1.8318
       407 408             235.800         1.6971
       408 416             450.000         1.1861
       405 415             542.000         1.0125

 Additional Angle Bending Parameters :

     Atom Classes             K(B)          Angle

     401 403 406            50.000        121.357
     403 406 413            60.000        124.095
     401 403 412            35.000        118.957
     406 403 412            35.000        118.832
     401 404 405            70.000        113.359
     401 404 411            80.000        121.701
     401 402 407            53.200        108.206
     404 401 410            38.000        109.342
     402 401 410            38.000        110.341
     403 401 410            50.600        106.305
     402 401 404            60.000        109.453
     403 401 404            80.000        110.692
     409 402 409            39.570        108.418
     401 402 409            42.440        109.525
     407 402 409            60.240        109.529
     402 401 403            80.000        110.663
     402 407 408            60.430         97.777
     407 408 416            60.000        178.380
     405 404 411            60.000        124.940
     413 406 414            68.340        122.633
     403 406 414            31.650        113.262
     415 405 415            22.300        119.367
     404 405 415            35.000        117.504

 Additional Stretch-Bend Parameters :

     Atom Classes          K(SB)-1        K(SB)-2

     401 403 406             7.200          7.200
     401 403 412             4.300          7.200
     406 403 412             4.300          7.200
     401 404 405            18.700         18.700
     401 402 407            18.700         18.700
     404 401 410            11.500         18.700
     402 401 410            11.500         18.700
     403 401 410            11.500         11.500
     402 401 404            18.700         18.700
     403 401 404            18.700         18.700
     401 402 409            11.500         11.500
     407 402 409            11.500         11.500
     402 401 403            18.700         18.700
     402 407 408            -5.750         -5.750
     403 406 414            11.500         11.500
     404 405 415             4.300          7.200
     415 405 415             4.300          7.200
     401 404 411            18.700         18.700
     413 406 414            11.500         11.500

 Additional Out-of-Plane Bend Parameters :

     Atom Classes                   K(OPB)

     401 403   0   0                14.400
     401 404   0   0                14.400
     403 406   0   0               107.910
     404 405   0   0                71.940
     405 404   0   0               107.910
     406 403   0   0                71.940
     411 404   0   0               122.298
     412 403   0   0                 5.755
     413 406   0   0               122.298
     414 406   0   0               140.283
     415 405   0   0                 5.755

 Additional Torsional Parameters :

     Atom Classes     1-Fold    2-Fold    3-Fold    4-Fold    5-Fold    6-Fold

   410 401 403 406   0.00   0  0.00 180  0.00   0  0.00   0  0.00   0  0.00   0
   404 401 403 406   0.00   0  0.00 180  0.00   0  0.00   0  0.00   0  0.00   0
   402 401 403 406   0.00   0  0.00 180  0.00   0  0.00   0  0.00   0  0.00   0
   401 403 406 413   1.00   0  2.25 180 -2.25   0  0.00   0  0.00   0  0.00   0
   412 403 406 413   0.00   0 -0.66 180 -0.36   0  0.00   0  0.00   0  0.00   0
   403 401 404 405   0.00   0  0.00 180  0.00   0  0.00   0  0.00   0  0.00   0
   403 401 404 411   0.00   0  0.00 180  0.00   0  0.00   0  0.00   0  0.00   0
   403 401 402 409   0.00   0  0.00 180  0.00   0  0.00   0  0.00   0  0.00   0
   403 401 402 407   0.00   0  0.00 180  0.00   0  0.00   0  0.00   0  0.00   0
   410 401 403 412   0.00   0  0.00 180  0.00   0  0.00   0  0.00   0  0.00   0
   404 401 403 412   0.00   0  0.00 180  0.00   0  0.00   0  0.00   0  0.00   0
   402 401 403 412   0.00   0  0.00 180  0.00   0  0.00   0  0.00   0  0.00   0
   412 403 406 414   0.00   0  0.50 180  0.35   0  0.00   0  0.00   0  0.00   0
   401 404 405 415   0.00   0  1.20 180  0.80   0  0.00   0  0.00   0  0.00   0
   401 402 407 408   0.00   0  0.00 180  0.00   0  0.00   0  0.00   0  0.00   0
   401 403 406 414   0.00   0  2.25 180  0.00   0  0.00   0  0.00   0  0.00   0
   410 401 404 405   0.00   0  0.00 180  0.00   0  0.00   0  0.00   0  0.00   0
   410 401 404 411   0.00   0  0.00 180  0.00   0  0.00   0  0.00   0  0.00   0
   410 401 402 409   0.00   0  0.00 180  0.00   0  0.00   0  0.00   0  0.00   0
   410 401 402 407   0.00   0  0.00 180  0.00   0  0.00   0  0.00   0  0.00   0
   404 401 402 409   0.00   0  0.00 180  0.00   0  0.00   0  0.00   0  0.00   0
   404 401 402 407   0.00   0  0.00 180  0.00   0  0.00   0  0.00   0  0.00   0
   411 404 405 415   0.00   0 -0.66 180 -0.36   0  0.00   0  0.00   0  0.00   0
   402 401 404 411   0.00   0  0.00 180  0.00   0  0.00   0  0.00   0  0.00   0
   409 402 407 408   0.00   0  0.00 180  0.00   0  0.00   0  0.00   0  0.00   0
   402 401 404 405   0.00   0  0.00 180  0.00   0  0.00   0  0.00   0  0.00   0
   402 407 408 416   0.00   0  0.00 180  0.50   0  0.00   0  0.00   0  0.00   0

 Additional Pi-Orbital Torsion Parameters :

     Atom Classes       2-Fold

       403 406           6.850
       404 405           6.850

 Additional van der Waals Parameters :

     Atom Class               Size        Epsilon        Reduction

         406                3.8200         0.1060          0.000
         413                3.3000         0.1120          0.000
         403                3.7100         0.1100          0.000
         412                2.5900         0.0220          0.900
         401                3.6500         0.1010          0.000
         410                2.8800         0.0240          0.910
         404                3.8200         0.1060          0.000
         411                3.3000         0.1120          0.000
         409                2.8700         0.0330          0.900
         402                3.7800         0.1060          0.000
         407                4.0050         0.3550          0.000
         408                3.7800         0.1060          0.000
         416                3.7100         0.1050          0.000
         405                3.7100         0.1100          0.000
         414                2.9200         0.0300          0.920
         415                2.5900         0.0220          0.900

 Additional Atomic Multipole Parameters :

     Atom Type     Coordinate Frame Definition         Multipole Moments

         401      402    403      0   Z-then-X    -0.27036
                                                   0.50333  0.00000  0.35496
                                                   0.60618
                                                   0.00000 -0.85704
                                                  -0.17941  0.00000  0.25086

         402      401    407      0   Z-then-X    -0.16378
                                                   0.27783  0.00000  0.40620
                                                  -0.16704
                                                   0.00000 -0.37723
                                                  -0.32619  0.00000  0.54427

         403      401    406      0   Z-then-X    -0.06291
                                                  -0.05963  0.00000  0.51258
                                                  -0.02622
                                                   0.00000 -1.06994
                                                  -0.25799  0.00000  1.09616

         404      401    405      0   Z-then-X     0.97419
                                                  -0.17493  0.00000  0.24114
                                                   0.31865
                                                   0.00000 -0.36761
                                                  -0.16585  0.00000  0.04896

         405      404    401      0   Z-then-X    -0.32381
                                                  -0.07740  0.00000  0.07140
                                                   0.49023
                                                   0.00000 -0.50247
                                                  -0.10308  0.00000  0.01224

         406      403    413      0   Z-then-X     0.63074
                                                   0.38274  0.00000  0.13596
                                                   0.04373
                                                   0.00000  0.01951
                                                   0.00235  0.00000 -0.06324

         407      402    401      0   Z-then-X     0.34016
                                                  -0.07527  0.00000  0.43821
                                                   0.17590
                                                   0.00000 -1.99142
                                                   0.51063  0.00000  1.81552

         408      407    402      0   Z-then-X     0.21607
                                                  -0.24565  0.00000 -0.65647
                                                   0.36522
                                                   0.00000  0.54677
                                                  -0.15483  0.00000 -0.91199

         409      402    401      0   Z-then-X     0.09934
                                                   0.05478  0.00000 -0.15869
                                                   0.10976
                                                   0.00000  0.23220
                                                   0.09980  0.00000 -0.34196

         410      401    402      0   Z-then-X     0.10719
                                                  -0.04599  0.00000  0.06642
                                                  -0.13850
                                                   0.00000 -0.08710
                                                  -0.12540  0.00000  0.22560

         411      404    401      0   Z-then-X    -0.77611
                                                  -0.20983  0.00000 -0.17915
                                                  -0.60127
                                                   0.00000  0.28309
                                                  -0.27939  0.00000  0.31818

         412      403    401      0   Z-then-X     0.11914
                                                   0.07060  0.00000 -0.12959
                                                   0.03994
                                                   0.00000  0.03762
                                                   0.23614  0.00000 -0.07756

         413      406    403      0   Z-then-X    -0.66614
                                                  -0.16152  0.00000 -0.04686
                                                  -0.50404
                                                   0.00000  0.14208
                                                  -0.21323  0.00000  0.36196

         414      406    403      0   Z-then-X    -0.02624
                                                  -0.04928  0.00000 -0.17449
                                                   0.09856
                                                   0.00000  0.02319
                                                  -0.01890  0.00000 -0.12175

         415      405    404      0   Z-then-X     0.13249
                                                  -0.04544  0.00000 -0.32452
                                                   0.19801
                                                   0.00000  0.14298
                                                  -0.00600  0.00000 -0.34099

         416      408    407      0   Z-then-X    -0.56180
                                                  -0.12235  0.00000 -0.22875
                                                   0.29155
                                                   0.00000  0.13098
                                                  -0.22483  0.00000 -0.42253

 Additional Atomic Dipole Polarizability Parameters :

     Atom Type           Alpha       Thole     Group Atom Types

         406             1.334       0.390         413  403  414
         413             0.837       0.390         406
         403             1.073       0.390         406  412
         412             0.496       0.390         403
         401             1.334       0.390         410  404
         410             0.496       0.390         401
         404             1.334       0.390         401  411  405
         411             0.837       0.390         404
         409             0.496       0.390         402
         402             1.334       0.390         409
         407             3.300       0.390         408
         408             1.334       0.390         407  416
         416             1.073       0.390         408
         405             1.073       0.390         404  415
         414             0.494       0.390         406
         415             0.496       0.390         405

 Limited Memory BFGS Quasi-Newton Optimization :

 QN Iter     F Value      G RMS      F Move   X Move   Angle  FG Call  Comment

     0     2436.6868   908.0111                                   1
     1     1308.1271   501.2667   1128.5596   0.0982    0.00      2    Success 
     2      685.6724   327.9055    622.4547   0.0982    9.66      3    Success 
     3      357.2285   294.1999    328.4439   0.0982   23.91      4    Success 
     4      189.5078   251.9011    167.7207   0.0982   46.05      5    Success 
     5      129.5278   166.5402     59.9800   0.0382   46.48      6    Success 
     6       97.2813   112.9338     32.2465   0.0205   44.77      7    Success 
     7       57.3029    92.0942     39.9784   0.0364   42.95      8    Success 
     8       20.5680    72.5088     36.7349   0.0537   47.96      9    Success 
     9        2.6922    80.9703     17.8758   0.0466   54.91     10    Success 
    10      -11.6215    39.5394     14.3137   0.0301   57.07     11    Success 
    11      -17.4424    30.8635      5.8209   0.0178   48.70     12    Success 
    12      -21.9984    26.2881      4.5560   0.0214   51.45     13    Success 
    13      -24.6591    33.9391      2.6607   0.0191   48.72     14    Success 
    14      -27.0481    18.8850      2.3890   0.0093   52.83     15    Success 
    15      -28.9232    17.2436      1.8752   0.0136   55.94     16    Success 
    16      -31.0382    18.6853      2.1150   0.0200   62.35     17    Success 
    17      -33.5025    25.1651      2.4643   0.0320   66.87     18    Success 
    18      -35.4019    17.3362      1.8995   0.0287   74.31     19    Success 
    19      -36.3996    14.8659      0.9977   0.0108   57.82     20    Success 
    20      -37.2637    10.4380      0.8641   0.0061   40.97     21    Success 
    21      -38.1598     9.3432      0.8961   0.0178   67.20     22    Success 
    22      -39.1250     8.3401      0.9652   0.0215   67.58     23    Success 
    23      -39.7883    12.2578      0.6633   0.0291   69.38     24    Success 
    24      -40.1910     9.3948      0.4027   0.0086   63.30     25    Success 
    25      -40.3862     5.2213      0.1952   0.0064   72.59     26    Success 
    26      -40.5081     4.8661      0.1219   0.0035   53.61     27    Success 
    27      -40.5889     6.1737      0.0808   0.0056   69.44     28    Success 
    28      -40.6623     3.3059      0.0733   0.0026   69.74     29    Success 
    29      -40.7174     2.6655      0.0551   0.0033   63.94     30    Success 
    30      -40.7588     2.4274      0.0414   0.0029   68.28     31    Success 
    31      -40.8162     3.2523      0.0574   0.0037   59.46     32    Success 
    32      -40.8713     2.5740      0.0550   0.0066   72.80     33    Success 
    33      -40.9010     1.8625      0.0297   0.0023   67.01     34    Success 
    34      -40.9294     1.7227      0.0284   0.0028   62.59     35    Success 
    35      -40.9424     3.6628      0.0130   0.0030   63.82     36    Success 
    36      -40.9620     1.8147      0.0197   0.0012   70.62     37    Success 
    37      -40.9824     1.6397      0.0204   0.0025   68.88     38    Success 
    38      -40.9998     2.0598      0.0174   0.0025   72.86     39    Success 
    39      -41.0274     2.0799      0.0276   0.0035   74.27     40    Success 
    40      -41.0384     2.9502      0.0110   0.0023   75.45     42    Success 
    41      -41.0548     1.7007      0.0164   0.0023   79.74     43    Success 
    42      -41.0651     0.9123      0.0104   0.0023   75.94     44    Success 
    43      -41.0702     1.2330      0.0051   0.0011   63.76     45    Success 
    44      -41.0767     1.3679      0.0065   0.0011   70.50     46    Success 
    45      -41.0876     1.3497      0.0109   0.0017   71.81     47    Success 
    46      -41.0913     1.8975      0.0036   0.0011   74.16     49    Success 
    47      -41.0975     1.4657      0.0062   0.0011   78.74     50    Success 
    48      -41.1060     0.5795      0.0085   0.0023   77.88     51    Success 
    49      -41.1084     0.4125      0.0024   0.0014   73.37     52    Success 
    50      -41.1088     0.5534      0.0004   0.0003   70.78     54    Success 
    51      -41.1095     0.4249      0.0006   0.0003   73.12     55    Success 
    52      -41.1104     0.2834      0.0009   0.0004   66.12     56    Success 
    53      -41.1113     0.2956      0.0009   0.0005   60.29     57    Success 
    54      -41.1118     0.4839      0.0006   0.0006   66.73     58    Success 
    55      -41.1125     0.3239      0.0007   0.0003   68.40     59    Success 
    56      -41.1132     0.3158      0.0007   0.0004   65.75     60    Success 
    57      -41.1140     0.2812      0.0008   0.0006   70.56     61    Success 
    58      -41.1145     0.5823      0.0005   0.0009   71.91     62    Success 
    59      -41.1151     0.2748      0.0006   0.0004   76.41     63    Success 
    60      -41.1155     0.2470      0.0004   0.0002   56.21     64    Success 
    61      -41.1160     0.3161      0.0005   0.0004   66.11     65    Success 
    62      -41.1165     0.4471      0.0005   0.0006   74.99     66    Success 
    63      -41.1171     0.2502      0.0006   0.0006   79.92     67    Success 
    64      -41.1176     0.2097      0.0005   0.0006   73.96     68    Success 
    65      -41.1178     0.3691      0.0002   0.0005   73.59     69    Success 
    66      -41.1180     0.2239      0.0002   0.0001   68.66     70    Success 
    67      -41.1183     0.1887      0.0003   0.0002   62.28     71    Success 
    68      -41.1186     0.1962      0.0002   0.0003   71.24     72    Success 
    69      -41.1187     0.3654      0.0001   0.0004   73.77     73    Success 
    70      -41.1189     0.1617      0.0002   0.0002   80.15     74    Success 
    71      -41.1190     0.1349      0.0001   0.0002   71.18     75    Success 
    72      -41.1191     0.1687      0.0001   0.0002   71.01     76    Success 
    73      -41.1192     0.1683      0.0001   0.0003   76.51     77    Success 
    74      -41.1194     0.2560      0.0001   0.0004   76.97     78    Success 
    75      -41.1195     0.2326      0.0001   0.0003   78.35     79    Success 
    76      -41.1196     0.1101      0.0001   0.0001   66.76     80    Success 
    77      -41.1196     0.0929      0.0000   0.0001   62.19     81   SmallGrad

 LBFGS  --  Normal Termination due to SmallGrad

 Final Function Value :          -41.1196
 Final RMS Gradient :              0.0929
 Final Gradient Norm :             0.3940
