
     ######################################################################
   ##########################################################################
  ###                                                                      ###
 ###            Tinker  ---  Software Tools for Molecular Design            ###
 ##                                                                          ##
 ##                          Version 8.7  June 2019                          ##
 ##                                                                          ##
 ##               Copyright (c)  Jay William Ponder  1990-2019               ##
 ###                           All Rights Reserved                          ###
  ###                                                                      ###
   ##########################################################################
     ######################################################################


 Additional Atom Definition Parameters :

     Type  Class  Symbol  Description               Atomic    Mass   Valence

     406    406     C     ModifiedRes                  6     12.011     3
     413    413     O     ModifiedRes                  8     15.999     1
     403    403     N     ModifiedRes                  7     14.007     3
     412    412     H     ModifiedRes                  1      1.008     1
     401    401     C     ModifiedRes                  6     12.011     4
     410    410     H     ModifiedRes                  1      1.008     1
     404    404     C     ModifiedRes                  6     12.011     3
     411    411     O     ModifiedRes                  8     15.999     1
     409    409     H     ModifiedRes                  1      1.008     1
     402    402     C     ModifiedRes                  6     12.011     4
     407    407     S     ModifiedRes                 16     32.066     2
     408    408     C     ModifiedRes                  6     12.011     2
     416    416     N     ModifiedRes                  7     14.007     1
     405    405     N     ModifiedRes                  7     14.007     3
     414    414     H     ModifiedRes                  1      1.008     1
     415    415     H     ModifiedRes                  1      1.008     1

 Additional Bond Stretching Parameters :

     Atom Classes             K(S)         Length

       406 413             705.000         1.2330
       403 406             482.000         1.3610
       406 414             356.400         1.1017
       401 403             374.800         1.4590
       403 412             542.000         1.0150
       401 410             341.000         1.0957
       401 404             345.300         1.5387
       401 402             345.300         1.5181
       404 405             482.000         1.3572
       404 411             705.000         1.2314
       402 409             395.500         1.0914
       402 407             235.800         1.8318
       407 408             235.800         1.6971
       408 416             450.000         1.1861
       405 415             542.000         1.0125

 Additional Angle Bending Parameters :

     Atom Classes             K(B)          Angle

     401 403 406            50.000        121.357
     403 406 413            60.000        124.095
     401 403 412            35.000        118.957
     406 403 412            35.000        118.832
     401 404 405            70.000        113.359
     401 404 411            80.000        121.701
     401 402 407            53.200        108.206
     404 401 410            38.000        109.342
     402 401 410            38.000        110.341
     403 401 410            50.600        106.305
     402 401 404            60.000        109.453
     403 401 404            80.000        110.692
     409 402 409            39.570        108.418
     401 402 409            42.440        109.525
     407 402 409            60.240        109.529
     402 401 403            80.000        110.663
     402 407 408            60.430         97.777
     407 408 416            60.000        178.380
     405 404 411            60.000        124.940
     413 406 414            68.340        122.633
     403 406 414            31.650        113.262
     415 405 415            22.300        119.367
     404 405 415            35.000        117.504

 Additional Stretch-Bend Parameters :

     Atom Classes          K(SB)-1        K(SB)-2

     401 403 406             7.200          7.200
     401 403 412             4.300          7.200
     406 403 412             4.300          7.200
     401 404 405            18.700         18.700
     401 402 407            18.700         18.700
     404 401 410            11.500         18.700
     402 401 410            11.500         18.700
     403 401 410            11.500         11.500
     402 401 404            18.700         18.700
     403 401 404            18.700         18.700
     401 402 409            11.500         11.500
     407 402 409            11.500         11.500
     402 401 403            18.700         18.700
     402 407 408            -5.750         -5.750
     403 406 414            11.500         11.500
     404 405 415             4.300          7.200
     415 405 415             4.300          7.200
     401 404 411            18.700         18.700
     413 406 414            11.500         11.500

 Additional Out-of-Plane Bend Parameters :

     Atom Classes                   K(OPB)

     401 403   0   0                14.400
     401 404   0   0                14.400
     403 406   0   0               107.910
     404 405   0   0                71.940
     405 404   0   0               107.910
     406 403   0   0                71.940
     411 404   0   0               122.298
     412 403   0   0                 5.755
     413 406   0   0               122.298
     414 406   0   0               140.283
     415 405   0   0                 5.755

 Additional Torsional Parameters :

     Atom Classes     1-Fold    2-Fold    3-Fold    4-Fold    5-Fold    6-Fold

   410 401 403 406   0.00   0  0.00 180  0.00   0  0.00   0  0.00   0  0.00   0
   404 401 403 406   0.00   0  0.00 180  0.00   0  0.00   0  0.00   0  0.00   0
   402 401 403 406   0.00   0  0.00 180  0.00   0  0.00   0  0.00   0  0.00   0
   401 403 406 413   1.00   0  2.25 180 -2.25   0  0.00   0  0.00   0  0.00   0
   412 403 406 413   0.00   0 -0.66 180 -0.36   0  0.00   0  0.00   0  0.00   0
   403 401 404 405   0.00   0  0.00 180  0.00   0  0.00   0  0.00   0  0.00   0
   403 401 404 411   0.00   0  0.00 180  0.00   0  0.00   0  0.00   0  0.00   0
   403 401 402 409   0.00   0  0.00 180  0.00   0  0.00   0  0.00   0  0.00   0
   403 401 402 407   0.00   0  0.00 180  0.00   0  0.00   0  0.00   0  0.00   0
   410 401 403 412   0.00   0  0.00 180  0.00   0  0.00   0  0.00   0  0.00   0
   404 401 403 412   0.00   0  0.00 180  0.00   0  0.00   0  0.00   0  0.00   0
   402 401 403 412   0.00   0  0.00 180  0.00   0  0.00   0  0.00   0  0.00   0
   412 403 406 414   0.00   0  0.50 180  0.35   0  0.00   0  0.00   0  0.00   0
   401 404 405 415   0.00   0  1.20 180  0.80   0  0.00   0  0.00   0  0.00   0
   401 402 407 408   0.00   0  0.00 180  0.00   0  0.00   0  0.00   0  0.00   0
   401 403 406 414   0.00   0  2.25 180  0.00   0  0.00   0  0.00   0  0.00   0
   410 401 404 405   0.00   0  0.00 180  0.00   0  0.00   0  0.00   0  0.00   0
   410 401 404 411   0.00   0  0.00 180  0.00   0  0.00   0  0.00   0  0.00   0
   410 401 402 409   0.00   0  0.00 180  0.00   0  0.00   0  0.00   0  0.00   0
   410 401 402 407   0.00   0  0.00 180  0.00   0  0.00   0  0.00   0  0.00   0
   404 401 402 409   0.00   0  0.00 180  0.00   0  0.00   0  0.00   0  0.00   0
   404 401 402 407   0.00   0  0.00 180  0.00   0  0.00   0  0.00   0  0.00   0
   411 404 405 415   0.00   0 -0.66 180 -0.36   0  0.00   0  0.00   0  0.00   0
   402 401 404 411   0.00   0  0.00 180  0.00   0  0.00   0  0.00   0  0.00   0
   409 402 407 408   0.00   0  0.00 180  0.00   0  0.00   0  0.00   0  0.00   0
   402 401 404 405   0.00   0  0.00 180  0.00   0  0.00   0  0.00   0  0.00   0
   402 407 408 416   0.00   0  0.00 180  0.50   0  0.00   0  0.00   0  0.00   0

 Additional Pi-Orbital Torsion Parameters :

     Atom Classes       2-Fold

       403 406           6.850
       404 405           6.850

 Additional van der Waals Parameters :

     Atom Class               Size        Epsilon        Reduction

         406                3.8200         0.1060          0.000
         413                3.3000         0.1120          0.000
         403                3.7100         0.1100          0.000
         412                2.5900         0.0220          0.900
         401                3.6500         0.1010          0.000
         410                2.8800         0.0240          0.910
         404                3.8200         0.1060          0.000
         411                3.3000         0.1120          0.000
         409                2.8700         0.0330          0.900
         402                3.7800         0.1060          0.000
         407                4.0050         0.3550          0.000
         408                3.7800         0.1060          0.000
         416                3.7100         0.1050          0.000
         405                3.7100         0.1100          0.000
         414                2.9200         0.0300          0.920
         415                2.5900         0.0220          0.900

 Additional Atomic Multipole Parameters :

     Atom Type     Coordinate Frame Definition         Multipole Moments

         401      402    403      0   Z-then-X    -0.27036
                                                   0.50333  0.00000  0.35496
                                                   0.60618
                                                   0.00000 -0.85704
                                                  -0.17941  0.00000  0.25086

         402      401    407      0   Z-then-X    -0.16378
                                                   0.27783  0.00000  0.40620
                                                  -0.16704
                                                   0.00000 -0.37723
                                                  -0.32619  0.00000  0.54427

         403      401    406      0   Z-then-X    -0.06291
                                                  -0.05963  0.00000  0.51258
                                                  -0.02622
                                                   0.00000 -1.06994
                                                  -0.25799  0.00000  1.09616

         404      401    405      0   Z-then-X     0.97419
                                                  -0.17493  0.00000  0.24114
                                                   0.31865
                                                   0.00000 -0.36761
                                                  -0.16585  0.00000  0.04896

         405      404    401      0   Z-then-X    -0.32381
                                                  -0.07740  0.00000  0.07140
                                                   0.49023
                                                   0.00000 -0.50247
                                                  -0.10308  0.00000  0.01224

         406      403    413      0   Z-then-X     0.63074
                                                   0.38274  0.00000  0.13596
                                                   0.04373
                                                   0.00000  0.01951
                                                   0.00235  0.00000 -0.06324

         407      402    401      0   Z-then-X     0.34016
                                                  -0.07527  0.00000  0.43821
                                                   0.17590
                                                   0.00000 -1.99142
                                                   0.51063  0.00000  1.81552

         408      407    402      0   Z-then-X     0.21607
                                                  -0.24565  0.00000 -0.65647
                                                   0.36522
                                                   0.00000  0.54677
                                                  -0.15483  0.00000 -0.91199

         409      402    401      0   Z-then-X     0.09934
                                                   0.05478  0.00000 -0.15869
                                                   0.10976
                                                   0.00000  0.23220
                                                   0.09980  0.00000 -0.34196

         410      401    402      0   Z-then-X     0.10719
                                                  -0.04599  0.00000  0.06642
                                                  -0.13850
                                                   0.00000 -0.08710
                                                  -0.12540  0.00000  0.22560

         411      404    401      0   Z-then-X    -0.77611
                                                  -0.20983  0.00000 -0.17915
                                                  -0.60127
                                                   0.00000  0.28309
                                                  -0.27939  0.00000  0.31818

         412      403    401      0   Z-then-X     0.11914
                                                   0.07060  0.00000 -0.12959
                                                   0.03994
                                                   0.00000  0.03762
                                                   0.23614  0.00000 -0.07756

         413      406    403      0   Z-then-X    -0.66614
                                                  -0.16152  0.00000 -0.04686
                                                  -0.50404
                                                   0.00000  0.14208
                                                  -0.21323  0.00000  0.36196

         414      406    403      0   Z-then-X    -0.02624
                                                  -0.04928  0.00000 -0.17449
                                                   0.09856
                                                   0.00000  0.02319
                                                  -0.01890  0.00000 -0.12175

         415      405    404      0   Z-then-X     0.13249
                                                  -0.04544  0.00000 -0.32452
                                                   0.19801
                                                   0.00000  0.14298
                                                  -0.00600  0.00000 -0.34099

         416      408    407      0   Z-then-X    -0.56180
                                                  -0.12235  0.00000 -0.22875
                                                   0.29155
                                                   0.00000  0.13098
                                                  -0.22483  0.00000 -0.42253

 Additional Atomic Dipole Polarizability Parameters :

     Atom Type           Alpha       Thole     Group Atom Types

         406             1.334       0.390         413  403  414
         413             0.837       0.390         406
         403             1.073       0.390         406  412
         412             0.496       0.390         403
         401             1.334       0.390         410  404
         410             0.496       0.390         401
         404             1.334       0.390         401  411  405
         411             0.837       0.390         404
         409             0.496       0.390         402
         402             1.334       0.390         409
         407             3.300       0.390         408
         408             1.334       0.390         407  416
         416             1.073       0.390         408
         405             1.073       0.390         404  415
         414             0.494       0.390         406
         415             0.496       0.390         405

 Limited Memory BFGS Quasi-Newton Optimization :

 QN Iter     F Value      G RMS      F Move   X Move   Angle  FG Call  Comment

     0     2671.1771   947.0520                                   1
     1     1468.1060   518.5768   1203.0711   0.0982    0.00      2    Success 
     2      805.7154   339.7745    662.3906   0.0982    5.41      3    Success 
     3      418.5003   300.8641    387.2151   0.0982   18.88      4    Success 
     4      272.6868   313.7746    145.8136   0.0982   44.74      5    Success 
     5      199.8836   128.3421     72.8032   0.0259   34.29      6    Success 
     6      170.6205   114.4948     29.2630   0.0188   30.82      7    Success 
     7      128.0996    85.9291     42.5210   0.0388   42.97      8    Success 
     8       95.0342   100.6893     33.0654   0.0613   48.37      9    Success 
     9       85.6257   143.4470      9.4084   0.0506   59.24     10    Success 
    10       72.1498    67.2795     13.4759   0.0093   38.05     11    Success 
    11       61.7647    46.2304     10.3851   0.0163   42.78     12    Success 
    12       52.0378    60.8307      9.7269   0.0277   54.35     13    Success 
    13       39.0565    60.0801     12.9813   0.0400   66.09     14    Success 
    14       25.3727    84.0607     13.6838   0.0731   70.82     15    Success 
    15       11.3127    58.3775     14.0600   0.0592   72.21     16    Success 
    16        3.2760    51.3267      8.0367   0.0280   69.28     17    Success 
    17       -5.7341    36.0539      9.0101   0.0562   71.96     18    Success 
    18       -8.5511    51.9015      2.8170   0.0210   54.25     19    Success 
    19      -11.7458    24.6355      3.1947   0.0070   46.93     20    Success 
    20      -14.1340    21.2392      2.3882   0.0193   66.37     21    Success 
    21      -16.0771    23.3256      1.9431   0.0219   72.13     22    Success 
    22      -19.1644    22.5581      3.0873   0.0300   72.02     23    Success 
    23      -23.5181    21.0691      4.3538   0.0496   72.14     24    Success 
    24      -26.0174    39.3740      2.4992   0.0703   71.87     25    Success 
    25      -29.0027    18.3093      2.9853   0.0119   53.51     26    Success 
    26      -30.4590    15.3251      1.4563   0.0101   54.63     27    Success 
    27      -32.2029    17.4846      1.7439   0.0272   68.17     28    Success 
    28      -32.9026    20.2977      0.6998   0.0197   76.99     30    Success 
    29      -33.6998    11.9027      0.7972   0.0133   77.06     31    Success 
    30      -34.3468     8.9803      0.6470   0.0147   71.83     32    Success 
    31      -34.7969     8.3714      0.4501   0.0095   67.60     33    Success 
    32      -35.2808    11.9244      0.4839   0.0175   70.02     34    Success 
    33      -35.5897    14.6001      0.3088   0.0150   72.45     35    Success 
    34      -35.8378     6.2051      0.2482   0.0028   61.47     36    Success 
    35      -35.9677     4.3036      0.1299   0.0032   56.13     37    Success 
    36      -36.0577     4.5350      0.0900   0.0036   66.98     38    Success 
    37      -36.2053     4.8374      0.1476   0.0051   64.39     39    Success 
    38      -36.3429     8.0495      0.1376   0.0089   67.71     40    Success 
    39      -36.4845     3.5298      0.1416   0.0081   77.39     41    Success 
    40      -36.5363     3.0256      0.0518   0.0034   70.73     42    Success 
    41      -36.6177     3.0109      0.0813   0.0032   53.17     43    Success 
    42      -36.7323     4.2842      0.1147   0.0061   60.46     44    Success 
    43      -36.8378     4.8825      0.1055   0.0104   73.44     45    Success 
    44      -36.9238     4.1140      0.0860   0.0062   74.34     46    Success 
    45      -36.9880     3.2287      0.0642   0.0040   73.86     47    Success 
    46      -37.0767     2.9651      0.0887   0.0069   71.30     48    Success 
    47      -37.1578     4.8988      0.0811   0.0090   69.46     49    Success 
    48      -37.2296     2.8651      0.0719   0.0052   77.86     50    Success 
    49      -37.3083     2.9189      0.0787   0.0073   71.80     51    Success 
    50      -37.3500     6.2058      0.0417   0.0070   74.64     52    Success 
    51      -37.3997     3.1784      0.0497   0.0032   78.65     53    Success 
    52      -37.4414     1.9461      0.0418   0.0032   70.20     54    Success 
    53      -37.4634     1.4986      0.0220   0.0029   71.00     55    Success 
    54      -37.4810     1.1263      0.0175   0.0023   67.80     56    Success 
    55      -37.4999     1.2627      0.0189   0.0031   62.05     57    Success 
    56      -37.5067     2.0312      0.0068   0.0017   69.45     59    Success 
    57      -37.5141     0.8107      0.0074   0.0013   75.19     60    Success 
    58      -37.5170     0.6283      0.0029   0.0006   59.80     61    Success 
    59      -37.5210     0.7689      0.0040   0.0008   54.14     62    Success 
    60      -37.5255     0.9841      0.0045   0.0017   70.83     63    Success 
    61      -37.5287     0.9776      0.0032   0.0018   77.23     64    Success 
    62      -37.5313     0.5348      0.0026   0.0008   74.59     65    Success 
    63      -37.5335     0.4619      0.0023   0.0008   65.18     66    Success 
    64      -37.5357     0.5195      0.0022   0.0008   63.82     67    Success 
    65      -37.5370     1.0862      0.0013   0.0013   68.60     68    Success 
    66      -37.5388     0.5368      0.0018   0.0004   71.98     69    Success 
    67      -37.5399     0.3579      0.0011   0.0004   66.61     70    Success 
    68      -37.5408     0.4263      0.0009   0.0005   67.08     71    Success 
    69      -37.5421     0.4608      0.0013   0.0007   70.29     72    Success 
    70      -37.5430     0.6494      0.0008   0.0013   75.51     73    Success 
    71      -37.5439     0.2664      0.0009   0.0002   59.84     74    Success 
    72      -37.5444     0.3151      0.0006   0.0002   48.96     75    Success 
    73      -37.5452     0.4148      0.0007   0.0005   67.07     76    Success 
    74      -37.5455     0.5899      0.0004   0.0004   74.84     78    Success 
    75      -37.5460     0.3155      0.0005   0.0005   81.32     79    Success 
    76      -37.5464     0.1918      0.0004   0.0004   76.81     80    Success 
    77      -37.5466     0.2098      0.0002   0.0003   69.92     81    Success 
    78      -37.5470     0.2042      0.0003   0.0003   68.72     82    Success 
    79      -37.5471     0.3394      0.0001   0.0002   70.23     84    Success 
    80      -37.5472     0.2438      0.0002   0.0001   77.37     85    Success 
    81      -37.5475     0.1391      0.0002   0.0003   73.78     86    Success 
    82      -37.5476     0.1462      0.0002   0.0003   68.09     87    Success 
    83      -37.5478     0.1648      0.0002   0.0003   70.90     88    Success 
    84      -37.5479     0.1900      0.0001   0.0002   73.50     90    Success 
    85      -37.5479     0.1006      0.0001   0.0001   71.99     91    Success 
    86      -37.5480     0.0780      0.0001   0.0001   60.52     92   SmallGrad

 LBFGS  --  Normal Termination due to SmallGrad

 Final Function Value :          -37.5480
 Final RMS Gradient :              0.0780
 Final Gradient Norm :             0.3308
