
     ######################################################################
   ##########################################################################
  ###                                                                      ###
 ###            Tinker  ---  Software Tools for Molecular Design            ###
 ##                                                                          ##
 ##                          Version 8.7  June 2019                          ##
 ##                                                                          ##
 ##               Copyright (c)  Jay William Ponder  1990-2019               ##
 ###                           All Rights Reserved                          ###
  ###                                                                      ###
   ##########################################################################
     ######################################################################


 Additional Atom Definition Parameters :

     Type  Class  Symbol  Description               Atomic    Mass   Valence

     406    406     C     ModifiedRes                  6     12.011     3
     413    413     O     ModifiedRes                  8     15.999     1
     403    403     N     ModifiedRes                  7     14.007     3
     412    412     H     ModifiedRes                  1      1.008     1
     401    401     C     ModifiedRes                  6     12.011     4
     410    410     H     ModifiedRes                  1      1.008     1
     404    404     C     ModifiedRes                  6     12.011     3
     411    411     O     ModifiedRes                  8     15.999     1
     409    409     H     ModifiedRes                  1      1.008     1
     402    402     C     ModifiedRes                  6     12.011     4
     407    407     S     ModifiedRes                 16     32.066     2
     408    408     C     ModifiedRes                  6     12.011     2
     416    416     N     ModifiedRes                  7     14.007     1
     405    405     N     ModifiedRes                  7     14.007     3
     414    414     H     ModifiedRes                  1      1.008     1
     415    415     H     ModifiedRes                  1      1.008     1

 Additional Bond Stretching Parameters :

     Atom Classes             K(S)         Length

       406 413             705.000         1.2330
       403 406             482.000         1.3610
       406 414             356.400         1.1017
       401 403             374.800         1.4590
       403 412             542.000         1.0150
       401 410             341.000         1.0957
       401 404             345.300         1.5387
       401 402             345.300         1.5181
       404 405             482.000         1.3572
       404 411             705.000         1.2314
       402 409             395.500         1.0914
       402 407             235.800         1.8318
       407 408             235.800         1.6971
       408 416             450.000         1.1861
       405 415             542.000         1.0125

 Additional Angle Bending Parameters :

     Atom Classes             K(B)          Angle

     401 403 406            50.000        121.357
     403 406 413            60.000        124.095
     401 403 412            35.000        118.957
     406 403 412            35.000        118.832
     401 404 405            70.000        113.359
     401 404 411            80.000        121.701
     401 402 407            53.200        108.206
     404 401 410            38.000        109.342
     402 401 410            38.000        110.341
     403 401 410            50.600        106.305
     402 401 404            60.000        109.453
     403 401 404            80.000        110.692
     409 402 409            39.570        108.418
     401 402 409            42.440        109.525
     407 402 409            60.240        109.529
     402 401 403            80.000        110.663
     402 407 408            60.430         97.777
     407 408 416            60.000        178.380
     405 404 411            60.000        124.940
     413 406 414            68.340        122.633
     403 406 414            31.650        113.262
     415 405 415            22.300        119.367
     404 405 415            35.000        117.504

 Additional Stretch-Bend Parameters :

     Atom Classes          K(SB)-1        K(SB)-2

     401 403 406             7.200          7.200
     401 403 412             4.300          7.200
     406 403 412             4.300          7.200
     401 404 405            18.700         18.700
     401 402 407            18.700         18.700
     404 401 410            11.500         18.700
     402 401 410            11.500         18.700
     403 401 410            11.500         11.500
     402 401 404            18.700         18.700
     403 401 404            18.700         18.700
     401 402 409            11.500         11.500
     407 402 409            11.500         11.500
     402 401 403            18.700         18.700
     402 407 408            -5.750         -5.750
     403 406 414            11.500         11.500
     404 405 415             4.300          7.200
     415 405 415             4.300          7.200
     401 404 411            18.700         18.700
     413 406 414            11.500         11.500

 Additional Out-of-Plane Bend Parameters :

     Atom Classes                   K(OPB)

     401 403   0   0                14.400
     401 404   0   0                14.400
     403 406   0   0               107.910
     404 405   0   0                71.940
     405 404   0   0               107.910
     406 403   0   0                71.940
     411 404   0   0               122.298
     412 403   0   0                 5.755
     413 406   0   0               122.298
     414 406   0   0               140.283
     415 405   0   0                 5.755

 Additional Torsional Parameters :

     Atom Classes     1-Fold    2-Fold    3-Fold    4-Fold    5-Fold    6-Fold

   410 401 403 406   0.00   0  0.00 180  0.00   0  0.00   0  0.00   0  0.00   0
   404 401 403 406   0.00   0  0.00 180  0.00   0  0.00   0  0.00   0  0.00   0
   402 401 403 406   0.00   0  0.00 180  0.00   0  0.00   0  0.00   0  0.00   0
   401 403 406 413   1.00   0  2.25 180 -2.25   0  0.00   0  0.00   0  0.00   0
   412 403 406 413   0.00   0 -0.66 180 -0.36   0  0.00   0  0.00   0  0.00   0
   403 401 404 405   0.00   0  0.00 180  0.00   0  0.00   0  0.00   0  0.00   0
   403 401 404 411   0.00   0  0.00 180  0.00   0  0.00   0  0.00   0  0.00   0
   403 401 402 409   0.00   0  0.00 180  0.00   0  0.00   0  0.00   0  0.00   0
   403 401 402 407   0.00   0  0.00 180  0.00   0  0.00   0  0.00   0  0.00   0
   410 401 403 412   0.00   0  0.00 180  0.00   0  0.00   0  0.00   0  0.00   0
   404 401 403 412   0.00   0  0.00 180  0.00   0  0.00   0  0.00   0  0.00   0
   402 401 403 412   0.00   0  0.00 180  0.00   0  0.00   0  0.00   0  0.00   0
   412 403 406 414   0.00   0  0.50 180  0.35   0  0.00   0  0.00   0  0.00   0
   401 404 405 415   0.00   0  1.20 180  0.80   0  0.00   0  0.00   0  0.00   0
   401 402 407 408   0.00   0  0.00 180  0.00   0  0.00   0  0.00   0  0.00   0
   401 403 406 414   0.00   0  2.25 180  0.00   0  0.00   0  0.00   0  0.00   0
   410 401 404 405   0.00   0  0.00 180  0.00   0  0.00   0  0.00   0  0.00   0
   410 401 404 411   0.00   0  0.00 180  0.00   0  0.00   0  0.00   0  0.00   0
   410 401 402 409   0.00   0  0.00 180  0.00   0  0.00   0  0.00   0  0.00   0
   410 401 402 407   0.00   0  0.00 180  0.00   0  0.00   0  0.00   0  0.00   0
   404 401 402 409   0.00   0  0.00 180  0.00   0  0.00   0  0.00   0  0.00   0
   404 401 402 407   0.00   0  0.00 180  0.00   0  0.00   0  0.00   0  0.00   0
   411 404 405 415   0.00   0 -0.66 180 -0.36   0  0.00   0  0.00   0  0.00   0
   402 401 404 411   0.00   0  0.00 180  0.00   0  0.00   0  0.00   0  0.00   0
   409 402 407 408   0.00   0  0.00 180  0.00   0  0.00   0  0.00   0  0.00   0
   402 401 404 405   0.00   0  0.00 180  0.00   0  0.00   0  0.00   0  0.00   0
   402 407 408 416   0.00   0  0.00 180  0.50   0  0.00   0  0.00   0  0.00   0

 Additional Pi-Orbital Torsion Parameters :

     Atom Classes       2-Fold

       403 406           6.850
       404 405           6.850

 Additional van der Waals Parameters :

     Atom Class               Size        Epsilon        Reduction

         406                3.8200         0.1060          0.000
         413                3.3000         0.1120          0.000
         403                3.7100         0.1100          0.000
         412                2.5900         0.0220          0.900
         401                3.6500         0.1010          0.000
         410                2.8800         0.0240          0.910
         404                3.8200         0.1060          0.000
         411                3.3000         0.1120          0.000
         409                2.8700         0.0330          0.900
         402                3.7800         0.1060          0.000
         407                4.0050         0.3550          0.000
         408                3.7800         0.1060          0.000
         416                3.7100         0.1050          0.000
         405                3.7100         0.1100          0.000
         414                2.9200         0.0300          0.920
         415                2.5900         0.0220          0.900

 Additional Atomic Multipole Parameters :

     Atom Type     Coordinate Frame Definition         Multipole Moments

         401      402    403      0   Z-then-X    -0.27036
                                                   0.50333  0.00000  0.35496
                                                   0.60618
                                                   0.00000 -0.85704
                                                  -0.17941  0.00000  0.25086

         402      401    407      0   Z-then-X    -0.16378
                                                   0.27783  0.00000  0.40620
                                                  -0.16704
                                                   0.00000 -0.37723
                                                  -0.32619  0.00000  0.54427

         403      401    406      0   Z-then-X    -0.06291
                                                  -0.05963  0.00000  0.51258
                                                  -0.02622
                                                   0.00000 -1.06994
                                                  -0.25799  0.00000  1.09616

         404      401    405      0   Z-then-X     0.97419
                                                  -0.17493  0.00000  0.24114
                                                   0.31865
                                                   0.00000 -0.36761
                                                  -0.16585  0.00000  0.04896

         405      404    401      0   Z-then-X    -0.32381
                                                  -0.07740  0.00000  0.07140
                                                   0.49023
                                                   0.00000 -0.50247
                                                  -0.10308  0.00000  0.01224

         406      403    413      0   Z-then-X     0.63074
                                                   0.38274  0.00000  0.13596
                                                   0.04373
                                                   0.00000  0.01951
                                                   0.00235  0.00000 -0.06324

         407      402    401      0   Z-then-X     0.34016
                                                  -0.07527  0.00000  0.43821
                                                   0.17590
                                                   0.00000 -1.99142
                                                   0.51063  0.00000  1.81552

         408      407    402      0   Z-then-X     0.21607
                                                  -0.24565  0.00000 -0.65647
                                                   0.36522
                                                   0.00000  0.54677
                                                  -0.15483  0.00000 -0.91199

         409      402    401      0   Z-then-X     0.09934
                                                   0.05478  0.00000 -0.15869
                                                   0.10976
                                                   0.00000  0.23220
                                                   0.09980  0.00000 -0.34196

         410      401    402      0   Z-then-X     0.10719
                                                  -0.04599  0.00000  0.06642
                                                  -0.13850
                                                   0.00000 -0.08710
                                                  -0.12540  0.00000  0.22560

         411      404    401      0   Z-then-X    -0.77611
                                                  -0.20983  0.00000 -0.17915
                                                  -0.60127
                                                   0.00000  0.28309
                                                  -0.27939  0.00000  0.31818

         412      403    401      0   Z-then-X     0.11914
                                                   0.07060  0.00000 -0.12959
                                                   0.03994
                                                   0.00000  0.03762
                                                   0.23614  0.00000 -0.07756

         413      406    403      0   Z-then-X    -0.66614
                                                  -0.16152  0.00000 -0.04686
                                                  -0.50404
                                                   0.00000  0.14208
                                                  -0.21323  0.00000  0.36196

         414      406    403      0   Z-then-X    -0.02624
                                                  -0.04928  0.00000 -0.17449
                                                   0.09856
                                                   0.00000  0.02319
                                                  -0.01890  0.00000 -0.12175

         415      405    404      0   Z-then-X     0.13249
                                                  -0.04544  0.00000 -0.32452
                                                   0.19801
                                                   0.00000  0.14298
                                                  -0.00600  0.00000 -0.34099

         416      408    407      0   Z-then-X    -0.56180
                                                  -0.12235  0.00000 -0.22875
                                                   0.29155
                                                   0.00000  0.13098
                                                  -0.22483  0.00000 -0.42253

 Additional Atomic Dipole Polarizability Parameters :

     Atom Type           Alpha       Thole     Group Atom Types

         406             1.334       0.390         413  403  414
         413             0.837       0.390         406
         403             1.073       0.390         406  412
         412             0.496       0.390         403
         401             1.334       0.390         410  404
         410             0.496       0.390         401
         404             1.334       0.390         401  411  405
         411             0.837       0.390         404
         409             0.496       0.390         402
         402             1.334       0.390         409
         407             3.300       0.390         408
         408             1.334       0.390         407  416
         416             1.073       0.390         408
         405             1.073       0.390         404  415
         414             0.494       0.390         406
         415             0.496       0.390         405

 Limited Memory BFGS Quasi-Newton Optimization :

 QN Iter     F Value      G RMS      F Move   X Move   Angle  FG Call  Comment

     0      -38.0719     6.9154                                   1
     1      -38.2601    10.9511      0.1882   0.0031    0.00      3    Success 
     2      -38.4663     7.0855      0.2062   0.0025   57.11      4    Success 
     3      -38.6793     5.6701      0.2130   0.0054   54.14      5    Success 
     4      -38.7800     6.4149      0.1007   0.0031   56.39      6    Success 
     5      -38.8644     4.8447      0.0844   0.0022   64.20      7    Success 
     6      -38.9512     6.4013      0.0868   0.0039   60.21      8    Success 
     7      -39.0257     4.9501      0.0744   0.0025   67.97      9    Success 
     8      -39.1055     5.3167      0.0799   0.0029   67.47     10    Success 
     9      -39.2106     5.4326      0.1051   0.0051   70.71     11    Success 
    10      -39.2518     4.3219      0.0412   0.0029   73.23     13    Success 
    11      -39.2797     2.4090      0.0279   0.0016   71.39     14    Success 
    12      -39.3038     2.6522      0.0241   0.0013   57.40     15    Success 
    13      -39.3406     3.6872      0.0368   0.0023   64.26     16    Success 
    14      -39.3964     3.8788      0.0558   0.0040   73.85     17    Success 
    15      -39.4773     4.0151      0.0809   0.0066   75.90     18    Success 
    16      -39.5000     6.2816      0.0227   0.0102   77.28     19    Success 
    17      -39.5375     4.2665      0.0375   0.0005   40.77     20    Success 
    18      -39.5745     1.2122      0.0370   0.0016   56.30     21    Success 
    19      -39.5790     0.9787      0.0045   0.0004   51.86     22    Success 
    20      -39.5856     1.0770      0.0065   0.0009   55.19     23    Success 
    21      -39.5926     1.5125      0.0070   0.0013   69.39     24    Success 
    22      -39.6035     1.8164      0.0109   0.0021   75.48     25    Success 
    23      -39.6162     2.3252      0.0128   0.0032   78.01     26    Success 
    24      -39.6225     2.1742      0.0063   0.0035   79.92     27    Success 
    25      -39.6296     0.7762      0.0071   0.0012   76.28     28    Success 
    26      -39.6322     0.8243      0.0026   0.0005   63.64     29    Success 
    27      -39.6366     1.0048      0.0044   0.0006   52.71     30    Success 
    28      -39.6435     1.2046      0.0069   0.0012   66.96     31    Success 
    29      -39.6513     1.6991      0.0077   0.0024   74.78     32    Success 
    30      -39.6581     0.9921      0.0068   0.0029   82.85     33    Success 
    31      -39.6621     0.9599      0.0040   0.0017   79.36     34    Success 
    32      -39.6665     1.1690      0.0044   0.0023   79.01     35    Success 
    33      -39.6702     1.0646      0.0037   0.0010   74.53     36    Success 
    34      -39.6746     0.9781      0.0044   0.0009   70.54     37    Success 
    35      -39.6799     0.9908      0.0053   0.0017   73.21     38    Success 
    36      -39.6834     0.7241      0.0035   0.0011   74.78     39    Success 
    37      -39.6868     0.6067      0.0035   0.0013   74.24     40    Success 
    38      -39.6883     1.2256      0.0015   0.0023   74.12     41    Success 
    39      -39.6904     0.5125      0.0021   0.0002   50.76     42    Success 
    40      -39.6913     0.3180      0.0009   0.0003   57.44     43    Success 
    41      -39.6920     0.3568      0.0007   0.0003   58.37     44    Success 
    42      -39.6930     0.3855      0.0011   0.0005   66.98     45    Success 
    43      -39.6944     0.6444      0.0013   0.0009   68.62     46    Success 
    44      -39.6959     0.4768      0.0015   0.0014   80.20     47    Success 
    45      -39.6967     0.6090      0.0007   0.0007   76.35     48    Success 
    46      -39.6973     0.3587      0.0006   0.0004   76.61     49    Success 
    47      -39.6977     0.2601      0.0004   0.0002   62.98     50    Success 
    48      -39.6982     0.2048      0.0004   0.0003   61.37     51    Success 
    49      -39.6987     0.3553      0.0005   0.0005   62.31     52    Success 
    50      -39.6991     0.3050      0.0004   0.0006   78.36     53    Success 
    51      -39.6994     0.1960      0.0003   0.0002   69.32     54    Success 
    52      -39.6997     0.2053      0.0003   0.0003   62.86     55    Success 
    53      -39.6998     0.2806      0.0001   0.0002   69.15     57    Success 
    54      -39.6999     0.1750      0.0001   0.0002   77.26     58    Success 
    55      -39.7001     0.1215      0.0001   0.0002   71.05     59    Success 
    56      -39.7002     0.1449      0.0001   0.0002   66.18     60    Success 
    57      -39.7003     0.2234      0.0001   0.0003   71.93     61    Success 
    58      -39.7004     0.1206      0.0001   0.0001   63.71     62    Success 
    59      -39.7004     0.1233      0.0001   0.0001   59.83     63    Success 
    60      -39.7005     0.1249      0.0001   0.0001   69.40     64    Success 
    61      -39.7006     0.1154      0.0001   0.0002   71.49     65    Success 
    62      -39.7007     0.2588      0.0001   0.0004   73.69     66    Success 
    63      -39.7008     0.1527      0.0001   0.0001   74.42     67    Success 
    64      -39.7009     0.0590      0.0001   0.0001   65.20     68   SmallGrad

 LBFGS  --  Normal Termination due to SmallGrad

 Final Function Value :          -39.7009
 Final RMS Gradient :              0.0590
 Final Gradient Norm :             0.2505
