
     ######################################################################
   ##########################################################################
  ###                                                                      ###
 ###            Tinker  ---  Software Tools for Molecular Design            ###
 ##                                                                          ##
 ##                          Version 8.7  June 2019                          ##
 ##                                                                          ##
 ##               Copyright (c)  Jay William Ponder  1990-2019               ##
 ###                           All Rights Reserved                          ###
  ###                                                                      ###
   ##########################################################################
     ######################################################################


 Additional Atom Definition Parameters :

     Type  Class  Symbol  Description               Atomic    Mass   Valence

     406    406     C     ModifiedRes                  6     12.011     3
     413    413     O     ModifiedRes                  8     15.999     1
     403    403     N     ModifiedRes                  7     14.007     3
     412    412     H     ModifiedRes                  1      1.008     1
     401    401     C     ModifiedRes                  6     12.011     4
     410    410     H     ModifiedRes                  1      1.008     1
     404    404     C     ModifiedRes                  6     12.011     3
     411    411     O     ModifiedRes                  8     15.999     1
     409    409     H     ModifiedRes                  1      1.008     1
     402    402     C     ModifiedRes                  6     12.011     4
     407    407     S     ModifiedRes                 16     32.066     2
     408    408     C     ModifiedRes                  6     12.011     2
     416    416     N     ModifiedRes                  7     14.007     1
     405    405     N     ModifiedRes                  7     14.007     3
     414    414     H     ModifiedRes                  1      1.008     1
     415    415     H     ModifiedRes                  1      1.008     1

 Additional Bond Stretching Parameters :

     Atom Classes             K(S)         Length

       406 413             705.000         1.2330
       403 406             482.000         1.3610
       406 414             356.400         1.1017
       401 403             374.800         1.4590
       403 412             542.000         1.0150
       401 410             341.000         1.0957
       401 404             345.300         1.5387
       401 402             345.300         1.5181
       404 405             482.000         1.3572
       404 411             705.000         1.2314
       402 409             395.500         1.0914
       402 407             235.800         1.8318
       407 408             235.800         1.6971
       408 416             450.000         1.1861
       405 415             542.000         1.0125

 Additional Angle Bending Parameters :

     Atom Classes             K(B)          Angle

     401 403 406            50.000        121.357
     403 406 413            60.000        124.095
     401 403 412            35.000        118.957
     406 403 412            35.000        118.832
     401 404 405            70.000        113.359
     401 404 411            80.000        121.701
     401 402 407            53.200        108.206
     404 401 410            38.000        109.342
     402 401 410            38.000        110.341
     403 401 410            50.600        106.305
     402 401 404            60.000        109.453
     403 401 404            80.000        110.692
     409 402 409            39.570        108.418
     401 402 409            42.440        109.525
     407 402 409            60.240        109.529
     402 401 403            80.000        110.663
     402 407 408            60.430         97.777
     407 408 416            60.000        178.380
     405 404 411            60.000        124.940
     413 406 414            68.340        122.633
     403 406 414            31.650        113.262
     415 405 415            22.300        119.367
     404 405 415            35.000        117.504

 Additional Stretch-Bend Parameters :

     Atom Classes          K(SB)-1        K(SB)-2

     401 403 406             7.200          7.200
     401 403 412             4.300          7.200
     406 403 412             4.300          7.200
     401 404 405            18.700         18.700
     401 402 407            18.700         18.700
     404 401 410            11.500         18.700
     402 401 410            11.500         18.700
     403 401 410            11.500         11.500
     402 401 404            18.700         18.700
     403 401 404            18.700         18.700
     401 402 409            11.500         11.500
     407 402 409            11.500         11.500
     402 401 403            18.700         18.700
     402 407 408            -5.750         -5.750
     403 406 414            11.500         11.500
     404 405 415             4.300          7.200
     415 405 415             4.300          7.200
     401 404 411            18.700         18.700
     413 406 414            11.500         11.500

 Additional Out-of-Plane Bend Parameters :

     Atom Classes                   K(OPB)

     401 403   0   0                14.400
     401 404   0   0                14.400
     403 406   0   0               107.910
     404 405   0   0                71.940
     405 404   0   0               107.910
     406 403   0   0                71.940
     411 404   0   0               122.298
     412 403   0   0                 5.755
     413 406   0   0               122.298
     414 406   0   0               140.283
     415 405   0   0                 5.755

 Additional Torsional Parameters :

     Atom Classes     1-Fold    2-Fold    3-Fold    4-Fold    5-Fold    6-Fold

   410 401 403 406   0.00   0  0.00 180  0.00   0  0.00   0  0.00   0  0.00   0
   404 401 403 406   0.00   0  0.00 180  0.00   0  0.00   0  0.00   0  0.00   0
   402 401 403 406   0.00   0  0.00 180  0.00   0  0.00   0  0.00   0  0.00   0
   401 403 406 413   1.00   0  2.25 180 -2.25   0  0.00   0  0.00   0  0.00   0
   412 403 406 413   0.00   0 -0.66 180 -0.36   0  0.00   0  0.00   0  0.00   0
   403 401 404 405   0.00   0  0.00 180  0.00   0  0.00   0  0.00   0  0.00   0
   403 401 404 411   0.00   0  0.00 180  0.00   0  0.00   0  0.00   0  0.00   0
   403 401 402 409   0.00   0  0.00 180  0.00   0  0.00   0  0.00   0  0.00   0
   403 401 402 407   0.00   0  0.00 180  0.00   0  0.00   0  0.00   0  0.00   0
   410 401 403 412   0.00   0  0.00 180  0.00   0  0.00   0  0.00   0  0.00   0
   404 401 403 412   0.00   0  0.00 180  0.00   0  0.00   0  0.00   0  0.00   0
   402 401 403 412   0.00   0  0.00 180  0.00   0  0.00   0  0.00   0  0.00   0
   412 403 406 414   0.00   0  0.50 180  0.35   0  0.00   0  0.00   0  0.00   0
   401 404 405 415   0.00   0  1.20 180  0.80   0  0.00   0  0.00   0  0.00   0
   401 402 407 408   0.00   0  0.00 180  0.00   0  0.00   0  0.00   0  0.00   0
   401 403 406 414   0.00   0  2.25 180  0.00   0  0.00   0  0.00   0  0.00   0
   410 401 404 405   0.00   0  0.00 180  0.00   0  0.00   0  0.00   0  0.00   0
   410 401 404 411   0.00   0  0.00 180  0.00   0  0.00   0  0.00   0  0.00   0
   410 401 402 409   0.00   0  0.00 180  0.00   0  0.00   0  0.00   0  0.00   0
   410 401 402 407   0.00   0  0.00 180  0.00   0  0.00   0  0.00   0  0.00   0
   404 401 402 409   0.00   0  0.00 180  0.00   0  0.00   0  0.00   0  0.00   0
   404 401 402 407   0.00   0  0.00 180  0.00   0  0.00   0  0.00   0  0.00   0
   411 404 405 415   0.00   0 -0.66 180 -0.36   0  0.00   0  0.00   0  0.00   0
   402 401 404 411   0.00   0  0.00 180  0.00   0  0.00   0  0.00   0  0.00   0
   409 402 407 408   0.00   0  0.00 180  0.00   0  0.00   0  0.00   0  0.00   0
   402 401 404 405   0.00   0  0.00 180  0.00   0  0.00   0  0.00   0  0.00   0
   402 407 408 416   0.00   0  0.00 180  0.50   0  0.00   0  0.00   0  0.00   0

 Additional Pi-Orbital Torsion Parameters :

     Atom Classes       2-Fold

       403 406           6.850
       404 405           6.850

 Additional van der Waals Parameters :

     Atom Class               Size        Epsilon        Reduction

         406                3.8200         0.1060          0.000
         413                3.3000         0.1120          0.000
         403                3.7100         0.1100          0.000
         412                2.5900         0.0220          0.900
         401                3.6500         0.1010          0.000
         410                2.8800         0.0240          0.910
         404                3.8200         0.1060          0.000
         411                3.3000         0.1120          0.000
         409                2.8700         0.0330          0.900
         402                3.7800         0.1060          0.000
         407                4.0050         0.3550          0.000
         408                3.7800         0.1060          0.000
         416                3.7100         0.1050          0.000
         405                3.7100         0.1100          0.000
         414                2.9200         0.0300          0.920
         415                2.5900         0.0220          0.900

 Additional Atomic Multipole Parameters :

     Atom Type     Coordinate Frame Definition         Multipole Moments

         401      402    403      0   Z-then-X    -0.27036
                                                   0.50333  0.00000  0.35496
                                                   0.60618
                                                   0.00000 -0.85704
                                                  -0.17941  0.00000  0.25086

         402      401    407      0   Z-then-X    -0.16378
                                                   0.27783  0.00000  0.40620
                                                  -0.16704
                                                   0.00000 -0.37723
                                                  -0.32619  0.00000  0.54427

         403      401    406      0   Z-then-X    -0.06291
                                                  -0.05963  0.00000  0.51258
                                                  -0.02622
                                                   0.00000 -1.06994
                                                  -0.25799  0.00000  1.09616

         404      401    405      0   Z-then-X     0.97419
                                                  -0.17493  0.00000  0.24114
                                                   0.31865
                                                   0.00000 -0.36761
                                                  -0.16585  0.00000  0.04896

         405      404    401      0   Z-then-X    -0.32381
                                                  -0.07740  0.00000  0.07140
                                                   0.49023
                                                   0.00000 -0.50247
                                                  -0.10308  0.00000  0.01224

         406      403    413      0   Z-then-X     0.63074
                                                   0.38274  0.00000  0.13596
                                                   0.04373
                                                   0.00000  0.01951
                                                   0.00235  0.00000 -0.06324

         407      402    401      0   Z-then-X     0.34016
                                                  -0.07527  0.00000  0.43821
                                                   0.17590
                                                   0.00000 -1.99142
                                                   0.51063  0.00000  1.81552

         408      407    402      0   Z-then-X     0.21607
                                                  -0.24565  0.00000 -0.65647
                                                   0.36522
                                                   0.00000  0.54677
                                                  -0.15483  0.00000 -0.91199

         409      402    401      0   Z-then-X     0.09934
                                                   0.05478  0.00000 -0.15869
                                                   0.10976
                                                   0.00000  0.23220
                                                   0.09980  0.00000 -0.34196

         410      401    402      0   Z-then-X     0.10719
                                                  -0.04599  0.00000  0.06642
                                                  -0.13850
                                                   0.00000 -0.08710
                                                  -0.12540  0.00000  0.22560

         411      404    401      0   Z-then-X    -0.77611
                                                  -0.20983  0.00000 -0.17915
                                                  -0.60127
                                                   0.00000  0.28309
                                                  -0.27939  0.00000  0.31818

         412      403    401      0   Z-then-X     0.11914
                                                   0.07060  0.00000 -0.12959
                                                   0.03994
                                                   0.00000  0.03762
                                                   0.23614  0.00000 -0.07756

         413      406    403      0   Z-then-X    -0.66614
                                                  -0.16152  0.00000 -0.04686
                                                  -0.50404
                                                   0.00000  0.14208
                                                  -0.21323  0.00000  0.36196

         414      406    403      0   Z-then-X    -0.02624
                                                  -0.04928  0.00000 -0.17449
                                                   0.09856
                                                   0.00000  0.02319
                                                  -0.01890  0.00000 -0.12175

         415      405    404      0   Z-then-X     0.13249
                                                  -0.04544  0.00000 -0.32452
                                                   0.19801
                                                   0.00000  0.14298
                                                  -0.00600  0.00000 -0.34099

         416      408    407      0   Z-then-X    -0.56180
                                                  -0.12235  0.00000 -0.22875
                                                   0.29155
                                                   0.00000  0.13098
                                                  -0.22483  0.00000 -0.42253

 Additional Atomic Dipole Polarizability Parameters :

     Atom Type           Alpha       Thole     Group Atom Types

         406             1.334       0.390         413  403  414
         413             0.837       0.390         406
         403             1.073       0.390         406  412
         412             0.496       0.390         403
         401             1.334       0.390         410  404
         410             0.496       0.390         401
         404             1.334       0.390         401  411  405
         411             0.837       0.390         404
         409             0.496       0.390         402
         402             1.334       0.390         409
         407             3.300       0.390         408
         408             1.334       0.390         407  416
         416             1.073       0.390         408
         405             1.073       0.390         404  415
         414             0.494       0.390         406
         415             0.496       0.390         405

 Limited Memory BFGS Quasi-Newton Optimization :

 QN Iter     F Value      G RMS      F Move   X Move   Angle  FG Call  Comment

     0     1520.1377   714.9419                                   1
     1      716.3157   357.4333    803.8220   0.0982    0.00      2    Success 
     2      344.9882   268.6850    371.3275   0.0920   17.13      3    Success 
     3      135.9695   228.5285    209.0187   0.0982   35.30      4    Success 
     4       90.7021   249.6350     45.2675   0.0701   48.79      5    Success 
     5       44.0152    93.1726     46.6868   0.0187   23.19      6    Success 
     6       29.2065    71.2970     14.8087   0.0128   24.81      7    Success 
     7        9.1073    71.3723     20.0992   0.0279   36.20      8    Success 
     8       -9.3232    63.0257     18.4305   0.0359   53.79      9    Success 
     9      -15.3471    75.4299      6.0239   0.0628   60.06     10    Success 
    10      -23.6760    32.5836      8.3290   0.0111   37.26     11    Success 
    11      -27.1492    16.9300      3.4731   0.0132   40.81     12    Success 
    12      -28.6790    17.7942      1.5298   0.0092   36.26     13    Success 
    13      -30.0412    13.5487      1.3622   0.0143   57.14     14    Success 
    14      -30.9388    10.5730      0.8976   0.0075   50.75     15    Success 
    15      -32.0406    10.8361      1.1018   0.0144   48.93     16    Success 
    16      -32.9857    13.3063      0.9451   0.0146   60.72     17    Success 
    17      -33.8792    13.1020      0.8935   0.0221   69.09     18    Success 
    18      -34.3764     9.2736      0.4972   0.0084   62.27     19    Success 
    19      -34.6439     7.3893      0.2675   0.0032   52.41     20    Success 
    20      -35.0939     6.5845      0.4499   0.0070   55.20     21    Success 
    21      -35.8145     7.2419      0.7207   0.0147   58.93     22    Success 
    22      -36.6548    11.0887      0.8403   0.0285   67.14     23    Success 
    23      -37.0747    10.9827      0.4199   0.0236   76.88     24    Success 
    24      -37.4379     6.0707      0.3632   0.0036   44.29     25    Success 
    25      -37.6601     7.7921      0.2221   0.0063   48.36     26    Success 
    26      -37.7627     4.2898      0.1026   0.0046   75.97     27    Success 
    27      -37.8482     3.7326      0.0856   0.0047   71.97     28    Success 
    28      -37.9482     3.0933      0.1000   0.0063   67.72     29    Success 
    29      -37.9675     4.1933      0.0193   0.0015   61.59     31    Success 
    30      -37.9955     2.4309      0.0280   0.0015   69.41     32    Success 
    31      -38.0219     2.2057      0.0264   0.0017   58.64     33    Success 
    32      -38.0464     2.9012      0.0245   0.0022   60.68     34    Success 
    33      -38.0709     1.9118      0.0245   0.0020   69.04     35    Success 
    34      -38.0907     1.2744      0.0198   0.0019   64.70     36    Success 
    35      -38.1026     1.8005      0.0119   0.0019   60.63     37    Success 
    36      -38.1115     1.6346      0.0089   0.0017   69.72     38    Success 
    37      -38.1183     1.0527      0.0068   0.0005   55.25     39    Success 
    38      -38.1274     0.8559      0.0091   0.0012   53.30     40    Success 
    39      -38.1323     0.9695      0.0049   0.0012   64.95     41    Success 
    40      -38.1362     1.1801      0.0039   0.0015   69.80     42    Success 
    41      -38.1400     0.6554      0.0038   0.0005   63.02     43    Success 
    42      -38.1434     0.7933      0.0034   0.0007   50.33     44    Success 
    43      -38.1464     0.8339      0.0030   0.0008   70.20     45    Success 
    44      -38.1496     1.2268      0.0032   0.0013   71.96     46    Success 
    45      -38.1533     0.5881      0.0038   0.0013   78.18     47    Success 
    46      -38.1554     0.4886      0.0021   0.0007   68.27     48    Success 
    47      -38.1574     0.5405      0.0019   0.0008   65.63     49    Success 
    48      -38.1588     0.9725      0.0014   0.0010   67.88     50    Success 
    49      -38.1604     0.4894      0.0016   0.0003   66.51     51    Success 
    50      -38.1617     0.4911      0.0013   0.0005   60.29     52    Success 
    51      -38.1626     0.5653      0.0009   0.0005   73.33     53    Success 
    52      -38.1637     0.6714      0.0011   0.0008   77.23     54    Success 
    53      -38.1653     0.4848      0.0015   0.0009   79.18     55    Success 
    54      -38.1669     0.4521      0.0016   0.0012   74.84     56    Success 
    55      -38.1675     0.9872      0.0007   0.0010   71.12     57    Success 
    56      -38.1685     0.4616      0.0010   0.0002   65.26     58    Success 
    57      -38.1693     0.3525      0.0008   0.0002   52.09     59    Success 
    58      -38.1701     0.5287      0.0008   0.0004   66.47     60    Success 
    59      -38.1712     0.5460      0.0011   0.0008   78.71     61    Success 
    60      -38.1725     0.5909      0.0013   0.0012   78.52     62    Success 
    61      -38.1729     0.6886      0.0004   0.0012   80.57     63    Success 
    62      -38.1735     0.3114      0.0006   0.0002   67.16     64    Success 
    63      -38.1738     0.2257      0.0003   0.0001   56.00     65    Success 
    64      -38.1741     0.2904      0.0003   0.0003   68.05     66    Success 
    65      -38.1746     0.3201      0.0005   0.0005   75.54     67    Success 
    66      -38.1751     0.4889      0.0005   0.0009   78.57     68    Success 
    67      -38.1757     0.2487      0.0006   0.0008   82.42     69    Success 
    68      -38.1759     0.1748      0.0003   0.0002   68.32     70    Success 
    69      -38.1761     0.1876      0.0002   0.0002   62.81     71    Success 
    70      -38.1762     0.2270      0.0001   0.0001   62.40     72    Success 
    71      -38.1762     0.1147      0.0001   0.0000   58.45     73    Success 
    72      -38.1763     0.1052      0.0001   0.0001   61.61     74    Success 
    73      -38.1763     0.1286      0.0000   0.0001   72.61     75    Success 
    74      -38.1764     0.1234      0.0001   0.0002   75.41     76    Success 
    75      -38.1765     0.2743      0.0001   0.0002   72.51     77    Success 
    76      -38.1766     0.1407      0.0001   0.0001   80.96     78    Success 
    77      -38.1766     0.1208      0.0001   0.0002   74.44     79    Success 
    78      -38.1767     0.1513      0.0001   0.0001   74.73     80    Success 
    79      -38.1768     0.1430      0.0001   0.0002   77.15     81    Success 
    80      -38.1768     0.2367      0.0001   0.0003   78.92     82    Success 
    81      -38.1769     0.0664      0.0001   0.0002   79.42     83   SmallGrad

 LBFGS  --  Normal Termination due to SmallGrad

 Final Function Value :          -38.1769
 Final RMS Gradient :              0.0664
 Final Gradient Norm :             0.2815
