
     ######################################################################
   ##########################################################################
  ###                                                                      ###
 ###            Tinker  ---  Software Tools for Molecular Design            ###
 ##                                                                          ##
 ##                      Version 8.10.2   February 2022                      ##
 ##                                                                          ##
 ##               Copyright (c)  Jay William Ponder  1990-2022               ##
 ###                           All Rights Reserved                          ###
  ###                                                                      ###
   ##########################################################################
     ######################################################################


 Additional Atom Definition Parameters :

     Type  Class  Symbol  Description               Atomic    Mass   Valence

      401   401     C     3_24_Index_0                 6     12.011     3
      402   402     N     3_24_Index_0                 7     14.007     3
      403   403     C     3_24_Index_0                 6     12.011     3
      404   404     C     3_24_Index_0                 6     12.011     3
      405   405     C     3_24_Index_0                 6     12.011     4
      407   407     C     3_24_Index_0                 6     12.011     3
      406   406     C     3_24_Index_0                 6     12.011     3
      410   410     H     3_24_Index_0                 1      1.008     1
      408   408     C     3_24_Index_0                 6     12.011     4
      409   409     O     3_24_Index_0                 8     15.999     1
      411   411     H     3_24_Index_0                 1      1.008     1
      412   412     H     3_24_Index_0                 1      1.008     1
      413   413     H     3_24_Index_0                 1      1.008     1
      414   414     H     3_24_Index_0                 1      1.008     1

 Additional Bond Stretching Parameters :

     Atom Classes             K(S)         Length

       409 401             601.800         1.2300
       403 402             400.000         1.4200
       408 401             288.657         1.5200
       402 401             363.157         1.3900
       405 402             299.018         1.4600
       404 403             379.094         1.4000
       410 404             368.093         1.0900
       406 404             379.094         1.3900
       411 405             345.979         1.0900
       412 406             368.093         1.0900
       407 406             379.094         1.3900
       406 407             379.094         1.3900
       414 407             368.093         1.0900
       413 408             345.979         1.0900

 Additional Angle Bending Parameters :

     Atom Classes             K(B)          Angle

     409 401 408            80.000        123.076
     402 401 409            76.980        123.822
     405 402 403            65.000        117.520
     401 402 403            65.000        119.480
     404 403 402            80.000        120.070
     413 408 401            48.590        110.170
     405 402 401            93.856        120.124
     408 401 402            74.161        113.062
     411 405 402            56.547        110.440
     410 404 403            36.770        119.860
     406 404 403            74.631        119.850
     404 403 404            74.631        119.820
     412 406 404            36.770        119.410
     407 406 404            74.631        120.480
     410 404 406            36.770        120.270
     406 407 406            74.631        119.490
     414 407 406            36.770        120.250
     412 406 407            36.770        120.100
     411 405 411            36.407        109.778
     413 408 413            36.407        108.760

 Additional Stretch-Bend Parameters :

     Atom Classes          K(SB)-1        K(SB)-2

     409 401 408            18.700         18.700
     402 401 409            18.700         18.700
     405 402 403             0.000          0.000
     401 402 403             0.000          0.000
     404 403 402             0.000          0.000
     413 408 401             5.713          5.713
     405 402 401            25.952         25.952
     408 401 402            25.988         25.988
     411 405 402             5.713          5.713
     410 404 403            20.453         20.453
     406 404 403            20.453         20.453
     404 403 404            20.453         20.453
     412 406 404            20.453         20.453
     407 406 404            20.453         20.453
     410 404 406            20.453         20.453
     406 407 406            20.453         20.453
     414 407 406            20.453         20.453
     412 406 407            20.453         20.453
     411 405 411             5.713          5.713
     413 408 413             5.713          5.713

 Additional Out-of-Plane Bend Parameters :

     Atom Classes                   K(OPB)

     408 401   0   0                14.953
     409 401   0   0                16.505
     402 401   0   0                92.784
     401 402   0   0                92.784
     405 402   0   0                 7.258
     404 403   0   0                84.886
     403 404   0   0                84.886
     410 404   0   0                72.814
     406 404   0   0                84.886
     404 406   0   0                84.886
     412 406   0   0                72.814
     407 406   0   0                84.886
     406 407   0   0                84.886
     414 407   0   0                72.814
     403 402   0   0                 3.600
     402 403   0   0                14.390

 Additional Torsional Parameters :

     Atom Classes     1-Fold    2-Fold    3-Fold    4-Fold    5-Fold    6-Fold

   413 408 401 409   0.00   0  0.00 180  0.23   0  0.00   0  0.00   0  0.00   0
   413 408 401 402   0.00   0  0.00 180 -0.01   0  0.00   0  0.00   0  0.00   0
   411 405 402 403   0.00   0  0.00 180  0.11   0  0.00   0  0.00   0  0.00   0
   411 405 402 401   0.00   0  0.00 180 -0.13   0  0.00   0  0.00   0  0.00   0
   402 403 404 406  -0.67   0  6.29 180  0.00   0  0.00   0  0.00   0  0.00   0
   403 402 401 408  -1.00   0  5.42 180  2.05   0  0.00   0  0.00   0  0.00   0
   405 402 401 408  -1.00   0  5.42 180  2.05   0  0.00   0  0.00   0  0.00   0
   409 401 402 403   1.00   0  5.67 180 -2.25   0  0.00   0  0.00   0  0.00   0
   409 401 402 405   1.00   0  5.67 180 -2.25   0  0.00   0  0.00   0  0.00   0
   407 406 404 403  -0.67   0  6.29 180  0.00   0  0.00   0  0.00   0  0.00   0
   406 404 403 404  -0.67   0  6.29 180  0.00   0  0.00   0  0.00   0  0.00   0
   406 407 406 404  -0.67   0  6.29 180  0.00   0  0.00   0  0.00   0  0.00   0
   412 406 404 403   0.55   0  6.19 180 -0.55   0  0.00   0  0.00   0  0.00   0
   410 404 403 404   0.55   0  6.19 180 -0.55   0  0.00   0  0.00   0  0.00   0
   414 407 406 404   0.55   0  6.82 180 -0.55   0  0.00   0  0.00   0  0.00   0
   412 406 407 406   0.55   0 11.38 180 -0.55   0  0.00   0  0.00   0  0.00   0
   410 404 406 407   0.55   0 11.38 180 -0.55   0  0.00   0  0.00   0  0.00   0
   412 406 404 410   0.00   0  6.36 180  0.00   0  0.00   0  0.00   0  0.00   0
   414 407 406 412   0.00   0  6.36 180  0.00   0  0.00   0  0.00   0  0.00   0
   410 404 403 402   0.55   0  6.19 180 -0.55   0  0.00   0  0.00   0  0.00   0
   404 403 402 401   0.00   0  0.00 180  0.00   0  0.00   0  0.00   0  0.00   0
   405 402 403 404   0.00   0  0.00 180  0.00   0  0.00   0  0.00   0  0.00   0
   404 403 402 405   0.00   0  0.00 180  0.00   0  0.00   0  0.00   0  0.00   0

 Additional Atomic Multipole Parameters :

     Atom Type     Coordinate Frame Definition         Multipole Moments

         401      409    408      0   Z-then-X     0.75234
                                                  -0.27464  0.00000  0.17108
                                                   0.27870
                                                   0.00000 -0.40294
                                                   0.13884  0.00000  0.12424

         402      405    403      0   Z-then-X    -0.22873
                                                   0.09011  0.00000  0.02693
                                                  -0.23392
                                                   0.00000 -0.72423
                                                  -0.16212  0.00000  0.95815

         403      404    404      0   Bisector     0.02183
                                                   0.00000  0.00000 -0.27414
                                                  -0.30549
                                                   0.00000  0.03804
                                                   0.00000  0.00000  0.26745

         404      410    406      0   Z-then-X    -0.04600
                                                  -0.02777  0.00000  0.01775
                                                   0.07510
                                                   0.00000 -0.11837
                                                  -0.03408  0.00000  0.04327

         405      402    403      0   Z-then-X    -0.04939
                                                   0.01391  0.00000  0.32786
                                                  -0.35935
                                                   0.00000 -0.31872
                                                   0.02479  0.00000  0.67807

         406      412    407      0   Z-then-X     0.06435
                                                  -0.03692  0.00000 -0.08649
                                                  -0.23624
                                                   0.00000 -0.38849
                                                  -0.04509  0.00000  0.62473

         407      406    406      0   Bisector    -0.04232
                                                   0.00000  0.00000 -0.12224
                                                   0.27141
                                                   0.00000 -0.17974
                                                   0.00000  0.00000 -0.09167

         410      404    406      0   Z-then-X     0.02290
                                                   0.04056  0.00000 -0.14705
                                                  -0.02247
                                                   0.00000  0.05101
                                                  -0.00568  0.00000 -0.02854

         408      401    409      0   Z-then-X    -0.27474
                                                  -0.06739  0.00000  0.20217
                                                  -0.13662
                                                   0.00000 -0.07468
                                                   0.00342  0.00000  0.21130

         409      401    408      0   Z-then-X    -0.72504
                                                   0.07598  0.00000 -0.08138
                                                  -0.53698
                                                   0.00000  0.14402
                                                   0.08325  0.00000  0.39296

         411      405    402      0   Z-then-X     0.06439
                                                  -0.01254  0.00000 -0.09835
                                                   0.04016
                                                   0.00000  0.02507
                                                  -0.07884  0.00000 -0.06523

         412      406    407      0   Z-then-X     0.00702
                                                   0.00657  0.00000 -0.11963
                                                   0.12512
                                                   0.00000 -0.05912
                                                  -0.00257  0.00000 -0.06600

         413      408    401      0   Z-then-X     0.08419
                                                  -0.00047  0.00000 -0.01108
                                                  -0.02704
                                                   0.00000 -0.00702
                                                   0.00206  0.00000  0.03406

         414      407      0      0   Z-Only       0.00377
                                                   0.00000  0.00000 -0.16711
                                                   0.02747
                                                   0.00000  0.02747
                                                   0.00000  0.00000 -0.05494

 Additional Atomic Dipole Polarizability Parameters :

     Atom Type           Alpha       Thole     Group Atom Types

         401             2.064       0.390         402  409
         402             1.243       0.390         401
         403             2.064       0.390         404
         404             2.064       0.390         403  406  410
         405             1.620       0.390         411
         407             2.064       0.390         406  414
         406             2.064       0.390         404  407  412
         410             0.432       0.390         404
         408             1.415       0.390         413
         409             0.914       0.390         401
         411             0.480       0.390         405
         412             0.432       0.390         406
         413             0.480       0.390         408
         414             0.432       0.390         407

 Additional van der Waals Parameters :

     Atom Class               Size        Epsilon        Reduction

         414                2.9800         0.0260          0.920
         405                3.8200         0.1010          0.000
         408                3.8200         0.1010          0.000
         411                2.9800         0.0240          0.920
         413                2.9600         0.0220          0.920
         401                3.8200         0.1060          0.000
         409                3.3000         0.1120          0.000
         402                3.7100         0.1100          0.000
         407                3.8000         0.0910          0.000
         404                3.8000         0.0910          0.000
         403                3.8000         0.0910          0.000
         412                2.9800         0.0260          0.920
         410                2.9800         0.0260          0.920
         406                3.8000         0.1010          0.000

 Additional Solvation Parameters :

     Atom Type                PB Size     CS Size     GK Size

         410             2.5740      2.7580      2.9054
         412             2.5740      2.7580      2.9054
         414             2.5740      2.7580      2.9054
         411             2.2886      2.0030      2.6260
         413             2.9089      2.8360      3.5214
         404             3.8585      3.7660      3.8448
         401             2.9301      4.5060      4.2118
         403             3.6909      3.7660      4.4258
         406             3.8286      3.8930      4.5084
         407             3.8286      3.8930      4.5084
         405             3.5062      3.3090      4.5360
         408             3.5062      3.3090      4.5360
         402             2.8836      2.9900      3.2180
         409             2.9835      3.3560      2.9616

 Limited Memory BFGS Quasi-Newton Optimization :

 QN Iter     F Value      G RMS      F Move   X Move   Angle  FG Call  Comment

     0       85.9400   179.2398                                   1
     1       15.3730    25.8382     70.5670   0.0329    0.00      3    Success 
     2       12.9464    18.5533      2.4266   0.0053    7.01      4    Success 
     3        9.8884     8.9744      3.0580   0.0122   13.28      5    Success 
     4        8.7009     7.9938      1.1875   0.0096   26.31      6    Success 
     5        7.5076     8.1770      1.1934   0.0145   45.43      7    Success 
     6        6.0866     8.2801      1.4210   0.0215   56.89      8    Success 
     7        4.3094     7.8272      1.7772   0.0301   62.97      9    Success 
     8        3.9143    18.5482      0.3951   0.0480   64.50     10    Success 
     9        3.2108    14.5170      0.7035   0.0026   42.46     11    Success 
    10        2.1629     6.7733      1.0479   0.0054   34.59     12    Success 
    11        1.6266     4.0935      0.5364   0.0077   39.47     13    Success 
    12        1.3747     4.5686      0.2519   0.0069   61.59     14    Success 
    13        0.9607     4.4520      0.4140   0.0119   65.10     15    Success 
    14        0.7538     8.5461      0.2069   0.0208   66.06     16    Success 
    15        0.4484     4.3526      0.3054   0.0048   62.78     17    Success 
    16        0.2816     2.0251      0.1668   0.0055   60.10     18    Success 
    17        0.1935     2.4030      0.0881   0.0048   60.37     19    Success 
    18        0.0435     2.7919      0.1500   0.0073   62.82     20    Success 
    19       -0.2027     3.1690      0.2462   0.0136   68.98     21    Success 
    20       -0.4442     5.0664      0.2415   0.0218   71.13     22    Success 
    21       -0.7479     2.6929      0.3037   0.0228   79.03     23    Success 
    22       -0.9189     3.1686      0.1710   0.0116   69.02     24    Success 
    23       -1.0329     6.3471      0.1140   0.0165   72.67     25    Success 
    24       -1.1550     2.6658      0.1221   0.0033   65.40     26    Success 
    25       -1.2139     2.1684      0.0589   0.0024   56.63     27    Success 
    26       -1.2919     2.2812      0.0780   0.0056   66.82     28    Success 
    27       -1.4067     2.6141      0.1148   0.0106   73.66     29    Success 
    28       -1.5545     3.2837      0.1479   0.0191   77.94     30    Success 
    29       -1.6859     3.4614      0.1314   0.0213   78.92     31    Success 
    30       -1.7873     1.8528      0.1014   0.0050   68.14     32    Success 
    31       -1.8649     1.7233      0.0776   0.0054   57.34     33    Success 
    32       -1.9251     1.9248      0.0601   0.0065   71.98     34    Success 
    33       -2.0099     2.1404      0.0848   0.0101   73.67     35    Success 
    34       -2.1154     1.7427      0.1055   0.0174   78.03     36    Success 
    35       -2.1763     2.2495      0.0610   0.0137   77.48     37    Success 
    36       -2.2305     1.2216      0.0541   0.0064   72.98     38    Success 
    37       -2.2533     0.8337      0.0228   0.0029   63.82     39    Success 
    38       -2.2705     1.0476      0.0173   0.0032   55.87     40    Success 
    39       -2.2848     0.6827      0.0143   0.0028   69.16     41    Success 
    40       -2.2937     0.5633      0.0089   0.0027   71.36     42    Success 
    41       -2.3008     0.7907      0.0071   0.0031   66.50     43    Success 
    42       -2.3073     0.4323      0.0065   0.0015   65.83     44    Success 
    43       -2.3120     0.4796      0.0047   0.0012   57.50     45    Success 
    44       -2.3192     0.5654      0.0072   0.0021   65.36     46    Success 
    45       -2.3207     1.9370      0.0015   0.0037   71.89     47    Success 
    46       -2.3234     1.6409      0.0027   0.0003   75.30     48    Success 
    47       -2.3280     1.1129      0.0046   0.0005   74.07     49    Success 
    48       -2.3338     0.3532      0.0058   0.0015   75.73     50    Success 
    49       -2.3354     0.4479      0.0016   0.0009   72.15     51    Success 
    50       -2.3380     0.5619      0.0026   0.0013   75.48     52    Success 
    51       -2.3424     0.5983      0.0044   0.0019   76.69     53    Success 
    52       -2.3490     0.6123      0.0066   0.0028   76.38     54    Success 
    53       -2.3541     0.7358      0.0050   0.0053   79.30     55    Success 
    54       -2.3583     0.3543      0.0042   0.0012   68.86     56    Success 
    55       -2.3605     0.3689      0.0022   0.0007   57.86     57    Success 
    56       -2.3638     0.5765      0.0032   0.0015   68.50     58    Success 
    57       -2.3679     0.6387      0.0041   0.0033   81.07     59    Success 
    58       -2.3725     0.5848      0.0047   0.0041   82.68     60    Success 
    59       -2.3775     0.3912      0.0050   0.0044   82.64     61    Success 
    60       -2.3820     0.5229      0.0045   0.0041   78.50     62    Success 
    61       -2.3858     0.6437      0.0038   0.0025   79.69     63    Success 
    62       -2.3908     0.6001      0.0051   0.0034   81.00     64    Success 
    63       -2.3954     0.5300      0.0046   0.0046   81.19     65    Success 
    64       -2.3984     0.3394      0.0030   0.0012   71.06     66    Success 
    65       -2.4009     0.4480      0.0025   0.0013   68.78     67    Success 
    66       -2.4046     0.5496      0.0037   0.0025   78.46     68    Success 
    67       -2.4086     0.7080      0.0040   0.0042   81.63     69    Success 
    68       -2.4135     0.3775      0.0048   0.0047   84.07     70    Success 
    69       -2.4161     0.3151      0.0026   0.0017   74.15     71    Success 
    70       -2.4176     0.3371      0.0015   0.0030   80.67     72    Success 
    71       -2.4189     0.4995      0.0013   0.0008   65.38     73    Success 
    72       -2.4200     0.3399      0.0011   0.0007   79.41     74    Success 
    73       -2.4215     0.1866      0.0015   0.0014   78.04     75    Success 
    74       -2.4223     0.2298      0.0008   0.0010   74.97     76    Success 
    75       -2.4233     0.2330      0.0010   0.0014   78.67     77    Success 
    76       -2.4239     0.4437      0.0006   0.0017   76.33     78    Success 
    77       -2.4248     0.1828      0.0009   0.0004   72.60     79    Success 
    78       -2.4253     0.1300      0.0005   0.0003   54.46     80    Success 
    79       -2.4256     0.1684      0.0003   0.0003   64.34     81    Success 
    80       -2.4260     0.1718      0.0005   0.0005   72.06     82    Success 
    81       -2.4264     0.3748      0.0003   0.0010   75.92     83    Success 
    82       -2.4268     0.1922      0.0005   0.0005   80.52     84    Success 
    83       -2.4271     0.0877      0.0003   0.0006   79.10     85   SmallGrad

 LBFGS  --  Normal Termination due to SmallGrad

 Final Function Value :           -2.42714529
 Final RMS Gradient :              0.08773713
 Final Gradient Norm :             0.41152360
