
     ######################################################################
   ##########################################################################
  ###                                                                      ###
 ###            Tinker  ---  Software Tools for Molecular Design            ###
 ##                                                                          ##
 ##                      Version 8.10.5   February 2023                      ##
 ##                                                                          ##
 ##               Copyright (c)  Jay William Ponder  1990-2023               ##
 ###                           All Rights Reserved                          ###
  ###                                                                      ###
   ##########################################################################
     ######################################################################


 Additional Atom Definition Parameters :

     Type  Class  Symbol  Description               Atomic    Mass   Valence

      401   401     N     25_27_Index_0                7     14.007     3
      402   402     C     25_27_Index_0                6     12.011     3
      403   403     C     25_27_Index_0                6     12.011     4
      404   404     N     25_27_Index_0                7     14.007     3
      405   405     O     25_27_Index_0                8     15.999     1
      406   406     H     25_27_Index_0                1      1.008     1
      407   407     H     25_27_Index_0                1      1.008     1
      408   408     H     25_27_Index_0                1      1.008     1

 Additional Bond Stretching Parameters :

     Atom Classes             K(S)         Length

       405 402             558.795         1.2300
       407 401             475.798         1.0100
       402 401             363.157         1.3700
       403 402             283.862         1.4894
       406 403             340.533         1.1000
       404 403             216.461         1.4600
       408 404             451.428         1.0200

 Additional Angle Bending Parameters :

     Atom Classes             K(B)          Angle

     404 403 402            77.347        106.357
     406 403 402            48.035        109.514
     408 404 403            51.238        107.280
     406 403 404            57.278        113.953
     406 403 406            30.491        106.800
     408 404 408            33.456        102.306

 Additional In-Plane Angle Bending Parameters :

     Atom Classes             K(B)          Angle

     405 402 403            49.556        121.520
     401 402 405           109.448        124.419
     407 401 402            40.855        116.482
     407 401 407            37.560        113.614
     403 402 401            57.869        113.907

 Additional Stretch-Bend Parameters :

     Atom Classes          K(SB)-1        K(SB)-2

     405 402 403            25.988         25.988
     404 403 402            20.453         20.453
     401 402 405            25.988         25.988
     407 401 402            25.952         25.952
     403 402 401            25.988         25.988
     406 403 402             5.713          5.713
     408 404 403            22.688         22.688
     406 403 404             5.713          5.713
     406 403 406             5.713          5.713
     408 404 408            22.688         22.688

 Additional Torsional Parameters :

     Atom Classes     1-Fold    2-Fold    3-Fold    4-Fold    5-Fold    6-Fold

   404 403 402 401  -0.94   0  1.11 180 -0.64   0  0.00   0  0.00   0  0.00   0
   405 402 403 404  -0.09   0  0.92 180 -0.22   0  0.00   0  0.00   0  0.00   0
   406 403 402 405   0.00   0  0.00 180  0.11   0  0.00   0  0.00   0  0.00   0
   406 403 402 401   0.00   0  0.00 180  0.11   0  0.00   0  0.00   0  0.00   0
   408 404 403 402   0.00   0  8.05 180  0.80   0  0.00   0  0.00   0  0.00   0
   407 401 402 403   0.00   0  4.62 180  0.80   0  0.00   0  0.00   0  0.00   0
   407 401 402 405   0.00   0  2.76 180 -0.36   0  0.00   0  0.00   0  0.00   0
   408 404 403 406   2.55   0 -2.15 180  0.07   0  0.00   0  0.00   0  0.00   0

 Additional Atomic Multipole Parameters :

     Atom Type     Coordinate Frame Definition         Multipole Moments

         401      402    407      0   Z-then-X    -0.31724
                                                   0.00399  0.00000 -0.04725
                                                   0.38742
                                                   0.00000 -0.47253
                                                  -0.07188  0.00000  0.08511

         402      405    401      0   Z-then-X     0.83315
                                                   0.19876  0.00000  0.29337
                                                   0.08616
                                                   0.00000 -0.24302
                                                  -0.04397  0.00000  0.15686

         403      404    402      0   Z-then-X     0.02569
                                                   0.14184  0.00000  0.34466
                                                  -0.19631
                                                   0.00000 -0.25060
                                                  -0.09742  0.00000  0.44691

         404      403    408    408   Z-Bisect    -0.32179
                                                   0.16522  0.00000  0.29968
                                                  -0.88741
                                                   0.00000  0.29300
                                                  -0.63402  0.00000  0.59441

         405      402    401      0   Z-then-X    -0.71635
                                                   0.00197  0.00000 -0.15380
                                                  -0.50627
                                                   0.00000  0.28389
                                                   0.03041  0.00000  0.22238

         406      403    404      0   Z-then-X     0.03117
                                                   0.05414  0.00000 -0.14767
                                                   0.06013
                                                   0.00000  0.10513
                                                   0.11774  0.00000 -0.16526

         407      401    402      0   Z-then-X     0.12310
                                                  -0.01855  0.00000 -0.34535
                                                   0.17103
                                                   0.00000  0.11594
                                                   0.02485  0.00000 -0.28697

         408      404    403      0   Z-then-X     0.09400
                                                  -0.01183  0.00000 -0.18349
                                                   0.05701
                                                   0.00000  0.00004
                                                  -0.00807  0.00000 -0.05705

 Additional Charge Penetration Parameters :

     Atom Class           Core Chg           Damp

         401                 0.000         0.0000
         402                 0.000         0.0000
         403                 0.000         0.0000
         404                 0.000         0.0000
         405                 0.000         0.0000
         406                 0.000         0.0000
         407                 0.000         0.0000
         408                 0.000         0.0000

 Additional Atomic Dipole Polarizability Parameters :

     Atom Type           Alpha       Thole     Group Atom Types

         401             1.243       0.390         402  407
         402             1.600       0.390         401  405
         403             1.620       0.390         404  406
         404             1.185       0.390         403  408
         405             0.914       0.390         402
         406             0.480       0.390         403
         407             0.457       0.390         401
         408             0.457       0.390         404

 Additional van der Waals Parameters :

     Atom Class               Size        Epsilon        Reduction

         408                2.7000         0.0200          0.910
         407                2.7000         0.0200          0.910
         403                3.8200         0.1010          0.000
         404                3.7100         0.1050          0.000
         406                2.9500         0.0260          0.910
         402                3.8200         0.1060          0.000
         405                3.3000         0.1120          0.000
         401                3.7100         0.1100          0.000

 Additional Solvation Parameters :

     Atom Type                PB Size     CS Size     GK Size

         406             3.0556      2.9960      4.0320
         408             3.6491      3.4040      2.9894
         407             2.9089      2.8360      3.5214
         402             2.9301      4.5060      4.2118
         403             3.3025      2.8540      4.9016
         404             2.8836      2.9900      3.2180
         401             3.4243      3.4910      4.2676
         405             2.9835      3.3560      2.9616

 Limited Memory BFGS Quasi-Newton Optimization :

 QN Iter     F Value      G RMS      F Move   X Move   Angle  FG Call  Comment

     0       13.9898    17.9258                                   1
     1       13.8212    58.1581      0.1686   0.0043    0.00      3    Success 
     2       13.5546    33.4641      0.2665   0.0007   37.80      4    Success 
     3       13.3554    11.8554      0.1992   0.0017   55.68      5    Success 
     4       13.3131    10.5027      0.0423   0.0008   60.42      6    Success 
     5       13.2447     9.7520      0.0685   0.0014   58.01      7    Success 
     6       13.1383    11.9880      0.1064   0.0023   56.18      8    Success 
     7       12.9823    12.2438      0.1559   0.0042   67.35      9    Success 
     8       12.8115    22.2666      0.1708   0.0064   68.63     10    Success 
     9       12.6454    12.1189      0.1662   0.0051   77.94     11    Success 
    10       12.5356     6.9682      0.1097   0.0030   65.53     12    Success 
    11       12.4767     7.4014      0.0589   0.0021   55.06     13    Success 
    12       12.4359    14.0500      0.0409   0.0036   66.60     14    Success 
    13       12.3806     5.4565      0.0553   0.0012   63.48     15    Success 
    14       12.3567     4.4755      0.0239   0.0011   58.15     16    Success 
    15       12.3383     6.5474      0.0184   0.0012   66.81     17    Success 
    16       12.3075     7.9623      0.0308   0.0018   73.95     18    Success 
    17       12.2588     7.4274      0.0486   0.0030   76.25     19    Success 
    18       12.2339     9.1665      0.0249   0.0028   77.32     21    Success 
    19       12.2029     3.5424      0.0311   0.0026   79.19     22    Success 
    20       12.1963     1.1116      0.0066   0.0007   67.47     23    Success 
    21       12.1939     1.3846      0.0024   0.0004   42.06     24    Success 
    22       12.1919     1.5372      0.0020   0.0004   62.49     25    Success 
    23       12.1885     1.3947      0.0034   0.0005   63.78     26    Success 
    24       12.1858     3.2922      0.0026   0.0011   66.28     27    Success 
    25       12.1829     2.3236      0.0029   0.0007   77.60     28    Success 
    26       12.1811     1.0579      0.0018   0.0004   73.66     29    Success 
    27       12.1798     0.9819      0.0013   0.0004   69.17     30    Success 
    28       12.1776     0.9742      0.0022   0.0006   66.59     31    Success 
    29       12.1755     2.2273      0.0021   0.0011   68.85     32    Success 
    30       12.1742     1.0871      0.0013   0.0008   79.69     33    Success 
    31       12.1738     0.5432      0.0004   0.0002   76.92     34    Success 
    32       12.1734     0.5984      0.0004   0.0002   60.22     35    Success 
    33       12.1728     0.9392      0.0006   0.0002   57.06     36    Success 
    34       12.1718     1.1908      0.0010   0.0004   72.58     37    Success 
    35       12.1705     1.6915      0.0013   0.0009   80.10     38    Success 
    36       12.1694     0.9572      0.0011   0.0010   82.09     39    Success 
    37       12.1689     0.4982      0.0005   0.0002   72.26     40    Success 
    38       12.1685     0.5155      0.0004   0.0003   65.77     41    Success 
    39       12.1683     0.6008      0.0003   0.0002   70.19     42    Success 
    40       12.1678     0.6253      0.0004   0.0003   72.14     43    Success 
    41       12.1673     0.7441      0.0005   0.0005   75.31     44    Success 
    42       12.1670     0.7374      0.0003   0.0006   79.00     45    Success 
    43       12.1667     0.3857      0.0003   0.0001   69.75     46    Success 
    44       12.1665     0.4687      0.0003   0.0001   52.65     47    Success 
    45       12.1661     0.5528      0.0004   0.0003   69.59     48    Success 
    46       12.1655     1.3044      0.0005   0.0006   76.64     49    Success 
    47       12.1649     0.5684      0.0006   0.0008   84.67     50    Success 
    48       12.1644     0.4651      0.0004   0.0006   80.87     51    Success 
    49       12.1639     0.4634      0.0005   0.0006   74.87     52    Success 
    50       12.1636     0.2802      0.0003   0.0003   75.50     53    Success 
    51       12.1635     0.6789      0.0001   0.0003   66.47     54    Success 
    52       12.1634     0.3123      0.0001   0.0001   74.83     55    Success 
    53       12.1633     0.2701      0.0001   0.0001   67.46     56    Success 
    54       12.1632     0.1588      0.0001   0.0001   67.64     57    Success 
    55       12.1632     0.1138      0.0000   0.0001   72.66     58    Success 
    56       12.1632     0.2738      0.0000   0.0002   66.98     59    Success 
    57       12.1631     0.1675      0.0000   0.0001   79.39     60    Success 
    58       12.1631     0.1113      0.0000   0.0000   67.69     61    Success 
    59       12.1631     0.1228      0.0000   0.0001   64.60     62    Success 
    60       12.1631     0.1612      0.0000   0.0001   70.63     63    Success 
    61       12.1630     0.1511      0.0000   0.0001   75.77     64    Success 
    62       12.1630     0.1337      0.0000   0.0001   76.44     65    Success 
    63       12.1630     0.0515      0.0000   0.0000   70.38     66   SmallGrad

 LBFGS  --  Normal Termination due to SmallGrad

 Final Function Value :           12.16301032
 Final RMS Gradient :              0.05148623
 Final Gradient Norm :             0.17076050
