
     ######################################################################
   ##########################################################################
  ###                                                                      ###
 ###            Tinker  ---  Software Tools for Molecular Design            ###
 ##                                                                          ##
 ##                      Version 8.10.5   February 2023                      ##
 ##                                                                          ##
 ##               Copyright (c)  Jay William Ponder  1990-2023               ##
 ###                           All Rights Reserved                          ###
  ###                                                                      ###
   ##########################################################################
     ######################################################################


 Additional Atom Definition Parameters :

     Type  Class  Symbol  Description               Atomic    Mass   Valence

      401   401     C     13_34_Index_0                6     12.011     3
      402   402     C     13_34_Index_0                6     12.011     3
      403   403     C     13_34_Index_0                6     12.011     3
      404   404     O     13_34_Index_0                8     15.999     2
      405   405     O     13_34_Index_0                8     15.999     1
      407   407     C     13_34_Index_0                6     12.011     3
      408   408     H     13_34_Index_0                1      1.008     1
      406   406     C     13_34_Index_0                6     12.011     3
      409   409     H     13_34_Index_0                1      1.008     1
      410   410     H     13_34_Index_0                1      1.008     1
      411   411     H     13_34_Index_0                1      1.008     1

 Additional Bond Stretching Parameters :

     Atom Classes             K(S)         Length

       402 401             379.094         1.4000
       406 401             379.094         1.3900
       401 402             379.094         1.4000
       407 406             379.094         1.4000
       406 407             379.094         1.4000
       408 401             368.093         1.0900
       409 406             368.093         1.0900
       411 407             368.093         1.0900
       403 402             287.793         1.4800
       404 403             285.608         1.3600
       405 403             666.175         1.2200
       410 404             487.849         0.9800

 Additional Angle Bending Parameters :

     Atom Classes             K(B)          Angle

     410 404 403            45.148        106.314

 Additional In-Plane Angle Bending Parameters :

     Atom Classes             K(B)          Angle

     402 403 404            77.303        110.954
     402 403 405            64.148        125.070
     401 402 401            74.631        121.656
     407 406 401            74.631        120.250
     406 401 402            74.631        119.550
     406 407 406            74.631        119.960
     409 406 401            36.770        119.750
     408 401 402            36.770        119.410
     411 407 406            36.770        120.020
     408 401 406            36.770        121.040
     409 406 407            36.770        120.000
     403 402 401            66.632        117.729
     405 403 404            71.920        123.739

 Additional Stretch-Bend Parameters :

     Atom Classes          K(SB)-1        K(SB)-2

     402 403 404           -17.707        -17.707
     402 403 405           -17.707        -17.707
     401 402 401            20.453         20.453
     407 406 401            20.453         20.453
     406 401 402            20.453         20.453
     406 407 406            20.453         20.453
     409 406 401            20.453         20.453
     408 401 402            20.453         20.453
     411 407 406            20.453         20.453
     408 401 406            20.453         20.453
     409 406 407            20.453         20.453
     403 402 401            20.453         20.453
     410 404 403            31.076         31.076
     405 403 404           -17.707        -17.707

 Additional Torsional Parameters :

     Atom Classes     1-Fold    2-Fold    3-Fold    4-Fold    5-Fold    6-Fold

   404 403 402 401   0.00   0  0.00 180  0.00   0  0.00   0  0.00   0  0.00   0
   405 403 402 401   0.00   0  0.00 180  0.00   0  0.00   0  0.00   0  0.00   0
   401 402 403 404   0.00   0  0.00 180  0.00   0  0.00   0  0.00   0  0.00   0
   409 406 407 406   0.55   0 11.38 180 -0.55   0  0.00   0  0.00   0  0.00   0
   406 401 402 401  -0.67   0  7.43 180  0.00   0  0.00   0  0.00   0  0.00   0
   406 407 406 401  -0.67   0  6.29 180  0.00   0  0.00   0  0.00   0  0.00   0
   407 406 401 402  -0.67   0  6.29 180  0.00   0  0.00   0  0.00   0  0.00   0
   408 401 402 401   0.55   0  7.96 180 -0.55   0  0.00   0  0.00   0  0.00   0
   411 407 406 401   0.55   0  6.82 180 -0.55   0  0.00   0  0.00   0  0.00   0
   409 406 401 402   0.55   0  6.82 180 -0.55   0  0.00   0  0.00   0  0.00   0
   408 401 406 407   0.55   0 11.38 180 -0.55   0  0.00   0  0.00   0  0.00   0
   403 402 401 406  -0.67   0  6.29 180  0.00   0  0.00   0  0.00   0  0.00   0
   409 406 401 408   0.00   0  6.36 180  0.00   0  0.00   0  0.00   0  0.00   0
   411 407 406 409   0.00   0  6.36 180  0.00   0  0.00   0  0.00   0  0.00   0
   403 402 401 408   0.55   0  6.19 180 -0.55   0  0.00   0  0.00   0  0.00   0
   410 404 403 402   0.49   0  6.22 180  0.32   0  0.00   0  0.00   0  0.00   0
   410 404 403 405  -1.20   0  5.39 180  0.40   0  0.00   0  0.00   0  0.00   0

 Additional Atomic Multipole Parameters :

     Atom Type     Coordinate Frame Definition         Multipole Moments

         401      402    406      0   Z-then-X    -0.04670
                                                  -0.14743  0.00000  0.08464
                                                  -0.01228
                                                   0.00000 -0.04954
                                                  -0.31502  0.00000  0.06182

         402      401    401      0   Bisector     0.00556
                                                   0.00000  0.00000  0.35795
                                                  -0.73631
                                                   0.00000 -0.48756
                                                   0.00000  0.00000  1.22387

         403      405    404      0   Z-then-X     1.02068
                                                   0.16007  0.00000  0.00584
                                                   0.08294
                                                   0.00000 -0.48749
                                                  -0.87976  0.00000  0.40455

         404      403    410      0   Z-then-X    -0.52881
                                                   0.27458  0.00000 -0.07019
                                                   0.24865
                                                   0.00000 -0.38680
                                                  -0.17476  0.00000  0.13815

         405      403    404      0   Z-then-X    -0.70419
                                                   0.11523  0.00000 -0.17821
                                                  -0.57427
                                                   0.00000  0.33442
                                                   0.12554  0.00000  0.23985

         406      401    407      0   Z-then-X    -0.02755
                                                  -0.03325  0.00000 -0.01499
                                                  -0.00982
                                                   0.00000 -0.12529
                                                  -0.15010  0.00000  0.13511

         407      406    406      0   Bisector     0.02287
                                                   0.00000  0.00000  0.07177
                                                   0.10925
                                                   0.00000 -0.23524
                                                   0.00000  0.00000  0.12599

         408      401    402      0   Z-then-X     0.02775
                                                  -0.00252  0.00000 -0.16659
                                                   0.08618
                                                   0.00000  0.00007
                                                   0.00653  0.00000 -0.08625

         409      406    401      0   Z-then-X     0.01091
                                                   0.00400  0.00000 -0.16925
                                                   0.10472
                                                   0.00000  0.00030
                                                  -0.00596  0.00000 -0.10502

         410      404    403      0   Z-then-X     0.24698
                                                  -0.01870  0.00000 -0.11262
                                                   0.00265
                                                   0.00000 -0.08928
                                                  -0.01121  0.00000  0.08663

         411      407    406      0   Z-then-X     0.00809
                                                   0.00113  0.00000 -0.15329
                                                   0.06262
                                                   0.00000  0.01009
                                                   0.00000  0.00000 -0.07271

 Additional Charge Penetration Parameters :

     Atom Class           Core Chg           Damp

         401                 0.000         0.0000
         402                 0.000         0.0000
         403                 0.000         0.0000
         404                 0.000         0.0000
         405                 0.000         0.0000
         406                 0.000         0.0000
         407                 0.000         0.0000
         408                 0.000         0.0000
         409                 0.000         0.0000
         410                 0.000         0.0000
         411                 0.000         0.0000

 Additional Atomic Dipole Polarizability Parameters :

     Atom Type           Alpha       Thole     Group Atom Types

         401             1.600       0.390         402  406  408
         402             1.600       0.390         401
         403             1.600       0.390         404  405
         404             0.832       0.390         403  410
         405             0.914       0.390         403
         407             1.600       0.390         406  411
         408             0.432       0.390         401
         406             1.600       0.390         401  407  409
         409             0.432       0.390         406
         410             0.457       0.390         404
         411             0.432       0.390         407

 Additional van der Waals Parameters :

     Atom Class               Size        Epsilon        Reduction

         410                2.6550         0.0150          0.910
         411                2.9800         0.0260          0.920
         403                3.7800         0.1060          0.000
         404                3.4050         0.1100          0.000
         407                3.8000         0.0910          0.000
         401                3.8000         0.0910          0.000
         408                2.9800         0.0260          0.920
         409                2.9800         0.0260          0.920
         406                3.8000         0.0910          0.000
         406                3.8000         0.0910          0.000
         402                3.8000         0.0910          0.000
         405                3.3000         0.1120          0.000

 Additional Solvation Parameters :

     Atom Type                PB Size     CS Size     GK Size

         410             2.5740      2.7580      2.9054
         411             2.5740      2.7580      2.9054
         401             3.8585      3.7660      3.8448
         403             2.9301      4.5060      4.2118
         406             3.8286      3.8930      4.5084
         407             3.8286      3.8930      4.5084
         402             3.6909      3.7660      4.4258
         405             2.9835      3.3560      2.9616
         404             3.3991      2.8190      2.9337

 Limited Memory BFGS Quasi-Newton Optimization :

 QN Iter     F Value      G RMS      F Move   X Move   Angle  FG Call  Comment

     0      443.4385   803.1743                                   1
     1      196.6585   717.8892    246.7800   0.1076    0.00      2    Success 
     2       15.1006   138.0186    181.5579   0.0456   11.65      3    Success 
     3        6.0899    48.7807      9.0107   0.0067    9.55      4    Success 
     4        4.4016    19.3608      1.6883   0.0040    5.46      5    Success 
     5        3.9195    18.2171      0.4822   0.0021   22.54      6    Success 
     6        3.0972    17.9151      0.8223   0.0042   33.20      7    Success 
     7        1.7673    15.4652      1.3299   0.0087   45.47      8    Success 
     8       -0.0045    12.5075      1.7719   0.0191   53.21      9    Success 
     9       -0.5275    21.7506      0.5229   0.0109   59.61     11    Success 
    10       -1.0586     9.7413      0.5312   0.0084   73.23     12    Success 
    11       -1.3239     6.4251      0.2653   0.0049   55.04     13    Success 
    12       -1.5045     7.2812      0.1805   0.0037   52.97     14    Success 
    13       -1.8248     7.8064      0.3203   0.0062   57.62     15    Success 
    14       -2.3880     8.5831      0.5632   0.0116   61.78     16    Success 
    15       -3.2873     9.0574      0.8993   0.0223   66.95     17    Success 
    16       -4.1412    12.5330      0.8539   0.0428   71.97     18    Success 
    17       -4.5772    11.9395      0.4360   0.0269   75.82     19    Success 
    18       -4.9670     4.2418      0.3898   0.0064   59.47     20    Success 
    19       -5.1596     4.3453      0.1926   0.0064   43.36     21    Success 
    20       -5.2790     3.8843      0.1195   0.0082   72.48     22    Success 
    21       -5.4428     3.1435      0.1638   0.0123   70.46     23    Success 
    22       -5.5815     3.3299      0.1387   0.0119   68.14     24    Success 
    23       -5.7010     3.7373      0.1195   0.0080   67.16     25    Success 
    24       -5.8784     3.5359      0.1775   0.0128   70.61     26    Success 
    25       -5.9925     8.3068      0.1141   0.0204   70.84     27    Success 
    26       -6.0814     4.8662      0.0889   0.0072   75.32     28    Success 
    27       -6.1190     2.8096      0.0376   0.0040   79.05     29    Success 
    28       -6.1607     1.8793      0.0417   0.0038   69.33     30    Success 
    29       -6.2071     2.3671      0.0464   0.0068   70.35     31    Success 
    30       -6.2544     3.5557      0.0473   0.0092   74.13     32    Success 
    31       -6.2773     2.2065      0.0229   0.0054   80.83     34    Success 
    32       -6.2891     1.5294      0.0118   0.0016   73.24     35    Success 
    33       -6.3030     1.5479      0.0139   0.0023   67.09     36    Success 
    34       -6.3172     1.5263      0.0142   0.0022   70.12     37    Success 
    35       -6.3416     1.4996      0.0244   0.0033   68.05     38    Success 
    36       -6.3798     1.2370      0.0381   0.0058   68.18     39    Success 
    37       -6.4118     3.0779      0.0321   0.0122   70.28     40    Success 
    38       -6.4458     1.5855      0.0339   0.0058   76.95     41    Success 
    39       -6.4668     1.1182      0.0211   0.0042   73.65     42    Success 
    40       -6.4928     1.3170      0.0260   0.0072   69.51     43    Success 
    41       -6.5097     1.7998      0.0168   0.0063   74.17     44    Success 
    42       -6.5255     1.0465      0.0158   0.0040   77.96     45    Success 
    43       -6.5363     1.1262      0.0108   0.0038   64.77     46    Success 
    44       -6.5415     0.7308      0.0052   0.0037   80.41     47    Success 
    45       -6.5453     0.5262      0.0037   0.0010   63.71     48    Success 
    46       -6.5489     0.4364      0.0036   0.0016   56.38     49    Success 
    47       -6.5494     0.5148      0.0005   0.0004   67.81     51    Success 
    48       -6.5499     0.3740      0.0005   0.0004   78.67     52    Success 
    49       -6.5507     0.2592      0.0008   0.0005   70.34     53    Success 
    50       -6.5519     0.3674      0.0012   0.0009   62.26     54    Success 
    51       -6.5535     0.5378      0.0016   0.0013   71.78     55    Success 
    52       -6.5555     0.5426      0.0021   0.0016   77.31     56    Success 
    53       -6.5561     0.8128      0.0006   0.0007   78.90     58    Success 
    54       -6.5570     0.4558      0.0009   0.0006   80.76     59    Success 
    55       -6.5576     0.2018      0.0006   0.0006   73.82     60    Success 
    56       -6.5578     0.2428      0.0002   0.0002   59.03     61    Success 
    57       -6.5582     0.2849      0.0004   0.0003   62.58     62    Success 
    58       -6.5589     0.3304      0.0007   0.0005   68.83     63    Success 
    59       -6.5600     0.3097      0.0011   0.0009   73.18     64    Success 
    60       -6.5602     1.0709      0.0002   0.0022   77.26     65    Success 
    61       -6.5606     0.9725      0.0004   0.0002   81.69     66    Success 
    62       -6.5612     0.7752      0.0007   0.0003   81.38     67    Success 
    63       -6.5623     0.3757      0.0010   0.0008   81.14     68    Success 
    64       -6.5629     0.2069      0.0006   0.0010   79.18     69    Success 
    65       -6.5630     0.2514      0.0002   0.0003   77.14     70    Success 
    66       -6.5633     0.2600      0.0003   0.0004   75.98     71    Success 
    67       -6.5638     0.2591      0.0005   0.0006   75.50     72    Success 
    68       -6.5641     0.3115      0.0002   0.0005   75.99     74    Success 
    69       -6.5645     0.2260      0.0004   0.0005   78.82     75    Success 
    70       -6.5650     0.1673      0.0005   0.0010   76.16     76    Success 
    71       -6.5651     0.1497      0.0001   0.0005   77.66     78    Success 
    72       -6.5653     0.1024      0.0001   0.0003   74.64     79    Success 
    73       -6.5654     0.0937      0.0002   0.0003   64.08     80   SmallGrad

 LBFGS  --  Normal Termination due to SmallGrad

 Final Function Value :           -6.56541444
 Final RMS Gradient :              0.09373146
 Final Gradient Norm :             0.36302039
