
     ######################################################################
   ##########################################################################
  ###                                                                      ###
 ###            Tinker  ---  Software Tools for Molecular Design            ###
 ##                                                                          ##
 ##                      Version 8.9.4   September 2021                      ##
 ##                                                                          ##
 ##               Copyright (c)  Jay William Ponder  1990-2021               ##
 ###                           All Rights Reserved                          ###
  ###                                                                      ###
   ##########################################################################
     ######################################################################


 Additional Atom Definition Parameters :

     Type  Class  Symbol  Description               Atomic    Mass   Valence

      401   401     C     21_Index_0                   6     12.011     3
      402   402     H     21_Index_0                   1      1.008     1

 Additional Bond Stretching Parameters :

     Atom Classes             K(S)         Length

       402 401             368.093         1.0900
       401 401             379.094         1.4000

 Additional Angle Bending Parameters :

     Atom Classes             K(B)          Angle

     402 401 401            36.770        120.000
     401 401 401            74.631        120.000

 Additional Stretch-Bend Parameters :

     Atom Classes          K(SB)-1        K(SB)-2

     402 401 401            20.453         20.453
     401 401 401            20.453         20.453

 Additional Out-of-Plane Bend Parameters :

     Atom Classes                   K(OPB)

     402 401   0   0                72.814
     401 401   0   0                84.886

 Additional Torsional Parameters :

     Atom Classes     1-Fold    2-Fold    3-Fold    4-Fold    5-Fold    6-Fold

   401 401 401 401   0.00   0  0.00 180  0.30   0  0.00   0  0.00   0  0.00   0
   402 401 401 401   0.00   0  0.00 180  0.30   0  0.00   0  0.00   0  0.00   0
   402 401 401 402   0.00   0  0.00 180  0.30   0  0.00   0  0.00   0  0.00   0

 Additional Atomic Multipole Parameters :

     Atom Type     Coordinate Frame Definition         Multipole Moments

         401      401    401      0   Bisector    -0.00493
                                                   0.00000  0.00000  0.03203
                                                   0.09667
                                                   0.00000 -0.20862
                                                   0.00000  0.00000  0.11195

         402      401      0      0   Z-Only       0.00493
                                                   0.00000  0.00000 -0.18072
                                                   0.02357
                                                   0.00000  0.02357
                                                   0.00000  0.00000 -0.04714

 Additional Atomic Dipole Polarizability Parameters :

     Atom Type           Alpha       Thole     Group Atom Types

         401             2.064       0.390         401  402
         402             0.432       0.390         401

 Additional van der Waals Parameters :

     Atom Class               Size        Epsilon        Reduction

         401                4.1200         0.1010          0.000
         402                2.9800         0.0260          0.920

 Additional Solvation Parameters :

     Atom Type                PB Size     CS Size     GK Size

         402             2.5740      2.7580      2.9054
         401             3.3025      2.8540      4.9016

 Limited Memory BFGS Quasi-Newton Optimization :

 QN Iter     F Value      G RMS      F Move   X Move   Angle  FG Call  Comment

     0      239.0552   178.8697                                   1
     1      118.9557    97.4207    120.0995   0.1076    0.00      2    Success 
     2       79.4463    43.0357     39.5094   0.0575   29.18      3    Success 
     3       64.3564    31.5031     15.0899   0.0372   36.05      4    Success 
     4       44.7575    28.3530     19.5989   0.0828   39.52      5    Success 
     5       35.1909    40.5890      9.5666   0.0968   54.55      6    Success 
     6       26.5848    18.9200      8.6060   0.0512   62.17      7    Success 
     7       23.3521    11.3550      3.2327   0.0397   65.76      8    Success 
     8       21.0274    10.7856      2.3247   0.0492   64.24      9    Success 
     9       19.3263    11.5757      1.7011   0.0464   67.77     10    Success 
    10       17.7909     7.7955      1.5354   0.0426   72.93     11    Success 
    11       16.6735     7.8981      1.1174   0.0453   67.14     12    Success 
    12       16.2814     7.3985      0.3921   0.0217   66.04     13    Success 
    13       16.0001     3.6799      0.2813   0.0062   52.76     14    Success 
    14       15.8624     2.1594      0.1377   0.0076   59.43     15    Success 
    15       15.7957     1.6219      0.0667   0.0115   73.68     16    Success 
    16       15.7693     1.7217      0.0264   0.0117   76.05     17    Success 
    17       15.7526     0.8052      0.0167   0.0035   74.33     18    Success 
    18       15.7403     0.7879      0.0123   0.0046   72.94     19    Success 
    19       15.7235     0.9578      0.0168   0.0081   75.97     20    Success 
    20       15.7131     1.5011      0.0104   0.0111   80.03     21    Success 
    21       15.7032     0.4166      0.0099   0.0058   81.22     22    Success 
    22       15.7016     0.2334      0.0016   0.0004   33.78     23    Success 
    23       15.7005     0.2434      0.0011   0.0007   33.90     24    Success 
    24       15.7000     0.2516      0.0005   0.0013   77.32     25    Success 
    25       15.6996     0.1271      0.0004   0.0007   79.11     26    Success 
    26       15.6993     0.1319      0.0003   0.0008   73.34     27    Success 
    27       15.6990     0.1845      0.0003   0.0006   73.53     28    Success 
    28       15.6985     0.2284      0.0005   0.0008   73.48     29    Success 
    29       15.6976     0.2778      0.0009   0.0012   74.75     30    Success 
    30       15.6962     0.3241      0.0014   0.0020   77.58     31    Success 
    31       15.6945     0.3145      0.0017   0.0035   80.57     32    Success 
    32       15.6932     0.3575      0.0013   0.0031   81.23     33    Success 
    33       15.6915     0.2400      0.0017   0.0026   80.38     34    Success 
    34       15.6901     0.2687      0.0015   0.0027   75.92     35    Success 
    35       15.6894     0.2923      0.0007   0.0016   75.54     36    Success 
    36       15.6889     0.1189      0.0005   0.0004   66.55     37    Success 
    37       15.6887     0.0863      0.0002   0.0006   71.75     38   SmallGrad

 LBFGS  --  Normal Termination due to SmallGrad

 Final Function Value :           15.68872292
 Final RMS Gradient :              0.08629903
 Final Gradient Norm :             0.33423472
