
     ######################################################################
   ##########################################################################
  ###                                                                      ###
 ###            Tinker  ---  Software Tools for Molecular Design            ###
 ##                                                                          ##
 ##                      Version 8.9.4   September 2021                      ##
 ##                                                                          ##
 ##               Copyright (c)  Jay William Ponder  1990-2021               ##
 ###                           All Rights Reserved                          ###
  ###                                                                      ###
   ##########################################################################
     ######################################################################


 Additional Atom Definition Parameters :

     Type  Class  Symbol  Description               Atomic    Mass   Valence

      401   401     C     21_Index_0                   6     12.011     3
      402   402     H     21_Index_0                   1      1.008     1

 Additional Bond Stretching Parameters :

     Atom Classes             K(S)         Length

       402 401             368.093         1.0900
       401 401             379.094         1.4000

 Additional Angle Bending Parameters :

     Atom Classes             K(B)          Angle

     402 401 401            36.770        120.000
     401 401 401            74.631        120.000

 Additional Stretch-Bend Parameters :

     Atom Classes          K(SB)-1        K(SB)-2

     402 401 401            20.453         20.453
     401 401 401            20.453         20.453

 Additional Out-of-Plane Bend Parameters :

     Atom Classes                   K(OPB)

     402 401   0   0                72.814
     401 401   0   0                84.886

 Additional Torsional Parameters :

     Atom Classes     1-Fold    2-Fold    3-Fold    4-Fold    5-Fold    6-Fold

   401 401 401 401   0.00   0  0.00 180  0.30   0  0.00   0  0.00   0  0.00   0
   402 401 401 401   0.00   0  0.00 180  0.30   0  0.00   0  0.00   0  0.00   0
   402 401 401 402   0.00   0  0.00 180  0.30   0  0.00   0  0.00   0  0.00   0

 Additional Atomic Multipole Parameters :

     Atom Type     Coordinate Frame Definition         Multipole Moments

         401      401    401      0   Bisector    -0.00493
                                                   0.00000  0.00000  0.03203
                                                   0.09667
                                                   0.00000 -0.20862
                                                   0.00000  0.00000  0.11195

         402      401      0      0   Z-Only       0.00493
                                                   0.00000  0.00000 -0.18072
                                                   0.02357
                                                   0.00000  0.02357
                                                   0.00000  0.00000 -0.04714

 Additional Atomic Dipole Polarizability Parameters :

     Atom Type           Alpha       Thole     Group Atom Types

         401             2.064       0.390         401  402
         402             0.432       0.390         401

 Additional van der Waals Parameters :

     Atom Class               Size        Epsilon        Reduction

         401                4.1200         0.1010          0.000
         402                2.9800         0.0260          0.920

 Additional Solvation Parameters :

     Atom Type                PB Size     CS Size     GK Size

         402             2.5740      2.7580      2.9054
         401             3.3025      2.8540      4.9016

 Limited Memory BFGS Quasi-Newton Optimization :

 QN Iter     F Value      G RMS      F Move   X Move   Angle  FG Call  Comment

     0      245.2398   151.3996                                   1
     1      129.4142    91.8400    115.8256   0.1076    0.00      2    Success 
     2       78.7059    33.4386     50.7083   0.0700   32.05      3    Success 
     3       59.5186    24.9708     19.1874   0.0572   23.25      4    Success 
     4       45.6584    42.0468     13.8601   0.0998   34.31      5    Success 
     5       32.3197    21.7722     13.3388   0.0697   60.86      6    Success 
     6       26.8496    16.0101      5.4701   0.0503   61.53      7    Success 
     7       23.0143    18.2134      3.8353   0.0798   64.67      8    Success 
     8       21.1010    13.1825      1.9133   0.0293   64.52      9    Success 
     9       19.8051    11.0214      1.2960   0.0195   66.65     10    Success 
    10       17.9003     8.5705      1.9047   0.0363   64.39     11    Success 
    11       17.1793    16.4102      0.7210   0.0562   65.48     12    Success 
    12       16.3322     6.1845      0.8471   0.0141   65.50     13    Success 
    13       16.0560     3.3867      0.2763   0.0075   55.36     14    Success 
    14       15.8449     2.5902      0.2111   0.0192   70.69     15    Success 
    15       15.7926     2.7749      0.0524   0.0145   76.29     16    Success 
    16       15.7607     1.1821      0.0319   0.0063   73.47     17    Success 
    17       15.7508     0.7521      0.0099   0.0009   39.46     18    Success 
    18       15.7360     0.7111      0.0148   0.0032   56.36     19    Success 
    19       15.7204     0.9716      0.0156   0.0084   74.43     20    Success 
    20       15.7192     1.6409      0.0012   0.0100   80.67     21    Success 
    21       15.7168     1.4667      0.0023   0.0003   68.47     22    Success 
    22       15.7127     1.1448      0.0042   0.0009   75.97     23    Success 
    23       15.7064     0.5180      0.0062   0.0024   78.42     24    Success 
    24       15.7036     0.2687      0.0028   0.0032   78.70     25    Success 
    25       15.7029     0.2699      0.0008   0.0013   80.29     26    Success 
    26       15.7018     0.2031      0.0010   0.0021   79.71     27    Success 
    27       15.7015     0.1481      0.0003   0.0008   74.86     29    Success 
    28       15.7014     0.0755      0.0002   0.0007   79.83     30   SmallGrad

 LBFGS  --  Normal Termination due to SmallGrad

 Final Function Value :           15.70135628
 Final RMS Gradient :              0.07554953
 Final Gradient Norm :             0.29260206
