
     ######################################################################
   ##########################################################################
  ###                                                                      ###
 ###            Tinker  ---  Software Tools for Molecular Design            ###
 ##                                                                          ##
 ##                      Version 8.9.4   September 2021                      ##
 ##                                                                          ##
 ##               Copyright (c)  Jay William Ponder  1990-2021               ##
 ###                           All Rights Reserved                          ###
  ###                                                                      ###
   ##########################################################################
     ######################################################################


 Additional Atom Definition Parameters :

     Type  Class  Symbol  Description               Atomic    Mass   Valence

      402   402     Cl    CH3Cl                       17     35.453     1
      401   401     C     CH3Cl                        6     12.011     4
      403   403     H     CH3Cl                        1      1.008     1

 Additional Bond Stretching Parameters :

     Atom Classes             K(S)         Length

       401 402             173.528         1.7800
       403 401             363.209         1.0900

 Additional Angle Bending Parameters :

     Atom Classes             K(B)          Angle

     403 401 402            39.031        108.920
     403 401 403            78.005        110.010

 Additional Stretch-Bend Parameters :

     Atom Classes          K(SB)-1        K(SB)-2

     403 401 402             5.713          5.713
     403 401 403             5.713          5.713

 Additional Atomic Multipole Parameters :

     Atom Type     Coordinate Frame Definition         Multipole Moments

         402      401      0      0   Z-Only      -0.18822
                                                   0.00000  0.00000  0.22173
                                                  -0.86960
                                                   0.00000 -0.86960
                                                   0.00000  0.00000  1.73920

         401      403    403    403   3-Fold      -0.03750
                                                  -0.00003  0.00000 -0.31746
                                                  -0.40149
                                                   0.00000 -0.40166
                                                   0.00018  0.00000  0.80315

         403      401    402      0   Z-then-X     0.07524
                                                   0.01342  0.00000 -0.10396
                                                   0.01705
                                                   0.00000  0.01985
                                                  -0.00558  0.00000 -0.03690

 Additional Atomic Dipole Polarizability Parameters :

     Atom Type           Alpha       Thole     Group Atom Types

         402             2.337       0.390         401
         401             1.620       0.390         402  403
         403             0.480       0.390         401

 Additional van der Waals Parameters :

     Atom Class               Size        Epsilon        Reduction

         401                3.8200         0.1010          0.000
         402                3.8980         0.4130          0.000
         403                2.9600         0.0240          0.920

 Additional Solvation Parameters :

     Atom Type                PB Size     CS Size     GK Size

         403             3.1430      3.3740      4.1440
         401             3.5062      3.3090      4.5360

 Limited Memory BFGS Quasi-Newton Optimization :

 QN Iter     F Value      G RMS      F Move   X Move   Angle  FG Call  Comment

     0       22.6060    34.6384                                   1
     1       13.5972    25.2376      9.0088   0.0536    0.00      3    Success 
     2       10.1295    13.2008      3.4676   0.0309   35.85      4    Success 
     3        8.5358    11.5877      1.5937   0.0207   46.20      5    Success 
     4        6.0756    12.9869      2.4603   0.0392   45.44      6    Success 
     5        2.8863     8.6601      3.1893   0.0706   57.53      7    Success 
     6        1.5675    12.3748      1.3188   0.0695   62.09      8    Success 
     7        0.6170     7.3213      0.9506   0.0353   70.49      9    Success 
     8       -0.1564     5.9227      0.7733   0.0322   64.45     10    Success 
     9       -0.8640     4.0336      0.7076   0.0497   66.76     11    Success 
    10       -0.9162     3.3309      0.0522   0.0062   65.06     13    Success 
    11       -0.9839     1.5347      0.0677   0.0114   73.98     14    Success 
    12       -1.0148     0.9725      0.0309   0.0069   66.88     15    Success 
    13       -1.0433     1.3589      0.0285   0.0124   67.72     16    Success 
    14       -1.0527     2.3037      0.0094   0.0168   78.52     17    Success 
    15       -1.0665     1.0599      0.0138   0.0017   60.78     18    Success 
    16       -1.0733     0.3689      0.0068   0.0047   76.73     19    Success 
    17       -1.0747     0.2718      0.0014   0.0032   80.44     20    Success 
    18       -1.0757     0.1099      0.0010   0.0032   79.65     21    Success 
    19       -1.0759     0.1036      0.0003   0.0016   77.77     22    Success 
    20       -1.0760     0.2794      0.0001   0.0019   74.13     23    Success 
    21       -1.0762     0.1799      0.0002   0.0002   70.58     24    Success 
    22       -1.0764     0.0887      0.0002   0.0009   77.79     25   SmallGrad

 LBFGS  --  Normal Termination due to SmallGrad

 Final Function Value :           -1.07643197
 Final RMS Gradient :              0.08870273
 Final Gradient Norm :             0.28050266
