
     ######################################################################
   ##########################################################################
  ###                                                                      ###
 ###            Tinker  ---  Software Tools for Molecular Design            ###
 ##                                                                          ##
 ##                      Version 8.9.4   September 2021                      ##
 ##                                                                          ##
 ##               Copyright (c)  Jay William Ponder  1990-2021               ##
 ###                           All Rights Reserved                          ###
  ###                                                                      ###
   ##########################################################################
     ######################################################################


 Additional Atom Definition Parameters :

     Type  Class  Symbol  Description               Atomic    Mass   Valence

      402   402     Cl    CH3Cl                       17     35.453     1
      401   401     C     CH3Cl                        6     12.011     4
      403   403     H     CH3Cl                        1      1.008     1

 Additional Bond Stretching Parameters :

     Atom Classes             K(S)         Length

       401 402             173.528         1.7800
       403 401             363.209         1.0900

 Additional Angle Bending Parameters :

     Atom Classes             K(B)          Angle

     403 401 402            39.031        108.920
     403 401 403            78.005        110.010

 Additional Stretch-Bend Parameters :

     Atom Classes          K(SB)-1        K(SB)-2

     403 401 402             5.713          5.713
     403 401 403             5.713          5.713

 Additional Atomic Multipole Parameters :

     Atom Type     Coordinate Frame Definition         Multipole Moments

         402      401      0      0   Z-Only      -0.18822
                                                   0.00000  0.00000  0.22173
                                                  -0.86960
                                                   0.00000 -0.86960
                                                   0.00000  0.00000  1.73920

         401      403    403    403   3-Fold      -0.03750
                                                  -0.00003  0.00000 -0.31746
                                                  -0.40149
                                                   0.00000 -0.40166
                                                   0.00018  0.00000  0.80315

         403      401    402      0   Z-then-X     0.07524
                                                   0.01342  0.00000 -0.10396
                                                   0.01705
                                                   0.00000  0.01985
                                                  -0.00558  0.00000 -0.03690

 Additional Atomic Dipole Polarizability Parameters :

     Atom Type           Alpha       Thole     Group Atom Types

         402             2.337       0.390         401
         401             1.620       0.390         402  403
         403             0.480       0.390         401

 Additional van der Waals Parameters :

     Atom Class               Size        Epsilon        Reduction

         401                3.8200         0.1010          0.000
         402                3.8980         0.4130          0.000
         403                2.9600         0.0240          0.920

 Additional Solvation Parameters :

     Atom Type                PB Size     CS Size     GK Size

         403             3.1430      3.3740      4.1440
         401             3.5062      3.3090      4.5360

 Limited Memory BFGS Quasi-Newton Optimization :

 QN Iter     F Value      G RMS      F Move   X Move   Angle  FG Call  Comment

     0      596.3645   957.1091                                   1
     1      146.3285   129.9040    450.0360   0.1318    0.00      2    Success 
     2      125.7476    93.0728     20.5809   0.0188    7.47      3    Success 
     3       94.1411    59.1402     31.6065   0.0445    5.94      4    Success 
     4       63.3725    43.3120     30.7686   0.0782   18.03      5    Success 
     5       43.4523    39.7477     19.9202   0.0908   44.83      6    Success 
     6       29.4124    56.1479     14.0400   0.1318   55.47      7    Success 
     7       14.1186    33.1033     15.2937   0.1109   69.01      8    Success 
     8        6.9186    21.0170      7.2000   0.1183   67.63      9    Success 
     9        4.1988    15.6780      2.7198   0.0260   38.26     10    Success 
    10        2.8734    13.1117      1.3255   0.0211   48.10     11    Success 
    11        2.0630    11.0198      0.8104   0.0224   67.12     12    Success 
    12        1.3182    10.2521      0.7448   0.0350   67.36     13    Success 
    13        0.8767     8.1652      0.4414   0.0171   65.65     14    Success 
    14        0.5537     7.2570      0.3230   0.0126   65.69     15    Success 
    15        0.1635     7.5364      0.3902   0.0299   72.67     16    Success 
    16       -0.1458     7.1259      0.3094   0.0245   73.79     17    Success 
    17       -0.4431     5.1655      0.2973   0.0248   77.79     18    Success 
    18       -0.8145     3.5975      0.3713   0.0423   74.19     19    Success 
    19       -0.9077     2.9639      0.0933   0.0184   73.62     21    Success 
    20       -0.9629     1.5011      0.0552   0.0155   79.77     22    Success 
    21       -0.9850     0.7100      0.0221   0.0115   78.49     23    Success 
    22       -0.9905     0.2612      0.0056   0.0058   77.18     24    Success 
    23       -0.9916     0.1355      0.0011   0.0029   77.95     25    Success 
    24       -0.9921     0.1142      0.0005   0.0021   75.34     26    Success 
    25       -0.9924     0.0937      0.0003   0.0015   73.73     27   SmallGrad

 LBFGS  --  Normal Termination due to SmallGrad

 Final Function Value :           -0.99241074
 Final RMS Gradient :              0.09367644
 Final Gradient Norm :             0.29623091
