
     ######################################################################
   ##########################################################################
  ###                                                                      ###
 ###            Tinker  ---  Software Tools for Molecular Design            ###
 ##                                                                          ##
 ##                      Version 8.9.4   September 2021                      ##
 ##                                                                          ##
 ##               Copyright (c)  Jay William Ponder  1990-2021               ##
 ###                           All Rights Reserved                          ###
  ###                                                                      ###
   ##########################################################################
     ######################################################################


 Additional Atom Definition Parameters :

     Type  Class  Symbol  Description               Atomic    Mass   Valence

      402   402     Cl    CH3Cl                       17     35.453     1
      401   401     C     CH3Cl                        6     12.011     4
      403   403     H     CH3Cl                        1      1.008     1

 Additional Bond Stretching Parameters :

     Atom Classes             K(S)         Length

       401 402             173.528         1.7800
       403 401             363.209         1.0900

 Additional Angle Bending Parameters :

     Atom Classes             K(B)          Angle

     403 401 402            39.031        108.920
     403 401 403            78.005        110.010

 Additional Stretch-Bend Parameters :

     Atom Classes          K(SB)-1        K(SB)-2

     403 401 402             5.713          5.713
     403 401 403             5.713          5.713

 Additional Atomic Multipole Parameters :

     Atom Type     Coordinate Frame Definition         Multipole Moments

         402      401      0      0   Z-Only      -0.18822
                                                   0.00000  0.00000  0.22173
                                                  -0.86960
                                                   0.00000 -0.86960
                                                   0.00000  0.00000  1.73920

         401      403    403    403   3-Fold      -0.03750
                                                  -0.00003  0.00000 -0.31746
                                                  -0.40149
                                                   0.00000 -0.40166
                                                   0.00018  0.00000  0.80315

         403      401    402      0   Z-then-X     0.07524
                                                   0.01342  0.00000 -0.10396
                                                   0.01705
                                                   0.00000  0.01985
                                                  -0.00558  0.00000 -0.03690

 Additional Atomic Dipole Polarizability Parameters :

     Atom Type           Alpha       Thole     Group Atom Types

         402             2.337       0.390         401
         401             1.620       0.390         402  403
         403             0.480       0.390         401

 Additional van der Waals Parameters :

     Atom Class               Size        Epsilon        Reduction

         401                3.8200         0.1010          0.000
         402                3.8980         0.4130          0.000
         403                2.9600         0.0240          0.920

 Additional Solvation Parameters :

     Atom Type                PB Size     CS Size     GK Size

         403             3.1430      3.3740      4.1440
         401             3.5062      3.3090      4.5360

 Limited Memory BFGS Quasi-Newton Optimization :

 QN Iter     F Value      G RMS      F Move   X Move   Angle  FG Call  Comment

     0       20.0345    31.2377                                   1
     1       12.5542    23.0510      7.4803   0.0492    0.00      3    Success 
     2        9.7081    12.1862      2.8461   0.0279   35.92      4    Success 
     3        8.4008    10.6210      1.3073   0.0184   46.25      5    Success 
     4        6.3714    12.1226      2.0294   0.0349   45.22      6    Success 
     5        3.5798     7.8776      2.7916   0.0626   57.69      7    Success 
     6        1.9518    11.4906      1.6280   0.0767   59.59      8    Success 
     7        0.8927     9.3687      1.0591   0.0568   72.11      9    Success 
     8        0.0608     5.9811      0.8319   0.0287   67.17     10    Success 
     9       -0.7332     4.9332      0.7940   0.0560   64.50     11    Success 
    10       -0.8217     2.9375      0.0885   0.0095   67.83     13    Success 
    11       -0.8738     1.6957      0.0520   0.0089   74.65     14    Success 
    12       -0.9215     1.0232      0.0477   0.0138   72.06     15    Success 
    13       -0.9451     1.6745      0.0236   0.0136   71.91     16    Success 
    14       -0.9660     1.1645      0.0209   0.0151   81.66     17    Success 
    15       -0.9759     0.5494      0.0099   0.0081   81.59     18    Success 
    16       -0.9796     0.2826      0.0037   0.0077   80.58     19    Success 
    17       -0.9799     0.1583      0.0003   0.0012   79.42     21    Success 
    18       -0.9800     0.0963      0.0002   0.0013   84.15     22   SmallGrad

 LBFGS  --  Normal Termination due to SmallGrad

 Final Function Value :           -0.98004451
 Final RMS Gradient :              0.09626989
 Final Gradient Norm :             0.30443212
