
     ######################################################################
   ##########################################################################
  ###                                                                      ###
 ###            Tinker  ---  Software Tools for Molecular Design            ###
 ##                                                                          ##
 ##                      Version 8.10.5   February 2023                      ##
 ##                                                                          ##
 ##               Copyright (c)  Jay William Ponder  1990-2023               ##
 ###                           All Rights Reserved                          ###
  ###                                                                      ###
   ##########################################################################
     ######################################################################


 Additional Atom Definition Parameters :

     Type  Class  Symbol  Description               Atomic    Mass   Valence

      401   401     C     3_25_Index_0_GrowFra         6     12.011     3
      402   402     N     3_25_Index_0_GrowFra         7     14.007     3
      403   403     C     3_25_Index_0_GrowFra         6     12.011     3
      404   404     C     3_25_Index_0_GrowFra         6     12.011     4
      405   405     C     3_25_Index_0_GrowFra         6     12.011     4
      406   406     O     3_25_Index_0_GrowFra         8     15.999     1
      408   408     C     3_25_Index_0_GrowFra         6     12.011     3
      409   409     C     3_25_Index_0_GrowFra         6     12.011     3
      407   407     C     3_25_Index_0_GrowFra         6     12.011     3
      411   411     H     3_25_Index_0_GrowFra         1      1.008     1
      410   410     N     3_25_Index_0_GrowFra         7     14.007     3
      412   412     H     3_25_Index_0_GrowFra         1      1.008     1
      413   413     H     3_25_Index_0_GrowFra         1      1.008     1
      414   414     H     3_25_Index_0_GrowFra         1      1.008     1
      415   415     H     3_25_Index_0_GrowFra         1      1.008     1
      416   416     H     3_25_Index_0_GrowFra         1      1.008     1

 Additional Bond Stretching Parameters :

     Atom Classes             K(S)         Length

       406 403             558.795         1.2300
       402 401             275.407         1.4300
       407 401             379.094         1.4000
       409 407             379.094         1.3900
       409 408             379.094         1.3900
       407 409             379.094         1.3900
       413 407             368.093         1.0900
       416 408             368.093         1.0900
       414 409             368.093         1.0900
       403 402             363.157         1.3800
       405 402             299.018         1.4600
       404 403             283.862         1.5300
       412 404             340.533         1.1000
       410 404             216.461         1.4500
       411 405             345.979         1.0900
       415 410             451.428         1.0200

 Additional Angle Bending Parameters :

     Atom Classes             K(B)          Angle

     410 404 403            77.347        112.026
     411 405 402            56.547        109.120
     412 404 403            48.035        108.401
     415 410 404            51.238        107.800
     411 405 411            36.407        108.500
     412 404 410            57.278        108.650
     412 404 412            30.491        108.519
     415 410 415            33.456        105.723

 Additional In-Plane Angle Bending Parameters :

     Atom Classes             K(B)          Angle

     401 402 403            81.049        120.892
     402 401 407            85.478        120.020
     406 403 404            49.556        121.443
     402 403 406           109.448        124.988
     401 402 405            62.054        117.640
     409 407 401            74.631        119.800
     407 401 407            74.631        119.930
     408 409 407            74.631        120.460
     407 409 408            74.631        120.460
     409 408 409            74.631        119.540
     413 407 401            36.770        119.880
     414 409 407            36.770        119.420
     414 409 408            36.770        120.120
     416 408 409            36.770        120.230
     413 407 409            36.770        120.310
     404 403 402            57.869        116.900
     405 402 403            93.856        121.690

 Additional Stretch-Bend Parameters :

     Atom Classes          K(SB)-1        K(SB)-2

     401 402 403            12.628         12.628
     402 401 407            20.453         20.453
     406 403 404            25.988         25.988
     410 404 403            20.453         20.453
     402 403 406            25.988         25.988
     401 402 405            25.952         25.952
     409 407 401            20.453         20.453
     407 401 407            20.453         20.453
     408 409 407            20.453         20.453
     407 409 408            20.453         20.453
     409 408 409            20.453         20.453
     413 407 401            20.453         20.453
     414 409 407            20.453         20.453
     414 409 408            20.453         20.453
     416 408 409            20.453         20.453
     413 407 409            20.453         20.453
     404 403 402            25.988         25.988
     411 405 402             5.713          5.713
     405 402 403            25.952         25.952
     412 404 403             5.713          5.713
     415 410 404            22.688         22.688
     411 405 411             5.713          5.713
     412 404 410             5.713          5.713
     412 404 412             5.713          5.713
     415 410 415            22.688         22.688

 Additional Torsional Parameters :

     Atom Classes     1-Fold    2-Fold    3-Fold    4-Fold    5-Fold    6-Fold

   404 403 402 401   0.00   0  0.00 180  0.00   0  0.00   0  0.00   0  0.00   0
   406 403 402 401   0.00   0  0.00 180  0.00   0  0.00   0  0.00   0  0.00   0
   413 407 401 402   0.55   0  6.19 180 -0.55   0  0.00   0  0.00   0  0.00   0
   409 407 401 402  -0.67   0  6.29 180  0.00   0  0.00   0  0.00   0  0.00   0
   410 404 403 402   0.00   0  0.00 180  0.30   0  0.00   0  0.00   0  0.00   0
   415 410 404 403   0.00   0  0.00 180  0.30   0  0.00   0  0.00   0  0.00   0
   410 404 403 406   0.00   0  0.00 180  0.30   0  0.00   0  0.00   0  0.00   0
   412 404 403 406   0.00   0  0.00 180  0.11   0  0.00   0  0.00   0  0.00   0
   412 404 403 402   0.00   0  0.00 180  0.11   0  0.00   0  0.00   0  0.00   0
   411 405 402 401   0.00   0  0.00 180 -0.13   0  0.00   0  0.00   0  0.00   0
   411 405 402 403   0.00   0  0.00 180 -0.13   0  0.00   0  0.00   0  0.00   0
   405 402 403 404   0.00   0  0.00 180  0.00   0  0.00   0  0.00   0  0.00   0
   406 403 402 405   0.00   0  0.00 180  0.00   0  0.00   0  0.00   0  0.00   0
   408 409 407 401  -0.67   0  6.29 180  0.00   0  0.00   0  0.00   0  0.00   0
   409 407 401 407  -0.67   0  6.29 180  0.00   0  0.00   0  0.00   0  0.00   0
   409 408 409 407  -0.67   0  6.29 180  0.00   0  0.00   0  0.00   0  0.00   0
   407 409 408 409  -0.67   0  7.43 180  0.00   0  0.00   0  0.00   0  0.00   0
   407 401 407 409  -0.67   0  6.29 180  0.00   0  0.00   0  0.00   0  0.00   0
   414 409 407 401   0.55   0  6.19 180 -0.55   0  0.00   0  0.00   0  0.00   0
   413 407 401 407   0.55   0  6.19 180 -0.55   0  0.00   0  0.00   0  0.00   0
   416 408 409 407   0.55   0  6.82 180 -0.55   0  0.00   0  0.00   0  0.00   0
   413 407 409 408   0.55   0  7.96 180 -0.55   0  0.00   0  0.00   0  0.00   0
   414 409 408 409   0.55   0  7.96 180 -0.55   0  0.00   0  0.00   0  0.00   0
   414 409 407 413   0.00   0  6.36 180  0.00   0  0.00   0  0.00   0  0.00   0
   416 408 409 414   0.00   0  6.36 180  0.00   0  0.00   0  0.00   0  0.00   0
   413 407 409 414   0.00   0  7.50 180  0.00   0  0.00   0  0.00   0  0.00   0
   407 401 402 403  -0.15   0  0.24 180 -0.15   0  0.00   0  0.00   0  0.00   0
   415 410 404 412   2.55   0 -2.15 180  0.07   0  0.00   0  0.00   0  0.00   0
   407 401 402 405  -0.13   0 -0.12 180  1.33   0  0.00   0  0.00   0  0.00   0

 Additional Atomic Multipole Parameters :

     Atom Type     Coordinate Frame Definition         Multipole Moments

         401      407    407      0   Bisector     0.02121
                                                   0.00000  0.00000 -0.23927
                                                  -0.31605
                                                   0.00000  0.03440
                                                   0.00000  0.00000  0.28165

         402      405    403      0   Z-then-X    -0.20292
                                                  -0.14990  0.00000  0.12901
                                                  -0.15028
                                                   0.00000 -0.58133
                                                   0.21088  0.00000  0.73161

         403      406    402      0   Z-then-X     0.74091
                                                   0.09039  0.00000  0.33154
                                                   0.21041
                                                   0.00000 -0.25797
                                                  -0.08667  0.00000  0.04756

         404      410    403      0   Z-then-X    -0.14560
                                                   0.04995  0.00000  0.14063
                                                  -0.15287
                                                   0.00000 -0.27477
                                                  -0.19398  0.00000  0.42764

         405      402    403      0   Z-then-X    -0.05708
                                                  -0.01902  0.00000  0.26606
                                                  -0.45019
                                                   0.00000 -0.33529
                                                   0.00517  0.00000  0.78548

         406      403    402      0   Z-then-X    -0.75503
                                                   0.05347  0.00000 -0.14052
                                                  -0.60714
                                                   0.00000  0.25691
                                                  -0.00054  0.00000  0.35023

         407      401    409      0   Z-then-X    -0.04678
                                                  -0.07624  0.00000 -0.07324
                                                   0.05237
                                                   0.00000 -0.08643
                                                  -0.07918  0.00000  0.03406

         408      409    409      0   Bisector    -0.04736
                                                   0.00000  0.00000 -0.08856
                                                   0.21398
                                                   0.00000 -0.15822
                                                   0.00000  0.00000 -0.05576

         409      407    408      0   Z-then-X     0.06767
                                                   0.15803  0.00000  0.08526
                                                   0.44307
                                                   0.00000 -0.41151
                                                   0.36352  0.00000 -0.03156

         411      405    402      0   Z-then-X     0.06531
                                                   0.01156  0.00000 -0.10236
                                                   0.06071
                                                   0.00000  0.01216
                                                  -0.03344  0.00000 -0.07287

         410      404    415    415   Z-Bisect    -0.20975
                                                   0.32665  0.00000  0.37768
                                                  -0.80000
                                                   0.00000  0.38242
                                                  -0.32952  0.00000  0.41758

         412      404    410      0   Z-then-X     0.07895
                                                  -0.00770  0.00000 -0.09463
                                                   0.08597
                                                   0.00000  0.04355
                                                  -0.01036  0.00000 -0.12952

         413      407    401      0   Z-then-X     0.02241
                                                  -0.02889  0.00000 -0.15089
                                                   0.04557
                                                   0.00000  0.01926
                                                   0.00626  0.00000 -0.06483

         414      409    407      0   Z-then-X     0.00803
                                                  -0.00655  0.00000 -0.14361
                                                   0.09253
                                                   0.00000 -0.00288
                                                  -0.00212  0.00000 -0.08965

         415      410    404      0   Z-then-X     0.09721
                                                   0.00551  0.00000 -0.16435
                                                   0.08766
                                                   0.00000  0.00158
                                                   0.01045  0.00000 -0.08924

         416      408    409      0   Z-then-X     0.00471
                                                  -0.01388  0.00000 -0.18338
                                                   0.08761
                                                   0.00000  0.01039
                                                  -0.04752  0.00000 -0.09800

 Additional Charge Penetration Parameters :

     Atom Class           Core Chg           Damp

         401                 0.000         0.0000
         402                 0.000         0.0000
         403                 0.000         0.0000
         404                 0.000         0.0000
         405                 0.000         0.0000
         406                 0.000         0.0000
         407                 0.000         0.0000
         408                 0.000         0.0000
         409                 0.000         0.0000
         411                 0.000         0.0000
         410                 0.000         0.0000
         412                 0.000         0.0000
         413                 0.000         0.0000
         414                 0.000         0.0000
         415                 0.000         0.0000
         416                 0.000         0.0000

 Additional Atomic Dipole Polarizability Parameters :

     Atom Type           Alpha       Thole     Group Atom Types

         401             1.600       0.390         407
         402             1.243       0.390         403
         403             1.600       0.390         402  406
         404             1.620       0.390         410  412
         405             1.620       0.390         411
         406             0.914       0.390         403
         408             1.600       0.390         409  416
         409             1.600       0.390         407  408  414
         407             1.600       0.390         401  409  413
         411             0.480       0.390         405
         410             1.185       0.390         404  415
         412             0.480       0.390         404
         413             0.432       0.390         407
         414             0.432       0.390         409
         415             0.457       0.390         410
         416             0.432       0.390         408

 Additional van der Waals Parameters :

     Atom Class               Size        Epsilon        Reduction

         415                2.7000         0.0200          0.910
         416                2.9800         0.0260          0.920
         405                3.8200         0.1010          0.000
         404                3.8200         0.1010          0.000
         411                2.9000         0.0220          0.900
         410                3.7100         0.1050          0.000
         412                2.8800         0.0240          0.910
         403                3.8200         0.1010          0.000
         406                3.3000         0.1120          0.000
         402                3.7100         0.1100          0.000
         408                3.8000         0.0890          0.000
         407                3.8000         0.0890          0.000
         401                3.8000         0.0890          0.000
         414                2.9800         0.0260          0.920
         413                2.9800         0.0260          0.920
         409                3.8000         0.0890          0.000

 Additional Solvation Parameters :

     Atom Type                PB Size     CS Size     GK Size

         416             2.5740      2.7580      2.9054
         411             2.2886      2.0030      2.6260
         412             3.0556      2.9960      4.0320
         415             3.6491      3.4040      2.9894
         407             3.8585      3.7660      3.8448
         403             2.9301      4.5060      4.2118
         409             3.8286      3.8930      4.5084
         408             3.8286      3.8930      4.5084
         401             3.6909      3.7660      4.4258
         405             3.5062      3.3090      4.5360
         410             2.8836      2.9900      3.2180
         402             3.4243      3.4910      4.2676
         406             2.9835      3.3560      2.9616

 Limited Memory BFGS Quasi-Newton Optimization :

 QN Iter     F Value      G RMS      F Move   X Move   Angle  FG Call  Comment

     0      379.5868   509.8369                                   1
     1      192.8529   346.2979    186.7339   0.0293    0.00      3    Success 
     2       99.1418   229.8241     93.7111   0.0172   34.56      4    Success 
     3       34.3233   102.2724     64.8185   0.0305   35.70      5    Success 
     4       27.8880    92.3444      6.4353   0.0090   21.06      6    Success 
     5       23.4761    47.8255      4.4120   0.0027   13.66      7    Success 
     6       18.3429    35.6097      5.1332   0.0068   23.89      8    Success 
     7       13.9284    40.8234      4.4145   0.0101   43.81      9    Success 
     8        9.3544    31.2385      4.5740   0.0137   59.20     10    Success 
     9        7.9903    36.3219      1.3641   0.0074   60.57     12    Success 
    10        6.4315    20.5554      1.5588   0.0071   68.41     13    Success 
    11        5.2710    20.6181      1.1606   0.0059   58.13     14    Success 
    12        4.0222    19.2234      1.2487   0.0080   62.16     15    Success 
    13        3.0888    21.9008      0.9334   0.0088   64.80     16    Success 
    14        2.0758    14.0968      1.0131   0.0070   66.27     17    Success 
    15        1.1966    16.7384      0.8792   0.0071   59.84     18    Success 
    16        0.1922    23.1980      1.0044   0.0115   70.19     19    Success 
    17       -0.8762    18.4881      1.0684   0.0161   77.07     20    Success 
    18       -1.7339    12.7071      0.8576   0.0080   72.24     21    Success 
    19       -2.8209    13.9901      1.0870   0.0137   66.49     22    Success 
    20       -3.5047    12.0714      0.6838   0.0104   75.35     23    Success 
    21       -4.3608    14.0582      0.8562   0.0158   72.59     24    Success 
    22       -4.7814    28.9666      0.4205   0.0180   76.05     25    Success 
    23       -5.2945    10.8858      0.5132   0.0025   61.04     26    Success 
    24       -5.4897     8.4995      0.1951   0.0030   69.05     27    Success 
    25       -5.7171     8.4225      0.2274   0.0038   66.69     28    Success 
    26       -6.0378     8.0074      0.3207   0.0060   68.88     29    Success 
    27       -6.4315     9.6142      0.3938   0.0138   76.11     30    Success 
    28       -6.7664    17.3184      0.3349   0.0126   74.30     31    Success 
    29       -7.0872     9.2522      0.3208   0.0038   74.87     32    Success 
    30       -7.4269     8.4328      0.3397   0.0056   64.81     33    Success 
    31       -7.6555     9.7548      0.2286   0.0048   73.18     34    Success 
    32       -8.0170     8.5057      0.3615   0.0089   77.28     35    Success 
    33       -8.4400     9.2296      0.4230   0.0149   76.26     36    Success 
    34       -8.6921     9.7392      0.2521   0.0133   79.51     37    Success 
    35       -8.8243     7.7605      0.1323   0.0016   60.68     38    Success 
    36       -8.9766     4.4609      0.1523   0.0031   65.12     39    Success 
    37       -9.0829     4.5035      0.1063   0.0046   73.73     40    Success 
    38       -9.1924     8.4552      0.1095   0.0065   72.36     41    Success 
    39       -9.3100     4.8585      0.1176   0.0052   77.91     42    Success 
    40       -9.3664     3.5800      0.0564   0.0029   77.62     43    Success 
    41       -9.4475     3.1941      0.0811   0.0029   62.91     44    Success 
    42       -9.5280     6.0307      0.0805   0.0046   64.52     45    Success 
    43       -9.6269     4.5408      0.0989   0.0044   76.91     46    Success 
    44       -9.7267     4.0436      0.0999   0.0043   73.36     47    Success 
    45       -9.7680    11.6396      0.0413   0.0064   73.88     48    Success 
    46       -9.8306     6.1418      0.0626   0.0014   77.56     49    Success 
    47       -9.8819     3.0856      0.0513   0.0016   69.94     50    Success 
    48       -9.9154     4.1161      0.0335   0.0017   71.19     51    Success 
    49       -9.9709     4.7627      0.0555   0.0030   77.10     52    Success 
    50      -10.0643     5.1217      0.0934   0.0049   78.57     53    Success 
    51      -10.1864     6.5454      0.1222   0.0092   80.48     54    Success 
    52      -10.3004     5.2737      0.1139   0.0126   82.90     55    Success 
    53      -10.3381     4.0827      0.0377   0.0032   76.26     56    Success 
    54      -10.3693     2.3391      0.0312   0.0015   73.75     57    Success 
    55      -10.3968     2.0246      0.0275   0.0014   58.59     58    Success 
    56      -10.4205     3.5413      0.0237   0.0020   67.11     59    Success 
    57      -10.4528     2.4816      0.0323   0.0030   79.17     60    Success 
    58      -10.4849     1.9928      0.0321   0.0040   78.70     61    Success 
    59      -10.4931     4.5756      0.0082   0.0035   74.22     62    Success 
    60      -10.5065     2.9115      0.0134   0.0004   69.72     63    Success 
    61      -10.5233     1.4901      0.0167   0.0006   52.89     64    Success 
    62      -10.5310     1.7264      0.0078   0.0005   60.38     65    Success 
    63      -10.5436     1.6947      0.0125   0.0011   70.38     66    Success 
    64      -10.5541     3.4499      0.0105   0.0022   73.67     67    Success 
    65      -10.5683     1.6517      0.0142   0.0015   80.34     68    Success 
    66      -10.5785     1.6058      0.0101   0.0014   75.77     69    Success 
    67      -10.5927     2.1870      0.0142   0.0022   76.25     70    Success 
    68      -10.6096     2.2363      0.0169   0.0024   80.05     71    Success 
    69      -10.6162     3.1862      0.0066   0.0015   80.60     73    Success 
    70      -10.6273     2.6037      0.0111   0.0012   81.60     74    Success 
    71      -10.6458     1.8840      0.0185   0.0021   80.40     75    Success 
    72      -10.6725     1.4496      0.0267   0.0039   77.90     76    Success 
    73      -10.6902     2.2745      0.0177   0.0043   78.09     77    Success 
    74      -10.6995     3.3852      0.0093   0.0038   81.21     78    Success 
    75      -10.7111     1.3799      0.0116   0.0007   74.01     79    Success 
    76      -10.7192     1.4601      0.0080   0.0006   53.16     80    Success 
    77      -10.7266     1.7201      0.0074   0.0008   70.94     81    Success 
    78      -10.7386     2.2462      0.0120   0.0018   78.16     82    Success 
    79      -10.7524     2.5732      0.0138   0.0031   81.68     83    Success 
    80      -10.7669     1.6701      0.0145   0.0037   83.50     84    Success 
    81      -10.7738     1.2530      0.0069   0.0016   81.32     85    Success 
    82      -10.7824     1.3274      0.0086   0.0013   70.39     86    Success 
    83      -10.7917     1.2829      0.0093   0.0014   75.27     87    Success 
    84      -10.8037     1.7733      0.0120   0.0024   75.45     88    Success 
    85      -10.8147     1.8328      0.0110   0.0038   81.42     89    Success 
    86      -10.8225     1.3640      0.0078   0.0008   73.08     90    Success 
    87      -10.8339     1.4129      0.0113   0.0013   68.19     91    Success 
    88      -10.8457     2.1891      0.0118   0.0028   78.93     92    Success 
    89      -10.8571     2.2986      0.0114   0.0027   80.53     93    Success 
    90      -10.8665     1.4126      0.0093   0.0011   78.32     94    Success 
    91      -10.8749     1.1460      0.0085   0.0023   78.41     95    Success 
    92      -10.8805     3.5280      0.0055   0.0013   69.58     96    Success 
    93      -10.8885     2.4685      0.0080   0.0013   85.13     97    Success 
    94      -10.9011     1.2988      0.0127   0.0023   83.34     98    Success 
    95      -10.9137     1.6684      0.0126   0.0041   81.29     99    Success 
    96      -10.9230     1.9545      0.0093   0.0024   83.45    100    Success 
    97      -10.9368     2.2754      0.0138   0.0030   82.47    101    Success 
    98      -10.9521     1.8467      0.0153   0.0053   84.56    102    Success 
    99      -10.9601     0.9767      0.0080   0.0012   76.31    103    Success 
   100      -10.9651     1.1282      0.0050   0.0008   70.22    104    Success 
   101      -10.9723     1.4549      0.0072   0.0010   68.86    105    Success 
   102      -10.9736     4.0400      0.0013   0.0025   80.52    106    Success 
   103      -10.9761     3.5089      0.0025   0.0002   81.85    107    Success 
   104      -10.9805     2.6175      0.0044   0.0004   82.22    108    Success 
   105      -10.9871     1.1216      0.0066   0.0013   83.69    109    Success 
   106      -10.9909     1.0151      0.0038   0.0015   81.37    110    Success 
   107      -10.9931     1.1821      0.0022   0.0008   82.39    111    Success 
   108      -10.9970     1.2332      0.0039   0.0009   80.51    112    Success 
   109      -11.0022     1.6467      0.0052   0.0010   74.52    113    Success 
   110      -11.0105     1.2454      0.0083   0.0023   83.30    114    Success 
   111      -11.0193     1.8221      0.0088   0.0034   80.53    115    Success 
   112      -11.0273     1.4924      0.0080   0.0034   83.30    116    Success 
   113      -11.0339     1.1150      0.0066   0.0006   67.33    117    Success 
   114      -11.0436     1.2666      0.0097   0.0012   65.66    118    Success 
   115      -11.0479     1.8251      0.0043   0.0011   74.71    120    Success 
   116      -11.0531     1.0253      0.0052   0.0016   83.49    121    Success 
   117      -11.0576     0.9267      0.0045   0.0021   83.42    122    Success 
   118      -11.0626     1.6215      0.0050   0.0025   80.61    123    Success 
   119      -11.0662     1.1260      0.0036   0.0018   84.50    124    Success 
   120      -11.0680     0.7714      0.0018   0.0002   66.67    125    Success 
   121      -11.0705     0.7500      0.0025   0.0005   64.90    126    Success 
   122      -11.0733     1.1254      0.0028   0.0007   72.61    127    Success 
   123      -11.0771     0.9031      0.0038   0.0012   80.28    128    Success 
   124      -11.0811     1.2347      0.0040   0.0021   82.34    129    Success 
   125      -11.0830     1.8059      0.0019   0.0019   81.70    130    Success 
   126      -11.0856     0.8151      0.0026   0.0005   80.09    131    Success 
   127      -11.0870     0.4912      0.0013   0.0003   70.60    132    Success 
   128      -11.0883     0.4930      0.0013   0.0004   67.34    133    Success 
   129      -11.0903     0.5423      0.0020   0.0007   71.92    134    Success 
   130      -11.0931     0.7071      0.0028   0.0010   72.46    135    Success 
   131      -11.0947     0.9637      0.0016   0.0023   81.81    136    Success 
   132      -11.0969     0.4767      0.0022   0.0006   77.27    137    Success 
   133      -11.0982     0.5283      0.0014   0.0005   70.98    138    Success 
   134      -11.0996     0.9033      0.0013   0.0007   73.74    139    Success 
   135      -11.1013     0.6168      0.0018   0.0009   82.70    140    Success 
   136      -11.1033     0.6345      0.0019   0.0010   79.67    141    Success 
   137      -11.1047     0.9330      0.0014   0.0016   82.97    142    Success 
   138      -11.1063     0.8005      0.0016   0.0008   81.50    143    Success 
   139      -11.1079     0.7177      0.0016   0.0004   73.90    144    Success 
   140      -11.1106     0.6048      0.0027   0.0008   76.35    145    Success 
   141      -11.1120     1.7184      0.0014   0.0016   76.56    146    Success 
   142      -11.1141     0.7614      0.0020   0.0005   81.72    147    Success 
   143      -11.1150     0.4515      0.0009   0.0004   79.50    148    Success 
   144      -11.1156     0.5162      0.0006   0.0004   79.82    149    Success 
   145      -11.1165     0.5445      0.0009   0.0006   80.92    150    Success 
   146      -11.1181     0.5594      0.0016   0.0010   81.48    151    Success 
   147      -11.1186     1.8891      0.0005   0.0016   81.44    152    Success 
   148      -11.1195     1.5262      0.0009   0.0003   85.62    153    Success 
   149      -11.1209     0.8907      0.0015   0.0006   85.02    154    Success 
   150      -11.1224     0.4875      0.0014   0.0011   83.88    155    Success 
   151      -11.1229     0.5738      0.0005   0.0004   82.16    156    Success 
   152      -11.1238     0.5815      0.0009   0.0005   81.60    157    Success 
   153      -11.1254     0.5786      0.0016   0.0009   81.51    158    Success 
   154      -11.1263     1.4605      0.0009   0.0019   83.02    159    Success 
   155      -11.1277     0.9689      0.0014   0.0005   84.53    160    Success 
   156      -11.1290     0.2424      0.0013   0.0009   83.50    161    Success 
   157      -11.1292     0.2606      0.0002   0.0001   73.02    162    Success 
   158      -11.1296     0.2942      0.0004   0.0002   70.92    163    Success 
   159      -11.1303     0.3742      0.0007   0.0004   74.64    164    Success 
   160      -11.1310     0.8611      0.0007   0.0007   77.08    165    Success 
   161      -11.1320     0.5056      0.0010   0.0009   85.68    166    Success 
   162      -11.1327     0.4328      0.0007   0.0008   84.59    167    Success 
   163      -11.1338     0.4941      0.0011   0.0011   82.90    168    Success 
   164      -11.1351     0.9117      0.0013   0.0016   83.40    169    Success 
   165      -11.1364     0.6438      0.0013   0.0013   85.11    170    Success 
   166      -11.1373     0.4305      0.0009   0.0002   69.10    171    Success 
   167      -11.1379     0.6630      0.0006   0.0004   63.98    172    Success 
   168      -11.1383     0.3304      0.0004   0.0001   73.73    173    Success 
   169      -11.1385     0.3167      0.0002   0.0003   82.88    174    Success 
   170      -11.1388     0.3732      0.0003   0.0005   83.55    175    Success 
   171      -11.1393     0.3744      0.0005   0.0006   83.23    176    Success 
   172      -11.1397     0.7876      0.0004   0.0006   80.96    177    Success 
   173      -11.1402     0.3335      0.0006   0.0004   83.87    178    Success 
   174      -11.1406     0.2344      0.0003   0.0002   75.22    179    Success 
   175      -11.1408     0.3017      0.0003   0.0003   76.42    180    Success 
   176      -11.1412     0.2917      0.0004   0.0003   75.86    181    Success 
   177      -11.1416     0.5585      0.0003   0.0005   77.35    182    Success 
   178      -11.1419     0.1846      0.0003   0.0003   80.48    183    Success 
   179      -11.1420     0.1397      0.0001   0.0001   76.64    184    Success 
   180      -11.1422     0.1348      0.0002   0.0002   69.31    185    Success 
   181      -11.1424     0.1392      0.0002   0.0003   72.04    186    Success 
   182      -11.1425     0.2754      0.0001   0.0001   75.35    188    Success 
   183      -11.1426     0.1874      0.0001   0.0001   81.54    189    Success 
   184      -11.1427     0.0982      0.0001   0.0002   79.18    190   SmallGrad

 LBFGS  --  Normal Termination due to SmallGrad

 Final Function Value :          -11.14266403
 Final RMS Gradient :              0.09816596
 Final Gradient Norm :             0.48091301
