
     ######################################################################
   ##########################################################################
  ###                                                                      ###
 ###            Tinker  ---  Software Tools for Molecular Design            ###
 ##                                                                          ##
 ##                      Version 8.10.5   February 2023                      ##
 ##                                                                          ##
 ##               Copyright (c)  Jay William Ponder  1990-2023               ##
 ###                           All Rights Reserved                          ###
  ###                                                                      ###
   ##########################################################################
     ######################################################################


 Additional Atom Definition Parameters :

     Type  Class  Symbol  Description               Atomic    Mass   Valence

      401   401     C     3_25_Index_0_GrowFra         6     12.011     3
      402   402     N     3_25_Index_0_GrowFra         7     14.007     3
      403   403     C     3_25_Index_0_GrowFra         6     12.011     3
      404   404     C     3_25_Index_0_GrowFra         6     12.011     4
      405   405     C     3_25_Index_0_GrowFra         6     12.011     4
      406   406     O     3_25_Index_0_GrowFra         8     15.999     1
      408   408     C     3_25_Index_0_GrowFra         6     12.011     3
      409   409     C     3_25_Index_0_GrowFra         6     12.011     3
      407   407     C     3_25_Index_0_GrowFra         6     12.011     3
      411   411     H     3_25_Index_0_GrowFra         1      1.008     1
      410   410     N     3_25_Index_0_GrowFra         7     14.007     3
      412   412     H     3_25_Index_0_GrowFra         1      1.008     1
      413   413     H     3_25_Index_0_GrowFra         1      1.008     1
      414   414     H     3_25_Index_0_GrowFra         1      1.008     1
      415   415     H     3_25_Index_0_GrowFra         1      1.008     1
      416   416     H     3_25_Index_0_GrowFra         1      1.008     1

 Additional Bond Stretching Parameters :

     Atom Classes             K(S)         Length

       406 403             558.795         1.2300
       402 401             275.407         1.4300
       407 401             379.094         1.4000
       409 407             379.094         1.3900
       409 408             379.094         1.3900
       407 409             379.094         1.3900
       413 407             368.093         1.0900
       416 408             368.093         1.0900
       414 409             368.093         1.0900
       403 402             363.157         1.3800
       405 402             299.018         1.4600
       404 403             283.862         1.5300
       412 404             340.533         1.1000
       410 404             216.461         1.4500
       411 405             345.979         1.0900
       415 410             451.428         1.0200

 Additional Angle Bending Parameters :

     Atom Classes             K(B)          Angle

     410 404 403            77.347        112.026
     411 405 402            56.547        109.120
     412 404 403            48.035        108.401
     415 410 404            51.238        107.800
     411 405 411            36.407        108.500
     412 404 410            57.278        108.650
     412 404 412            30.491        108.519
     415 410 415            33.456        105.723

 Additional In-Plane Angle Bending Parameters :

     Atom Classes             K(B)          Angle

     401 402 403            81.049        120.892
     402 401 407            85.478        120.020
     406 403 404            49.556        121.443
     402 403 406           109.448        124.988
     401 402 405            62.054        117.640
     409 407 401            74.631        119.800
     407 401 407            74.631        119.930
     408 409 407            74.631        120.460
     407 409 408            74.631        120.460
     409 408 409            74.631        119.540
     413 407 401            36.770        119.880
     414 409 407            36.770        119.420
     414 409 408            36.770        120.120
     416 408 409            36.770        120.230
     413 407 409            36.770        120.310
     404 403 402            57.869        116.900
     405 402 403            93.856        121.690

 Additional Stretch-Bend Parameters :

     Atom Classes          K(SB)-1        K(SB)-2

     401 402 403            12.628         12.628
     402 401 407            20.453         20.453
     406 403 404            25.988         25.988
     410 404 403            20.453         20.453
     402 403 406            25.988         25.988
     401 402 405            25.952         25.952
     409 407 401            20.453         20.453
     407 401 407            20.453         20.453
     408 409 407            20.453         20.453
     407 409 408            20.453         20.453
     409 408 409            20.453         20.453
     413 407 401            20.453         20.453
     414 409 407            20.453         20.453
     414 409 408            20.453         20.453
     416 408 409            20.453         20.453
     413 407 409            20.453         20.453
     404 403 402            25.988         25.988
     411 405 402             5.713          5.713
     405 402 403            25.952         25.952
     412 404 403             5.713          5.713
     415 410 404            22.688         22.688
     411 405 411             5.713          5.713
     412 404 410             5.713          5.713
     412 404 412             5.713          5.713
     415 410 415            22.688         22.688

 Additional Torsional Parameters :

     Atom Classes     1-Fold    2-Fold    3-Fold    4-Fold    5-Fold    6-Fold

   404 403 402 401  -1.52   0  3.21 180  0.00   0  0.00   0  0.00   0  0.00   0
   406 403 402 401  -0.00   0  3.28 180 -1.70   0  0.00   0  0.00   0  0.00   0
   413 407 401 402   0.55   0  6.19 180 -0.55   0  0.00   0  0.00   0  0.00   0
   409 407 401 402  -0.67   0  6.29 180  0.00   0  0.00   0  0.00   0  0.00   0
   410 404 403 402   0.00   0  0.00 180  0.30   0  0.00   0  0.00   0  0.00   0
   415 410 404 403   0.00   0  0.00 180  0.30   0  0.00   0  0.00   0  0.00   0
   410 404 403 406   0.00   0  0.00 180  0.30   0  0.00   0  0.00   0  0.00   0
   412 404 403 406   0.00   0  0.00 180  0.11   0  0.00   0  0.00   0  0.00   0
   412 404 403 402   0.00   0  0.00 180  0.11   0  0.00   0  0.00   0  0.00   0
   411 405 402 401   0.00   0  0.00 180 -0.13   0  0.00   0  0.00   0  0.00   0
   411 405 402 403   0.00   0  0.00 180 -0.13   0  0.00   0  0.00   0  0.00   0
   405 402 403 404  -0.00   0  1.90 180 -0.55   0  0.00   0  0.00   0  0.00   0
   406 403 402 405  -1.67   0  2.04 180 -0.70   0  0.00   0  0.00   0  0.00   0
   408 409 407 401  -0.67   0  6.29 180  0.00   0  0.00   0  0.00   0  0.00   0
   409 407 401 407  -0.67   0  6.29 180  0.00   0  0.00   0  0.00   0  0.00   0
   409 408 409 407  -0.67   0  6.29 180  0.00   0  0.00   0  0.00   0  0.00   0
   407 409 408 409  -0.67   0  7.43 180  0.00   0  0.00   0  0.00   0  0.00   0
   407 401 407 409  -0.67   0  6.29 180  0.00   0  0.00   0  0.00   0  0.00   0
   414 409 407 401   0.55   0  6.19 180 -0.55   0  0.00   0  0.00   0  0.00   0
   413 407 401 407   0.55   0  6.19 180 -0.55   0  0.00   0  0.00   0  0.00   0
   416 408 409 407   0.55   0  6.82 180 -0.55   0  0.00   0  0.00   0  0.00   0
   413 407 409 408   0.55   0  7.96 180 -0.55   0  0.00   0  0.00   0  0.00   0
   414 409 408 409   0.55   0  7.96 180 -0.55   0  0.00   0  0.00   0  0.00   0
   414 409 407 413   0.00   0  6.36 180  0.00   0  0.00   0  0.00   0  0.00   0
   416 408 409 414   0.00   0  6.36 180  0.00   0  0.00   0  0.00   0  0.00   0
   413 407 409 414   0.00   0  7.50 180  0.00   0  0.00   0  0.00   0  0.00   0
   407 401 402 403  -0.15   0  0.24 180 -0.15   0  0.00   0  0.00   0  0.00   0
   415 410 404 412   2.55   0 -2.15 180  0.07   0  0.00   0  0.00   0  0.00   0
   407 401 402 405  -0.13   0 -0.12 180  1.33   0  0.00   0  0.00   0  0.00   0

 Additional Atomic Multipole Parameters :

     Atom Type     Coordinate Frame Definition         Multipole Moments

         401      407    407      0   Bisector     0.02121
                                                   0.00000  0.00000 -0.23927
                                                  -0.31605
                                                   0.00000  0.03440
                                                   0.00000  0.00000  0.28165

         402      405    403      0   Z-then-X    -0.20292
                                                  -0.14990  0.00000  0.12901
                                                  -0.15028
                                                   0.00000 -0.58133
                                                   0.21088  0.00000  0.73161

         403      406    402      0   Z-then-X     0.74091
                                                   0.09039  0.00000  0.33154
                                                   0.21041
                                                   0.00000 -0.25797
                                                  -0.08667  0.00000  0.04756

         404      410    403      0   Z-then-X    -0.14560
                                                   0.04995  0.00000  0.14063
                                                  -0.15287
                                                   0.00000 -0.27477
                                                  -0.19398  0.00000  0.42764

         405      402    403      0   Z-then-X    -0.05708
                                                  -0.01902  0.00000  0.26606
                                                  -0.45019
                                                   0.00000 -0.33529
                                                   0.00517  0.00000  0.78548

         406      403    402      0   Z-then-X    -0.75503
                                                   0.05347  0.00000 -0.14052
                                                  -0.60714
                                                   0.00000  0.25691
                                                  -0.00054  0.00000  0.35023

         407      401    409      0   Z-then-X    -0.04678
                                                  -0.07624  0.00000 -0.07324
                                                   0.05237
                                                   0.00000 -0.08643
                                                  -0.07918  0.00000  0.03406

         408      409    409      0   Bisector    -0.04736
                                                   0.00000  0.00000 -0.08856
                                                   0.21398
                                                   0.00000 -0.15822
                                                   0.00000  0.00000 -0.05576

         409      407    408      0   Z-then-X     0.06767
                                                   0.15803  0.00000  0.08526
                                                   0.44307
                                                   0.00000 -0.41151
                                                   0.36352  0.00000 -0.03156

         411      405    402      0   Z-then-X     0.06531
                                                   0.01156  0.00000 -0.10236
                                                   0.06071
                                                   0.00000  0.01216
                                                  -0.03344  0.00000 -0.07287

         410      404    415    415   Z-Bisect    -0.20975
                                                   0.32665  0.00000  0.37768
                                                  -0.80000
                                                   0.00000  0.38242
                                                  -0.32952  0.00000  0.41758

         412      404    410      0   Z-then-X     0.07895
                                                  -0.00770  0.00000 -0.09463
                                                   0.08597
                                                   0.00000  0.04355
                                                  -0.01036  0.00000 -0.12952

         413      407    401      0   Z-then-X     0.02241
                                                  -0.02889  0.00000 -0.15089
                                                   0.04557
                                                   0.00000  0.01926
                                                   0.00626  0.00000 -0.06483

         414      409    407      0   Z-then-X     0.00803
                                                  -0.00655  0.00000 -0.14361
                                                   0.09253
                                                   0.00000 -0.00288
                                                  -0.00212  0.00000 -0.08965

         415      410    404      0   Z-then-X     0.09721
                                                   0.00551  0.00000 -0.16435
                                                   0.08766
                                                   0.00000  0.00158
                                                   0.01045  0.00000 -0.08924

         416      408    409      0   Z-then-X     0.00471
                                                  -0.01388  0.00000 -0.18338
                                                   0.08761
                                                   0.00000  0.01039
                                                  -0.04752  0.00000 -0.09800

 Additional Charge Penetration Parameters :

     Atom Class           Core Chg           Damp

         401                 0.000         0.0000
         402                 0.000         0.0000
         403                 0.000         0.0000
         404                 0.000         0.0000
         405                 0.000         0.0000
         406                 0.000         0.0000
         407                 0.000         0.0000
         408                 0.000         0.0000
         409                 0.000         0.0000
         411                 0.000         0.0000
         410                 0.000         0.0000
         412                 0.000         0.0000
         413                 0.000         0.0000
         414                 0.000         0.0000
         415                 0.000         0.0000
         416                 0.000         0.0000

 Additional Atomic Dipole Polarizability Parameters :

     Atom Type           Alpha       Thole     Group Atom Types

         401             1.600       0.390         407
         402             1.243       0.390         403
         403             1.600       0.390         402  406
         404             1.620       0.390         410  412
         405             1.620       0.390         411
         406             0.914       0.390         403
         408             1.600       0.390         409  416
         409             1.600       0.390         407  408  414
         407             1.600       0.390         401  409  413
         411             0.480       0.390         405
         410             1.185       0.390         404  415
         412             0.480       0.390         404
         413             0.432       0.390         407
         414             0.432       0.390         409
         415             0.457       0.390         410
         416             0.432       0.390         408

 Additional van der Waals Parameters :

     Atom Class               Size        Epsilon        Reduction

         415                2.7000         0.0200          0.910
         416                2.9800         0.0260          0.920
         405                3.8200         0.1010          0.000
         404                3.8200         0.1010          0.000
         411                2.9000         0.0220          0.900
         410                3.7100         0.1050          0.000
         412                2.8800         0.0240          0.910
         403                3.8200         0.1010          0.000
         406                3.3000         0.1120          0.000
         402                3.7100         0.1100          0.000
         408                3.8000         0.0890          0.000
         407                3.8000         0.0890          0.000
         401                3.8000         0.0890          0.000
         414                2.9800         0.0260          0.920
         413                2.9800         0.0260          0.920
         409                3.8000         0.0890          0.000

 Additional Solvation Parameters :

     Atom Type                PB Size     CS Size     GK Size

         416             2.5740      2.7580      2.9054
         411             2.2886      2.0030      2.6260
         412             3.0556      2.9960      4.0320
         415             3.6491      3.4040      2.9894
         407             3.8585      3.7660      3.8448
         403             2.9301      4.5060      4.2118
         409             3.8286      3.8930      4.5084
         408             3.8286      3.8930      4.5084
         401             3.6909      3.7660      4.4258
         405             3.5062      3.3090      4.5360
         410             2.8836      2.9900      3.2180
         402             3.4243      3.4910      4.2676
         406             2.9835      3.3560      2.9616

 Limited Memory BFGS Quasi-Newton Optimization :

 QN Iter     F Value      G RMS      F Move   X Move   Angle  FG Call  Comment

     0       -0.8832    12.1437                                   1
     1       -1.1591    21.4261      0.2759   0.0019    0.00      3    Success 
     2       -1.5241    16.6273      0.3650   0.0016   59.87      4    Success 
     3       -2.0858    11.7115      0.5617   0.0035   58.02      5    Success 
     4       -2.5887    20.7594      0.5029   0.0074   57.46      6    Success 
     5       -2.8901    11.7157      0.3014   0.0025   68.86      7    Success 
     6       -3.1717    12.1558      0.2816   0.0027   62.57      8    Success 
     7       -3.5852    13.0502      0.4136   0.0048   66.13      9    Success 
     8       -4.0343    11.1193      0.4490   0.0067   71.71     10    Success 
     9       -4.3380    15.7313      0.3037   0.0079   71.89     11    Success 
    10       -4.6039     8.9603      0.2660   0.0053   73.88     12    Success 
    11       -4.7229     5.8280      0.1190   0.0013   55.56     13    Success 
    12       -4.8217     4.5725      0.0988   0.0021   57.81     14    Success 
    13       -4.9380     7.0831      0.1163   0.0031   62.60     15    Success 
    14       -5.1264     8.2633      0.1883   0.0049   73.93     16    Success 
    15       -5.4193     7.1869      0.2929   0.0080   76.21     17    Success 
    16       -5.7981     6.4453      0.3789   0.0144   76.37     18    Success 
    17       -5.8738     6.6820      0.0756   0.0041   76.35     20    Success 
    18       -5.9894     3.9330      0.1156   0.0040   76.34     21    Success 
    19       -6.1017     3.3144      0.1123   0.0043   65.80     22    Success 
    20       -6.1867     3.7854      0.0850   0.0034   66.54     23    Success 
    21       -6.3136     3.2311      0.1269   0.0057   70.79     24    Success 
    22       -6.3495     4.2377      0.0359   0.0029   71.66     26    Success 
    23       -6.3997     2.5076      0.0502   0.0030   76.21     27    Success 
    24       -6.4136     2.9952      0.0138   0.0014   70.74     29    Success 
    25       -6.4260     1.3332      0.0125   0.0012   75.32     30    Success 
    26       -6.4317     1.4614      0.0057   0.0004   57.32     31    Success 
    27       -6.4402     1.8370      0.0085   0.0007   60.39     32    Success 
    28       -6.4517     1.2726      0.0115   0.0010   68.32     33    Success 
    29       -6.4598     1.0303      0.0081   0.0011   70.04     34    Success 
    30       -6.4695     1.1140      0.0097   0.0013   65.75     35    Success 
    31       -6.4743     3.4567      0.0048   0.0019   67.14     36    Success 
    32       -6.4819     1.9966      0.0076   0.0004   70.86     37    Success 
    33       -6.4890     0.8604      0.0070   0.0006   65.46     38    Success 
    34       -6.4920     0.9544      0.0030   0.0004   65.50     39    Success 
    35       -6.4972     1.0259      0.0052   0.0007   67.35     40    Success 
    36       -6.5035     2.1952      0.0063   0.0013   70.29     41    Success 
    37       -6.5134     1.6368      0.0099   0.0016   81.24     42    Success 
    38       -6.5280     1.2329      0.0147   0.0027   79.37     43    Success 
    39       -6.5446     1.4289      0.0166   0.0036   77.64     44    Success 
    40       -6.5605     2.9320      0.0159   0.0050   78.77     45    Success 
    41       -6.5803     1.8740      0.0198   0.0029   82.02     46    Success 
    42       -6.5997     1.6515      0.0194   0.0022   74.81     47    Success 
    43       -6.6227     1.7895      0.0230   0.0032   76.03     48    Success 
    44       -6.6552     2.8660      0.0325   0.0062   80.05     49    Success 
    45       -6.6915     2.7689      0.0362   0.0091   84.23     50    Success 
    46       -6.7156     2.6535      0.0241   0.0049   83.63     51    Success 
    47       -6.7336     3.3526      0.0180   0.0063   83.27     52    Success 
    48       -6.7469     1.8527      0.0133   0.0007   68.29     53    Success 
    49       -6.7566     2.1317      0.0097   0.0009   71.84     54    Success 
    50       -6.7722     2.1587      0.0156   0.0028   82.18     55    Success 
    51       -6.7971     1.8860      0.0250   0.0050   83.06     56    Success 
    52       -6.8217     3.8470      0.0245   0.0120   84.74     57    Success 
    53       -6.8443     1.8510      0.0226   0.0062   86.14     58    Success 
    54       -6.8555     2.0008      0.0112   0.0014   77.20     59    Success 
    55       -6.8729     2.5914      0.0174   0.0025   79.02     60    Success 
    56       -6.8963     1.9209      0.0234   0.0042   82.40     61    Success 
    57       -6.9152     1.6932      0.0189   0.0048   82.75     62    Success 
    58       -6.9320     1.8147      0.0168   0.0058   83.82     63    Success 
    59       -6.9487     2.2546      0.0167   0.0065   83.16     64    Success 
    60       -6.9624     1.4957      0.0137   0.0020   79.86     65    Success 
    61       -6.9775     1.5789      0.0151   0.0028   77.93     66    Success 
    62       -6.9943     2.0214      0.0168   0.0034   79.75     67    Success 
    63       -7.0097     2.7994      0.0155   0.0044   81.05     68    Success 
    64       -7.0247     1.5832      0.0149   0.0031   83.86     69    Success 
    65       -7.0349     1.2678      0.0103   0.0015   75.85     70    Success 
    66       -7.0465     1.4765      0.0115   0.0023   77.30     71    Success 
    67       -7.0624     1.7465      0.0159   0.0030   78.47     72    Success 
    68       -7.0692     4.7841      0.0068   0.0066   83.36     73    Success 
    69       -7.0808     3.2993      0.0116   0.0007   80.01     74    Success 
    70       -7.0977     1.4421      0.0169   0.0016   79.17     75    Success 
    71       -7.1080     1.7419      0.0103   0.0027   80.12     76    Success 
    72       -7.1139     1.5776      0.0059   0.0021   84.00     77    Success 
    73       -7.1211     1.8084      0.0071   0.0036   85.02     78    Success 
    74       -7.1273     0.9858      0.0062   0.0014   81.86     79    Success 
    75       -7.1320     1.2696      0.0047   0.0012   74.22     80    Success 
    76       -7.1355     1.4807      0.0035   0.0010   80.22     81    Success 
    77       -7.1407     1.1843      0.0053   0.0013   81.35     82    Success 
    78       -7.1480     1.2904      0.0073   0.0034   83.76     83    Success 
    79       -7.1509     2.4489      0.0029   0.0045   84.00     84    Success 
    80       -7.1551     1.1229      0.0042   0.0003   69.77     85    Success 
    81       -7.1573     0.7672      0.0023   0.0004   72.53     86    Success 
    82       -7.1591     0.8502      0.0017   0.0006   79.86     87    Success 
    83       -7.1620     0.8983      0.0029   0.0012   81.92     88    Success 
    84       -7.1666     1.0636      0.0046   0.0018   81.39     89    Success 
    85       -7.1702     1.7257      0.0036   0.0039   84.73     90    Success 
    86       -7.1741     0.7393      0.0039   0.0010   80.15     91    Success 
    87       -7.1757     0.6605      0.0016   0.0003   68.60     92    Success 
    88       -7.1781     0.6445      0.0024   0.0006   69.75     93    Success 
    89       -7.1798     1.2223      0.0018   0.0011   74.17     94    Success 
    90       -7.1819     0.5424      0.0020   0.0007   81.21     95    Success 
    91       -7.1832     0.3967      0.0013   0.0006   75.68     96    Success 
    92       -7.1843     0.4168      0.0011   0.0006   74.19     97    Success 
    93       -7.1853     0.4455      0.0010   0.0006   76.30     98    Success 
    94       -7.1855     1.1006      0.0002   0.0010   78.49     99    Success 
    95       -7.1858     0.8405      0.0003   0.0001   81.40    100    Success 
    96       -7.1863     0.3599      0.0005   0.0002   81.33    101    Success 
    97       -7.1865     0.2311      0.0002   0.0002   78.30    102    Success 
    98       -7.1866     0.2822      0.0001   0.0001   71.04    103    Success 
    99       -7.1868     0.3159      0.0002   0.0001   69.43    104    Success 
   100       -7.1871     0.3305      0.0003   0.0002   71.40    105    Success 
   101       -7.1873     0.9703      0.0002   0.0003   75.17    106    Success 
   102       -7.1877     0.7192      0.0003   0.0002   83.54    107    Success 
   103       -7.1881     0.2522      0.0004   0.0004   83.69    108    Success 
   104       -7.1882     0.1680      0.0001   0.0002   80.70    109    Success 
   105       -7.1884     0.2076      0.0002   0.0002   74.50    110    Success 
   106       -7.1886     0.2215      0.0002   0.0002   74.98    111    Success 
   107       -7.1887     0.3664      0.0001   0.0001   73.77    113    Success 
   108       -7.1889     0.2789      0.0002   0.0001   78.54    114    Success 
   109       -7.1891     0.2145      0.0002   0.0002   75.34    115    Success 
   110       -7.1894     0.3469      0.0003   0.0004   75.58    116    Success 
   111       -7.1896     0.2937      0.0002   0.0003   80.44    117    Success 
   112       -7.1898     0.2111      0.0002   0.0001   75.61    118    Success 
   113       -7.1900     0.1540      0.0002   0.0002   74.11    119    Success 
   114       -7.1902     0.2731      0.0002   0.0003   69.94    120    Success 
   115       -7.1904     0.2014      0.0002   0.0003   82.10    121    Success 
   116       -7.1905     0.1522      0.0001   0.0002   76.68    122    Success 
   117       -7.1906     0.2527      0.0001   0.0002   70.92    123    Success 
   118       -7.1907     0.1506      0.0001   0.0001   64.14    124    Success 
   119       -7.1908     0.1518      0.0001   0.0001   62.60    125    Success 
   120       -7.1909     0.2062      0.0001   0.0002   74.90    126    Success 
   121       -7.1910     0.3286      0.0001   0.0003   79.24    127    Success 
   122       -7.1911     0.1718      0.0001   0.0001   82.32    128    Success 
   123       -7.1913     0.1447      0.0001   0.0002   78.91    129    Success 
   124       -7.1913     0.1680      0.0001   0.0002   78.53    130    Success 
   125       -7.1915     0.2061      0.0001   0.0002   78.59    131    Success 
   126       -7.1916     0.1629      0.0001   0.0003   81.25    132    Success 
   127       -7.1917     0.1528      0.0001   0.0001   74.50    133    Success 
   128       -7.1917     0.1834      0.0001   0.0001   71.78    134    Success 
   129       -7.1919     0.1515      0.0001   0.0002   79.06    135    Success 
   130       -7.1920     0.2822      0.0001   0.0003   78.96    136    Success 
   131       -7.1921     0.1640      0.0001   0.0003   83.95    137    Success 
   132       -7.1921     0.0983      0.0000   0.0000   64.50    138   SmallGrad

 LBFGS  --  Normal Termination due to SmallGrad

 Final Function Value :           -7.19209619
 Final RMS Gradient :              0.09828138
 Final Gradient Norm :             0.48147847
