
     ######################################################################
   ##########################################################################
  ###                                                                      ###
 ###            Tinker  ---  Software Tools for Molecular Design            ###
 ##                                                                          ##
 ##                      Version 8.10.5   February 2023                      ##
 ##                                                                          ##
 ##               Copyright (c)  Jay William Ponder  1990-2023               ##
 ###                           All Rights Reserved                          ###
  ###                                                                      ###
   ##########################################################################
     ######################################################################


 Additional Atom Definition Parameters :

     Type  Class  Symbol  Description               Atomic    Mass   Valence

      401   401     C     3_25_Index_0_GrowFra         6     12.011     3
      402   402     N     3_25_Index_0_GrowFra         7     14.007     3
      403   403     C     3_25_Index_0_GrowFra         6     12.011     3
      404   404     C     3_25_Index_0_GrowFra         6     12.011     4
      405   405     C     3_25_Index_0_GrowFra         6     12.011     4
      406   406     O     3_25_Index_0_GrowFra         8     15.999     1
      408   408     C     3_25_Index_0_GrowFra         6     12.011     3
      409   409     C     3_25_Index_0_GrowFra         6     12.011     3
      407   407     C     3_25_Index_0_GrowFra         6     12.011     3
      411   411     H     3_25_Index_0_GrowFra         1      1.008     1
      410   410     N     3_25_Index_0_GrowFra         7     14.007     3
      412   412     H     3_25_Index_0_GrowFra         1      1.008     1
      413   413     H     3_25_Index_0_GrowFra         1      1.008     1
      414   414     H     3_25_Index_0_GrowFra         1      1.008     1
      415   415     H     3_25_Index_0_GrowFra         1      1.008     1
      416   416     H     3_25_Index_0_GrowFra         1      1.008     1

 Additional Bond Stretching Parameters :

     Atom Classes             K(S)         Length

       406 403             558.795         1.2300
       402 401             275.407         1.4300
       407 401             379.094         1.4000
       409 407             379.094         1.3900
       409 408             379.094         1.3900
       407 409             379.094         1.3900
       413 407             368.093         1.0900
       416 408             368.093         1.0900
       414 409             368.093         1.0900
       403 402             363.157         1.3800
       405 402             299.018         1.4600
       404 403             283.862         1.5300
       412 404             340.533         1.1000
       410 404             216.461         1.4500
       411 405             345.979         1.0900
       415 410             451.428         1.0200

 Additional Angle Bending Parameters :

     Atom Classes             K(B)          Angle

     410 404 403            77.347        112.026
     411 405 402            56.547        109.120
     412 404 403            48.035        108.401
     415 410 404            51.238        107.800
     411 405 411            36.407        108.500
     412 404 410            57.278        108.650
     412 404 412            30.491        108.519
     415 410 415            33.456        105.723

 Additional In-Plane Angle Bending Parameters :

     Atom Classes             K(B)          Angle

     401 402 403            81.049        120.892
     402 401 407            85.478        120.020
     406 403 404            49.556        121.443
     402 403 406           109.448        124.988
     401 402 405            62.054        117.640
     409 407 401            74.631        119.800
     407 401 407            74.631        119.930
     408 409 407            74.631        120.460
     407 409 408            74.631        120.460
     409 408 409            74.631        119.540
     413 407 401            36.770        119.880
     414 409 407            36.770        119.420
     414 409 408            36.770        120.120
     416 408 409            36.770        120.230
     413 407 409            36.770        120.310
     404 403 402            57.869        116.900
     405 402 403            93.856        121.690

 Additional Stretch-Bend Parameters :

     Atom Classes          K(SB)-1        K(SB)-2

     401 402 403            12.628         12.628
     402 401 407            20.453         20.453
     406 403 404            25.988         25.988
     410 404 403            20.453         20.453
     402 403 406            25.988         25.988
     401 402 405            25.952         25.952
     409 407 401            20.453         20.453
     407 401 407            20.453         20.453
     408 409 407            20.453         20.453
     407 409 408            20.453         20.453
     409 408 409            20.453         20.453
     413 407 401            20.453         20.453
     414 409 407            20.453         20.453
     414 409 408            20.453         20.453
     416 408 409            20.453         20.453
     413 407 409            20.453         20.453
     404 403 402            25.988         25.988
     411 405 402             5.713          5.713
     405 402 403            25.952         25.952
     412 404 403             5.713          5.713
     415 410 404            22.688         22.688
     411 405 411             5.713          5.713
     412 404 410             5.713          5.713
     412 404 412             5.713          5.713
     415 410 415            22.688         22.688

 Additional Torsional Parameters :

     Atom Classes     1-Fold    2-Fold    3-Fold    4-Fold    5-Fold    6-Fold

   404 403 402 401   0.00   0  0.00 180  0.00   0  0.00   0  0.00   0  0.00   0
   406 403 402 401   0.00   0  0.00 180  0.00   0  0.00   0  0.00   0  0.00   0
   413 407 401 402   0.55   0  6.19 180 -0.55   0  0.00   0  0.00   0  0.00   0
   409 407 401 402  -0.67   0  6.29 180  0.00   0  0.00   0  0.00   0  0.00   0
   410 404 403 402   0.00   0  0.00 180  0.30   0  0.00   0  0.00   0  0.00   0
   415 410 404 403   0.00   0  0.00 180  0.30   0  0.00   0  0.00   0  0.00   0
   410 404 403 406   0.00   0  0.00 180  0.30   0  0.00   0  0.00   0  0.00   0
   412 404 403 406   0.00   0  0.00 180  0.11   0  0.00   0  0.00   0  0.00   0
   412 404 403 402   0.00   0  0.00 180  0.11   0  0.00   0  0.00   0  0.00   0
   411 405 402 401   0.00   0  0.00 180 -0.13   0  0.00   0  0.00   0  0.00   0
   411 405 402 403   0.00   0  0.00 180 -0.13   0  0.00   0  0.00   0  0.00   0
   405 402 403 404   0.00   0  0.00 180  0.00   0  0.00   0  0.00   0  0.00   0
   406 403 402 405   0.00   0  0.00 180  0.00   0  0.00   0  0.00   0  0.00   0
   408 409 407 401  -0.67   0  6.29 180  0.00   0  0.00   0  0.00   0  0.00   0
   409 407 401 407  -0.67   0  6.29 180  0.00   0  0.00   0  0.00   0  0.00   0
   409 408 409 407  -0.67   0  6.29 180  0.00   0  0.00   0  0.00   0  0.00   0
   407 409 408 409  -0.67   0  7.43 180  0.00   0  0.00   0  0.00   0  0.00   0
   407 401 407 409  -0.67   0  6.29 180  0.00   0  0.00   0  0.00   0  0.00   0
   414 409 407 401   0.55   0  6.19 180 -0.55   0  0.00   0  0.00   0  0.00   0
   413 407 401 407   0.55   0  6.19 180 -0.55   0  0.00   0  0.00   0  0.00   0
   416 408 409 407   0.55   0  6.82 180 -0.55   0  0.00   0  0.00   0  0.00   0
   413 407 409 408   0.55   0  7.96 180 -0.55   0  0.00   0  0.00   0  0.00   0
   414 409 408 409   0.55   0  7.96 180 -0.55   0  0.00   0  0.00   0  0.00   0
   414 409 407 413   0.00   0  6.36 180  0.00   0  0.00   0  0.00   0  0.00   0
   416 408 409 414   0.00   0  6.36 180  0.00   0  0.00   0  0.00   0  0.00   0
   413 407 409 414   0.00   0  7.50 180  0.00   0  0.00   0  0.00   0  0.00   0
   407 401 402 403  -0.15   0  0.24 180 -0.15   0  0.00   0  0.00   0  0.00   0
   415 410 404 412   2.55   0 -2.15 180  0.07   0  0.00   0  0.00   0  0.00   0
   407 401 402 405  -0.13   0 -0.12 180  1.33   0  0.00   0  0.00   0  0.00   0

 Additional Atomic Multipole Parameters :

     Atom Type     Coordinate Frame Definition         Multipole Moments

         401      407    407      0   Bisector     0.02121
                                                   0.00000  0.00000 -0.23927
                                                  -0.31605
                                                   0.00000  0.03440
                                                   0.00000  0.00000  0.28165

         402      405    403      0   Z-then-X    -0.20292
                                                  -0.14990  0.00000  0.12901
                                                  -0.15028
                                                   0.00000 -0.58133
                                                   0.21088  0.00000  0.73161

         403      406    402      0   Z-then-X     0.74091
                                                   0.09039  0.00000  0.33154
                                                   0.21041
                                                   0.00000 -0.25797
                                                  -0.08667  0.00000  0.04756

         404      410    403      0   Z-then-X    -0.14560
                                                   0.04995  0.00000  0.14063
                                                  -0.15287
                                                   0.00000 -0.27477
                                                  -0.19398  0.00000  0.42764

         405      402    403      0   Z-then-X    -0.05708
                                                  -0.01902  0.00000  0.26606
                                                  -0.45019
                                                   0.00000 -0.33529
                                                   0.00517  0.00000  0.78548

         406      403    402      0   Z-then-X    -0.75503
                                                   0.05347  0.00000 -0.14052
                                                  -0.60714
                                                   0.00000  0.25691
                                                  -0.00054  0.00000  0.35023

         407      401    409      0   Z-then-X    -0.04678
                                                  -0.07624  0.00000 -0.07324
                                                   0.05237
                                                   0.00000 -0.08643
                                                  -0.07918  0.00000  0.03406

         408      409    409      0   Bisector    -0.04736
                                                   0.00000  0.00000 -0.08856
                                                   0.21398
                                                   0.00000 -0.15822
                                                   0.00000  0.00000 -0.05576

         409      407    408      0   Z-then-X     0.06767
                                                   0.15803  0.00000  0.08526
                                                   0.44307
                                                   0.00000 -0.41151
                                                   0.36352  0.00000 -0.03156

         411      405    402      0   Z-then-X     0.06531
                                                   0.01156  0.00000 -0.10236
                                                   0.06071
                                                   0.00000  0.01216
                                                  -0.03344  0.00000 -0.07287

         410      404    415    415   Z-Bisect    -0.20975
                                                   0.32665  0.00000  0.37768
                                                  -0.80000
                                                   0.00000  0.38242
                                                  -0.32952  0.00000  0.41758

         412      404    410      0   Z-then-X     0.07895
                                                  -0.00770  0.00000 -0.09463
                                                   0.08597
                                                   0.00000  0.04355
                                                  -0.01036  0.00000 -0.12952

         413      407    401      0   Z-then-X     0.02241
                                                  -0.02889  0.00000 -0.15089
                                                   0.04557
                                                   0.00000  0.01926
                                                   0.00626  0.00000 -0.06483

         414      409    407      0   Z-then-X     0.00803
                                                  -0.00655  0.00000 -0.14361
                                                   0.09253
                                                   0.00000 -0.00288
                                                  -0.00212  0.00000 -0.08965

         415      410    404      0   Z-then-X     0.09721
                                                   0.00551  0.00000 -0.16435
                                                   0.08766
                                                   0.00000  0.00158
                                                   0.01045  0.00000 -0.08924

         416      408    409      0   Z-then-X     0.00471
                                                  -0.01388  0.00000 -0.18338
                                                   0.08761
                                                   0.00000  0.01039
                                                  -0.04752  0.00000 -0.09800

 Additional Charge Penetration Parameters :

     Atom Class           Core Chg           Damp

         401                 0.000         0.0000
         402                 0.000         0.0000
         403                 0.000         0.0000
         404                 0.000         0.0000
         405                 0.000         0.0000
         406                 0.000         0.0000
         407                 0.000         0.0000
         408                 0.000         0.0000
         409                 0.000         0.0000
         411                 0.000         0.0000
         410                 0.000         0.0000
         412                 0.000         0.0000
         413                 0.000         0.0000
         414                 0.000         0.0000
         415                 0.000         0.0000
         416                 0.000         0.0000

 Additional Atomic Dipole Polarizability Parameters :

     Atom Type           Alpha       Thole     Group Atom Types

         401             1.600       0.390         407
         402             1.243       0.390         403
         403             1.600       0.390         402  406
         404             1.620       0.390         410  412
         405             1.620       0.390         411
         406             0.914       0.390         403
         408             1.600       0.390         409  416
         409             1.600       0.390         407  408  414
         407             1.600       0.390         401  409  413
         411             0.480       0.390         405
         410             1.185       0.390         404  415
         412             0.480       0.390         404
         413             0.432       0.390         407
         414             0.432       0.390         409
         415             0.457       0.390         410
         416             0.432       0.390         408

 Additional van der Waals Parameters :

     Atom Class               Size        Epsilon        Reduction

         415                2.7000         0.0200          0.910
         416                2.9800         0.0260          0.920
         405                3.8200         0.1010          0.000
         404                3.8200         0.1010          0.000
         411                2.9000         0.0220          0.900
         410                3.7100         0.1050          0.000
         412                2.8800         0.0240          0.910
         403                3.8200         0.1010          0.000
         406                3.3000         0.1120          0.000
         402                3.7100         0.1100          0.000
         408                3.8000         0.0890          0.000
         407                3.8000         0.0890          0.000
         401                3.8000         0.0890          0.000
         414                2.9800         0.0260          0.920
         413                2.9800         0.0260          0.920
         409                3.8000         0.0890          0.000

 Additional Solvation Parameters :

     Atom Type                PB Size     CS Size     GK Size

         416             2.5740      2.7580      2.9054
         411             2.2886      2.0030      2.6260
         412             3.0556      2.9960      4.0320
         415             3.6491      3.4040      2.9894
         407             3.8585      3.7660      3.8448
         403             2.9301      4.5060      4.2118
         409             3.8286      3.8930      4.5084
         408             3.8286      3.8930      4.5084
         401             3.6909      3.7660      4.4258
         405             3.5062      3.3090      4.5360
         410             2.8836      2.9900      3.2180
         402             3.4243      3.4910      4.2676
         406             2.9835      3.3560      2.9616

 Limited Memory BFGS Quasi-Newton Optimization :

 QN Iter     F Value      G RMS      F Move   X Move   Angle  FG Call  Comment

     0      387.4427   502.2705                                   1
     1      210.1443   390.0165    177.2984   0.0298    0.00      3    Success 
     2      103.1702   239.1971    106.9741   0.0184   37.92      4    Success 
     3       41.1899   106.5643     61.9802   0.0298   37.49      5    Success 
     4       35.1174    86.7490      6.0726   0.0080   18.53      6    Success 
     5       31.5175    46.4490      3.5999   0.0025   19.38      7    Success 
     6       27.1949    36.0183      4.3226   0.0054   20.06      8    Success 
     7       21.4417    46.7011      5.7532   0.0119   37.45      9    Success 
     8       16.7691    33.5474      4.6726   0.0137   64.07     10    Success 
     9       15.2949    53.0213      1.4742   0.0177   63.75     11    Success 
    10       13.1790    24.3446      2.1159   0.0027   31.91     12    Success 
    11       11.9307    15.0665      1.2484   0.0041   38.64     13    Success 
    12       11.2037    16.0397      0.7269   0.0047   54.06     14    Success 
    13       10.7543    31.9211      0.4495   0.0082   62.44     15    Success 
    14       10.1085    14.4251      0.6458   0.0025   61.98     16    Success 
    15        9.6025    13.1526      0.5060   0.0032   50.75     17    Success 
    16        9.0554    19.6466      0.5471   0.0051   64.02     18    Success 
    17        8.1981    21.7130      0.8572   0.0087   74.54     19    Success 
    18        6.8004    22.1364      1.3977   0.0139   76.28     20    Success 
    19        5.0445    18.1773      1.7559   0.0261   78.38     21    Success 
    20        4.1315    13.5438      0.9130   0.0215   77.97     22    Success 
    21        3.7085     9.1495      0.4230   0.0034   59.25     23    Success 
    22        3.2194    13.0530      0.4891   0.0058   52.71     24    Success 
    23        3.0838    21.8528      0.1356   0.0077   72.21     25    Success 
    24        2.8543    14.1326      0.2295   0.0014   68.69     26    Success 
    25        2.5190     7.3159      0.3353   0.0046   72.80     27    Success 
    26        2.2836    10.5982      0.2354   0.0064   72.47     28    Success 
    27        2.0344    11.6310      0.2492   0.0065   79.35     29    Success 
    28        1.6505    13.4392      0.3839   0.0096   79.32     30    Success 
    29        1.1905    12.9608      0.4600   0.0134   79.73     31    Success 
    30        0.8241     8.3178      0.3664   0.0086   77.80     32    Success 
    31        0.5459     7.7382      0.2782   0.0055   70.81     33    Success 
    32        0.1586    10.0872      0.3873   0.0074   66.16     34    Success 
    33       -0.1737    16.9634      0.3323   0.0145   77.29     35    Success 
    34       -0.5071     7.7972      0.3333   0.0049   76.96     36    Success 
    35       -0.7733     5.6315      0.2662   0.0080   73.92     37    Success 
    36       -0.9490     8.3911      0.1757   0.0075   76.62     38    Success 
    37       -1.1763     6.2954      0.2273   0.0083   77.93     39    Success 
    38       -1.3497    10.5813      0.1733   0.0150   79.19     40    Success 
    39       -1.5010     6.1869      0.1513   0.0049   76.61     41    Success 
    40       -1.6112     4.4660      0.1102   0.0041   76.01     42    Success 
    41       -1.7588     4.7656      0.1476   0.0043   61.54     43    Success 
    42       -1.8882     4.6399      0.1294   0.0050   68.45     44    Success 
    43       -1.9880     7.0513      0.0998   0.0078   77.11     45    Success 
    44       -2.0723     4.1376      0.0843   0.0048   81.60     46    Success 
    45       -2.1579     4.7991      0.0855   0.0036   71.20     47    Success 
    46       -2.2834     6.0948      0.1255   0.0061   76.04     48    Success 
    47       -2.3505    10.6531      0.0672   0.0081   77.71     49    Success 
    48       -2.4543     5.9179      0.1038   0.0024   77.51     50    Success 
    49       -2.5573     3.9208      0.1030   0.0035   72.00     51    Success 
    50       -2.6407     4.5672      0.0834   0.0040   74.65     52    Success 
    51       -2.7845     5.4315      0.1437   0.0072   77.82     53    Success 
    52       -2.9222    11.7835      0.1378   0.0111   78.58     54    Success 
    53       -3.1252     6.7884      0.2030   0.0132   85.78     55    Success 
    54       -3.2866     4.0862      0.1614   0.0123   83.28     56    Success 
    55       -3.4113     4.0249      0.1247   0.0088   79.02     57    Success 
    56       -3.5803     6.2467      0.1690   0.0102   75.27     58    Success 
    57       -3.6624     6.6820      0.0821   0.0071   81.06     60    Success 
    58       -3.7518     3.7516      0.0894   0.0045   79.81     61    Success 
    59       -3.8232     3.2495      0.0713   0.0032   70.85     62    Success 
    60       -3.9143     4.4141      0.0912   0.0043   68.02     63    Success 
    61       -3.9686     9.2240      0.0543   0.0082   77.90     64    Success 
    62       -4.0476     4.2572      0.0789   0.0034   81.68     65    Success 
    63       -4.1023     2.8698      0.0547   0.0043   78.95     66    Success 
    64       -4.1348     2.9935      0.0325   0.0036   80.13     67    Success 
    65       -4.1739     5.1847      0.0391   0.0037   75.66     68    Success 
    66       -4.2261     3.4204      0.0522   0.0062   84.14     69    Success 
    67       -4.2711     2.8055      0.0450   0.0044   80.40     70    Success 
    68       -4.3322     3.9473      0.0610   0.0063   77.73     71    Success 
    69       -4.3832     7.5126      0.0510   0.0090   81.80     72    Success 
    70       -4.4425     4.2984      0.0594   0.0019   76.81     73    Success 
    71       -4.5136     3.7655      0.0711   0.0044   76.40     74    Success 
    72       -4.5697     3.9317      0.0561   0.0050   81.00     75    Success 
    73       -4.6606     3.9635      0.0909   0.0084   81.83     76    Success 
    74       -4.7062     7.8084      0.0456   0.0051   79.05     78    Success 
    75       -4.7798     5.4489      0.0736   0.0074   86.24     79    Success 
    76       -4.8780     3.0301      0.0982   0.0132   85.11     80    Success 
    77       -4.9465     3.5006      0.0685   0.0081   81.72     81    Success 
    78       -5.0597     4.4058      0.1132   0.0102   80.80     82    Success 
    79       -5.1744    10.9431      0.1147   0.0172   82.85     83    Success 
    80       -5.3330     5.9970      0.1585   0.0125   85.99     84    Success 
    81       -5.4628     4.0545      0.1299   0.0072   79.67     85    Success 
    82       -5.5878     5.8120      0.1250   0.0135   81.68     86    Success 
    83       -5.6983     8.8790      0.1105   0.0114   81.32     87    Success 
    84       -5.7920     4.3612      0.0937   0.0043   81.70     88    Success 
    85       -5.8593     3.7005      0.0673   0.0122   84.89     89    Success 
    86       -5.9127     5.0274      0.0534   0.0033   71.11     90    Success 
    87       -5.9938     5.0505      0.0811   0.0075   83.20     91    Success 
    88       -6.1097     4.4083      0.1159   0.0154   85.02     92    Success 
    89       -6.2611     7.3090      0.1514   0.0123   79.77     93    Success 
    90       -6.4032     6.7643      0.1421   0.0160   84.90     94    Success 
    91       -6.5421     4.5540      0.1389   0.0057   76.97     95    Success 
    92       -6.7026     5.0189      0.1605   0.0070   72.77     96    Success 
    93       -6.8130    10.8595      0.1104   0.0247   83.82     97    Success 
    94       -6.9639     6.9445      0.1509   0.0081   83.97     98    Success 
    95       -7.1258     5.0236      0.1619   0.0082   79.56     99    Success 
    96       -7.2447     4.7008      0.1189   0.0103   82.07    100    Success 
    97       -7.3496    11.0324      0.1049   0.0198   83.89    101    Success 
    98       -7.4942     5.3265      0.1447   0.0094   85.47    102    Success 
    99       -7.6338     5.8249      0.1396   0.0083   78.73    103    Success 
   100       -7.7480     7.0688      0.1142   0.0129   85.11    104    Success 
   101       -7.9202     6.8512      0.1722   0.0089   81.26    105    Success 
   102       -8.0225    14.5406      0.1023   0.0220   84.54    106    Success 
   103       -8.1630     6.2701      0.1405   0.0071   85.23    107    Success 
   104       -8.2227     4.9771      0.0597   0.0055   79.14    108    Success 
   105       -8.3008     5.5197      0.0781   0.0154   86.44    109    Success 
   106       -8.4000     9.3634      0.0992   0.0131   84.83    110    Success 
   107       -8.5512     5.7659      0.1512   0.0125   85.95    111    Success 
   108       -8.7006     3.6243      0.1494   0.0089   77.33    112    Success 
   109       -8.7932     4.2615      0.0926   0.0174   84.50    113    Success 
   110       -8.9117     6.6677      0.1184   0.0114   80.86    114    Success 
   111       -9.0469     4.5046      0.1352   0.0117   82.75    115    Success 
   112       -9.1111     5.2493      0.0642   0.0056   79.66    116    Success 
   113       -9.1672     4.2007      0.0560   0.0024   75.66    117    Success 
   114       -9.2516     4.3340      0.0844   0.0098   83.51    118    Success 
   115       -9.3709     2.6980      0.1193   0.0079   78.21    119    Success 
   116       -9.4586     2.9327      0.0877   0.0172   81.60    120    Success 
   117       -9.4907     5.7988      0.0320   0.0038   64.85    121    Success 
   118       -9.5336     3.0393      0.0430   0.0016   73.23    122    Success 
   119       -9.5647     2.1599      0.0311   0.0037   80.48    123    Success 
   120       -9.5952     4.1629      0.0305   0.0026   65.64    124    Success 
   121       -9.6362     2.8145      0.0410   0.0064   84.52    125    Success 
   122       -9.6822     2.9541      0.0460   0.0069   82.39    126    Success 
   123       -9.7192     6.5053      0.0371   0.0053   75.72    127    Success 
   124       -9.7698     3.5071      0.0505   0.0069   86.05    128    Success 
   125       -9.8003     1.6998      0.0305   0.0023   76.38    129    Success 
   126       -9.8174     2.1517      0.0172   0.0022   74.02    130    Success 
   127       -9.8363     2.5625      0.0188   0.0023   76.08    131    Success 
   128       -9.8537     3.3477      0.0175   0.0028   77.26    132    Success 
   129       -9.8698     1.5278      0.0161   0.0018   80.47    133    Success 
   130       -9.8801     1.7095      0.0103   0.0010   64.42    134    Success 
   131       -9.8915     1.7703      0.0114   0.0015   76.67    135    Success 
   132       -9.9045     2.4521      0.0130   0.0023   76.52    136    Success 
   133       -9.9186     1.4264      0.0140   0.0023   79.14    137    Success 
   134       -9.9255     1.3268      0.0069   0.0011   76.00    138    Success 
   135       -9.9349     1.3412      0.0094   0.0015   72.59    139    Success 
   136       -9.9471     2.3992      0.0121   0.0019   72.39    140    Success 
   137       -9.9611     1.2931      0.0141   0.0028   82.68    141    Success 
   138       -9.9709     1.1383      0.0098   0.0017   74.85    142    Success 
   139       -9.9800     1.6255      0.0091   0.0023   76.78    143    Success 
   140       -9.9855     2.7755      0.0055   0.0027   80.15    144    Success 
   141       -9.9922     1.1382      0.0067   0.0004   68.96    145    Success 
   142       -9.9971     1.1486      0.0049   0.0006   63.48    146    Success 
   143      -10.0007     1.3604      0.0036   0.0007   77.31    147    Success 
   144      -10.0067     1.2881      0.0060   0.0012   79.79    148    Success 
   145      -10.0132     2.3099      0.0065   0.0020   78.69    149    Success 
   146      -10.0198     0.8394      0.0067   0.0023   84.26    150    Success 
   147      -10.0217     0.6112      0.0019   0.0003   67.74    151    Success 
   148      -10.0244     0.6858      0.0027   0.0005   56.40    152    Success 
   149      -10.0276     0.7531      0.0032   0.0008   72.49    153    Success 
   150      -10.0302     1.9121      0.0026   0.0013   73.95    154    Success 
   151      -10.0334     0.6807      0.0032   0.0009   82.87    155    Success 
   152      -10.0349     0.5783      0.0015   0.0003   68.16    156    Success 
   153      -10.0370     0.6555      0.0021   0.0005   68.22    157    Success 
   154      -10.0403     0.7951      0.0033   0.0010   73.74    158    Success 
   155      -10.0420     1.8749      0.0017   0.0017   78.48    159    Success 
   156      -10.0446     1.0720      0.0026   0.0003   76.46    160    Success 
   157      -10.0471     0.5866      0.0025   0.0006   74.63    161    Success 
   158      -10.0484     0.7049      0.0013   0.0004   74.95    162    Success 
   159      -10.0506     0.7496      0.0022   0.0007   77.36    163    Success 
   160      -10.0530     1.5665      0.0024   0.0011   76.84    164    Success 
   161      -10.0565     0.9345      0.0035   0.0013   84.41    165    Success 
   162      -10.0587     0.4522      0.0022   0.0010   82.19    166    Success 
   163      -10.0601     0.4554      0.0014   0.0006   72.17    167    Success 
   164      -10.0605     1.8015      0.0004   0.0008   71.31    168    Success 
   165      -10.0612     1.4255      0.0007   0.0001   76.92    169    Success 
   166      -10.0624     0.7992      0.0012   0.0002   75.48    170    Success 
   167      -10.0635     0.4540      0.0011   0.0003   72.39    171    Success 
   168      -10.0639     0.5384      0.0004   0.0002   77.64    172    Success 
   169      -10.0647     0.5516      0.0008   0.0004   79.80    173    Success 
   170      -10.0661     0.5512      0.0013   0.0006   78.56    174    Success 
   171      -10.0677     1.0906      0.0016   0.0012   80.05    175    Success 
   172      -10.0695     0.5656      0.0019   0.0014   84.78    176    Success 
   173      -10.0704     0.5045      0.0008   0.0005   79.68    177    Success 
   174      -10.0711     0.6924      0.0007   0.0006   76.43    178    Success 
   175      -10.0717     0.3961      0.0006   0.0002   72.79    179    Success 
   176      -10.0723     0.4064      0.0006   0.0002   63.72    180    Success 
   177      -10.0731     0.4256      0.0007   0.0004   75.65    181    Success 
   178      -10.0741     0.4223      0.0011   0.0007   78.83    182    Success 
   179      -10.0745     1.0218      0.0004   0.0012   79.42    183    Success 
   180      -10.0751     0.7285      0.0006   0.0002   80.85    184    Success 
   181      -10.0760     0.3247      0.0009   0.0003   75.23    185    Success 
   182      -10.0767     0.4205      0.0007   0.0004   70.57    186    Success 
   183      -10.0773     0.5346      0.0006   0.0004   79.25    187    Success 
   184      -10.0784     0.5394      0.0011   0.0007   81.65    188    Success 
   185      -10.0788     0.8448      0.0005   0.0006   82.62    190    Success 
   186      -10.0796     0.6359      0.0008   0.0005   84.71    191    Success 
   187      -10.0808     0.3235      0.0012   0.0009   83.48    192    Success 
   188      -10.0817     0.3563      0.0009   0.0009   79.28    193    Success 
   189      -10.0819     1.2368      0.0002   0.0011   81.48    194    Success 
   190      -10.0822     0.9903      0.0004   0.0001   79.55    195    Success 
   191      -10.0828     0.6060      0.0006   0.0001   73.40    196    Success 
   192      -10.0836     0.3498      0.0007   0.0003   70.48    197    Success 
   193      -10.0838     0.3867      0.0002   0.0002   80.45    198    Success 
   194      -10.0842     0.3979      0.0004   0.0003   80.88    199    Success 
   195      -10.0848     0.5016      0.0006   0.0006   81.58    200    Success 
   196      -10.0856     0.3791      0.0008   0.0010   84.19    201    Success 
   197      -10.0862     0.5334      0.0006   0.0008   82.80    202    Success 
   198      -10.0868     0.4600      0.0006   0.0010   84.83    203    Success 
   199      -10.0873     0.3395      0.0005   0.0002   69.89    204    Success 
   200      -10.0879     0.3302      0.0007   0.0003   62.16    205    Success 
   201      -10.0886     0.3266      0.0007   0.0006   79.79    206    Success 
   202      -10.0890     0.6903      0.0004   0.0007   75.32    207    Success 
   203      -10.0896     0.3471      0.0006   0.0005   83.94    208    Success 
   204      -10.0900     0.2136      0.0004   0.0006   83.19    209    Success 
   205      -10.0904     0.2624      0.0004   0.0004   76.31    210    Success 
   206      -10.0911     0.3126      0.0007   0.0008   80.57    211    Success 
   207      -10.0918     0.6837      0.0008   0.0010   80.10    212    Success 
   208      -10.0927     0.4062      0.0009   0.0011   85.21    213    Success 
   209      -10.0933     0.2870      0.0006   0.0006   81.69    214    Success 
   210      -10.0938     0.2754      0.0005   0.0005   75.47    215    Success 
   211      -10.0942     0.2330      0.0004   0.0004   76.87    216    Success 
   212      -10.0947     0.2894      0.0005   0.0007   78.27    217    Success 
   213      -10.0948     0.3250      0.0001   0.0004   83.92    219    Success 
   214      -10.0950     0.2234      0.0002   0.0003   83.67    220    Success 
   215      -10.0953     0.1722      0.0002   0.0003   78.53    221    Success 
   216      -10.0955     0.1540      0.0003   0.0003   73.13    222    Success 
   217      -10.0956     0.3161      0.0001   0.0001   73.44    224    Success 
   218      -10.0957     0.2052      0.0001   0.0001   79.07    225    Success 
   219      -10.0959     0.1249      0.0001   0.0002   74.12    226    Success 
   220      -10.0960     0.1357      0.0001   0.0002   70.77    227    Success 
   221      -10.0960     0.5084      0.0000   0.0003   76.25    228    Success 
   222      -10.0961     0.4308      0.0000   0.0000   74.88    229    Success 
   223      -10.0961     0.2962      0.0001   0.0000   78.78    230    Success 
   224      -10.0962     0.1018      0.0001   0.0001   80.25    231    Success 
   225      -10.0963     0.1423      0.0000   0.0001   78.07    232    Success 
   226      -10.0963     0.1987      0.0001   0.0001   81.87    233    Success 
   227      -10.0964     0.2217      0.0001   0.0002   83.02    234    Success 
   228      -10.0966     0.2533      0.0001   0.0002   81.45    235    Success 
   229      -10.0967     0.2346      0.0002   0.0004   83.87    236    Success 
   230      -10.0968     0.1443      0.0001   0.0003   83.68    237    Success 
   231      -10.0969     0.1023      0.0001   0.0001   68.77    238    Success 
   232      -10.0969     0.1239      0.0000   0.0001   72.24    239    Success 
   233      -10.0970     0.1232      0.0000   0.0000   71.26    240    Success 
   234      -10.0970     0.0965      0.0001   0.0001   79.90    241   SmallGrad

 LBFGS  --  Normal Termination due to SmallGrad

 Final Function Value :          -10.09701854
 Final RMS Gradient :              0.09653833
 Final Gradient Norm :             0.47293930
