
     ######################################################################
   ##########################################################################
  ###                                                                      ###
 ###            Tinker  ---  Software Tools for Molecular Design            ###
 ##                                                                          ##
 ##                      Version 8.9.4   September 2021                      ##
 ##                                                                          ##
 ##               Copyright (c)  Jay William Ponder  1990-2021               ##
 ###                           All Rights Reserved                          ###
  ###                                                                      ###
   ##########################################################################
     ######################################################################


 Additional Atom Definition Parameters :

     Type  Class  Symbol  Description               Atomic    Mass   Valence

      402   402     Cl    CH2Cl2                      17     35.453     1
      401   401     C     CH2Cl2                       6     12.011     4
      403   403     H     CH2Cl2                       1      1.008     1

 Additional Bond Stretching Parameters :

     Atom Classes             K(S)         Length

       401 402             276.477         1.7700
       403 401             384.844         1.0900

 Additional Angle Bending Parameters :

     Atom Classes             K(B)          Angle

     402 401 402            46.092        113.090
     403 401 402            45.080        108.250
     403 401 403            32.984        110.760

 Additional Stretch-Bend Parameters :

     Atom Classes          K(SB)-1        K(SB)-2

     402 401 402             5.713          5.713
     403 401 402             5.713          5.713
     403 401 403             5.713          5.713

 Additional Atomic Multipole Parameters :

     Atom Type     Coordinate Frame Definition         Multipole Moments

         402      401    402      0   Z-then-X    -0.14546
                                                   0.00326  0.00000  0.12567
                                                  -0.78473
                                                   0.00000 -0.75367
                                                  -0.10104  0.00000  1.53840

         401      402    402      0   Bisector     0.10860
                                                   0.00000  0.00000  0.37492
                                                   0.67742
                                                   0.00000 -0.76666
                                                   0.00000  0.00000  0.08924

         403      401    403      0   Z-then-X     0.09116
                                                  -0.01717  0.00000 -0.14164
                                                   0.05168
                                                   0.00000  0.00671
                                                  -0.00365  0.00000 -0.05839

 Additional Atomic Dipole Polarizability Parameters :

     Atom Type           Alpha       Thole     Group Atom Types

         402             2.337       0.390         401
         401             1.620       0.390         402  403
         403             0.480       0.390         401

 Additional van der Waals Parameters :

     Atom Class               Size        Epsilon        Reduction

         401                3.8200         0.1010          0.000
         402                3.8980         0.3620          0.000
         403                2.9600         0.0240          0.920

 Additional Solvation Parameters :

     Atom Type                PB Size     CS Size     GK Size

         403             3.0205      3.8850      4.0505
         401             3.3025      2.8540      4.9016

 Limited Memory BFGS Quasi-Newton Optimization :

 QN Iter     F Value      G RMS      F Move   X Move   Angle  FG Call  Comment

     0      157.7296   275.7515                                   1
     1       37.1271    77.9075    120.6025   0.1473    0.00      2    Success 
     2       26.7137    40.2542     10.4134   0.0482   14.86      3    Success 
     3       22.9067    30.5267      3.8070   0.0153   30.14      4    Success 
     4       16.8334    16.4680      6.0733   0.0367   31.76      5    Success 
     5       10.1994    14.6917      6.6340   0.0756   14.62      6    Success 
     6        6.0739    13.0197      4.1255   0.0809   50.93      7    Success 
     7        4.4859    34.4256      1.5880   0.1437   58.53      8    Success 
     8        2.2019    16.2490      2.2840   0.0182   50.64      9    Success 
     9        0.8462     7.7954      1.3557   0.0401   66.06     10    Success 
    10        0.1622     9.2007      0.6840   0.0453   71.47     11    Success 
    11       -0.5880    10.7417      0.7502   0.0606   72.14     12    Success 
    12       -0.9687     5.7922      0.3806   0.0604   78.53     13    Success 
    13       -1.1233     2.7426      0.1547   0.0167   72.65     14    Success 
    14       -1.2025     2.6774      0.0792   0.0074   44.77     15    Success 
    15       -1.2568     2.8174      0.0542   0.0086   56.43     16    Success 
    16       -1.2839     2.3744      0.0271   0.0130   75.05     17    Success 
    17       -1.3027     1.3455      0.0188   0.0049   75.08     18    Success 
    18       -1.3271     1.3186      0.0244   0.0140   76.55     19    Success 
    19       -1.3495     1.5739      0.0224   0.0155   79.80     20    Success 
    20       -1.3826     1.3643      0.0331   0.0223   80.81     21    Success 
    21       -1.3915     1.5681      0.0089   0.0098   80.40     23    Success 
    22       -1.4045     0.7733      0.0130   0.0116   82.99     24    Success 
    23       -1.4116     0.4923      0.0071   0.0089   78.65     25    Success 
    24       -1.4166     0.6040      0.0051   0.0043   69.44     26    Success 
    25       -1.4256     0.7745      0.0089   0.0053   66.57     27    Success 
    26       -1.4397     1.3832      0.0142   0.0085   70.24     28    Success 
    27       -1.4635     1.6455      0.0238   0.0153   80.37     29    Success 
    28       -1.5022     2.3339      0.0386   0.0275   82.44     30    Success 
    29       -1.5523     3.2710      0.0501   0.0463   84.88     31    Success 
    30       -1.6057     2.9134      0.0534   0.0333   84.23     32    Success 
    31       -1.6806     1.6194      0.0749   0.0249   79.40     33    Success 
    32       -1.7008     2.2560      0.0202   0.0106   58.42     34    Success 
    33       -1.7141     1.5313      0.0133   0.0245   84.74     35    Success 
    34       -1.7209     0.7094      0.0067   0.0102   84.03     36    Success 
    35       -1.7252     0.5106      0.0044   0.0032   71.19     37    Success 
    36       -1.7325     0.5768      0.0073   0.0090   76.33     38    Success 
    37       -1.7446     0.7069      0.0121   0.0153   78.04     39    Success 
    38       -1.7621     1.0589      0.0175   0.0285   81.37     40    Success 
    39       -1.7693     2.7994      0.0072   0.0320   82.58     41    Success 
    40       -1.7815     2.0470      0.0122   0.0037   80.05     42    Success 
    41       -1.8001     0.9432      0.0186   0.0092   80.70     43    Success 
    42       -1.8179     1.3356      0.0179   0.0148   76.82     44    Success 
    43       -1.8306     2.1315      0.0127   0.0109   76.77     45    Success 
    44       -1.8400     2.4168      0.0094   0.0219   86.10     46    Success 
    45       -1.8516     1.0347      0.0116   0.0079   82.98     47    Success 
    46       -1.8612     0.7109      0.0096   0.0078   76.98     48    Success 
    47       -1.8672     0.9558      0.0060   0.0070   78.13     49    Success 
    48       -1.8758     1.1495      0.0086   0.0105   81.47     50    Success 
    49       -1.8828     1.0578      0.0069   0.0092   78.27     51    Success 
    50       -1.8905     0.7080      0.0077   0.0139   83.19     52    Success 
    51       -1.8928     0.5079      0.0023   0.0033   75.61     53    Success 
    52       -1.8938     0.8205      0.0010   0.0038   76.77     54    Success 
    53       -1.8953     0.5314      0.0016   0.0025   83.41     55    Success 
    54       -1.8976     0.3639      0.0023   0.0041   79.75     56    Success 
    55       -1.9003     0.5591      0.0027   0.0041   73.17     57    Success 
    56       -1.9047     0.8460      0.0045   0.0053   76.78     58    Success 
    57       -1.9122     1.1907      0.0075   0.0082   80.77     59    Success 
    58       -1.9237     1.7040      0.0115   0.0127   82.91     60    Success 
    59       -1.9399     2.1995      0.0162   0.0202   85.23     61    Success 
    60       -1.9620     2.3088      0.0221   0.0213   85.04     62    Success 
    61       -1.9769     2.3938      0.0149   0.0257   84.65     63    Success 
    62       -1.9960     1.3503      0.0191   0.0111   81.92     64    Success 
    63       -2.0072     0.9675      0.0112   0.0088   76.55     65    Success 
    64       -2.0116     1.2338      0.0043   0.0087   83.84     66    Success 
    65       -2.0161     0.5697      0.0045   0.0042   77.77     67    Success 
    66       -2.0198     0.6548      0.0036   0.0083   82.14     68    Success 
    67       -2.0231     0.8810      0.0033   0.0081   83.85     69    Success 
    68       -2.0274     1.0232      0.0043   0.0107   85.66     70    Success 
    69       -2.0330     1.2143      0.0056   0.0128   85.23     71    Success 
    70       -2.0372     1.3895      0.0042   0.0202   86.72     72    Success 
    71       -2.0411     0.4930      0.0039   0.0016   62.80     73    Success 
    72       -2.0430     0.4521      0.0019   0.0052   83.16     74    Success 
    73       -2.0456     0.6525      0.0026   0.0111   84.60     75    Success 
    74       -2.0486     1.1726      0.0030   0.0081   83.47     76    Success 
    75       -2.0522     0.6436      0.0035   0.0078   85.22     77    Success 
    76       -2.0559     0.6562      0.0037   0.0087   82.99     78    Success 
    77       -2.0581     0.5979      0.0022   0.0065   80.82     79    Success 
    78       -2.0595     0.4790      0.0013   0.0077   86.33     81    Success 
    79       -2.0607     0.3228      0.0012   0.0033   82.63     82    Success 
    80       -2.0621     0.2824      0.0014   0.0055   81.63     83    Success 
    81       -2.0636     0.3113      0.0014   0.0059   82.01     84    Success 
    82       -2.0651     0.5630      0.0016   0.0079   81.52     85    Success 
    83       -2.0674     0.4759      0.0023   0.0091   85.67     86    Success 
    84       -2.0695     0.7920      0.0021   0.0078   81.06     87    Success 
    85       -2.0723     0.6739      0.0028   0.0139   87.29     88    Success 
    86       -2.0761     0.7648      0.0038   0.0089   84.56     89    Success 
    87       -2.0826     0.6455      0.0065   0.0083   81.29     90    Success 
    88       -2.0902     1.6422      0.0077   0.0249   84.24     91    Success 
    89       -2.1007     1.1171      0.0105   0.0134   85.02     92    Success 
    90       -2.1108     1.1831      0.0101   0.0213   86.10     93    Success 
    91       -2.1230     1.5034      0.0122   0.0238   84.87     94    Success 
    92       -2.1431     1.4013      0.0201   0.0253   85.39     95    Success 
    93       -2.1724     2.3655      0.0293   0.0440   85.33     96    Success 
    94       -2.2089     2.2894      0.0365   0.0375   85.26     97    Success 
    95       -2.2317     2.9461      0.0228   0.0396   86.94     99    Success 
    96       -2.2648     2.2324      0.0331   0.0187   84.08    100    Success 
    97       -2.3114     2.9868      0.0466   0.0536   86.03    101    Success 
    98       -2.3582     3.4531      0.0467   0.0434   84.85    102    Success 
    99       -2.4146     1.3304      0.0565   0.0326   84.04    103    Success 
   100       -2.4522     2.9767      0.0376   0.0362   78.86    104    Success 
   101       -2.4782     3.4119      0.0260   0.0127   75.63    105    Success 
   102       -2.5146     1.7682      0.0364   0.0176   83.79    106    Success 
   103       -2.5418     2.0674      0.0271   0.0194   81.68    107    Success 
   104       -2.5814     2.7011      0.0396   0.0133   77.18    108    Success 
   105       -2.6449     3.6059      0.0635   0.0259   81.86    109    Success 
   106       -2.7269     2.6880      0.0820   0.0299   81.54    110    Success 
   107       -2.7702     4.6966      0.0433   0.0304   83.35    112    Success 
   108       -2.8262     3.6983      0.0560   0.0179   82.84    113    Success 
   109       -2.8822     4.9506      0.0560   0.0370   84.14    114    Success 
   110       -2.9667     2.9753      0.0845   0.0153   79.35    115    Success 
   111       -3.0247     4.2323      0.0580   0.0359   83.23    117    Success 
   112       -3.0602     2.8665      0.0355   0.0174   78.63    118    Success 
   113       -3.0948     2.4248      0.0346   0.0186   80.42    119    Success 
   114       -3.1338     2.3242      0.0390   0.0184   78.84    120    Success 
   115       -3.1698     1.5647      0.0360   0.0092   71.70    121    Success 
   116       -3.1908     2.3470      0.0211   0.0206   81.47    123    Success 
   117       -3.2144     1.4635      0.0236   0.0142   80.88    124    Success 
   118       -3.2276     1.1368      0.0132   0.0105   82.08    125    Success 
   119       -3.2456     1.1012      0.0180   0.0200   81.67    126    Success 
   120       -3.2529     1.1603      0.0074   0.0122   79.36    127    Success 
   121       -3.2557     1.1012      0.0028   0.0136   85.35    128    Success 
   122       -3.2584     0.4837      0.0027   0.0054   83.31    129    Success 
   123       -3.2598     0.3265      0.0014   0.0020   77.00    130    Success 
   124       -3.2622     0.2985      0.0023   0.0050   77.80    131    Success 
   125       -3.2658     0.2817      0.0036   0.0104   79.13    132    Success 
   126       -3.2678     1.1453      0.0020   0.0123   74.84    133    Success 
   127       -3.2705     0.5331      0.0028   0.0061   85.95    134    Success 
   128       -3.2722     0.2976      0.0017   0.0029   77.05    135    Success 
   129       -3.2733     0.2041      0.0011   0.0055   83.11    136    Success 
   130       -3.2749     0.2744      0.0016   0.0045   72.24    137    Success 
   131       -3.2756     0.6794      0.0007   0.0063   77.33    138    Success 
   132       -3.2768     0.4277      0.0012   0.0027   84.16    139    Success 
   133       -3.2784     0.2691      0.0016   0.0072   84.44    140    Success 
   134       -3.2793     0.3288      0.0009   0.0072   85.31    141    Success 
   135       -3.2806     0.3677      0.0012   0.0095   85.67    142    Success 
   136       -3.2817     0.3657      0.0011   0.0079   85.32    143    Success 
   137       -3.2829     0.3822      0.0012   0.0040   81.24    144    Success 
   138       -3.2842     0.4255      0.0013   0.0033   80.51    145    Success 
   139       -3.2860     0.4338      0.0018   0.0067   83.67    146    Success 
   140       -3.2868     0.4028      0.0008   0.0031   81.67    148    Success 
   141       -3.2877     0.1665      0.0009   0.0058   85.32    149    Success 
   142       -3.2879     0.1367      0.0002   0.0009   72.16    150    Success 
   143       -3.2880     0.1059      0.0001   0.0021   85.20    151    Success 
   144       -3.2882     0.1204      0.0002   0.0011   79.48    152    Success 
   145       -3.2885     0.1314      0.0003   0.0016   78.51    153    Success 
   146       -3.2890     0.1688      0.0005   0.0026   78.21    154    Success 
   147       -3.2899     0.1913      0.0009   0.0044   80.06    155    Success 
   148       -3.2915     0.3350      0.0016   0.0079   81.15    156    Success 
   149       -3.2938     0.4949      0.0023   0.0142   85.23    157    Success 
   150       -3.2959     0.7737      0.0021   0.0184   86.66    158    Success 
   151       -3.2984     0.6135      0.0024   0.0058   83.26    159    Success 
   152       -3.3005     0.3788      0.0021   0.0134   86.98    160    Success 
   153       -3.3018     0.6086      0.0013   0.0085   80.41    161    Success 
   154       -3.3023     0.4443      0.0006   0.0054   86.05    162    Success 
   155       -3.3027     0.1952      0.0003   0.0057   86.82    163    Success 
   156       -3.3029     0.1302      0.0002   0.0022   83.33    164    Success 
   157       -3.3030     0.1462      0.0001   0.0018   82.39    165    Success 
   158       -3.3032     0.1173      0.0002   0.0011   81.03    166    Success 
   159       -3.3034     0.1192      0.0002   0.0020   80.28    167    Success 
   160       -3.3037     0.1235      0.0003   0.0032   82.00    168    Success 
   161       -3.3040     0.1429      0.0003   0.0038   84.87    169    Success 
   162       -3.3044     0.1197      0.0004   0.0050   84.65    170    Success 
   163       -3.3049     0.1322      0.0005   0.0055   81.51    171    Success 
   164       -3.3051     0.2694      0.0003   0.0069   83.50    172    Success 
   165       -3.3055     0.1735      0.0003   0.0018   82.77    173    Success 
   166       -3.3058     0.2218      0.0003   0.0040   84.45    174    Success 
   167       -3.3061     0.2532      0.0004   0.0044   85.90    175    Success 
   168       -3.3065     0.1511      0.0003   0.0031   85.72    176    Success 
   169       -3.3067     0.0475      0.0002   0.0023   82.34    177   SmallGrad

 LBFGS  --  Normal Termination due to SmallGrad

 Final Function Value :           -3.30667234
 Final RMS Gradient :              0.04751719
 Final Gradient Norm :             0.13439890
