
     ######################################################################
   ##########################################################################
  ###                                                                      ###
 ###            Tinker  ---  Software Tools for Molecular Design            ###
 ##                                                                          ##
 ##                      Version 8.9.4   September 2021                      ##
 ##                                                                          ##
 ##               Copyright (c)  Jay William Ponder  1990-2021               ##
 ###                           All Rights Reserved                          ###
  ###                                                                      ###
   ##########################################################################
     ######################################################################


 Additional Atom Definition Parameters :

     Type  Class  Symbol  Description               Atomic    Mass   Valence

      402   402     Cl    CH2Cl2                      17     35.453     1
      401   401     C     CH2Cl2                       6     12.011     4
      403   403     H     CH2Cl2                       1      1.008     1

 Additional Bond Stretching Parameters :

     Atom Classes             K(S)         Length

       401 402             276.477         1.7700
       403 401             384.844         1.0900

 Additional Angle Bending Parameters :

     Atom Classes             K(B)          Angle

     402 401 402            46.092        113.090
     403 401 402            45.080        108.250
     403 401 403            32.984        110.760

 Additional Stretch-Bend Parameters :

     Atom Classes          K(SB)-1        K(SB)-2

     402 401 402             5.713          5.713
     403 401 402             5.713          5.713
     403 401 403             5.713          5.713

 Additional Atomic Multipole Parameters :

     Atom Type     Coordinate Frame Definition         Multipole Moments

         402      401    402      0   Z-then-X    -0.14546
                                                   0.00326  0.00000  0.12567
                                                  -0.78473
                                                   0.00000 -0.75367
                                                  -0.10104  0.00000  1.53840

         401      402    402      0   Bisector     0.10860
                                                   0.00000  0.00000  0.37492
                                                   0.67742
                                                   0.00000 -0.76666
                                                   0.00000  0.00000  0.08924

         403      401    403      0   Z-then-X     0.09116
                                                  -0.01717  0.00000 -0.14164
                                                   0.05168
                                                   0.00000  0.00671
                                                  -0.00365  0.00000 -0.05839

 Additional Atomic Dipole Polarizability Parameters :

     Atom Type           Alpha       Thole     Group Atom Types

         402             2.337       0.390         401
         401             1.620       0.390         402  403
         403             0.480       0.390         401

 Additional van der Waals Parameters :

     Atom Class               Size        Epsilon        Reduction

         401                3.8200         0.1010          0.000
         402                3.8980         0.3620          0.000
         403                2.9600         0.0240          0.920

 Additional Solvation Parameters :

     Atom Type                PB Size     CS Size     GK Size

         403             3.0205      3.8850      4.0505
         401             3.3025      2.8540      4.9016

 Limited Memory BFGS Quasi-Newton Optimization :

 QN Iter     F Value      G RMS      F Move   X Move   Angle  FG Call  Comment

     0       70.0690    92.1414                                   1
     1       25.9010    62.5100     44.1681   0.1318    0.00      2    Success 
     2       13.1518    24.8222     12.7491   0.0641   32.17      3    Success 
     3       10.7702    14.6168      2.3816   0.0140   26.37      4    Success 
     4        8.3352    11.9315      2.4350   0.0305   31.26      5    Success 
     5        6.6867    12.5583      1.6486   0.0302   55.41      6    Success 
     6        4.2010    12.8395      2.4856   0.0498   58.18      7    Success 
     7        1.1991    10.7975      3.0019   0.0911   64.85      8    Success 
     8       -0.3883     8.7524      1.5874   0.0848   70.87      9    Success 
     9       -0.9509     5.7416      0.5626   0.0363   72.30     10    Success 
    10       -1.2682     4.2972      0.3173   0.0173   61.47     11    Success 
    11       -1.5414     3.5369      0.2732   0.0167   48.28     12    Success 
    12       -1.7219     2.9684      0.1805   0.0105   50.50     13    Success 
    13       -1.9661     3.6039      0.2442   0.0225   57.25     14    Success 
    14       -2.1349     6.5543      0.1688   0.0418   71.09     15    Success 
    15       -2.3146     2.8033      0.1798   0.0169   76.51     16    Success 
    16       -2.4096     2.0223      0.0950   0.0232   77.16     17    Success 
    17       -2.4717     1.8059      0.0620   0.0168   76.37     18    Success 
    18       -2.5350     2.7234      0.0633   0.0233   72.89     19    Success 
    19       -2.5835     1.5167      0.0485   0.0181   76.56     20    Success 
    20       -2.5981     0.7737      0.0146   0.0042   72.72     21    Success 
    21       -2.6128     0.8010      0.0147   0.0076   68.62     22    Success 
    22       -2.6272     1.0264      0.0144   0.0075   72.67     23    Success 
    23       -2.6490     1.0108      0.0217   0.0117   76.15     24    Success 
    24       -2.6685     1.1750      0.0195   0.0214   79.94     25    Success 
    25       -2.6757     0.8347      0.0073   0.0059   77.76     27    Success 
    26       -2.6810     0.2801      0.0053   0.0026   66.65     28    Success 
    27       -2.6821     0.1743      0.0011   0.0014   57.13     29    Success 
    28       -2.6824     0.1192      0.0003   0.0007   72.88     30    Success 
    29       -2.6826     0.0869      0.0002   0.0012   70.26     31   SmallGrad

 LBFGS  --  Normal Termination due to SmallGrad

 Final Function Value :           -2.68262474
 Final RMS Gradient :              0.08690785
 Final Gradient Norm :             0.27482676
