
     ######################################################################
   ##########################################################################
  ###                                                                      ###
 ###            Tinker  ---  Software Tools for Molecular Design            ###
 ##                                                                          ##
 ##                      Version 8.9.4   September 2021                      ##
 ##                                                                          ##
 ##               Copyright (c)  Jay William Ponder  1990-2021               ##
 ###                           All Rights Reserved                          ###
  ###                                                                      ###
   ##########################################################################
     ######################################################################


 Additional Atom Definition Parameters :

     Type  Class  Symbol  Description               Atomic    Mass   Valence

      402   402     Cl    CH2Cl2                      17     35.453     1
      401   401     C     CH2Cl2                       6     12.011     4
      403   403     H     CH2Cl2                       1      1.008     1

 Additional Bond Stretching Parameters :

     Atom Classes             K(S)         Length

       401 402             276.477         1.7700
       403 401             384.844         1.0900

 Additional Angle Bending Parameters :

     Atom Classes             K(B)          Angle

     402 401 402            46.092        113.090
     403 401 402            45.080        108.250
     403 401 403            32.984        110.760

 Additional Stretch-Bend Parameters :

     Atom Classes          K(SB)-1        K(SB)-2

     402 401 402             5.713          5.713
     403 401 402             5.713          5.713
     403 401 403             5.713          5.713

 Additional Atomic Multipole Parameters :

     Atom Type     Coordinate Frame Definition         Multipole Moments

         402      401    402      0   Z-then-X    -0.14546
                                                   0.00326  0.00000  0.12567
                                                  -0.78473
                                                   0.00000 -0.75367
                                                  -0.10104  0.00000  1.53840

         401      402    402      0   Bisector     0.10860
                                                   0.00000  0.00000  0.37492
                                                   0.67742
                                                   0.00000 -0.76666
                                                   0.00000  0.00000  0.08924

         403      401    403      0   Z-then-X     0.09116
                                                  -0.01717  0.00000 -0.14164
                                                   0.05168
                                                   0.00000  0.00671
                                                  -0.00365  0.00000 -0.05839

 Additional Atomic Dipole Polarizability Parameters :

     Atom Type           Alpha       Thole     Group Atom Types

         402             2.337       0.390         401
         401             1.620       0.390         402  403
         403             0.480       0.390         401

 Additional van der Waals Parameters :

     Atom Class               Size        Epsilon        Reduction

         401                3.8200         0.1010          0.000
         402                3.8980         0.3620          0.000
         403                2.9600         0.0240          0.920

 Additional Solvation Parameters :

     Atom Type                PB Size     CS Size     GK Size

         403             3.0205      3.8850      4.0505
         401             3.3025      2.8540      4.9016

 Limited Memory BFGS Quasi-Newton Optimization :

 QN Iter     F Value      G RMS      F Move   X Move   Angle  FG Call  Comment

     0        9.0634    17.8207                                   1
     1        5.3128    22.5419      3.7506   0.0448    0.00      3    Success 
     2        2.2024     7.1724      3.1104   0.0343   51.40      4    Success 
     3        1.2877     6.2571      0.9147   0.0263   44.93      5    Success 
     4        0.4419     8.1423      0.8458   0.0356   53.18      6    Success 
     5       -0.5445     7.1085      0.9864   0.0484   64.58      7    Success 
     6       -1.2400     5.3674      0.6955   0.0319   66.55      8    Success 
     7       -1.8428     9.9605      0.6028   0.0564   62.64      9    Success 
     8       -2.3215     4.0791      0.4787   0.0286   72.22     10    Success 
     9       -2.4469     2.6093      0.1254   0.0065   52.58     11    Success 
    10       -2.5411     1.5398      0.0942   0.0112   50.69     12    Success 
    11       -2.5466     2.1836      0.0055   0.0044   49.13     13    Success 
    12       -2.5560     1.5544      0.0094   0.0012   64.20     14    Success 
    13       -2.5701     0.6802      0.0141   0.0044   73.94     15    Success 
    14       -2.5815     0.7167      0.0113   0.0079   71.80     16    Success 
    15       -2.5895     0.7729      0.0081   0.0075   78.51     17    Success 
    16       -2.6001     1.1967      0.0106   0.0100   77.91     18    Success 
    17       -2.6148     0.5849      0.0147   0.0131   82.25     19    Success 
    18       -2.6294     0.6979      0.0146   0.0109   72.46     20    Success 
    19       -2.6481     1.2406      0.0186   0.0147   73.47     21    Success 
    20       -2.6623     1.6739      0.0142   0.0168   79.72     22    Success 
    21       -2.6762     0.7187      0.0140   0.0084   81.90     23    Success 
    22       -2.6820     0.3690      0.0058   0.0099   81.91     24    Success 
    23       -2.6839     0.2629      0.0019   0.0017   67.39     25    Success 
    24       -2.6851     0.2629      0.0012   0.0024   64.64     26    Success 
    25       -2.6853     0.0654      0.0002   0.0005   70.60     28   SmallGrad

 LBFGS  --  Normal Termination due to SmallGrad

 Final Function Value :           -2.68530433
 Final RMS Gradient :              0.06537823
 Final Gradient Norm :             0.20674410
