
     ######################################################################
   ##########################################################################
  ###                                                                      ###
 ###            Tinker  ---  Software Tools for Molecular Design            ###
 ##                                                                          ##
 ##                      Version 8.9.4   September 2021                      ##
 ##                                                                          ##
 ##               Copyright (c)  Jay William Ponder  1990-2021               ##
 ###                           All Rights Reserved                          ###
  ###                                                                      ###
   ##########################################################################
     ######################################################################


 Additional Atom Definition Parameters :

     Type  Class  Symbol  Description               Atomic    Mass   Valence

      402   402     Cl    CH2Cl2                      17     35.453     1
      401   401     C     CH2Cl2                       6     12.011     4
      403   403     H     CH2Cl2                       1      1.008     1

 Additional Bond Stretching Parameters :

     Atom Classes             K(S)         Length

       401 402             276.477         1.7700
       403 401             384.844         1.0900

 Additional Angle Bending Parameters :

     Atom Classes             K(B)          Angle

     402 401 402            46.092        113.090
     403 401 402            45.080        108.250
     403 401 403            32.984        110.760

 Additional Stretch-Bend Parameters :

     Atom Classes          K(SB)-1        K(SB)-2

     402 401 402             5.713          5.713
     403 401 402             5.713          5.713
     403 401 403             5.713          5.713

 Additional Atomic Multipole Parameters :

     Atom Type     Coordinate Frame Definition         Multipole Moments

         402      401    402      0   Z-then-X    -0.14546
                                                   0.00326  0.00000  0.12567
                                                  -0.78473
                                                   0.00000 -0.75367
                                                  -0.10104  0.00000  1.53840

         401      402    402      0   Bisector     0.10860
                                                   0.00000  0.00000  0.37492
                                                   0.67742
                                                   0.00000 -0.76666
                                                   0.00000  0.00000  0.08924

         403      401    403      0   Z-then-X     0.09116
                                                  -0.01717  0.00000 -0.14164
                                                   0.05168
                                                   0.00000  0.00671
                                                  -0.00365  0.00000 -0.05839

 Additional Atomic Dipole Polarizability Parameters :

     Atom Type           Alpha       Thole     Group Atom Types

         402             2.337       0.390         401
         401             1.620       0.390         402  403
         403             0.480       0.390         401

 Additional van der Waals Parameters :

     Atom Class               Size        Epsilon        Reduction

         401                3.8200         0.1010          0.000
         402                3.8980         0.3620          0.000
         403                2.9600         0.0240          0.920

 Additional Solvation Parameters :

     Atom Type                PB Size     CS Size     GK Size

         403             3.0205      3.8850      4.0505
         401             3.3025      2.8540      4.9016

 Limited Memory BFGS Quasi-Newton Optimization :

 QN Iter     F Value      G RMS      F Move   X Move   Angle  FG Call  Comment

     0     4863.8640  7219.2967                                   1
     1     1482.3795  1065.6316   3381.4845   0.1318    0.00      2    Success 
     2     1250.4517   870.6990    231.9279   0.0241    1.67      3    Success 
     3      869.3338   576.3512    381.1179   0.0541   10.03      4    Success 
     4      428.7691   253.4065    440.5647   0.1150   14.40      5    Success 
     5      244.9097   130.9026    183.8594   0.1025   15.81      6    Success 
     6      129.4835    62.8611    115.4262   0.1303   16.25      7    Success 
     7       76.7333    53.2718     52.7501   0.1318   15.43      8    Success 
     8       51.3968    50.6295     25.3365   0.1318   39.66      9    Success 
     9       37.6296    28.0154     13.7672   0.0846   60.61     10    Success 
    10       29.6001    22.8827      8.0296   0.0827   59.05     11    Success 
    11       22.8113    29.5157      6.7887   0.0919   59.79     12    Success 
    12       14.1668    23.6230      8.6445   0.1318   73.00     13    Success 
    13        7.2816    18.3763      6.8852   0.1318   73.81     14    Success 
    14        2.2305    16.5673      5.0511   0.1318   72.57     15    Success 
    15       -0.5581    12.8896      2.7886   0.1318   73.61     16    Success 
    16       -1.7066     6.9511      1.1485   0.0188   36.57     17    Success 
    17       -2.0957     4.7226      0.3891   0.0175   62.21     18    Success 
    18       -2.3291     4.1123      0.2334   0.0158   49.32     19    Success 
    19       -2.3853     1.6580      0.0562   0.0045   52.46     21    Success 
    20       -2.4015     1.3452      0.0162   0.0017   45.98     22    Success 
    21       -2.4267     0.9866      0.0252   0.0036   47.44     23    Success 
    22       -2.4545     0.9058      0.0278   0.0054   32.67     24    Success 
    23       -2.4635     1.6214      0.0090   0.0051   52.57     25    Success 
    24       -2.4774     0.8800      0.0139   0.0020   55.73     26    Success 
    25       -2.4962     0.8980      0.0188   0.0053   54.37     27    Success 
    26       -2.5119     1.0591      0.0156   0.0061   68.11     28    Success 
    27       -2.5386     1.2512      0.0268   0.0094   71.75     29    Success 
    28       -2.5798     1.3146      0.0412   0.0164   74.82     30    Success 
    29       -2.6249     1.3276      0.0450   0.0302   78.05     31    Success 
    30       -2.6394     0.8734      0.0145   0.0101   76.91     32    Success 
    31       -2.6428     0.5983      0.0034   0.0031   68.72     33    Success 
    32       -2.6442     0.2465      0.0014   0.0009   67.98     34    Success 
    33       -2.6452     0.2451      0.0010   0.0016   71.27     35    Success 
    34       -2.6467     0.3834      0.0015   0.0029   73.67     36    Success 
    35       -2.6491     0.4752      0.0024   0.0050   80.74     37    Success 
    36       -2.6520     0.5032      0.0029   0.0073   82.00     38    Success 
    37       -2.6532     0.4099      0.0011   0.0042   83.83     40    Success 
    38       -2.6540     0.1587      0.0008   0.0015   78.77     41    Success 
    39       -2.6542     0.0934      0.0003   0.0007   67.36     42   SmallGrad

 LBFGS  --  Normal Termination due to SmallGrad

 Final Function Value :           -2.65424852
 Final RMS Gradient :              0.09339194
 Final Gradient Norm :             0.29533124
