
     ######################################################################
   ##########################################################################
  ###                                                                      ###
 ###            Tinker  ---  Software Tools for Molecular Design            ###
 ##                                                                          ##
 ##                      Version 8.9.4   September 2021                      ##
 ##                                                                          ##
 ##               Copyright (c)  Jay William Ponder  1990-2021               ##
 ###                           All Rights Reserved                          ###
  ###                                                                      ###
   ##########################################################################
     ######################################################################


 Additional Atom Definition Parameters :

     Type  Class  Symbol  Description               Atomic    Mass   Valence

      402   402     Cl    CH2Cl2                      17     35.453     1
      401   401     C     CH2Cl2                       6     12.011     4
      403   403     H     CH2Cl2                       1      1.008     1

 Additional Bond Stretching Parameters :

     Atom Classes             K(S)         Length

       401 402             276.477         1.7700
       403 401             384.844         1.0900

 Additional Angle Bending Parameters :

     Atom Classes             K(B)          Angle

     402 401 402            46.092        113.090
     403 401 402            45.080        108.250
     403 401 403            32.984        110.760

 Additional Stretch-Bend Parameters :

     Atom Classes          K(SB)-1        K(SB)-2

     402 401 402             5.713          5.713
     403 401 402             5.713          5.713
     403 401 403             5.713          5.713

 Additional Atomic Multipole Parameters :

     Atom Type     Coordinate Frame Definition         Multipole Moments

         402      401    402      0   Z-then-X    -0.14546
                                                   0.00326  0.00000  0.12567
                                                  -0.78473
                                                   0.00000 -0.75367
                                                  -0.10104  0.00000  1.53840

         401      402    402      0   Bisector     0.10860
                                                   0.00000  0.00000  0.37492
                                                   0.67742
                                                   0.00000 -0.76666
                                                   0.00000  0.00000  0.08924

         403      401    403      0   Z-then-X     0.09116
                                                  -0.01717  0.00000 -0.14164
                                                   0.05168
                                                   0.00000  0.00671
                                                  -0.00365  0.00000 -0.05839

 Additional Atomic Dipole Polarizability Parameters :

     Atom Type           Alpha       Thole     Group Atom Types

         402             2.337       0.390         401
         401             1.620       0.390         402  403
         403             0.480       0.390         401

 Additional van der Waals Parameters :

     Atom Class               Size        Epsilon        Reduction

         401                3.8200         0.1010          0.000
         402                3.8980         0.3620          0.000
         403                2.9600         0.0240          0.920

 Additional Solvation Parameters :

     Atom Type                PB Size     CS Size     GK Size

         403             3.0205      3.8850      4.0505
         401             3.3025      2.8540      4.9016

 Limited Memory BFGS Quasi-Newton Optimization :

 QN Iter     F Value      G RMS      F Move   X Move   Angle  FG Call  Comment

     0        3.0777     9.6590                                   1
     1        1.9315    23.2912      1.1462   0.0671    0.00      2    Success 
     2        0.3878     9.1253      1.5437   0.0119   33.94      3    Success 
     3       -0.0103     4.9046      0.3980   0.0072    6.61      4    Success 
     4       -0.2137     5.1986      0.2035   0.0057   30.88      5    Success 
     5       -0.5641     5.5240      0.3503   0.0117   47.79      6    Success 
     6       -1.0636     7.2195      0.4995   0.0246   58.93      7    Success 
     7       -1.6552     5.9107      0.5916   0.0439   71.63      8    Success 
     8       -1.9883     4.7655      0.3331   0.0309   74.87      9    Success 
     9       -2.3650     3.4163      0.3767   0.0467   73.72     10    Success 
    10       -2.4670     4.4754      0.1020   0.0297   71.73     11    Success 
    11       -2.5248     1.3260      0.0577   0.0074   68.73     12    Success 
    12       -2.5319     0.7864      0.0071   0.0014   58.17     13    Success 
    13       -2.5396     0.6201      0.0077   0.0031   62.33     14    Success 
    14       -2.5448     0.5110      0.0052   0.0028   64.68     15    Success 
    15       -2.5476     0.3417      0.0028   0.0023   60.59     16    Success 
    16       -2.5481     0.2134      0.0005   0.0004   41.52     18    Success 
    17       -2.5484     0.1580      0.0003   0.0002   42.44     19    Success 
    18       -2.5488     0.1972      0.0004   0.0004   39.58     20    Success 
    19       -2.5495     0.3140      0.0007   0.0009   61.76     21    Success 
    20       -2.5507     0.4369      0.0012   0.0017   74.96     22    Success 
    21       -2.5527     0.5534      0.0020   0.0031   79.88     23    Success 
    22       -2.5560     0.7115      0.0033   0.0054   82.20     24    Success 
    23       -2.5614     0.8326      0.0054   0.0093   84.22     25    Success 
    24       -2.5703     0.9875      0.0089   0.0158   85.29     26    Success 
    25       -2.5846     1.1590      0.0143   0.0256   85.97     27    Success 
    26       -2.6046     1.3991      0.0201   0.0384   86.32     28    Success 
    27       -2.6123     2.5028      0.0076   0.0468   86.49     29    Success 
    28       -2.6260     2.0099      0.0137   0.0009   48.89     30    Success 
    29       -2.6481     1.1320      0.0222   0.0108   82.73     31    Success 
    30       -2.6678     0.4910      0.0196   0.0143   77.21     32    Success 
    31       -2.6713     0.4964      0.0035   0.0168   84.73     33    Success 
    32       -2.6740     0.4673      0.0027   0.0026   71.62     34    Success 
    33       -2.6765     0.4063      0.0025   0.0052   76.94     35    Success 
    34       -2.6780     0.2042      0.0015   0.0039   81.97     36    Success 
    35       -2.6789     0.2441      0.0010   0.0031   77.92     37    Success 
    36       -2.6800     0.2658      0.0010   0.0065   84.42     38    Success 
    37       -2.6803     0.2946      0.0003   0.0027   84.98     40    Success 
    38       -2.6807     0.1191      0.0004   0.0023   84.75     41    Success 
    39       -2.6808     0.0746      0.0001   0.0031   86.04     42   SmallGrad

 LBFGS  --  Normal Termination due to SmallGrad

 Final Function Value :           -2.68082803
 Final RMS Gradient :              0.07459567
 Final Gradient Norm :             0.23589222
