
     ######################################################################
   ##########################################################################
  ###                                                                      ###
 ###            Tinker  ---  Software Tools for Molecular Design            ###
 ##                                                                          ##
 ##                      Version 8.9.4   September 2021                      ##
 ##                                                                          ##
 ##               Copyright (c)  Jay William Ponder  1990-2021               ##
 ###                           All Rights Reserved                          ###
  ###                                                                      ###
   ##########################################################################
     ######################################################################


 Additional Atom Definition Parameters :

     Type  Class  Symbol  Description               Atomic    Mass   Valence

      402   402     Cl    CH2Cl2                      17     35.453     1
      401   401     C     CH2Cl2                       6     12.011     4
      403   403     H     CH2Cl2                       1      1.008     1

 Additional Bond Stretching Parameters :

     Atom Classes             K(S)         Length

       401 402             276.477         1.7700
       403 401             384.844         1.0900

 Additional Angle Bending Parameters :

     Atom Classes             K(B)          Angle

     402 401 402            46.092        113.090
     403 401 402            45.080        108.250
     403 401 403            32.984        110.760

 Additional Stretch-Bend Parameters :

     Atom Classes          K(SB)-1        K(SB)-2

     402 401 402             5.713          5.713
     403 401 402             5.713          5.713
     403 401 403             5.713          5.713

 Additional Atomic Multipole Parameters :

     Atom Type     Coordinate Frame Definition         Multipole Moments

         402      401    402      0   Z-then-X    -0.14546
                                                   0.00326  0.00000  0.12567
                                                  -0.78473
                                                   0.00000 -0.75367
                                                  -0.10104  0.00000  1.53840

         401      402    402      0   Bisector     0.10860
                                                   0.00000  0.00000  0.37492
                                                   0.67742
                                                   0.00000 -0.76666
                                                   0.00000  0.00000  0.08924

         403      401    403      0   Z-then-X     0.09116
                                                  -0.01717  0.00000 -0.14164
                                                   0.05168
                                                   0.00000  0.00671
                                                  -0.00365  0.00000 -0.05839

 Additional Atomic Dipole Polarizability Parameters :

     Atom Type           Alpha       Thole     Group Atom Types

         402             2.337       0.390         401
         401             1.620       0.390         402  403
         403             0.480       0.390         401

 Additional van der Waals Parameters :

     Atom Class               Size        Epsilon        Reduction

         401                3.8200         0.1010          0.000
         402                3.8980         0.3620          0.000
         403                2.9600         0.0240          0.920

 Additional Solvation Parameters :

     Atom Type                PB Size     CS Size     GK Size

         403             3.0205      3.8850      4.0505
         401             3.3025      2.8540      4.9016

 Limited Memory BFGS Quasi-Newton Optimization :

 QN Iter     F Value      G RMS      F Move   X Move   Angle  FG Call  Comment

     0      927.2626  1008.7857                                   1
     1      330.4475   233.1815    596.8151   0.1318    0.00      2    Success 
     2      245.8068   165.9325     84.6406   0.0429    2.86      3    Success 
     3      125.9226    78.8018    119.8842   0.1043   11.93      4    Success 
     4       68.2977    37.9510     57.6249   0.1081   15.07      5    Success 
     5       41.2658    46.2757     27.0320   0.1296    9.72      6    Success 
     6       29.4256    43.0825     11.8402   0.1318   55.07      7    Success 
     7       23.5654    22.3206      5.8602   0.0379   54.21      8    Success 
     8       19.9950    17.8942      3.5704   0.0409   57.57      9    Success 
     9       15.7365    23.3857      4.2586   0.0754   66.24     10    Success 
    10        9.1888    21.7928      6.5477   0.1318   74.45     11    Success 
    11        4.2244    22.9827      4.9643   0.1318   75.93     12    Success 
    12        0.2577    13.7538      3.9668   0.1318   79.85     13    Success 
    13       -1.6027     7.9410      1.8604   0.1318   78.88     14    Success 
    14       -1.9310     5.3192      0.3283   0.0188   64.28     16    Success 
    15       -2.1411     3.9163      0.2100   0.0084   53.35     17    Success 
    16       -2.3953     2.4282      0.2542   0.0171   51.20     18    Success 
    17       -2.4074     4.2412      0.0121   0.0139   61.47     19    Success 
    18       -2.4291     3.3808      0.0217   0.0008   46.91     20    Success 
    19       -2.4621     1.7198      0.0330   0.0027   61.24     21    Success 
    20       -2.4820     0.8891      0.0199   0.0060   71.55     22    Success 
    21       -2.4915     1.1332      0.0095   0.0054   76.85     23    Success 
    22       -2.5079     1.2794      0.0163   0.0099   80.22     24    Success 
    23       -2.5325     1.3852      0.0246   0.0193   82.41     25    Success 
    24       -2.5446     1.6169      0.0121   0.0143   83.04     27    Success 
    25       -2.5589     0.8138      0.0143   0.0150   84.73     28    Success 
    26       -2.5685     0.5770      0.0096   0.0046   70.77     29    Success 
    27       -2.5790     0.9086      0.0105   0.0060   62.67     30    Success 
    28       -2.5859     0.8290      0.0070   0.0047   77.98     31    Success 
    29       -2.5971     0.7539      0.0112   0.0066   75.24     32    Success 
    30       -2.6072     1.3319      0.0101   0.0104   73.48     33    Success 
    31       -2.6199     0.6226      0.0128   0.0076   78.46     34    Success 
    32       -2.6277     0.6743      0.0078   0.0045   69.31     35    Success 
    33       -2.6395     0.7710      0.0118   0.0073   71.50     36    Success 
    34       -2.6428     1.7971      0.0033   0.0122   75.46     37    Success 
    35       -2.6485     1.2887      0.0057   0.0013   73.03     38    Success 
    36       -2.6557     0.2989      0.0072   0.0025   69.21     39    Success 
    37       -2.6567     0.1792      0.0010   0.0015   67.14     40    Success 
    38       -2.6571     0.1400      0.0003   0.0008   70.36     41    Success 
    39       -2.6573     0.2305      0.0002   0.0014   71.00     42    Success 
    40       -2.6574     0.1123      0.0001   0.0003   57.64     43    Success 
    41       -2.6575     0.0525      0.0001   0.0003   75.89     44   SmallGrad

 LBFGS  --  Normal Termination due to SmallGrad

 Final Function Value :           -2.65748261
 Final RMS Gradient :              0.05253479
 Final Gradient Norm :             0.16612960
