
     ######################################################################
   ##########################################################################
  ###                                                                      ###
 ###            Tinker  ---  Software Tools for Molecular Design            ###
 ##                                                                          ##
 ##                      Version 8.10.2   February 2022                      ##
 ##                                                                          ##
 ##               Copyright (c)  Jay William Ponder  1990-2022               ##
 ###                           All Rights Reserved                          ###
  ###                                                                      ###
   ##########################################################################
     ######################################################################


 Additional Atom Definition Parameters :

     Type  Class  Symbol  Description               Atomic    Mass   Valence

      412   412     H     ModifiedRes                  1      1.008     1
      401   401     C     ModifiedRes                  6     12.011     4
      402   402     S     ModifiedRes                 16     32.066     2
      403   403     C     ModifiedRes                  6     12.011     2
      404   404     N     ModifiedRes                  7     14.007     1
      405   405     C     ModifiedRes                  6     12.011     3
      406   406     O     ModifiedRes                  8     15.999     1
      407   407     N     ModifiedRes                  7     14.007     3
      413   413     H     ModifiedRes                  1      1.008     1
      408   408     C     ModifiedRes                  6     12.011     4
      414   414     H     ModifiedRes                  1      1.008     1
      409   409     C     ModifiedRes                  6     12.011     3
      410   410     O     ModifiedRes                  8     15.999     1
      411   411     N     ModifiedRes                  7     14.007     3
      415   415     H     ModifiedRes                  1      1.008     1
      416   416     H     ModifiedRes                  1      1.008     1

 Additional Bond Stretching Parameters :

     Atom Classes             K(S)         Length

       406 405             601.800         1.2300
       410 409             601.800         1.2300
       402 403             250.000         1.6900
       404 403             600.000         1.1800
       401 412             340.533         1.0900
       402 401             152.170         1.8300
       408 401             214.732         1.4623
       407 405             363.157         1.3600
       415 405             382.640         1.1000
       413 407             475.798         1.0100
       408 407             230.003         1.4225
       409 408             240.701         1.5400
       414 408             338.719         1.1000
       411 409             363.157         1.3500
       416 411             475.798         1.0100

 Additional Angle Bending Parameters :

     Atom Classes             K(B)          Angle

     402 403 404            60.000        178.370
     409 408 401            60.000        108.640
     407 408 401            60.000        107.044
     407 408 409            60.000        112.800
     402 401 408            60.000        104.103
     410 409 408            65.000        124.083
     406 405 415            68.340        122.610
     407 405 406            76.980        124.090
     411 409 410            76.980        124.670
     403 402 401            80.000         97.900
     412 401 412            30.491        111.359
     402 401 412            34.421        108.748
     408 401 412            45.743        110.070
     414 408 401            43.445        112.667
     413 407 405            40.855        120.433
     408 407 405            74.748        121.108
     415 405 407            47.844        113.300
     414 408 407            47.186        106.900
     408 407 413            29.315        118.710
     411 409 408            64.706        110.296
     409 408 414            47.543        109.058
     416 411 409            40.855        118.980
     416 411 416            37.560        119.890

 Additional Stretch-Bend Parameters :

     Atom Classes          K(SB)-1        K(SB)-2

     402 403 404             0.000          0.000
     409 408 401             0.000          0.000
     407 408 401             0.000          0.000
     407 408 409             0.000          0.000
     402 401 408             0.000          0.000
     410 409 408             0.000          0.000
     406 405 415            11.500         11.500
     407 405 406            18.700         18.700
     411 409 410            18.700         18.700
     403 402 401             0.000          0.000
     412 401 412             5.713          5.713
     402 401 412             5.713          5.713
     408 401 412             5.713          5.713
     414 408 401             5.713          5.713
     413 407 405            25.952         25.952
     408 407 405            25.952         25.952
     415 405 407            25.988         25.988
     414 408 407             5.713          5.713
     408 407 413            25.952         25.952
     411 409 408            25.988         25.988
     409 408 414             5.713          5.713
     416 411 409            25.952         25.952
     416 411 416            25.952         25.952

 Additional Out-of-Plane Bend Parameters :

     Atom Classes                   K(OPB)

     406 405   0   0                46.800
     407 405   0   0                92.784
     405 407   0   0                92.784
     415 405   0   0                74.485
     413 407   0   0                26.895
     408 407   0   0                17.705
     408 409   0   0                19.601
     411 409   0   0                92.784
     410 409   0   0                16.505
     411 416   0   0                26.895
     409 411   0   0                 0.000
     416 411   0   0                 0.000

 Additional Torsional Parameters :

     Atom Classes     1-Fold    2-Fold    3-Fold    4-Fold    5-Fold    6-Fold

   404 403 402 401   0.00   0  0.00 180  0.00   0  0.00   0  0.00   0  0.00   0
   410 409 408 401   0.00   0  0.00 180  0.30   0  0.00   0  0.00   0  0.00   0
   407 408 401 402   0.00   0  0.00 180  0.30   0  0.00   0  0.00   0  0.00   0
   411 409 408 407   0.00   0  0.00 180  0.30   0  0.00   0  0.00   0  0.00   0
   412 401 408 409   0.00   0  0.00 180  0.11   0  0.00   0  0.00   0  0.00   0
   411 409 408 401  -0.30   0  0.70 180  0.50   0  0.00   0  0.00   0  0.00   0
   402 401 408 409   0.00   0  0.00 180  0.00   0  0.00   0  0.00   0  0.00   0
   407 408 401 412   0.00   0  0.00 180  0.11   0  0.00   0  0.00   0  0.00   0
   402 401 408 414   0.00   0  0.00 180  0.11   0  0.00   0  0.00   0  0.00   0
   412 401 408 414   0.00   0  0.00 180  0.30   0  0.00   0  0.00   0  0.00   0
   414 408 409 411   0.00   0  0.00 180 -0.01   0  0.00   0  0.00   0  0.00   0
   405 407 408 401   0.66   0 -0.46 180  0.25   0  0.00   0  0.00   0  0.00   0
   405 407 408 409   0.66   0 -0.46 180  0.25   0  0.00   0  0.00   0  0.00   0
   413 407 408 401  -0.66   0 -0.42 180 -0.25   0  0.00   0  0.00   0  0.00   0
   414 408 407 405   0.00   0  0.00 180 -0.13   0  0.00   0  0.00   0  0.00   0
   416 411 409 408   0.00   0  4.62 180  0.80   0  0.00   0  0.00   0  0.00   0
   415 405 407 408   0.00   0  5.67 180  0.00   0  0.00   0  0.00   0  0.00   0
   413 407 405 415   0.00   0  3.92 180  0.35   0  0.00   0  0.00   0  0.00   0
   406 405 407 408   1.00   0  5.67 180 -2.25   0  0.00   0  0.00   0  0.00   0
   413 407 405 406   0.00   0  2.76 180 -0.36   0  0.00   0  0.00   0  0.00   0
   416 411 409 410   0.00   0  2.76 180 -0.36   0  0.00   0  0.00   0  0.00   0
   412 401 402 403   0.00   0  0.00 180  0.11   0  0.00   0  0.00   0  0.00   0
   408 401 402 403   0.00   0  0.00 180  0.00   0  0.00   0  0.00   0  0.00   0
   410 409 408 407  -0.71   0  0.93 180 -6.29   0  0.00   0  0.00   0  0.00   0
   410 409 408 414   0.00   0  0.00 180  0.11   0  0.00   0  0.00   0  0.00   0
   409 408 407 413   0.00   0  0.00 180  0.11   0  0.00   0  0.00   0  0.00   0
   414 408 407 413   0.00   0  0.00 180  0.30   0  0.00   0  0.00   0  0.00   0

 Additional Atomic Multipole Parameters :

     Atom Type     Coordinate Frame Definition         Multipole Moments

         412      401    408      0   Z-then-X     0.10178
                                                   0.00599  0.00000 -0.06793
                                                  -0.00510
                                                   0.00000  0.09894
                                                   0.04187  0.00000 -0.09384

         401      408    402      0   Z-then-X    -0.16108
                                                   0.17339  0.00000  0.34790
                                                  -0.06453
                                                   0.00000 -0.53513
                                                  -0.38320  0.00000  0.59966

         402      403    401      0   Z-then-X     0.33727
                                                   0.35077  0.00000  0.39237
                                                   1.03623
                                                   0.00000 -2.34466
                                                  -0.61441  0.00000  1.30843

         403      404      0      0   Z-Only       0.22062
                                                   0.00000  0.00000  0.32271
                                                   0.09625
                                                   0.00000  0.09625
                                                   0.00000  0.00000 -0.19250

         404      403      0      0   Z-Only      -0.56419
                                                   0.00000  0.00000 -0.29456
                                                   0.31229
                                                   0.00000  0.31229
                                                   0.00000  0.00000 -0.62458

         405      415    407      0   Z-then-X     0.62546
                                                  -0.12759  0.00000 -0.58091
                                                  -0.01990
                                                   0.00000  0.05037
                                                   0.00860  0.00000 -0.03047

         406      405    415      0   Z-then-X    -0.69198
                                                   0.17660  0.00000 -0.02070
                                                  -0.57339
                                                   0.00000  0.13368
                                                   0.14306  0.00000  0.43971

         407      408    413      0   Z-then-X    -0.02677
                                                   0.11402  0.00000  0.24083
                                                  -0.04095
                                                   0.00000 -1.20705
                                                   0.07279  0.00000  1.24800

         413      407    408      0   Z-then-X     0.12165
                                                   0.06737  0.00000 -0.15286
                                                   0.08367
                                                   0.00000 -0.05862
                                                   0.00204  0.00000 -0.02505

         408      409    414      0   Z-then-X    -0.35024
                                                   0.00635  0.00000 -0.03908
                                                  -0.27176
                                                   0.00000  0.24103
                                                   0.50281  0.00000  0.03073

         414      408    409      0   Z-then-X     0.11885
                                                   0.00534  0.00000  0.18538
                                                  -0.18520
                                                   0.00000  0.00121
                                                   0.07147  0.00000  0.18399

         409      411    410      0   Z-then-X     1.03679
                                                   0.04196  0.00000 -0.39524
                                                  -0.09020
                                                   0.00000 -0.78593
                                                   0.14050  0.00000  0.87613

         410      409    411      0   Z-then-X    -0.79567
                                                   0.23114  0.00000 -0.21616
                                                  -0.63820
                                                   0.00000  0.29274
                                                   0.27537  0.00000  0.34546

         411      416    416      0   Bisector    -0.36147
                                                   0.00000  0.00000  0.16909
                                                   0.66420
                                                   0.00000 -0.71233
                                                   0.00000  0.00000  0.04813

         415      405    407      0   Z-then-X    -0.02456
                                                  -0.09109  0.00000 -0.20696
                                                   0.10697
                                                   0.00000  0.02913
                                                  -0.05002  0.00000 -0.13610

         416      411    416      0   Z-then-X     0.15588
                                                   0.00953  0.00000 -0.18726
                                                   0.05652
                                                   0.00000 -0.01888
                                                  -0.02260  0.00000 -0.03764

 Additional Atomic Dipole Polarizability Parameters :

     Atom Type           Alpha       Thole     Group Atom Types

         412             0.480       0.390         401
         401             1.620       0.390         412
         402             3.406       0.390         403
         403             1.620       0.390         402  404
         404             1.158       0.390         403
         405             2.064       0.390         406  407  415
         406             0.914       0.390         405
         407             1.243       0.390         405  413
         413             0.457       0.390         407
         408             1.620       0.390         414
         414             0.480       0.390         408
         409             2.064       0.390         410  411
         410             0.914       0.390         409
         411             1.243       0.390         409  416
         415             0.480       0.390         405
         416             0.457       0.390         411

 Additional van der Waals Parameters :

     Atom Class               Size        Epsilon        Reduction

         408                3.8200         0.1010          0.000
         405                3.8200         0.1060          0.000
         409                3.8200         0.1060          0.000
         415                2.8000         0.0260          0.910
         406                3.3000         0.1120          0.000
         410                3.3000         0.1120          0.000
         407                3.7100         0.1100          0.000
         411                3.7100         0.1100          0.000
         413                2.5900         0.0220          0.900
         416                2.5900         0.0220          0.900
         414                2.9300         0.0260          0.910
         401                3.7800         0.1060          0.000
         402                4.0050         0.3550          0.000
         412                2.8700         0.0330          0.900
         403                3.8200         0.1010          0.000
         404                3.5800         0.1100          0.000

 Additional Solvation Parameters :

     Atom Type                PB Size     CS Size     GK Size

         415             3.0352      2.6860      3.3152
         412             2.6533      3.3920      2.9044
         413             3.6491      3.4040      2.9894
         416             2.9089      2.8360      3.5214
         414             3.0556      2.9960      4.0320
         405             2.9301      4.5060      4.2118
         409             2.9301      4.5060      4.2118
         408             3.3967      3.2550      4.7385
         401             3.3967      3.2550      4.7385
         403             3.3967      3.2550      4.7385
         407             2.8836      2.9900      3.2180
         411             3.4243      3.4910      4.2676
         406             2.9835      3.3560      2.9616
         410             2.9835      3.3560      2.9616
         402             4.4346      4.1940      4.5431

 Limited Memory BFGS Quasi-Newton Optimization :

 QN Iter     F Value      G RMS      F Move   X Move   Angle  FG Call  Comment

     0       51.4601   134.1384                                   1
     1       14.0023    82.1662     37.4578   0.0297    0.00      3    Success 
     2       -0.9195    48.5875     14.9218   0.0164   31.95      4    Success 
     3      -12.8128    26.4451     11.8933   0.0253   29.34      5    Success 
     4      -16.8405    27.5932      4.0277   0.0175   34.49      6    Success 
     5      -20.1515    21.5057      3.3110   0.0194   52.24      7    Success 
     6      -22.7055    18.8312      2.5539   0.0133   53.00      8    Success 
     7      -26.7239    14.0790      4.0185   0.0245   52.05      9    Success 
     8      -30.3194    22.2456      3.5954   0.0525   52.86     10    Success 
     9      -32.1138    11.1027      1.7944   0.0238   64.68     11    Success 
    10      -32.7943     7.7592      0.6806   0.0053   37.01     12    Success 
    11      -33.8609     6.8052      1.0666   0.0135   43.64     13    Success 
    12      -35.2134     8.3848      1.3525   0.0299   55.52     14    Success 
    13      -35.6460    16.6846      0.4326   0.0357   67.25     15    Success 
    14      -36.3393    10.1061      0.6933   0.0043   48.20     16    Success 
    15      -36.9489     3.6896      0.6096   0.0094   51.04     17    Success 
    16      -37.0924     3.7421      0.1436   0.0053   60.51     18    Success 
    17      -37.3297     3.8290      0.2373   0.0087   60.82     19    Success 
    18      -37.6212     5.0251      0.2915   0.0148   62.32     20    Success 
    19      -37.9003     3.7738      0.2791   0.0187   73.68     21    Success 
    20      -38.0891     3.2508      0.1888   0.0095   68.27     22    Success 
    21      -38.3686     2.9507      0.2796   0.0146   63.82     23    Success 
    22      -38.4910     7.3531      0.1224   0.0115   66.42     25    Success 
    23      -38.6368     3.4106      0.1458   0.0108   80.11     26    Success 
    24      -38.7080     2.3202      0.0711   0.0031   61.32     27    Success 
    25      -38.8078     2.7530      0.0998   0.0058   53.89     28    Success 
    26      -38.9041     6.2333      0.0963   0.0099   67.55     29    Success 
    27      -39.0282     4.5315      0.1241   0.0092   80.00     30    Success 
    28      -39.1680     2.8365      0.1399   0.0119   78.14     31    Success 
    29      -39.2622     2.5232      0.0941   0.0106   74.04     32    Success 
    30      -39.2992     4.5845      0.0370   0.0078   71.13     33    Success 
    31      -39.3368     2.1472      0.0376   0.0011   54.93     34    Success 
    32      -39.3655     1.3696      0.0287   0.0020   57.63     35    Success 
    33      -39.3918     1.8210      0.0263   0.0032   63.59     36    Success 
    34      -39.4327     2.0223      0.0409   0.0053   72.30     37    Success 
    35      -39.4817     2.6156      0.0490   0.0090   75.57     38    Success 
    36      -39.5183     1.7787      0.0366   0.0093   77.00     39    Success 
    37      -39.5375     0.7730      0.0192   0.0017   58.22     40    Success 
    38      -39.5490     0.8982      0.0115   0.0014   31.93     41    Success 
    39      -39.5608     1.0760      0.0118   0.0020   62.44     42    Success 
    40      -39.5737     1.7038      0.0129   0.0036   70.17     43    Success 
    41      -39.5903     0.8711      0.0167   0.0046   79.50     44    Success 
    42      -39.5997     0.6339      0.0094   0.0029   72.50     45    Success 
    43      -39.6071     0.8616      0.0074   0.0026   67.37     46    Success 
    44      -39.6120     1.1079      0.0049   0.0019   72.04     47    Success 
    45      -39.6160     0.5903      0.0041   0.0014   73.52     48    Success 
    46      -39.6177     0.2386      0.0017   0.0005   59.57     49    Success 
    47      -39.6183     0.2183      0.0006   0.0003   43.77     50    Success 
    48      -39.6190     0.3161      0.0007   0.0004   52.71     51    Success 
    49      -39.6198     0.3318      0.0008   0.0007   69.04     52    Success 
    50      -39.6205     0.2240      0.0007   0.0005   72.79     53    Success 
    51      -39.6212     0.2410      0.0007   0.0006   67.45     54    Success 
    52      -39.6220     0.1848      0.0008   0.0008   71.68     55    Success 
    53      -39.6222     0.3681      0.0002   0.0003   67.93     57    Success 
    54      -39.6225     0.2158      0.0003   0.0003   78.89     58    Success 
    55      -39.6227     0.0875      0.0002   0.0003   73.07     59   SmallGrad

 LBFGS  --  Normal Termination due to SmallGrad

 Final Function Value :          -39.62274815
 Final RMS Gradient :              0.08745027
 Final Gradient Norm :             0.37102005
