
     ######################################################################
   ##########################################################################
  ###                                                                      ###
 ###            Tinker  ---  Software Tools for Molecular Design            ###
 ##                                                                          ##
 ##                      Version 8.10.2   February 2022                      ##
 ##                                                                          ##
 ##               Copyright (c)  Jay William Ponder  1990-2022               ##
 ###                           All Rights Reserved                          ###
  ###                                                                      ###
   ##########################################################################
     ######################################################################


 Additional Atom Definition Parameters :

     Type  Class  Symbol  Description               Atomic    Mass   Valence

      412   412     H     ModifiedRes                  1      1.008     1
      401   401     C     ModifiedRes                  6     12.011     4
      402   402     S     ModifiedRes                 16     32.066     2
      403   403     C     ModifiedRes                  6     12.011     2
      404   404     N     ModifiedRes                  7     14.007     1
      405   405     C     ModifiedRes                  6     12.011     3
      406   406     O     ModifiedRes                  8     15.999     1
      407   407     N     ModifiedRes                  7     14.007     3
      413   413     H     ModifiedRes                  1      1.008     1
      408   408     C     ModifiedRes                  6     12.011     4
      414   414     H     ModifiedRes                  1      1.008     1
      409   409     C     ModifiedRes                  6     12.011     3
      410   410     O     ModifiedRes                  8     15.999     1
      411   411     N     ModifiedRes                  7     14.007     3
      415   415     H     ModifiedRes                  1      1.008     1
      416   416     H     ModifiedRes                  1      1.008     1

 Additional Bond Stretching Parameters :

     Atom Classes             K(S)         Length

       406 405             601.800         1.2300
       410 409             601.800         1.2300
       402 403             250.000         1.6900
       404 403             600.000         1.1800
       401 412             340.533         1.0900
       402 401             152.170         1.8300
       408 401             214.732         1.4623
       407 405             363.157         1.3600
       415 405             382.640         1.1000
       413 407             475.798         1.0100
       408 407             230.003         1.4225
       409 408             240.701         1.5400
       414 408             338.719         1.1000
       411 409             363.157         1.3500
       416 411             475.798         1.0100

 Additional Angle Bending Parameters :

     Atom Classes             K(B)          Angle

     402 403 404            60.000        178.370
     409 408 401            60.000        108.640
     407 408 401            60.000        107.044
     407 408 409            60.000        112.800
     402 401 408            60.000        104.103
     410 409 408            65.000        124.083
     406 405 415            68.340        122.610
     407 405 406            76.980        124.090
     411 409 410            76.980        124.670
     403 402 401            80.000         97.900
     412 401 412            30.491        111.359
     402 401 412            34.421        108.748
     408 401 412            45.743        110.070
     414 408 401            43.445        112.667
     413 407 405            40.855        120.433
     408 407 405            74.748        121.108
     415 405 407            47.844        113.300
     414 408 407            47.186        106.900
     408 407 413            29.315        118.710
     411 409 408            64.706        110.296
     409 408 414            47.543        109.058
     416 411 409            40.855        118.980
     416 411 416            37.560        119.890

 Additional Stretch-Bend Parameters :

     Atom Classes          K(SB)-1        K(SB)-2

     402 403 404             0.000          0.000
     409 408 401             0.000          0.000
     407 408 401             0.000          0.000
     407 408 409             0.000          0.000
     402 401 408             0.000          0.000
     410 409 408             0.000          0.000
     406 405 415            11.500         11.500
     407 405 406            18.700         18.700
     411 409 410            18.700         18.700
     403 402 401             0.000          0.000
     412 401 412             5.713          5.713
     402 401 412             5.713          5.713
     408 401 412             5.713          5.713
     414 408 401             5.713          5.713
     413 407 405            25.952         25.952
     408 407 405            25.952         25.952
     415 405 407            25.988         25.988
     414 408 407             5.713          5.713
     408 407 413            25.952         25.952
     411 409 408            25.988         25.988
     409 408 414             5.713          5.713
     416 411 409            25.952         25.952
     416 411 416            25.952         25.952

 Additional Out-of-Plane Bend Parameters :

     Atom Classes                   K(OPB)

     406 405   0   0                46.800
     407 405   0   0                92.784
     405 407   0   0                92.784
     415 405   0   0                74.485
     413 407   0   0                26.895
     408 407   0   0                17.705
     408 409   0   0                19.601
     411 409   0   0                92.784
     410 409   0   0                16.505
     411 416   0   0                26.895
     409 411   0   0                 0.000
     416 411   0   0                 0.000

 Additional Torsional Parameters :

     Atom Classes     1-Fold    2-Fold    3-Fold    4-Fold    5-Fold    6-Fold

   404 403 402 401   0.00   0  0.00 180  0.00   0  0.00   0  0.00   0  0.00   0
   410 409 408 401   0.00   0  0.00 180  0.30   0  0.00   0  0.00   0  0.00   0
   407 408 401 402   0.00   0  0.00 180  0.30   0  0.00   0  0.00   0  0.00   0
   411 409 408 407   0.00   0  0.00 180  0.30   0  0.00   0  0.00   0  0.00   0
   412 401 408 409   0.00   0  0.00 180  0.11   0  0.00   0  0.00   0  0.00   0
   411 409 408 401  -0.30   0  0.70 180  0.50   0  0.00   0  0.00   0  0.00   0
   402 401 408 409   0.00   0  0.00 180  0.00   0  0.00   0  0.00   0  0.00   0
   407 408 401 412   0.00   0  0.00 180  0.11   0  0.00   0  0.00   0  0.00   0
   402 401 408 414   0.00   0  0.00 180  0.11   0  0.00   0  0.00   0  0.00   0
   412 401 408 414   0.00   0  0.00 180  0.30   0  0.00   0  0.00   0  0.00   0
   414 408 409 411   0.00   0  0.00 180 -0.01   0  0.00   0  0.00   0  0.00   0
   405 407 408 401   0.66   0 -0.46 180  0.25   0  0.00   0  0.00   0  0.00   0
   405 407 408 409   0.66   0 -0.46 180  0.25   0  0.00   0  0.00   0  0.00   0
   413 407 408 401  -0.66   0 -0.42 180 -0.25   0  0.00   0  0.00   0  0.00   0
   414 408 407 405   0.00   0  0.00 180 -0.13   0  0.00   0  0.00   0  0.00   0
   416 411 409 408   0.00   0  4.62 180  0.80   0  0.00   0  0.00   0  0.00   0
   415 405 407 408   0.00   0  5.67 180  0.00   0  0.00   0  0.00   0  0.00   0
   413 407 405 415   0.00   0  3.92 180  0.35   0  0.00   0  0.00   0  0.00   0
   406 405 407 408   1.00   0  5.67 180 -2.25   0  0.00   0  0.00   0  0.00   0
   413 407 405 406   0.00   0  2.76 180 -0.36   0  0.00   0  0.00   0  0.00   0
   416 411 409 410   0.00   0  2.76 180 -0.36   0  0.00   0  0.00   0  0.00   0
   412 401 402 403   0.00   0  0.00 180  0.11   0  0.00   0  0.00   0  0.00   0
   408 401 402 403   0.00   0  0.00 180  0.00   0  0.00   0  0.00   0  0.00   0
   410 409 408 407  -0.71   0  0.93 180 -6.29   0  0.00   0  0.00   0  0.00   0
   410 409 408 414   0.00   0  0.00 180  0.11   0  0.00   0  0.00   0  0.00   0
   409 408 407 413   0.00   0  0.00 180  0.11   0  0.00   0  0.00   0  0.00   0
   414 408 407 413   0.00   0  0.00 180  0.30   0  0.00   0  0.00   0  0.00   0

 Additional Atomic Multipole Parameters :

     Atom Type     Coordinate Frame Definition         Multipole Moments

         412      401    408      0   Z-then-X     0.10178
                                                   0.00599  0.00000 -0.06793
                                                  -0.00510
                                                   0.00000  0.09894
                                                   0.04187  0.00000 -0.09384

         401      408    402      0   Z-then-X    -0.16108
                                                   0.17339  0.00000  0.34790
                                                  -0.06453
                                                   0.00000 -0.53513
                                                  -0.38320  0.00000  0.59966

         402      403    401      0   Z-then-X     0.33727
                                                   0.35077  0.00000  0.39237
                                                   1.03623
                                                   0.00000 -2.34466
                                                  -0.61441  0.00000  1.30843

         403      404      0      0   Z-Only       0.22062
                                                   0.00000  0.00000  0.32271
                                                   0.09625
                                                   0.00000  0.09625
                                                   0.00000  0.00000 -0.19250

         404      403      0      0   Z-Only      -0.56419
                                                   0.00000  0.00000 -0.29456
                                                   0.31229
                                                   0.00000  0.31229
                                                   0.00000  0.00000 -0.62458

         405      415    407      0   Z-then-X     0.62546
                                                  -0.12759  0.00000 -0.58091
                                                  -0.01990
                                                   0.00000  0.05037
                                                   0.00860  0.00000 -0.03047

         406      405    415      0   Z-then-X    -0.69198
                                                   0.17660  0.00000 -0.02070
                                                  -0.57339
                                                   0.00000  0.13368
                                                   0.14306  0.00000  0.43971

         407      408    413      0   Z-then-X    -0.02677
                                                   0.11402  0.00000  0.24083
                                                  -0.04095
                                                   0.00000 -1.20705
                                                   0.07279  0.00000  1.24800

         413      407    408      0   Z-then-X     0.12165
                                                   0.06737  0.00000 -0.15286
                                                   0.08367
                                                   0.00000 -0.05862
                                                   0.00204  0.00000 -0.02505

         408      409    414      0   Z-then-X    -0.35024
                                                   0.00635  0.00000 -0.03908
                                                  -0.27176
                                                   0.00000  0.24103
                                                   0.50281  0.00000  0.03073

         414      408    409      0   Z-then-X     0.11885
                                                   0.00534  0.00000  0.18538
                                                  -0.18520
                                                   0.00000  0.00121
                                                   0.07147  0.00000  0.18399

         409      411    410      0   Z-then-X     1.03679
                                                   0.04196  0.00000 -0.39524
                                                  -0.09020
                                                   0.00000 -0.78593
                                                   0.14050  0.00000  0.87613

         410      409    411      0   Z-then-X    -0.79567
                                                   0.23114  0.00000 -0.21616
                                                  -0.63820
                                                   0.00000  0.29274
                                                   0.27537  0.00000  0.34546

         411      416    416      0   Bisector    -0.36147
                                                   0.00000  0.00000  0.16909
                                                   0.66420
                                                   0.00000 -0.71233
                                                   0.00000  0.00000  0.04813

         415      405    407      0   Z-then-X    -0.02456
                                                  -0.09109  0.00000 -0.20696
                                                   0.10697
                                                   0.00000  0.02913
                                                  -0.05002  0.00000 -0.13610

         416      411    416      0   Z-then-X     0.15588
                                                   0.00953  0.00000 -0.18726
                                                   0.05652
                                                   0.00000 -0.01888
                                                  -0.02260  0.00000 -0.03764

 Additional Atomic Dipole Polarizability Parameters :

     Atom Type           Alpha       Thole     Group Atom Types

         412             0.480       0.390         401
         401             1.620       0.390         412
         402             3.406       0.390         403
         403             1.620       0.390         402  404
         404             1.158       0.390         403
         405             2.064       0.390         406  407  415
         406             0.914       0.390         405
         407             1.243       0.390         405  413
         413             0.457       0.390         407
         408             1.620       0.390         414
         414             0.480       0.390         408
         409             2.064       0.390         410  411
         410             0.914       0.390         409
         411             1.243       0.390         409  416
         415             0.480       0.390         405
         416             0.457       0.390         411

 Additional van der Waals Parameters :

     Atom Class               Size        Epsilon        Reduction

         408                3.8200         0.1010          0.000
         405                3.8200         0.1060          0.000
         409                3.8200         0.1060          0.000
         415                2.8000         0.0260          0.910
         406                3.3000         0.1120          0.000
         410                3.3000         0.1120          0.000
         407                3.7100         0.1100          0.000
         411                3.7100         0.1100          0.000
         413                2.5900         0.0220          0.900
         416                2.5900         0.0220          0.900
         414                2.9300         0.0260          0.910
         401                3.7800         0.1060          0.000
         402                4.0050         0.3550          0.000
         412                2.8700         0.0330          0.900
         403                3.8200         0.1010          0.000
         404                3.5800         0.1100          0.000

 Additional Solvation Parameters :

     Atom Type                PB Size     CS Size     GK Size

         415             3.0352      2.6860      3.3152
         412             2.6533      3.3920      2.9044
         413             3.6491      3.4040      2.9894
         416             2.9089      2.8360      3.5214
         414             3.0556      2.9960      4.0320
         405             2.9301      4.5060      4.2118
         409             2.9301      4.5060      4.2118
         408             3.3967      3.2550      4.7385
         401             3.3967      3.2550      4.7385
         403             3.3967      3.2550      4.7385
         407             2.8836      2.9900      3.2180
         411             3.4243      3.4910      4.2676
         406             2.9835      3.3560      2.9616
         410             2.9835      3.3560      2.9616
         402             4.4346      4.1940      4.5431

 Limited Memory BFGS Quasi-Newton Optimization :

 QN Iter     F Value      G RMS      F Move   X Move   Angle  FG Call  Comment

     0       46.8531   112.5419                                   1
     1       13.0642    87.8780     33.7890   0.0327    0.00      3    Success 
     2       -4.9829    49.9001     18.0470   0.0206   38.24      4    Success 
     3      -16.5899    25.5488     11.6070   0.0261   34.26      5    Success 
     4      -20.3024    28.5484      3.7125   0.0160   32.82      6    Success 
     5      -23.7456    22.5877      3.4432   0.0185   55.05      7    Success 
     6      -27.0341    21.2012      3.2886   0.0186   56.83      8    Success 
     7      -32.1129    16.8692      5.0788   0.0314   56.72      9    Success 
     8      -34.5799    26.6455      2.4670   0.0580   58.62     10    Success 
     9      -37.0220     7.0212      2.4421   0.0111   25.61     11    Success 
    10      -37.3606     5.5334      0.3386   0.0037   29.03     12    Success 
    11      -37.9226     5.3594      0.5620   0.0089   39.98     13    Success 
    12      -38.7742     5.5816      0.8516   0.0181   49.80     14    Success 
    13      -39.3497    13.7912      0.5755   0.0335   59.64     15    Success 
    14      -40.0764     5.5804      0.7267   0.0119   67.74     16    Success 
    15      -40.4922     4.9684      0.4158   0.0098   56.64     17    Success 
    16      -41.0264     6.1153      0.5342   0.0178   61.16     18    Success 
    17      -41.5901     8.6033      0.5637   0.0230   69.63     19    Success 
    18      -42.0528     5.1969      0.4627   0.0299   77.36     20    Success 
    19      -42.2901     3.0461      0.2373   0.0045   39.16     21    Success 
    20      -42.5039     3.4107      0.2138   0.0079   47.25     22    Success 
    21      -42.7743     3.7150      0.2704   0.0158   67.46     23    Success 
    22      -42.9062     6.3895      0.1319   0.0122   71.15     25    Success 
    23      -43.0780     3.4009      0.1719   0.0122   79.17     26    Success 
    24      -43.1855     2.2430      0.1075   0.0074   67.55     27    Success 
    25      -43.2570     2.9148      0.0715   0.0059   63.37     28    Success 
    26      -43.3322     2.7833      0.0752   0.0068   70.65     29    Success 
    27      -43.3753     4.5762      0.0431   0.0079   70.51     30    Success 
    28      -43.4193     1.8580      0.0440   0.0021   68.01     31    Success 
    29      -43.4420     1.7335      0.0227   0.0016   54.63     32    Success 
    30      -43.4729     1.8916      0.0309   0.0032   66.08     33    Success 
    31      -43.5168     1.8456      0.0439   0.0053   69.86     34    Success 
    32      -43.5394     2.1827      0.0227   0.0044   71.86     36    Success 
    33      -43.5639     1.0396      0.0244   0.0035   73.81     37    Success 
    34      -43.5762     0.8962      0.0123   0.0017   56.69     38    Success 
    35      -43.5898     1.0573      0.0136   0.0024   59.22     39    Success 
    36      -43.6035     1.2952      0.0137   0.0035   66.64     40    Success 
    37      -43.6154     0.7490      0.0119   0.0024   72.93     41    Success 
    38      -43.6265     0.8113      0.0111   0.0028   64.04     42    Success 
    39      -43.6353     0.9315      0.0088   0.0030   74.14     43    Success 
    40      -43.6463     1.0505      0.0110   0.0042   75.56     44    Success 
    41      -43.6564     0.9951      0.0101   0.0051   77.74     45    Success 
    42      -43.6651     0.8111      0.0087   0.0020   67.03     46    Success 
    43      -43.6722     0.8022      0.0071   0.0014   59.56     47    Success 
    44      -43.6792     1.2011      0.0070   0.0038   74.93     48    Success 
    45      -43.6838     0.9294      0.0046   0.0025   76.34     49    Success 
    46      -43.6864     0.4202      0.0025   0.0009   75.44     50    Success 
    47      -43.6881     0.3934      0.0017   0.0008   66.94     51    Success 
    48      -43.6904     0.4406      0.0023   0.0011   66.81     52    Success 
    49      -43.6930     0.7296      0.0027   0.0018   71.54     53    Success 
    50      -43.6956     0.6771      0.0026   0.0025   80.79     54    Success 
    51      -43.6977     0.4395      0.0022   0.0011   77.32     55    Success 
    52      -43.7008     0.4632      0.0031   0.0013   65.49     56    Success 
    53      -43.7043     0.4716      0.0035   0.0025   75.04     57    Success 
    54      -43.7070     0.4119      0.0027   0.0020   73.85     58    Success 
    55      -43.7086     0.4371      0.0017   0.0013   71.45     59    Success 
    56      -43.7099     0.2725      0.0013   0.0006   64.84     60    Success 
    57      -43.7110     0.2195      0.0011   0.0006   59.86     61    Success 
    58      -43.7121     0.3415      0.0011   0.0011   63.45     62    Success 
    59      -43.7130     0.2491      0.0009   0.0013   76.97     63    Success 
    60      -43.7135     0.1402      0.0004   0.0006   73.48     64    Success 
    61      -43.7137     0.0944      0.0002   0.0002   51.26     65   SmallGrad

 LBFGS  --  Normal Termination due to SmallGrad

 Final Function Value :          -43.71369512
 Final RMS Gradient :              0.09436435
 Final Gradient Norm :             0.40035402
