
     ######################################################################
   ##########################################################################
  ###                                                                      ###
 ###            Tinker  ---  Software Tools for Molecular Design            ###
 ##                                                                          ##
 ##                      Version 8.10.2   February 2022                      ##
 ##                                                                          ##
 ##               Copyright (c)  Jay William Ponder  1990-2022               ##
 ###                           All Rights Reserved                          ###
  ###                                                                      ###
   ##########################################################################
     ######################################################################


 Additional Atom Definition Parameters :

     Type  Class  Symbol  Description               Atomic    Mass   Valence

      412   412     H     ModifiedRes                  1      1.008     1
      401   401     C     ModifiedRes                  6     12.011     4
      402   402     S     ModifiedRes                 16     32.066     2
      403   403     C     ModifiedRes                  6     12.011     2
      404   404     N     ModifiedRes                  7     14.007     1
      405   405     C     ModifiedRes                  6     12.011     3
      406   406     O     ModifiedRes                  8     15.999     1
      407   407     N     ModifiedRes                  7     14.007     3
      413   413     H     ModifiedRes                  1      1.008     1
      408   408     C     ModifiedRes                  6     12.011     4
      414   414     H     ModifiedRes                  1      1.008     1
      409   409     C     ModifiedRes                  6     12.011     3
      410   410     O     ModifiedRes                  8     15.999     1
      411   411     N     ModifiedRes                  7     14.007     3
      415   415     H     ModifiedRes                  1      1.008     1
      416   416     H     ModifiedRes                  1      1.008     1

 Additional Bond Stretching Parameters :

     Atom Classes             K(S)         Length

       406 405             601.800         1.2300
       410 409             601.800         1.2300
       402 403             250.000         1.6900
       404 403             600.000         1.1800
       401 412             340.533         1.0900
       402 401             152.170         1.8300
       408 401             214.732         1.4623
       407 405             363.157         1.3600
       415 405             382.640         1.1000
       413 407             475.798         1.0100
       408 407             230.003         1.4225
       409 408             240.701         1.5400
       414 408             338.719         1.1000
       411 409             363.157         1.3500
       416 411             475.798         1.0100

 Additional Angle Bending Parameters :

     Atom Classes             K(B)          Angle

     402 403 404            60.000        178.370
     409 408 401            60.000        108.640
     407 408 401            60.000        107.044
     407 408 409            60.000        112.800
     402 401 408            60.000        104.103
     410 409 408            65.000        124.083
     406 405 415            68.340        122.610
     407 405 406            76.980        124.090
     411 409 410            76.980        124.670
     403 402 401            80.000         97.900
     412 401 412            30.491        111.359
     402 401 412            34.421        108.748
     408 401 412            45.743        110.070
     414 408 401            43.445        112.667
     413 407 405            40.855        120.433
     408 407 405            74.748        121.108
     415 405 407            47.844        113.300
     414 408 407            47.186        106.900
     408 407 413            29.315        118.710
     411 409 408            64.706        110.296
     409 408 414            47.543        109.058
     416 411 409            40.855        118.980
     416 411 416            37.560        119.890

 Additional Stretch-Bend Parameters :

     Atom Classes          K(SB)-1        K(SB)-2

     402 403 404             0.000          0.000
     409 408 401             0.000          0.000
     407 408 401             0.000          0.000
     407 408 409             0.000          0.000
     402 401 408             0.000          0.000
     410 409 408             0.000          0.000
     406 405 415            11.500         11.500
     407 405 406            18.700         18.700
     411 409 410            18.700         18.700
     403 402 401             0.000          0.000
     412 401 412             5.713          5.713
     402 401 412             5.713          5.713
     408 401 412             5.713          5.713
     414 408 401             5.713          5.713
     413 407 405            25.952         25.952
     408 407 405            25.952         25.952
     415 405 407            25.988         25.988
     414 408 407             5.713          5.713
     408 407 413            25.952         25.952
     411 409 408            25.988         25.988
     409 408 414             5.713          5.713
     416 411 409            25.952         25.952
     416 411 416            25.952         25.952

 Additional Out-of-Plane Bend Parameters :

     Atom Classes                   K(OPB)

     406 405   0   0                46.800
     407 405   0   0                92.784
     405 407   0   0                92.784
     415 405   0   0                74.485
     413 407   0   0                26.895
     408 407   0   0                17.705
     408 409   0   0                19.601
     411 409   0   0                92.784
     410 409   0   0                16.505
     411 416   0   0                26.895
     409 411   0   0                 0.000
     416 411   0   0                 0.000

 Additional Torsional Parameters :

     Atom Classes     1-Fold    2-Fold    3-Fold    4-Fold    5-Fold    6-Fold

   404 403 402 401   0.00   0  0.00 180  0.00   0  0.00   0  0.00   0  0.00   0
   410 409 408 401   0.00   0  0.00 180  0.30   0  0.00   0  0.00   0  0.00   0
   407 408 401 402   0.00   0  0.00 180  0.30   0  0.00   0  0.00   0  0.00   0
   411 409 408 407   0.00   0  0.00 180  0.30   0  0.00   0  0.00   0  0.00   0
   412 401 408 409   0.00   0  0.00 180  0.11   0  0.00   0  0.00   0  0.00   0
   411 409 408 401  -0.30   0  0.70 180  0.50   0  0.00   0  0.00   0  0.00   0
   402 401 408 409   0.00   0  0.00 180  0.00   0  0.00   0  0.00   0  0.00   0
   407 408 401 412   0.00   0  0.00 180  0.11   0  0.00   0  0.00   0  0.00   0
   402 401 408 414   0.00   0  0.00 180  0.11   0  0.00   0  0.00   0  0.00   0
   412 401 408 414   0.00   0  0.00 180  0.30   0  0.00   0  0.00   0  0.00   0
   414 408 409 411   0.00   0  0.00 180 -0.01   0  0.00   0  0.00   0  0.00   0
   405 407 408 401   0.66   0 -0.46 180  0.25   0  0.00   0  0.00   0  0.00   0
   405 407 408 409   0.66   0 -0.46 180  0.25   0  0.00   0  0.00   0  0.00   0
   413 407 408 401  -0.66   0 -0.42 180 -0.25   0  0.00   0  0.00   0  0.00   0
   414 408 407 405   0.00   0  0.00 180 -0.13   0  0.00   0  0.00   0  0.00   0
   416 411 409 408   0.00   0  4.62 180  0.80   0  0.00   0  0.00   0  0.00   0
   415 405 407 408   0.00   0  5.67 180  0.00   0  0.00   0  0.00   0  0.00   0
   413 407 405 415   0.00   0  3.92 180  0.35   0  0.00   0  0.00   0  0.00   0
   406 405 407 408   1.00   0  5.67 180 -2.25   0  0.00   0  0.00   0  0.00   0
   413 407 405 406   0.00   0  2.76 180 -0.36   0  0.00   0  0.00   0  0.00   0
   416 411 409 410   0.00   0  2.76 180 -0.36   0  0.00   0  0.00   0  0.00   0
   412 401 402 403   0.00   0  0.00 180  0.11   0  0.00   0  0.00   0  0.00   0
   408 401 402 403   0.00   0  0.00 180  0.00   0  0.00   0  0.00   0  0.00   0
   410 409 408 407  -0.71   0  0.93 180 -6.29   0  0.00   0  0.00   0  0.00   0
   410 409 408 414   0.00   0  0.00 180  0.11   0  0.00   0  0.00   0  0.00   0
   409 408 407 413   0.00   0  0.00 180  0.11   0  0.00   0  0.00   0  0.00   0
   414 408 407 413   0.00   0  0.00 180  0.30   0  0.00   0  0.00   0  0.00   0

 Additional Atomic Multipole Parameters :

     Atom Type     Coordinate Frame Definition         Multipole Moments

         412      401    408      0   Z-then-X     0.10178
                                                   0.00599  0.00000 -0.06793
                                                  -0.00510
                                                   0.00000  0.09894
                                                   0.04187  0.00000 -0.09384

         401      408    402      0   Z-then-X    -0.16108
                                                   0.17339  0.00000  0.34790
                                                  -0.06453
                                                   0.00000 -0.53513
                                                  -0.38320  0.00000  0.59966

         402      403    401      0   Z-then-X     0.33727
                                                   0.35077  0.00000  0.39237
                                                   1.03623
                                                   0.00000 -2.34466
                                                  -0.61441  0.00000  1.30843

         403      404      0      0   Z-Only       0.22062
                                                   0.00000  0.00000  0.32271
                                                   0.09625
                                                   0.00000  0.09625
                                                   0.00000  0.00000 -0.19250

         404      403      0      0   Z-Only      -0.56419
                                                   0.00000  0.00000 -0.29456
                                                   0.31229
                                                   0.00000  0.31229
                                                   0.00000  0.00000 -0.62458

         405      415    407      0   Z-then-X     0.62546
                                                  -0.12759  0.00000 -0.58091
                                                  -0.01990
                                                   0.00000  0.05037
                                                   0.00860  0.00000 -0.03047

         406      405    415      0   Z-then-X    -0.69198
                                                   0.17660  0.00000 -0.02070
                                                  -0.57339
                                                   0.00000  0.13368
                                                   0.14306  0.00000  0.43971

         407      408    413      0   Z-then-X    -0.02677
                                                   0.11402  0.00000  0.24083
                                                  -0.04095
                                                   0.00000 -1.20705
                                                   0.07279  0.00000  1.24800

         413      407    408      0   Z-then-X     0.12165
                                                   0.06737  0.00000 -0.15286
                                                   0.08367
                                                   0.00000 -0.05862
                                                   0.00204  0.00000 -0.02505

         408      409    414      0   Z-then-X    -0.35024
                                                   0.00635  0.00000 -0.03908
                                                  -0.27176
                                                   0.00000  0.24103
                                                   0.50281  0.00000  0.03073

         414      408    409      0   Z-then-X     0.11885
                                                   0.00534  0.00000  0.18538
                                                  -0.18520
                                                   0.00000  0.00121
                                                   0.07147  0.00000  0.18399

         409      411    410      0   Z-then-X     1.03679
                                                   0.04196  0.00000 -0.39524
                                                  -0.09020
                                                   0.00000 -0.78593
                                                   0.14050  0.00000  0.87613

         410      409    411      0   Z-then-X    -0.79567
                                                   0.23114  0.00000 -0.21616
                                                  -0.63820
                                                   0.00000  0.29274
                                                   0.27537  0.00000  0.34546

         411      416    416      0   Bisector    -0.36147
                                                   0.00000  0.00000  0.16909
                                                   0.66420
                                                   0.00000 -0.71233
                                                   0.00000  0.00000  0.04813

         415      405    407      0   Z-then-X    -0.02456
                                                  -0.09109  0.00000 -0.20696
                                                   0.10697
                                                   0.00000  0.02913
                                                  -0.05002  0.00000 -0.13610

         416      411    416      0   Z-then-X     0.15588
                                                   0.00953  0.00000 -0.18726
                                                   0.05652
                                                   0.00000 -0.01888
                                                  -0.02260  0.00000 -0.03764

 Additional Atomic Dipole Polarizability Parameters :

     Atom Type           Alpha       Thole     Group Atom Types

         412             0.480       0.390         401
         401             1.620       0.390         412
         402             3.406       0.390         403
         403             1.620       0.390         402  404
         404             1.158       0.390         403
         405             2.064       0.390         406  407  415
         406             0.914       0.390         405
         407             1.243       0.390         405  413
         413             0.457       0.390         407
         408             1.620       0.390         414
         414             0.480       0.390         408
         409             2.064       0.390         410  411
         410             0.914       0.390         409
         411             1.243       0.390         409  416
         415             0.480       0.390         405
         416             0.457       0.390         411

 Additional van der Waals Parameters :

     Atom Class               Size        Epsilon        Reduction

         408                3.8200         0.1010          0.000
         405                3.8200         0.1060          0.000
         409                3.8200         0.1060          0.000
         415                2.8000         0.0260          0.910
         406                3.3000         0.1120          0.000
         410                3.3000         0.1120          0.000
         407                3.7100         0.1100          0.000
         411                3.7100         0.1100          0.000
         413                2.5900         0.0220          0.900
         416                2.5900         0.0220          0.900
         414                2.9300         0.0260          0.910
         401                3.7800         0.1060          0.000
         402                4.0050         0.3550          0.000
         412                2.8700         0.0330          0.900
         403                3.8200         0.1010          0.000
         404                3.5800         0.1100          0.000

 Additional Solvation Parameters :

     Atom Type                PB Size     CS Size     GK Size

         415             3.0352      2.6860      3.3152
         412             2.6533      3.3920      2.9044
         413             3.6491      3.4040      2.9894
         416             2.9089      2.8360      3.5214
         414             3.0556      2.9960      4.0320
         405             2.9301      4.5060      4.2118
         409             2.9301      4.5060      4.2118
         408             3.3967      3.2550      4.7385
         401             3.3967      3.2550      4.7385
         403             3.3967      3.2550      4.7385
         407             2.8836      2.9900      3.2180
         411             3.4243      3.4910      4.2676
         406             2.9835      3.3560      2.9616
         410             2.9835      3.3560      2.9616
         402             4.4346      4.1940      4.5431

 Limited Memory BFGS Quasi-Newton Optimization :

 QN Iter     F Value      G RMS      F Move   X Move   Angle  FG Call  Comment

     0       45.7486   108.2827                                   1
     1       14.6564    86.8814     31.0922   0.0312    0.00      3    Success 
     2       -2.8853    51.4374     17.5417   0.0197   38.84      4    Success 
     3      -16.5692    27.5087     13.6838   0.0306   35.21      5    Success 
     4      -20.4042    33.1468      3.8351   0.0177   35.60      6    Success 
     5      -24.1319    21.1070      3.7277   0.0159   55.26      7    Success 
     6      -27.8511    21.8896      3.7192   0.0205   51.72      8    Success 
     7      -33.1463    19.2265      5.2953   0.0364   58.74      9    Success 
     8      -35.4878    31.8015      2.3415   0.0598   62.38     10    Success 
     9      -38.2026     8.0169      2.7148   0.0094   30.00     11    Success 
    10      -38.5561     5.7028      0.3535   0.0058   51.32     12    Success 
    11      -38.9122     5.6765      0.3561   0.0058   34.06     13    Success 
    12      -39.3986     6.1230      0.4864   0.0105   51.35     14    Success 
    13      -40.0232     6.7385      0.6246   0.0190   63.25     15    Success 
    14      -40.5797     6.1762      0.5564   0.0241   69.27     16    Success 
    15      -41.0026     5.0801      0.4229   0.0138   66.24     17    Success 
    16      -41.4678     5.1079      0.4653   0.0166   63.34     18    Success 
    17      -41.9798     6.3651      0.5120   0.0218   68.19     19    Success 
    18      -42.5593     6.4459      0.5795   0.0327   74.15     20    Success 
    19      -43.0292     4.8124      0.4698   0.0221   73.09     21    Success 
    20      -43.4004     4.2910      0.3712   0.0151   66.08     22    Success 
    21      -43.7793     4.1107      0.3789   0.0194   67.83     23    Success 
    22      -43.9298     7.2626      0.1505   0.0281   71.78     24    Success 
    23      -44.1120     3.9706      0.1822   0.0035   49.44     25    Success 
    24      -44.1783     2.4794      0.0664   0.0041   61.79     26    Success 
    25      -44.2176     1.9694      0.0392   0.0023   62.02     27    Success 
    26      -44.2815     2.2488      0.0640   0.0046   61.25     28    Success 
    27      -44.3647     3.3931      0.0832   0.0091   69.57     29    Success 
    28      -44.3860     5.5293      0.0213   0.0128   77.72     30    Success 
    29      -44.4213     3.5354      0.0353   0.0012   69.96     31    Success 
    30      -44.4618     1.4999      0.0405   0.0022   60.98     32    Success 
    31      -44.4746     1.7695      0.0128   0.0010   55.58     33    Success 
    32      -44.4971     1.9092      0.0225   0.0020   66.45     34    Success 
    33      -44.5344     1.8486      0.0373   0.0038   69.82     35    Success 
    34      -44.5574     2.9732      0.0230   0.0074   72.40     36    Success 
    35      -44.5829     1.1086      0.0255   0.0028   72.28     37    Success 
    36      -44.5898     0.5520      0.0069   0.0006   33.03     38    Success 
    37      -44.5947     0.5596      0.0049   0.0009   42.71     39    Success 
    38      -44.6002     0.7876      0.0055   0.0017   63.67     40    Success 
    39      -44.6067     0.8442      0.0065   0.0027   73.26     41    Success 
    40      -44.6118     0.6998      0.0051   0.0027   75.07     42    Success 
    41      -44.6146     0.3531      0.0029   0.0007   56.46     43    Success 
    42      -44.6160     0.3087      0.0013   0.0004   45.58     44    Success 
    43      -44.6171     0.3646      0.0011   0.0005   58.73     45    Success 
    44      -44.6186     0.3795      0.0015   0.0009   66.87     46    Success 
    45      -44.6201     0.3199      0.0015   0.0013   71.59     47    Success 
    46      -44.6203     0.2352      0.0003   0.0002   66.29     49    Success 
    47      -44.6206     0.1691      0.0003   0.0002   58.31     50    Success 
    48      -44.6209     0.1512      0.0003   0.0002   57.21     51    Success 
    49      -44.6213     0.1701      0.0005   0.0004   58.77     52    Success 
    50      -44.6219     0.2179      0.0006   0.0007   66.25     53    Success 
    51      -44.6224     0.3993      0.0005   0.0012   74.32     54    Success 
    52      -44.6229     0.1581      0.0004   0.0003   71.55     55    Success 
    53      -44.6230     0.1566      0.0002   0.0001   53.45     56    Success 
    54      -44.6233     0.1374      0.0003   0.0003   64.01     57    Success 
    55      -44.6235     0.1110      0.0002   0.0005   71.20     58    Success 
    56      -44.6237     0.2258      0.0001   0.0006   69.61     59    Success 
    57      -44.6238     0.0967      0.0002   0.0001   56.61     60   SmallGrad

 LBFGS  --  Normal Termination due to SmallGrad

 Final Function Value :          -44.62382177
 Final RMS Gradient :              0.09673088
 Final Gradient Norm :             0.41039438
