
     ######################################################################
   ##########################################################################
  ###                                                                      ###
 ###            Tinker  ---  Software Tools for Molecular Design            ###
 ##                                                                          ##
 ##                      Version 8.10.2   February 2022                      ##
 ##                                                                          ##
 ##               Copyright (c)  Jay William Ponder  1990-2022               ##
 ###                           All Rights Reserved                          ###
  ###                                                                      ###
   ##########################################################################
     ######################################################################


 Additional Atom Definition Parameters :

     Type  Class  Symbol  Description               Atomic    Mass   Valence

      412   412     H     ModifiedRes                  1      1.008     1
      401   401     C     ModifiedRes                  6     12.011     4
      402   402     S     ModifiedRes                 16     32.066     2
      403   403     C     ModifiedRes                  6     12.011     2
      404   404     N     ModifiedRes                  7     14.007     1
      405   405     C     ModifiedRes                  6     12.011     3
      406   406     O     ModifiedRes                  8     15.999     1
      407   407     N     ModifiedRes                  7     14.007     3
      413   413     H     ModifiedRes                  1      1.008     1
      408   408     C     ModifiedRes                  6     12.011     4
      414   414     H     ModifiedRes                  1      1.008     1
      409   409     C     ModifiedRes                  6     12.011     3
      410   410     O     ModifiedRes                  8     15.999     1
      411   411     N     ModifiedRes                  7     14.007     3
      415   415     H     ModifiedRes                  1      1.008     1
      416   416     H     ModifiedRes                  1      1.008     1

 Additional Bond Stretching Parameters :

     Atom Classes             K(S)         Length

       406 405             601.800         1.2300
       410 409             601.800         1.2300
       402 403             250.000         1.6900
       404 403             600.000         1.1800
       401 412             340.533         1.0900
       402 401             152.170         1.8300
       408 401             214.732         1.4623
       407 405             363.157         1.3600
       415 405             382.640         1.1000
       413 407             475.798         1.0100
       408 407             230.003         1.4225
       409 408             240.701         1.5400
       414 408             338.719         1.1000
       411 409             363.157         1.3500
       416 411             475.798         1.0100

 Additional Angle Bending Parameters :

     Atom Classes             K(B)          Angle

     402 403 404            60.000        178.370
     409 408 401            60.000        108.640
     407 408 401            60.000        107.044
     407 408 409            60.000        112.800
     402 401 408            60.000        104.103
     410 409 408            65.000        124.083
     406 405 415            68.340        122.610
     407 405 406            76.980        124.090
     411 409 410            76.980        124.670
     403 402 401            80.000         97.900
     412 401 412            30.491        111.359
     402 401 412            34.421        108.748
     408 401 412            45.743        110.070
     414 408 401            43.445        112.667
     413 407 405            40.855        120.433
     408 407 405            74.748        121.108
     415 405 407            47.844        113.300
     414 408 407            47.186        106.900
     408 407 413            29.315        118.710
     411 409 408            64.706        110.296
     409 408 414            47.543        109.058
     416 411 409            40.855        118.980
     416 411 416            37.560        119.890

 Additional Stretch-Bend Parameters :

     Atom Classes          K(SB)-1        K(SB)-2

     402 403 404             0.000          0.000
     409 408 401             0.000          0.000
     407 408 401             0.000          0.000
     407 408 409             0.000          0.000
     402 401 408             0.000          0.000
     410 409 408             0.000          0.000
     406 405 415            11.500         11.500
     407 405 406            18.700         18.700
     411 409 410            18.700         18.700
     403 402 401             0.000          0.000
     412 401 412             5.713          5.713
     402 401 412             5.713          5.713
     408 401 412             5.713          5.713
     414 408 401             5.713          5.713
     413 407 405            25.952         25.952
     408 407 405            25.952         25.952
     415 405 407            25.988         25.988
     414 408 407             5.713          5.713
     408 407 413            25.952         25.952
     411 409 408            25.988         25.988
     409 408 414             5.713          5.713
     416 411 409            25.952         25.952
     416 411 416            25.952         25.952

 Additional Out-of-Plane Bend Parameters :

     Atom Classes                   K(OPB)

     406 405   0   0                46.800
     407 405   0   0                92.784
     405 407   0   0                92.784
     415 405   0   0                74.485
     413 407   0   0                26.895
     408 407   0   0                17.705
     408 409   0   0                19.601
     411 409   0   0                92.784
     410 409   0   0                16.505
     411 416   0   0                26.895
     409 411   0   0                 0.000
     416 411   0   0                 0.000

 Additional Torsional Parameters :

     Atom Classes     1-Fold    2-Fold    3-Fold    4-Fold    5-Fold    6-Fold

   404 403 402 401   0.00   0  0.00 180  0.00   0  0.00   0  0.00   0  0.00   0
   410 409 408 401   0.00   0  0.00 180  0.30   0  0.00   0  0.00   0  0.00   0
   407 408 401 402  -3.64   0  3.16 180  2.78   0  0.56 180  0.00   0  0.00   0
   411 409 408 407   0.00   0  0.00 180  0.30   0  0.00   0  0.00   0  0.00   0
   412 401 408 409   0.00   0  0.00 180  0.11   0  0.00   0  0.00   0  0.00   0
   411 409 408 401  -0.30   0  0.70 180  0.50   0  0.00   0  0.00   0  0.00   0
   402 401 408 409  -5.23   0  1.69 180 -8.38   0  0.54 180  0.00   0  0.00   0
   407 408 401 412   0.00   0  0.00 180  0.11   0  0.00   0  0.00   0  0.00   0
   402 401 408 414   0.00   0  0.00 180  0.11   0  0.00   0  0.00   0  0.00   0
   412 401 408 414   0.00   0  0.00 180  0.30   0  0.00   0  0.00   0  0.00   0
   414 408 409 411   0.00   0  0.00 180 -0.01   0  0.00   0  0.00   0  0.00   0
   405 407 408 401   0.66   0 -0.46 180  0.25   0  0.00   0  0.00   0  0.00   0
   405 407 408 409   0.66   0 -0.46 180  0.25   0  0.00   0  0.00   0  0.00   0
   413 407 408 401  -0.66   0 -0.42 180 -0.25   0  0.00   0  0.00   0  0.00   0
   414 408 407 405   0.00   0  0.00 180 -0.13   0  0.00   0  0.00   0  0.00   0
   416 411 409 408   0.00   0  4.62 180  0.80   0  0.00   0  0.00   0  0.00   0
   415 405 407 408   0.00   0  5.67 180  0.00   0  0.00   0  0.00   0  0.00   0
   413 407 405 415   0.00   0  3.92 180  0.35   0  0.00   0  0.00   0  0.00   0
   406 405 407 408   1.00   0  5.67 180 -2.25   0  0.00   0  0.00   0  0.00   0
   413 407 405 406   0.00   0  2.76 180 -0.36   0  0.00   0  0.00   0  0.00   0
   416 411 409 410   0.00   0  2.76 180 -0.36   0  0.00   0  0.00   0  0.00   0
   412 401 402 403   0.00   0  0.00 180  0.11   0  0.00   0  0.00   0  0.00   0
   408 401 402 403  -4.01   0  2.02 180 -1.28   0 -0.92 180  0.00   0  0.00   0
   410 409 408 407  -0.71   0  0.93 180 -6.29   0  0.00   0  0.00   0  0.00   0
   410 409 408 414   0.00   0  0.00 180  0.11   0  0.00   0  0.00   0  0.00   0
   409 408 407 413   0.00   0  0.00 180  0.11   0  0.00   0  0.00   0  0.00   0
   414 408 407 413   0.00   0  0.00 180  0.30   0  0.00   0  0.00   0  0.00   0

 Additional Atomic Multipole Parameters :

     Atom Type     Coordinate Frame Definition         Multipole Moments

         412      401    408      0   Z-then-X     0.10178
                                                   0.00599  0.00000 -0.06793
                                                  -0.00510
                                                   0.00000  0.09894
                                                   0.04187  0.00000 -0.09384

         401      408    402      0   Z-then-X    -0.16108
                                                   0.17339  0.00000  0.34790
                                                  -0.06453
                                                   0.00000 -0.53513
                                                  -0.38320  0.00000  0.59966

         402      403    401      0   Z-then-X     0.33727
                                                   0.35077  0.00000  0.39237
                                                   1.03623
                                                   0.00000 -2.34466
                                                  -0.61441  0.00000  1.30843

         403      404      0      0   Z-Only       0.22062
                                                   0.00000  0.00000  0.32271
                                                   0.09625
                                                   0.00000  0.09625
                                                   0.00000  0.00000 -0.19250

         404      403      0      0   Z-Only      -0.56419
                                                   0.00000  0.00000 -0.29456
                                                   0.31229
                                                   0.00000  0.31229
                                                   0.00000  0.00000 -0.62458

         405      415    407      0   Z-then-X     0.62546
                                                  -0.12759  0.00000 -0.58091
                                                  -0.01990
                                                   0.00000  0.05037
                                                   0.00860  0.00000 -0.03047

         406      405    415      0   Z-then-X    -0.69198
                                                   0.17660  0.00000 -0.02070
                                                  -0.57339
                                                   0.00000  0.13368
                                                   0.14306  0.00000  0.43971

         407      408    413      0   Z-then-X    -0.02677
                                                   0.11402  0.00000  0.24083
                                                  -0.04095
                                                   0.00000 -1.20705
                                                   0.07279  0.00000  1.24800

         413      407    408      0   Z-then-X     0.12165
                                                   0.06737  0.00000 -0.15286
                                                   0.08367
                                                   0.00000 -0.05862
                                                   0.00204  0.00000 -0.02505

         408      409    414      0   Z-then-X    -0.35024
                                                   0.00635  0.00000 -0.03908
                                                  -0.27176
                                                   0.00000  0.24103
                                                   0.50281  0.00000  0.03073

         414      408    409      0   Z-then-X     0.11885
                                                   0.00534  0.00000  0.18538
                                                  -0.18520
                                                   0.00000  0.00121
                                                   0.07147  0.00000  0.18399

         409      411    410      0   Z-then-X     1.03679
                                                   0.04196  0.00000 -0.39524
                                                  -0.09020
                                                   0.00000 -0.78593
                                                   0.14050  0.00000  0.87613

         410      409    411      0   Z-then-X    -0.79567
                                                   0.23114  0.00000 -0.21616
                                                  -0.63820
                                                   0.00000  0.29274
                                                   0.27537  0.00000  0.34546

         411      416    416      0   Bisector    -0.36147
                                                   0.00000  0.00000  0.16909
                                                   0.66420
                                                   0.00000 -0.71233
                                                   0.00000  0.00000  0.04813

         415      405    407      0   Z-then-X    -0.02456
                                                  -0.09109  0.00000 -0.20696
                                                   0.10697
                                                   0.00000  0.02913
                                                  -0.05002  0.00000 -0.13610

         416      411    416      0   Z-then-X     0.15588
                                                   0.00953  0.00000 -0.18726
                                                   0.05652
                                                   0.00000 -0.01888
                                                  -0.02260  0.00000 -0.03764

 Additional Atomic Dipole Polarizability Parameters :

     Atom Type           Alpha       Thole     Group Atom Types

         412             0.480       0.390         401
         401             1.620       0.390         412
         402             3.406       0.390         403
         403             1.620       0.390         402  404
         404             1.158       0.390         403
         405             2.064       0.390         406  407  415
         406             0.914       0.390         405
         407             1.243       0.390         405  413
         413             0.457       0.390         407
         408             1.620       0.390         414
         414             0.480       0.390         408
         409             2.064       0.390         410  411
         410             0.914       0.390         409
         411             1.243       0.390         409  416
         415             0.480       0.390         405
         416             0.457       0.390         411

 Additional van der Waals Parameters :

     Atom Class               Size        Epsilon        Reduction

         408                3.8200         0.1010          0.000
         405                3.8200         0.1060          0.000
         409                3.8200         0.1060          0.000
         415                2.8000         0.0260          0.910
         406                3.3000         0.1120          0.000
         410                3.3000         0.1120          0.000
         407                3.7100         0.1100          0.000
         411                3.7100         0.1100          0.000
         413                2.5900         0.0220          0.900
         416                2.5900         0.0220          0.900
         414                2.9300         0.0260          0.910
         401                3.7800         0.1060          0.000
         402                4.0050         0.3550          0.000
         412                2.8700         0.0330          0.900
         403                3.8200         0.1010          0.000
         404                3.5800         0.1100          0.000

 Additional Solvation Parameters :

     Atom Type                PB Size     CS Size     GK Size

         415             3.0352      2.6860      3.3152
         412             2.6533      3.3920      2.9044
         413             3.6491      3.4040      2.9894
         416             2.9089      2.8360      3.5214
         414             3.0556      2.9960      4.0320
         405             2.9301      4.5060      4.2118
         409             2.9301      4.5060      4.2118
         408             3.3967      3.2550      4.7385
         401             3.3967      3.2550      4.7385
         403             3.3967      3.2550      4.7385
         407             2.8836      2.9900      3.2180
         411             3.4243      3.4910      4.2676
         406             2.9835      3.3560      2.9616
         410             2.9835      3.3560      2.9616
         402             4.4346      4.1940      4.5431

 Limited Memory BFGS Quasi-Newton Optimization :

 QN Iter     F Value      G RMS      F Move   X Move   Angle  FG Call  Comment

     0       48.8151   136.0044                                   1
     1       13.3951    81.0201     35.4200   0.0299    0.00      3    Success 
     2       -1.0298    50.5964     14.4250   0.0151   30.61      4    Success 
     3      -16.9748    34.1565     15.9450   0.0307   27.64      5    Success 
     4      -24.1846    25.5205      7.2097   0.0245   40.52      6    Success 
     5      -25.0676    49.9992      0.8831   0.0281   44.32      7    Success 
     6      -26.6274    38.5770      1.5598   0.0023   29.66      8    Success 
     7      -28.9768    18.9237      2.3494   0.0052   30.34      9    Success 
     8      -30.5207    13.8105      1.5439   0.0084   32.71     10    Success 
     9      -31.4560    16.7568      0.9353   0.0079   54.70     11    Success 
    10      -33.0290    17.3167      1.5731   0.0135   62.71     12    Success 
    11      -35.5277    17.5269      2.4986   0.0248   65.99     13    Success 
    12      -37.0602    23.7606      1.5326   0.0450   69.37     14    Success 
    13      -38.8729     8.2445      1.8127   0.0177   66.07     15    Success 
    14      -39.3703     5.7121      0.4974   0.0048   20.74     16    Success 
    15      -40.0674     7.5457      0.6971   0.0132   45.06     17    Success 
    16      -40.8688     9.0143      0.8014   0.0195   65.05     18    Success 
    17      -41.5245    13.0448      0.6558   0.0299   70.74     19    Success 
    18      -42.3610     6.1105      0.8365   0.0155   70.65     20    Success 
    19      -42.9250     4.9741      0.5640   0.0139   56.54     21    Success 
    20      -43.2933     5.3437      0.3683   0.0158   69.54     22    Success 
    21      -43.6558     7.6168      0.3625   0.0214   69.08     23    Success 
    22      -43.9685     4.0663      0.3127   0.0198   76.59     24    Success 
    23      -44.0431     5.9328      0.0746   0.0039   45.92     25    Success 
    24      -44.1260     3.0360      0.0829   0.0020   58.10     26    Success 
    25      -44.1953     2.6329      0.0694   0.0036   60.61     27    Success 
    26      -44.2739     2.7415      0.0785   0.0053   65.78     28    Success 
    27      -44.3858     2.7587      0.1120   0.0094   70.18     29    Success 
    28      -44.4441     3.1363      0.0582   0.0067   69.57     31    Success 
    29      -44.5143     2.0395      0.0702   0.0062   73.58     32    Success 
    30      -44.5856     2.1848      0.0713   0.0075   69.29     33    Success 
    31      -44.6582     2.9322      0.0726   0.0110   70.84     34    Success 
    32      -44.6843     3.2341      0.0261   0.0032   72.27     36    Success 
    33      -44.7220     1.9183      0.0377   0.0021   64.47     37    Success 
    34      -44.7567     1.4222      0.0347   0.0029   60.16     38    Success 
    35      -44.7900     1.8369      0.0333   0.0042   67.05     39    Success 
    36      -44.8413     2.1455      0.0513   0.0071   73.46     40    Success 
    37      -44.8773     3.5367      0.0359   0.0119   77.14     41    Success 
    38      -44.9236     1.4296      0.0464   0.0050   76.83     42    Success 
    39      -44.9388     0.6931      0.0152   0.0020   62.84     43    Success 
    40      -44.9461     0.6918      0.0073   0.0018   62.42     44    Success 
    41      -44.9546     0.9041      0.0085   0.0020   58.72     45    Success 
    42      -44.9619     0.8192      0.0073   0.0032   71.85     46    Success 
    43      -44.9670     0.4612      0.0051   0.0011   62.52     47    Success 
    44      -44.9699     0.3755      0.0029   0.0010   54.97     48    Success 
    45      -44.9716     0.6072      0.0018   0.0009   59.24     49    Success 
    46      -44.9731     0.4972      0.0015   0.0010   74.27     50    Success 
    47      -44.9743     0.2958      0.0012   0.0005   70.86     51    Success 
    48      -44.9754     0.2682      0.0011   0.0006   62.48     52    Success 
    49      -44.9766     0.2830      0.0012   0.0007   64.36     53    Success 
    50      -44.9785     0.2455      0.0019   0.0012   66.11     54    Success 
    51      -44.9793     0.4683      0.0009   0.0010   67.73     56    Success 
    52      -44.9805     0.2303      0.0012   0.0009   77.03     57    Success 
    53      -44.9813     0.2102      0.0008   0.0007   68.51     58    Success 
    54      -44.9818     0.2818      0.0005   0.0007   69.37     59    Success 
    55      -44.9824     0.3465      0.0005   0.0007   73.67     60    Success 
    56      -44.9829     0.1956      0.0005   0.0003   72.12     61    Success 
    57      -44.9833     0.1648      0.0005   0.0006   69.50     62    Success 
    58      -44.9836     0.1815      0.0003   0.0004   75.54     63    Success 
    59      -44.9840     0.1604      0.0004   0.0006   74.40     64    Success 
    60      -44.9843     0.2771      0.0003   0.0010   73.63     65    Success 
    61      -44.9846     0.0841      0.0003   0.0002   60.01     66   SmallGrad

 LBFGS  --  Normal Termination due to SmallGrad

 Final Function Value :          -44.98456586
 Final RMS Gradient :              0.08412862
 Final Gradient Norm :             0.35692750
