
     ######################################################################
   ##########################################################################
  ###                                                                      ###
 ###            Tinker  ---  Software Tools for Molecular Design            ###
 ##                                                                          ##
 ##                      Version 8.10.5   February 2023                      ##
 ##                                                                          ##
 ##               Copyright (c)  Jay William Ponder  1990-2023               ##
 ###                           All Rights Reserved                          ###
  ###                                                                      ###
   ##########################################################################
     ######################################################################


 Additional Atom Definition Parameters :

     Type  Class  Symbol  Description               Atomic    Mass   Valence

      401   401     C     3_24_Index_0                 6     12.011     3
      402   402     N     3_24_Index_0                 7     14.007     3
      403   403     C     3_24_Index_0                 6     12.011     3
      404   404     C     3_24_Index_0                 6     12.011     3
      405   405     C     3_24_Index_0                 6     12.011     4
      407   407     C     3_24_Index_0                 6     12.011     3
      406   406     C     3_24_Index_0                 6     12.011     3
      409   409     H     3_24_Index_0                 1      1.008     1
      408   408     O     3_24_Index_0                 8     15.999     1
      410   410     H     3_24_Index_0                 1      1.008     1
      411   411     H     3_24_Index_0                 1      1.008     1
      412   412     H     3_24_Index_0                 1      1.008     1
      413   413     H     3_24_Index_0                 1      1.008     1

 Additional Bond Stretching Parameters :

     Atom Classes             K(S)         Length

       408 401             558.795         1.2300
       402 403             263.322         1.4200
       407 406             379.094         1.3900
       404 403             379.094         1.4000
       406 404             379.094         1.3900
       406 407             379.094         1.3900
       409 404             368.093         1.0800
       411 406             368.093         1.0900
       412 407             368.093         1.0900
       402 401             332.242         1.3800
       413 401             382.640         1.1000
       405 402             263.322         1.4600
       410 405             345.979         1.0900

 Additional Angle Bending Parameters :

     Atom Classes             K(B)          Angle

     410 405 402            72.293        110.240
     410 405 410            36.407        108.680

 Additional In-Plane Angle Bending Parameters :

     Atom Classes             K(B)          Angle

     402 403 404            64.514        120.170
     408 401 413            43.607        122.030
     402 401 408            51.798        126.620
     403 402 401            70.723        122.190
     403 402 405            70.723        118.750
     407 406 404            74.631        120.690
     406 404 403            74.631        119.860
     404 403 404            74.631        119.610
     406 407 406            74.631        119.290
     409 404 403            36.770        120.270
     411 406 404            36.770        119.170
     409 404 406            36.770        119.860
     412 407 406            36.770        120.360
     411 406 407            36.770        120.140
     405 402 401            70.723        118.690
     413 401 402            51.546        110.102

 Additional Stretch-Bend Parameters :

     Atom Classes          K(SB)-1        K(SB)-2

     402 403 404            20.453         20.453
     408 401 413            25.988         25.988
     402 401 408             8.175          8.175
     403 402 401            10.229         10.229
     403 402 405            10.229         10.229
     407 406 404            20.453         20.453
     406 404 403            20.453         20.453
     404 403 404            20.453         20.453
     406 407 406            20.453         20.453
     409 404 403            20.453         20.453
     411 406 404            20.453         20.453
     409 404 406            20.453         20.453
     412 407 406            20.453         20.453
     411 406 407            20.453         20.453
     405 402 401            10.229         10.229
     413 401 402             8.175          8.175
     410 405 402            20.453         20.453
     410 405 410             5.713          5.713

 Additional Torsional Parameters :

     Atom Classes     1-Fold    2-Fold    3-Fold    4-Fold    5-Fold    6-Fold

   404 403 402 401  -0.67   0  0.91 180 -0.68   0  0.00   0  0.00   0  0.00   0
   409 404 403 402   0.55   0  6.19 180 -0.55   0  0.00   0  0.00   0  0.00   0
   406 404 403 402  -0.67   0  6.29 180  0.00   0  0.00   0  0.00   0  0.00   0
   408 401 402 403   0.00   0  0.00 180  0.30   0  0.00   0  0.00   0  0.00   0
   410 405 402 401   0.00   0  0.00 180 -0.00   0  0.00   0  0.00   0  0.00   0
   413 401 402 403   0.55   0  6.19 180 -0.55   0  0.00   0  0.00   0  0.00   0
   410 405 402 403   0.00   0  0.00 180  0.50   0  0.00   0  0.00   0  0.00   0
   413 401 402 405   0.55   0  6.19 180 -0.55   0  0.00   0  0.00   0  0.00   0
   408 401 402 405   1.00   0  5.67 180 -2.25   0  0.00   0  0.00   0  0.00   0
   406 407 406 404  -0.67   0  6.29 180  0.00   0  0.00   0  0.00   0  0.00   0
   412 407 406 404   0.55   0  6.82 180 -0.55   0  0.00   0  0.00   0  0.00   0
   407 406 404 403  -0.67   0  6.29 180  0.00   0  0.00   0  0.00   0  0.00   0
   406 404 403 404  -0.67   0  6.29 180  0.00   0  0.00   0  0.00   0  0.00   0
   411 406 404 403   0.55   0  6.19 180 -0.55   0  0.00   0  0.00   0  0.00   0
   409 404 403 404   0.55   0  6.19 180 -0.55   0  0.00   0  0.00   0  0.00   0
   411 406 407 406   0.55   0 11.38 180 -0.55   0  0.00   0  0.00   0  0.00   0
   409 404 406 407   0.55   0 11.38 180 -0.55   0  0.00   0  0.00   0  0.00   0
   411 406 404 409   0.00   0  6.36 180  0.00   0  0.00   0  0.00   0  0.00   0
   412 407 406 411   0.00   0  6.36 180  0.00   0  0.00   0  0.00   0  0.00   0
   405 402 403 404  -0.67   0  0.85 180 -0.67   0  0.00   0  0.00   0  0.00   0
   404 403 402 405  -0.67   0  0.85 180 -0.67   0  0.00   0  0.00   0  0.00   0

 Additional Atomic Multipole Parameters :

     Atom Type     Coordinate Frame Definition         Multipole Moments

         401      408    402      0   Z-then-X     0.58639
                                                   0.38691  0.00000  0.22052
                                                  -0.02756
                                                   0.00000 -0.03756
                                                   0.03245  0.00000  0.06512

         402      405    403      0   Z-then-X    -0.15776
                                                   0.00426  0.00000  0.15104
                                                   0.19038
                                                   0.00000 -0.79424
                                                  -0.04585  0.00000  0.60386

         403      404    404      0   Bisector     0.04387
                                                   0.00000  0.00000 -0.29639
                                                  -0.32983
                                                   0.00000 -0.03320
                                                   0.00000  0.00000  0.36303

         404      403    406      0   Z-then-X    -0.08843
                                                  -0.10744  0.00000 -0.08281
                                                  -0.05708
                                                   0.00000 -0.04847
                                                  -0.14390  0.00000  0.10555

         405      402    403      0   Z-then-X    -0.01227
                                                  -0.02151  0.00000  0.27046
                                                  -0.44062
                                                   0.00000 -0.31839
                                                  -0.02372  0.00000  0.75901

         406      404    407      0   Z-then-X     0.09571
                                                   0.20473  0.00000  0.12478
                                                   0.55613
                                                   0.00000 -0.47565
                                                   0.45799  0.00000 -0.08048

         407      406    406      0   Bisector    -0.04367
                                                   0.00000  0.00000 -0.10663
                                                   0.24915
                                                   0.00000 -0.17205
                                                   0.00000  0.00000 -0.07710

         409      404    403      0   Z-then-X     0.03873
                                                  -0.00820  0.00000 -0.14567
                                                   0.06300
                                                   0.00000 -0.00291
                                                   0.03089  0.00000 -0.06009

         408      401    402      0   Z-then-X    -0.61718
                                                  -0.13622  0.00000  0.00170
                                                  -0.40424
                                                   0.00000  0.09749
                                                  -0.25825  0.00000  0.30675

         410      405    402      0   Z-then-X     0.05231
                                                   0.01170  0.00000 -0.09112
                                                   0.04510
                                                   0.00000  0.01080
                                                  -0.00409  0.00000 -0.05590

         411      406    404      0   Z-then-X     0.00671
                                                  -0.00934  0.00000 -0.13986
                                                   0.08830
                                                   0.00000  0.00318
                                                  -0.00073  0.00000 -0.09148

         412      407    406      0   Z-then-X     0.00441
                                                  -0.01731  0.00000 -0.18482
                                                   0.08707
                                                   0.00000  0.01160
                                                  -0.05562  0.00000 -0.09867

         413      401    408      0   Z-then-X    -0.06616
                                                   0.03313  0.00000 -0.23044
                                                   0.09962
                                                   0.00000  0.06916
                                                   0.02580  0.00000 -0.16878

 Additional Charge Penetration Parameters :

     Atom Class           Core Chg           Damp

         401                 0.000         0.0000
         402                 0.000         0.0000
         403                 0.000         0.0000
         404                 0.000         0.0000
         405                 0.000         0.0000
         406                 0.000         0.0000
         407                 0.000         0.0000
         409                 0.000         0.0000
         408                 0.000         0.0000
         410                 0.000         0.0000
         411                 0.000         0.0000
         412                 0.000         0.0000
         413                 0.000         0.0000

 Additional Atomic Dipole Polarizability Parameters :

     Atom Type           Alpha       Thole     Group Atom Types

         401             1.600       0.390         402  408  413
         402             1.243       0.390         401
         403             1.600       0.390         404
         404             1.600       0.390         403  406  409
         405             1.620       0.390         410
         407             1.600       0.390         406  412
         406             1.600       0.390         404  407  411
         409             0.432       0.390         404
         408             0.914       0.390         401
         410             0.480       0.390         405
         411             0.432       0.390         406
         412             0.432       0.390         407
         413             0.480       0.390         401

 Additional van der Waals Parameters :

     Atom Class               Size        Epsilon        Reduction

         413                2.9200         0.0300          0.920
         412                2.9800         0.0260          0.920
         405                3.8200         0.1010          0.000
         410                2.9000         0.0220          0.900
         401                3.7800         0.1060          0.000
         408                3.3000         0.1120          0.000
         402                3.7100         0.1100          0.000
         407                3.8000         0.0890          0.000
         404                3.8000         0.0890          0.000
         403                3.8000         0.0890          0.000
         411                2.9800         0.0260          0.920
         409                2.9800         0.0260          0.920
         406                3.8000         0.0890          0.000

 Additional Solvation Parameters :

     Atom Type                PB Size     CS Size     GK Size

         413             3.0352      2.6860      3.3152
         410             2.2886      2.0030      2.6260
         412             3.0020      2.6350      3.3763
         404             3.8585      3.7660      3.8448
         401             2.9301      4.5060      4.2118
         406             3.8286      3.8930      4.5084
         407             3.8286      3.8930      4.5084
         403             3.6909      3.7660      4.4258
         405             3.5062      3.3090      4.5360
         402             2.8836      2.9900      3.2180
         408             2.9835      3.3560      2.9616

 Limited Memory BFGS Quasi-Newton Optimization :

 QN Iter     F Value      G RMS      F Move   X Move   Angle  FG Call  Comment

     0        1.2755    14.7421                                   1
     1        0.4388    30.8866      0.8367   0.0073    0.00      3    Success 
     2        0.1889    11.5570      0.2499   0.0017   59.03      5    Success 
     3        0.1153    10.3859      0.0736   0.0006   49.76      6    Success 
     4       -0.0218     9.3773      0.1371   0.0008   25.09      7    Success 
     5       -0.2762     8.5153      0.2544   0.0019   33.71      8    Success 
     6       -0.7316     7.9953      0.4554   0.0040   38.34      9    Success 
     7       -1.4771     8.2137      0.7455   0.0087   46.67     10    Success 
     8       -2.3252    10.6342      0.8481   0.0191   59.95     11    Success 
     9       -2.5064     8.8755      0.1811   0.0060   72.52     13    Success 
    10       -2.6629     5.5095      0.1565   0.0043   73.72     14    Success 
    11       -2.8276     3.4660      0.1647   0.0056   62.28     15    Success 
    12       -2.8942     4.3568      0.0665   0.0021   52.39     16    Success 
    13       -2.9952     4.5442      0.1011   0.0038   65.10     17    Success 
    14       -3.1100     4.7921      0.1148   0.0066   69.13     18    Success 
    15       -3.1768     1.6023      0.0668   0.0044   73.89     19    Success 
    16       -3.1978     1.3285      0.0210   0.0015   49.23     20    Success 
    17       -3.2160     1.5875      0.0182   0.0016   50.94     21    Success 
    18       -3.2422     1.5005      0.0262   0.0026   63.36     22    Success 
    19       -3.2788     1.0652      0.0366   0.0047   66.81     23    Success 
    20       -3.2888     1.9045      0.0100   0.0053   65.42     24    Success 
    21       -3.3022     0.7141      0.0134   0.0008   44.23     25    Success 
    22       -3.3068     0.4267      0.0046   0.0007   42.16     26    Success 
    23       -3.3089     0.4559      0.0021   0.0006   53.57     27    Success 
    24       -3.3096     1.2547      0.0007   0.0004   62.93     29    Success 
    25       -3.3108     0.8501      0.0012   0.0004   81.61     30    Success 
    26       -3.3126     0.3802      0.0018   0.0008   79.42     31    Success 
    27       -3.3141     0.5790      0.0015   0.0009   71.65     32    Success 
    28       -3.3155     0.6923      0.0014   0.0008   77.60     33    Success 
    29       -3.3179     0.6414      0.0023   0.0009   76.09     34    Success 
    30       -3.3210     0.5656      0.0031   0.0015   75.58     35    Success 
    31       -3.3242     0.4925      0.0032   0.0021   74.13     36    Success 
    32       -3.3250     0.4796      0.0008   0.0005   68.77     38    Success 
    33       -3.3263     0.4356      0.0012   0.0004   63.15     39    Success 
    34       -3.3282     0.4224      0.0019   0.0008   67.21     40    Success 
    35       -3.3304     0.8908      0.0021   0.0016   72.68     41    Success 
    36       -3.3334     0.7054      0.0030   0.0020   82.57     42    Success 
    37       -3.3373     0.5649      0.0039   0.0033   82.17     43    Success 
    38       -3.3411     0.5988      0.0038   0.0034   80.94     44    Success 
    39       -3.3450     0.6018      0.0040   0.0028   79.62     45    Success 
    40       -3.3485     0.3150      0.0035   0.0022   78.14     46    Success 
    41       -3.3507     0.3200      0.0022   0.0014   68.95     47    Success 
    42       -3.3537     0.4173      0.0030   0.0021   72.48     48    Success 
    43       -3.3574     0.5995      0.0037   0.0036   78.15     49    Success 
    44       -3.3609     0.4955      0.0035   0.0047   81.97     50    Success 
    45       -3.3632     0.2838      0.0023   0.0009   67.19     51    Success 
    46       -3.3637     1.0134      0.0005   0.0005   67.54     53    Success 
    47       -3.3644     0.4881      0.0007   0.0004   82.42     54    Success 
    48       -3.3650     0.3310      0.0005   0.0005   80.66     55    Success 
    49       -3.3656     0.5271      0.0006   0.0006   79.05     56    Success 
    50       -3.3665     0.6702      0.0009   0.0010   83.33     57    Success 
    51       -3.3678     0.5511      0.0013   0.0016   84.89     58    Success 
    52       -3.3686     0.6157      0.0009   0.0021   83.65     59    Success 
    53       -3.3697     0.2840      0.0011   0.0010   81.96     60    Success 
    54       -3.3703     0.2560      0.0006   0.0004   57.31     61    Success 
    55       -3.3706     0.3028      0.0003   0.0002   67.29     62    Success 
    56       -3.3709     0.2152      0.0003   0.0004   78.20     63    Success 
    57       -3.3713     0.2108      0.0004   0.0005   72.87     64    Success 
    58       -3.3716     0.2191      0.0003   0.0005   77.10     65    Success 
    59       -3.3718     0.2152      0.0002   0.0003   78.76     66    Success 
    60       -3.3722     0.1788      0.0003   0.0004   74.92     67    Success 
    61       -3.3726     0.1748      0.0004   0.0007   72.73     68    Success 
    62       -3.3728     0.1352      0.0002   0.0005   74.47     69    Success 
    63       -3.3730     0.1641      0.0001   0.0003   69.14     70    Success 
    64       -3.3731     0.1380      0.0002   0.0002   70.52     71    Success 
    65       -3.3734     0.0898      0.0002   0.0004   71.80     72   SmallGrad

 LBFGS  --  Normal Termination due to SmallGrad

 Final Function Value :           -3.37336362
 Final RMS Gradient :              0.08981128
 Final Gradient Norm :             0.39147829
