
     ######################################################################
   ##########################################################################
  ###                                                                      ###
 ###            Tinker  ---  Software Tools for Molecular Design            ###
 ##                                                                          ##
 ##                      Version 8.10.2   February 2022                      ##
 ##                                                                          ##
 ##               Copyright (c)  Jay William Ponder  1990-2022               ##
 ###                           All Rights Reserved                          ###
  ###                                                                      ###
   ##########################################################################
     ######################################################################


 Additional Atom Definition Parameters :

     Type  Class  Symbol  Description               Atomic    Mass   Valence

      401   401     C     3_24_Index_0                 6     12.011     3
      402   402     N     3_24_Index_0                 7     14.007     3
      403   403     C     3_24_Index_0                 6     12.011     3
      404   404     C     3_24_Index_0                 6     12.011     3
      405   405     C     3_24_Index_0                 6     12.011     4
      407   407     C     3_24_Index_0                 6     12.011     3
      406   406     C     3_24_Index_0                 6     12.011     3
      410   410     H     3_24_Index_0                 1      1.008     1
      408   408     C     3_24_Index_0                 6     12.011     4
      409   409     O     3_24_Index_0                 8     15.999     1
      411   411     H     3_24_Index_0                 1      1.008     1
      412   412     H     3_24_Index_0                 1      1.008     1
      413   413     H     3_24_Index_0                 1      1.008     1
      414   414     H     3_24_Index_0                 1      1.008     1

 Additional Bond Stretching Parameters :

     Atom Classes             K(S)         Length

       409 401             601.800         1.2300
       403 402             400.000         1.4200
       408 401             288.657         1.5200
       402 401             363.157         1.3900
       405 402             299.018         1.4600
       404 403             379.094         1.4000
       410 404             368.093         1.0900
       406 404             379.094         1.3900
       411 405             345.979         1.0900
       412 406             368.093         1.0900
       407 406             379.094         1.3900
       406 407             379.094         1.3900
       414 407             368.093         1.0900
       413 408             345.979         1.0900

 Additional Angle Bending Parameters :

     Atom Classes             K(B)          Angle

     409 401 408            80.000        123.076
     402 401 409            76.980        123.822
     405 402 403            65.000        117.520
     401 402 403            65.000        119.480
     404 403 402            80.000        120.070
     413 408 401            48.590        110.170
     405 402 401            93.856        120.124
     408 401 402            74.161        113.062
     411 405 402            56.547        110.440
     410 404 403            36.770        119.860
     406 404 403            74.631        119.850
     404 403 404            74.631        119.820
     412 406 404            36.770        119.410
     407 406 404            74.631        120.480
     410 404 406            36.770        120.270
     406 407 406            74.631        119.490
     414 407 406            36.770        120.250
     412 406 407            36.770        120.100
     411 405 411            36.407        109.778
     413 408 413            36.407        108.760

 Additional Stretch-Bend Parameters :

     Atom Classes          K(SB)-1        K(SB)-2

     409 401 408            18.700         18.700
     402 401 409            18.700         18.700
     405 402 403             0.000          0.000
     401 402 403             0.000          0.000
     404 403 402             0.000          0.000
     413 408 401             5.713          5.713
     405 402 401            25.952         25.952
     408 401 402            25.988         25.988
     411 405 402             5.713          5.713
     410 404 403            20.453         20.453
     406 404 403            20.453         20.453
     404 403 404            20.453         20.453
     412 406 404            20.453         20.453
     407 406 404            20.453         20.453
     410 404 406            20.453         20.453
     406 407 406            20.453         20.453
     414 407 406            20.453         20.453
     412 406 407            20.453         20.453
     411 405 411             5.713          5.713
     413 408 413             5.713          5.713

 Additional Out-of-Plane Bend Parameters :

     Atom Classes                   K(OPB)

     408 401   0   0                14.953
     409 401   0   0                16.505
     402 401   0   0                92.784
     401 402   0   0                92.784
     405 402   0   0                 7.258
     404 403   0   0                84.886
     403 404   0   0                84.886
     410 404   0   0                72.814
     406 404   0   0                84.886
     404 406   0   0                84.886
     412 406   0   0                72.814
     407 406   0   0                84.886
     406 407   0   0                84.886
     414 407   0   0                72.814
     403 402   0   0                 3.600
     402 403   0   0                14.390

 Additional Torsional Parameters :

     Atom Classes     1-Fold    2-Fold    3-Fold    4-Fold    5-Fold    6-Fold

   413 408 401 409   0.00   0  0.00 180  0.23   0  0.00   0  0.00   0  0.00   0
   413 408 401 402   0.00   0  0.00 180 -0.01   0  0.00   0  0.00   0  0.00   0
   411 405 402 403   0.00   0  0.00 180  0.11   0  0.00   0  0.00   0  0.00   0
   411 405 402 401   0.00   0  0.00 180 -0.13   0  0.00   0  0.00   0  0.00   0
   402 403 404 406  -0.67   0  6.29 180  0.00   0  0.00   0  0.00   0  0.00   0
   403 402 401 408  -1.00   0  5.42 180  2.05   0  0.00   0  0.00   0  0.00   0
   405 402 401 408  -1.00   0  5.42 180  2.05   0  0.00   0  0.00   0  0.00   0
   409 401 402 403   1.00   0  5.67 180 -2.25   0  0.00   0  0.00   0  0.00   0
   409 401 402 405   1.00   0  5.67 180 -2.25   0  0.00   0  0.00   0  0.00   0
   407 406 404 403  -0.67   0  6.29 180  0.00   0  0.00   0  0.00   0  0.00   0
   406 404 403 404  -0.67   0  6.29 180  0.00   0  0.00   0  0.00   0  0.00   0
   406 407 406 404  -0.67   0  6.29 180  0.00   0  0.00   0  0.00   0  0.00   0
   412 406 404 403   0.55   0  6.19 180 -0.55   0  0.00   0  0.00   0  0.00   0
   410 404 403 404   0.55   0  6.19 180 -0.55   0  0.00   0  0.00   0  0.00   0
   414 407 406 404   0.55   0  6.82 180 -0.55   0  0.00   0  0.00   0  0.00   0
   412 406 407 406   0.55   0 11.38 180 -0.55   0  0.00   0  0.00   0  0.00   0
   410 404 406 407   0.55   0 11.38 180 -0.55   0  0.00   0  0.00   0  0.00   0
   412 406 404 410   0.00   0  6.36 180  0.00   0  0.00   0  0.00   0  0.00   0
   414 407 406 412   0.00   0  6.36 180  0.00   0  0.00   0  0.00   0  0.00   0
   410 404 403 402   0.55   0  6.19 180 -0.55   0  0.00   0  0.00   0  0.00   0
   404 403 402 401   0.00   0  0.00 180  0.00   0  0.00   0  0.00   0  0.00   0
   405 402 403 404   0.00   0  0.00 180  0.00   0  0.00   0  0.00   0  0.00   0
   404 403 402 405   0.00   0  0.00 180  0.00   0  0.00   0  0.00   0  0.00   0

 Additional Atomic Multipole Parameters :

     Atom Type     Coordinate Frame Definition         Multipole Moments

         401      409    408      0   Z-then-X     0.75234
                                                  -0.27464  0.00000  0.17108
                                                   0.27870
                                                   0.00000 -0.40294
                                                   0.13884  0.00000  0.12424

         402      405    403      0   Z-then-X    -0.22873
                                                   0.09011  0.00000  0.02693
                                                  -0.23392
                                                   0.00000 -0.72423
                                                  -0.16212  0.00000  0.95815

         403      404    404      0   Bisector     0.02183
                                                   0.00000  0.00000 -0.27414
                                                  -0.30549
                                                   0.00000  0.03804
                                                   0.00000  0.00000  0.26745

         404      410    406      0   Z-then-X    -0.04600
                                                  -0.02777  0.00000  0.01775
                                                   0.07510
                                                   0.00000 -0.11837
                                                  -0.03408  0.00000  0.04327

         405      402    403      0   Z-then-X    -0.04939
                                                   0.01391  0.00000  0.32786
                                                  -0.35935
                                                   0.00000 -0.31872
                                                   0.02479  0.00000  0.67807

         406      412    407      0   Z-then-X     0.06435
                                                  -0.03692  0.00000 -0.08649
                                                  -0.23624
                                                   0.00000 -0.38849
                                                  -0.04509  0.00000  0.62473

         407      406    406      0   Bisector    -0.04232
                                                   0.00000  0.00000 -0.12224
                                                   0.27141
                                                   0.00000 -0.17974
                                                   0.00000  0.00000 -0.09167

         410      404    406      0   Z-then-X     0.02290
                                                   0.04056  0.00000 -0.14705
                                                  -0.02247
                                                   0.00000  0.05101
                                                  -0.00568  0.00000 -0.02854

         408      401    409      0   Z-then-X    -0.27474
                                                  -0.06739  0.00000  0.20217
                                                  -0.13662
                                                   0.00000 -0.07468
                                                   0.00342  0.00000  0.21130

         409      401    408      0   Z-then-X    -0.72504
                                                   0.07598  0.00000 -0.08138
                                                  -0.53698
                                                   0.00000  0.14402
                                                   0.08325  0.00000  0.39296

         411      405    402      0   Z-then-X     0.06439
                                                  -0.01254  0.00000 -0.09835
                                                   0.04016
                                                   0.00000  0.02507
                                                  -0.07884  0.00000 -0.06523

         412      406    407      0   Z-then-X     0.00702
                                                   0.00657  0.00000 -0.11963
                                                   0.12512
                                                   0.00000 -0.05912
                                                  -0.00257  0.00000 -0.06600

         413      408    401      0   Z-then-X     0.08419
                                                  -0.00047  0.00000 -0.01108
                                                  -0.02704
                                                   0.00000 -0.00702
                                                   0.00206  0.00000  0.03406

         414      407      0      0   Z-Only       0.00377
                                                   0.00000  0.00000 -0.16711
                                                   0.02747
                                                   0.00000  0.02747
                                                   0.00000  0.00000 -0.05494

 Additional Atomic Dipole Polarizability Parameters :

     Atom Type           Alpha       Thole     Group Atom Types

         401             2.064       0.390         402  409
         402             1.243       0.390         401
         403             2.064       0.390         404
         404             2.064       0.390         403  406  410
         405             1.620       0.390         411
         407             2.064       0.390         406  414
         406             2.064       0.390         404  407  412
         410             0.432       0.390         404
         408             1.415       0.390         413
         409             0.914       0.390         401
         411             0.480       0.390         405
         412             0.432       0.390         406
         413             0.480       0.390         408
         414             0.432       0.390         407

 Additional van der Waals Parameters :

     Atom Class               Size        Epsilon        Reduction

         414                2.9800         0.0260          0.920
         405                3.8200         0.1010          0.000
         408                3.8200         0.1010          0.000
         411                2.9800         0.0240          0.920
         413                2.9600         0.0220          0.920
         401                3.8200         0.1060          0.000
         409                3.3000         0.1120          0.000
         402                3.7100         0.1100          0.000
         407                3.8000         0.0910          0.000
         404                3.8000         0.0910          0.000
         403                3.8000         0.0910          0.000
         412                2.9800         0.0260          0.920
         410                2.9800         0.0260          0.920
         406                3.8000         0.1010          0.000

 Additional Solvation Parameters :

     Atom Type                PB Size     CS Size     GK Size

         410             2.5740      2.7580      2.9054
         412             2.5740      2.7580      2.9054
         414             2.5740      2.7580      2.9054
         411             2.2886      2.0030      2.6260
         413             2.9089      2.8360      3.5214
         404             3.8585      3.7660      3.8448
         401             2.9301      4.5060      4.2118
         403             3.6909      3.7660      4.4258
         406             3.8286      3.8930      4.5084
         407             3.8286      3.8930      4.5084
         405             3.5062      3.3090      4.5360
         408             3.5062      3.3090      4.5360
         402             2.8836      2.9900      3.2180
         409             2.9835      3.3560      2.9616

 Limited Memory BFGS Quasi-Newton Optimization :

 QN Iter     F Value      G RMS      F Move   X Move   Angle  FG Call  Comment

     0       81.2843   161.9621                                   1
     1       75.7435   110.0892      5.5408   0.0888    0.00      2    Success 
     2       30.4767    69.1209     45.2668   0.0231    7.05      4    Success 
     3       14.3303    51.9235     16.1464   0.0413    8.55      5    Success 
     4        7.1455    12.7472      7.1848   0.0166   11.89      6    Success 
     5        6.3117     8.3727      0.8338   0.0038    6.86      7    Success 
     6        5.1512     8.8992      1.1605   0.0091    7.80      8    Success 
     7        4.0036     9.6862      1.1476   0.0119   50.60      9    Success 
     8        2.1426    10.4845      1.8610   0.0213   59.66     10    Success 
     9        0.8118    19.3808      1.3308   0.0392   65.68     11    Success 
    10       -1.1034     9.6830      1.9152   0.0195   71.35     12    Success 
    11       -2.1969     5.0332      1.0935   0.0182   64.76     13    Success 
    12       -2.8134     5.6671      0.6165   0.0158   61.60     14    Success 
    13       -3.5133     8.3026      0.6999   0.0227   64.15     15    Success 
    14       -4.2500     5.2634      0.7367   0.0226   72.35     16    Success 
    15       -4.7131     3.5364      0.4631   0.0091   52.62     17    Success 
    16       -5.0198     5.4593      0.3067   0.0144   50.91     18    Success 
    17       -5.1909     3.4012      0.1711   0.0052   56.27     19    Success 
    18       -5.2820     2.1393      0.0911   0.0021   43.92     20    Success 
    19       -5.4088     2.3140      0.1268   0.0080   60.99     21    Success 
    20       -5.5483     3.2380      0.1396   0.0091   66.85     22    Success 
    21       -5.7435     3.7387      0.1952   0.0156   75.42     23    Success 
    22       -5.9835     3.5799      0.2400   0.0215   77.22     24    Success 
    23       -6.1913     2.6905      0.2078   0.0153   75.87     25    Success 
    24       -6.3703     3.0794      0.1790   0.0165   69.03     26    Success 
    25       -6.4891     2.3986      0.1187   0.0067   63.03     27    Success 
    26       -6.5668     1.8657      0.0777   0.0039   61.12     28    Success 
    27       -6.6722     1.7091      0.1054   0.0076   59.94     29    Success 
    28       -6.7498     4.1076      0.0776   0.0170   70.78     30    Success 
    29       -6.8298     2.1593      0.0800   0.0050   75.35     31    Success 
    30       -6.9026     1.8046      0.0728   0.0081   74.94     32    Success 
    31       -6.9775     2.0665      0.0749   0.0099   75.18     33    Success 
    32       -7.0934     2.0839      0.1159   0.0140   76.35     34    Success 
    33       -7.2353     2.9214      0.1419   0.0223   76.88     35    Success 
    34       -7.3855     2.0413      0.1502   0.0281   80.96     36    Success 
    35       -7.4800     1.6266      0.0945   0.0083   69.44     37    Success 
    36       -7.5803     2.2965      0.1003   0.0145   69.95     38    Success 
    37       -7.6179     2.7407      0.0376   0.0123   78.72     39    Success 
    38       -7.6573     1.0198      0.0394   0.0017   55.36     40    Success 
    39       -7.6718     0.6361      0.0145   0.0018   54.45     41    Success 
    40       -7.6789     0.6114      0.0071   0.0020   71.17     42    Success 
    41       -7.6902     0.6635      0.0113   0.0024   64.27     43    Success 
    42       -7.7048     0.6030      0.0146   0.0053   73.19     44    Success 
    43       -7.7155     0.8584      0.0107   0.0049   70.76     45    Success 
    44       -7.7233     0.6250      0.0077   0.0022   73.75     46    Success 
    45       -7.7317     0.5959      0.0084   0.0020   63.16     47    Success 
    46       -7.7397     0.6251      0.0080   0.0027   69.09     48    Success 
    47       -7.7470     0.8526      0.0073   0.0036   71.16     49    Success 
    48       -7.7536     0.4744      0.0066   0.0030   78.59     50    Success 
    49       -7.7569     0.3095      0.0032   0.0009   57.34     51    Success 
    50       -7.7589     0.3283      0.0021   0.0009   64.76     52    Success 
    51       -7.7616     0.5632      0.0027   0.0014   65.69     53    Success 
    52       -7.7655     0.4085      0.0039   0.0022   78.43     54    Success 
    53       -7.7700     0.4480      0.0045   0.0027   74.02     55    Success 
    54       -7.7742     0.5539      0.0042   0.0038   76.25     56    Success 
    55       -7.7780     0.4048      0.0038   0.0011   69.72     57    Success 
    56       -7.7831     0.3761      0.0051   0.0021   66.44     58    Success 
    57       -7.7875     0.5878      0.0044   0.0033   73.77     59    Success 
    58       -7.7922     0.3631      0.0047   0.0032   80.29     60    Success 
    59       -7.7958     0.2991      0.0036   0.0027   75.82     61    Success 
    60       -7.7983     0.4210      0.0025   0.0028   74.12     62    Success 
    61       -7.8009     0.3114      0.0026   0.0013   73.19     63    Success 
    62       -7.8042     0.3179      0.0032   0.0022   70.14     64    Success 
    63       -7.8053     0.6024      0.0011   0.0024   74.22     65    Success 
    64       -7.8069     0.2795      0.0016   0.0003   55.32     66    Success 
    65       -7.8080     0.2074      0.0011   0.0006   63.69     67    Success 
    66       -7.8090     0.2574      0.0009   0.0009   74.22     68    Success 
    67       -7.8104     0.2590      0.0014   0.0016   78.50     69    Success 
    68       -7.8117     0.4902      0.0013   0.0021   75.80     70    Success 
    69       -7.8134     0.2485      0.0017   0.0018   82.64     71    Success 
    70       -7.8146     0.1777      0.0012   0.0013   75.04     72    Success 
    71       -7.8159     0.2623      0.0013   0.0014   70.43     73    Success 
    72       -7.8173     0.3356      0.0014   0.0019   77.21     74    Success 
    73       -7.8186     0.2381      0.0012   0.0019   80.79     75    Success 
    74       -7.8194     0.1802      0.0008   0.0008   71.49     76    Success 
    75       -7.8199     0.1925      0.0005   0.0005   64.68     77    Success 
    76       -7.8204     0.1834      0.0005   0.0007   76.31     78    Success 
    77       -7.8211     0.1614      0.0006   0.0013   78.91     79    Success 
    78       -7.8216     0.1486      0.0005   0.0012   77.59     80    Success 
    79       -7.8220     0.1392      0.0004   0.0005   70.04     81    Success 
    80       -7.8224     0.1370      0.0005   0.0006   69.09     82    Success 
    81       -7.8231     0.1629      0.0007   0.0009   69.80     83    Success 
    82       -7.8240     0.1717      0.0009   0.0015   75.08     84    Success 
    83       -7.8248     0.1865      0.0008   0.0019   78.60     85    Success 
    84       -7.8255     0.1617      0.0007   0.0018   80.09     86    Success 
    85       -7.8262     0.1428      0.0006   0.0011   76.74     87    Success 
    86       -7.8269     0.1447      0.0007   0.0018   77.01     88    Success 
    87       -7.8274     0.2330      0.0005   0.0013   74.26     89    Success 
    88       -7.8278     0.1253      0.0005   0.0005   76.09     90    Success 
    89       -7.8282     0.1044      0.0004   0.0007   72.90     91    Success 
    90       -7.8285     0.1289      0.0003   0.0006   73.64     92    Success 
    91       -7.8289     0.1186      0.0004   0.0009   77.19     93    Success 
    92       -7.8294     0.1427      0.0005   0.0015   77.47     94    Success 
    93       -7.8298     0.1510      0.0003   0.0015   81.16     95    Success 
    94       -7.8300     0.0861      0.0003   0.0005   73.74     96   SmallGrad

 LBFGS  --  Normal Termination due to SmallGrad

 Final Function Value :           -7.83004646
 Final RMS Gradient :              0.08607133
 Final Gradient Norm :             0.40371031
