
     ######################################################################
   ##########################################################################
  ###                                                                      ###
 ###            Tinker  ---  Software Tools for Molecular Design            ###
 ##                                                                          ##
 ##                      Version 8.10.2   February 2022                      ##
 ##                                                                          ##
 ##               Copyright (c)  Jay William Ponder  1990-2022               ##
 ###                           All Rights Reserved                          ###
  ###                                                                      ###
   ##########################################################################
     ######################################################################


 Additional Atom Definition Parameters :

     Type  Class  Symbol  Description               Atomic    Mass   Valence

      401   401     C     3_24_Index_0                 6     12.011     3
      402   402     N     3_24_Index_0                 7     14.007     3
      403   403     C     3_24_Index_0                 6     12.011     3
      404   404     C     3_24_Index_0                 6     12.011     3
      405   405     C     3_24_Index_0                 6     12.011     4
      407   407     C     3_24_Index_0                 6     12.011     3
      406   406     C     3_24_Index_0                 6     12.011     3
      410   410     H     3_24_Index_0                 1      1.008     1
      408   408     C     3_24_Index_0                 6     12.011     4
      409   409     O     3_24_Index_0                 8     15.999     1
      411   411     H     3_24_Index_0                 1      1.008     1
      412   412     H     3_24_Index_0                 1      1.008     1
      413   413     H     3_24_Index_0                 1      1.008     1
      414   414     H     3_24_Index_0                 1      1.008     1

 Additional Bond Stretching Parameters :

     Atom Classes             K(S)         Length

       409 401             601.800         1.2300
       403 402             400.000         1.4200
       408 401             288.657         1.5200
       402 401             363.157         1.3900
       405 402             299.018         1.4600
       404 403             379.094         1.4000
       410 404             368.093         1.0900
       406 404             379.094         1.3900
       411 405             345.979         1.0900
       412 406             368.093         1.0900
       407 406             379.094         1.3900
       406 407             379.094         1.3900
       414 407             368.093         1.0900
       413 408             345.979         1.0900

 Additional Angle Bending Parameters :

     Atom Classes             K(B)          Angle

     409 401 408            80.000        123.076
     402 401 409            76.980        123.822
     405 402 403            65.000        117.520
     401 402 403            65.000        119.480
     404 403 402            80.000        120.070
     413 408 401            48.590        110.170
     405 402 401            93.856        120.124
     408 401 402            74.161        113.062
     411 405 402            56.547        110.440
     410 404 403            36.770        119.860
     406 404 403            74.631        119.850
     404 403 404            74.631        119.820
     412 406 404            36.770        119.410
     407 406 404            74.631        120.480
     410 404 406            36.770        120.270
     406 407 406            74.631        119.490
     414 407 406            36.770        120.250
     412 406 407            36.770        120.100
     411 405 411            36.407        109.778
     413 408 413            36.407        108.760

 Additional Stretch-Bend Parameters :

     Atom Classes          K(SB)-1        K(SB)-2

     409 401 408            18.700         18.700
     402 401 409            18.700         18.700
     405 402 403             0.000          0.000
     401 402 403             0.000          0.000
     404 403 402             0.000          0.000
     413 408 401             5.713          5.713
     405 402 401            25.952         25.952
     408 401 402            25.988         25.988
     411 405 402             5.713          5.713
     410 404 403            20.453         20.453
     406 404 403            20.453         20.453
     404 403 404            20.453         20.453
     412 406 404            20.453         20.453
     407 406 404            20.453         20.453
     410 404 406            20.453         20.453
     406 407 406            20.453         20.453
     414 407 406            20.453         20.453
     412 406 407            20.453         20.453
     411 405 411             5.713          5.713
     413 408 413             5.713          5.713

 Additional Out-of-Plane Bend Parameters :

     Atom Classes                   K(OPB)

     408 401   0   0                14.953
     409 401   0   0                16.505
     402 401   0   0                92.784
     401 402   0   0                92.784
     405 402   0   0                 7.258
     404 403   0   0                84.886
     403 404   0   0                84.886
     410 404   0   0                72.814
     406 404   0   0                84.886
     404 406   0   0                84.886
     412 406   0   0                72.814
     407 406   0   0                84.886
     406 407   0   0                84.886
     414 407   0   0                72.814
     403 402   0   0                 3.600
     402 403   0   0                14.390

 Additional Torsional Parameters :

     Atom Classes     1-Fold    2-Fold    3-Fold    4-Fold    5-Fold    6-Fold

   413 408 401 409   0.00   0  0.00 180  0.23   0  0.00   0  0.00   0  0.00   0
   413 408 401 402   0.00   0  0.00 180 -0.01   0  0.00   0  0.00   0  0.00   0
   411 405 402 403   0.00   0  0.00 180  0.11   0  0.00   0  0.00   0  0.00   0
   411 405 402 401   0.00   0  0.00 180 -0.13   0  0.00   0  0.00   0  0.00   0
   402 403 404 406  -0.67   0  6.29 180  0.00   0  0.00   0  0.00   0  0.00   0
   403 402 401 408  -1.00   0  5.42 180  2.05   0  0.00   0  0.00   0  0.00   0
   405 402 401 408  -1.00   0  5.42 180  2.05   0  0.00   0  0.00   0  0.00   0
   409 401 402 403   1.00   0  5.67 180 -2.25   0  0.00   0  0.00   0  0.00   0
   409 401 402 405   1.00   0  5.67 180 -2.25   0  0.00   0  0.00   0  0.00   0
   407 406 404 403  -0.67   0  6.29 180  0.00   0  0.00   0  0.00   0  0.00   0
   406 404 403 404  -0.67   0  6.29 180  0.00   0  0.00   0  0.00   0  0.00   0
   406 407 406 404  -0.67   0  6.29 180  0.00   0  0.00   0  0.00   0  0.00   0
   412 406 404 403   0.55   0  6.19 180 -0.55   0  0.00   0  0.00   0  0.00   0
   410 404 403 404   0.55   0  6.19 180 -0.55   0  0.00   0  0.00   0  0.00   0
   414 407 406 404   0.55   0  6.82 180 -0.55   0  0.00   0  0.00   0  0.00   0
   412 406 407 406   0.55   0 11.38 180 -0.55   0  0.00   0  0.00   0  0.00   0
   410 404 406 407   0.55   0 11.38 180 -0.55   0  0.00   0  0.00   0  0.00   0
   412 406 404 410   0.00   0  6.36 180  0.00   0  0.00   0  0.00   0  0.00   0
   414 407 406 412   0.00   0  6.36 180  0.00   0  0.00   0  0.00   0  0.00   0
   410 404 403 402   0.55   0  6.19 180 -0.55   0  0.00   0  0.00   0  0.00   0
   404 403 402 401   0.00   0  0.00 180  0.00   0  0.00   0  0.00   0  0.00   0
   405 402 403 404   0.00   0  0.00 180  0.00   0  0.00   0  0.00   0  0.00   0
   404 403 402 405   0.00   0  0.00 180  0.00   0  0.00   0  0.00   0  0.00   0

 Additional Atomic Multipole Parameters :

     Atom Type     Coordinate Frame Definition         Multipole Moments

         401      409    408      0   Z-then-X     0.75234
                                                  -0.27464  0.00000  0.17108
                                                   0.27870
                                                   0.00000 -0.40294
                                                   0.13884  0.00000  0.12424

         402      405    403      0   Z-then-X    -0.22873
                                                   0.09011  0.00000  0.02693
                                                  -0.23392
                                                   0.00000 -0.72423
                                                  -0.16212  0.00000  0.95815

         403      404    404      0   Bisector     0.02183
                                                   0.00000  0.00000 -0.27414
                                                  -0.30549
                                                   0.00000  0.03804
                                                   0.00000  0.00000  0.26745

         404      410    406      0   Z-then-X    -0.04600
                                                  -0.02777  0.00000  0.01775
                                                   0.07510
                                                   0.00000 -0.11837
                                                  -0.03408  0.00000  0.04327

         405      402    403      0   Z-then-X    -0.04939
                                                   0.01391  0.00000  0.32786
                                                  -0.35935
                                                   0.00000 -0.31872
                                                   0.02479  0.00000  0.67807

         406      412    407      0   Z-then-X     0.06435
                                                  -0.03692  0.00000 -0.08649
                                                  -0.23624
                                                   0.00000 -0.38849
                                                  -0.04509  0.00000  0.62473

         407      406    406      0   Bisector    -0.04232
                                                   0.00000  0.00000 -0.12224
                                                   0.27141
                                                   0.00000 -0.17974
                                                   0.00000  0.00000 -0.09167

         410      404    406      0   Z-then-X     0.02290
                                                   0.04056  0.00000 -0.14705
                                                  -0.02247
                                                   0.00000  0.05101
                                                  -0.00568  0.00000 -0.02854

         408      401    409      0   Z-then-X    -0.27474
                                                  -0.06739  0.00000  0.20217
                                                  -0.13662
                                                   0.00000 -0.07468
                                                   0.00342  0.00000  0.21130

         409      401    408      0   Z-then-X    -0.72504
                                                   0.07598  0.00000 -0.08138
                                                  -0.53698
                                                   0.00000  0.14402
                                                   0.08325  0.00000  0.39296

         411      405    402      0   Z-then-X     0.06439
                                                  -0.01254  0.00000 -0.09835
                                                   0.04016
                                                   0.00000  0.02507
                                                  -0.07884  0.00000 -0.06523

         412      406    407      0   Z-then-X     0.00702
                                                   0.00657  0.00000 -0.11963
                                                   0.12512
                                                   0.00000 -0.05912
                                                  -0.00257  0.00000 -0.06600

         413      408    401      0   Z-then-X     0.08419
                                                  -0.00047  0.00000 -0.01108
                                                  -0.02704
                                                   0.00000 -0.00702
                                                   0.00206  0.00000  0.03406

         414      407      0      0   Z-Only       0.00377
                                                   0.00000  0.00000 -0.16711
                                                   0.02747
                                                   0.00000  0.02747
                                                   0.00000  0.00000 -0.05494

 Additional Atomic Dipole Polarizability Parameters :

     Atom Type           Alpha       Thole     Group Atom Types

         401             2.064       0.390         402  409
         402             1.243       0.390         401
         403             2.064       0.390         404
         404             2.064       0.390         403  406  410
         405             1.620       0.390         411
         407             2.064       0.390         406  414
         406             2.064       0.390         404  407  412
         410             0.432       0.390         404
         408             1.415       0.390         413
         409             0.914       0.390         401
         411             0.480       0.390         405
         412             0.432       0.390         406
         413             0.480       0.390         408
         414             0.432       0.390         407

 Additional van der Waals Parameters :

     Atom Class               Size        Epsilon        Reduction

         414                2.9800         0.0260          0.920
         405                3.8200         0.1010          0.000
         408                3.8200         0.1010          0.000
         411                2.9800         0.0240          0.920
         413                2.9600         0.0220          0.920
         401                3.8200         0.1060          0.000
         409                3.3000         0.1120          0.000
         402                3.7100         0.1100          0.000
         407                3.8000         0.0910          0.000
         404                3.8000         0.0910          0.000
         403                3.8000         0.0910          0.000
         412                2.9800         0.0260          0.920
         410                2.9800         0.0260          0.920
         406                3.8000         0.1010          0.000

 Additional Solvation Parameters :

     Atom Type                PB Size     CS Size     GK Size

         410             2.5740      2.7580      2.9054
         412             2.5740      2.7580      2.9054
         414             2.5740      2.7580      2.9054
         411             2.2886      2.0030      2.6260
         413             2.9089      2.8360      3.5214
         404             3.8585      3.7660      3.8448
         401             2.9301      4.5060      4.2118
         403             3.6909      3.7660      4.4258
         406             3.8286      3.8930      4.5084
         407             3.8286      3.8930      4.5084
         405             3.5062      3.3090      4.5360
         408             3.5062      3.3090      4.5360
         402             2.8836      2.9900      3.2180
         409             2.9835      3.3560      2.9616

 Limited Memory BFGS Quasi-Newton Optimization :

 QN Iter     F Value      G RMS      F Move   X Move   Angle  FG Call  Comment

     0       86.3854   195.8214                                   1
     1       16.1448    27.8454     70.2406   0.0336    0.00      3    Success 
     2       13.6745    20.5433      2.4703   0.0047    8.10      4    Success 
     3       10.1663     9.4348      3.5082   0.0113   15.07      5    Success 
     4        8.5832     7.0212      1.5831   0.0123    9.92      6    Success 
     5        7.5733     6.9998      1.0099   0.0106   41.07      7    Success 
     6        6.0413     8.7052      1.5320   0.0200   48.95      8    Success 
     7        3.9216     8.2170      2.1198   0.0349   62.74      9    Success 
     8        2.6682    12.6768      1.2534   0.0442   67.84     10    Success 
     9        1.5394     5.9114      1.1288   0.0126   57.19     11    Success 
    10        1.0141     4.3479      0.5253   0.0076   40.71     12    Success 
    11        0.5169     4.3000      0.4972   0.0145   59.50     13    Success 
    12        0.1344     7.5563      0.3825   0.0193   57.09     14    Success 
    13       -0.2758     3.1893      0.4102   0.0122   67.94     15    Success 
    14       -0.4269     2.3666      0.1511   0.0035   31.33     16    Success 
    15       -0.6267     2.7007      0.1998   0.0089   52.57     17    Success 
    16       -0.8812     3.8850      0.2545   0.0146   62.63     18    Success 
    17       -1.1806     3.2551      0.2995   0.0192   73.41     19    Success 
    18       -1.4534     3.3208      0.2728   0.0227   73.67     20    Success 
    19       -1.7218     3.2551      0.2684   0.0171   69.22     21    Success 
    20       -1.9308     2.9768      0.2090   0.0117   70.46     22    Success 
    21       -2.1699     3.6283      0.2390   0.0189   70.31     23    Success 
    22       -2.3763     3.7059      0.2065   0.0183   74.56     24    Success 
    23       -2.5042     4.3153      0.1278   0.0093   71.80     25    Success 
    24       -2.6634     3.1692      0.1592   0.0076   73.72     26    Success 
    25       -2.8940     2.6500      0.2306   0.0163   73.75     27    Success 
    26       -3.0911     4.5945      0.1972   0.0285   74.57     28    Success 
    27       -3.2587     2.2353      0.1675   0.0130   78.26     29    Success 
    28       -3.3540     1.8069      0.0953   0.0073   69.15     30    Success 
    29       -3.4702     2.1175      0.1163   0.0122   70.46     31    Success 
    30       -3.5993     3.8504      0.1290   0.0185   74.34     32    Success 
    31       -3.7844     2.8032      0.1851   0.0183   80.99     33    Success 
    32       -4.0071     2.4780      0.2227   0.0298   78.39     34    Success 
    33       -4.0673     3.9452      0.0602   0.0215   76.40     35    Success 
    34       -4.1461     1.4690      0.0788   0.0057   75.86     36    Success 
    35       -4.1757     1.0506      0.0296   0.0020   50.04     37    Success 
    36       -4.2060     1.2494      0.0302   0.0026   48.83     38    Success 
    37       -4.2497     1.2739      0.0437   0.0067   70.96     39    Success 
    38       -4.2618     2.9450      0.0121   0.0092   70.11     40    Success 
    39       -4.2833     2.2765      0.0215   0.0017   77.22     41    Success 
    40       -4.3169     1.2025      0.0336   0.0047   79.58     42    Success 
    41       -4.3459     0.9942      0.0290   0.0059   72.86     43    Success 
    42       -4.3620     1.1927      0.0161   0.0047   79.04     44    Success 
    43       -4.3861     1.5124      0.0241   0.0056   77.29     45    Success 
    44       -4.4165     1.5079      0.0304   0.0086   80.32     46    Success 
    45       -4.4222     2.5290      0.0057   0.0086   80.42     47    Success 
    46       -4.4321     1.8504      0.0098   0.0016   82.61     48    Success 
    47       -4.4464     0.8116      0.0144   0.0027   79.85     49    Success 
    48       -4.4560     0.8388      0.0095   0.0023   70.60     50    Success 
    49       -4.4653     1.1531      0.0093   0.0016   67.48     51    Success 
    50       -4.4801     1.2201      0.0148   0.0033   77.36     52    Success 
    51       -4.5003     1.4400      0.0202   0.0057   78.84     53    Success 
    52       -4.5125     1.1995      0.0122   0.0090   81.81     54    Success 
    53       -4.5240     0.5215      0.0115   0.0016   66.02     55    Success 
    54       -4.5308     0.6242      0.0068   0.0013   53.80     56    Success 
    55       -4.5413     0.9809      0.0105   0.0031   71.67     57    Success 
    56       -4.5574     1.3075      0.0161   0.0051   79.06     58    Success 
    57       -4.5760     1.5490      0.0186   0.0094   83.14     59    Success 
    58       -4.6005     1.0425      0.0245   0.0090   83.05     60    Success 
    59       -4.6223     0.8351      0.0218   0.0069   78.68     61    Success 
    60       -4.6429     1.2420      0.0206   0.0087   77.42     62    Success 
    61       -4.6568     1.1866      0.0139   0.0036   79.38     63    Success 
    62       -4.6777     0.8946      0.0209   0.0077   82.06     64    Success 
    63       -4.6980     1.3540      0.0204   0.0108   78.66     65    Success 
    64       -4.7163     1.0710      0.0183   0.0066   82.26     66    Success 
    65       -4.7361     1.2117      0.0197   0.0042   73.67     67    Success 
    66       -4.7564     1.3359      0.0203   0.0135   83.68     68    Success 
    67       -4.7804     1.3835      0.0240   0.0052   74.64     69    Success 
    68       -4.7925     2.0422      0.0120   0.0073   78.10     70    Success 
    69       -4.8084     0.9569      0.0159   0.0052   84.09     71    Success 
    70       -4.8164     0.6122      0.0080   0.0028   78.78     72    Success 
    71       -4.8234     0.5361      0.0070   0.0052   81.51     73    Success 
    72       -4.8271     0.7977      0.0037   0.0048   79.38     74    Success 
    73       -4.8301     0.3202      0.0030   0.0008   65.19     75    Success 
    74       -4.8311     0.2903      0.0010   0.0015   82.02     76    Success 
    75       -4.8326     0.2393      0.0016   0.0006   60.77     77    Success 
    76       -4.8350     0.2230      0.0024   0.0021   73.44     78    Success 
    77       -4.8365     0.5001      0.0015   0.0039   75.71     79    Success 
    78       -4.8384     0.2361      0.0019   0.0011   75.94     80    Success 
    79       -4.8396     0.2101      0.0012   0.0010   72.53     81    Success 
    80       -4.8413     0.2713      0.0017   0.0021   75.96     82    Success 
    81       -4.8432     0.4719      0.0018   0.0031   79.08     83    Success 
    82       -4.8453     0.3017      0.0022   0.0027   83.47     84    Success 
    83       -4.8473     0.2439      0.0020   0.0024   79.76     85    Success 
    84       -4.8493     0.3875      0.0020   0.0026   74.72     86    Success 
    85       -4.8511     0.3374      0.0017   0.0021   81.42     87    Success 
    86       -4.8528     0.2694      0.0017   0.0013   76.85     88    Success 
    87       -4.8550     0.3070      0.0022   0.0021   74.15     89    Success 
    88       -4.8567     0.5219      0.0016   0.0032   78.28     90    Success 
    89       -4.8587     0.3078      0.0020   0.0008   73.68     91    Success 
    90       -4.8612     0.2939      0.0025   0.0021   73.35     92    Success 
    91       -4.8622     0.5889      0.0010   0.0025   80.35     93    Success 
    92       -4.8634     0.3027      0.0012   0.0013   84.51     94    Success 
    93       -4.8644     0.1955      0.0010   0.0017   82.04     95    Success 
    94       -4.8651     0.1835      0.0007   0.0014   80.13     96    Success 
    95       -4.8659     0.3581      0.0007   0.0017   77.51     97    Success 
    96       -4.8666     0.1747      0.0007   0.0008   77.66     98    Success 
    97       -4.8669     0.1419      0.0003   0.0005   78.58     99    Success 
    98       -4.8675     0.1352      0.0005   0.0006   70.19    100    Success 
    99       -4.8683     0.1811      0.0008   0.0010   67.64    101    Success 
   100       -4.8691     0.2991      0.0008   0.0017   75.87    102    Success 
   101       -4.8701     0.2029      0.0010   0.0016   81.98    103    Success 
   102       -4.8710     0.1600      0.0009   0.0015   79.79    104    Success 
   103       -4.8720     0.2005      0.0010   0.0025   79.21    105    Success 
   104       -4.8729     0.2954      0.0008   0.0020   79.66    106    Success 
   105       -4.8738     0.2258      0.0010   0.0012   81.46    107    Success 
   106       -4.8752     0.1646      0.0014   0.0020   78.43    108    Success 
   107       -4.8761     0.3255      0.0009   0.0026   76.72    109    Success 
   108       -4.8768     0.1954      0.0007   0.0008   78.30    110    Success 
   109       -4.8774     0.1639      0.0005   0.0005   69.73    111    Success 
   110       -4.8781     0.1588      0.0008   0.0011   74.13    112    Success 
   111       -4.8787     0.1754      0.0006   0.0013   79.51    113    Success 
   112       -4.8791     0.1933      0.0004   0.0021   82.58    114    Success 
   113       -4.8794     0.1321      0.0003   0.0005   74.91    115    Success 
   114       -4.8796     0.1053      0.0002   0.0002   64.77    116    Success 
   115       -4.8798     0.1412      0.0002   0.0005   72.52    117    Success 
   116       -4.8800     0.0848      0.0002   0.0004   77.92    118   SmallGrad

 LBFGS  --  Normal Termination due to SmallGrad

 Final Function Value :           -4.87997294
 Final RMS Gradient :              0.08484762
 Final Gradient Norm :             0.39797060
