
     ######################################################################
   ##########################################################################
  ###                                                                      ###
 ###            Tinker  ---  Software Tools for Molecular Design            ###
 ##                                                                          ##
 ##                      Version 8.10.5   February 2023                      ##
 ##                                                                          ##
 ##               Copyright (c)  Jay William Ponder  1990-2023               ##
 ###                           All Rights Reserved                          ###
  ###                                                                      ###
   ##########################################################################
     ######################################################################


 Additional Atom Definition Parameters :

     Type  Class  Symbol  Description               Atomic    Mass   Valence

      401   401     C     3_24_Index_0                 6     12.011     3
      402   402     N     3_24_Index_0                 7     14.007     3
      403   403     C     3_24_Index_0                 6     12.011     3
      404   404     C     3_24_Index_0                 6     12.011     3
      405   405     C     3_24_Index_0                 6     12.011     4
      407   407     C     3_24_Index_0                 6     12.011     3
      406   406     C     3_24_Index_0                 6     12.011     3
      409   409     H     3_24_Index_0                 1      1.008     1
      408   408     O     3_24_Index_0                 8     15.999     1
      410   410     H     3_24_Index_0                 1      1.008     1
      411   411     H     3_24_Index_0                 1      1.008     1
      412   412     H     3_24_Index_0                 1      1.008     1
      413   413     H     3_24_Index_0                 1      1.008     1

 Additional Bond Stretching Parameters :

     Atom Classes             K(S)         Length

       408 401             558.795         1.2300
       402 403             263.322         1.4200
       407 406             379.094         1.3900
       404 403             379.094         1.4000
       406 404             379.094         1.3900
       406 407             379.094         1.3900
       409 404             368.093         1.0800
       411 406             368.093         1.0900
       412 407             368.093         1.0900
       402 401             332.242         1.3800
       413 401             382.640         1.1000
       405 402             263.322         1.4600
       410 405             345.979         1.0900

 Additional Angle Bending Parameters :

     Atom Classes             K(B)          Angle

     410 405 402            72.293        110.240
     410 405 410            36.407        108.680

 Additional In-Plane Angle Bending Parameters :

     Atom Classes             K(B)          Angle

     402 403 404            64.514        120.170
     408 401 413            43.607        122.030
     402 401 408            51.798        126.620
     403 402 401            70.723        122.190
     403 402 405            70.723        118.750
     407 406 404            74.631        120.690
     406 404 403            74.631        119.860
     404 403 404            74.631        119.610
     406 407 406            74.631        119.290
     409 404 403            36.770        120.270
     411 406 404            36.770        119.170
     409 404 406            36.770        119.860
     412 407 406            36.770        120.360
     411 406 407            36.770        120.140
     405 402 401            70.723        118.690
     413 401 402            51.546        110.102

 Additional Stretch-Bend Parameters :

     Atom Classes          K(SB)-1        K(SB)-2

     402 403 404            20.453         20.453
     408 401 413            25.988         25.988
     402 401 408             8.175          8.175
     403 402 401            10.229         10.229
     403 402 405            10.229         10.229
     407 406 404            20.453         20.453
     406 404 403            20.453         20.453
     404 403 404            20.453         20.453
     406 407 406            20.453         20.453
     409 404 403            20.453         20.453
     411 406 404            20.453         20.453
     409 404 406            20.453         20.453
     412 407 406            20.453         20.453
     411 406 407            20.453         20.453
     405 402 401            10.229         10.229
     413 401 402             8.175          8.175
     410 405 402            20.453         20.453
     410 405 410             5.713          5.713

 Additional Torsional Parameters :

     Atom Classes     1-Fold    2-Fold    3-Fold    4-Fold    5-Fold    6-Fold

   404 403 402 401  -0.67   0  0.91 180 -0.68   0  0.00   0  0.00   0  0.00   0
   409 404 403 402   0.55   0  6.19 180 -0.55   0  0.00   0  0.00   0  0.00   0
   406 404 403 402  -0.67   0  6.29 180  0.00   0  0.00   0  0.00   0  0.00   0
   408 401 402 403   0.00   0  0.00 180  0.30   0  0.00   0  0.00   0  0.00   0
   410 405 402 401   0.00   0  0.00 180 -0.00   0  0.00   0  0.00   0  0.00   0
   413 401 402 403   0.55   0  6.19 180 -0.55   0  0.00   0  0.00   0  0.00   0
   410 405 402 403   0.00   0  0.00 180  0.50   0  0.00   0  0.00   0  0.00   0
   413 401 402 405   0.55   0  6.19 180 -0.55   0  0.00   0  0.00   0  0.00   0
   408 401 402 405   1.00   0  5.67 180 -2.25   0  0.00   0  0.00   0  0.00   0
   406 407 406 404  -0.67   0  6.29 180  0.00   0  0.00   0  0.00   0  0.00   0
   412 407 406 404   0.55   0  6.82 180 -0.55   0  0.00   0  0.00   0  0.00   0
   407 406 404 403  -0.67   0  6.29 180  0.00   0  0.00   0  0.00   0  0.00   0
   406 404 403 404  -0.67   0  6.29 180  0.00   0  0.00   0  0.00   0  0.00   0
   411 406 404 403   0.55   0  6.19 180 -0.55   0  0.00   0  0.00   0  0.00   0
   409 404 403 404   0.55   0  6.19 180 -0.55   0  0.00   0  0.00   0  0.00   0
   411 406 407 406   0.55   0 11.38 180 -0.55   0  0.00   0  0.00   0  0.00   0
   409 404 406 407   0.55   0 11.38 180 -0.55   0  0.00   0  0.00   0  0.00   0
   411 406 404 409   0.00   0  6.36 180  0.00   0  0.00   0  0.00   0  0.00   0
   412 407 406 411   0.00   0  6.36 180  0.00   0  0.00   0  0.00   0  0.00   0
   405 402 403 404  -0.67   0  0.85 180 -0.67   0  0.00   0  0.00   0  0.00   0
   404 403 402 405  -0.67   0  0.85 180 -0.67   0  0.00   0  0.00   0  0.00   0

 Additional Atomic Multipole Parameters :

     Atom Type     Coordinate Frame Definition         Multipole Moments

         401      408    402      0   Z-then-X     0.58639
                                                   0.38691  0.00000  0.22052
                                                  -0.02756
                                                   0.00000 -0.03756
                                                   0.03245  0.00000  0.06512

         402      405    403      0   Z-then-X    -0.15776
                                                   0.00426  0.00000  0.15104
                                                   0.19038
                                                   0.00000 -0.79424
                                                  -0.04585  0.00000  0.60386

         403      404    404      0   Bisector     0.04387
                                                   0.00000  0.00000 -0.29639
                                                  -0.32983
                                                   0.00000 -0.03320
                                                   0.00000  0.00000  0.36303

         404      403    406      0   Z-then-X    -0.08843
                                                  -0.10744  0.00000 -0.08281
                                                  -0.05708
                                                   0.00000 -0.04847
                                                  -0.14390  0.00000  0.10555

         405      402    403      0   Z-then-X    -0.01227
                                                  -0.02151  0.00000  0.27046
                                                  -0.44062
                                                   0.00000 -0.31839
                                                  -0.02372  0.00000  0.75901

         406      404    407      0   Z-then-X     0.09571
                                                   0.20473  0.00000  0.12478
                                                   0.55613
                                                   0.00000 -0.47565
                                                   0.45799  0.00000 -0.08048

         407      406    406      0   Bisector    -0.04367
                                                   0.00000  0.00000 -0.10663
                                                   0.24915
                                                   0.00000 -0.17205
                                                   0.00000  0.00000 -0.07710

         409      404    403      0   Z-then-X     0.03873
                                                  -0.00820  0.00000 -0.14567
                                                   0.06300
                                                   0.00000 -0.00291
                                                   0.03089  0.00000 -0.06009

         408      401    402      0   Z-then-X    -0.61718
                                                  -0.13622  0.00000  0.00170
                                                  -0.40424
                                                   0.00000  0.09749
                                                  -0.25825  0.00000  0.30675

         410      405    402      0   Z-then-X     0.05231
                                                   0.01170  0.00000 -0.09112
                                                   0.04510
                                                   0.00000  0.01080
                                                  -0.00409  0.00000 -0.05590

         411      406    404      0   Z-then-X     0.00671
                                                  -0.00934  0.00000 -0.13986
                                                   0.08830
                                                   0.00000  0.00318
                                                  -0.00073  0.00000 -0.09148

         412      407    406      0   Z-then-X     0.00441
                                                  -0.01731  0.00000 -0.18482
                                                   0.08707
                                                   0.00000  0.01160
                                                  -0.05562  0.00000 -0.09867

         413      401    408      0   Z-then-X    -0.06616
                                                   0.03313  0.00000 -0.23044
                                                   0.09962
                                                   0.00000  0.06916
                                                   0.02580  0.00000 -0.16878

 Additional Charge Penetration Parameters :

     Atom Class           Core Chg           Damp

         401                 0.000         0.0000
         402                 0.000         0.0000
         403                 0.000         0.0000
         404                 0.000         0.0000
         405                 0.000         0.0000
         406                 0.000         0.0000
         407                 0.000         0.0000
         409                 0.000         0.0000
         408                 0.000         0.0000
         410                 0.000         0.0000
         411                 0.000         0.0000
         412                 0.000         0.0000
         413                 0.000         0.0000

 Additional Atomic Dipole Polarizability Parameters :

     Atom Type           Alpha       Thole     Group Atom Types

         401             1.600       0.390         402  408  413
         402             1.243       0.390         401
         403             1.600       0.390         404
         404             1.600       0.390         403  406  409
         405             1.620       0.390         410
         407             1.600       0.390         406  412
         406             1.600       0.390         404  407  411
         409             0.432       0.390         404
         408             0.914       0.390         401
         410             0.480       0.390         405
         411             0.432       0.390         406
         412             0.432       0.390         407
         413             0.480       0.390         401

 Additional van der Waals Parameters :

     Atom Class               Size        Epsilon        Reduction

         413                2.9200         0.0300          0.920
         412                2.9800         0.0260          0.920
         405                3.8200         0.1010          0.000
         410                2.9000         0.0220          0.900
         401                3.7800         0.1060          0.000
         408                3.3000         0.1120          0.000
         402                3.7100         0.1100          0.000
         407                3.8000         0.0890          0.000
         404                3.8000         0.0890          0.000
         403                3.8000         0.0890          0.000
         411                2.9800         0.0260          0.920
         409                2.9800         0.0260          0.920
         406                3.8000         0.0890          0.000

 Additional Solvation Parameters :

     Atom Type                PB Size     CS Size     GK Size

         413             3.0352      2.6860      3.3152
         410             2.2886      2.0030      2.6260
         412             3.0020      2.6350      3.3763
         404             3.8585      3.7660      3.8448
         401             2.9301      4.5060      4.2118
         406             3.8286      3.8930      4.5084
         407             3.8286      3.8930      4.5084
         403             3.6909      3.7660      4.4258
         405             3.5062      3.3090      4.5360
         402             2.8836      2.9900      3.2180
         408             2.9835      3.3560      2.9616

 Limited Memory BFGS Quasi-Newton Optimization :

 QN Iter     F Value      G RMS      F Move   X Move   Angle  FG Call  Comment

     0        1.4834    15.0695                                   1
     1        0.7071    42.0601      0.7763   0.0063    0.00      3    Success 
     2        0.6202    37.6295      0.0869   0.0044   66.80      4    Success 
     3        0.4694    28.2939      0.1508   0.0006   67.89      5    Success 
     4        0.2703    10.8644      0.1990   0.0013   64.18      6    Success 
     5        0.2016     8.9040      0.0687   0.0006   37.32      7    Success 
     6        0.0935    14.1627      0.1082   0.0009   33.63      8    Success 
     7       -0.0915    20.3506      0.1849   0.0019   64.70      9    Success 
     8       -0.4030    24.9526      0.3116   0.0036   74.76     10    Success 
     9       -0.9013    26.7443      0.4983   0.0068   78.83     11    Success 
    10       -1.3286    28.9971      0.4273   0.0124   80.87     12    Success 
    11       -1.8945    16.9189      0.5659   0.0084   79.31     13    Success 
    12       -2.1572     6.9012      0.2627   0.0048   76.06     14    Success 
    13       -2.3023     7.0182      0.1451   0.0032   57.87     15    Success 
    14       -2.3671     8.7414      0.0649   0.0016   66.99     16    Success 
    15       -2.4720     7.9551      0.1049   0.0025   72.11     17    Success 
    16       -2.6357     5.7899      0.1637   0.0046   72.30     18    Success 
    17       -2.7994     4.0209      0.1637   0.0081   71.71     19    Success 
    18       -2.8670     5.9264      0.0676   0.0047   67.25     20    Success 
    19       -2.9094     4.4399      0.0423   0.0013   68.81     21    Success 
    20       -2.9588     1.8352      0.0494   0.0026   68.75     22    Success 
    21       -2.9751     1.5397      0.0163   0.0013   63.27     23    Success 
    22       -2.9983     2.2176      0.0232   0.0022   60.06     24    Success 
    23       -3.0183     2.1098      0.0200   0.0022   72.68     25    Success 
    24       -3.0245     5.0327      0.0062   0.0010   72.68     27    Success 
    25       -3.0348     3.5030      0.0103   0.0010   82.27     28    Success 
    26       -3.0479     1.0882      0.0131   0.0016   78.96     29    Success 
    27       -3.0519     1.7618      0.0040   0.0006   64.53     30    Success 
    28       -3.0578     2.2891      0.0059   0.0008   73.64     31    Success 
    29       -3.0658     3.5289      0.0080   0.0014   78.54     32    Success 
    30       -3.0765     2.1676      0.0107   0.0018   82.22     33    Success 
    31       -3.0865     1.2192      0.0100   0.0018   78.76     34    Success 
    32       -3.0938     1.2647      0.0073   0.0014   70.41     35    Success 
    33       -3.0985     1.6861      0.0047   0.0009   72.79     36    Success 
    34       -3.1027     1.4137      0.0042   0.0014   78.07     37    Success 
    35       -3.1079     0.9373      0.0051   0.0011   72.64     38    Success 
    36       -3.1116     0.6547      0.0037   0.0005   59.42     39    Success 
    37       -3.1153     0.7742      0.0037   0.0009   60.65     40    Success 
    38       -3.1184     0.8379      0.0031   0.0009   72.17     41    Success 
    39       -3.1218     0.8569      0.0034   0.0014   73.87     42    Success 
    40       -3.1262     0.6263      0.0044   0.0015   73.43     43    Success 
    41       -3.1288     1.3480      0.0026   0.0015   69.88     44    Success 
    42       -3.1319     0.5974      0.0031   0.0007   75.42     45    Success 
    43       -3.1343     0.5635      0.0024   0.0007   64.26     46    Success 
    44       -3.1367     0.7272      0.0024   0.0009   70.33     47    Success 
    45       -3.1405     1.1631      0.0038   0.0014   75.46     48    Success 
    46       -3.1422     2.3169      0.0017   0.0024   81.72     49    Success 
    47       -3.1450     1.2563      0.0028   0.0005   80.98     50    Success 
    48       -3.1476     0.5613      0.0026   0.0008   77.31     51    Success 
    49       -3.1486     0.6083      0.0010   0.0004   74.73     52    Success 
    50       -3.1505     0.5908      0.0019   0.0005   71.21     53    Success 
    51       -3.1525     1.7226      0.0020   0.0019   79.67     54    Success 
    52       -3.1560     1.4212      0.0035   0.0010   83.03     55    Success 
    53       -3.1616     0.8186      0.0056   0.0023   83.42     56    Success 
    54       -3.1676     0.7664      0.0060   0.0038   80.84     57    Success 
    55       -3.1714     1.0637      0.0039   0.0022   81.23     58    Success 
    56       -3.1761     1.1399      0.0047   0.0032   83.04     59    Success 
    57       -3.1807     1.0168      0.0046   0.0028   81.27     60    Success 
    58       -3.1828     0.5550      0.0021   0.0004   70.22     61    Success 
    59       -3.1853     0.6842      0.0024   0.0006   50.09     62    Success 
    60       -3.1867     0.6922      0.0014   0.0007   79.42     63    Success 
    61       -3.1878     1.4565      0.0011   0.0013   80.66     64    Success 
    62       -3.1895     0.7209      0.0016   0.0014   86.63     65    Success 
    63       -3.1904     0.3289      0.0009   0.0013   85.45     66    Success 
    64       -3.1908     0.4687      0.0004   0.0005   80.58     67    Success 
    65       -3.1915     0.6145      0.0007   0.0006   80.15     68    Success 
    66       -3.1927     0.6362      0.0012   0.0008   80.95     69    Success 
    67       -3.1933     2.4210      0.0006   0.0016   83.11     70    Success 
    68       -3.1944     1.7338      0.0010   0.0003   84.50     71    Success 
    69       -3.1958     0.4582      0.0014   0.0005   83.37     72    Success 
    70       -3.1963     0.5005      0.0005   0.0004   76.11     73    Success 
    71       -3.1966     0.6589      0.0004   0.0003   78.65     74    Success 
    72       -3.1972     0.4955      0.0006   0.0004   81.38     75    Success 
    73       -3.1976     0.8361      0.0004   0.0016   85.67     76    Success 
    74       -3.1982     0.4159      0.0006   0.0004   81.68     77    Success 
    75       -3.1988     0.4509      0.0006   0.0003   71.63     78    Success 
    76       -3.1994     0.7347      0.0005   0.0003   74.14     79    Success 
    77       -3.2001     0.7447      0.0007   0.0005   82.98     80    Success 
    78       -3.2010     0.7291      0.0010   0.0007   82.59     81    Success 
    79       -3.2014     0.5468      0.0004   0.0007   85.24     83    Success 
    80       -3.2018     0.2216      0.0004   0.0005   83.12     84    Success 
    81       -3.2019     0.1708      0.0001   0.0001   75.48     85    Success 
    82       -3.2021     0.2769      0.0002   0.0002   70.88     86    Success 
    83       -3.2023     0.3767      0.0002   0.0003   79.66     87    Success 
    84       -3.2026     0.3387      0.0003   0.0005   83.08     88    Success 
    85       -3.2031     0.3907      0.0004   0.0005   78.20     89    Success 
    86       -3.2031     0.4220      0.0001   0.0010   83.34     90    Success 
    87       -3.2032     0.3700      0.0001   0.0001   75.26     91    Success 
    88       -3.2034     0.2853      0.0002   0.0001   73.58     92    Success 
    89       -3.2038     0.1482      0.0003   0.0002   71.25     93    Success 
    90       -3.2040     0.1236      0.0002   0.0003   66.22     94    Success 
    91       -3.2040     0.3669      0.0000   0.0001   74.69     96    Success 
    92       -3.2041     0.3249      0.0001   0.0001   85.28     97    Success 
    93       -3.2042     0.2536      0.0001   0.0001   83.51     98    Success 
    94       -3.2043     0.1331      0.0001   0.0003   82.38     99    Success 
    95       -3.2044     0.1110      0.0001   0.0004   79.40    100    Success 
    96       -3.2045     0.1191      0.0000   0.0001   79.24    101    Success 
    97       -3.2045     0.2160      0.0001   0.0002   76.31    102    Success 
    98       -3.2046     0.1422      0.0001   0.0002   82.37    103    Success 
    99       -3.2047     0.0875      0.0001   0.0002   76.37    104   SmallGrad

 LBFGS  --  Normal Termination due to SmallGrad

 Final Function Value :           -3.20469176
 Final RMS Gradient :              0.08750531
 Final Gradient Norm :             0.38142681
