
     ######################################################################
   ##########################################################################
  ###                                                                      ###
 ###            Tinker  ---  Software Tools for Molecular Design            ###
 ##                                                                          ##
 ##                      Version 8.10.5   February 2023                      ##
 ##                                                                          ##
 ##               Copyright (c)  Jay William Ponder  1990-2023               ##
 ###                           All Rights Reserved                          ###
  ###                                                                      ###
   ##########################################################################
     ######################################################################


 Additional Atom Definition Parameters :

     Type  Class  Symbol  Description               Atomic    Mass   Valence

      401   401     C     3_24_Index_0                 6     12.011     3
      402   402     N     3_24_Index_0                 7     14.007     3
      403   403     C     3_24_Index_0                 6     12.011     3
      404   404     C     3_24_Index_0                 6     12.011     3
      405   405     C     3_24_Index_0                 6     12.011     4
      407   407     C     3_24_Index_0                 6     12.011     3
      406   406     C     3_24_Index_0                 6     12.011     3
      409   409     H     3_24_Index_0                 1      1.008     1
      408   408     O     3_24_Index_0                 8     15.999     1
      410   410     H     3_24_Index_0                 1      1.008     1
      411   411     H     3_24_Index_0                 1      1.008     1
      412   412     H     3_24_Index_0                 1      1.008     1
      413   413     H     3_24_Index_0                 1      1.008     1

 Additional Bond Stretching Parameters :

     Atom Classes             K(S)         Length

       408 401             558.795         1.2300
       402 403             263.322         1.4200
       407 406             379.094         1.3900
       404 403             379.094         1.4000
       406 404             379.094         1.3900
       406 407             379.094         1.3900
       409 404             368.093         1.0800
       411 406             368.093         1.0900
       412 407             368.093         1.0900
       402 401             332.242         1.3800
       413 401             382.640         1.1000
       405 402             263.322         1.4600
       410 405             345.979         1.0900

 Additional Angle Bending Parameters :

     Atom Classes             K(B)          Angle

     410 405 402            72.293        110.240
     410 405 410            36.407        108.680

 Additional In-Plane Angle Bending Parameters :

     Atom Classes             K(B)          Angle

     402 403 404            64.514        120.170
     408 401 413            43.607        122.030
     402 401 408            51.798        126.620
     403 402 401            70.723        122.190
     403 402 405            70.723        118.750
     407 406 404            74.631        120.690
     406 404 403            74.631        119.860
     404 403 404            74.631        119.610
     406 407 406            74.631        119.290
     409 404 403            36.770        120.270
     411 406 404            36.770        119.170
     409 404 406            36.770        119.860
     412 407 406            36.770        120.360
     411 406 407            36.770        120.140
     405 402 401            70.723        118.690
     413 401 402            51.546        110.102

 Additional Stretch-Bend Parameters :

     Atom Classes          K(SB)-1        K(SB)-2

     402 403 404            20.453         20.453
     408 401 413            25.988         25.988
     402 401 408             8.175          8.175
     403 402 401            10.229         10.229
     403 402 405            10.229         10.229
     407 406 404            20.453         20.453
     406 404 403            20.453         20.453
     404 403 404            20.453         20.453
     406 407 406            20.453         20.453
     409 404 403            20.453         20.453
     411 406 404            20.453         20.453
     409 404 406            20.453         20.453
     412 407 406            20.453         20.453
     411 406 407            20.453         20.453
     405 402 401            10.229         10.229
     413 401 402             8.175          8.175
     410 405 402            20.453         20.453
     410 405 410             5.713          5.713

 Additional Torsional Parameters :

     Atom Classes     1-Fold    2-Fold    3-Fold    4-Fold    5-Fold    6-Fold

   404 403 402 401  -0.67   0  0.91 180 -0.68   0  0.00   0  0.00   0  0.00   0
   409 404 403 402   0.55   0  6.19 180 -0.55   0  0.00   0  0.00   0  0.00   0
   406 404 403 402  -0.67   0  6.29 180  0.00   0  0.00   0  0.00   0  0.00   0
   408 401 402 403   0.00   0  0.00 180  0.30   0  0.00   0  0.00   0  0.00   0
   410 405 402 401   0.00   0  0.00 180 -0.00   0  0.00   0  0.00   0  0.00   0
   413 401 402 403   0.55   0  6.19 180 -0.55   0  0.00   0  0.00   0  0.00   0
   410 405 402 403   0.00   0  0.00 180  0.50   0  0.00   0  0.00   0  0.00   0
   413 401 402 405   0.55   0  6.19 180 -0.55   0  0.00   0  0.00   0  0.00   0
   408 401 402 405   1.00   0  5.67 180 -2.25   0  0.00   0  0.00   0  0.00   0
   406 407 406 404  -0.67   0  6.29 180  0.00   0  0.00   0  0.00   0  0.00   0
   412 407 406 404   0.55   0  6.82 180 -0.55   0  0.00   0  0.00   0  0.00   0
   407 406 404 403  -0.67   0  6.29 180  0.00   0  0.00   0  0.00   0  0.00   0
   406 404 403 404  -0.67   0  6.29 180  0.00   0  0.00   0  0.00   0  0.00   0
   411 406 404 403   0.55   0  6.19 180 -0.55   0  0.00   0  0.00   0  0.00   0
   409 404 403 404   0.55   0  6.19 180 -0.55   0  0.00   0  0.00   0  0.00   0
   411 406 407 406   0.55   0 11.38 180 -0.55   0  0.00   0  0.00   0  0.00   0
   409 404 406 407   0.55   0 11.38 180 -0.55   0  0.00   0  0.00   0  0.00   0
   411 406 404 409   0.00   0  6.36 180  0.00   0  0.00   0  0.00   0  0.00   0
   412 407 406 411   0.00   0  6.36 180  0.00   0  0.00   0  0.00   0  0.00   0
   405 402 403 404  -0.67   0  0.85 180 -0.67   0  0.00   0  0.00   0  0.00   0
   404 403 402 405  -0.67   0  0.85 180 -0.67   0  0.00   0  0.00   0  0.00   0

 Additional Atomic Multipole Parameters :

     Atom Type     Coordinate Frame Definition         Multipole Moments

         401      408    402      0   Z-then-X     0.58639
                                                   0.38691  0.00000  0.22052
                                                  -0.02756
                                                   0.00000 -0.03756
                                                   0.03245  0.00000  0.06512

         402      405    403      0   Z-then-X    -0.15776
                                                   0.00426  0.00000  0.15104
                                                   0.19038
                                                   0.00000 -0.79424
                                                  -0.04585  0.00000  0.60386

         403      404    404      0   Bisector     0.04387
                                                   0.00000  0.00000 -0.29639
                                                  -0.32983
                                                   0.00000 -0.03320
                                                   0.00000  0.00000  0.36303

         404      403    406      0   Z-then-X    -0.08843
                                                  -0.10744  0.00000 -0.08281
                                                  -0.05708
                                                   0.00000 -0.04847
                                                  -0.14390  0.00000  0.10555

         405      402    403      0   Z-then-X    -0.01227
                                                  -0.02151  0.00000  0.27046
                                                  -0.44062
                                                   0.00000 -0.31839
                                                  -0.02372  0.00000  0.75901

         406      404    407      0   Z-then-X     0.09571
                                                   0.20473  0.00000  0.12478
                                                   0.55613
                                                   0.00000 -0.47565
                                                   0.45799  0.00000 -0.08048

         407      406    406      0   Bisector    -0.04367
                                                   0.00000  0.00000 -0.10663
                                                   0.24915
                                                   0.00000 -0.17205
                                                   0.00000  0.00000 -0.07710

         409      404    403      0   Z-then-X     0.03873
                                                  -0.00820  0.00000 -0.14567
                                                   0.06300
                                                   0.00000 -0.00291
                                                   0.03089  0.00000 -0.06009

         408      401    402      0   Z-then-X    -0.61718
                                                  -0.13622  0.00000  0.00170
                                                  -0.40424
                                                   0.00000  0.09749
                                                  -0.25825  0.00000  0.30675

         410      405    402      0   Z-then-X     0.05231
                                                   0.01170  0.00000 -0.09112
                                                   0.04510
                                                   0.00000  0.01080
                                                  -0.00409  0.00000 -0.05590

         411      406    404      0   Z-then-X     0.00671
                                                  -0.00934  0.00000 -0.13986
                                                   0.08830
                                                   0.00000  0.00318
                                                  -0.00073  0.00000 -0.09148

         412      407    406      0   Z-then-X     0.00441
                                                  -0.01731  0.00000 -0.18482
                                                   0.08707
                                                   0.00000  0.01160
                                                  -0.05562  0.00000 -0.09867

         413      401    408      0   Z-then-X    -0.06616
                                                   0.03313  0.00000 -0.23044
                                                   0.09962
                                                   0.00000  0.06916
                                                   0.02580  0.00000 -0.16878

 Additional Charge Penetration Parameters :

     Atom Class           Core Chg           Damp

         401                 0.000         0.0000
         402                 0.000         0.0000
         403                 0.000         0.0000
         404                 0.000         0.0000
         405                 0.000         0.0000
         406                 0.000         0.0000
         407                 0.000         0.0000
         409                 0.000         0.0000
         408                 0.000         0.0000
         410                 0.000         0.0000
         411                 0.000         0.0000
         412                 0.000         0.0000
         413                 0.000         0.0000

 Additional Atomic Dipole Polarizability Parameters :

     Atom Type           Alpha       Thole     Group Atom Types

         401             1.600       0.390         402  408  413
         402             1.243       0.390         401
         403             1.600       0.390         404
         404             1.600       0.390         403  406  409
         405             1.620       0.390         410
         407             1.600       0.390         406  412
         406             1.600       0.390         404  407  411
         409             0.432       0.390         404
         408             0.914       0.390         401
         410             0.480       0.390         405
         411             0.432       0.390         406
         412             0.432       0.390         407
         413             0.480       0.390         401

 Additional van der Waals Parameters :

     Atom Class               Size        Epsilon        Reduction

         413                2.9200         0.0300          0.920
         412                2.9800         0.0260          0.920
         405                3.8200         0.1010          0.000
         410                2.9000         0.0220          0.900
         401                3.7800         0.1060          0.000
         408                3.3000         0.1120          0.000
         402                3.7100         0.1100          0.000
         407                3.8000         0.0890          0.000
         404                3.8000         0.0890          0.000
         403                3.8000         0.0890          0.000
         411                2.9800         0.0260          0.920
         409                2.9800         0.0260          0.920
         406                3.8000         0.0890          0.000

 Additional Solvation Parameters :

     Atom Type                PB Size     CS Size     GK Size

         413             3.0352      2.6860      3.3152
         410             2.2886      2.0030      2.6260
         412             3.0020      2.6350      3.3763
         404             3.8585      3.7660      3.8448
         401             2.9301      4.5060      4.2118
         406             3.8286      3.8930      4.5084
         407             3.8286      3.8930      4.5084
         403             3.6909      3.7660      4.4258
         405             3.5062      3.3090      4.5360
         402             2.8836      2.9900      3.2180
         408             2.9835      3.3560      2.9616

 Limited Memory BFGS Quasi-Newton Optimization :

 QN Iter     F Value      G RMS      F Move   X Move   Angle  FG Call  Comment

     0        1.2882    14.5980                                   1
     1        0.7048    43.2625      0.5834   0.0050    0.00      3    Success 
     2        0.2143    13.3189      0.4904   0.0034   67.62      4    Success 
     3        0.1441    10.7290      0.0703   0.0003   16.20      5    Success 
     4        0.0177     8.7158      0.1263   0.0008   27.56      6    Success 
     5       -0.2031     8.7731      0.2208   0.0018   29.57      7    Success 
     6       -0.5680    12.7456      0.3650   0.0037   44.93      8    Success 
     7       -1.1072    18.3842      0.5391   0.0077   67.04      9    Success 
     8       -1.6846    18.5189      0.5774   0.0104   77.41     10    Success 
     9       -2.1621    18.1475      0.4775   0.0161   78.22     11    Success 
    10       -2.6153     7.9040      0.4532   0.0081   71.59     12    Success 
    11       -2.7304     4.7133      0.1151   0.0022   61.70     13    Success 
    12       -2.8105     4.5597      0.0802   0.0024   54.43     14    Success 
    13       -2.8561     6.1644      0.0456   0.0017   68.79     15    Success 
    14       -2.9332     6.9956      0.0771   0.0030   74.99     16    Success 
    15       -3.0545     6.0196      0.1213   0.0052   77.06     17    Success 
    16       -3.1719     3.6349      0.1173   0.0099   78.13     18    Success 
    17       -3.2111     2.0829      0.0392   0.0025   65.09     19    Success 
    18       -3.2265     1.5335      0.0155   0.0009   56.64     20    Success 
    19       -3.2389     2.2861      0.0124   0.0014   62.82     21    Success 
    20       -3.2500     1.9312      0.0111   0.0013   75.95     22    Success 
    21       -3.2683     1.4769      0.0183   0.0021   73.47     23    Success 
    22       -3.2915     2.4664      0.0232   0.0040   70.88     24    Success 
    23       -3.2976     1.6818      0.0061   0.0017   81.37     26    Success 
    24       -3.3021     0.9122      0.0045   0.0009   77.50     27    Success 
    25       -3.3051     1.0620      0.0030   0.0006   65.34     28    Success 
    26       -3.3090     0.8244      0.0039   0.0007   67.62     29    Success 
    27       -3.3140     0.6632      0.0050   0.0012   65.68     30    Success 
    28       -3.3161     0.4245      0.0021   0.0009   69.53     31    Success 
    29       -3.3177     0.6228      0.0016   0.0006   58.38     32    Success 
    30       -3.3195     0.4432      0.0017   0.0006   69.80     33    Success 
    31       -3.3216     0.3807      0.0021   0.0009   65.17     34    Success 
    32       -3.3222     0.7491      0.0007   0.0010   66.38     35    Success 
    33       -3.3232     0.4006      0.0010   0.0001   50.20     36    Success 
    34       -3.3239     0.2607      0.0007   0.0002   47.30     37    Success 
    35       -3.3245     0.2994      0.0006   0.0003   60.62     38    Success 
    36       -3.3254     0.3469      0.0009   0.0005   67.51     39    Success 
    37       -3.3264     0.3943      0.0010   0.0009   73.19     40    Success 
    38       -3.3271     0.3293      0.0007   0.0007   77.06     41    Success 
    39       -3.3276     0.2876      0.0005   0.0003   73.37     42    Success 
    40       -3.3283     0.3029      0.0008   0.0005   70.17     43    Success 
    41       -3.3295     0.4024      0.0012   0.0009   71.93     44    Success 
    42       -3.3310     0.5322      0.0015   0.0016   78.76     45    Success 
    43       -3.3323     0.4308      0.0013   0.0013   81.75     46    Success 
    44       -3.3328     1.5095      0.0005   0.0013   79.47     47    Success 
    45       -3.3334     0.4984      0.0007   0.0001   73.71     48    Success 
    46       -3.3337     0.4083      0.0003   0.0003   80.74     49    Success 
    47       -3.3339     0.5337      0.0002   0.0001   76.27     50    Success 
    48       -3.3343     0.5794      0.0004   0.0002   77.71     51    Success 
    49       -3.3349     0.5162      0.0006   0.0004   79.77     52    Success 
    50       -3.3358     0.6146      0.0009   0.0012   83.92     53    Success 
    51       -3.3368     0.3527      0.0010   0.0009   80.22     54    Success 
    52       -3.3376     0.3402      0.0008   0.0013   83.46     55    Success 
    53       -3.3387     0.4574      0.0011   0.0016   81.66     56    Success 
    54       -3.3400     0.5750      0.0013   0.0019   83.82     57    Success 
    55       -3.3411     0.6229      0.0011   0.0014   82.10     58    Success 
    56       -3.3423     0.3064      0.0012   0.0013   83.19     59    Success 
    57       -3.3430     0.3872      0.0008   0.0004   62.23     60    Success 
    58       -3.3437     0.5508      0.0007   0.0005   73.60     61    Success 
    59       -3.3444     0.5590      0.0007   0.0008   83.52     62    Success 
    60       -3.3456     0.6005      0.0011   0.0013   84.18     63    Success 
    61       -3.3459     0.3862      0.0004   0.0010   86.05     65    Success 
    62       -3.3465     0.2217      0.0006   0.0009   83.52     66    Success 
    63       -3.3469     0.1586      0.0004   0.0010   81.79     67    Success 
    64       -3.3472     0.3260      0.0002   0.0005   77.74     68    Success 
    65       -3.3474     0.2879      0.0003   0.0005   83.16     69    Success 
    66       -3.3475     0.6509      0.0001   0.0003   83.82     71    Success 
    67       -3.3476     0.4983      0.0001   0.0001   84.76     72    Success 
    68       -3.3478     0.2340      0.0002   0.0002   83.02     73    Success 
    69       -3.3480     0.1957      0.0001   0.0003   79.77     74    Success 
    70       -3.3480     0.2429      0.0001   0.0001   79.44     75    Success 
    71       -3.3482     0.2481      0.0001   0.0002   80.63     76    Success 
    72       -3.3483     0.1875      0.0002   0.0003   80.51     77    Success 
    73       -3.3485     0.4694      0.0002   0.0005   78.60     78    Success 
    74       -3.3487     0.1229      0.0002   0.0005   85.56     79    Success 
    75       -3.3488     0.1395      0.0001   0.0002   77.87     80    Success 
    76       -3.3489     0.2359      0.0001   0.0002   77.03     81    Success 
    77       -3.3490     0.2557      0.0001   0.0002   81.53     82    Success 
    78       -3.3491     0.2344      0.0002   0.0003   81.58     83    Success 
    79       -3.3492     0.1893      0.0001   0.0004   85.23     85    Success 
    80       -3.3493     0.0743      0.0001   0.0002   80.03     86   SmallGrad

 LBFGS  --  Normal Termination due to SmallGrad

 Final Function Value :           -3.34931463
 Final RMS Gradient :              0.07432383
 Final Gradient Norm :             0.32397005
