
     ######################################################################
   ##########################################################################
  ###                                                                      ###
 ###            Tinker  ---  Software Tools for Molecular Design            ###
 ##                                                                          ##
 ##                          Version 8.8  June 2020                          ##
 ##                                                                          ##
 ##               Copyright (c)  Jay William Ponder  1990-2020               ##
 ###                           All Rights Reserved                          ###
  ###                                                                      ###
   ##########################################################################
     ######################################################################


 Additional Atom Definition Parameters :

     Type  Class  Symbol  Description               Atomic    Mass   Valence

     402    402     O     methanol                     8     15.999     2
     401    401     C     methanol                     6     12.011     4
     403    403     H     methanol                     1      1.008     1
     404    404     H     methanol                     1      1.008     1

 Additional Bond Stretching Parameters :

     Atom Classes             K(S)         Length

       402 404             615.900         0.9632
       401 402             500.100         1.4132
       401 403             385.000         1.1000

 Additional Angle Bending Parameters :

     Atom Classes             K(B)          Angle

     403 401 403            40.570        108.135
     402 401 403            60.990        106.719
     401 402 404            64.960        107.765

 Additional Stretch-Bend Parameters :

     Atom Classes          K(SB)-1        K(SB)-2

     402 401 403            -4.500         38.000
     401 402 404            -4.500         38.000

 Additional Torsional Parameters :

     Atom Classes     1-Fold    2-Fold    3-Fold    4-Fold    5-Fold    6-Fold

   403 401 402 404   0.00   0  0.00 180  0.00   0  0.00   0  0.00   0  0.00   0

 Additional van der Waals Parameters :

     Atom Class               Size        Epsilon        Reduction

         402                3.4050         0.1100          0.000
         401                3.7600         0.1010          0.000
         403                2.8700         0.0240          0.910
         404                2.6550         0.0135          0.910

 Additional Atomic Multipole Parameters :

     Atom Type     Coordinate Frame Definition         Multipole Moments

         402      401    404      0   Z-then-X    -0.43835
                                                   0.24553  0.00000  0.21282
                                                   0.19092
                                                   0.00000 -0.58421
                                                  -0.24984  0.00000  0.39329

         401      402    404      0   Z-then-X     0.20175
                                                   0.02289  0.00000  0.46231
                                                  -0.46902
                                                   0.00000 -0.37860
                                                   0.04178  0.00000  0.84762

         403      401    402      0   Z-then-X     0.01047
                                                  -0.01813  0.00000 -0.14953
                                                   0.00453
                                                   0.00000  0.00052
                                                  -0.01948  0.00000 -0.00505

         404      402    401      0   Z-then-X     0.20519
                                                  -0.02620  0.00000 -0.08410
                                                  -0.05288
                                                   0.00000 -0.08699
                                                  -0.03061  0.00000  0.13987

 Additional Atomic Dipole Polarizability Parameters :

     Atom Type           Alpha       Thole     Group Atom Types

         402             0.837       0.390         401  404
         401             1.334       0.390         402  403
         403             0.496       0.390         401
         404             0.496       0.390         402

 Limited Memory BFGS Quasi-Newton Optimization :

 QN Iter     F Value      G RMS      F Move   X Move   Angle  FG Call  Comment

     0        7.1872   118.2140                                   1
     1        1.0208    15.8288      6.1664   0.0163    0.00      3    Success 
     2        0.8431     8.9904      0.1776   0.0026    4.04      4    Success 
     3        0.7315     5.4219      0.1116   0.0034   11.63      5    Success 
     4        0.6641     5.4044      0.0674   0.0030   33.54      6    Success 
     5        0.5622     4.3310      0.1019   0.0058   44.16      7    Success 
     6        0.5237     5.2126      0.0385   0.0049   52.57      9    Success 
     7        0.4851     1.7635      0.0386   0.0052   62.28     10    Success 
     8        0.4778     1.2083      0.0072   0.0010   32.21     11    Success 
     9        0.4674     1.1687      0.0104   0.0022   27.21     12    Success 
    10        0.4596     0.9449      0.0079   0.0029   53.86     13    Success 
    11        0.4586     0.9567      0.0010   0.0007   59.08     15    Success 
    12        0.4574     0.3604      0.0012   0.0009   66.80     16    Success 
    13        0.4572     0.0771      0.0002   0.0003   52.48     17   SmallGrad

 LBFGS  --  Normal Termination due to SmallGrad

 Final Function Value :            0.4572
 Final RMS Gradient :              0.0771
 Final Gradient Norm :             0.1888
