
     ######################################################################
   ##########################################################################
  ###                                                                      ###
 ###            Tinker  ---  Software Tools for Molecular Design            ###
 ##                                                                          ##
 ##                      Version 8.9.4   September 2021                      ##
 ##                                                                          ##
 ##               Copyright (c)  Jay William Ponder  1990-2021               ##
 ###                           All Rights Reserved                          ###
  ###                                                                      ###
   ##########################################################################
     ######################################################################


 Additional Atom Definition Parameters :

     Type  Class  Symbol  Description               Atomic    Mass   Valence

      402   402     Cl    CHCl3                       17     35.453     1
      401   401     C     CHCl3                        6     12.011     4
      403   403     H     CHCl3                        1      1.008     1

 Additional Bond Stretching Parameters :

     Atom Classes             K(S)         Length

       401 402             272.148         1.7600
       403 401             391.278         1.0900

 Additional Angle Bending Parameters :

     Atom Classes             K(B)          Angle

     402 401 402           114.900        111.250
     403 401 402            43.615        107.620

 Additional Stretch-Bend Parameters :

     Atom Classes          K(SB)-1        K(SB)-2

     402 401 402             5.713          5.713
     403 401 402             5.713          5.713

 Additional Atomic Multipole Parameters :

     Atom Type     Coordinate Frame Definition         Multipole Moments

         402      401      0      0   Z-Only      -0.09880
                                                   0.00000  0.00000  0.05552
                                                  -0.65260
                                                   0.00000 -0.65260
                                                   0.00000  0.00000  1.30520

         401      402    402    402   3-Fold       0.19385
                                                  -0.00213  0.00000  0.32219
                                                   0.30491
                                                   0.00000  0.30607
                                                   0.00059  0.00000 -0.61098

         403      401      0      0   Z-Only       0.10255
                                                   0.00000  0.00000 -0.18734
                                                   0.03579
                                                   0.00000  0.03579
                                                   0.00000  0.00000 -0.07158

 Additional Atomic Dipole Polarizability Parameters :

     Atom Type           Alpha       Thole     Group Atom Types

         402             2.337       0.390         401
         401             1.620       0.390         402  403
         403             0.480       0.390         401

 Additional van der Waals Parameters :

     Atom Class               Size        Epsilon        Reduction

         401                3.8200         0.1010          0.000
         402                3.8980         0.3620          0.000
         403                2.9600         0.0240          0.920

 Additional Solvation Parameters :

     Atom Type                PB Size     CS Size     GK Size

         403             2.9089      2.8360      3.5214
         401             3.3967      3.2550      4.7385

 Limited Memory BFGS Quasi-Newton Optimization :

 QN Iter     F Value      G RMS      F Move   X Move   Angle  FG Call  Comment

     0       49.7705    68.2460                                   1
     1       23.5086    70.7642     26.2619   0.1318    0.00      2    Success 
     2       14.3445    34.9247      9.1641   0.0569   33.26      3    Success 
     3       10.7276    18.7273      3.6169   0.0162   29.37      4    Success 
     4        8.3027    11.7170      2.4249   0.0202   13.33      5    Success 
     5        6.1961    13.7932      2.1067   0.0273   34.31      6    Success 
     6        3.0961    15.1791      3.1000   0.0528   54.62      7    Success 
     7        0.6478    22.2505      2.4483   0.0921   63.66      8    Success 
     8       -1.2328     9.2558      1.8806   0.0383   67.15      9    Success 
     9       -1.9174     4.7532      0.6846   0.0150   39.53     10    Success 
    10       -2.2304     4.5913      0.3130   0.0211   64.99     11    Success 
    11       -2.5525     5.2467      0.3221   0.0384   72.73     12    Success 
    12       -2.7020     5.2334      0.1495   0.0441   78.47     13    Success 
    13       -2.7924     1.6141      0.0904   0.0056   58.79     14    Success 
    14       -2.8104     1.1208      0.0179   0.0050   71.80     15    Success 
    15       -2.8273     1.1575      0.0169   0.0067   72.15     16    Success 
    16       -2.8450     0.8662      0.0177   0.0088   75.21     17    Success 
    17       -2.8563     0.9259      0.0113   0.0071   72.78     18    Success 
    18       -2.8662     0.7238      0.0099   0.0087   77.31     19    Success 
    19       -2.8741     0.7438      0.0079   0.0046   73.75     20    Success 
    20       -2.8875     0.8803      0.0134   0.0069   71.94     21    Success 
    21       -2.9091     1.2419      0.0216   0.0119   75.19     22    Success 
    22       -2.9430     1.4966      0.0339   0.0200   80.01     23    Success 
    23       -2.9858     2.1918      0.0428   0.0315   81.72     24    Success 
    24       -3.0290     2.0147      0.0431   0.0347   83.73     25    Success 
    25       -3.0750     1.5685      0.0460   0.0204   80.39     26    Success 
    26       -3.0991     1.2878      0.0242   0.0184   74.25     27    Success 
    27       -3.1101     0.5930      0.0109   0.0051   71.54     28    Success 
    28       -3.1127     0.3504      0.0026   0.0025   76.63     29    Success 
    29       -3.1149     0.2311      0.0022   0.0048   76.64     30    Success 
    30       -3.1160     0.3744      0.0011   0.0022   68.12     31    Success 
    31       -3.1177     0.3766      0.0017   0.0017   72.65     32    Success 
    32       -3.1209     0.4025      0.0032   0.0026   69.22     33    Success 
    33       -3.1456     0.8291      0.0247   0.0247   71.00     35    Success 
    34       -3.1762     1.9008      0.0306   0.0428   82.01     36    Success 
    35       -3.1948     2.3089      0.0186   0.0507   86.65     37    Success 
    36       -3.2268     1.7230      0.0321   0.0051   71.75     38    Success 
    37       -3.2747     0.8497      0.0479   0.0197   79.13     39    Success 
    38       -3.2950     0.7259      0.0203   0.0254   78.78     40    Success 
    39       -3.2970     0.2818      0.0020   0.0023   76.59     42    Success 
    40       -3.2975     0.1350      0.0006   0.0046   83.81     43    Success 
    41       -3.2978     0.0947      0.0003   0.0010   72.57     44   SmallGrad

 LBFGS  --  Normal Termination due to SmallGrad

 Final Function Value :           -3.29782489
 Final RMS Gradient :              0.09474353
 Final Gradient Norm :             0.29960535
