
     ######################################################################
   ##########################################################################
  ###                                                                      ###
 ###            Tinker  ---  Software Tools for Molecular Design            ###
 ##                                                                          ##
 ##                      Version 8.9.4   September 2021                      ##
 ##                                                                          ##
 ##               Copyright (c)  Jay William Ponder  1990-2021               ##
 ###                           All Rights Reserved                          ###
  ###                                                                      ###
   ##########################################################################
     ######################################################################


 Additional Atom Definition Parameters :

     Type  Class  Symbol  Description               Atomic    Mass   Valence

      402   402     Cl    CHCl3                       17     35.453     1
      401   401     C     CHCl3                        6     12.011     4
      403   403     H     CHCl3                        1      1.008     1

 Additional Bond Stretching Parameters :

     Atom Classes             K(S)         Length

       401 402             272.148         1.7600
       403 401             391.278         1.0900

 Additional Angle Bending Parameters :

     Atom Classes             K(B)          Angle

     402 401 402           114.900        111.250
     403 401 402            43.615        107.620

 Additional Stretch-Bend Parameters :

     Atom Classes          K(SB)-1        K(SB)-2

     402 401 402             5.713          5.713
     403 401 402             5.713          5.713

 Additional Atomic Multipole Parameters :

     Atom Type     Coordinate Frame Definition         Multipole Moments

         402      401      0      0   Z-Only      -0.09880
                                                   0.00000  0.00000  0.05552
                                                  -0.65260
                                                   0.00000 -0.65260
                                                   0.00000  0.00000  1.30520

         401      402    402    402   3-Fold       0.19385
                                                  -0.00213  0.00000  0.32219
                                                   0.30491
                                                   0.00000  0.30607
                                                   0.00059  0.00000 -0.61098

         403      401      0      0   Z-Only       0.10255
                                                   0.00000  0.00000 -0.18734
                                                   0.03579
                                                   0.00000  0.03579
                                                   0.00000  0.00000 -0.07158

 Additional Atomic Dipole Polarizability Parameters :

     Atom Type           Alpha       Thole     Group Atom Types

         402             2.337       0.390         401
         401             1.620       0.390         402  403
         403             0.480       0.390         401

 Additional van der Waals Parameters :

     Atom Class               Size        Epsilon        Reduction

         401                3.8200         0.1010          0.000
         402                3.8980         0.3620          0.000
         403                2.9600         0.0240          0.920

 Additional Solvation Parameters :

     Atom Type                PB Size     CS Size     GK Size

         403             2.9089      2.8360      3.5214
         401             3.3967      3.2550      4.7385

 Limited Memory BFGS Quasi-Newton Optimization :

 QN Iter     F Value      G RMS      F Move   X Move   Angle  FG Call  Comment

     0       55.6854    99.8314                                   1
     1       32.3022   133.7059     23.3832   0.1473    0.00      2    Success 
     2       12.5155    33.7443     19.7867   0.0518   32.47      3    Success 
     3       10.1989    21.0168      2.3167   0.0128   26.26      4    Success 
     4        7.7052    13.9508      2.4936   0.0214   15.45      5    Success 
     5        5.0936    12.0282      2.6117   0.0356   28.75      6    Success 
     6        2.6465    27.1706      2.4471   0.0767   44.92      7    Success 
     7        1.8356    23.3713      0.8109   0.0529   71.03      8    Success 
     8        0.7879    10.5344      1.0477   0.0196   63.68      9    Success 
     9        0.2177     4.5028      0.5701   0.0144   47.73     10    Success 
    10       -0.2472     4.4105      0.4649   0.0269   51.12     11    Success 
    11       -0.8153     5.4176      0.5681   0.0546   61.53     12    Success 
    12       -0.8317     9.2552      0.0164   0.0357   72.82     13    Success 
    13       -0.9641     6.0030      0.1324   0.0024   23.70     15    Success 
    14       -1.0822     1.9689      0.1181   0.0101   65.31     16    Success 
    15       -1.1176     1.8967      0.0354   0.0102   75.03     17    Success 
    16       -1.1756     1.5606      0.0579   0.0183   75.20     18    Success 
    17       -1.2195     2.2424      0.0439   0.0321   73.22     19    Success 
    18       -1.2326     1.2766      0.0132   0.0053   74.06     21    Success 
    19       -1.2410     0.5716      0.0084   0.0019   48.22     22    Success 
    20       -1.2441     1.1188      0.0031   0.0089   77.29     23    Success 
    21       -1.2476     0.3708      0.0034   0.0029   76.14     24    Success 
    22       -1.2491     0.2804      0.0016   0.0045   80.92     25    Success 
    23       -1.2509     0.2349      0.0018   0.0061   79.67     26    Success 
    24       -1.2528     0.3336      0.0019   0.0064   77.47     27    Success 
    25       -1.2555     0.4817      0.0027   0.0067   77.66     28    Success 
    26       -1.2602     0.5891      0.0048   0.0073   78.94     29    Success 
    27       -1.2689     0.6680      0.0086   0.0104   78.84     30    Success 
    28       -1.2819     1.3964      0.0130   0.0172   79.16     31    Success 
    29       -1.3009     1.1345      0.0190   0.0269   85.03     32    Success 
    30       -1.3124     1.6125      0.0116   0.0306   84.46     33    Success 
    31       -1.3194     0.3631      0.0070   0.0021   64.12     34    Success 
    32       -1.3232     0.5168      0.0038   0.0142   79.51     35    Success 
    33       -1.3249     0.2204      0.0017   0.0080   84.09     36    Success 
    34       -1.3251     0.0779      0.0003   0.0010   77.62     37   SmallGrad

 LBFGS  --  Normal Termination due to SmallGrad

 Final Function Value :           -1.32511671
 Final RMS Gradient :              0.07794501
 Final Gradient Norm :             0.22046178
