
     ######################################################################
   ##########################################################################
  ###                                                                      ###
 ###            Tinker  ---  Software Tools for Molecular Design            ###
 ##                                                                          ##
 ##                      Version 8.9.4   September 2021                      ##
 ##                                                                          ##
 ##               Copyright (c)  Jay William Ponder  1990-2021               ##
 ###                           All Rights Reserved                          ###
  ###                                                                      ###
   ##########################################################################
     ######################################################################


 Additional Atom Definition Parameters :

     Type  Class  Symbol  Description               Atomic    Mass   Valence

      402   402     Cl    CHCl3                       17     35.453     1
      401   401     C     CHCl3                        6     12.011     4
      403   403     H     CHCl3                        1      1.008     1

 Additional Bond Stretching Parameters :

     Atom Classes             K(S)         Length

       401 402             272.148         1.7600
       403 401             391.278         1.0900

 Additional Angle Bending Parameters :

     Atom Classes             K(B)          Angle

     402 401 402           114.900        111.250
     403 401 402            43.615        107.620

 Additional Stretch-Bend Parameters :

     Atom Classes          K(SB)-1        K(SB)-2

     402 401 402             5.713          5.713
     403 401 402             5.713          5.713

 Additional Atomic Multipole Parameters :

     Atom Type     Coordinate Frame Definition         Multipole Moments

         402      401      0      0   Z-Only      -0.09880
                                                   0.00000  0.00000  0.05552
                                                  -0.65260
                                                   0.00000 -0.65260
                                                   0.00000  0.00000  1.30520

         401      402    402    402   3-Fold       0.19385
                                                  -0.00213  0.00000  0.32219
                                                   0.30491
                                                   0.00000  0.30607
                                                   0.00059  0.00000 -0.61098

         403      401      0      0   Z-Only       0.10255
                                                   0.00000  0.00000 -0.18734
                                                   0.03579
                                                   0.00000  0.03579
                                                   0.00000  0.00000 -0.07158

 Additional Atomic Dipole Polarizability Parameters :

     Atom Type           Alpha       Thole     Group Atom Types

         402             2.337       0.390         401
         401             1.620       0.390         402  403
         403             0.480       0.390         401

 Additional van der Waals Parameters :

     Atom Class               Size        Epsilon        Reduction

         401                3.8200         0.1010          0.000
         402                3.8980         0.3620          0.000
         403                2.9600         0.0240          0.920

 Additional Solvation Parameters :

     Atom Type                PB Size     CS Size     GK Size

         403             2.9089      2.8360      3.5214
         401             3.3967      3.2550      4.7385

 Limited Memory BFGS Quasi-Newton Optimization :

 QN Iter     F Value      G RMS      F Move   X Move   Angle  FG Call  Comment

     0    10741.7332 25924.2719                                   1
     1      858.8108  1288.6562   9882.9224   0.1318    0.00      2    Success 
     2      775.3587  1135.1228     83.4520   0.0069    0.26      3    Success 
     3      628.4609   874.3350    146.8978   0.0148    4.57      4    Success 
     4      403.1771   500.7705    225.2838   0.0340    8.84      5    Success 
     5      233.4376   246.6219    169.7395   0.0483   12.60      6    Success 
     6      143.2405   125.6274     90.1972   0.0518   15.60      7    Success 
     7       87.9911    61.5407     55.2494   0.0635   17.55      8    Success 
     8       54.6165    31.4046     33.3746   0.0781   15.25      9    Success 
     9       31.4685    22.8043     23.1480   0.1062    7.49     10    Success 
    10       19.9737    41.6822     11.4948   0.1318   26.80     11    Success 
    11        8.0200    20.0179     11.9538   0.0946   65.48     12    Success 
    12        3.0066    20.5906      5.0134   0.1289   63.04     13    Success 
    13        0.9328     9.2098      2.0738   0.0338   57.86     14    Success 
    14        0.2851     7.4923      0.6477   0.0206   65.70     15    Success 
    15       -0.6590     6.5381      0.9442   0.0342   59.60     16    Success 
    16       -1.4353    10.0005      0.7763   0.0550   62.39     17    Success 
    17       -1.9461     5.4497      0.5108   0.0266   71.81     18    Success 
    18       -2.2446     3.7593      0.2985   0.0201   67.76     19    Success 
    19       -2.5092     3.6262      0.2647   0.0257   64.12     20    Success 
    20       -2.6590     4.3383      0.1497   0.0284   72.93     21    Success 
    21       -2.7600     2.1888      0.1010   0.0201   79.36     22    Success 
    22       -2.8014     1.1296      0.0414   0.0177   80.23     23    Success 
    23       -2.8182     0.8449      0.0169   0.0104   78.47     24    Success 
    24       -2.8319     0.7059      0.0137   0.0089   70.79     25    Success 
    25       -2.8346     0.5143      0.0027   0.0016   61.99     27    Success 
    26       -2.8370     0.4251      0.0024   0.0014   66.59     28    Success 
    27       -2.8410     0.5516      0.0040   0.0030   67.97     29    Success 
    28       -2.8479     0.7924      0.0069   0.0052   73.85     30    Success 
    29       -2.8597     1.0651      0.0118   0.0090   78.72     31    Success 
    30       -2.8780     1.2902      0.0183   0.0154   81.75     32    Success 
    31       -2.8955     1.6355      0.0174   0.0241   83.31     33    Success 
    32       -2.9036     1.1139      0.0081   0.0069   81.77     35    Success 
    33       -2.9100     0.5147      0.0065   0.0056   81.10     36    Success 
    34       -2.9118     0.1750      0.0018   0.0011   55.97     37    Success 
    35       -2.9122     0.2091      0.0004   0.0007   64.92     38    Success 
    36       -2.9129     0.2907      0.0007   0.0012   71.55     39    Success 
    37       -2.9141     0.3979      0.0012   0.0019   75.60     40    Success 
    38       -2.9163     0.5279      0.0022   0.0031   78.76     41    Success 
    39       -2.9202     0.7182      0.0039   0.0055   81.42     42    Success 
    40       -2.9271     0.9516      0.0069   0.0100   83.77     43    Success 
    41       -2.9386     1.3350      0.0115   0.0180   85.36     44    Success 
    42       -2.9546     1.7635      0.0160   0.0319   86.89     45    Success 
    43       -2.9743     2.1243      0.0197   0.0384   87.30     46    Success 
    44       -3.0020     2.2358      0.0277   0.0263   85.97     47    Success 
    45       -3.0471     1.7733      0.0451   0.0274   84.80     48    Success 
    46       -3.0781     1.7700      0.0310   0.0420   85.91     50    Success 
    47       -3.1160     1.1695      0.0379   0.0176   78.56     51    Success 
    48       -3.1239     1.4517      0.0080   0.0288   84.24     52    Success 
    49       -3.1310     0.5342      0.0071   0.0067   81.77     53    Success 
    50       -3.1330     0.5026      0.0020   0.0066   85.13     54    Success 
    51       -3.1363     0.4870      0.0033   0.0068   83.33     55    Success 
    52       -3.1413     0.4249      0.0050   0.0135   84.23     56    Success 
    53       -3.1459     0.9196      0.0046   0.0125   79.16     57    Success 
    54       -3.1502     0.6175      0.0044   0.0107   86.29     58    Success 
    55       -3.1546     0.6976      0.0044   0.0054   80.16     59    Success 
    56       -3.1614     0.8006      0.0068   0.0117   83.85     60    Success 
    57       -3.1725     1.1766      0.0111   0.0088   78.78     61    Success 
    58       -3.1906     1.2911      0.0181   0.0166   83.50     62    Success 
    59       -3.2189     1.4073      0.0283   0.0239   83.26     63    Success 
    60       -3.2409     2.4834      0.0219   0.0355   83.50     64    Success 
    61       -3.2619     0.9870      0.0211   0.0246   85.89     65    Success 
    62       -3.2721     1.3627      0.0102   0.0233   79.45     66    Success 
    63       -3.2845     0.6722      0.0124   0.0061   75.74     67    Success 
    64       -3.2895     0.3748      0.0050   0.0056   78.27     68    Success 
    65       -3.2931     0.3561      0.0036   0.0063   77.81     69    Success 
    66       -3.2940     1.1719      0.0009   0.0106   79.08     70    Success 
    67       -3.2955     0.9565      0.0016   0.0006   76.05     71    Success 
    68       -3.2980     0.5511      0.0025   0.0016   78.02     72    Success 
    69       -3.2997     0.1479      0.0017   0.0033   79.88     73    Success 
    70       -3.2999     0.1175      0.0002   0.0007   78.85     74    Success 
    71       -3.3001     0.0902      0.0002   0.0010   73.53     75   SmallGrad

 LBFGS  --  Normal Termination due to SmallGrad

 Final Function Value :           -3.30008493
 Final RMS Gradient :              0.09018013
 Final Gradient Norm :             0.28517461
