
     ######################################################################
   ##########################################################################
  ###                                                                      ###
 ###            Tinker  ---  Software Tools for Molecular Design            ###
 ##                                                                          ##
 ##                      Version 8.10.5   February 2023                      ##
 ##                                                                          ##
 ##               Copyright (c)  Jay William Ponder  1990-2023               ##
 ###                           All Rights Reserved                          ###
  ###                                                                      ###
   ##########################################################################
     ######################################################################


 Additional Atom Definition Parameters :

     Type  Class  Symbol  Description               Atomic    Mass   Valence

      403   403     H     32_40_Index_0                1      1.008     1
      401   401     C     32_40_Index_0                6     12.011     4
      402   402     N     32_40_Index_0                7     14.007     4
      404   404     H     32_40_Index_0                1      1.008     1

 Additional Bond Stretching Parameters :

     Atom Classes             K(S)         Length

       401 403             345.979         1.0900
       403 401             345.979         1.0900
       402 401             194.378         1.4630
       401 402             194.378         1.4630
       404 402             434.641         1.0300

 Additional Angle Bending Parameters :

     Atom Classes             K(B)          Angle

     403 401 403            36.407        111.739
     402 401 403            64.360        108.600
     401 402 401            96.167        111.510
     404 402 401            49.269        108.439
     403 401 402            64.360        108.600
     401 402 404            49.269        108.440

 Additional Stretch-Bend Parameters :

     Atom Classes          K(SB)-1        K(SB)-2

     403 401 403             5.713          5.713
     402 401 403             5.713          5.713
     401 402 401            29.856         29.856
     404 402 401            29.856         29.856
     403 401 402             5.713          5.713
     401 402 404            29.856         29.856

 Additional Torsional Parameters :

     Atom Classes     1-Fold    2-Fold    3-Fold    4-Fold    5-Fold    6-Fold

   401 402 401 403  -0.00   0 -0.00 180  0.31   0  0.00   0  0.00   0  0.00   0
   404 402 401 403  -0.00   0 -0.00 180  0.00   0  0.00   0  0.00   0  0.00   0
   403 401 402 401  -0.00   0 -0.00 180  0.31   0  0.00   0  0.00   0  0.00   0
   403 401 402 404  -0.00   0 -0.00 180  0.00   0  0.00   0  0.00   0  0.00   0

 Additional Atomic Multipole Parameters :

     Atom Type     Coordinate Frame Definition         Multipole Moments

         403      401    402      0   Z-then-X     0.09902
                                                  -0.00588  0.00000 -0.05856
                                                  -0.02020
                                                   0.00000  0.03106
                                                  -0.01415  0.00000 -0.01086

         401      402    404      0   Z-then-X    -0.06212
                                                   0.02024  0.00000  0.49179
                                                  -0.47541
                                                   0.00000 -0.49849
                                                   0.06613  0.00000  0.97390

         402      404      0      0   Z-Only       0.08313
                                                   0.00000  0.00000 -0.34409
                                                   0.13623
                                                   0.00000  0.13623
                                                   0.00000  0.00000 -0.27246

         404      402      0      0   Z-Only       0.21205
                                                   0.00000  0.00000 -0.05362
                                                   0.00304
                                                   0.00000  0.00304
                                                   0.00000  0.00000 -0.00608

 Additional Charge Penetration Parameters :

     Atom Class           Core Chg           Damp

         403                 0.000         0.0000
         401                 0.000         0.0000
         402                 0.000         0.0000
         404                 0.000         0.0000

 Additional Atomic Dipole Polarizability Parameters :

     Atom Type           Alpha       Thole     Group Atom Types

         403             0.480       0.390         401
         401             0.686       0.390         403
         402             0.661       0.390         404
         404             0.222       0.390         402

 Additional van der Waals Parameters :

     Atom Class               Size        Epsilon        Reduction

         401                3.8200         0.1010          0.000
         403                2.8800         0.0240          0.910
         402                3.7100         0.1050          0.000
         404                2.7000         0.0200          0.910

 Additional Solvation Parameters :

     Atom Type                PB Size     CS Size     GK Size

         404             3.0352      2.6860      3.3152
         403             3.1430      3.3740      4.1440
         401             3.5062      3.3090      4.5360
         402             2.8836      2.9900      3.2180

 Limited Memory BFGS Quasi-Newton Optimization :

 QN Iter     F Value      G RMS      F Move   X Move   Angle  FG Call  Comment

     0       33.0709    10.4442                                   1
     1       32.2941    20.1432      0.7768   0.0111    0.00      3    Success 
     2       32.1442     8.3394      0.1500   0.0023   61.98      5    Success 
     3       32.1112     5.4314      0.0330   0.0004   28.63      6    Success 
     4       32.0700     6.4807      0.0412   0.0009   35.80      7    Success 
     5       32.0028     9.1696      0.0672   0.0016   56.40      8    Success 
     6       31.9069    10.5581      0.0958   0.0030   69.28      9    Success 
     7       31.8455    12.3691      0.0614   0.0049   74.76     10    Success 
     8       31.8059     3.4127      0.0396   0.0005   35.55     11    Success 
     9       31.7988     2.4169      0.0071   0.0003   46.91     12    Success 
    10       31.7921     3.1061      0.0067   0.0003   33.53     13    Success 
    11       31.7806     4.5201      0.0116   0.0006   57.67     14    Success 
    12       31.7600     6.2107      0.0206   0.0011   70.43     15    Success 
    13       31.7238     8.0002      0.0362   0.0021   76.77     16    Success 
    14       31.6640     9.4386      0.0598   0.0040   80.61     17    Success 
    15       31.5793     9.1663      0.0847   0.0074   83.03     18    Success 
    16       31.5727     9.6436      0.0066   0.0008   82.64     20    Success 
    17       31.5604     8.7748      0.0123   0.0011   84.83     21    Success 
    18       31.5393     6.5684      0.0211   0.0017   83.07     22    Success 
    19       31.5150     1.1117      0.0243   0.0032   81.69     23    Success 
    20       31.5139     0.5212      0.0011   0.0003   69.09     24    Success 
    21       31.5134     0.7253      0.0005   0.0002   61.75     25    Success 
    22       31.5126     0.9159      0.0008   0.0003   71.13     26    Success 
    23       31.5112     0.9888      0.0014   0.0004   72.04     27    Success 
    24       31.5090     1.0141      0.0022   0.0006   71.69     28    Success 
    25       31.5083     1.6209      0.0007   0.0004   74.28     30    Success 
    26       31.5072     1.2012      0.0011   0.0004   81.71     31    Success 
    27       31.5062     0.3509      0.0010   0.0007   81.78     32    Success 
    28       31.5061     0.2093      0.0001   0.0001   79.53     33    Success 
    29       31.5060     0.2147      0.0001   0.0002   72.84     34    Success 
    30       31.5060     0.3660      0.0001   0.0001   70.37     35    Success 
    31       31.5059     0.3943      0.0001   0.0001   76.39     36    Success 
    32       31.5057     0.4234      0.0002   0.0001   75.87     37    Success 
    33       31.5054     0.4355      0.0003   0.0003   77.33     38    Success 
    34       31.5051     0.4147      0.0003   0.0005   79.38     39    Success 
    35       31.5046     0.3928      0.0004   0.0006   78.99     40    Success 
    36       31.5045     0.3165      0.0002   0.0003   79.38     42    Success 
    37       31.5043     0.1959      0.0002   0.0003   78.38     43    Success 
    38       31.5042     0.2577      0.0001   0.0002   71.99     44    Success 
    39       31.5041     0.2575      0.0001   0.0002   72.75     45    Success 
    40       31.5040     0.2400      0.0001   0.0001   75.10     46    Success 
    41       31.5039     0.1820      0.0001   0.0002   74.23     47    Success 
    42       31.5038     0.1326      0.0001   0.0004   77.30     48    Success 
    43       31.5037     0.0712      0.0001   0.0002   77.73     49   SmallGrad

 LBFGS  --  Normal Termination due to SmallGrad

 Final Function Value :           31.50374087
 Final RMS Gradient :              0.07117443
 Final Gradient Norm :             0.26631034
