
     ######################################################################
   ##########################################################################
  ###                                                                      ###
 ###            Tinker  ---  Software Tools for Molecular Design            ###
 ##                                                                          ##
 ##                      Version 8.10.2   February 2022                      ##
 ##                                                                          ##
 ##               Copyright (c)  Jay William Ponder  1990-2022               ##
 ###                           All Rights Reserved                          ###
  ###                                                                      ###
   ##########################################################################
     ######################################################################


 Additional Atom Definition Parameters :

     Type  Class  Symbol  Description               Atomic    Mass   Valence

      401   401     C     4_27_Index_0                 6     12.011     4
      402   402     N     4_27_Index_0                 7     14.007     3
      403   403     C     4_27_Index_0                 6     12.011     4
      404   404     C     4_27_Index_0                 6     12.011     3
      408   408     H     4_27_Index_0                 1      1.008     1
      405   405     N     4_27_Index_0                 7     14.007     3
      406   406     O     4_27_Index_0                 8     15.999     1
      407   407     C     4_27_Index_0                 6     12.011     4
      409   409     H     4_27_Index_0                 1      1.008     1
      410   410     H     4_27_Index_0                 1      1.008     1
      411   411     H     4_27_Index_0                 1      1.008     1

 Additional Bond Stretching Parameters :

     Atom Classes             K(S)         Length

       406 404             601.800         1.2300
       407 401             203.311         1.5200
       409 401             340.533         1.1000
       402 401             216.461         1.4142
       403 402             216.461         1.3932
       401 402             216.461         1.4245
       408 403             340.533         1.1000
       404 403             283.862         1.5200
       405 404             363.157         1.3700
       411 405             475.798         1.0100
       410 407             345.979         1.0900

 Additional Angle Bending Parameters :

     Atom Classes             K(B)          Angle

     402 403 404            60.000        109.129
     406 404 403            65.000        124.350
     405 404 406            76.980        123.702
     410 407 401            50.885        110.420
     403 402 401           181.435        109.126
     401 402 401            90.718        109.263
     408 403 402            57.278        110.990
     407 401 402            98.166        111.046
     409 401 402            57.278        107.553
     401 402 403           181.435        109.236
     405 404 403            57.869        111.608
     408 403 404            48.035        109.033
     411 405 404            40.855        114.904
     408 403 408            30.491        107.920
     409 401 407            47.069        111.162
     409 401 409            30.491        107.820
     410 407 410            36.407        108.510
     411 405 411            37.560        114.455

 Additional Stretch-Bend Parameters :

     Atom Classes          K(SB)-1        K(SB)-2

     402 403 404             0.000          0.000
     406 404 403             0.000          0.000
     405 404 406            18.700         18.700
     410 407 401             5.713          5.713
     403 402 401            22.688         22.688
     401 402 401            22.688         22.688
     408 403 402             5.713          5.713
     407 401 402             5.713          5.713
     409 401 402             5.713          5.713
     401 402 403            22.688         22.688
     405 404 403            25.988         25.988
     408 403 404             5.713          5.713
     411 405 404            25.952         25.952
     408 403 408             5.713          5.713
     409 401 407             5.713          5.713
     409 401 409             5.713          5.713
     410 407 410             5.713          5.713
     411 405 411            25.952         25.952

 Additional Out-of-Plane Bend Parameters :

     Atom Classes                   K(OPB)

     403 404   0   0                94.522
     406 404   0   0                16.505
     405 404   0   0                92.784
     405 411   0   0                26.895
     404 405   0   0                 0.000
     411 405   0   0                 0.000

 Additional Torsional Parameters :

     Atom Classes     1-Fold    2-Fold    3-Fold    4-Fold    5-Fold    6-Fold

   406 404 403 402   0.00   0  0.00 180  0.30   0  0.00   0  0.00   0  0.00   0
   405 404 403 402   0.00   0  0.00 180  0.30   0  0.00   0  0.00   0  0.00   0
   402 401 407 410   0.00   0  0.00 180  0.11   0  0.00   0  0.00   0  0.00   0
   409 401 407 410   0.00   0  0.00 180  0.30   0  0.00   0  0.00   0  0.00   0
   408 403 404 406   0.00   0  0.00 180  0.11   0  0.00   0  0.00   0  0.00   0
   408 403 404 405   0.00   0  0.00 180  0.11   0  0.00   0  0.00   0  0.00   0
   401 402 403 404  -0.78   0  1.58 180 -0.73   0  0.22 180  0.00   0  0.00   0
   411 405 404 403   0.00   0  4.62 180  0.80   0  0.00   0  0.00   0  0.00   0
   411 405 404 406   0.00   0  2.76 180 -0.36   0  0.00   0  0.00   0  0.00   0
   409 401 402 401   0.00   0  0.00 180  0.11   0  0.00   0  0.00   0  0.00   0
   408 403 402 401   0.00   0  0.00 180  0.11   0  0.00   0  0.00   0  0.00   0
   409 401 402 403   0.00   0  0.00 180  0.11   0  0.00   0  0.00   0  0.00   0
   407 401 402 403  -1.26   0 -0.18 180  0.58   0  0.00   0  0.00   0  0.00   0
   407 401 402 401  -1.26   0 -0.18 180  0.58   0  0.00   0  0.00   0  0.00   0

 Additional Atomic Multipole Parameters :

     Atom Type     Coordinate Frame Definition         Multipole Moments

         401      407    402      0   Z-then-X    -0.01595
                                                   0.36501  0.00000  0.21908
                                                   0.27092
                                                   0.00000 -0.48334
                                                  -0.29478  0.00000  0.21242

         402      403    401    401   Z-Bisect    -0.14575
                                                   0.31749  0.00000  0.49886
                                                  -1.21446
                                                   0.00000  0.62146
                                                  -0.47112  0.00000  0.59300

         403      404    402      0   Z-then-X    -0.15269
                                                   0.28869  0.00000 -0.02905
                                                   0.28877
                                                   0.00000 -0.40851
                                                  -0.43464  0.00000  0.11974

         404      406    405      0   Z-then-X     0.93566
                                                   0.16238  0.00000  0.16218
                                                   0.56964
                                                   0.00000 -0.70516
                                                  -0.27284  0.00000  0.13552

         408      403    408      0   Z-then-X     0.04015
                                                  -0.01473  0.00000 -0.05021
                                                   0.13315
                                                   0.00000 -0.17069
                                                   0.01035  0.00000  0.03754

         405      411    411      0   Bisector    -0.35264
                                                   0.00000  0.00000  0.21151
                                                   0.60578
                                                   0.00000 -0.88253
                                                   0.00000  0.00000  0.27675

         406      404    405      0   Z-then-X    -0.73638
                                                   0.05059  0.00000 -0.19588
                                                  -0.52241
                                                   0.00000  0.33571
                                                   0.09285  0.00000  0.18670

         407      401    402      0   Z-then-X    -0.16061
                                                  -0.03048  0.00000  0.19810
                                                  -0.36339
                                                   0.00000 -0.10182
                                                  -0.08302  0.00000  0.46521

         409      401    409      0   Z-then-X     0.02462
                                                   0.04863  0.00000 -0.14109
                                                   0.08502
                                                   0.00000  0.02634
                                                   0.10330  0.00000 -0.11136

         410      407    401      0   Z-then-X     0.06492
                                                   0.00392  0.00000 -0.05296
                                                  -0.01257
                                                   0.00000 -0.01063
                                                  -0.03771  0.00000  0.02320

         411      405    411      0   Z-then-X     0.11831
                                                  -0.00806  0.00000 -0.17938
                                                   0.03961
                                                   0.00000 -0.02589
                                                   0.01095  0.00000 -0.01372

 Additional Atomic Dipole Polarizability Parameters :

     Atom Type           Alpha       Thole     Group Atom Types

         401             1.620       0.390         402  409
         402             1.185       0.390         401  403
         403             1.620       0.390         402  408
         404             2.064       0.390         405  406
         408             0.480       0.390         403
         405             1.243       0.390         404  411
         406             0.914       0.390         404
         407             1.415       0.390         410
         409             0.480       0.390         401
         410             0.480       0.390         407
         411             0.457       0.390         405

 Additional van der Waals Parameters :

     Atom Class               Size        Epsilon        Reduction

         411                2.5900         0.0220          0.900
         403                3.8200         0.1010          0.000
         401                3.8200         0.1010          0.000
         407                3.8200         0.1010          0.000
         408                2.9600         0.0220          0.920
         410                2.9600         0.0220          0.920
         404                3.8200         0.1060          0.000
         406                3.3000         0.1120          0.000
         405                3.7100         0.1100          0.000
         409                2.9100         0.0330          0.900
         402                3.7100         0.1050          0.000

 Additional Solvation Parameters :

     Atom Type                PB Size     CS Size     GK Size

         408             3.0556      2.9960      4.0320
         409             3.0205      3.8850      4.0505
         411             2.9089      2.8360      3.5214
         410             3.1430      3.3740      4.1440
         404             2.9301      4.5060      4.2118
         407             3.5062      3.3090      4.5360
         401             3.3025      2.8540      4.9016
         403             3.3025      2.8540      4.9016
         402             2.8836      2.9900      3.2180
         405             3.4243      3.4910      4.2676
         406             2.9835      3.3560      2.9616

 Limited Memory BFGS Quasi-Newton Optimization :

 QN Iter     F Value      G RMS      F Move   X Move   Angle  FG Call  Comment

     0       17.6535    11.2255                                   1
     1       16.9302    11.0569      0.7233   0.0058    0.00      3    Success 
     2       16.5385     6.0508      0.3917   0.0037   43.44      4    Success 
     3       16.3394     5.1711      0.1991   0.0023   42.16      5    Success 
     4       16.0475     4.6462      0.2919   0.0046   43.79      6    Success 
     5       15.8788     8.2681      0.1687   0.0088   51.49      7    Success 
     6       15.7035     3.0843      0.1753   0.0017   32.87      8    Success 
     7       15.6245     2.7804      0.0791   0.0017   35.26      9    Success 
     8       15.5110     3.3179      0.1135   0.0040   52.27     10    Success 
     9       15.3927     2.6698      0.1183   0.0056   66.37     11    Success 
    10       15.3095     2.6284      0.0832   0.0066   67.74     12    Success 
    11       15.2611     1.5586      0.0484   0.0038   67.94     13    Success 
    12       15.2333     1.4449      0.0278   0.0019   57.40     14    Success 
    13       15.1961     1.4300      0.0372   0.0037   63.23     15    Success 
    14       15.1568     2.3299      0.0392   0.0056   66.22     16    Success 
    15       15.1152     1.2704      0.0416   0.0042   75.23     17    Success 
    16       15.0862     0.9033      0.0291   0.0042   67.40     18    Success 
    17       15.0719     0.9579      0.0143   0.0023   65.54     19    Success 
    18       15.0508     0.8747      0.0211   0.0035   67.98     20    Success 
    19       15.0233     0.9311      0.0275   0.0054   66.99     21    Success 
    20       15.0035     1.1083      0.0199   0.0057   70.56     22    Success 
    21       14.9852     0.7964      0.0182   0.0027   68.53     23    Success 
    22       14.9628     0.8522      0.0224   0.0042   64.78     24    Success 
    23       14.9458     1.9370      0.0170   0.0069   71.41     25    Success 
    24       14.9275     1.6158      0.0183   0.0036   78.11     26    Success 
    25       14.9113     1.0704      0.0162   0.0023   75.19     27    Success 
    26       14.8906     0.9816      0.0207   0.0050   76.46     28    Success 
    27       14.8631     1.1082      0.0275   0.0073   77.31     29    Success 
    28       14.8380     1.7700      0.0250   0.0110   79.19     30    Success 
    29       14.8328     1.9419      0.0053   0.0079   81.57     31    Success 
    30       14.8239     1.3488      0.0088   0.0018   82.36     32    Success 
    31       14.8123     0.5695      0.0116   0.0027   77.90     33    Success 
    32       14.8064     0.7080      0.0059   0.0008   47.58     34    Success 
    33       14.7968     0.9777      0.0097   0.0016   63.62     35    Success 
    34       14.7821     1.1322      0.0147   0.0041   77.86     36    Success 
    35       14.7789     2.3595      0.0031   0.0076   81.44     37    Success 
    36       14.7732     1.9715      0.0058   0.0006   77.82     38    Success 
    37       14.7634     1.2789      0.0097   0.0014   79.59     39    Success 
    38       14.7512     0.5833      0.0122   0.0037   79.66     40    Success 
    39       14.7467     0.8283      0.0045   0.0020   78.02     41    Success 
    40       14.7391     1.0223      0.0076   0.0028   80.37     42    Success 
    41       14.7265     1.0365      0.0126   0.0042   81.14     43    Success 
    42       14.7086     1.1824      0.0179   0.0061   80.11     44    Success 
    43       14.7011     1.1109      0.0075   0.0040   82.10     46    Success 
    44       14.6946     0.4867      0.0065   0.0026   80.40     47    Success 
    45       14.6929     0.2575      0.0017   0.0010   75.54     48    Success 
    46       14.6921     0.2888      0.0008   0.0007   70.97     49    Success 
    47       14.6914     0.3670      0.0006   0.0004   67.58     50    Success 
    48       14.6907     0.2841      0.0007   0.0004   75.34     51    Success 
    49       14.6899     0.1481      0.0008   0.0010   78.95     52    Success 
    50       14.6897     0.1522      0.0003   0.0006   75.84     53    Success 
    51       14.6895     0.1530      0.0002   0.0003   76.81     54    Success 
    52       14.6891     0.1350      0.0003   0.0003   67.64     55    Success 
    53       14.6888     0.2041      0.0004   0.0006   70.26     56    Success 
    54       14.6885     0.1848      0.0002   0.0006   75.92     57    Success 
    55       14.6884     0.0802      0.0001   0.0001   66.00     58   SmallGrad

 LBFGS  --  Normal Termination due to SmallGrad

 Final Function Value :           14.68840321
 Final RMS Gradient :              0.08017995
 Final Gradient Norm :             0.38452952
