
     ######################################################################
   ##########################################################################
  ###                                                                      ###
 ###            Tinker  ---  Software Tools for Molecular Design            ###
 ##                                                                          ##
 ##                      Version 8.9.4   September 2021                      ##
 ##                                                                          ##
 ##               Copyright (c)  Jay William Ponder  1990-2021               ##
 ###                           All Rights Reserved                          ###
  ###                                                                      ###
   ##########################################################################
     ######################################################################


 Additional Atom Definition Parameters :

     Type  Class  Symbol  Description               Atomic    Mass   Valence

      405   405     C     7_1_Index_0_GrowFrag         6     12.011     3
      403   403     C     7_1_Index_0_GrowFrag         6     12.011     3
      413   413     N     7_1_Index_0_GrowFrag         7     14.007     3
      406   406     C     7_1_Index_0_GrowFrag         6     12.011     3
      419   419     H     7_1_Index_0_GrowFrag         1      1.008     1
      404   404     C     7_1_Index_0_GrowFrag         6     12.011     3
      416   416     N     7_1_Index_0_GrowFrag         7     14.007     3
      401   401     C     7_1_Index_0_GrowFrag         6     12.011     3
      402   402     C     7_1_Index_0_GrowFrag         6     12.011     3
      414   414     C     7_1_Index_0_GrowFrag         6     12.011     3
      407   407     C     7_1_Index_0_GrowFrag         6     12.011     3
      415   415     C     7_1_Index_0_GrowFrag         6     12.011     3
      412   412     C     7_1_Index_0_GrowFrag         6     12.011     3
      410   410     C     7_1_Index_0_GrowFrag         6     12.011     3
      408   408     C     7_1_Index_0_GrowFrag         6     12.011     3
      409   409     C     7_1_Index_0_GrowFrag         6     12.011     3
      417   417     H     7_1_Index_0_GrowFrag         1      1.008     1
      426   426     O     7_1_Index_0_GrowFrag         8     15.999     1
      425   425     H     7_1_Index_0_GrowFrag         1      1.008     1
      423   423     H     7_1_Index_0_GrowFrag         1      1.008     1
      424   424     H     7_1_Index_0_GrowFrag         1      1.008     1
      420   420     H     7_1_Index_0_GrowFrag         1      1.008     1
      421   421     H     7_1_Index_0_GrowFrag         1      1.008     1
      411   411     N     7_1_Index_0_GrowFrag         7     14.007     3
      418   418     H     7_1_Index_0_GrowFrag         1      1.008     1
      427   427     H     7_1_Index_0_GrowFrag         1      1.008     1
      422   422     H     7_1_Index_0_GrowFrag         1      1.008     1

 Additional Bond Stretching Parameters :

     Atom Classes             K(S)         Length

       405 401             341.000         1.5000
       401 426             341.000         1.2300
       413 403             482.000         1.4100
       413 406             482.000         1.4300
       403 414             385.000         1.4700
       404 405             485.389         1.4500
       403 405             485.389         1.3700
       419 413             451.428         1.0200
       410 406             379.094         1.4000
       402 404             485.389         1.3600
       418 404             365.162         1.0800
       401 416             363.157         1.3900
       402 416             316.061         1.3900
       417 416             475.798         1.0100
       427 402             365.162         1.0800
       407 414             379.094         1.4000
       415 407             379.094         1.3900
       425 407             368.093         1.0900
       412 415             379.094         1.4000
       423 415             368.093         1.0900
       424 412             368.093         1.0900
       408 410             379.094         1.3900
       420 410             368.093         1.0900
       409 408             379.094         1.4000
       421 408             368.093         1.0900
       411 409             299.899         1.4100
       422 411             472.882         1.0200

 Additional Angle Bending Parameters :

     Atom Classes             K(B)          Angle

     405 404 402            42.440        107.320
     405 403 414            42.440        126.685
     405 403 413            42.440        118.930
     405 401 416            42.440        103.620
     405 401 426            42.440        131.490
     403 405 404            42.440        126.320
     403 405 401            42.440        126.310
     403 414 407            42.440        120.110
     403 413 406            42.440        115.113
     413 406 410            42.440        120.570
     404 405 401            42.440        107.360
     416 401 426            42.440        124.890
     401 416 402            42.440        111.460
     413 403 414            80.000        115.540
     419 413 403            50.000        106.686
     419 413 406            50.000        106.830
     418 404 405            57.301        126.050
     408 410 406            74.631        120.430
     420 410 406            36.770        119.760
     416 402 404            71.989        110.230
     427 402 404            57.301        129.480
     427 402 416            33.508        120.290
     417 416 401            40.855        121.970
     418 404 402            57.301        126.600
     417 416 402            37.409        126.520
     415 407 414            74.631        120.040
     425 407 414            36.770        119.470
     407 414 407            74.631        119.590
     412 415 407            74.631        120.210
     423 415 407            36.770        119.740
     425 407 415            36.770        120.480
     415 412 415            74.631        119.890
     424 412 415            36.770        120.050
     423 415 412            36.770        120.050
     410 406 410            74.631        118.810
     409 408 410            74.631        121.040
     421 408 410            36.770        119.360
     420 410 408            36.770        119.780
     408 409 408            74.631        118.140
     411 409 408            76.869        120.820
     421 408 409            36.770        119.580
     422 411 409            42.780        112.910
     422 411 422            52.593        109.570

 Additional Stretch-Bend Parameters :

     Atom Classes          K(SB)-1        K(SB)-2

     405 404 402            11.500         11.500
     405 403 414            11.500         11.500
     405 403 413            11.500         11.500
     405 401 416            11.500         11.500
     405 401 426            11.500         11.500
     403 405 404            11.500         11.500
     403 405 401            11.500         11.500
     403 414 407            11.500         11.500
     403 413 406            11.500         11.500
     413 406 410            11.500         11.500
     404 405 401            11.500         11.500
     416 401 426            11.500         11.500
     401 416 402            11.500         11.500
     413 403 414             0.000          0.000
     419 413 403             4.300          4.300
     419 413 406             4.300          4.300
     418 404 405            34.200         34.200
     408 410 406            20.453         20.453
     420 410 406            20.453         20.453
     416 402 404            34.200         34.200
     427 402 404            34.200         34.200
     427 402 416            34.200         34.200
     417 416 401            25.952         25.952
     418 404 402            34.200         34.200
     417 416 402            11.085         11.085
     415 407 414            20.453         20.453
     425 407 414            20.453         20.453
     407 414 407            20.453         20.453
     412 415 407            20.453         20.453
     423 415 407            20.453         20.453
     425 407 415            20.453         20.453
     415 412 415            20.453         20.453
     424 412 415            20.453         20.453
     423 415 412            20.453         20.453
     410 406 410            20.453         20.453
     409 408 410            20.453         20.453
     421 408 410            20.453         20.453
     420 410 408            20.453         20.453
     408 409 408            20.453         20.453
     411 409 408            20.453         20.453
     421 408 409            20.453         20.453
     422 411 409            32.661         32.661
     422 411 422            32.661         32.661

 Additional Out-of-Plane Bend Parameters :

     Atom Classes                   K(OPB)

     413 403   0   0               107.900
     413 406   0   0               107.900
     403 413   0   0                12.900
     406 413   0   0                12.900
     419 413   0   0                 5.800
     403 414   0   0                 7.200
     414 403   0   0                 1.400
     401 405   0   0                38.816
     405 401   0   0                38.816
     410 406   0   0                84.886
     406 410   0   0                84.886
     401 416   0   0                21.717
     416 401   0   0                21.717
     402 416   0   0                38.816
     416 402   0   0                38.816
     417 416   0   0                26.895
     426 401   0   0                16.505
     407 414   0   0                84.886
     414 407   0   0                84.886
     415 407   0   0                84.886
     407 415   0   0                84.886
     425 407   0   0                72.814
     412 415   0   0                84.886
     415 412   0   0                84.886
     423 415   0   0                72.814
     424 412   0   0                72.814
     408 410   0   0                84.886
     410 408   0   0                84.886
     420 410   0   0                72.814
     409 408   0   0                84.886
     408 409   0   0                84.886
     421 408   0   0                72.814
     411 409   0   0                50.236
     411 422   0   0                 9.114
     404 405   0   0                14.390
     403 405   0   0                14.390
     402 404   0   0                14.390
     405 404   0   0                14.390
     405 403   0   0                14.390
     404 402   0   0                14.390
     418 404   0   0                14.390
     427 402   0   0                14.390

 Additional Torsional Parameters :

     Atom Classes     1-Fold    2-Fold    3-Fold    4-Fold    5-Fold    6-Fold

   416 402 404 405  -0.67   0  6.29 180  0.00   0  0.00   0  0.00   0  0.00   0
   427 402 404 405   0.55   0  6.19 180 -0.55   0  0.00   0  0.00   0  0.00   0
   407 414 403 405   0.00   0  0.00 180  0.30   0  0.00   0  0.00   0  0.00   0
   406 413 403 405   0.00   0  0.00 180  0.00   0  0.00   0  0.00   0  0.00   0
   419 413 403 405   0.00   0  0.00 180  0.11   0  0.00   0  0.00   0  0.00   0
   402 416 401 405   0.00   0  0.00 180  0.30   0  0.00   0  0.00   0  0.00   0
   417 416 401 405   0.00   0  0.00 180  0.30   0  0.00   0  0.00   0  0.00   0
   402 404 405 403  -0.67   0  6.29 180  0.00   0  0.00   0  0.00   0  0.00   0
   418 404 405 403   0.55   0  6.19 180 -0.55   0  0.00   0  0.00   0  0.00   0
   416 401 405 403  -0.67   0  6.29 180  0.00   0  0.00   0  0.00   0  0.00   0
   426 401 405 403  -0.67   0  6.29 180  0.00   0  0.00   0  0.00   0  0.00   0
   415 407 414 403  -0.67   0  6.29 180  0.00   0  0.00   0  0.00   0  0.00   0
   425 407 414 403   0.55   0  6.19 180 -0.55   0  0.00   0  0.00   0  0.00   0
   410 406 413 403   0.00   0  0.00 180  0.00   0  0.00   0  0.00   0  0.00   0
   404 405 403 413   0.00   0  0.00 180  0.30   0  0.00   0  0.00   0  0.00   0
   401 405 403 413   0.00   0  0.00 180  0.30   0  0.00   0  0.00   0  0.00   0
   407 414 403 413   0.00   0  0.00 180  0.30   0  0.00   0  0.00   0  0.00   0
   408 410 406 413  -0.67   0  6.29 180  0.00   0  0.00   0  0.00   0  0.00   0
   420 410 406 413   0.55   0  6.19 180 -0.55   0  0.00   0  0.00   0  0.00   0
   409 408 410 406  -0.67   0  6.29 180  0.00   0  0.00   0  0.00   0  0.00   0
   410 406 413 419   0.00   0  0.00 180  0.11   0  0.00   0  0.00   0  0.00   0
   414 403 405 404   0.00   0  0.00 180  0.30   0  0.00   0  0.00   0  0.00   0
   416 401 405 404  -0.67   0  6.29 180  0.00   0  0.00   0  0.00   0  0.00   0
   426 401 405 404  -0.67   0  6.29 180  0.00   0  0.00   0  0.00   0  0.00   0
   401 416 402 404  -0.67   0  6.29 180  0.00   0  0.00   0  0.00   0  0.00   0
   417 416 402 404   0.55   0  6.19 180 -0.55   0  0.00   0  0.00   0  0.00   0
   418 404 402 416   0.55   0  6.19 180 -0.55   0  0.00   0  0.00   0  0.00   0
   402 404 405 401  -0.67   0  6.29 180  0.00   0  0.00   0  0.00   0  0.00   0
   418 404 405 401   0.55   0  6.19 180 -0.55   0  0.00   0  0.00   0  0.00   0
   414 403 405 401   0.00   0  0.00 180  0.30   0  0.00   0  0.00   0  0.00   0
   427 402 416 401   0.55   0  6.19 180 -0.55   0  0.00   0  0.00   0  0.00   0
   426 401 416 402   0.00   0  0.00 180  0.30   0  0.00   0  0.00   0  0.00   0
   423 415 407 414   0.55   0  6.19 180 -0.55   0  0.00   0  0.00   0  0.00   0
   425 407 414 407   0.55   0  6.19 180 -0.55   0  0.00   0  0.00   0  0.00   0
   424 412 415 407   0.55   0  6.19 180 -0.55   0  0.00   0  0.00   0  0.00   0
   425 407 415 412   0.55   0  6.19 180 -0.55   0  0.00   0  0.00   0  0.00   0
   411 409 408 410  -0.67   0  6.29 180  0.00   0  0.00   0  0.00   0  0.00   0
   422 411 409 408   0.00   0  0.00 180  0.30   0  0.00   0  0.00   0  0.00   0
   426 401 416 417   0.00   0  0.00 180  0.30   0  0.00   0  0.00   0  0.00   0
   427 402 416 417   0.00   0  6.36 180  0.00   0  0.00   0  0.00   0  0.00   0
   423 415 407 425   0.00   0  6.36 180  0.00   0  0.00   0  0.00   0  0.00   0
   424 412 415 423   0.00   0  6.36 180  0.00   0  0.00   0  0.00   0  0.00   0
   411 409 408 421   0.55   0  6.19 180 -0.55   0  0.00   0  0.00   0  0.00   0
   427 402 404 418   0.00   0  6.36 180  0.00   0  0.00   0  0.00   0  0.00   0
   406 413 403 414   0.00   0  0.00 180  0.00   0  0.00   0  0.00   0  0.00   0
   419 413 403 414   0.00   0  0.00 180  0.11   0  0.00   0  0.00   0  0.00   0
   415 412 415 407  -0.67   0  6.29 180  0.00   0  0.00   0  0.00   0  0.00   0
   412 415 407 414  -0.67   0  6.29 180  0.00   0  0.00   0  0.00   0  0.00   0
   415 407 414 407  -0.67   0  6.29 180  0.00   0  0.00   0  0.00   0  0.00   0
   408 410 406 410  -0.67   0  6.29 180  0.00   0  0.00   0  0.00   0  0.00   0
   408 409 408 410  -0.67   0  6.29 180  0.00   0  0.00   0  0.00   0  0.00   0
   421 408 410 406   0.55   0  6.19 180 -0.55   0  0.00   0  0.00   0  0.00   0
   423 415 412 415   0.55   0  6.19 180 -0.55   0  0.00   0  0.00   0  0.00   0
   420 410 406 410   0.55   0  6.19 180 -0.55   0  0.00   0  0.00   0  0.00   0
   421 408 409 408   0.55   0  6.19 180 -0.55   0  0.00   0  0.00   0  0.00   0
   420 410 408 409   0.55   0  6.19 180 -0.55   0  0.00   0  0.00   0  0.00   0
   421 408 410 420   0.00   0  7.50 180  0.00   0  0.00   0  0.00   0  0.00   0

 Additional Atomic Multipole Parameters :

     Atom Type     Coordinate Frame Definition         Multipole Moments

         405      401    404      0   Z-then-X    -0.09552
                                                   0.03648  0.00000 -0.17055
                                                   0.10548
                                                   0.00000  0.20858
                                                  -0.37986  0.00000 -0.31406

         403      414    413      0   Z-then-X     0.30082
                                                   0.15946  0.00000  0.20313
                                                  -0.19567
                                                   0.00000  0.31430
                                                  -0.94794  0.00000 -0.11863

         413      419    406      0   Z-then-X    -0.36606
                                                   0.21115  0.00000  0.12482
                                                   0.22837
                                                   0.00000 -0.67206
                                                   0.02906  0.00000  0.44369

         406      410    410      0   Bisector    -0.00955
                                                   0.00000  0.00000 -0.11136
                                                  -0.18933
                                                   0.00000  0.01597
                                                   0.00000  0.00000  0.17336

         419      413    406      0   Z-then-X     0.15050
                                                  -0.04202  0.00000 -0.06836
                                                   0.30397
                                                   0.00000 -0.25821
                                                   0.04659  0.00000 -0.04576

         404      418    402      0   Z-then-X    -0.13755
                                                  -0.08607  0.00000 -0.04919
                                                  -0.11285
                                                   0.00000 -0.41627
                                                  -0.00570  0.00000  0.52912

         416      417    402      0   Z-then-X    -0.28753
                                                   0.26772  0.00000  0.00054
                                                   0.07605
                                                   0.00000 -0.81669
                                                  -0.44199  0.00000  0.74064

         401      426    416      0   Z-then-X     0.79782
                                                   0.20746  0.00000  0.37810
                                                  -0.03538
                                                   0.00000  0.04938
                                                  -0.77156  0.00000 -0.01400

         402      427    416      0   Z-then-X     0.18029
                                                   0.33508  0.00000 -0.22880
                                                   0.24206
                                                   0.00000 -0.47368
                                                  -0.34882  0.00000  0.23162

         414      407    407      0   Bisector    -0.11395
                                                   0.00000  0.00000  0.30423
                                                   0.46208
                                                   0.00000  0.08732
                                                   0.00000  0.00000 -0.54940

         407      425    415      0   Z-then-X    -0.07468
                                                  -0.11896  0.00000  0.05770
                                                   0.04075
                                                   0.00000 -0.06238
                                                  -0.05101  0.00000  0.02163

         415      423    412      0   Z-then-X     0.07623
                                                  -0.02344  0.00000 -0.07171
                                                  -0.18757
                                                   0.00000 -0.40409
                                                  -0.03673  0.00000  0.59166

         412      415    415      0   Bisector    -0.03741
                                                   0.00000  0.00000 -0.03278
                                                   0.23819
                                                   0.00000 -0.19836
                                                   0.00000  0.00000 -0.03983

         410      420    408      0   Z-then-X    -0.05457
                                                  -0.05909  0.00000  0.18158
                                                   0.09190
                                                   0.00000 -0.13358
                                                   0.00851  0.00000  0.04168

         408      421    409      0   Z-then-X     0.07129
                                                  -0.11551  0.00000  0.05497
                                                  -0.44173
                                                   0.00000 -0.55975
                                                   0.11475  0.00000  1.00148

         409      408    408      0   Bisector     0.13355
                                                   0.00000  0.00000  0.13875
                                                   0.11992
                                                   0.00000  0.40247
                                                   0.00000  0.00000 -0.52239

         417      416    402      0   Z-then-X     0.10354
                                                  -0.02158  0.00000 -0.19802
                                                   0.08819
                                                   0.00000 -0.04637
                                                  -0.02524  0.00000 -0.04182

         426      401    416      0   Z-then-X    -0.74142
                                                   0.11063  0.00000 -0.18425
                                                  -0.42692
                                                   0.00000  0.17720
                                                   0.17485  0.00000  0.24972

         425      407    415      0   Z-then-X     0.02516
                                                   0.01909  0.00000 -0.15119
                                                   0.05050
                                                   0.00000  0.03066
                                                   0.01568  0.00000 -0.08116

         423      415    412      0   Z-then-X     0.00645
                                                   0.00439  0.00000 -0.09496
                                                   0.09971
                                                   0.00000 -0.06697
                                                   0.00577  0.00000 -0.03274

         424      412      0      0   Z-Only       0.00454
                                                   0.00000  0.00000 -0.16658
                                                   0.03262
                                                   0.00000  0.03262
                                                   0.00000  0.00000 -0.06524

         420      410    408      0   Z-then-X     0.03640
                                                  -0.02242  0.00000 -0.17528
                                                   0.21163
                                                   0.00000 -0.09444
                                                   0.03115  0.00000 -0.11719

         421      408    409      0   Z-then-X    -0.00436
                                                   0.03126  0.00000 -0.09264
                                                   0.07307
                                                   0.00000 -0.08005
                                                   0.00977  0.00000  0.00698

         411      422    422      0   Bisector    -0.31684
                                                   0.00000  0.00000  0.36037
                                                   0.58476
                                                   0.00000 -1.02178
                                                   0.00000  0.00000  0.43702

         418      404    402      0   Z-then-X     0.04259
                                                   0.02483  0.00000 -0.17338
                                                   0.18997
                                                   0.00000 -0.04483
                                                   0.04865  0.00000 -0.14514

         427      402    416      0   Z-then-X     0.02618
                                                  -0.01871  0.00000 -0.19104
                                                   0.13299
                                                   0.00000 -0.01346
                                                   0.00374  0.00000 -0.11953

         422      411    422      0   Z-then-X     0.10108
                                                  -0.03571  0.00000 -0.14933
                                                  -0.07847
                                                   0.00000  0.11251
                                                   0.03167  0.00000 -0.03404

 Additional Atomic Dipole Polarizability Parameters :

     Atom Type           Alpha       Thole     Group Atom Types

         405             2.064       0.390         404  401
         403             1.415       0.390
         413             1.185       0.390         419
         406             2.064       0.390         410
         419             0.457       0.390         413
         404             2.064       0.390         405  402  418
         416             1.243       0.390         401  402  417
         401             2.064       0.390         405  416  426
         402             2.064       0.390         404  416  427
         414             2.064       0.390         407
         407             2.064       0.390         414  415  425
         415             2.064       0.390         407  412  423
         412             2.064       0.390         415  424
         410             2.064       0.390         406  408  420
         408             2.064       0.390         410  409  421
         409             2.064       0.390         408
         417             0.457       0.390         416
         426             0.914       0.390         401
         425             0.432       0.390         407
         423             0.432       0.390         415
         424             0.432       0.390         412
         420             0.432       0.390         410
         421             0.432       0.390         408
         411             1.185       0.390         422
         418             0.432       0.390         404
         427             0.432       0.390         402
         422             0.457       0.390         411

 Additional van der Waals Parameters :

     Atom Class               Size        Epsilon        Reduction

         405                4.1200         0.1010          0.000
         403                3.8200         0.1060          0.000
         404                3.8200         0.1060          0.000
         401                3.8200         0.1060          0.000
         402                3.8200         0.1060          0.000
         418                2.8000         0.0260          0.910
         427                2.8000         0.0260          0.910
         426                3.3000         0.1120          0.000
         413                3.7100         0.1100          0.000
         416                3.7100         0.1100          0.000
         419                2.5900         0.0220          0.900
         417                2.5900         0.0220          0.900
         412                3.7800         0.1060          0.000
         414                3.8000         0.0910          0.000
         407                3.8000         0.0910          0.000
         415                3.8000         0.0910          0.000
         408                3.8000         0.0910          0.000
         409                3.8000         0.0910          0.000
         423                2.9800         0.0260          0.920
         424                2.9800         0.0260          0.920
         420                2.9800         0.0260          0.920
         421                2.9800         0.0260          0.920
         410                3.8000         0.1010          0.000
         411                3.7100         0.1100          0.000
         422                2.5900         0.0220          0.900
         406                3.6500         0.1010          0.000
         425                2.6550         0.0135          0.910

 Additional Solvation Parameters :

     Atom Type                PB Size     CS Size     GK Size

         425             2.5740      2.7580      2.9054
         423             2.5740      2.7580      2.9054
         424             2.5740      2.7580      2.9054
         420             2.5740      2.7580      2.9054
         421             2.5740      2.7580      2.9054
         418             2.5740      2.7580      2.9054
         427             2.5740      2.7580      2.9054
         419             2.9089      2.8360      3.5214
         417             3.6491      3.4040      2.9894
         422             2.9089      2.8360      3.5214
         407             3.8585      3.7660      3.8448
         410             3.8286      3.8930      4.5084
         408             3.8286      3.8930      4.5084
         401             2.9301      4.5060      4.2118
         406             3.8286      3.8930      4.5084
         414             3.6909      3.7660      4.4258
         415             3.8286      3.8930      4.5084
         412             3.8286      3.8930      4.5084
         409             3.6909      3.7660      4.4258
         405             2.9301      4.5060      4.2118
         403             2.9301      4.5060      4.2118
         404             2.9301      4.5060      4.2118
         402             2.9301      4.5060      4.2118
         416             2.8836      2.9900      3.2180
         413             3.7100      3.4980      3.7307
         411             3.4243      3.4910      4.2676
         426             2.9835      3.3560      2.9616

 Limited Memory BFGS Quasi-Newton Optimization :

 QN Iter     F Value      G RMS      F Move   X Move   Angle  FG Call  Comment

     0       89.5295   128.0292                                   1
     1       41.6086    48.7290     47.9209   0.0182    0.00      3    Success 
     2       31.7847    29.5092      9.8239   0.0083   20.02      4    Success 
     3       25.3628    12.6348      6.4220   0.0114   25.19      5    Success 
     4       23.5864    11.9038      1.7763   0.0068   26.52      6    Success 
     5       21.9544     9.2316      1.6320   0.0083   48.75      7    Success 
     6       20.1944     8.6780      1.7600   0.0119   48.10      8    Success 
     7       18.8610    10.1667      1.3333   0.0143   55.75      9    Success 
     8       17.9523     6.2608      0.9088   0.0073   61.60     10    Success 
     9       17.0253     6.5405      0.9270   0.0096   54.84     11    Success 
    10       15.7018     7.6490      1.3235   0.0168   62.93     12    Success 
    11       15.0152    11.7358      0.6867   0.0143   69.58     14    Success 
    12       14.0212     6.8617      0.9939   0.0140   76.57     15    Success 
    13       13.1414     4.8560      0.8799   0.0141   69.18     16    Success 
    14       12.3291     5.2977      0.8123   0.0143   63.93     17    Success 
    15       11.2852     5.8423      1.0439   0.0211   67.99     18    Success 
    16       10.6404    10.4631      0.6448   0.0306   71.07     19    Success 
    17        9.7337     4.4275      0.9067   0.0052   49.15     20    Success 
    18        9.1225     4.5485      0.6112   0.0079   46.62     21    Success 
    19        8.5280     5.0867      0.5945   0.0134   69.20     22    Success 
    20        7.6562     4.9955      0.8718   0.0225   73.21     23    Success 
    21        7.0152     6.9363      0.6410   0.0376   75.06     24    Success 
    22        6.3939     3.4048      0.6212   0.0092   65.08     25    Success 
    23        6.0988     4.5791      0.2952   0.0079   61.08     26    Success 
    24        5.8192     6.3371      0.2796   0.0137   74.87     27    Success 
    25        5.5161     3.8781      0.3030   0.0068   75.99     28    Success 
    26        5.0698     4.0066      0.4463   0.0126   69.88     29    Success 
    27        4.5631     5.8053      0.5067   0.0193   75.95     30    Success 
    28        3.9940     9.9553      0.5691   0.0280   80.02     31    Success 
    29        3.4851     6.7721      0.5088   0.0299   83.90     32    Success 
    30        3.1542     3.0482      0.3309   0.0041   62.33     33    Success 
    31        2.9700     2.9301      0.1842   0.0037   41.93     34    Success 
    32        2.8361     3.1315      0.1339   0.0054   72.88     35    Success 
    33        2.6406     2.6239      0.1955   0.0073   71.03     36    Success 
    34        2.4636     3.9809      0.1771   0.0194   77.65     37    Success 
    35        2.3733     3.9118      0.0903   0.0069   75.99     38    Success 
    36        2.2864     2.4444      0.0869   0.0030   74.55     39    Success 
    37        2.1597     1.8391      0.1267   0.0050   66.65     40    Success 
    38        2.0247     2.0267      0.1350   0.0079   68.62     41    Success 
    39        1.8728     2.8924      0.1520   0.0169   77.76     42    Success 
    40        1.7257     2.9267      0.1471   0.0138   77.81     43    Success 
    41        1.6067     1.9485      0.1189   0.0054   71.68     44    Success 
    42        1.5048     2.0738      0.1019   0.0060   70.35     45    Success 
    43        1.3711     2.1686      0.1338   0.0081   70.96     46    Success 
    44        1.3188     3.2413      0.0523   0.0146   76.38     47    Success 
    45        1.2398     1.6682      0.0790   0.0012   40.10     48    Success 
    46        1.1832     1.1167      0.0566   0.0021   44.92     49    Success 
    47        1.1576     2.0639      0.0256   0.0035   71.53     50    Success 
    48        1.1246     1.3666      0.0330   0.0037   80.50     51    Success 
    49        1.0930     0.7675      0.0316   0.0047   77.98     52    Success 
    50        1.0742     0.9037      0.0188   0.0029   70.62     53    Success 
    51        1.0667     2.4924      0.0075   0.0034   70.08     54    Success 
    52        1.0546     1.4742      0.0121   0.0006   74.75     55    Success 
    53        1.0419     0.6236      0.0128   0.0013   72.14     56    Success 
    54        1.0375     0.6906      0.0043   0.0006   67.78     57    Success 
    55        1.0300     0.6848      0.0075   0.0009   67.91     58    Success 
    56        1.0177     0.6947      0.0123   0.0017   68.98     59    Success 
    57        1.0046     1.1150      0.0130   0.0029   70.39     60    Success 
    58        0.9948     0.5067      0.0098   0.0024   78.96     61    Success 
    59        0.9910     0.4388      0.0038   0.0009   72.74     62    Success 
    60        0.9851     0.4403      0.0059   0.0010   60.64     63    Success 
    61        0.9774     0.5720      0.0077   0.0019   66.40     64    Success 
    62        0.9737     0.6762      0.0037   0.0023   76.38     65    Success 
    63        0.9699     0.2999      0.0038   0.0005   59.90     66    Success 
    64        0.9677     0.2612      0.0021   0.0004   47.08     67    Success 
    65        0.9653     0.3291      0.0024   0.0008   63.51     68    Success 
    66        0.9631     0.4887      0.0022   0.0012   70.65     69    Success 
    67        0.9608     0.2564      0.0023   0.0009   78.09     70    Success 
    68        0.9588     0.2431      0.0020   0.0009   70.38     71    Success 
    69        0.9566     0.3641      0.0022   0.0011   71.36     72    Success 
    70        0.9545     0.5625      0.0021   0.0015   76.88     73    Success 
    71        0.9520     0.3018      0.0026   0.0008   78.05     74    Success 
    72        0.9496     0.2973      0.0024   0.0009   70.23     75    Success 
    73        0.9476     0.3068      0.0020   0.0009   74.44     76    Success 
    74        0.9450     0.4499      0.0027   0.0015   75.51     77    Success 
    75        0.9431     0.4652      0.0019   0.0022   81.52     78    Success 
    76        0.9420     0.1847      0.0012   0.0003   70.48     79    Success 
    77        0.9414     0.2374      0.0006   0.0002   54.82     80    Success 
    78        0.9404     0.2799      0.0009   0.0004   70.08     81    Success 
    79        0.9389     0.2926      0.0016   0.0008   76.20     82    Success 
    80        0.9371     0.5602      0.0017   0.0014   77.99     83    Success 
    81        0.9345     0.3787      0.0027   0.0018   84.41     84    Success 
    82        0.9313     0.2577      0.0032   0.0026   82.74     85    Success 
    83        0.9283     0.3244      0.0030   0.0027   80.14     86    Success 
    84        0.9251     0.4753      0.0032   0.0030   80.65     87    Success 
    85        0.9228     0.4555      0.0023   0.0021   81.96     88    Success 
    86        0.9207     0.2845      0.0021   0.0004   67.02     89    Success 
    87        0.9178     0.2781      0.0028   0.0009   63.63     90    Success 
    88        0.9149     0.3171      0.0029   0.0021   79.58     91    Success 
    89        0.9132     0.6061      0.0017   0.0040   82.77     92    Success 
    90        0.9108     0.2794      0.0024   0.0015   83.83     93    Success 
    91        0.9093     0.2202      0.0014   0.0013   80.36     94    Success 
    92        0.9083     0.3794      0.0010   0.0014   81.58     95    Success 
    93        0.9067     0.3261      0.0015   0.0018   85.28     96    Success 
    94        0.9043     0.3094      0.0024   0.0019   82.26     97    Success 
    95        0.9013     0.3700      0.0031   0.0032   82.29     98    Success 
    96        0.8979     0.3074      0.0034   0.0029   81.45     99    Success 
    97        0.8967     0.7915      0.0012   0.0018   79.58    100    Success 
    98        0.8947     0.4142      0.0019   0.0005   79.74    101    Success 
    99        0.8928     0.2603      0.0019   0.0009   77.22    102    Success 
   100        0.8916     0.3053      0.0013   0.0013   82.50    103    Success 
   101        0.8895     0.3122      0.0021   0.0020   83.28    104    Success 
   102        0.8874     0.5308      0.0021   0.0040   84.65    105    Success 
   103        0.8848     0.2340      0.0026   0.0022   84.31    106    Success 
   104        0.8838     0.1533      0.0010   0.0009   79.91    107    Success 
   105        0.8830     0.2426      0.0008   0.0015   80.40    108    Success 
   106        0.8822     0.2359      0.0008   0.0004   72.10    109    Success 
   107        0.8812     0.2045      0.0011   0.0009   79.10    110    Success 
   108        0.8806     0.4399      0.0006   0.0022   82.46    111    Success 
   109        0.8797     0.1987      0.0008   0.0002   65.81    112    Success 
   110        0.8792     0.1538      0.0005   0.0004   75.55    113    Success 
   111        0.8787     0.1882      0.0005   0.0007   79.92    114    Success 
   112        0.8779     0.1953      0.0008   0.0011   82.05    115    Success 
   113        0.8768     0.2263      0.0011   0.0014   81.05    116    Success 
   114        0.8762     0.4978      0.0006   0.0028   84.35    117    Success 
   115        0.8755     0.1885      0.0008   0.0002   72.18    118    Success 
   116        0.8750     0.1464      0.0004   0.0003   72.17    119    Success 
   117        0.8747     0.1793      0.0003   0.0002   69.06    120    Success 
   118        0.8742     0.1899      0.0005   0.0005   78.77    121    Success 
   119        0.8734     0.2084      0.0008   0.0007   78.15    122    Success 
   120        0.8725     0.2980      0.0009   0.0019   83.28    123    Success 
   121        0.8721     0.1455      0.0004   0.0007   84.40    125    Success 
   122        0.8719     0.0807      0.0002   0.0004   81.32    126   SmallGrad

 LBFGS  --  Normal Termination due to SmallGrad

 Final Function Value :            0.87187950
 Final RMS Gradient :              0.08071074
 Final Gradient Norm :             0.48426441
