
     ######################################################################
   ##########################################################################
  ###                                                                      ###
 ###            Tinker  ---  Software Tools for Molecular Design            ###
 ##                                                                          ##
 ##                          Version 8.8  June 2020                          ##
 ##                                                                          ##
 ##               Copyright (c)  Jay William Ponder  1990-2020               ##
 ###                           All Rights Reserved                          ###
  ###                                                                      ###
   ##########################################################################
     ######################################################################


 Additional Atom Definition Parameters :

     Type  Class  Symbol  Description               Atomic    Mass   Valence

     404    404     N     aniline                      7     14.007     3
     401    401     C     aniline                      6     12.011     3
     403    403     C     aniline                      6     12.011     3
     402    402     C     aniline                      6     12.011     3
     405    405     C     aniline                      6     12.011     3
     406    406     H     aniline                      1      1.008     1
     408    408     H     aniline                      1      1.008     1
     409    409     H     aniline                      1      1.008     1
     407    407     H     aniline                      1      1.008     1

 Additional Bond Stretching Parameters :

     Atom Classes             K(S)         Length

       404 407             520.000         1.0107
       401 404             250.000         1.3993
       401 403             610.900         1.4001
       402 403             610.900         1.3897
       403 406             370.500         1.0876
       402 405             610.900         1.3923
       402 408             370.500         1.0863
       405 409             370.500         1.0855

 Additional Angle Bending Parameters :

     Atom Classes             K(B)          Angle

     407 404 407            35.000        110.930
     401 404 407            35.000        114.254

 Additional In-Plane Angle Bending Parameters :

     Atom Classes             K(B)          Angle

     401 403 402            64.670        120.416
     403 402 405            64.670        120.751
     403 401 403            64.670        118.725
     403 401 404            60.000        120.606
     402 405 402            64.670        118.940
     402 403 406            32.000        120.037
     401 403 406            32.000        119.545
     405 402 408            32.000        120.005
     403 402 408            32.000        119.243
     402 405 409            32.000        120.524

 Additional Stretch-Bend Parameters :

     Atom Classes          K(SB)-1        K(SB)-2

     401 403 402            18.700         18.700
     403 402 405            18.700         18.700
     403 401 403            18.700         18.700
     403 401 404            18.700         18.700
     402 405 402            18.700         18.700
     402 403 406            11.500         18.700
     401 403 406            11.500         18.700
     405 402 408            11.500         18.700
     403 402 408            11.500         18.700
     402 405 409            11.500         18.700
     401 404 407             4.300          7.200
     407 404 407             4.300          7.200

 Additional Out-of-Plane Bend Parameters :

     Atom Classes                   K(OPB)

     401 403   0   0                14.388
     402 403   0   0                14.388
     402 405   0   0                14.388
     403 401   0   0                14.388
     403 402   0   0                14.388
     404 401   0   0                14.400
     405 402   0   0                14.388
     406 403   0   0                15.107
     408 402   0   0                15.107
     409 405   0   0                15.107

 Additional Torsional Parameters :

     Atom Classes     1-Fold    2-Fold    3-Fold    4-Fold    5-Fold    6-Fold

   404 401 403 402   0.00   0 14.00 180  0.00   0  0.00   0  0.00   0  0.00   0
   404 401 403 406   0.00   0 14.00 180  0.00   0  0.00   0  0.00   0  0.00   0
   405 402 403 401  -0.67   0  4.00 180  0.00   0  0.00   0  0.00   0  0.00   0
   408 402 403 401   0.55   0  4.53 180 -0.55   0  0.00   0  0.00   0  0.00   0
   403 402 405 409   0.55   0  4.53 180 -0.55   0  0.00   0  0.00   0  0.00   0
   403 402 405 402  -0.67   0  4.00 180  0.00   0  0.00   0  0.00   0  0.00   0
   403 401 403 402  -0.67   0  4.00 180  0.00   0  0.00   0  0.00   0  0.00   0
   403 401 403 406   0.55   0  4.53 180 -0.55   0  0.00   0  0.00   0  0.00   0
   403 401 404 407   0.00   0 -0.92 180  0.00   0  0.00   0  0.00   0  0.00   0
   408 402 405 402   0.55   0  4.53 180 -0.55   0  0.00   0  0.00   0  0.00   0
   405 402 403 406   0.55   0  4.53 180 -0.55   0  0.00   0  0.00   0  0.00   0
   408 402 403 406   0.00   0  4.07 180  0.00   0  0.00   0  0.00   0  0.00   0
   408 402 405 409   0.00   0  4.07 180  0.00   0  0.00   0  0.00   0  0.00   0

 Additional van der Waals Parameters :

     Atom Class               Size        Epsilon        Reduction

         404                3.7100         0.1050          0.000
         401                3.8000         0.0910          0.000
         403                3.8000         0.0910          0.000
         402                3.8000         0.0910          0.000
         405                3.8000         0.0910          0.000
         406                2.9800         0.0260          0.920
         408                2.9800         0.0260          0.920
         409                2.9800         0.0260          0.920
         407                2.7000         0.0200          0.910

 Additional Atomic Multipole Parameters :

     Atom Type     Coordinate Frame Definition         Multipole Moments

         404      401    407    407   Z-Bisect    -0.31329
                                                   0.00000  0.00000  0.36785
                                                  -0.62093
                                                   0.00000  0.38994
                                                   0.00000  0.00000  0.23099

         401      404    403      0   Z-then-X     0.27123
                                                   0.00000  0.00000  0.56063
                                                  -0.23090
                                                   0.00000 -0.01538
                                                   0.00000  0.00000  0.24628

         403      401    402      0   Z-then-X    -0.06646
                                                  -0.06105  0.00000  0.05585
                                                   0.06029
                                                   0.00000 -0.38072
                                                  -0.02587  0.00000  0.32043

         402      403    405      0   Z-then-X     0.06423
                                                   0.09745  0.00000  0.04562
                                                   0.13826
                                                   0.00000 -0.14037
                                                   0.14297  0.00000  0.00211

         405      402    402      0   Bisector    -0.05562
                                                   0.00000  0.00000 -0.02643
                                                   0.24775
                                                   0.00000 -0.38064
                                                   0.00000  0.00000  0.13289

         406      403    401      0   Z-then-X    -0.00942
                                                  -0.04957  0.00000 -0.17345
                                                  -0.01385
                                                   0.00000  0.08688
                                                  -0.01604  0.00000 -0.07303

         408      402    403      0   Z-then-X     0.00224
                                                   0.00147  0.00000 -0.16073
                                                   0.12916
                                                   0.00000 -0.04164
                                                  -0.01034  0.00000 -0.08752

         409      405    402      0   Z-then-X    -0.00496
                                                   0.00000  0.00000 -0.17463
                                                   0.07435
                                                   0.00000  0.01448
                                                   0.00000  0.00000 -0.08883

         407      404    401      0   Z-then-X     0.06073
                                                  -0.13722  0.00000 -0.48605
                                                   0.23006
                                                   0.00000  0.26390
                                                  -0.08829  0.00000 -0.49396

 Additional Atomic Dipole Polarizability Parameters :

     Atom Type           Alpha       Thole     Group Atom Types

         404             1.073       0.390         401  407
         401             1.750       0.390         404  403
         403             1.750       0.390         401  402  406
         402             1.750       0.390         403  405  408
         405             1.750       0.390         402  409
         406             0.696       0.390         403
         408             0.696       0.390         402
         409             0.696       0.390         405
         407             0.496       0.390         404

 Limited Memory BFGS Quasi-Newton Optimization :

 QN Iter     F Value      G RMS      F Move   X Move   Angle  FG Call  Comment

     0        3.6167     6.0459                                   1
     1        3.4251     4.5519      0.1916   0.0046    0.00      3    Success 
     2        3.3061     3.4219      0.1190   0.0027   36.74      4    Success 
     3        3.1562     3.1404      0.1499   0.0060   34.65      5    Success 
     4        3.1089     3.7731      0.0473   0.0073   52.96      6    Success 
     5        3.0710     1.4155      0.0380   0.0014   33.95      7    Success 
     6        3.0542     1.2290      0.0168   0.0011   17.83      8    Success 
     7        3.0289     1.3443      0.0253   0.0026   40.69      9    Success 
     8        3.0085     0.9540      0.0203   0.0038   62.41     10    Success 
     9        3.0064     0.8916      0.0022   0.0007   62.43     12    Success 
    10        3.0033     0.4751      0.0031   0.0009   68.36     13    Success 
    11        3.0007     0.5038      0.0025   0.0008   52.07     14    Success 
    12        2.9977     0.6884      0.0030   0.0012   60.97     15    Success 
    13        2.9935     0.6487      0.0042   0.0018   71.21     16    Success 
    14        2.9909     1.3081      0.0027   0.0030   72.06     17    Success 
    15        2.9870     0.6149      0.0039   0.0010   73.48     18    Success 
    16        2.9847     0.2702      0.0023   0.0009   63.26     19    Success 
    17        2.9839     0.2933      0.0008   0.0006   63.12     20    Success 
    18        2.9826     0.2609      0.0013   0.0009   66.24     21    Success 
    19        2.9811     0.4629      0.0016   0.0016   64.08     22    Success 
    20        2.9792     0.2215      0.0019   0.0021   76.54     23    Success 
    21        2.9784     0.1788      0.0008   0.0009   65.82     24    Success 
    22        2.9781     0.3478      0.0003   0.0010   59.17     25    Success 
    23        2.9778     0.1419      0.0004   0.0001   43.93     26    Success 
    24        2.9777     0.0707      0.0001   0.0002   60.26     27   SmallGrad

 LBFGS  --  Normal Termination due to SmallGrad

 Final Function Value :            2.9777
 Final RMS Gradient :              0.0707
 Final Gradient Norm :             0.2647
