
     ######################################################################
   ##########################################################################
  ###                                                                      ###
 ###            Tinker  ---  Software Tools for Molecular Design            ###
 ##                                                                          ##
 ##                      Version 8.10.5   February 2023                      ##
 ##                                                                          ##
 ##               Copyright (c)  Jay William Ponder  1990-2023               ##
 ###                           All Rights Reserved                          ###
  ###                                                                      ###
   ##########################################################################
     ######################################################################


 Additional Atom Definition Parameters :

     Type  Class  Symbol  Description               Atomic    Mass   Valence

      413   413     H     1_16_Index_0                 1      1.008     1
      401   401     N     1_16_Index_0                 7     14.007     3
      402   402     C     1_16_Index_0                 6     12.011     3
      403   403     C     1_16_Index_0                 6     12.011     3
      404   404     C     1_16_Index_0                 6     12.011     3
      405   405     C     1_16_Index_0                 6     12.011     3
      406   406     N     1_16_Index_0                 7     14.007     3
      407   407     C     1_16_Index_0                 6     12.011     3
      408   408     C     1_16_Index_0                 6     12.011     3
      409   409     C     1_16_Index_0                 6     12.011     3
      410   410     C     1_16_Index_0                 6     12.011     3
      411   411     C     1_16_Index_0                 6     12.011     3
      414   414     H     1_16_Index_0                 1      1.008     1
      415   415     H     1_16_Index_0                 1      1.008     1
      412   412     O     1_16_Index_0                 8     15.999     1
      416   416     H     1_16_Index_0                 1      1.008     1
      417   417     H     1_16_Index_0                 1      1.008     1
      418   418     H     1_16_Index_0                 1      1.008     1
      419   419     H     1_16_Index_0                 1      1.008     1
      420   420     H     1_16_Index_0                 1      1.008     1

 Additional Bond Stretching Parameters :

     Atom Classes             K(S)         Length

       404 405             262.607         1.3700
       407 409             485.389         1.3600
       420 404             369.310         1.0900
       418 409             365.162         1.0800
       412 408             558.795         1.2500
       401 404             349.116         1.3500
       401 402             312.698         1.4000
       417 407             365.162         1.0800
       405 407             250.065         1.4400
       405 408             271.073         1.4600
       413 401             451.428         1.0300
       403 402             379.094         1.4000
       411 410             379.094         1.4000
       414 403             368.093         1.0900
       416 410             368.093         1.0900
       410 403             379.094         1.3900
       408 406             363.157         1.3800
       409 406             316.061         1.4000
       415 406             470.188         1.0100
       419 411             368.093         1.0900

 Additional Angle Bending Parameters :

     Atom Classes             K(B)          Angle

     404 405 407            79.054        130.640
     404 405 408            79.054        121.540
     407 405 408            83.613        107.780

 Additional In-Plane Angle Bending Parameters :

     Atom Classes             K(B)          Angle

     401 404 405            71.736        120.421
     401 402 403            78.023        120.170
     402 401 404            51.860        126.720
     405 407 409            61.873        107.030
     405 404 420            52.687        121.320
     405 408 406            57.888        104.580
     406 409 407            71.989        109.580
     407 409 418            57.301        130.010
     408 406 409            47.799        111.020
     409 407 417            57.301        126.030
     401 404 420            63.217        116.890
     406 409 418            33.508        120.410
     406 408 412           109.448        126.330
     405 407 417            29.472        126.930
     412 408 405            51.798        129.080
     413 401 404            51.541        111.537
     413 401 402            40.046        122.338
     419 411 410            36.770        120.300
     410 403 402            74.631        119.900
     403 402 403            74.631        119.650
     411 410 403            74.631        120.570
     410 411 410            74.631        119.390
     414 403 402            36.770        119.940
     414 403 410            36.770        120.140
     416 410 411            36.770        120.130
     403 410 416            36.770        119.290
     415 406 408            47.179        122.680
     415 406 409            37.409        126.300

 Additional Stretch-Bend Parameters :

     Atom Classes          K(SB)-1        K(SB)-2

     401 404 405            33.394         33.394
     401 402 403            20.453         20.453
     402 401 404            11.141         11.141
     404 405 407            20.453         20.453
     404 405 408            20.453         20.453
     405 407 409            34.200         34.200
     405 404 420            33.394         33.394
     405 408 406             8.175          8.175
     406 409 407            34.200         34.200
     407 405 408            20.453         20.453
     407 409 418            34.200         34.200
     408 406 409            10.268         10.268
     409 407 417            34.200         34.200
     401 404 420             7.629          7.629
     406 409 418            34.200         34.200
     406 408 412            25.988         25.988
     405 407 417            34.200         34.200
     412 408 405             8.175          8.175
     413 401 404            10.880         10.880
     413 401 402            22.688         22.688
     419 411 410            20.453         20.453
     410 403 402            20.453         20.453
     403 402 403            20.453         20.453
     411 410 403            20.453         20.453
     410 411 410            20.453         20.453
     414 403 402            20.453         20.453
     414 403 410            20.453         20.453
     416 410 411            20.453         20.453
     403 410 416            20.453         20.453
     415 406 408             9.932          9.932
     415 406 409            11.085         11.085

 Additional Torsional Parameters :

     Atom Classes     1-Fold    2-Fold    3-Fold    4-Fold    5-Fold    6-Fold

   405 404 401 413   0.55   0  6.19 180 -0.55   0  0.00   0  0.00   0  0.00   0
   407 405 404 401   0.00   0  0.00 180  0.30   0  0.00   0  0.00   0  0.00   0
   408 405 404 401   0.00   0  0.00 180  0.30   0  0.00   0  0.00   0  0.00   0
   410 403 402 401  -0.67   0  6.29 180  0.00   0  0.00   0  0.00   0  0.00   0
   414 403 402 401   0.55   0  6.19 180 -0.55   0  0.00   0  0.00   0  0.00   0
   405 404 401 402   0.00   0  0.00 180  0.30   0  0.00   0  0.00   0  0.00   0
   420 404 401 402   0.55   0  6.19 180 -0.55   0  0.00   0  0.00   0  0.00   0
   404 401 402 403  -1.00   0  2.39 180 -1.00   0  0.00   0  0.00   0  0.00   0
   403 402 401 404  -1.00   0  2.39 180 -1.00   0  0.00   0  0.00   0  0.00   0
   409 407 405 404  -0.67   0  6.29 180  0.00   0  0.00   0  0.00   0  0.00   0
   417 407 405 404   0.55   0  6.19 180 -0.55   0  0.00   0  0.00   0  0.00   0
   406 408 405 404  -0.67   0  6.29 180  0.00   0  0.00   0  0.00   0  0.00   0
   412 408 405 404  -0.67   0  6.29 180  0.00   0  0.00   0  0.00   0  0.00   0
   406 409 407 405  -0.67   0  6.29 180  0.00   0  0.00   0  0.00   0  0.00   0
   418 409 407 405   0.55   0  6.19 180 -0.55   0  0.00   0  0.00   0  0.00   0
   409 406 408 405  -0.67   0  6.29 180  0.00   0  0.00   0  0.00   0  0.00   0
   415 406 408 405   0.55   0  6.19 180 -0.55   0  0.00   0  0.00   0  0.00   0
   407 405 408 406  -0.67   0  6.29 180  0.00   0  0.00   0  0.00   0  0.00   0
   417 407 409 406   0.55   0  6.19 180 -0.55   0  0.00   0  0.00   0  0.00   0
   420 404 405 407   0.55   0  6.19 180 -0.55   0  0.00   0  0.00   0  0.00   0
   412 408 405 407  -0.67   0  6.29 180  0.00   0  0.00   0  0.00   0  0.00   0
   408 406 409 407  -0.67   0  6.29 180  0.00   0  0.00   0  0.00   0  0.00   0
   415 406 409 407   0.55   0  6.19 180 -0.55   0  0.00   0  0.00   0  0.00   0
   409 407 405 408  -0.67   0  6.29 180  0.00   0  0.00   0  0.00   0  0.00   0
   417 407 405 408   0.55   0  6.19 180 -0.55   0  0.00   0  0.00   0  0.00   0
   420 404 405 408   0.55   0  6.19 180 -0.55   0  0.00   0  0.00   0  0.00   0
   418 409 406 408   0.55   0  6.19 180 -0.55   0  0.00   0  0.00   0  0.00   0
   412 408 406 409  -0.67   0  6.29 180  0.00   0  0.00   0  0.00   0  0.00   0
   418 409 407 417   0.00   0  6.36 180  0.00   0  0.00   0  0.00   0  0.00   0
   413 401 404 420   0.00   0  6.36 180  0.00   0  0.00   0  0.00   0  0.00   0
   415 406 409 418   0.00   0  6.36 180  0.00   0  0.00   0  0.00   0  0.00   0
   415 406 408 412   0.55   0  6.19 180 -0.55   0  0.00   0  0.00   0  0.00   0
   410 411 410 403  -0.67   0  6.29 180  0.00   0  0.00   0  0.00   0  0.00   0
   411 410 403 402  -0.67   0  6.29 180  0.00   0  0.00   0  0.00   0  0.00   0
   410 403 402 403  -0.67   0  6.29 180  0.00   0  0.00   0  0.00   0  0.00   0
   416 410 403 402   0.55   0  6.19 180 -0.55   0  0.00   0  0.00   0  0.00   0
   414 403 402 403   0.55   0  6.19 180 -0.55   0  0.00   0  0.00   0  0.00   0
   419 411 410 403   0.55   0  6.82 180 -0.55   0  0.00   0  0.00   0  0.00   0
   416 410 411 410   0.55   0 11.38 180 -0.55   0  0.00   0  0.00   0  0.00   0
   414 403 410 411   0.55   0 11.38 180 -0.55   0  0.00   0  0.00   0  0.00   0
   416 410 403 414   0.00   0  6.36 180  0.00   0  0.00   0  0.00   0  0.00   0
   419 411 410 416   0.00   0  6.36 180  0.00   0  0.00   0  0.00   0  0.00   0
   403 402 401 413   0.00   0  0.00 180  0.11   0  0.00   0  0.00   0  0.00   0

 Additional Atomic Multipole Parameters :

     Atom Type     Coordinate Frame Definition         Multipole Moments

         413      401    402      0   Z-then-X     0.20172
                                                  -0.04371  0.00000  0.01646
                                                   0.13259
                                                   0.00000 -0.07623
                                                  -0.07928  0.00000 -0.05636

         401      402    404      0   Z-then-X    -0.17681
                                                   0.04470  0.00000  0.10894
                                                   0.66923
                                                   0.00000 -0.73362
                                                   0.00905  0.00000  0.06439

         402      403    403      0   Bisector     0.09509
                                                   0.00000  0.00000 -0.16319
                                                  -0.32579
                                                   0.00000 -0.01902
                                                   0.00000  0.00000  0.34481

         403      402    410      0   Z-then-X    -0.07759
                                                  -0.14484  0.00000 -0.08192
                                                  -0.02875
                                                   0.00000 -0.11476
                                                  -0.16277  0.00000  0.14351

         404      401    405      0   Z-then-X     0.09340
                                                  -0.19187  0.00000  0.32139
                                                  -0.78273
                                                   0.00000  0.22177
                                                   0.40863  0.00000  0.56096

         405      408    404      0   Z-then-X    -0.13481
                                                   0.14144  0.00000 -0.17492
                                                   0.54832
                                                   0.00000 -0.30974
                                                   0.07942  0.00000 -0.23858

         406      408    409      0   Z-then-X    -0.25519
                                                   0.09419  0.00000 -0.12211
                                                   0.83837
                                                   0.00000 -0.84571
                                                   0.20693  0.00000  0.00734

         407      405    409      0   Z-then-X    -0.09439
                                                  -0.02138  0.00000  0.10604
                                                   0.25259
                                                   0.00000 -0.36805
                                                   0.44595  0.00000  0.11546

         408      412    406      0   Z-then-X     0.80827
                                                   0.11887  0.00000  0.28111
                                                  -0.06371
                                                   0.00000 -0.18534
                                                  -0.48190  0.00000  0.24905

         409      406    407      0   Z-then-X     0.11997
                                                   0.02128  0.00000  0.40413
                                                  -0.15855
                                                   0.00000 -0.49362
                                                   0.06387  0.00000  0.65217

         410      403    411      0   Z-then-X     0.08228
                                                   0.17318  0.00000  0.10669
                                                   0.43008
                                                   0.00000 -0.39828
                                                   0.37440  0.00000 -0.03180

         411      410    410      0   Bisector    -0.04513
                                                   0.00000  0.00000 -0.08194
                                                   0.22672
                                                   0.00000 -0.18114
                                                   0.00000  0.00000 -0.04558

         414      403    402      0   Z-then-X     0.01209
                                                  -0.01426  0.00000 -0.17616
                                                   0.07848
                                                   0.00000  0.00035
                                                  -0.01862  0.00000 -0.07883

         415      406    408      0   Z-then-X     0.10070
                                                   0.02130  0.00000 -0.18388
                                                   0.08419
                                                   0.00000 -0.03554
                                                   0.00361  0.00000 -0.04865

         412      408    406      0   Z-then-X    -0.81949
                                                   0.04237  0.00000 -0.16994
                                                  -0.54199
                                                   0.00000  0.25674
                                                   0.07375  0.00000  0.28525

         416      410    403      0   Z-then-X     0.00895
                                                  -0.00538  0.00000 -0.14821
                                                   0.10391
                                                   0.00000 -0.00513
                                                  -0.00108  0.00000 -0.09878

         417      407    405      0   Z-then-X     0.00573
                                                   0.01609  0.00000 -0.18308
                                                   0.15733
                                                   0.00000 -0.02164
                                                   0.03519  0.00000 -0.13569

         418      409    406      0   Z-then-X     0.02558
                                                  -0.02359  0.00000 -0.20358
                                                   0.14970
                                                   0.00000 -0.00725
                                                   0.00405  0.00000 -0.14245

         419      411    410      0   Z-then-X     0.00711
                                                  -0.00389  0.00000 -0.18143
                                                   0.09066
                                                   0.00000  0.00752
                                                  -0.00846  0.00000 -0.09818

         420      404    401      0   Z-then-X     0.01679
                                                  -0.01120  0.00000 -0.19196
                                                   0.08442
                                                   0.00000 -0.00233
                                                  -0.03050  0.00000 -0.08209

 Additional Charge Penetration Parameters :

     Atom Class           Core Chg           Damp

         413                 0.000         0.0000
         401                 0.000         0.0000
         402                 0.000         0.0000
         403                 0.000         0.0000
         404                 0.000         0.0000
         405                 0.000         0.0000
         406                 0.000         0.0000
         407                 0.000         0.0000
         408                 0.000         0.0000
         409                 0.000         0.0000
         410                 0.000         0.0000
         411                 0.000         0.0000
         414                 0.000         0.0000
         415                 0.000         0.0000
         412                 0.000         0.0000
         416                 0.000         0.0000
         417                 0.000         0.0000
         418                 0.000         0.0000
         419                 0.000         0.0000
         420                 0.000         0.0000

 Additional Atomic Dipole Polarizability Parameters :

     Atom Type           Alpha       Thole     Group Atom Types

         413             0.457       0.390         401
         401             1.185       0.390         413
         402             1.600       0.390         403
         403             1.600       0.390         402  410  414
         404             2.065       0.390         420
         405             2.065       0.390         407  408
         406             1.243       0.390         408  409  415
         407             2.065       0.390         405  409  417
         408             1.600       0.390         405  406  412
         409             2.065       0.390         406  407  418
         410             1.600       0.390         403  411  416
         411             1.600       0.390         410  419
         414             0.432       0.390         403
         415             0.457       0.390         406
         412             0.914       0.390         408
         416             0.432       0.390         410
         417             0.432       0.390         407
         418             0.432       0.390         409
         419             0.432       0.390         411
         420             0.432       0.390         404

 Additional van der Waals Parameters :

     Atom Class               Size        Epsilon        Reduction

         418                2.9300         0.0260          0.910
         420                2.9800         0.0240          0.920
         417                2.9800         0.0240          0.920
         419                2.9800         0.0260          0.920
         404                3.8200         0.1010          0.000
         408                3.8200         0.1060          0.000
         412                3.3000         0.1120          0.000
         401                3.7100         0.1100          0.000
         406                3.7100         0.1050          0.000
         413                2.7000         0.0200          0.910
         415                2.6500         0.0200          0.890
         409                3.8200         0.1010          0.000
         402                3.8000         0.0890          0.000
         410                3.8000         0.0890          0.000
         411                3.8000         0.0890          0.000
         414                2.9800         0.0260          0.920
         416                2.9800         0.0260          0.920
         405                3.8200         0.1010          0.000
         407                3.8200         0.1010          0.000
         403                3.8000         0.0890          0.000

 Additional Solvation Parameters :

     Atom Type                PB Size     CS Size     GK Size

         420             2.5740      2.7580      2.9054
         419             3.0020      2.6350      3.3763
         415             3.6491      3.4040      2.9894
         403             3.8585      3.7660      3.8448
         408             3.3967      3.2550      4.7385
         411             3.8286      3.8930      4.5084
         410             3.8286      3.8930      4.5084
         409             2.9301      4.5060      4.2118
         402             3.6909      3.7660      4.4258
         406             2.8836      2.9900      3.2180
         412             2.9835      3.3560      2.9616

 Limited Memory BFGS Quasi-Newton Optimization :

 QN Iter     F Value      G RMS      F Move   X Move   Angle  FG Call  Comment

     0      -12.8268    13.6543                                   1
     1      -13.9798    24.1702      1.1530   0.0083    0.00      3    Success 
     2      -14.1384    10.4037      0.1587   0.0010   55.47      5    Success 
     3      -14.2055     9.0895      0.0671   0.0008   63.30      6    Success 
     4      -14.3321     8.4952      0.1266   0.0007   24.91      7    Success 
     5      -14.5539     8.9604      0.2218   0.0016   38.91      8    Success 
     6      -14.9395     7.4206      0.3856   0.0030   46.86      9    Success 
     7      -15.5174     7.2376      0.5779   0.0067   49.99     10    Success 
     8      -15.6538     8.5619      0.1364   0.0031   59.87     12    Success 
     9      -15.8421     4.5703      0.1883   0.0045   72.93     13    Success 
    10      -15.9347     2.6177      0.0926   0.0033   68.84     14    Success 
    11      -16.0064     2.6874      0.0717   0.0028   56.74     15    Success 
    12      -16.0994     4.3577      0.0930   0.0039   55.86     16    Success 
    13      -16.1838     3.7537      0.0844   0.0048   71.44     17    Success 
    14      -16.2587     2.7815      0.0748   0.0025   65.54     18    Success 
    15      -16.3708     2.8476      0.1121   0.0044   59.56     19    Success 
    16      -16.5035     3.5625      0.1327   0.0073   68.25     20    Success 
    17      -16.6199     3.9385      0.1165   0.0087   75.90     21    Success 
    18      -16.6852     1.7912      0.0653   0.0058   79.26     22    Success 
    19      -16.7217     1.9917      0.0365   0.0025   64.06     23    Success 
    20      -16.7793     2.2343      0.0576   0.0036   64.58     24    Success 
    21      -16.8599     1.7415      0.0806   0.0065   70.68     25    Success 
    22      -16.8851     2.4221      0.0252   0.0064   71.02     26    Success 
    23      -16.9082     2.1080      0.0232   0.0010   37.38     27    Success 
    24      -16.9097     0.5125      0.0015   0.0002   68.51     29    Success 
    25      -16.9112     0.4411      0.0015   0.0006   74.22     30    Success 
    26      -16.9133     0.6190      0.0021   0.0004   42.23     31    Success 
    27      -16.9152     0.4774      0.0019   0.0006   68.00     32    Success 
    28      -16.9160     0.3284      0.0008   0.0004   76.54     33    Success 
    29      -16.9169     0.2818      0.0009   0.0006   70.61     34    Success 
    30      -16.9172     0.3430      0.0003   0.0002   61.45     35    Success 
    31      -16.9175     0.1426      0.0003   0.0001   65.55     36    Success 
    32      -16.9176     0.1384      0.0001   0.0001   65.01     37    Success 
    33      -16.9178     0.1217      0.0002   0.0001   55.39     38    Success 
    34      -16.9181     0.2029      0.0003   0.0002   54.48     39    Success 
    35      -16.9183     0.2173      0.0002   0.0004   72.36     40    Success 
    36      -16.9184     0.1031      0.0001   0.0001   65.62     41    Success 
    37      -16.9185     0.0961      0.0001   0.0001   60.68     42   SmallGrad

 LBFGS  --  Normal Termination due to SmallGrad

 Final Function Value :          -16.91850673
 Final RMS Gradient :              0.09605158
 Final Gradient Norm :             0.47055474
