
     ######################################################################
   ##########################################################################
  ###                                                                      ###
 ###            Tinker  ---  Software Tools for Molecular Design            ###
 ##                                                                          ##
 ##                      Version 8.10.2   February 2022                      ##
 ##                                                                          ##
 ##               Copyright (c)  Jay William Ponder  1990-2022               ##
 ###                           All Rights Reserved                          ###
  ###                                                                      ###
   ##########################################################################
     ######################################################################


 Additional Atom Definition Parameters :

     Type  Class  Symbol  Description               Atomic    Mass   Valence

      401   401     N     25_27_Index_0                7     14.007     3
      402   402     C     25_27_Index_0                6     12.011     3
      403   403     C     25_27_Index_0                6     12.011     4
      404   404     N     25_27_Index_0                7     14.007     3
      405   405     O     25_27_Index_0                8     15.999     1
      412   412     H     25_27_Index_0                1      1.008     1
      406   406     C     25_27_Index_0                6     12.011     3
      407   407     C     25_27_Index_0                6     12.011     3
      408   408     C     25_27_Index_0                6     12.011     3
      409   409     C     25_27_Index_0                6     12.011     3
      410   410     C     25_27_Index_0                6     12.011     4
      411   411     C     25_27_Index_0                6     12.011     4
      413   413     H     25_27_Index_0                1      1.008     1
      414   414     H     25_27_Index_0                1      1.008     1
      415   415     H     25_27_Index_0                1      1.008     1
      416   416     H     25_27_Index_0                1      1.008     1
      417   417     H     25_27_Index_0                1      1.008     1

 Additional Bond Stretching Parameters :

     Atom Classes             K(S)         Length

       405 402             601.800         1.2300
       406 401             400.000         1.4300
       402 401             363.157         1.3900
       410 401             299.018         1.4600
       403 402             283.862         1.5300
       412 403             340.533         1.1000
       404 403             216.461         1.3962
       411 404             283.795         1.4300
       409 406             379.094         1.4000
       408 407             379.094         1.3900
       417 407             368.093         1.0900
       409 408             379.094         1.3900
       413 408             368.093         1.0900
       414 409             368.093         1.0900
       415 410             345.979         1.0900
       416 411             345.979         1.1000

 Additional Angle Bending Parameters :

     Atom Classes             K(B)          Angle

     404 403 402            60.000        112.560
     411 404 403           103.600        107.963
     405 402 403            65.000        125.047
     401 402 405            76.980        124.045
     402 401 406            65.000        119.070
     406 401 410            65.000        117.450
     409 406 401            80.000        120.020
     403 402 401            57.869        110.905
     415 410 401            56.547        109.279
     410 401 402            93.856        120.721
     412 403 402            48.035        112.144
     412 403 404            57.278        107.183
     416 411 404            53.319        108.676
     412 403 412            30.491        108.562
     408 409 406            74.631        119.800
     414 409 406            36.770        119.840
     409 408 407            74.631        120.450
     413 408 407            36.770        120.110
     408 407 408            74.631        119.550
     417 407 408            36.770        120.230
     414 409 408            36.770        120.350
     413 408 409            36.770        119.430
     409 406 409            74.631        119.930
     411 404 411           102.978        107.332
     415 410 415            36.407        108.440
     416 411 416            36.407        110.242

 Additional Stretch-Bend Parameters :

     Atom Classes          K(SB)-1        K(SB)-2

     404 403 402             0.000          0.000
     411 404 403             7.200          7.200
     405 402 403             0.000          0.000
     401 402 405            18.700         18.700
     402 401 406             0.000          0.000
     406 401 410             0.000          0.000
     409 406 401             0.000          0.000
     403 402 401            25.988         25.988
     415 410 401             5.713          5.713
     410 401 402            25.952         25.952
     412 403 402             5.713          5.713
     412 403 404             5.713          5.713
     416 411 404             5.713          5.713
     412 403 412             5.713          5.713
     408 409 406            20.453         20.453
     414 409 406            20.453         20.453
     409 408 407            20.453         20.453
     413 408 407            20.453         20.453
     408 407 408            20.453         20.453
     417 407 408            20.453         20.453
     414 409 408            20.453         20.453
     413 408 409            20.453         20.453
     409 406 409            20.453         20.453
     411 404 411            22.688         22.688
     415 410 415             5.713          5.713
     416 411 416             5.713          5.713

 Additional Out-of-Plane Bend Parameters :

     Atom Classes                   K(OPB)

     402 401   0   0                21.717
     401 402   0   0                21.717
     410 401   0   0                 7.258
     403 402   0   0                94.522
     405 402   0   0                16.505
     409 406   0   0                84.886
     406 409   0   0                84.886
     408 407   0   0                84.886
     407 408   0   0                84.886
     417 407   0   0                72.814
     409 408   0   0                84.886
     408 409   0   0                84.886
     413 408   0   0                72.814
     414 409   0   0                72.814
     406 401   0   0                 3.600
     401 406   0   0                14.390

 Additional Torsional Parameters :

     Atom Classes     1-Fold    2-Fold    3-Fold    4-Fold    5-Fold    6-Fold

   405 402 403 404   0.00   0  0.00 180  0.00   0  0.00   0  0.00   0  0.00   0
   411 404 403 402   0.96   0 -0.15 180  0.77   0  0.00   0  0.00   0  0.00   0
   416 411 404 403   0.07   0 -0.01 180  0.56   0  0.00   0  0.00   0  0.00   0
   416 411 404 411   0.07   0 -0.01 180  0.56   0  0.00   0  0.00   0  0.00   0
   412 403 402 405   0.00   0  0.00 180  0.11   0  0.00   0  0.00   0  0.00   0
   412 403 402 401   0.00   0  0.00 180  0.11   0  0.00   0  0.00   0  0.00   0
   415 410 401 402   0.00   0  0.00 180 -0.13   0  0.00   0  0.00   0  0.00   0
   415 410 401 406   0.00   0  0.00 180  0.11   0  0.00   0  0.00   0  0.00   0
   401 406 409 408  -0.67   0  6.29 180  0.00   0  0.00   0  0.00   0  0.00   0
   406 401 402 403  -1.00   0  5.42 180  2.05   0  0.00   0  0.00   0  0.00   0
   410 401 402 403  -1.00   0  5.42 180  2.05   0  0.00   0  0.00   0  0.00   0
   405 402 401 406   1.00   0  5.67 180 -2.25   0  0.00   0  0.00   0  0.00   0
   405 402 401 410   1.00   0  5.67 180 -2.25   0  0.00   0  0.00   0  0.00   0
   407 408 409 406  -0.67   0  6.29 180  0.00   0  0.00   0  0.00   0  0.00   0
   409 408 407 408  -0.67   0  7.43 180  0.00   0  0.00   0  0.00   0  0.00   0
   409 406 409 408  -0.67   0  6.29 180  0.00   0  0.00   0  0.00   0  0.00   0
   413 408 409 406   0.55   0  6.19 180 -0.55   0  0.00   0  0.00   0  0.00   0
   414 409 408 407   0.55   0  7.96 180 -0.55   0  0.00   0  0.00   0  0.00   0
   413 408 407 408   0.55   0  7.96 180 -0.55   0  0.00   0  0.00   0  0.00   0
   417 407 408 409   0.55   0  7.96 180 -0.55   0  0.00   0  0.00   0  0.00   0
   414 409 406 409   0.55   0  6.19 180 -0.55   0  0.00   0  0.00   0  0.00   0
   417 407 408 413   0.00   0  7.50 180  0.00   0  0.00   0  0.00   0  0.00   0
   414 409 408 413   0.00   0  7.50 180  0.00   0  0.00   0  0.00   0  0.00   0
   404 403 402 401   0.00   0  0.00 180  0.00   0  0.00   0  0.00   0  0.00   0
   414 409 406 401   0.55   0  6.19 180 -0.55   0  0.00   0  0.00   0  0.00   0
   409 406 401 402  -0.15   0  0.24 180 -0.15   0  0.00   0  0.00   0  0.00   0
   411 404 403 412  -1.70   0  1.79 180 -0.68   0  0.00   0  0.00   0  0.00   0
   410 401 406 409  -0.13   0 -0.12 180  1.33   0  0.00   0  0.00   0  0.00   0

 Additional Atomic Multipole Parameters :

     Atom Type     Coordinate Frame Definition         Multipole Moments

         401      410    406      0   Z-then-X    -0.24973
                                                   0.12789  0.00000  0.03211
                                                  -0.29422
                                                   0.00000 -0.65830
                                                  -0.24142  0.00000  0.95252

         402      405    403      0   Z-then-X     0.81593
                                                  -0.13835  0.00000  0.10518
                                                   0.21474
                                                   0.00000 -0.33658
                                                   0.10436  0.00000  0.12184

         403      404    402      0   Z-then-X    -0.11672
                                                   0.23846  0.00000  0.06063
                                                  -0.21090
                                                   0.00000 -0.36268
                                                   0.02856  0.00000  0.57358

         404      403    411    411   Z-Bisect    -0.13969
                                                   0.23506  0.00000  0.09805
                                                  -1.06826
                                                   0.00000  0.21243
                                                  -0.69007  0.00000  0.85583

         405      402    403      0   Z-then-X    -0.73281
                                                  -0.04926  0.00000 -0.13133
                                                  -0.56039
                                                   0.00000  0.19836
                                                  -0.11696  0.00000  0.36203

         412      403    412      0   Z-then-X     0.03748
                                                   0.06038  0.00000 -0.11108
                                                   0.09470
                                                   0.00000  0.03848
                                                   0.09361  0.00000 -0.13318

         406      409    409      0   Bisector     0.02151
                                                   0.00000  0.00000 -0.27106
                                                  -0.30010
                                                   0.00000  0.03593
                                                   0.00000  0.00000  0.26417

         407      408    408      0   Bisector    -0.04737
                                                   0.00000  0.00000 -0.11257
                                                   0.24829
                                                   0.00000 -0.16785
                                                   0.00000  0.00000 -0.08044

         408      413    409      0   Z-then-X     0.06627
                                                   0.03182  0.00000 -0.08448
                                                  -0.22625
                                                   0.00000 -0.39351
                                                   0.03686  0.00000  0.61976

         409      414    408      0   Z-then-X    -0.04636
                                                  -0.01933  0.00000  0.02863
                                                   0.08093
                                                   0.00000 -0.11995
                                                  -0.05195  0.00000  0.03902

         410      401    406      0   Z-then-X    -0.05918
                                                   0.06073  0.00000  0.30978
                                                  -0.40204
                                                   0.00000 -0.27927
                                                   0.03774  0.00000  0.68131

         411      404    411      0   Z-then-X    -0.00694
                                                  -0.09892  0.00000  0.30865
                                                  -0.10521
                                                   0.00000 -0.39474
                                                  -0.10303  0.00000  0.49995

         413      408    409      0   Z-then-X     0.00777
                                                  -0.00715  0.00000 -0.11788
                                                   0.12448
                                                   0.00000 -0.06027
                                                   0.00015  0.00000 -0.06421

         414      409    408      0   Z-then-X     0.02306
                                                   0.03730  0.00000 -0.13613
                                                  -0.02714
                                                   0.00000  0.04557
                                                  -0.02756  0.00000 -0.01843

         415      410    401      0   Z-then-X     0.06646
                                                  -0.00593  0.00000 -0.08472
                                                   0.04252
                                                   0.00000  0.00439
                                                  -0.06862  0.00000 -0.04691

         416      411    404      0   Z-then-X     0.02366
                                                  -0.03591  0.00000 -0.15288
                                                   0.02757
                                                   0.00000  0.08837
                                                  -0.12290  0.00000 -0.11594

         417      407      0      0   Z-Only       0.00416
                                                   0.00000  0.00000 -0.16938
                                                   0.02966
                                                   0.00000  0.02966
                                                   0.00000  0.00000 -0.05932

 Additional Atomic Dipole Polarizability Parameters :

     Atom Type           Alpha       Thole     Group Atom Types

         401             1.243       0.390         402
         402             2.064       0.390         401  405
         403             1.620       0.390         404  412
         404             1.185       0.390         403  411
         405             0.914       0.390         402
         412             0.480       0.390         403
         406             2.064       0.390         409
         407             2.064       0.390         408  417
         408             2.064       0.390         407  409  413
         409             2.064       0.390         406  408  414
         410             1.620       0.390         415
         411             1.620       0.390         404  416
         413             0.432       0.390         408
         414             0.432       0.390         409
         415             0.480       0.390         410
         416             0.480       0.390         411
         417             0.432       0.390         407

 Additional van der Waals Parameters :

     Atom Class               Size        Epsilon        Reduction

         417                2.9800         0.0260          0.920
         410                3.8200         0.1010          0.000
         403                3.8200         0.1010          0.000
         411                3.8200         0.1010          0.000
         415                2.9800         0.0240          0.920
         412                2.9600         0.0220          0.920
         402                3.8200         0.1060          0.000
         405                3.3000         0.1120          0.000
         401                3.7100         0.1100          0.000
         416                2.9100         0.0330          0.900
         407                3.8000         0.0910          0.000
         409                3.8000         0.0910          0.000
         406                3.8000         0.0910          0.000
         413                2.9800         0.0260          0.920
         414                2.9800         0.0260          0.920
         404                3.7100         0.1050          0.000
         408                3.8000         0.1010          0.000

 Additional Solvation Parameters :

     Atom Type                PB Size     CS Size     GK Size

         413             2.5740      2.7580      2.9054
         414             2.5740      2.7580      2.9054
         417             2.5740      2.7580      2.9054
         415             2.2886      2.0030      2.6260
         412             3.0556      2.9960      4.0320
         416             3.0556      2.9960      4.0320
         409             3.8585      3.7660      3.8448
         402             2.9301      4.5060      4.2118
         406             3.6909      3.7660      4.4258
         407             3.8286      3.8930      4.5084
         408             3.8286      3.8930      4.5084
         410             3.5062      3.3090      4.5360
         411             3.5062      3.3090      4.5360
         403             3.3025      2.8540      4.9016
         401             2.8836      2.9900      3.2180
         404             2.8836      2.9900      3.2180
         405             2.9835      3.3560      2.9616

 Limited Memory BFGS Quasi-Newton Optimization :

 QN Iter     F Value      G RMS      F Move   X Move   Angle  FG Call  Comment

     0      116.2787   152.3153                                   1
     1       58.9075    33.1141     57.3712   0.0237    0.00      3    Success 
     2       54.2894    24.5388      4.6181   0.0057   11.70      4    Success 
     3       48.1651    11.5900      6.1243   0.0132   17.47      5    Success 
     4       46.0558    11.4729      2.1093   0.0123   22.10      6    Success 
     5       44.9813     8.6513      1.0745   0.0080   50.52      7    Success 
     6       43.8483     8.7583      1.1330   0.0080   50.50      8    Success 
     7       41.9829     8.0180      1.8654   0.0149   54.59      9    Success 
     8       39.8957    12.9265      2.0871   0.0297   58.53     10    Success 
     9       38.4324     8.0827      1.4633   0.0346   74.00     11    Success 
    10       37.4799     5.2630      0.9526   0.0056   31.15     12    Success 
    11       36.0952     4.3289      1.3847   0.0157   39.86     13    Success 
    12       34.9427     5.0208      1.1525   0.0253   58.90     14    Success 
    13       34.3566     6.9831      0.5861   0.0199   67.06     16    Success 
    14       33.5573     4.4146      0.7993   0.0200   75.22     17    Success 
    15       32.6900     3.5593      0.8673   0.0239   64.86     18    Success 
    16       32.3760     6.3059      0.3141   0.0176   62.11     19    Success 
    17       32.0275     2.8226      0.3485   0.0053   57.69     20    Success 
    18       31.8106     2.5910      0.2168   0.0049   47.43     21    Success 
    19       31.4837     3.5801      0.3270   0.0108   58.85     22    Success 
    20       30.9827     4.3189      0.5009   0.0197   72.00     23    Success 
    21       30.5626     7.7352      0.4202   0.0330   76.45     24    Success 
    22       29.9640     4.2726      0.5986   0.0209   80.04     25    Success 
    23       29.5590     6.1440      0.4050   0.0201   72.12     26    Success 
    24       29.3718     5.7146      0.1872   0.0119   75.49     27    Success 
    25       29.2538     2.5236      0.1180   0.0026   67.38     28    Success 
    26       29.1820     2.0209      0.0718   0.0022   53.22     29    Success 
    27       29.1110     2.3284      0.0710   0.0042   68.73     30    Success 
    28       28.9997     2.3083      0.1113   0.0070   73.10     31    Success 
    29       28.8569     3.0634      0.1428   0.0118   74.25     32    Success 
    30       28.8001     3.9336      0.0568   0.0145   77.66     33    Success 
    31       28.7191     1.6214      0.0810   0.0022   63.74     34    Success 
    32       28.6752     1.2915      0.0439   0.0025   56.56     35    Success 
    33       28.6397     1.4890      0.0355   0.0026   64.85     36    Success 
    34       28.5796     1.4883      0.0601   0.0051   72.04     37    Success 
    35       28.5116     2.2649      0.0680   0.0083   70.95     38    Success 
    36       28.4291     1.1003      0.0825   0.0124   80.74     39    Success 
    37       28.3928     1.0346      0.0363   0.0050   72.11     40    Success 
    38       28.3469     1.2523      0.0459   0.0070   70.53     41    Success 
    39       28.3100     1.5173      0.0369   0.0056   72.57     42    Success 
    40       28.2765     0.9863      0.0334   0.0039   73.24     43    Success 
    41       28.2539     0.6930      0.0226   0.0033   67.75     44    Success 
    42       28.2401     0.7731      0.0138   0.0024   66.48     45    Success 
    43       28.2218     0.9013      0.0183   0.0039   73.27     46    Success 
    44       28.2027     1.1881      0.0192   0.0053   75.34     47    Success 
    45       28.1863     1.3033      0.0164   0.0042   77.95     48    Success 
    46       28.1751     0.6712      0.0112   0.0015   72.87     49    Success 
    47       28.1673     0.5893      0.0078   0.0013   65.66     50    Success 
    48       28.1548     0.7610      0.0125   0.0023   67.43     51    Success 
    49       28.1360     0.7237      0.0188   0.0040   74.34     52    Success 
    50       28.1111     1.2275      0.0249   0.0075   76.58     53    Success 
    51       28.0840     0.9601      0.0271   0.0100   82.24     54    Success 
    52       28.0597     0.7710      0.0243   0.0058   78.89     55    Success 
    53       28.0312     1.2089      0.0285   0.0076   73.88     56    Success 
    54       28.0135     1.3439      0.0177   0.0087   82.21     57    Success 
    55       27.9931     0.9107      0.0204   0.0023   74.54     58    Success 
    56       27.9639     0.7364      0.0291   0.0057   74.90     59    Success 
    57       27.9398     0.8186      0.0241   0.0080   79.25     60    Success 
    58       27.9064     1.0878      0.0334   0.0111   79.85     61    Success 
    59       27.8689     1.0415      0.0375   0.0179   83.43     62    Success 
    60       27.8367     0.9799      0.0322   0.0089   79.65     63    Success 
    61       27.8088     1.1167      0.0279   0.0091   79.13     64    Success 
    62       27.7895     0.7872      0.0193   0.0034   75.05     65    Success 
    63       27.7712     0.6392      0.0183   0.0036   72.14     66    Success 
    64       27.7571     0.9350      0.0142   0.0071   76.35     67    Success 
    65       27.7460     0.5035      0.0111   0.0016   66.48     68    Success 
    66       27.7393     0.4611      0.0067   0.0038   80.50     69    Success 
    67       27.7331     0.7926      0.0062   0.0020   60.73     70    Success 
    68       27.7292     1.1300      0.0039   0.0039   82.63     71    Success 
    69       27.7249     0.4641      0.0043   0.0030   86.20     72    Success 
    70       27.7215     0.3669      0.0034   0.0008   63.96     73    Success 
    71       27.7169     0.4734      0.0045   0.0020   73.04     74    Success 
    72       27.7111     0.4321      0.0059   0.0020   72.87     75    Success 
    73       27.7088     0.7853      0.0023   0.0036   75.55     76    Success 
    74       27.7052     0.4595      0.0036   0.0007   73.03     77    Success 
    75       27.7015     0.2661      0.0037   0.0015   73.11     78    Success 
    76       27.7000     0.3131      0.0015   0.0006   67.39     79    Success 
    77       27.6978     0.3056      0.0021   0.0010   71.65     80    Success 
    78       27.6954     0.3602      0.0024   0.0017   74.34     81    Success 
    79       27.6937     0.2319      0.0018   0.0011   78.79     82    Success 
    80       27.6914     0.2625      0.0023   0.0015   71.40     83    Success 
    81       27.6897     0.2589      0.0017   0.0010   74.18     84    Success 
    82       27.6880     0.3319      0.0018   0.0015   73.42     85    Success 
    83       27.6863     0.1858      0.0017   0.0010   74.60     86    Success 
    84       27.6853     0.1781      0.0010   0.0006   66.65     87    Success 
    85       27.6846     0.2516      0.0007   0.0009   71.17     88    Success 
    86       27.6839     0.1750      0.0007   0.0006   72.97     89    Success 
    87       27.6834     0.1414      0.0005   0.0003   67.74     90    Success 
    88       27.6828     0.1337      0.0007   0.0006   69.58     91    Success 
    89       27.6823     0.2463      0.0005   0.0010   72.33     92    Success 
    90       27.6819     0.1921      0.0003   0.0004   78.03     93    Success 
    91       27.6817     0.1219      0.0003   0.0002   75.62     94    Success 
    92       27.6814     0.1169      0.0003   0.0005   75.19     95    Success 
    93       27.6810     0.1264      0.0003   0.0005   77.03     96    Success 
    94       27.6806     0.1054      0.0005   0.0008   76.97     97    Success 
    95       27.6804     0.2309      0.0002   0.0011   74.86     98    Success 
    96       27.6801     0.1444      0.0003   0.0001   68.30     99    Success 
    97       27.6798     0.0719      0.0003   0.0004   72.85    100   SmallGrad

 LBFGS  --  Normal Termination due to SmallGrad

 Final Function Value :           27.67977401
 Final RMS Gradient :              0.07186838
 Final Gradient Norm :             0.39363931
