
     ######################################################################
   ##########################################################################
  ###                                                                      ###
 ###            Tinker  ---  Software Tools for Molecular Design            ###
 ##                                                                          ##
 ##                      Version 8.10.2   February 2022                      ##
 ##                                                                          ##
 ##               Copyright (c)  Jay William Ponder  1990-2022               ##
 ###                           All Rights Reserved                          ###
  ###                                                                      ###
   ##########################################################################
     ######################################################################


 Additional Atom Definition Parameters :

     Type  Class  Symbol  Description               Atomic    Mass   Valence

      401   401     N     25_27_Index_0                7     14.007     3
      402   402     C     25_27_Index_0                6     12.011     3
      403   403     C     25_27_Index_0                6     12.011     4
      404   404     N     25_27_Index_0                7     14.007     3
      405   405     O     25_27_Index_0                8     15.999     1
      412   412     H     25_27_Index_0                1      1.008     1
      406   406     C     25_27_Index_0                6     12.011     3
      407   407     C     25_27_Index_0                6     12.011     3
      408   408     C     25_27_Index_0                6     12.011     3
      409   409     C     25_27_Index_0                6     12.011     3
      410   410     C     25_27_Index_0                6     12.011     4
      411   411     C     25_27_Index_0                6     12.011     4
      413   413     H     25_27_Index_0                1      1.008     1
      414   414     H     25_27_Index_0                1      1.008     1
      415   415     H     25_27_Index_0                1      1.008     1
      416   416     H     25_27_Index_0                1      1.008     1
      417   417     H     25_27_Index_0                1      1.008     1

 Additional Bond Stretching Parameters :

     Atom Classes             K(S)         Length

       405 402             601.800         1.2300
       406 401             400.000         1.4300
       402 401             363.157         1.3900
       410 401             299.018         1.4600
       403 402             283.862         1.5300
       412 403             340.533         1.1000
       404 403             216.461         1.3962
       411 404             283.795         1.4300
       409 406             379.094         1.4000
       408 407             379.094         1.3900
       417 407             368.093         1.0900
       409 408             379.094         1.3900
       413 408             368.093         1.0900
       414 409             368.093         1.0900
       415 410             345.979         1.0900
       416 411             345.979         1.1000

 Additional Angle Bending Parameters :

     Atom Classes             K(B)          Angle

     404 403 402            60.000        112.560
     411 404 403           103.600        107.963
     405 402 403            65.000        125.047
     401 402 405            76.980        124.045
     402 401 406            65.000        119.070
     406 401 410            65.000        117.450
     409 406 401            80.000        120.020
     403 402 401            57.869        110.905
     415 410 401            56.547        109.279
     410 401 402            93.856        120.721
     412 403 402            48.035        112.144
     412 403 404            57.278        107.183
     416 411 404            53.319        108.676
     412 403 412            30.491        108.562
     408 409 406            74.631        119.800
     414 409 406            36.770        119.840
     409 408 407            74.631        120.450
     413 408 407            36.770        120.110
     408 407 408            74.631        119.550
     417 407 408            36.770        120.230
     414 409 408            36.770        120.350
     413 408 409            36.770        119.430
     409 406 409            74.631        119.930
     411 404 411           102.978        107.332
     415 410 415            36.407        108.440
     416 411 416            36.407        110.242

 Additional Stretch-Bend Parameters :

     Atom Classes          K(SB)-1        K(SB)-2

     404 403 402             0.000          0.000
     411 404 403             7.200          7.200
     405 402 403             0.000          0.000
     401 402 405            18.700         18.700
     402 401 406             0.000          0.000
     406 401 410             0.000          0.000
     409 406 401             0.000          0.000
     403 402 401            25.988         25.988
     415 410 401             5.713          5.713
     410 401 402            25.952         25.952
     412 403 402             5.713          5.713
     412 403 404             5.713          5.713
     416 411 404             5.713          5.713
     412 403 412             5.713          5.713
     408 409 406            20.453         20.453
     414 409 406            20.453         20.453
     409 408 407            20.453         20.453
     413 408 407            20.453         20.453
     408 407 408            20.453         20.453
     417 407 408            20.453         20.453
     414 409 408            20.453         20.453
     413 408 409            20.453         20.453
     409 406 409            20.453         20.453
     411 404 411            22.688         22.688
     415 410 415             5.713          5.713
     416 411 416             5.713          5.713

 Additional Out-of-Plane Bend Parameters :

     Atom Classes                   K(OPB)

     402 401   0   0                21.717
     401 402   0   0                21.717
     410 401   0   0                 7.258
     403 402   0   0                94.522
     405 402   0   0                16.505
     409 406   0   0                84.886
     406 409   0   0                84.886
     408 407   0   0                84.886
     407 408   0   0                84.886
     417 407   0   0                72.814
     409 408   0   0                84.886
     408 409   0   0                84.886
     413 408   0   0                72.814
     414 409   0   0                72.814
     406 401   0   0                 3.600
     401 406   0   0                14.390

 Additional Torsional Parameters :

     Atom Classes     1-Fold    2-Fold    3-Fold    4-Fold    5-Fold    6-Fold

   405 402 403 404  -3.75   0 -4.83 180  4.08   0  3.23 180  0.00   0  0.00   0
   411 404 403 402   0.96   0 -0.15 180  0.77   0  0.00   0  0.00   0  0.00   0
   416 411 404 403   0.07   0 -0.01 180  0.56   0  0.00   0  0.00   0  0.00   0
   416 411 404 411   0.07   0 -0.01 180  0.56   0  0.00   0  0.00   0  0.00   0
   412 403 402 405   0.00   0  0.00 180  0.11   0  0.00   0  0.00   0  0.00   0
   412 403 402 401   0.00   0  0.00 180  0.11   0  0.00   0  0.00   0  0.00   0
   415 410 401 402   0.00   0  0.00 180 -0.13   0  0.00   0  0.00   0  0.00   0
   415 410 401 406   0.00   0  0.00 180  0.11   0  0.00   0  0.00   0  0.00   0
   401 406 409 408  -0.67   0  6.29 180  0.00   0  0.00   0  0.00   0  0.00   0
   406 401 402 403  -1.00   0  5.42 180  2.05   0  0.00   0  0.00   0  0.00   0
   410 401 402 403  -1.00   0  5.42 180  2.05   0  0.00   0  0.00   0  0.00   0
   405 402 401 406   1.00   0  5.67 180 -2.25   0  0.00   0  0.00   0  0.00   0
   405 402 401 410   1.00   0  5.67 180 -2.25   0  0.00   0  0.00   0  0.00   0
   407 408 409 406  -0.67   0  6.29 180  0.00   0  0.00   0  0.00   0  0.00   0
   409 408 407 408  -0.67   0  7.43 180  0.00   0  0.00   0  0.00   0  0.00   0
   409 406 409 408  -0.67   0  6.29 180  0.00   0  0.00   0  0.00   0  0.00   0
   413 408 409 406   0.55   0  6.19 180 -0.55   0  0.00   0  0.00   0  0.00   0
   414 409 408 407   0.55   0  7.96 180 -0.55   0  0.00   0  0.00   0  0.00   0
   413 408 407 408   0.55   0  7.96 180 -0.55   0  0.00   0  0.00   0  0.00   0
   417 407 408 409   0.55   0  7.96 180 -0.55   0  0.00   0  0.00   0  0.00   0
   414 409 406 409   0.55   0  6.19 180 -0.55   0  0.00   0  0.00   0  0.00   0
   417 407 408 413   0.00   0  7.50 180  0.00   0  0.00   0  0.00   0  0.00   0
   414 409 408 413   0.00   0  7.50 180  0.00   0  0.00   0  0.00   0  0.00   0
   404 403 402 401  -8.23   0  8.23 180  3.49   0 -2.20 180  0.00   0  0.00   0
   414 409 406 401   0.55   0  6.19 180 -0.55   0  0.00   0  0.00   0  0.00   0
   409 406 401 402  -0.15   0  0.24 180 -0.15   0  0.00   0  0.00   0  0.00   0
   411 404 403 412  -1.70   0  1.79 180 -0.68   0  0.00   0  0.00   0  0.00   0
   410 401 406 409  -0.13   0 -0.12 180  1.33   0  0.00   0  0.00   0  0.00   0

 Additional Atomic Multipole Parameters :

     Atom Type     Coordinate Frame Definition         Multipole Moments

         401      410    406      0   Z-then-X    -0.24973
                                                   0.12789  0.00000  0.03211
                                                  -0.29422
                                                   0.00000 -0.65830
                                                  -0.24142  0.00000  0.95252

         402      405    403      0   Z-then-X     0.81593
                                                  -0.13835  0.00000  0.10518
                                                   0.21474
                                                   0.00000 -0.33658
                                                   0.10436  0.00000  0.12184

         403      404    402      0   Z-then-X    -0.11672
                                                   0.23846  0.00000  0.06063
                                                  -0.21090
                                                   0.00000 -0.36268
                                                   0.02856  0.00000  0.57358

         404      403    411    411   Z-Bisect    -0.13969
                                                   0.23506  0.00000  0.09805
                                                  -1.06826
                                                   0.00000  0.21243
                                                  -0.69007  0.00000  0.85583

         405      402    403      0   Z-then-X    -0.73281
                                                  -0.04926  0.00000 -0.13133
                                                  -0.56039
                                                   0.00000  0.19836
                                                  -0.11696  0.00000  0.36203

         412      403    412      0   Z-then-X     0.03748
                                                   0.06038  0.00000 -0.11108
                                                   0.09470
                                                   0.00000  0.03848
                                                   0.09361  0.00000 -0.13318

         406      409    409      0   Bisector     0.02151
                                                   0.00000  0.00000 -0.27106
                                                  -0.30010
                                                   0.00000  0.03593
                                                   0.00000  0.00000  0.26417

         407      408    408      0   Bisector    -0.04737
                                                   0.00000  0.00000 -0.11257
                                                   0.24829
                                                   0.00000 -0.16785
                                                   0.00000  0.00000 -0.08044

         408      413    409      0   Z-then-X     0.06627
                                                   0.03182  0.00000 -0.08448
                                                  -0.22625
                                                   0.00000 -0.39351
                                                   0.03686  0.00000  0.61976

         409      414    408      0   Z-then-X    -0.04636
                                                  -0.01933  0.00000  0.02863
                                                   0.08093
                                                   0.00000 -0.11995
                                                  -0.05195  0.00000  0.03902

         410      401    406      0   Z-then-X    -0.05918
                                                   0.06073  0.00000  0.30978
                                                  -0.40204
                                                   0.00000 -0.27927
                                                   0.03774  0.00000  0.68131

         411      404    411      0   Z-then-X    -0.00694
                                                  -0.09892  0.00000  0.30865
                                                  -0.10521
                                                   0.00000 -0.39474
                                                  -0.10303  0.00000  0.49995

         413      408    409      0   Z-then-X     0.00777
                                                  -0.00715  0.00000 -0.11788
                                                   0.12448
                                                   0.00000 -0.06027
                                                   0.00015  0.00000 -0.06421

         414      409    408      0   Z-then-X     0.02306
                                                   0.03730  0.00000 -0.13613
                                                  -0.02714
                                                   0.00000  0.04557
                                                  -0.02756  0.00000 -0.01843

         415      410    401      0   Z-then-X     0.06646
                                                  -0.00593  0.00000 -0.08472
                                                   0.04252
                                                   0.00000  0.00439
                                                  -0.06862  0.00000 -0.04691

         416      411    404      0   Z-then-X     0.02366
                                                  -0.03591  0.00000 -0.15288
                                                   0.02757
                                                   0.00000  0.08837
                                                  -0.12290  0.00000 -0.11594

         417      407      0      0   Z-Only       0.00416
                                                   0.00000  0.00000 -0.16938
                                                   0.02966
                                                   0.00000  0.02966
                                                   0.00000  0.00000 -0.05932

 Additional Atomic Dipole Polarizability Parameters :

     Atom Type           Alpha       Thole     Group Atom Types

         401             1.243       0.390         402
         402             2.064       0.390         401  405
         403             1.620       0.390         404  412
         404             1.185       0.390         403  411
         405             0.914       0.390         402
         412             0.480       0.390         403
         406             2.064       0.390         409
         407             2.064       0.390         408  417
         408             2.064       0.390         407  409  413
         409             2.064       0.390         406  408  414
         410             1.620       0.390         415
         411             1.620       0.390         404  416
         413             0.432       0.390         408
         414             0.432       0.390         409
         415             0.480       0.390         410
         416             0.480       0.390         411
         417             0.432       0.390         407

 Additional van der Waals Parameters :

     Atom Class               Size        Epsilon        Reduction

         417                2.9800         0.0260          0.920
         410                3.8200         0.1010          0.000
         403                3.8200         0.1010          0.000
         411                3.8200         0.1010          0.000
         415                2.9800         0.0240          0.920
         412                2.9600         0.0220          0.920
         402                3.8200         0.1060          0.000
         405                3.3000         0.1120          0.000
         401                3.7100         0.1100          0.000
         416                2.9100         0.0330          0.900
         407                3.8000         0.0910          0.000
         409                3.8000         0.0910          0.000
         406                3.8000         0.0910          0.000
         413                2.9800         0.0260          0.920
         414                2.9800         0.0260          0.920
         404                3.7100         0.1050          0.000
         408                3.8000         0.1010          0.000

 Additional Solvation Parameters :

     Atom Type                PB Size     CS Size     GK Size

         413             2.5740      2.7580      2.9054
         414             2.5740      2.7580      2.9054
         417             2.5740      2.7580      2.9054
         415             2.2886      2.0030      2.6260
         412             3.0556      2.9960      4.0320
         416             3.0556      2.9960      4.0320
         409             3.8585      3.7660      3.8448
         402             2.9301      4.5060      4.2118
         406             3.6909      3.7660      4.4258
         407             3.8286      3.8930      4.5084
         408             3.8286      3.8930      4.5084
         410             3.5062      3.3090      4.5360
         411             3.5062      3.3090      4.5360
         403             3.3025      2.8540      4.9016
         401             2.8836      2.9900      3.2180
         404             2.8836      2.9900      3.2180
         405             2.9835      3.3560      2.9616

 Limited Memory BFGS Quasi-Newton Optimization :

 QN Iter     F Value      G RMS      F Move   X Move   Angle  FG Call  Comment

     0       22.0926    14.2322                                   1
     1       20.6537     8.7058      1.4389   0.0070    0.00      3    Success 
     2       20.0236     6.4195      0.6301   0.0033   30.21      4    Success 
     3       19.0416     4.4174      0.9820   0.0074   27.46      5    Success 
     4       18.4149    11.3775      0.6266   0.0166   27.12      6    Success 
     5       18.1151     8.8663      0.2998   0.0062   54.51      7    Success 
     6       17.8583     3.1892      0.2568   0.0033   62.21      8    Success 
     7       17.7510     2.4482      0.1073   0.0015   24.83      9    Success 
     8       17.5823     2.9263      0.1688   0.0037   38.19     10    Success 
     9       17.3519     3.1163      0.2304   0.0076   59.56     11    Success 
    10       17.1226     3.6792      0.2293   0.0099   67.31     12    Success 
    11       17.0555     5.3362      0.0672   0.0130   71.35     13    Success 
    12       16.9448     3.4647      0.1107   0.0011   42.04     14    Success 
    13       16.8104     1.6472      0.1344   0.0029   42.47     15    Success 
    14       16.7538     1.8635      0.0566   0.0027   60.00     16    Success 
    15       16.6607     1.8261      0.0931   0.0053   67.73     17    Success 
    16       16.5273     1.9142      0.1334   0.0094   68.70     18    Success 
    17       16.4664     1.9875      0.0609   0.0076   73.78     20    Success 
    18       16.4115     0.9229      0.0550   0.0061   76.27     21    Success 
    19       16.3813     0.9576      0.0301   0.0028   58.90     22    Success 
    20       16.3400     1.3223      0.0413   0.0045   62.13     23    Success 
    21       16.2988     1.6595      0.0412   0.0059   71.59     24    Success 
    22       16.2615     0.8892      0.0374   0.0044   75.10     25    Success 
    23       16.2377     0.7254      0.0237   0.0031   63.47     26    Success 
    24       16.2230     0.8920      0.0147   0.0024   64.19     27    Success 
    25       16.2050     1.0002      0.0180   0.0032   71.73     28    Success 
    26       16.1863     1.0508      0.0187   0.0046   74.83     29    Success 
    27       16.1705     0.7487      0.0158   0.0024   72.15     30    Success 
    28       16.1563     0.9721      0.0142   0.0024   66.75     31    Success 
    29       16.1415     1.3574      0.0148   0.0039   75.48     32    Success 
    30       16.1236     0.8224      0.0178   0.0027   78.22     33    Success 
    31       16.1003     0.7206      0.0234   0.0050   73.14     34    Success 
    32       16.0861     0.7278      0.0142   0.0034   75.87     35    Success 
    33       16.0652     1.0425      0.0209   0.0051   75.13     36    Success 
    34       16.0411     0.7073      0.0241   0.0073   79.50     37    Success 
    35       16.0282     0.4899      0.0129   0.0041   76.03     38    Success 
    36       16.0190     0.5181      0.0092   0.0021   66.11     39    Success 
    37       16.0058     0.6386      0.0132   0.0030   66.45     40    Success 
    38       15.9876     0.7621      0.0182   0.0049   73.84     41    Success 
    39       15.9692     0.8913      0.0184   0.0081   78.89     42    Success 
    40       15.9550     0.5222      0.0142   0.0050   78.50     43    Success 
    41       15.9484     0.3571      0.0066   0.0010   50.39     44    Success 
    42       15.9445     0.4539      0.0040   0.0013   53.43     45    Success 
    43       15.9409     0.3211      0.0036   0.0014   71.84     46    Success 
    44       15.9381     0.2781      0.0028   0.0014   73.22     47    Success 
    45       15.9349     0.3906      0.0032   0.0024   73.93     48    Success 
    46       15.9316     0.3826      0.0033   0.0018   74.90     49    Success 
    47       15.9283     0.3488      0.0033   0.0011   71.67     50    Success 
    48       15.9248     0.6219      0.0036   0.0020   71.13     51    Success 
    49       15.9212     0.2899      0.0036   0.0017   78.20     52    Success 
    50       15.9197     0.2707      0.0015   0.0005   67.74     53    Success 
    51       15.9174     0.2856      0.0023   0.0011   70.12     54    Success 
    52       15.9150     0.3004      0.0024   0.0022   75.58     55    Success 
    53       15.9141     0.2843      0.0009   0.0010   77.04     56    Success 
    54       15.9135     0.2125      0.0006   0.0002   65.47     57    Success 
    55       15.9124     0.1468      0.0010   0.0004   64.09     58    Success 
    56       15.9110     0.1666      0.0014   0.0010   62.31     59    Success 
    57       15.9099     0.2560      0.0011   0.0012   72.13     60    Success 
    58       15.9087     0.2467      0.0011   0.0016   79.74     61    Success 
    59       15.9076     0.1561      0.0011   0.0006   72.89     62    Success 
    60       15.9064     0.1828      0.0012   0.0010   63.16     63    Success 
    61       15.9058     0.2163      0.0006   0.0006   73.10     64    Success 
    62       15.9050     0.1593      0.0008   0.0008   77.78     65    Success 
    63       15.9043     0.2411      0.0006   0.0013   74.86     66    Success 
    64       15.9037     0.1184      0.0006   0.0004   71.17     67    Success 
    65       15.9034     0.1156      0.0003   0.0002   54.11     68    Success 
    66       15.9029     0.1128      0.0006   0.0004   64.77     69    Success 
    67       15.9021     0.1607      0.0008   0.0009   68.14     70    Success 
    68       15.9010     0.1255      0.0010   0.0016   77.90     71    Success 
    69       15.9006     0.2031      0.0004   0.0013   79.03     72    Success 
    70       15.9001     0.1361      0.0005   0.0009   81.46     73    Success 
    71       15.8996     0.1134      0.0005   0.0007   74.11     74    Success 
    72       15.8994     0.1709      0.0002   0.0005   70.95     75    Success 
    73       15.8992     0.0881      0.0002   0.0002   71.76     76   SmallGrad

 LBFGS  --  Normal Termination due to SmallGrad

 Final Function Value :           15.89915520
 Final RMS Gradient :              0.08805920
 Final Gradient Norm :             0.48232012
