
     ######################################################################
   ##########################################################################
  ###                                                                      ###
 ###            Tinker  ---  Software Tools for Molecular Design            ###
 ##                                                                          ##
 ##                      Version 8.10.2   February 2022                      ##
 ##                                                                          ##
 ##               Copyright (c)  Jay William Ponder  1990-2022               ##
 ###                           All Rights Reserved                          ###
  ###                                                                      ###
   ##########################################################################
     ######################################################################


 Additional Atom Definition Parameters :

     Type  Class  Symbol  Description               Atomic    Mass   Valence

      401   401     N     25_27_Index_0                7     14.007     3
      402   402     C     25_27_Index_0                6     12.011     3
      403   403     C     25_27_Index_0                6     12.011     4
      404   404     N     25_27_Index_0                7     14.007     3
      405   405     O     25_27_Index_0                8     15.999     1
      412   412     H     25_27_Index_0                1      1.008     1
      406   406     C     25_27_Index_0                6     12.011     3
      407   407     C     25_27_Index_0                6     12.011     3
      408   408     C     25_27_Index_0                6     12.011     3
      409   409     C     25_27_Index_0                6     12.011     3
      410   410     C     25_27_Index_0                6     12.011     4
      411   411     C     25_27_Index_0                6     12.011     4
      413   413     H     25_27_Index_0                1      1.008     1
      414   414     H     25_27_Index_0                1      1.008     1
      415   415     H     25_27_Index_0                1      1.008     1
      416   416     H     25_27_Index_0                1      1.008     1
      417   417     H     25_27_Index_0                1      1.008     1

 Additional Bond Stretching Parameters :

     Atom Classes             K(S)         Length

       405 402             601.800         1.2300
       406 401             400.000         1.4300
       402 401             363.157         1.3900
       410 401             299.018         1.4600
       403 402             283.862         1.5300
       412 403             340.533         1.1000
       404 403             216.461         1.3962
       411 404             283.795         1.4300
       409 406             379.094         1.4000
       408 407             379.094         1.3900
       417 407             368.093         1.0900
       409 408             379.094         1.3900
       413 408             368.093         1.0900
       414 409             368.093         1.0900
       415 410             345.979         1.0900
       416 411             345.979         1.1000

 Additional Angle Bending Parameters :

     Atom Classes             K(B)          Angle

     404 403 402            60.000        112.560
     411 404 403           103.600        107.963
     405 402 403            65.000        125.047
     401 402 405            76.980        124.045
     402 401 406            65.000        119.070
     406 401 410            65.000        117.450
     409 406 401            80.000        120.020
     403 402 401            57.869        110.905
     415 410 401            56.547        109.279
     410 401 402            93.856        120.721
     412 403 402            48.035        112.144
     412 403 404            57.278        107.183
     416 411 404            53.319        108.676
     412 403 412            30.491        108.562
     408 409 406            74.631        119.800
     414 409 406            36.770        119.840
     409 408 407            74.631        120.450
     413 408 407            36.770        120.110
     408 407 408            74.631        119.550
     417 407 408            36.770        120.230
     414 409 408            36.770        120.350
     413 408 409            36.770        119.430
     409 406 409            74.631        119.930
     411 404 411           102.978        107.332
     415 410 415            36.407        108.440
     416 411 416            36.407        110.242

 Additional Stretch-Bend Parameters :

     Atom Classes          K(SB)-1        K(SB)-2

     404 403 402             0.000          0.000
     411 404 403             7.200          7.200
     405 402 403             0.000          0.000
     401 402 405            18.700         18.700
     402 401 406             0.000          0.000
     406 401 410             0.000          0.000
     409 406 401             0.000          0.000
     403 402 401            25.988         25.988
     415 410 401             5.713          5.713
     410 401 402            25.952         25.952
     412 403 402             5.713          5.713
     412 403 404             5.713          5.713
     416 411 404             5.713          5.713
     412 403 412             5.713          5.713
     408 409 406            20.453         20.453
     414 409 406            20.453         20.453
     409 408 407            20.453         20.453
     413 408 407            20.453         20.453
     408 407 408            20.453         20.453
     417 407 408            20.453         20.453
     414 409 408            20.453         20.453
     413 408 409            20.453         20.453
     409 406 409            20.453         20.453
     411 404 411            22.688         22.688
     415 410 415             5.713          5.713
     416 411 416             5.713          5.713

 Additional Out-of-Plane Bend Parameters :

     Atom Classes                   K(OPB)

     402 401   0   0                21.717
     401 402   0   0                21.717
     410 401   0   0                 7.258
     403 402   0   0                94.522
     405 402   0   0                16.505
     409 406   0   0                84.886
     406 409   0   0                84.886
     408 407   0   0                84.886
     407 408   0   0                84.886
     417 407   0   0                72.814
     409 408   0   0                84.886
     408 409   0   0                84.886
     413 408   0   0                72.814
     414 409   0   0                72.814
     406 401   0   0                 3.600
     401 406   0   0                14.390

 Additional Torsional Parameters :

     Atom Classes     1-Fold    2-Fold    3-Fold    4-Fold    5-Fold    6-Fold

   405 402 403 404   0.00   0  0.00 180  0.00   0  0.00   0  0.00   0  0.00   0
   411 404 403 402   0.96   0 -0.15 180  0.77   0  0.00   0  0.00   0  0.00   0
   416 411 404 403   0.07   0 -0.01 180  0.56   0  0.00   0  0.00   0  0.00   0
   416 411 404 411   0.07   0 -0.01 180  0.56   0  0.00   0  0.00   0  0.00   0
   412 403 402 405   0.00   0  0.00 180  0.11   0  0.00   0  0.00   0  0.00   0
   412 403 402 401   0.00   0  0.00 180  0.11   0  0.00   0  0.00   0  0.00   0
   415 410 401 402   0.00   0  0.00 180 -0.13   0  0.00   0  0.00   0  0.00   0
   415 410 401 406   0.00   0  0.00 180  0.11   0  0.00   0  0.00   0  0.00   0
   401 406 409 408  -0.67   0  6.29 180  0.00   0  0.00   0  0.00   0  0.00   0
   406 401 402 403  -1.00   0  5.42 180  2.05   0  0.00   0  0.00   0  0.00   0
   410 401 402 403  -1.00   0  5.42 180  2.05   0  0.00   0  0.00   0  0.00   0
   405 402 401 406   1.00   0  5.67 180 -2.25   0  0.00   0  0.00   0  0.00   0
   405 402 401 410   1.00   0  5.67 180 -2.25   0  0.00   0  0.00   0  0.00   0
   407 408 409 406  -0.67   0  6.29 180  0.00   0  0.00   0  0.00   0  0.00   0
   409 408 407 408  -0.67   0  7.43 180  0.00   0  0.00   0  0.00   0  0.00   0
   409 406 409 408  -0.67   0  6.29 180  0.00   0  0.00   0  0.00   0  0.00   0
   413 408 409 406   0.55   0  6.19 180 -0.55   0  0.00   0  0.00   0  0.00   0
   414 409 408 407   0.55   0  7.96 180 -0.55   0  0.00   0  0.00   0  0.00   0
   413 408 407 408   0.55   0  7.96 180 -0.55   0  0.00   0  0.00   0  0.00   0
   417 407 408 409   0.55   0  7.96 180 -0.55   0  0.00   0  0.00   0  0.00   0
   414 409 406 409   0.55   0  6.19 180 -0.55   0  0.00   0  0.00   0  0.00   0
   417 407 408 413   0.00   0  7.50 180  0.00   0  0.00   0  0.00   0  0.00   0
   414 409 408 413   0.00   0  7.50 180  0.00   0  0.00   0  0.00   0  0.00   0
   404 403 402 401   0.00   0  0.00 180  0.00   0  0.00   0  0.00   0  0.00   0
   414 409 406 401   0.55   0  6.19 180 -0.55   0  0.00   0  0.00   0  0.00   0
   409 406 401 402  -0.15   0  0.24 180 -0.15   0  0.00   0  0.00   0  0.00   0
   411 404 403 412  -1.70   0  1.79 180 -0.68   0  0.00   0  0.00   0  0.00   0
   410 401 406 409  -0.13   0 -0.12 180  1.33   0  0.00   0  0.00   0  0.00   0

 Additional Atomic Multipole Parameters :

     Atom Type     Coordinate Frame Definition         Multipole Moments

         401      410    406      0   Z-then-X    -0.24973
                                                   0.12789  0.00000  0.03211
                                                  -0.29422
                                                   0.00000 -0.65830
                                                  -0.24142  0.00000  0.95252

         402      405    403      0   Z-then-X     0.81593
                                                  -0.13835  0.00000  0.10518
                                                   0.21474
                                                   0.00000 -0.33658
                                                   0.10436  0.00000  0.12184

         403      404    402      0   Z-then-X    -0.11672
                                                   0.23846  0.00000  0.06063
                                                  -0.21090
                                                   0.00000 -0.36268
                                                   0.02856  0.00000  0.57358

         404      403    411    411   Z-Bisect    -0.13969
                                                   0.23506  0.00000  0.09805
                                                  -1.06826
                                                   0.00000  0.21243
                                                  -0.69007  0.00000  0.85583

         405      402    403      0   Z-then-X    -0.73281
                                                  -0.04926  0.00000 -0.13133
                                                  -0.56039
                                                   0.00000  0.19836
                                                  -0.11696  0.00000  0.36203

         412      403    412      0   Z-then-X     0.03748
                                                   0.06038  0.00000 -0.11108
                                                   0.09470
                                                   0.00000  0.03848
                                                   0.09361  0.00000 -0.13318

         406      409    409      0   Bisector     0.02151
                                                   0.00000  0.00000 -0.27106
                                                  -0.30010
                                                   0.00000  0.03593
                                                   0.00000  0.00000  0.26417

         407      408    408      0   Bisector    -0.04737
                                                   0.00000  0.00000 -0.11257
                                                   0.24829
                                                   0.00000 -0.16785
                                                   0.00000  0.00000 -0.08044

         408      413    409      0   Z-then-X     0.06627
                                                   0.03182  0.00000 -0.08448
                                                  -0.22625
                                                   0.00000 -0.39351
                                                   0.03686  0.00000  0.61976

         409      414    408      0   Z-then-X    -0.04636
                                                  -0.01933  0.00000  0.02863
                                                   0.08093
                                                   0.00000 -0.11995
                                                  -0.05195  0.00000  0.03902

         410      401    406      0   Z-then-X    -0.05918
                                                   0.06073  0.00000  0.30978
                                                  -0.40204
                                                   0.00000 -0.27927
                                                   0.03774  0.00000  0.68131

         411      404    411      0   Z-then-X    -0.00694
                                                  -0.09892  0.00000  0.30865
                                                  -0.10521
                                                   0.00000 -0.39474
                                                  -0.10303  0.00000  0.49995

         413      408    409      0   Z-then-X     0.00777
                                                  -0.00715  0.00000 -0.11788
                                                   0.12448
                                                   0.00000 -0.06027
                                                   0.00015  0.00000 -0.06421

         414      409    408      0   Z-then-X     0.02306
                                                   0.03730  0.00000 -0.13613
                                                  -0.02714
                                                   0.00000  0.04557
                                                  -0.02756  0.00000 -0.01843

         415      410    401      0   Z-then-X     0.06646
                                                  -0.00593  0.00000 -0.08472
                                                   0.04252
                                                   0.00000  0.00439
                                                  -0.06862  0.00000 -0.04691

         416      411    404      0   Z-then-X     0.02366
                                                  -0.03591  0.00000 -0.15288
                                                   0.02757
                                                   0.00000  0.08837
                                                  -0.12290  0.00000 -0.11594

         417      407      0      0   Z-Only       0.00416
                                                   0.00000  0.00000 -0.16938
                                                   0.02966
                                                   0.00000  0.02966
                                                   0.00000  0.00000 -0.05932

 Additional Atomic Dipole Polarizability Parameters :

     Atom Type           Alpha       Thole     Group Atom Types

         401             1.243       0.390         402
         402             2.064       0.390         401  405
         403             1.620       0.390         404  412
         404             1.185       0.390         403  411
         405             0.914       0.390         402
         412             0.480       0.390         403
         406             2.064       0.390         409
         407             2.064       0.390         408  417
         408             2.064       0.390         407  409  413
         409             2.064       0.390         406  408  414
         410             1.620       0.390         415
         411             1.620       0.390         404  416
         413             0.432       0.390         408
         414             0.432       0.390         409
         415             0.480       0.390         410
         416             0.480       0.390         411
         417             0.432       0.390         407

 Additional van der Waals Parameters :

     Atom Class               Size        Epsilon        Reduction

         417                2.9800         0.0260          0.920
         410                3.8200         0.1010          0.000
         403                3.8200         0.1010          0.000
         411                3.8200         0.1010          0.000
         415                2.9800         0.0240          0.920
         412                2.9600         0.0220          0.920
         402                3.8200         0.1060          0.000
         405                3.3000         0.1120          0.000
         401                3.7100         0.1100          0.000
         416                2.9100         0.0330          0.900
         407                3.8000         0.0910          0.000
         409                3.8000         0.0910          0.000
         406                3.8000         0.0910          0.000
         413                2.9800         0.0260          0.920
         414                2.9800         0.0260          0.920
         404                3.7100         0.1050          0.000
         408                3.8000         0.1010          0.000

 Additional Solvation Parameters :

     Atom Type                PB Size     CS Size     GK Size

         413             2.5740      2.7580      2.9054
         414             2.5740      2.7580      2.9054
         417             2.5740      2.7580      2.9054
         415             2.2886      2.0030      2.6260
         412             3.0556      2.9960      4.0320
         416             3.0556      2.9960      4.0320
         409             3.8585      3.7660      3.8448
         402             2.9301      4.5060      4.2118
         406             3.6909      3.7660      4.4258
         407             3.8286      3.8930      4.5084
         408             3.8286      3.8930      4.5084
         410             3.5062      3.3090      4.5360
         411             3.5062      3.3090      4.5360
         403             3.3025      2.8540      4.9016
         401             2.8836      2.9900      3.2180
         404             2.8836      2.9900      3.2180
         405             2.9835      3.3560      2.9616

 Limited Memory BFGS Quasi-Newton Optimization :

 QN Iter     F Value      G RMS      F Move   X Move   Angle  FG Call  Comment

     0       24.2088     9.4070                                   1
     1       22.9855    10.6682      1.2233   0.0087    0.00      3    Success 
     2       22.3538     8.2784      0.6317   0.0065   48.46      4    Success 
     3       21.9627     6.0126      0.3910   0.0025   43.99      5    Success 
     4       21.3497     3.6410      0.6130   0.0061   44.71      6    Success 
     5       20.7084     3.8621      0.6414   0.0117   38.18      7    Success 
     6       20.3244     4.8868      0.3840   0.0100   58.10      8    Success 
     7       19.8509     3.6360      0.4734   0.0135   68.66      9    Success 
     8       19.4559     3.7790      0.3950   0.0129   62.19     10    Success 
     9       19.1972     4.1675      0.2587   0.0123   64.04     11    Success 
    10       19.0221     2.5914      0.1751   0.0030   50.42     12    Success 
    11       18.8424     2.1191      0.1797   0.0055   51.45     13    Success 
    12       18.7052     2.3810      0.1372   0.0078   65.49     14    Success 
    13       18.6194     3.1940      0.0858   0.0113   70.75     15    Success 
    14       18.5382     1.3433      0.0812   0.0020   50.75     16    Success 
    15       18.4924     1.2444      0.0458   0.0020   41.39     17    Success 
    16       18.4307     1.5405      0.0616   0.0040   57.22     18    Success 
    17       18.3391     1.5639      0.0917   0.0072   68.33     19    Success 
    18       18.2996     2.2307      0.0395   0.0055   72.18     21    Success 
    19       18.2420     1.2291      0.0576   0.0054   77.38     22    Success 
    20       18.2001     0.7592      0.0419   0.0051   70.46     23    Success 
    21       18.1742     0.9827      0.0259   0.0037   62.31     24    Success 
    22       18.1471     1.0397      0.0272   0.0046   69.41     25    Success 
    23       18.1197     0.7892      0.0273   0.0032   67.82     26    Success 
    24       18.0898     1.4404      0.0299   0.0049   63.42     27    Success 
    25       18.0743     2.3623      0.0155   0.0058   76.57     28    Success 
    26       18.0509     1.1960      0.0234   0.0009   61.41     29    Success 
    27       18.0249     0.9918      0.0260   0.0032   71.39     30    Success 
    28       18.0016     1.2988      0.0232   0.0048   77.77     31    Success 
    29       17.9632     1.4302      0.0385   0.0071   80.37     32    Success 
    30       17.9026     1.5862      0.0606   0.0107   80.32     33    Success 
    31       17.8532     2.3195      0.0494   0.0182   81.97     34    Success 
    32       17.8023     0.9339      0.0509   0.0068   79.68     35    Success 
    33       17.7794     0.9436      0.0229   0.0022   61.31     36    Success 
    34       17.7448     1.2136      0.0345   0.0051   71.64     37    Success 
    35       17.7082     2.1578      0.0367   0.0108   79.87     38    Success 
    36       17.6604     1.3896      0.0478   0.0107   84.18     39    Success 
    37       17.6135     0.9966      0.0469   0.0108   81.95     40    Success 
    38       17.5633     1.3684      0.0502   0.0140   79.61     41    Success 
    39       17.5234     1.8770      0.0400   0.0098   79.82     42    Success 
    40       17.4846     1.1602      0.0388   0.0097   83.70     43    Success 
    41       17.4617     0.6823      0.0229   0.0030   67.96     44    Success 
    42       17.4516     0.6851      0.0102   0.0032   75.10     45    Success 
    43       17.4429     0.6673      0.0087   0.0012   63.57     46    Success 
    44       17.4325     0.7424      0.0104   0.0044   78.64     47    Success 
    45       17.4226     0.4702      0.0099   0.0036   76.34     48    Success 
    46       17.4175     0.4144      0.0051   0.0012   67.85     49    Success 
    47       17.4096     0.5681      0.0078   0.0033   75.69     50    Success 
    48       17.4011     0.7174      0.0085   0.0041   77.18     51    Success 
    49       17.3929     0.7782      0.0082   0.0034   78.54     52    Success 
    50       17.3849     0.6013      0.0080   0.0040   83.67     53    Success 
    51       17.3736     0.5113      0.0113   0.0033   74.35     54    Success 
    52       17.3631     0.5952      0.0105   0.0052   76.04     55    Success 
    53       17.3563     0.5418      0.0068   0.0025   75.35     56    Success 
    54       17.3501     0.4193      0.0061   0.0017   71.38     57    Success 
    55       17.3439     0.5305      0.0063   0.0022   67.33     58    Success 
    56       17.3381     0.4722      0.0058   0.0025   77.68     59    Success 
    57       17.3309     0.4281      0.0072   0.0031   76.75     60    Success 
    58       17.3258     0.8423      0.0051   0.0049   76.72     61    Success 
    59       17.3197     0.4245      0.0061   0.0014   74.21     62    Success 
    60       17.3152     0.3837      0.0045   0.0015   72.33     63    Success 
    61       17.3087     0.4756      0.0064   0.0028   74.05     64    Success 
    62       17.3033     0.8055      0.0054   0.0044   78.28     65    Success 
    63       17.2973     0.3685      0.0060   0.0022   80.05     66    Success 
    64       17.2937     0.2794      0.0036   0.0013   69.84     67    Success 
    65       17.2905     0.3317      0.0032   0.0017   71.55     68    Success 
    66       17.2871     0.4664      0.0033   0.0023   73.53     69    Success 
    67       17.2841     0.2530      0.0030   0.0024   81.02     70    Success 
    68       17.2824     0.1940      0.0017   0.0012   75.74     71    Success 
    69       17.2804     0.2613      0.0020   0.0014   67.38     72    Success 
    70       17.2789     0.5216      0.0015   0.0029   81.18     73    Success 
    71       17.2769     0.3387      0.0019   0.0016   82.91     74    Success 
    72       17.2752     0.2584      0.0017   0.0008   73.88     75    Success 
    73       17.2734     0.2319      0.0019   0.0019   79.46     76    Success 
    74       17.2713     0.2785      0.0020   0.0016   73.56     77    Success 
    75       17.2690     0.3341      0.0024   0.0026   79.02     78    Success 
    76       17.2666     0.2585      0.0024   0.0016   78.98     79    Success 
    77       17.2634     0.3263      0.0031   0.0021   73.01     80    Success 
    78       17.2611     0.4119      0.0024   0.0026   78.89     81    Success 
    79       17.2590     0.2692      0.0020   0.0010   77.18     82    Success 
    80       17.2571     0.2069      0.0019   0.0012   72.27     83    Success 
    81       17.2558     0.2444      0.0013   0.0011   74.54     84    Success 
    82       17.2541     0.2412      0.0018   0.0019   79.34     85    Success 
    83       17.2522     0.2573      0.0019   0.0022   79.00     86    Success 
    84       17.2508     0.2991      0.0014   0.0021   79.49     87    Success 
    85       17.2495     0.2010      0.0012   0.0010   78.90     88    Success 
    86       17.2483     0.2014      0.0012   0.0007   67.23     89    Success 
    87       17.2469     0.2240      0.0015   0.0019   79.49     90    Success 
    88       17.2462     0.3821      0.0007   0.0026   80.18     91    Success 
    89       17.2452     0.1925      0.0010   0.0004   70.76     92    Success 
    90       17.2446     0.1060      0.0006   0.0008   77.30     93    Success 
    91       17.2443     0.1258      0.0003   0.0005   72.57     94    Success 
    92       17.2438     0.1375      0.0005   0.0006   72.28     95    Success 
    93       17.2431     0.1964      0.0007   0.0010   75.67     96    Success 
    94       17.2427     0.2431      0.0005   0.0012   79.58     97    Success 
    95       17.2423     0.1059      0.0003   0.0002   60.95     98    Success 
    96       17.2421     0.1119      0.0002   0.0001   56.63     99    Success 
    97       17.2418     0.1241      0.0003   0.0003   67.73    100    Success 
    98       17.2413     0.1281      0.0005   0.0006   74.85    101    Success 
    99       17.2410     0.2619      0.0003   0.0012   77.87    102    Success 
   100       17.2406     0.1411      0.0005   0.0005   81.24    103    Success 
   101       17.2402     0.0636      0.0003   0.0006   79.16    104   SmallGrad

 LBFGS  --  Normal Termination due to SmallGrad

 Final Function Value :           17.24024133
 Final RMS Gradient :              0.06358396
 Final Gradient Norm :             0.34826370
