
     ######################################################################
   ##########################################################################
  ###                                                                      ###
 ###            Tinker  ---  Software Tools for Molecular Design            ###
 ##                                                                          ##
 ##                      Version 8.10.5   February 2023                      ##
 ##                                                                          ##
 ##               Copyright (c)  Jay William Ponder  1990-2023               ##
 ###                           All Rights Reserved                          ###
  ###                                                                      ###
   ##########################################################################
     ######################################################################


 Additional Atom Definition Parameters :

     Type  Class  Symbol  Description               Atomic    Mass   Valence

      401   401     N     7_11_Index_0                 7     14.007     3
      402   402     C     7_11_Index_0                 6     12.011     3
      403   403     C     7_11_Index_0                 6     12.011     3
      404   404     C     7_11_Index_0                 6     12.011     3
      405   405     C     7_11_Index_0                 6     12.011     3
      413   413     H     7_11_Index_0                 1      1.008     1
      406   406     C     7_11_Index_0                 6     12.011     3
      407   407     N     7_11_Index_0                 7     14.007     3
      408   408     C     7_11_Index_0                 6     12.011     3
      409   409     C     7_11_Index_0                 6     12.011     3
      410   410     C     7_11_Index_0                 6     12.011     3
      411   411     C     7_11_Index_0                 6     12.011     3
      414   414     H     7_11_Index_0                 1      1.008     1
      415   415     H     7_11_Index_0                 1      1.008     1
      412   412     O     7_11_Index_0                 8     15.999     1
      416   416     H     7_11_Index_0                 1      1.008     1
      417   417     H     7_11_Index_0                 1      1.008     1
      418   418     H     7_11_Index_0                 1      1.008     1
      419   419     H     7_11_Index_0                 1      1.008     1

 Additional Bond Stretching Parameters :

     Atom Classes             K(S)         Length

       402 405             485.446         1.3800
       406 409             485.446         1.3600
       412 408             558.795         1.2500
       401 402             349.116         1.3600
       418 406             359.967         1.0800
       403 402             287.759         1.4700
       405 406             225.133         1.4500
       405 408             378.553         1.4700
       413 401             451.428         1.0200
       415 407             470.188         1.0100
       404 403             379.094         1.4000
       411 410             379.094         1.4000
       414 404             368.093         1.0900
       416 410             368.093         1.0900
       410 404             379.094         1.3900
       408 407             363.157         1.3800
       409 407             316.061         1.4000
       419 409             365.162         1.0800
       417 411             368.093         1.0900

 Additional In-Plane Angle Bending Parameters :

     Atom Classes             K(B)          Angle

     401 402 403            46.257        116.420
     401 402 405            45.188        120.770
     402 405 406            64.303        129.454
     402 405 408            45.446        121.540
     403 402 405            39.959        122.700
     405 406 409            35.227        107.090
     405 408 407            67.915        104.520
     406 405 408            46.870        107.590
     406 409 407            45.914        109.660
     406 409 419            58.516        129.880
     408 407 409            47.799        111.090
     409 406 418            63.457        125.860
     407 408 412           109.448        124.139
     405 406 418            63.217        126.990
     412 408 405            49.490        132.260
     413 401 402            51.541        116.100
     415 407 408            47.179        122.370
     415 407 409            37.409        126.360
     413 401 413            33.456        119.883
     417 411 410            36.770        120.100
     410 404 403            74.631        120.060
     404 403 404            74.631        119.550
     411 410 404            74.631        120.260
     410 411 410            74.631        119.810
     414 404 403            36.770        119.330
     414 404 410            36.770        120.590
     416 410 411            36.770        120.010
     402 403 404            83.613        120.220
     404 410 416            36.770        119.730
     419 409 407            33.508        120.460

 Additional Stretch-Bend Parameters :

     Atom Classes          K(SB)-1        K(SB)-2

     401 402 403             5.713          5.713
     401 402 405             5.713          5.713
     402 405 406            10.504         10.504
     402 405 408            13.990         13.990
     403 402 405             5.713          5.713
     405 406 409             6.096          6.096
     405 408 407             8.175          8.175
     406 405 408            10.504         10.504
     406 409 407             5.713          5.713
     406 409 419            34.200         34.200
     408 407 409            10.268         10.268
     409 406 418            34.200         34.200
     407 408 412            25.988         25.988
     405 406 418             7.629          7.629
     412 408 405             7.957          7.957
     413 401 402            10.880         10.880
     415 407 408             9.932          9.932
     415 407 409            11.085         11.085
     417 411 410            20.453         20.453
     410 404 403            20.453         20.453
     404 403 404            20.453         20.453
     411 410 404            20.453         20.453
     410 411 410            20.453         20.453
     414 404 403            20.453         20.453
     414 404 410            20.453         20.453
     416 410 411            20.453         20.453
     402 403 404            20.453         20.453
     404 410 416            20.453         20.453
     419 409 407            34.200         34.200

 Additional Torsional Parameters :

     Atom Classes     1-Fold    2-Fold    3-Fold    4-Fold    5-Fold    6-Fold

   404 403 402 401   0.00   0  0.00 180  0.00   0  0.00   0  0.00   0  0.00   0
   406 405 402 401   0.00   0  0.00 180  0.30   0  0.00   0  0.00   0  0.00   0
   408 405 402 401   0.00   0  0.00 180  0.30   0  0.00   0  0.00   0  0.00   0
   409 406 405 402  -0.67   0  6.29 180  0.00   0  0.00   0  0.00   0  0.00   0
   418 406 405 402   0.55   0  6.19 180 -0.55   0  0.00   0  0.00   0  0.00   0
   407 408 405 402  -0.67   0  6.29 180  0.00   0  0.00   0  0.00   0  0.00   0
   412 408 405 402  -0.67   0  6.29 180  0.00   0  0.00   0  0.00   0  0.00   0
   413 401 402 403   0.00   0  0.00 180  0.30   0  0.00   0  0.00   0  0.00   0
   406 405 402 403   0.00   0  0.00 180  0.30   0  0.00   0  0.00   0  0.00   0
   408 405 402 403   0.00   0  0.00 180  0.30   0  0.00   0  0.00   0  0.00   0
   407 409 406 405  -0.67   0  6.29 180  0.00   0  0.00   0  0.00   0  0.00   0
   419 409 406 405   0.55   0  6.19 180 -0.55   0  0.00   0  0.00   0  0.00   0
   413 401 402 405   0.00   0  0.00 180  0.30   0  0.00   0  0.00   0  0.00   0
   409 407 408 405  -0.67   0  6.29 180  0.00   0  0.00   0  0.00   0  0.00   0
   415 407 408 405   0.55   0  6.19 180 -0.55   0  0.00   0  0.00   0  0.00   0
   407 408 405 406  -0.67   0  6.29 180  0.00   0  0.00   0  0.00   0  0.00   0
   412 408 405 406  -0.67   0  6.29 180  0.00   0  0.00   0  0.00   0  0.00   0
   408 407 409 406  -0.67   0  6.29 180  0.00   0  0.00   0  0.00   0  0.00   0
   415 407 409 406   0.55   0  6.19 180 -0.55   0  0.00   0  0.00   0  0.00   0
   418 406 409 407   0.55   0  6.19 180 -0.55   0  0.00   0  0.00   0  0.00   0
   409 406 405 408  -0.67   0  6.29 180  0.00   0  0.00   0  0.00   0  0.00   0
   418 406 405 408   0.55   0  6.19 180 -0.55   0  0.00   0  0.00   0  0.00   0
   419 409 407 408   0.55   0  6.19 180 -0.55   0  0.00   0  0.00   0  0.00   0
   412 408 407 409  -0.67   0  6.29 180  0.00   0  0.00   0  0.00   0  0.00   0
   419 409 406 418   0.00   0  6.36 180  0.00   0  0.00   0  0.00   0  0.00   0
   415 407 409 419   0.00   0  6.36 180  0.00   0  0.00   0  0.00   0  0.00   0
   415 407 408 412   0.55   0  6.19 180 -0.55   0  0.00   0  0.00   0  0.00   0
   411 410 404 403  -0.67   0  6.29 180  0.00   0  0.00   0  0.00   0  0.00   0
   410 404 403 404  -0.67   0  7.43 180  0.00   0  0.00   0  0.00   0  0.00   0
   410 411 410 404  -0.67   0  6.29 180  0.00   0  0.00   0  0.00   0  0.00   0
   416 410 404 403   0.55   0  6.82 180 -0.55   0  0.00   0  0.00   0  0.00   0
   414 404 403 404   0.55   0  7.96 180 -0.55   0  0.00   0  0.00   0  0.00   0
   417 411 410 404   0.55   0  6.82 180 -0.55   0  0.00   0  0.00   0  0.00   0
   416 410 411 410   0.55   0 11.38 180 -0.55   0  0.00   0  0.00   0  0.00   0
   414 404 410 411   0.55   0 11.38 180 -0.55   0  0.00   0  0.00   0  0.00   0
   402 403 404 410  -0.67   0  6.29 180  0.00   0  0.00   0  0.00   0  0.00   0
   416 410 404 414   0.00   0  6.36 180  0.00   0  0.00   0  0.00   0  0.00   0
   417 411 410 416   0.00   0  6.36 180  0.00   0  0.00   0  0.00   0  0.00   0
   402 403 404 414   0.55   0  6.19 180 -0.55   0  0.00   0  0.00   0  0.00   0
   405 402 403 404   0.00   0  0.00 180  0.00   0  0.00   0  0.00   0  0.00   0
   404 403 402 405   0.00   0  0.00 180  0.00   0  0.00   0  0.00   0  0.00   0

 Additional Atomic Multipole Parameters :

     Atom Type     Coordinate Frame Definition         Multipole Moments

         401      402    413      0   Z-then-X    -0.35488
                                                   0.06976  0.00000 -0.07868
                                                   0.42144
                                                   0.00000 -0.44918
                                                  -0.07573  0.00000  0.02774

         402      401    405      0   Z-then-X     0.35969
                                                  -0.24197  0.00000  0.17910
                                                  -0.84359
                                                   0.00000  0.59435
                                                   0.31736  0.00000  0.24924

         403      404    404      0   Bisector    -0.09481
                                                   0.00000  0.00000  0.10305
                                                   0.25995
                                                   0.00000  0.10274
                                                   0.00000  0.00000 -0.36269

         404      403    410      0   Z-then-X    -0.08231
                                                  -0.09937  0.00000 -0.02452
                                                  -0.02149
                                                   0.00000 -0.06688
                                                  -0.16068  0.00000  0.08837

         405      408    402      0   Z-then-X    -0.18082
                                                  -0.10261  0.00000 -0.19412
                                                   0.30974
                                                   0.00000 -0.07284
                                                   0.28458  0.00000 -0.23690

         413      401    402      0   Z-then-X     0.18251
                                                   0.07039  0.00000 -0.24035
                                                   0.24648
                                                   0.00000 -0.00057
                                                   0.06789  0.00000 -0.24591

         406      405    409      0   Z-then-X    -0.17235
                                                  -0.02991  0.00000  0.03974
                                                   0.36384
                                                   0.00000 -0.30408
                                                   0.42174  0.00000 -0.05976

         407      408    409      0   Z-then-X    -0.24565
                                                   0.21614  0.00000 -0.10534
                                                   0.82641
                                                   0.00000 -0.80024
                                                   0.18646  0.00000 -0.02617

         408      412    407      0   Z-then-X     0.84564
                                                  -0.04432  0.00000  0.26585
                                                   0.10371
                                                   0.00000 -0.17705
                                                  -0.49651  0.00000  0.07334

         409      407    406      0   Z-then-X     0.12345
                                                   0.00629  0.00000  0.40727
                                                  -0.14114
                                                   0.00000 -0.52124
                                                   0.06703  0.00000  0.66238

         410      404    411      0   Z-then-X     0.08254
                                                   0.16748  0.00000  0.12852
                                                   0.43053
                                                   0.00000 -0.41071
                                                   0.36260  0.00000 -0.01982

         411      410    410      0   Bisector    -0.02798
                                                   0.00000  0.00000 -0.05976
                                                   0.24695
                                                   0.00000 -0.17239
                                                   0.00000  0.00000 -0.07456

         414      404    403      0   Z-then-X     0.02501
                                                  -0.00787  0.00000 -0.15168
                                                   0.07187
                                                   0.00000  0.01072
                                                   0.02344  0.00000 -0.08259

         415      407    408      0   Z-then-X     0.09935
                                                   0.05787  0.00000 -0.23924
                                                   0.09432
                                                   0.00000  0.03180
                                                   0.04915  0.00000 -0.12612

         412      408    407      0   Z-then-X    -0.83685
                                                   0.12507  0.00000 -0.14412
                                                  -0.58802
                                                   0.00000  0.29990
                                                   0.07353  0.00000  0.28812

         416      410    404      0   Z-then-X     0.01036
                                                  -0.00117  0.00000 -0.13631
                                                   0.09503
                                                   0.00000 -0.00061
                                                  -0.00166  0.00000 -0.09442

         417      411    410      0   Z-then-X     0.00777
                                                  -0.01269  0.00000 -0.17316
                                                   0.08372
                                                   0.00000  0.01292
                                                  -0.04650  0.00000 -0.09664

         418      406    405      0   Z-then-X     0.01823
                                                  -0.00159  0.00000 -0.16909
                                                   0.16140
                                                   0.00000 -0.03781
                                                   0.02163  0.00000 -0.12359

         419      409    407      0   Z-then-X     0.02299
                                                  -0.00791  0.00000 -0.20058
                                                   0.16994
                                                   0.00000 -0.01636
                                                   0.02220  0.00000 -0.15358

 Additional Charge Penetration Parameters :

     Atom Class           Core Chg           Damp

         401                 0.000         0.0000
         402                 0.000         0.0000
         403                 0.000         0.0000
         404                 0.000         0.0000
         405                 0.000         0.0000
         413                 0.000         0.0000
         406                 0.000         0.0000
         407                 0.000         0.0000
         408                 0.000         0.0000
         409                 0.000         0.0000
         410                 0.000         0.0000
         411                 0.000         0.0000
         414                 0.000         0.0000
         415                 0.000         0.0000
         412                 0.000         0.0000
         416                 0.000         0.0000
         417                 0.000         0.0000
         418                 0.000         0.0000
         419                 0.000         0.0000

 Additional Atomic Dipole Polarizability Parameters :

     Atom Type           Alpha       Thole     Group Atom Types

         401             1.185       0.390         413
         402             2.065       0.390
         403             1.600       0.390         404
         404             1.600       0.390         403  410  414
         405             2.065       0.390         406  408
         413             0.457       0.390         401
         406             2.065       0.390         405  409  418
         407             1.243       0.390         408  409  415
         408             1.600       0.390         405  407  412
         409             2.065       0.390         406  407  419
         410             1.600       0.390         404  411  416
         411             1.600       0.390         410  417
         414             0.432       0.390         404
         415             0.457       0.390         407
         412             0.914       0.390         408
         416             0.432       0.390         410
         417             0.432       0.390         411
         418             0.432       0.390         406
         419             0.432       0.390         409

 Additional van der Waals Parameters :

     Atom Class               Size        Epsilon        Reduction

         419                2.9300         0.0260          0.910
         418                2.9800         0.0240          0.920
         402                3.8200         0.1010          0.000
         408                3.8200         0.1060          0.000
         412                3.3000         0.1120          0.000
         401                3.7100         0.1100          0.000
         407                3.7100         0.1050          0.000
         413                2.5900         0.0220          0.900
         415                2.6500         0.0200          0.890
         409                3.8200         0.1010          0.000
         414                2.9800         0.0260          0.920
         416                2.9800         0.0260          0.920
         417                2.9800         0.0260          0.920
         405                3.8200         0.1010          0.000
         406                3.8200         0.1010          0.000
         403                3.8000         0.0910          0.000
         404                3.8000         0.0910          0.000
         410                3.8000         0.0910          0.000
         411                3.8000         0.0910          0.000

 Additional Solvation Parameters :

     Atom Type                PB Size     CS Size     GK Size

         419             2.5740      2.7580      2.9054
         417             3.0020      2.6350      3.3763
         413             2.9089      2.8360      3.5214
         415             3.6491      3.4040      2.9894
         404             3.8585      3.7660      3.8448
         408             3.3967      3.2550      4.7385
         411             3.8286      3.8930      4.5084
         410             3.8286      3.8930      4.5084
         409             2.9301      4.5060      4.2118
         403             3.6909      3.7660      4.4258
         407             2.8836      2.9900      3.2180
         401             3.7100      3.4980      3.7307
         412             2.9835      3.3560      2.9616

 Limited Memory BFGS Quasi-Newton Optimization :

 QN Iter     F Value      G RMS      F Move   X Move   Angle  FG Call  Comment

     0      422.6092   628.5654                                   1
     1      227.5762   489.2952    195.0330   0.0249    0.00      3    Success 
     2      104.8660   351.8501    122.7102   0.0163   38.47      4    Success 
     3        0.5569    53.4286    104.3090   0.0329   39.78      5    Success 
     4       -2.2647    36.4157      2.8216   0.0037    6.91      6    Success 
     5       -3.4784    21.4284      1.2137   0.0030   44.28      7    Success 
     6       -4.2416    20.1698      0.7631   0.0027   44.33      8    Success 
     7       -5.4763    17.4949      1.2348   0.0046   46.71      9    Success 
     8       -7.1309    16.8852      1.6545   0.0091   49.74     10    Success 
     9       -7.7442    19.0791      0.6134   0.0058   58.71     12    Success 
    10       -8.4324    12.7339      0.6882   0.0049   65.73     13    Success 
    11       -9.2612    13.0319      0.8288   0.0073   59.45     14    Success 
    12      -10.1645    13.4228      0.9032   0.0099   66.70     15    Success 
    13      -11.3515    11.4316      1.1870   0.0144   69.38     16    Success 
    14      -12.6509     8.1757      1.2995   0.0194   69.54     17    Success 
    15      -13.7010    13.1001      1.0501   0.0218   65.54     18    Success 
    16      -14.5046    10.1113      0.8036   0.0138   74.15     19    Success 
    17      -15.1734     9.9114      0.6688   0.0113   70.34     20    Success 
    18      -16.1894    10.5213      1.0160   0.0185   72.26     21    Success 
    19      -17.4331     7.0372      1.2437   0.0303   75.10     22    Success 
    20      -18.1911     8.7712      0.7579   0.0208   70.87     23    Success 
    21      -18.7259     6.2705      0.5348   0.0140   75.17     24    Success 
    22      -19.0631    11.7892      0.3372   0.0130   72.61     25    Success 
    23      -19.2767     6.5473      0.2136   0.0060   77.74     26    Success 
    24      -19.4053     5.8864      0.1286   0.0030   70.05     27    Success 
    25      -19.6111     7.8880      0.2058   0.0054   70.20     28    Success 
    26      -19.8913    10.1311      0.2801   0.0084   75.07     29    Success 
    27      -20.2788     7.6830      0.3875   0.0154   81.55     30    Success 
    28      -20.7694     6.9270      0.4907   0.0178   79.10     31    Success 
    29      -21.4898     9.2168      0.7203   0.0262   76.98     32    Success 
    30      -22.2600     6.9717      0.7703   0.0410   81.06     33    Success 
    31      -22.3920     9.6047      0.1320   0.0063   75.54     35    Success 
    32      -22.5777     6.1306      0.1857   0.0034   71.22     36    Success 
    33      -22.7947     4.4551      0.2171   0.0047   64.99     37    Success 
    34      -23.0710     5.3125      0.2762   0.0093   66.79     38    Success 
    35      -23.2404     8.2568      0.1694   0.0132   73.41     39    Success 
    36      -23.4216     3.7946      0.1811   0.0057   74.82     40    Success 
    37      -23.5006     2.9189      0.0791   0.0021   55.86     41    Success 
    38      -23.6003     3.2139      0.0997   0.0058   70.23     42    Success 
    39      -23.7127     6.7069      0.1124   0.0077   70.38     43    Success 
    40      -23.8140     3.3870      0.1013   0.0069   82.37     44    Success 
    41      -23.8873     2.5411      0.0733   0.0048   74.57     45    Success 
    42      -23.9539     2.6392      0.0667   0.0038   68.07     46    Success 
    43      -24.0480     3.1497      0.0941   0.0060   69.33     47    Success 
    44      -24.0597     4.3327      0.0117   0.0014   77.10     49    Success 
    45      -24.0801     3.5187      0.0204   0.0012   79.58     50    Success 
    46      -24.1144     2.3046      0.0342   0.0023   77.98     51    Success 
    47      -24.1624     2.1721      0.0480   0.0045   74.04     52    Success 
    48      -24.1777     4.5244      0.0153   0.0022   74.53     54    Success 
    49      -24.2028     3.8835      0.0250   0.0025   83.57     55    Success 
    50      -24.2430     2.8029      0.0403   0.0036   81.54     56    Success 
    51      -24.2925     1.5446      0.0495   0.0059   78.62     57    Success 
    52      -24.3132     1.6356      0.0207   0.0021   69.80     58    Success 
    53      -24.3200     4.0245      0.0068   0.0031   70.41     59    Success 
    54      -24.3312     2.4252      0.0112   0.0004   69.05     60    Success 
    55      -24.3444     1.3335      0.0133   0.0011   68.65     61    Success 
    56      -24.3491     1.4399      0.0046   0.0005   68.32     62    Success 
    57      -24.3574     1.3666      0.0083   0.0009   72.38     63    Success 
    58      -24.3719     1.2076      0.0145   0.0016   71.02     64    Success 
    59      -24.3917     2.0317      0.0198   0.0034   72.63     65    Success 
    60      -24.4142     1.3053      0.0225   0.0044   79.46     66    Success 
    61      -24.4266     1.1221      0.0125   0.0023   77.32     67    Success 
    62      -24.4414     2.5903      0.0148   0.0032   73.07     68    Success 
    63      -24.4598     1.4449      0.0183   0.0035   82.20     69    Success 
    64      -24.4713     1.2043      0.0115   0.0014   72.81     70    Success 
    65      -24.4881     1.3028      0.0168   0.0026   71.78     71    Success 
    66      -24.4906     1.8225      0.0024   0.0006   74.76     73    Success 
    67      -24.4948     1.4848      0.0042   0.0008   81.79     74    Success 
    68      -24.5019     1.0691      0.0071   0.0014   79.88     75    Success 
    69      -24.5122     1.1510      0.0104   0.0024   76.46     76    Success 
    70      -24.5190     1.7763      0.0068   0.0038   80.78     77    Success 
    71      -24.5267     2.0038      0.0077   0.0016   78.49     78    Success 
    72      -24.5330     1.7290      0.0063   0.0005   70.46     79    Success 
    73      -24.5434     1.1022      0.0103   0.0012   74.65     80    Success 
    74      -24.5569     0.8259      0.0136   0.0029   74.51     81    Success 
    75      -24.5651     1.1405      0.0081   0.0022   76.54     82    Success 
    76      -24.5703     3.0011      0.0052   0.0042   81.94     83    Success 
    77      -24.5784     1.7489      0.0081   0.0011   82.69     84    Success 
    78      -24.5864     0.8009      0.0080   0.0015   78.89     85    Success 
    79      -24.5907     0.9072      0.0043   0.0009   73.00     86    Success 
    80      -24.5981     1.0415      0.0073   0.0015   75.00     87    Success 
    81      -24.6101     1.4079      0.0120   0.0025   76.65     88    Success 
    82      -24.6267     1.3681      0.0166   0.0051   82.02     89    Success 
    83      -24.6431     1.6272      0.0164   0.0072   82.88     90    Success 
    84      -24.6494     2.5734      0.0063   0.0031   82.01     91    Success 
    85      -24.6591     1.4521      0.0097   0.0012   80.52     92    Success 
    86      -24.6680     0.9937      0.0089   0.0015   75.20     93    Success 
    87      -24.6749     0.9860      0.0069   0.0018   78.62     94    Success 
    88      -24.6833     2.0904      0.0084   0.0035   80.40     95    Success 
    89      -24.6935     1.4397      0.0102   0.0043   85.52     96    Success 
    90      -24.6989     1.3132      0.0054   0.0018   83.50     97    Success 
    91      -24.7081     1.1007      0.0092   0.0026   82.46     98    Success 
    92      -24.7130     4.4358      0.0049   0.0045   81.13     99    Success 
    93      -24.7210     2.7971      0.0080   0.0014   86.11    100    Success 
    94      -24.7286     0.8989      0.0076   0.0021   84.74    101    Success 
    95      -24.7311     1.0205      0.0025   0.0006   77.89    102    Success 
    96      -24.7356     1.2017      0.0045   0.0010   78.19    103    Success 
    97      -24.7436     1.3771      0.0080   0.0018   79.94    104    Success 
    98      -24.7568     1.6829      0.0132   0.0034   81.91    105    Success 
    99      -24.7611     2.1663      0.0043   0.0017   82.76    107    Success 
   100      -24.7683     1.7615      0.0072   0.0023   85.88    108    Success 
   101      -24.7789     1.1149      0.0106   0.0041   85.15    109    Success 
   102      -24.7868     0.7389      0.0079   0.0039   83.82    110    Success 
   103      -24.7939     0.7870      0.0071   0.0030   80.21    111    Success 
   104      -24.8036     1.0715      0.0097   0.0040   79.23    112    Success 
   105      -24.8080     1.1510      0.0044   0.0025   82.14    114    Success 
   106      -24.8126     1.0716      0.0047   0.0016   78.81    115    Success 
   107      -24.8154     0.6899      0.0027   0.0007   73.29    116    Success 
   108      -24.8169     0.5088      0.0016   0.0004   69.80    117    Success 
   109      -24.8192     0.4660      0.0022   0.0012   77.60    118    Success 
   110      -24.8197     1.1890      0.0005   0.0005   78.95    120    Success 
   111      -24.8206     0.9640      0.0009   0.0007   87.06    121    Success 
   112      -24.8220     0.6199      0.0014   0.0010   85.62    122    Success 
   113      -24.8237     0.5100      0.0017   0.0015   83.14    123    Success 
   114      -24.8246     0.5193      0.0009   0.0004   76.29    124    Success 
   115      -24.8249     1.8036      0.0003   0.0005   74.82    125    Success 
   116      -24.8255     1.4272      0.0006   0.0001   80.06    126    Success 
   117      -24.8264     0.7408      0.0009   0.0002   78.73    127    Success 
   118      -24.8272     0.3513      0.0007   0.0003   75.13    128    Success 
   119      -24.8274     0.4256      0.0002   0.0003   82.38    129    Success 
   120      -24.8278     0.3950      0.0004   0.0004   83.37    130    Success 
   121      -24.8281     0.7413      0.0003   0.0004   76.74    131    Success 
   122      -24.8286     0.4351      0.0005   0.0003   84.08    132    Success 
   123      -24.8290     0.2084      0.0004   0.0003   78.45    133    Success 
   124      -24.8292     0.2944      0.0003   0.0002   73.18    134    Success 
   125      -24.8297     0.3900      0.0004   0.0004   80.00    135    Success 
   126      -24.8303     0.4238      0.0006   0.0005   80.00    136    Success 
   127      -24.8306     0.5115      0.0003   0.0005   82.81    138    Success 
   128      -24.8310     0.3087      0.0004   0.0003   81.57    139    Success 
   129      -24.8315     0.2122      0.0005   0.0004   77.22    140    Success 
   130      -24.8317     0.3157      0.0003   0.0003   76.38    141    Success 
   131      -24.8322     0.3681      0.0004   0.0005   82.49    142    Success 
   132      -24.8324     0.6987      0.0003   0.0005   79.12    143    Success 
   133      -24.8329     0.4827      0.0005   0.0005   85.98    144    Success 
   134      -24.8336     0.2861      0.0007   0.0007   83.59    145    Success 
   135      -24.8342     0.4105      0.0006   0.0007   79.82    146    Success 
   136      -24.8348     0.4801      0.0007   0.0007   82.85    147    Success 
   137      -24.8357     0.9704      0.0008   0.0012   84.35    148    Success 
   138      -24.8369     0.5489      0.0012   0.0013   86.99    149    Success 
   139      -24.8379     0.4151      0.0010   0.0012   84.20    150    Success 
   140      -24.8387     0.6686      0.0008   0.0008   81.78    151    Success 
   141      -24.8393     0.6623      0.0007   0.0005   84.12    152    Success 
   142      -24.8405     0.5853      0.0011   0.0008   83.83    153    Success 
   143      -24.8422     0.4172      0.0017   0.0015   83.64    154    Success 
   144      -24.8436     0.7087      0.0014   0.0023   83.41    155    Success 
   145      -24.8441     0.5787      0.0005   0.0010   84.68    156    Success 
   146      -24.8446     0.2718      0.0005   0.0002   75.06    157    Success 
   147      -24.8451     0.3224      0.0005   0.0002   64.46    158    Success 
   148      -24.8456     0.3791      0.0005   0.0005   80.15    159    Success 
   149      -24.8464     0.3699      0.0008   0.0008   82.37    160    Success 
   150      -24.8475     0.3364      0.0011   0.0015   83.18    161    Success 
   151      -24.8477     0.4226      0.0003   0.0006   83.69    163    Success 
   152      -24.8480     0.1629      0.0003   0.0007   86.06    164    Success 
   153      -24.8481     0.1411      0.0001   0.0002   78.61    165    Success 
   154      -24.8483     0.1937      0.0002   0.0002   72.36    166    Success 
   155      -24.8484     0.3327      0.0001   0.0003   77.57    167    Success 
   156      -24.8486     0.2023      0.0002   0.0001   77.43    168    Success 
   157      -24.8489     0.1490      0.0003   0.0003   73.31    169    Success 
   158      -24.8490     0.1292      0.0001   0.0002   77.44    170    Success 
   159      -24.8492     0.2295      0.0002   0.0004   79.19    171    Success 
   160      -24.8493     0.2263      0.0002   0.0004   82.27    172    Success 
   161      -24.8494     0.1445      0.0001   0.0001   76.15    173    Success 
   162      -24.8496     0.1555      0.0001   0.0002   70.07    174    Success 
   163      -24.8498     0.1536      0.0002   0.0004   78.38    175    Success 
   164      -24.8499     0.2099      0.0002   0.0007   81.24    176    Success 
   165      -24.8500     0.1075      0.0001   0.0002   74.80    177    Success 
   166      -24.8501     0.0905      0.0000   0.0000   62.97    178   SmallGrad

 LBFGS  --  Normal Termination due to SmallGrad

 Final Function Value :          -24.85008298
 Final RMS Gradient :              0.09053440
 Final Gradient Norm :             0.44352616
