
     ######################################################################
   ##########################################################################
  ###                                                                      ###
 ###            Tinker  ---  Software Tools for Molecular Design            ###
 ##                                                                          ##
 ##                      Version 8.10.5   February 2023                      ##
 ##                                                                          ##
 ##               Copyright (c)  Jay William Ponder  1990-2023               ##
 ###                           All Rights Reserved                          ###
  ###                                                                      ###
   ##########################################################################
     ######################################################################


 Additional Atom Definition Parameters :

     Type  Class  Symbol  Description               Atomic    Mass   Valence

      401   401     N     7_11_Index_0                 7     14.007     3
      402   402     C     7_11_Index_0                 6     12.011     3
      403   403     C     7_11_Index_0                 6     12.011     3
      404   404     C     7_11_Index_0                 6     12.011     3
      405   405     C     7_11_Index_0                 6     12.011     3
      413   413     H     7_11_Index_0                 1      1.008     1
      406   406     C     7_11_Index_0                 6     12.011     3
      407   407     N     7_11_Index_0                 7     14.007     3
      408   408     C     7_11_Index_0                 6     12.011     3
      409   409     C     7_11_Index_0                 6     12.011     3
      410   410     C     7_11_Index_0                 6     12.011     3
      411   411     C     7_11_Index_0                 6     12.011     3
      414   414     H     7_11_Index_0                 1      1.008     1
      415   415     H     7_11_Index_0                 1      1.008     1
      412   412     O     7_11_Index_0                 8     15.999     1
      416   416     H     7_11_Index_0                 1      1.008     1
      417   417     H     7_11_Index_0                 1      1.008     1
      418   418     H     7_11_Index_0                 1      1.008     1
      419   419     H     7_11_Index_0                 1      1.008     1

 Additional Bond Stretching Parameters :

     Atom Classes             K(S)         Length

       402 405             485.446         1.3800
       406 409             485.446         1.3600
       412 408             558.795         1.2500
       401 402             349.116         1.3600
       418 406             359.967         1.0800
       403 402             287.759         1.4700
       405 406             225.133         1.4500
       405 408             378.553         1.4700
       413 401             451.428         1.0200
       415 407             470.188         1.0100
       404 403             379.094         1.4000
       411 410             379.094         1.4000
       414 404             368.093         1.0900
       416 410             368.093         1.0900
       410 404             379.094         1.3900
       408 407             363.157         1.3800
       409 407             316.061         1.4000
       419 409             365.162         1.0800
       417 411             368.093         1.0900

 Additional In-Plane Angle Bending Parameters :

     Atom Classes             K(B)          Angle

     401 402 403            46.257        116.420
     401 402 405            45.188        120.770
     402 405 406            64.303        129.454
     402 405 408            45.446        121.540
     403 402 405            39.959        122.700
     405 406 409            35.227        107.090
     405 408 407            67.915        104.520
     406 405 408            46.870        107.590
     406 409 407            45.914        109.660
     406 409 419            58.516        129.880
     408 407 409            47.799        111.090
     409 406 418            63.457        125.860
     407 408 412           109.448        124.139
     405 406 418            63.217        126.990
     412 408 405            49.490        132.260
     413 401 402            51.541        116.100
     415 407 408            47.179        122.370
     415 407 409            37.409        126.360
     413 401 413            33.456        119.883
     417 411 410            36.770        120.100
     410 404 403            74.631        120.060
     404 403 404            74.631        119.550
     411 410 404            74.631        120.260
     410 411 410            74.631        119.810
     414 404 403            36.770        119.330
     414 404 410            36.770        120.590
     416 410 411            36.770        120.010
     402 403 404            83.613        120.220
     404 410 416            36.770        119.730
     419 409 407            33.508        120.460

 Additional Stretch-Bend Parameters :

     Atom Classes          K(SB)-1        K(SB)-2

     401 402 403             5.713          5.713
     401 402 405             5.713          5.713
     402 405 406            10.504         10.504
     402 405 408            13.990         13.990
     403 402 405             5.713          5.713
     405 406 409             6.096          6.096
     405 408 407             8.175          8.175
     406 405 408            10.504         10.504
     406 409 407             5.713          5.713
     406 409 419            34.200         34.200
     408 407 409            10.268         10.268
     409 406 418            34.200         34.200
     407 408 412            25.988         25.988
     405 406 418             7.629          7.629
     412 408 405             7.957          7.957
     413 401 402            10.880         10.880
     415 407 408             9.932          9.932
     415 407 409            11.085         11.085
     417 411 410            20.453         20.453
     410 404 403            20.453         20.453
     404 403 404            20.453         20.453
     411 410 404            20.453         20.453
     410 411 410            20.453         20.453
     414 404 403            20.453         20.453
     414 404 410            20.453         20.453
     416 410 411            20.453         20.453
     402 403 404            20.453         20.453
     404 410 416            20.453         20.453
     419 409 407            34.200         34.200

 Additional Torsional Parameters :

     Atom Classes     1-Fold    2-Fold    3-Fold    4-Fold    5-Fold    6-Fold

   404 403 402 401  -0.81   0  1.32 180 -0.80   0  0.00   0  0.00   0  0.00   0
   406 405 402 401   0.00   0  0.00 180  0.30   0  0.00   0  0.00   0  0.00   0
   408 405 402 401   0.00   0  0.00 180  0.30   0  0.00   0  0.00   0  0.00   0
   409 406 405 402  -0.67   0  6.29 180  0.00   0  0.00   0  0.00   0  0.00   0
   418 406 405 402   0.55   0  6.19 180 -0.55   0  0.00   0  0.00   0  0.00   0
   407 408 405 402  -0.67   0  6.29 180  0.00   0  0.00   0  0.00   0  0.00   0
   412 408 405 402  -0.67   0  6.29 180  0.00   0  0.00   0  0.00   0  0.00   0
   413 401 402 403   0.00   0  0.00 180  0.30   0  0.00   0  0.00   0  0.00   0
   406 405 402 403   0.00   0  0.00 180  0.30   0  0.00   0  0.00   0  0.00   0
   408 405 402 403   0.00   0  0.00 180  0.30   0  0.00   0  0.00   0  0.00   0
   407 409 406 405  -0.67   0  6.29 180  0.00   0  0.00   0  0.00   0  0.00   0
   419 409 406 405   0.55   0  6.19 180 -0.55   0  0.00   0  0.00   0  0.00   0
   413 401 402 405   0.00   0  0.00 180  0.30   0  0.00   0  0.00   0  0.00   0
   409 407 408 405  -0.67   0  6.29 180  0.00   0  0.00   0  0.00   0  0.00   0
   415 407 408 405   0.55   0  6.19 180 -0.55   0  0.00   0  0.00   0  0.00   0
   407 408 405 406  -0.67   0  6.29 180  0.00   0  0.00   0  0.00   0  0.00   0
   412 408 405 406  -0.67   0  6.29 180  0.00   0  0.00   0  0.00   0  0.00   0
   408 407 409 406  -0.67   0  6.29 180  0.00   0  0.00   0  0.00   0  0.00   0
   415 407 409 406   0.55   0  6.19 180 -0.55   0  0.00   0  0.00   0  0.00   0
   418 406 409 407   0.55   0  6.19 180 -0.55   0  0.00   0  0.00   0  0.00   0
   409 406 405 408  -0.67   0  6.29 180  0.00   0  0.00   0  0.00   0  0.00   0
   418 406 405 408   0.55   0  6.19 180 -0.55   0  0.00   0  0.00   0  0.00   0
   419 409 407 408   0.55   0  6.19 180 -0.55   0  0.00   0  0.00   0  0.00   0
   412 408 407 409  -0.67   0  6.29 180  0.00   0  0.00   0  0.00   0  0.00   0
   419 409 406 418   0.00   0  6.36 180  0.00   0  0.00   0  0.00   0  0.00   0
   415 407 409 419   0.00   0  6.36 180  0.00   0  0.00   0  0.00   0  0.00   0
   415 407 408 412   0.55   0  6.19 180 -0.55   0  0.00   0  0.00   0  0.00   0
   411 410 404 403  -0.67   0  6.29 180  0.00   0  0.00   0  0.00   0  0.00   0
   410 404 403 404  -0.67   0  7.43 180  0.00   0  0.00   0  0.00   0  0.00   0
   410 411 410 404  -0.67   0  6.29 180  0.00   0  0.00   0  0.00   0  0.00   0
   416 410 404 403   0.55   0  6.82 180 -0.55   0  0.00   0  0.00   0  0.00   0
   414 404 403 404   0.55   0  7.96 180 -0.55   0  0.00   0  0.00   0  0.00   0
   417 411 410 404   0.55   0  6.82 180 -0.55   0  0.00   0  0.00   0  0.00   0
   416 410 411 410   0.55   0 11.38 180 -0.55   0  0.00   0  0.00   0  0.00   0
   414 404 410 411   0.55   0 11.38 180 -0.55   0  0.00   0  0.00   0  0.00   0
   402 403 404 410  -0.67   0  6.29 180  0.00   0  0.00   0  0.00   0  0.00   0
   416 410 404 414   0.00   0  6.36 180  0.00   0  0.00   0  0.00   0  0.00   0
   417 411 410 416   0.00   0  6.36 180  0.00   0  0.00   0  0.00   0  0.00   0
   402 403 404 414   0.55   0  6.19 180 -0.55   0  0.00   0  0.00   0  0.00   0
   405 402 403 404  -0.81   0  1.06 180 -0.81   0  0.00   0  0.00   0  0.00   0
   404 403 402 405  -0.81   0  1.06 180 -0.81   0  0.00   0  0.00   0  0.00   0

 Additional Atomic Multipole Parameters :

     Atom Type     Coordinate Frame Definition         Multipole Moments

         401      402    413      0   Z-then-X    -0.35488
                                                   0.06976  0.00000 -0.07868
                                                   0.42144
                                                   0.00000 -0.44918
                                                  -0.07573  0.00000  0.02774

         402      401    405      0   Z-then-X     0.35969
                                                  -0.24197  0.00000  0.17910
                                                  -0.84359
                                                   0.00000  0.59435
                                                   0.31736  0.00000  0.24924

         403      404    404      0   Bisector    -0.09481
                                                   0.00000  0.00000  0.10305
                                                   0.25995
                                                   0.00000  0.10274
                                                   0.00000  0.00000 -0.36269

         404      403    410      0   Z-then-X    -0.08231
                                                  -0.09937  0.00000 -0.02452
                                                  -0.02149
                                                   0.00000 -0.06688
                                                  -0.16068  0.00000  0.08837

         405      408    402      0   Z-then-X    -0.18082
                                                  -0.10261  0.00000 -0.19412
                                                   0.30974
                                                   0.00000 -0.07284
                                                   0.28458  0.00000 -0.23690

         413      401    402      0   Z-then-X     0.18251
                                                   0.07039  0.00000 -0.24035
                                                   0.24648
                                                   0.00000 -0.00057
                                                   0.06789  0.00000 -0.24591

         406      405    409      0   Z-then-X    -0.17235
                                                  -0.02991  0.00000  0.03974
                                                   0.36384
                                                   0.00000 -0.30408
                                                   0.42174  0.00000 -0.05976

         407      408    409      0   Z-then-X    -0.24565
                                                   0.21614  0.00000 -0.10534
                                                   0.82641
                                                   0.00000 -0.80024
                                                   0.18646  0.00000 -0.02617

         408      412    407      0   Z-then-X     0.84564
                                                  -0.04432  0.00000  0.26585
                                                   0.10371
                                                   0.00000 -0.17705
                                                  -0.49651  0.00000  0.07334

         409      407    406      0   Z-then-X     0.12345
                                                   0.00629  0.00000  0.40727
                                                  -0.14114
                                                   0.00000 -0.52124
                                                   0.06703  0.00000  0.66238

         410      404    411      0   Z-then-X     0.08254
                                                   0.16748  0.00000  0.12852
                                                   0.43053
                                                   0.00000 -0.41071
                                                   0.36260  0.00000 -0.01982

         411      410    410      0   Bisector    -0.02798
                                                   0.00000  0.00000 -0.05976
                                                   0.24695
                                                   0.00000 -0.17239
                                                   0.00000  0.00000 -0.07456

         414      404    403      0   Z-then-X     0.02501
                                                  -0.00787  0.00000 -0.15168
                                                   0.07187
                                                   0.00000  0.01072
                                                   0.02344  0.00000 -0.08259

         415      407    408      0   Z-then-X     0.09935
                                                   0.05787  0.00000 -0.23924
                                                   0.09432
                                                   0.00000  0.03180
                                                   0.04915  0.00000 -0.12612

         412      408    407      0   Z-then-X    -0.83685
                                                   0.12507  0.00000 -0.14412
                                                  -0.58802
                                                   0.00000  0.29990
                                                   0.07353  0.00000  0.28812

         416      410    404      0   Z-then-X     0.01036
                                                  -0.00117  0.00000 -0.13631
                                                   0.09503
                                                   0.00000 -0.00061
                                                  -0.00166  0.00000 -0.09442

         417      411    410      0   Z-then-X     0.00777
                                                  -0.01269  0.00000 -0.17316
                                                   0.08372
                                                   0.00000  0.01292
                                                  -0.04650  0.00000 -0.09664

         418      406    405      0   Z-then-X     0.01823
                                                  -0.00159  0.00000 -0.16909
                                                   0.16140
                                                   0.00000 -0.03781
                                                   0.02163  0.00000 -0.12359

         419      409    407      0   Z-then-X     0.02299
                                                  -0.00791  0.00000 -0.20058
                                                   0.16994
                                                   0.00000 -0.01636
                                                   0.02220  0.00000 -0.15358

 Additional Charge Penetration Parameters :

     Atom Class           Core Chg           Damp

         401                 0.000         0.0000
         402                 0.000         0.0000
         403                 0.000         0.0000
         404                 0.000         0.0000
         405                 0.000         0.0000
         413                 0.000         0.0000
         406                 0.000         0.0000
         407                 0.000         0.0000
         408                 0.000         0.0000
         409                 0.000         0.0000
         410                 0.000         0.0000
         411                 0.000         0.0000
         414                 0.000         0.0000
         415                 0.000         0.0000
         412                 0.000         0.0000
         416                 0.000         0.0000
         417                 0.000         0.0000
         418                 0.000         0.0000
         419                 0.000         0.0000

 Additional Atomic Dipole Polarizability Parameters :

     Atom Type           Alpha       Thole     Group Atom Types

         401             1.185       0.390         413
         402             2.065       0.390
         403             1.600       0.390         404
         404             1.600       0.390         403  410  414
         405             2.065       0.390         406  408
         413             0.457       0.390         401
         406             2.065       0.390         405  409  418
         407             1.243       0.390         408  409  415
         408             1.600       0.390         405  407  412
         409             2.065       0.390         406  407  419
         410             1.600       0.390         404  411  416
         411             1.600       0.390         410  417
         414             0.432       0.390         404
         415             0.457       0.390         407
         412             0.914       0.390         408
         416             0.432       0.390         410
         417             0.432       0.390         411
         418             0.432       0.390         406
         419             0.432       0.390         409

 Additional van der Waals Parameters :

     Atom Class               Size        Epsilon        Reduction

         419                2.9300         0.0260          0.910
         418                2.9800         0.0240          0.920
         402                3.8200         0.1010          0.000
         408                3.8200         0.1060          0.000
         412                3.3000         0.1120          0.000
         401                3.7100         0.1100          0.000
         407                3.7100         0.1050          0.000
         413                2.5900         0.0220          0.900
         415                2.6500         0.0200          0.890
         409                3.8200         0.1010          0.000
         414                2.9800         0.0260          0.920
         416                2.9800         0.0260          0.920
         417                2.9800         0.0260          0.920
         405                3.8200         0.1010          0.000
         406                3.8200         0.1010          0.000
         403                3.8000         0.0910          0.000
         404                3.8000         0.0910          0.000
         410                3.8000         0.0910          0.000
         411                3.8000         0.0910          0.000

 Additional Solvation Parameters :

     Atom Type                PB Size     CS Size     GK Size

         419             2.5740      2.7580      2.9054
         417             3.0020      2.6350      3.3763
         413             2.9089      2.8360      3.5214
         415             3.6491      3.4040      2.9894
         404             3.8585      3.7660      3.8448
         408             3.3967      3.2550      4.7385
         411             3.8286      3.8930      4.5084
         410             3.8286      3.8930      4.5084
         409             2.9301      4.5060      4.2118
         403             3.6909      3.7660      4.4258
         407             2.8836      2.9900      3.2180
         401             3.7100      3.4980      3.7307
         412             2.9835      3.3560      2.9616

 Limited Memory BFGS Quasi-Newton Optimization :

 QN Iter     F Value      G RMS      F Move   X Move   Angle  FG Call  Comment

     0      -18.1095    13.7668                                   1
     1      -18.8486    35.9879      0.7391   0.0054    0.00      3    Success 
     2      -19.1216    36.5180      0.2729   0.0036   65.01      4    Success 
     3      -19.4318    13.8333      0.3102   0.0011   58.61      5    Success 
     4      -19.5616     9.5594      0.1298   0.0007   38.42      6    Success 
     5      -19.7399    13.7376      0.1783   0.0017   52.58      7    Success 
     6      -20.0322    19.1709      0.2923   0.0028   67.25      8    Success 
     7      -20.5065    21.5799      0.4743   0.0046   73.81      9    Success 
     8      -21.1202    19.7593      0.6137   0.0076   75.96     10    Success 
     9      -21.3152    18.2412      0.1950   0.0116   77.55     11    Success 
    10      -21.5938     7.7386      0.2786   0.0024   68.26     12    Success 
    11      -21.7233     5.1954      0.1295   0.0019   55.60     13    Success 
    12      -21.7952     6.6937      0.0719   0.0011   51.01     14    Success 
    13      -21.9049     6.5891      0.1097   0.0024   68.38     15    Success 
    14      -22.0549     3.9263      0.1500   0.0046   72.29     16    Success 
    15      -22.1196     4.8543      0.0647   0.0040   70.96     17    Success 
    16      -22.1525     3.2428      0.0329   0.0015   73.52     18    Success 
    17      -22.1782     4.3210      0.0257   0.0011   67.56     19    Success 
    18      -22.2200     4.1716      0.0418   0.0017   73.41     20    Success 
    19      -22.2877     4.0217      0.0677   0.0030   73.63     21    Success 
    20      -22.3261     6.5996      0.0384   0.0052   74.32     22    Success 
    21      -22.3785     2.6084      0.0524   0.0016   72.71     23    Success 
    22      -22.3953     1.3181      0.0168   0.0009   63.21     24    Success 
    23      -22.4046     1.7909      0.0092   0.0006   56.31     25    Success 
    24      -22.4201     2.2518      0.0156   0.0011   67.20     26    Success 
    25      -22.4461     2.5778      0.0259   0.0020   73.18     27    Success 
    26      -22.4770     3.2125      0.0310   0.0038   77.39     28    Success 
    27      -22.5037     2.6520      0.0267   0.0035   80.23     29    Success 
    28      -22.5140     1.8586      0.0103   0.0013   77.05     30    Success 
    29      -22.5214     1.4645      0.0074   0.0006   65.68     31    Success 
    30      -22.5311     1.6889      0.0097   0.0007   59.79     32    Success 
    31      -22.5439     1.2232      0.0129   0.0016   73.76     33    Success 
    32      -22.5490     3.2136      0.0051   0.0023   73.47     34    Success 
    33      -22.5562     1.3530      0.0072   0.0006   77.84     35    Success 
    34      -22.5598     0.8053      0.0036   0.0004   62.61     36    Success 
    35      -22.5617     1.0018      0.0019   0.0003   67.93     37    Success 
    36      -22.5650     1.0906      0.0033   0.0005   71.46     38    Success 
    37      -22.5706     1.1074      0.0056   0.0008   72.21     39    Success 
    38      -22.5747     2.5980      0.0041   0.0016   74.85     40    Success 
    39      -22.5803     0.9496      0.0056   0.0009   81.94     41    Success 
    40      -22.5823     0.4770      0.0020   0.0005   75.15     42    Success 
    41      -22.5837     0.4471      0.0014   0.0004   65.16     43    Success 
    42      -22.5861     0.4948      0.0024   0.0006   65.68     44    Success 
    43      -22.5891     1.0427      0.0030   0.0009   64.69     45    Success 
    44      -22.5929     0.6890      0.0038   0.0016   81.43     46    Success 
    45      -22.5948     0.7636      0.0019   0.0011   76.38     47    Success 
    46      -22.5970     0.4143      0.0021   0.0008   76.75     48    Success 
    47      -22.5984     0.4708      0.0014   0.0004   56.03     49    Success 
    48      -22.6006     0.5330      0.0023   0.0007   67.19     50    Success 
    49      -22.6014     2.5861      0.0007   0.0013   73.70     51    Success 
    50      -22.6027     2.0154      0.0013   0.0002   83.86     52    Success 
    51      -22.6048     1.0923      0.0021   0.0005   84.07     53    Success 
    52      -22.6067     0.6197      0.0019   0.0010   83.09     54    Success 
    53      -22.6073     0.6833      0.0006   0.0004   82.19     55    Success 
    54      -22.6085     0.6711      0.0012   0.0005   80.26     56    Success 
    55      -22.6101     1.1822      0.0016   0.0008   79.68     57    Success 
    56      -22.6128     0.8829      0.0027   0.0011   84.09     58    Success 
    57      -22.6165     0.6503      0.0037   0.0021   83.00     59    Success 
    58      -22.6183     1.7875      0.0017   0.0028   81.46     60    Success 
    59      -22.6210     0.9348      0.0027   0.0003   72.22     61    Success 
    60      -22.6239     0.4849      0.0029   0.0005   67.03     62    Success 
    61      -22.6254     0.5833      0.0015   0.0007   76.26     63    Success 
    62      -22.6264     1.0838      0.0011   0.0008   75.55     64    Success 
    63      -22.6280     0.6158      0.0015   0.0010   85.22     65    Success 
    64      -22.6293     0.3251      0.0013   0.0008   81.36     66    Success 
    65      -22.6305     0.3688      0.0011   0.0007   73.79     67    Success 
    66      -22.6318     0.3962      0.0014   0.0008   74.66     68    Success 
    67      -22.6326     1.0147      0.0008   0.0015   79.04     69    Success 
    68      -22.6338     0.5846      0.0012   0.0002   73.71     70    Success 
    69      -22.6350     0.2857      0.0012   0.0004   72.71     71    Success 
    70      -22.6357     0.3698      0.0008   0.0004   70.37     72    Success 
    71      -22.6368     0.6292      0.0011   0.0008   77.38     73    Success 
    72      -22.6379     0.5625      0.0011   0.0013   83.74     74    Success 
    73      -22.6386     0.4142      0.0007   0.0009   85.06     75    Success 
    74      -22.6392     0.4584      0.0006   0.0006   81.57     76    Success 
    75      -22.6402     0.4262      0.0010   0.0006   78.68     77    Success 
    76      -22.6416     0.5445      0.0014   0.0013   81.41     78    Success 
    77      -22.6422     0.8472      0.0006   0.0012   79.37     79    Success 
    78      -22.6430     0.2750      0.0008   0.0003   79.99     80    Success 
    79      -22.6433     0.2625      0.0003   0.0001   56.90     81    Success 
    80      -22.6436     0.3501      0.0003   0.0002   68.50     82    Success 
    81      -22.6440     0.4215      0.0005   0.0003   76.85     83    Success 
    82      -22.6444     0.7724      0.0004   0.0006   80.07     84    Success 
    83      -22.6449     0.3861      0.0005   0.0003   83.38     85    Success 
    84      -22.6454     0.2124      0.0004   0.0004   80.93     86    Success 
    85      -22.6456     0.2685      0.0002   0.0002   76.36     87    Success 
    86      -22.6459     0.2643      0.0003   0.0003   77.88     88    Success 
    87      -22.6461     0.7462      0.0002   0.0006   79.49     89    Success 
    88      -22.6465     0.3925      0.0003   0.0003   84.39     90    Success 
    89      -22.6467     0.1756      0.0002   0.0003   82.25     91    Success 
    90      -22.6468     0.1751      0.0001   0.0001   78.10     92    Success 
    91      -22.6469     0.1799      0.0001   0.0002   77.37     93    Success 
    92      -22.6471     0.2007      0.0002   0.0002   76.24     94    Success 
    93      -22.6474     0.2757      0.0003   0.0005   79.49     95    Success 
    94      -22.6475     0.3240      0.0001   0.0002   80.72     97    Success 
    95      -22.6476     0.1886      0.0001   0.0002   82.16     98    Success 
    96      -22.6477     0.1577      0.0001   0.0002   78.01     99    Success 
    97      -22.6478     0.1571      0.0001   0.0001   77.45    100    Success 
    98      -22.6479     0.1415      0.0001   0.0002   75.79    101    Success 
    99      -22.6481     0.1895      0.0002   0.0003   75.36    102    Success 
   100      -22.6482     0.1963      0.0001   0.0002   80.76    104    Success 
   101      -22.6483     0.1239      0.0001   0.0002   80.70    105    Success 
   102      -22.6483     0.0891      0.0001   0.0001   74.64    106   SmallGrad

 LBFGS  --  Normal Termination due to SmallGrad

 Final Function Value :          -22.64834362
 Final RMS Gradient :              0.08906759
 Final Gradient Norm :             0.43634030
