
     ######################################################################
   ##########################################################################
  ###                                                                      ###
 ###            Tinker  ---  Software Tools for Molecular Design            ###
 ##                                                                          ##
 ##                      Version 8.9.4   September 2021                      ##
 ##                                                                          ##
 ##               Copyright (c)  Jay William Ponder  1990-2021               ##
 ###                           All Rights Reserved                          ###
  ###                                                                      ###
   ##########################################################################
     ######################################################################


 Additional Atom Definition Parameters :

     Type  Class  Symbol  Description               Atomic    Mass   Valence

      405   405     C     34_Index_0                   6     12.011     3
      401   401     C     34_Index_0                   6     12.011     3
      402   402     C     34_Index_0                   6     12.011     3
      403   403     C     34_Index_0                   6     12.011     3
      404   404     C     34_Index_0                   6     12.011     3
      406   406     O     34_Index_0                   8     15.999     2
      408   408     O     34_Index_0                   8     15.999     1
      407   407     H     34_Index_0                   1      1.008     1
      409   409     H     34_Index_0                   1      1.008     1
      410   410     H     34_Index_0                   1      1.008     1
      411   411     H     34_Index_0                   1      1.008     1

 Additional Bond Stretching Parameters :

     Atom Classes             K(S)         Length

       406 405             285.608         1.3600
       408 405             666.175         1.2200
       401 405             287.793         1.4463
       404 401             379.094         1.4000
       403 402             379.094         1.4000
       404 402             379.094         1.3900
       409 402             368.093         1.0900
       402 403             379.094         1.4000
       410 403             368.093         1.0900
       407 404             368.093         1.0900
       411 406             487.849         0.9800

 Additional Angle Bending Parameters :

     Atom Classes             K(B)          Angle

     411 406 405            45.149        106.555
     404 401 405            66.632        117.869
     402 404 401            74.631        119.590
     407 404 401            36.770        119.390
     406 405 401            77.303        110.597
     408 405 401            64.148        125.090
     402 403 402            74.631        119.980
     410 403 402            36.770        120.010
     407 404 402            36.770        121.030
     404 402 403            74.631        120.220
     409 402 403            36.770        120.010
     409 402 404            36.770        119.760
     404 401 404            74.631        120.400
     408 405 406            71.920        123.915

 Additional Stretch-Bend Parameters :

     Atom Classes          K(SB)-1        K(SB)-2

     411 406 405            31.076         31.076
     404 401 405            20.453         20.453
     402 404 401            20.453         20.453
     407 404 401            20.453         20.453
     406 405 401            17.707        -17.707
     408 405 401            17.707        -17.707
     402 403 402            20.453         20.453
     410 403 402            20.453         20.453
     407 404 402            20.453         20.453
     404 402 403            20.453         20.453
     409 402 403            20.453         20.453
     409 402 404            20.453         20.453
     404 401 404            20.453         20.453
     408 405 406            17.707        -17.707

 Additional Out-of-Plane Bend Parameters :

     Atom Classes                   K(OPB)

     406 405   0   0               116.142
     408 405   0   0               117.707
     401 405   0   0                73.907
     405 401   0   0                73.907
     404 401   0   0                84.886
     401 404   0   0                84.886
     403 402   0   0                84.886
     402 403   0   0                84.886
     404 402   0   0                84.886
     402 404   0   0                84.886
     409 402   0   0                72.814
     410 403   0   0                72.814
     407 404   0   0                72.814

 Additional Torsional Parameters :

     Atom Classes     1-Fold    2-Fold    3-Fold    4-Fold    5-Fold    6-Fold

   402 404 401 405   0.00   0  0.00 180  0.30   0  0.00   0  0.00   0  0.00   0
   407 404 401 405   0.00   0  0.00 180  0.30   0  0.00   0  0.00   0  0.00   0
   403 402 404 401   0.00   0  0.00 180  0.30   0  0.00   0  0.00   0  0.00   0
   411 406 405 401   0.00   0  0.00 180  0.30   0  0.00   0  0.00   0  0.00   0
   404 402 403 402   0.00   0  0.00 180  0.30   0  0.00   0  0.00   0  0.00   0
   409 402 403 402   0.00   0  0.00 180  0.30   0  0.00   0  0.00   0  0.00   0
   404 401 404 402   0.00   0  0.00 180  0.30   0  0.00   0  0.00   0  0.00   0
   407 404 402 403   0.00   0  0.00 180  0.30   0  0.00   0  0.00   0  0.00   0
   402 403 402 404   0.00   0  0.00 180  0.30   0  0.00   0  0.00   0  0.00   0
   410 403 402 404   0.00   0  0.00 180  0.30   0  0.00   0  0.00   0  0.00   0
   402 404 401 404   0.00   0  0.00 180  0.30   0  0.00   0  0.00   0  0.00   0
   407 404 401 404   0.00   0  0.00 180  0.30   0  0.00   0  0.00   0  0.00   0
   406 405 401 404   0.00   0  0.00 180  0.30   0  0.00   0  0.00   0  0.00   0
   408 405 401 404   0.00   0  0.00 180  0.30   0  0.00   0  0.00   0  0.00   0
   409 402 404 407   0.00   0  0.00 180  0.30   0  0.00   0  0.00   0  0.00   0
   411 406 405 408  -1.20   0  5.39 180  0.40   0  0.00   0  0.00   0  0.00   0
   409 402 404 401   0.55   0 11.38 180 -0.55   0  0.00   0  0.00   0  0.00   0
   410 403 402 409   0.00   0 10.92 180  0.00   0  0.00   0  0.00   0  0.00   0
   407 404 402 409   0.00   0 10.92 180  0.00   0  0.00   0  0.00   0  0.00   0

 Additional Atomic Multipole Parameters :

     Atom Type     Coordinate Frame Definition         Multipole Moments

         405      408    406      0   Z-then-X     1.02073
                                                   0.13510  0.00000 -0.01093
                                                   0.08672
                                                   0.00000 -0.46922
                                                  -0.86658  0.00000  0.38250

         401      404    404      0   Bisector     0.00534
                                                   0.00000  0.00000  0.42598
                                                  -0.74266
                                                   0.00000 -0.48064
                                                   0.00000  0.00000  1.22330

         402      409    404      0   Z-then-X    -0.02482
                                                  -0.01472  0.00000  0.06272
                                                   0.20580
                                                   0.00000 -0.14037
                                                   0.02742  0.00000 -0.06543

         403      402    402      0   Bisector     0.01736
                                                   0.00000  0.00000  0.09548
                                                   0.09677
                                                   0.00000 -0.22974
                                                   0.00000  0.00000  0.13297

         404      407    402      0   Z-then-X    -0.04661
                                                  -0.18240  0.00000  0.09049
                                                   0.29830
                                                   0.00000 -0.05492
                                                  -0.13956  0.00000 -0.24338

         406      411    405      0   Z-then-X    -0.52893
                                                  -0.00638  0.00000  0.28028
                                                   0.00872
                                                   0.00000 -0.42886
                                                  -0.09201  0.00000  0.42014

         408      405    406      0   Z-then-X    -0.70401
                                                   0.12192  0.00000 -0.16906
                                                  -0.57481
                                                   0.00000  0.30443
                                                   0.13728  0.00000  0.27038

         407      404    402      0   Z-then-X     0.02772
                                                   0.00747  0.00000 -0.16816
                                                   0.10857
                                                   0.00000 -0.00851
                                                   0.01722  0.00000 -0.10006

         409      402    404      0   Z-then-X     0.01093
                                                  -0.00168  0.00000 -0.16046
                                                   0.12170
                                                   0.00000 -0.01706
                                                  -0.00819  0.00000 -0.10464

         410      403      0      0   Z-Only       0.00808
                                                   0.00000  0.00000 -0.15269
                                                   0.02569
                                                   0.00000  0.02569
                                                   0.00000  0.00000 -0.05138

         411      406    405      0   Z-then-X     0.24699
                                                  -0.00898  0.00000 -0.11437
                                                   0.04285
                                                   0.00000 -0.08364
                                                  -0.00721  0.00000  0.04079

 Additional Atomic Dipole Polarizability Parameters :

     Atom Type           Alpha       Thole     Group Atom Types

         405             2.064       0.390         406  408
         401             2.064       0.390         404
         402             2.064       0.390         403  404  409
         403             2.064       0.390         402  410
         404             2.064       0.390         401  402  407
         406             0.832       0.390         405  411
         408             0.914       0.390         405
         407             0.432       0.390         404
         409             0.432       0.390         402
         410             0.432       0.390         403
         411             0.457       0.390         406

 Additional van der Waals Parameters :

     Atom Class               Size        Epsilon        Reduction

         403                3.8200         0.1010          0.000
         408                3.3000         0.1120          0.000
         406                3.4050         0.1100          0.000
         411                2.6550         0.0150          0.910
         405                3.7800         0.1060          0.000
         404                3.8200         0.1010          0.000
         407                2.9100         0.0330          0.900
         401                3.8000         0.0910          0.000
         402                3.8000         0.0910          0.000
         409                2.9800         0.0260          0.920
         410                2.9800         0.0260          0.920

 Additional Solvation Parameters :

     Atom Type                PB Size     CS Size     GK Size

         411             2.5740      2.7580      2.9054
         407             2.5740      2.7580      2.9054
         409             2.5740      2.7580      2.9054
         410             2.5740      2.7580      2.9054
         404             3.8585      3.7660      3.8448
         405             2.9301      4.5060      4.2118
         401             3.6909      3.7660      4.4258
         402             3.8286      3.8930      4.5084
         403             3.8286      3.8930      4.5084
         408             2.9835      3.3560      2.9616
         406             3.3991      2.8190      2.9337

 Limited Memory BFGS Quasi-Newton Optimization :

 QN Iter     F Value      G RMS      F Move   X Move   Angle  FG Call  Comment

     0      171.1739   148.6871                                   1
     1       83.1550    96.2387     88.0189   0.0982    0.00      2    Success 
     2       57.1302    41.6210     26.0248   0.0442   30.05      3    Success 
     3       49.3908    33.7880      7.7394   0.0128   26.92      4    Success 
     4       36.2131    22.7844     13.1777   0.0289   28.27      5    Success 
     5       19.0990    17.3297     17.1142   0.0701   23.62      6    Success 
     6       17.1945    32.3470      1.9045   0.0718   45.91      7    Success 
     7       13.9972    22.5148      3.1972   0.0068   15.05      8    Success 
     8       10.2758     9.5094      3.7214   0.0189   33.44      9    Success 
     9        9.0275     9.3163      1.2483   0.0177   60.40     10    Success 
    10        7.1346     7.2698      1.8928   0.0332   63.34     11    Success 
    11        5.5128    12.5043      1.6218   0.0648   63.47     12    Success 
    12        4.4976     5.4722      1.0152   0.0286   75.32     13    Success 
    13        4.0473     4.8469      0.4503   0.0247   75.50     14    Success 
    14        3.4483     5.6928      0.5990   0.0410   76.58     15    Success 
    15        3.1125    11.2625      0.3358   0.0536   77.40     16    Success 
    16        2.6196     5.5112      0.4930   0.0125   74.64     17    Success 
    17        2.3113     2.8831      0.3083   0.0112   64.28     18    Success 
    18        2.1448     3.4470      0.1664   0.0102   66.68     19    Success 
    19        1.8791     3.7674      0.2657   0.0120   63.43     20    Success 
    20        1.6649     7.2615      0.2143   0.0207   67.78     21    Success 
    21        1.3754     3.6715      0.2895   0.0171   78.93     22    Success 
    22        1.1862     2.6723      0.1892   0.0088   62.82     23    Success 
    23        1.0250     2.5901      0.1612   0.0124   66.29     24    Success 
    24        0.9734     4.8846      0.0516   0.0178   73.88     25    Success 
    25        0.9026     2.9076      0.0708   0.0032   68.58     26    Success 
    26        0.8580     1.5634      0.0446   0.0022   29.79     27    Success 
    27        0.8378     1.0536      0.0201   0.0049   78.31     28    Success 
    28        0.8100     1.1408      0.0278   0.0088   77.00     29    Success 
    29        0.7825     1.7043      0.0275   0.0116   77.28     30    Success 
    30        0.7671     1.0127      0.0154   0.0081   81.53     31    Success 
    31        0.7596     0.6062      0.0076   0.0027   76.68     32    Success 
    32        0.7538     0.6100      0.0058   0.0014   57.78     33    Success 
    33        0.7460     0.6527      0.0078   0.0021   62.80     34    Success 
    34        0.7388     1.1619      0.0072   0.0051   74.83     35    Success 
    35        0.7302     0.5362      0.0085   0.0036   79.44     36    Success 
    36        0.7257     0.4782      0.0046   0.0023   74.38     37    Success 
    37        0.7195     0.6562      0.0061   0.0039   74.05     38    Success 
    38        0.7129     0.8707      0.0067   0.0038   75.13     39    Success 
    39        0.7047     0.6026      0.0082   0.0033   78.07     40    Success 
    40        0.6933     0.4831      0.0113   0.0052   73.10     41    Success 
    41        0.6853     0.6946      0.0081   0.0051   73.41     42    Success 
    42        0.6770     0.7080      0.0083   0.0059   77.82     43    Success 
    43        0.6702     0.5156      0.0068   0.0028   74.73     44    Success 
    44        0.6635     0.5614      0.0067   0.0046   72.73     45    Success 
    45        0.6595     0.7536      0.0040   0.0040   78.03     46    Success 
    46        0.6538     0.6065      0.0058   0.0026   78.25     47    Success 
    47        0.6448     0.5432      0.0090   0.0051   78.10     48    Success 
    48        0.6331     0.9162      0.0117   0.0100   79.41     49    Success 
    49        0.6243     1.2235      0.0088   0.0101   83.57     50    Success 
    50        0.6129     0.7782      0.0115   0.0046   81.06     51    Success 
    51        0.6027     0.6812      0.0102   0.0047   75.80     52    Success 
    52        0.5961     0.7059      0.0066   0.0045   80.26     53    Success 
    53        0.5879     0.8921      0.0083   0.0087   83.15     54    Success 
    54        0.5805     0.8496      0.0074   0.0054   78.92     55    Success 
    55        0.5737     0.7382      0.0068   0.0106   84.81     56    Success 
    56        0.5691     0.4931      0.0046   0.0020   74.24     57    Success 
    57        0.5639     0.5149      0.0052   0.0022   70.37     58    Success 
    58        0.5561     0.7100      0.0078   0.0054   78.09     59    Success 
    59        0.5456     0.6045      0.0106   0.0091   82.31     60    Success 
    60        0.5373     0.6334      0.0082   0.0078   80.06     61    Success 
    61        0.5354     1.1466      0.0020   0.0108   84.03     62    Success 
    62        0.5321     0.8740      0.0033   0.0014   82.26     63    Success 
    63        0.5274     0.4290      0.0048   0.0014   73.17     64    Success 
    64        0.5242     0.3138      0.0031   0.0011   53.68     65    Success 
    65        0.5224     0.3232      0.0019   0.0013   69.35     66    Success 
    66        0.5197     0.2814      0.0026   0.0028   76.67     67    Success 
    67        0.5167     0.5329      0.0030   0.0056   79.40     68    Success 
    68        0.5130     0.5354      0.0038   0.0038   82.33     69    Success 
    69        0.5067     0.5711      0.0063   0.0044   79.82     70    Success 
    70        0.4971     0.7689      0.0096   0.0082   81.46     71    Success 
    71        0.4869     1.0458      0.0102   0.0112   82.93     72    Success 
    72        0.4777     0.8222      0.0092   0.0099   85.10     73    Success 
    73        0.4704     0.5957      0.0074   0.0040   79.60     74    Success 
    74        0.4645     0.9139      0.0059   0.0152   84.81     75    Success 
    75        0.4578     0.6715      0.0067   0.0024   72.96     76    Success 
    76        0.4525     0.4910      0.0053   0.0050   83.65     77    Success 
    77        0.4462     0.4409      0.0063   0.0111   83.81     78    Success 
    78        0.4426     0.5423      0.0036   0.0037   77.18     79    Success 
    79        0.4396     0.3505      0.0030   0.0018   76.08     80    Success 
    80        0.4368     0.3175      0.0028   0.0023   72.52     81    Success 
    81        0.4345     0.3370      0.0023   0.0021   74.46     82    Success 
    82        0.4314     0.4394      0.0031   0.0020   67.67     83    Success 
    83        0.4287     0.6717      0.0026   0.0040   78.37     84    Success 
    84        0.4260     0.3401      0.0027   0.0019   79.29     85    Success 
    85        0.4233     0.4178      0.0027   0.0039   80.84     86    Success 
    86        0.4192     0.4446      0.0041   0.0057   82.64     87    Success 
    87        0.4141     0.7202      0.0051   0.0090   83.49     88    Success 
    88        0.4073     0.4920      0.0068   0.0073   83.83     89    Success 
    89        0.4016     0.5734      0.0057   0.0071   81.15     90    Success 
    90        0.3963     0.5115      0.0053   0.0065   83.03     91    Success 
    91        0.3942     0.5500      0.0021   0.0021   77.49     93    Success 
    92        0.3908     0.4192      0.0034   0.0041   84.04     94    Success 
    93        0.3865     0.4559      0.0043   0.0056   80.84     95    Success 
    94        0.3827     0.5160      0.0038   0.0028   76.58     96    Success 
    95        0.3771     0.5252      0.0055   0.0037   77.04     97    Success 
    96        0.3705     0.7715      0.0067   0.0081   81.70     98    Success 
    97        0.3626     0.4722      0.0078   0.0052   79.27     99    Success 
    98        0.3595     0.9939      0.0032   0.0101   83.33    100    Success 
    99        0.3552     0.6383      0.0043   0.0015   76.38    101    Success 
   100        0.3515     0.4149      0.0037   0.0024   77.48    102    Success 
   101        0.3482     0.3813      0.0033   0.0038   81.77    103    Success 
   102        0.3433     0.4554      0.0049   0.0073   82.38    104    Success 
   103        0.3374     0.5140      0.0058   0.0080   81.45    105    Success 
   104        0.3339     0.6811      0.0035   0.0037   75.59    106    Success 
   105        0.3301     0.5160      0.0038   0.0054   84.79    107    Success 
   106        0.3257     0.5843      0.0044   0.0029   73.21    108    Success 
   107        0.3213     0.5157      0.0044   0.0037   81.43    109    Success 
   108        0.3150     0.5659      0.0063   0.0049   78.79    110    Success 
   109        0.3090     0.6667      0.0060   0.0057   77.36    111    Success 
   110        0.3042     0.5460      0.0047   0.0040   81.38    112    Success 
   111        0.3000     0.4343      0.0042   0.0034   79.16    113    Success 
   112        0.2967     0.7053      0.0033   0.0079   84.11    114    Success 
   113        0.2932     0.5432      0.0034   0.0038   82.03    115    Success 
   114        0.2900     0.3320      0.0033   0.0034   82.57    116    Success 
   115        0.2861     0.3492      0.0039   0.0068   81.53    117    Success 
   116        0.2819     0.5131      0.0042   0.0046   77.75    118    Success 
   117        0.2767     0.5288      0.0052   0.0088   84.05    119    Success 
   118        0.2721     0.7758      0.0045   0.0056   78.78    120    Success 
   119        0.2670     0.5696      0.0052   0.0056   84.71    121    Success 
   120        0.2599     0.6815      0.0071   0.0031   70.75    122    Success 
   121        0.2503     0.8922      0.0095   0.0082   81.88    123    Success 
   122        0.2374     0.7576      0.0129   0.0068   80.00    124    Success 
   123        0.2244     1.1795      0.0130   0.0133   82.20    125    Success 
   124        0.2102     0.7445      0.0143   0.0078   81.53    126    Success 
   125        0.1991     0.7291      0.0110   0.0059   80.05    127    Success 
   126        0.1838     1.0054      0.0153   0.0123   82.13    128    Success 
   127        0.1706     1.1175      0.0132   0.0117   81.72    129    Success 
   128        0.1629     0.9464      0.0077   0.0090   85.49    131    Success 
   129        0.1555     0.7208      0.0074   0.0020   73.16    132    Success 
   130        0.1453     0.8685      0.0103   0.0075   81.31    133    Success 
   131        0.1296     1.0688      0.0156   0.0083   80.88    134    Success 
   132        0.1098     1.4634      0.0198   0.0151   83.82    135    Success 
   133        0.0847     1.0672      0.0251   0.0123   82.97    136    Success 
   134        0.0686     1.9822      0.0161   0.0176   83.69    137    Success 
   135        0.0523     1.5496      0.0164   0.0054   80.35    138    Success 
   136        0.0281     1.1248      0.0241   0.0055   77.71    139    Success 
   137       -0.0036     1.4666      0.0318   0.0148   80.72    140    Success 
   138       -0.0310     1.4672      0.0273   0.0081   78.84    141    Success 
   139       -0.0491     2.0074      0.0181   0.0128   81.30    142    Success 
   140       -0.0703     2.0680      0.0212   0.0104   84.49    143    Success 
   141       -0.0881     1.1139      0.0178   0.0035   71.19    144    Success 
   142       -0.1109     1.2310      0.0228   0.0122   83.11    145    Success 
   143       -0.1328     2.0738      0.0219   0.0190   83.78    146    Success 
   144       -0.1518     1.1867      0.0190   0.0050   80.79    147    Success 
   145       -0.1700     0.9542      0.0182   0.0082   82.37    148    Success 
   146       -0.1951     1.1567      0.0250   0.0159   82.32    149    Success 
   147       -0.2148     2.0444      0.0197   0.0185   82.55    150    Success 
   148       -0.2252     1.5310      0.0105   0.0048   78.06    151    Success 
   149       -0.2426     1.1427      0.0174   0.0058   82.53    152    Success 
   150       -0.2691     1.3812      0.0265   0.0118   81.80    153    Success 
   151       -0.2993     2.1866      0.0302   0.0125   80.97    154    Success 
   152       -0.3257     1.6713      0.0264   0.0048   77.99    155    Success 
   153       -0.3539     2.1630      0.0281   0.0138   82.66    156    Success 
   154       -0.3871     1.6118      0.0332   0.0061   79.31    157    Success 
   155       -0.4354     1.7143      0.0483   0.0179   82.66    158    Success 
   156       -0.4629     2.6854      0.0275   0.0202   81.07    159    Success 
   157       -0.4810     2.8270      0.0181   0.0100   86.07    161    Success 
   158       -0.5076     1.7277      0.0266   0.0015   61.34    162    Success 
   159       -0.5349     1.5059      0.0274   0.0053   76.75    163    Success 
   160       -0.5711     1.8741      0.0362   0.0083   77.91    164    Success 
   161       -0.6196     2.5175      0.0485   0.0155   82.02    165    Success 
   162       -0.6742     1.6495      0.0546   0.0130   80.50    166    Success 
   163       -0.6963     2.2935      0.0221   0.0116   83.28    168    Success 
   164       -0.7257     1.7477      0.0294   0.0038   73.55    169    Success 
   165       -0.7515     1.7263      0.0259   0.0060   78.98    170    Success 
   166       -0.7899     1.9571      0.0383   0.0099   80.32    171    Success 
   167       -0.8352     2.7726      0.0454   0.0178   82.97    172    Success 
   168       -0.9011     1.8496      0.0659   0.0120   81.29    173    Success 
   169       -0.9494     3.0316      0.0483   0.0202   82.83    175    Success 
   170       -1.0188     2.1404      0.0694   0.0093   79.08    176    Success 
   171       -1.0958     2.5364      0.0770   0.0205   81.35    177    Success 
   172       -1.1850     2.8069      0.0892   0.0231   81.64    178    Success 
   173       -1.2829     1.9963      0.0979   0.0166   79.10    179    Success 
   174       -1.3298     2.9577      0.0468   0.0192   83.20    181    Success 
   175       -1.4061     2.5603      0.0764   0.0109   80.72    182    Success 
   176       -1.5181     2.4547      0.1120   0.0160   78.06    183    Success 
   177       -1.6252     3.9146      0.1070   0.0313   80.68    184    Success 
   178       -1.6992     3.1212      0.0740   0.0093   71.51    185    Success 
   179       -1.7850     3.2644      0.0858   0.0228   83.37    186    Success 
   180       -1.8784     2.9427      0.0934   0.0152   79.94    187    Success 
   181       -1.9802     2.4020      0.1018   0.0119   75.72    188    Success 
   182       -2.0872     3.0447      0.1071   0.0235   80.75    189    Success 
   183       -2.2222     2.6658      0.1350   0.0215   80.00    190    Success 
   184       -2.2842     3.4448      0.0620   0.0225   84.20    192    Success 
   185       -2.3895     3.1028      0.1053   0.0128   81.02    193    Success 
   186       -2.5589     2.6492      0.1694   0.0184   78.20    194    Success 
   187       -2.7734     3.1071      0.2144   0.0317   77.06    195    Success 
   188       -2.9344     2.6120      0.1611   0.0309   80.65    196    Success 
   189       -3.0021     3.2556      0.0677   0.0120   73.49    197    Success 
   190       -3.0776     3.1031      0.0755   0.0242   84.52    198    Success 
   191       -3.1897     2.0257      0.1121   0.0112   76.09    199    Success 
   192       -3.3018     1.8280      0.1121   0.0135   67.17    200    Success 
   193       -3.3640     2.8275      0.0622   0.0161   76.57    201    Success 
   194       -3.4336     1.8840      0.0696   0.0141   82.60    202    Success 
   195       -3.5122     1.6414      0.0786   0.0095   64.35    203    Success 
   196       -3.5683     3.3201      0.0561   0.0294   80.24    204    Success 
   197       -3.6448     2.0803      0.0765   0.0053   70.83    205    Success 
   198       -3.7423     1.6769      0.0975   0.0113   70.56    206    Success 
   199       -3.8291     2.2809      0.0868   0.0259   79.25    207    Success 
   200       -3.8958     2.1098      0.0667   0.0201   78.98    208    Success 
   201       -3.9376     1.5206      0.0418   0.0086   78.45    209    Success 
   202       -3.9649     1.2099      0.0274   0.0037   61.41    210    Success 
   203       -3.9852     1.4188      0.0203   0.0122   82.44    211    Success 
   204       -4.0119     1.0714      0.0267   0.0055   73.13    212    Success 
   205       -4.0382     1.0988      0.0263   0.0098   75.79    213    Success 
   206       -4.0561     1.1177      0.0179   0.0044   67.37    214    Success 
   207       -4.0765     0.9002      0.0204   0.0052   76.01    215    Success 
   208       -4.1045     1.0107      0.0279   0.0083   72.37    216    Success 
   209       -4.1184     1.6642      0.0139   0.0108   75.15    217    Success 
   210       -4.1335     0.7818      0.0151   0.0015   55.38    218    Success 
   211       -4.1407     0.6797      0.0072   0.0041   79.89    219    Success 
   212       -4.1500     0.5992      0.0093   0.0037   71.86    220    Success 
   213       -4.1577     1.0052      0.0077   0.0104   81.42    221    Success 
   214       -4.1675     0.7226      0.0099   0.0038   77.17    222    Success 
   215       -4.1758     0.6050      0.0083   0.0032   72.67    223    Success 
   216       -4.1830     0.5638      0.0071   0.0048   77.61    224    Success 
   217       -4.1888     0.6075      0.0059   0.0055   78.72    225    Success 
   218       -4.1943     0.4378      0.0054   0.0032   76.86    226    Success 
   219       -4.1986     0.3988      0.0043   0.0031   74.45    227    Success 
   220       -4.2020     0.5366      0.0034   0.0035   75.49    228    Success 
   221       -4.2052     0.3668      0.0033   0.0030   80.09    229    Success 
   222       -4.2085     0.4540      0.0033   0.0020   67.84    230    Success 
   223       -4.2119     0.4859      0.0034   0.0046   81.27    231    Success 
   224       -4.2144     0.6544      0.0025   0.0033   76.33    232    Success 
   225       -4.2177     0.3018      0.0033   0.0020   77.94    233    Success 
   226       -4.2196     0.3065      0.0019   0.0014   67.98    234    Success 
   227       -4.2215     0.3599      0.0019   0.0019   76.04    235    Success 
   228       -4.2233     0.5194      0.0018   0.0027   77.02    236    Success 
   229       -4.2250     0.2231      0.0017   0.0026   83.28    237    Success 
   230       -4.2258     0.1731      0.0007   0.0007   69.20    238    Success 
   231       -4.2266     0.2373      0.0008   0.0011   70.51    239    Success 
   232       -4.2276     0.3073      0.0010   0.0015   75.74    240    Success 
   233       -4.2291     0.2821      0.0015   0.0023   80.51    241    Success 
   234       -4.2313     0.2959      0.0022   0.0032   79.51    242    Success 
   235       -4.2341     0.4175      0.0028   0.0050   80.30    243    Success 
   236       -4.2370     0.4169      0.0028   0.0042   81.02    244    Success 
   237       -4.2389     0.2876      0.0019   0.0024   80.10    245    Success 
   238       -4.2404     0.2325      0.0015   0.0019   76.93    246    Success 
   239       -4.2413     0.2642      0.0010   0.0026   80.13    247    Success 
   240       -4.2423     0.2186      0.0010   0.0011   72.69    248    Success 
   241       -4.2433     0.1791      0.0010   0.0015   77.12    249    Success 
   242       -4.2445     0.2221      0.0012   0.0017   70.81    250    Success 
   243       -4.2460     0.3315      0.0015   0.0026   76.42    251    Success 
   244       -4.2478     0.2878      0.0018   0.0022   79.38    252    Success 
   245       -4.2498     0.3314      0.0020   0.0032   77.84    253    Success 
   246       -4.2512     0.3623      0.0014   0.0022   76.20    254    Success 
   247       -4.2524     0.4315      0.0011   0.0036   85.17    255    Success 
   248       -4.2541     0.3449      0.0017   0.0013   76.96    256    Success 
   249       -4.2565     0.3175      0.0024   0.0042   82.47    257    Success 
   250       -4.2583     0.6026      0.0019   0.0062   82.30    258    Success 
   251       -4.2605     0.2794      0.0022   0.0025   82.93    259    Success 
   252       -4.2618     0.2257      0.0013   0.0022   80.43    260    Success 
   253       -4.2630     0.3883      0.0011   0.0046   83.86    261    Success 
   254       -4.2641     0.3213      0.0011   0.0012   74.97    262    Success 
   255       -4.2654     0.2466      0.0012   0.0025   83.81    263    Success 
   256       -4.2669     0.2701      0.0016   0.0033   80.22    264    Success 
   257       -4.2680     0.3147      0.0010   0.0017   78.28    265    Success 
   258       -4.2693     0.2722      0.0013   0.0024   82.19    266    Success 
   259       -4.2709     0.2911      0.0016   0.0038   82.24    267    Success 
   260       -4.2722     0.3730      0.0013   0.0021   73.48    268    Success 
   261       -4.2732     0.4251      0.0010   0.0048   85.80    269    Success 
   262       -4.2744     0.2532      0.0011   0.0014   79.25    270    Success 
   263       -4.2753     0.2046      0.0009   0.0010   75.23    271    Success 
   264       -4.2767     0.2457      0.0014   0.0029   80.32    272    Success 
   265       -4.2786     0.4008      0.0019   0.0039   80.48    273    Success 
   266       -4.2808     0.3915      0.0022   0.0050   84.01    274    Success 
   267       -4.2822     0.3154      0.0015   0.0018   77.20    275    Success 
   268       -4.2835     0.4869      0.0012   0.0052   84.32    276    Success 
   269       -4.2849     0.3075      0.0015   0.0013   77.50    277    Success 
   270       -4.2861     0.2265      0.0012   0.0012   76.33    278    Success 
   271       -4.2878     0.2629      0.0017   0.0033   79.74    279    Success 
   272       -4.2889     0.4967      0.0011   0.0046   81.47    280    Success 
   273       -4.2903     0.2709      0.0013   0.0005   65.22    281    Success 
   274       -4.2918     0.3422      0.0015   0.0032   81.75    282    Success 
   275       -4.2941     0.3763      0.0023   0.0029   80.05    283    Success 
   276       -4.2968     0.5652      0.0027   0.0075   84.86    284    Success 
   277       -4.3005     0.3325      0.0037   0.0032   80.43    285    Success 
   278       -4.3040     0.3728      0.0035   0.0054   81.62    286    Success 
   279       -4.3084     0.4654      0.0044   0.0048   77.48    287    Success 
   280       -4.3108     0.6604      0.0024   0.0089   84.54    288    Success 
   281       -4.3128     0.5093      0.0021   0.0026   80.97    289    Success 
   282       -4.3147     0.2623      0.0018   0.0011   71.69    290    Success 
   283       -4.3156     0.2158      0.0009   0.0019   82.24    291    Success 
   284       -4.3168     0.2444      0.0012   0.0031   81.33    292    Success 
   285       -4.3175     0.4683      0.0007   0.0024   76.74    293    Success 
   286       -4.3185     0.1985      0.0010   0.0004   68.30    294    Success 
   287       -4.3191     0.1665      0.0006   0.0006   65.58    295    Success 
   288       -4.3196     0.2181      0.0006   0.0006   67.59    296    Success 
   289       -4.3207     0.2566      0.0010   0.0011   73.73    297    Success 
   290       -4.3223     0.3251      0.0017   0.0021   77.79    298    Success 
   291       -4.3247     0.3065      0.0024   0.0037   81.20    299    Success 
   292       -4.3272     0.4026      0.0025   0.0066   82.87    300    Success 
   293       -4.3288     0.4904      0.0016   0.0043   83.97    301    Success 
   294       -4.3309     0.3955      0.0021   0.0015   79.29    302    Success 
   295       -4.3339     0.4527      0.0030   0.0051   83.44    303    Success 
   296       -4.3370     0.5187      0.0031   0.0058   82.67    304    Success 
   297       -4.3401     0.5013      0.0031   0.0084   86.68    305    Success 
   298       -4.3443     0.5104      0.0042   0.0077   85.35    306    Success 
   299       -4.3486     0.8528      0.0043   0.0148   86.47    307    Success 
   300       -4.3530     0.6174      0.0045   0.0055   84.21    308    Success 
   301       -4.3572     0.5169      0.0042   0.0078   86.71    309    Success 
   302       -4.3637     0.4603      0.0065   0.0130   86.07    310    Success 
   303       -4.3711     0.5509      0.0074   0.0148   83.90    311    Success 
   304       -4.3733     0.9347      0.0022   0.0112   85.23    312    Success 
   305       -4.3767     0.5121      0.0034   0.0005   56.91    313    Success 
   306       -4.3805     0.4673      0.0038   0.0060   83.46    314    Success 
   307       -4.3821     0.5642      0.0016   0.0024   81.14    316    Success 
   308       -4.3848     0.5256      0.0027   0.0049   86.39    317    Success 
   309       -4.3895     0.4883      0.0047   0.0071   85.41    318    Success 
   310       -4.3968     0.5277      0.0073   0.0104   84.08    319    Success 
   311       -4.4061     0.7029      0.0092   0.0151   84.13    320    Success 
   312       -4.4147     0.6482      0.0086   0.0082   82.08    321    Success 
   313       -4.4234     0.7196      0.0087   0.0151   86.11    322    Success 
   314       -4.4320     0.7324      0.0086   0.0119   83.56    323    Success 
   315       -4.4372     0.5008      0.0052   0.0110   85.98    324    Success 
   316       -4.4400     0.5098      0.0028   0.0052   85.42    325    Success 
   317       -4.4439     0.4328      0.0040   0.0020   72.31    326    Success 
   318       -4.4486     0.6530      0.0047   0.0100   84.17    327    Success 
   319       -4.4546     0.6582      0.0060   0.0065   83.21    328    Success 
   320       -4.4637     0.5753      0.0091   0.0077   82.65    329    Success 
   321       -4.4757     0.7271      0.0121   0.0146   83.08    330    Success 
   322       -4.4848     1.0550      0.0090   0.0196   84.73    331    Success 
   323       -4.4885     0.6515      0.0037   0.0062   86.29    333    Success 
   324       -4.4927     0.4222      0.0042   0.0047   82.66    334    Success 
   325       -4.4952     0.3836      0.0026   0.0033   82.42    335    Success 
   326       -4.4990     0.4412      0.0037   0.0060   82.85    336    Success 
   327       -4.5035     0.5655      0.0045   0.0079   83.14    337    Success 
   328       -4.5088     0.5520      0.0053   0.0081   85.29    338    Success 
   329       -4.5171     0.6181      0.0083   0.0118   84.81    339    Success 
   330       -4.5273     0.9857      0.0102   0.0190   85.49    340    Success 
   331       -4.5378     0.7327      0.0105   0.0109   84.11    341    Success 
   332       -4.5421     0.6036      0.0042   0.0131   87.41    343    Success 
   333       -4.5459     0.3840      0.0039   0.0016   69.25    344    Success 
   334       -4.5484     0.3470      0.0024   0.0040   82.17    345    Success 
   335       -4.5512     0.3945      0.0028   0.0053   82.65    346    Success 
   336       -4.5545     0.4124      0.0033   0.0054   82.00    347    Success 
   337       -4.5569     0.5269      0.0024   0.0056   82.07    348    Success 
   338       -4.5589     0.2941      0.0020   0.0013   76.38    349    Success 
   339       -4.5605     0.2781      0.0016   0.0025   79.75    350    Success 
   340       -4.5626     0.3782      0.0021   0.0029   78.18    351    Success 
   341       -4.5653     0.3726      0.0027   0.0074   85.26    352    Success 
   342       -4.5669     0.5756      0.0015   0.0028   73.58    353    Success 
   343       -4.5687     0.3431      0.0018   0.0058   87.07    354    Success 
   344       -4.5699     0.2479      0.0012   0.0008   67.75    355    Success 
   345       -4.5709     0.2300      0.0010   0.0013   77.23    356    Success 
   346       -4.5723     0.2749      0.0014   0.0023   77.53    357    Success 
   347       -4.5738     0.2444      0.0015   0.0032   79.58    358    Success 
   348       -4.5747     0.1856      0.0010   0.0012   74.97    359    Success 
   349       -4.5759     0.2077      0.0012   0.0032   80.65    360    Success 
   350       -4.5766     0.2557      0.0007   0.0016   74.21    361    Success 
   351       -4.5770     0.1432      0.0003   0.0015   82.16    362    Success 
   352       -4.5771     0.0734      0.0002   0.0002   66.12    363   SmallGrad

 LBFGS  --  Normal Termination due to SmallGrad

 Final Function Value :           -4.57713485
 Final RMS Gradient :              0.07338079
 Final Gradient Norm :             0.31132834
