
     ######################################################################
   ##########################################################################
  ###                                                                      ###
 ###            Tinker  ---  Software Tools for Molecular Design            ###
 ##                                                                          ##
 ##                      Version 8.9.4   September 2021                      ##
 ##                                                                          ##
 ##               Copyright (c)  Jay William Ponder  1990-2021               ##
 ###                           All Rights Reserved                          ###
  ###                                                                      ###
   ##########################################################################
     ######################################################################


 Additional Atom Definition Parameters :

     Type  Class  Symbol  Description               Atomic    Mass   Valence

      405   405     C     34_Index_0                   6     12.011     3
      401   401     C     34_Index_0                   6     12.011     3
      402   402     C     34_Index_0                   6     12.011     3
      403   403     C     34_Index_0                   6     12.011     3
      404   404     C     34_Index_0                   6     12.011     3
      406   406     O     34_Index_0                   8     15.999     2
      408   408     O     34_Index_0                   8     15.999     1
      407   407     H     34_Index_0                   1      1.008     1
      409   409     H     34_Index_0                   1      1.008     1
      410   410     H     34_Index_0                   1      1.008     1
      411   411     H     34_Index_0                   1      1.008     1

 Additional Bond Stretching Parameters :

     Atom Classes             K(S)         Length

       406 405             285.608         1.3600
       408 405             666.175         1.2200
       401 405             287.793         1.4463
       404 401             379.094         1.4000
       403 402             379.094         1.4000
       404 402             379.094         1.3900
       409 402             368.093         1.0900
       402 403             379.094         1.4000
       410 403             368.093         1.0900
       407 404             368.093         1.0900
       411 406             487.849         0.9800

 Additional Angle Bending Parameters :

     Atom Classes             K(B)          Angle

     411 406 405            45.149        106.555
     404 401 405            66.632        117.869
     402 404 401            74.631        119.590
     407 404 401            36.770        119.390
     406 405 401            77.303        110.597
     408 405 401            64.148        125.090
     402 403 402            74.631        119.980
     410 403 402            36.770        120.010
     407 404 402            36.770        121.030
     404 402 403            74.631        120.220
     409 402 403            36.770        120.010
     409 402 404            36.770        119.760
     404 401 404            74.631        120.400
     408 405 406            71.920        123.915

 Additional Stretch-Bend Parameters :

     Atom Classes          K(SB)-1        K(SB)-2

     411 406 405            31.076         31.076
     404 401 405            20.453         20.453
     402 404 401            20.453         20.453
     407 404 401            20.453         20.453
     406 405 401            17.707        -17.707
     408 405 401            17.707        -17.707
     402 403 402            20.453         20.453
     410 403 402            20.453         20.453
     407 404 402            20.453         20.453
     404 402 403            20.453         20.453
     409 402 403            20.453         20.453
     409 402 404            20.453         20.453
     404 401 404            20.453         20.453
     408 405 406            17.707        -17.707

 Additional Out-of-Plane Bend Parameters :

     Atom Classes                   K(OPB)

     406 405   0   0               116.142
     408 405   0   0               117.707
     401 405   0   0                73.907
     405 401   0   0                73.907
     404 401   0   0                84.886
     401 404   0   0                84.886
     403 402   0   0                84.886
     402 403   0   0                84.886
     404 402   0   0                84.886
     402 404   0   0                84.886
     409 402   0   0                72.814
     410 403   0   0                72.814
     407 404   0   0                72.814

 Additional Torsional Parameters :

     Atom Classes     1-Fold    2-Fold    3-Fold    4-Fold    5-Fold    6-Fold

   402 404 401 405   0.00   0  0.00 180  0.30   0  0.00   0  0.00   0  0.00   0
   407 404 401 405   0.00   0  0.00 180  0.30   0  0.00   0  0.00   0  0.00   0
   403 402 404 401   0.00   0  0.00 180  0.30   0  0.00   0  0.00   0  0.00   0
   411 406 405 401   0.00   0  0.00 180  0.30   0  0.00   0  0.00   0  0.00   0
   404 402 403 402   0.00   0  0.00 180  0.30   0  0.00   0  0.00   0  0.00   0
   409 402 403 402   0.00   0  0.00 180  0.30   0  0.00   0  0.00   0  0.00   0
   404 401 404 402   0.00   0  0.00 180  0.30   0  0.00   0  0.00   0  0.00   0
   407 404 402 403   0.00   0  0.00 180  0.30   0  0.00   0  0.00   0  0.00   0
   402 403 402 404   0.00   0  0.00 180  0.30   0  0.00   0  0.00   0  0.00   0
   410 403 402 404   0.00   0  0.00 180  0.30   0  0.00   0  0.00   0  0.00   0
   402 404 401 404   0.00   0  0.00 180  0.30   0  0.00   0  0.00   0  0.00   0
   407 404 401 404   0.00   0  0.00 180  0.30   0  0.00   0  0.00   0  0.00   0
   406 405 401 404   0.00   0  0.00 180  0.30   0  0.00   0  0.00   0  0.00   0
   408 405 401 404   0.00   0  0.00 180  0.30   0  0.00   0  0.00   0  0.00   0
   409 402 404 407   0.00   0  0.00 180  0.30   0  0.00   0  0.00   0  0.00   0
   411 406 405 408  -1.20   0  5.39 180  0.40   0  0.00   0  0.00   0  0.00   0
   409 402 404 401   0.55   0 11.38 180 -0.55   0  0.00   0  0.00   0  0.00   0
   410 403 402 409   0.00   0 10.92 180  0.00   0  0.00   0  0.00   0  0.00   0
   407 404 402 409   0.00   0 10.92 180  0.00   0  0.00   0  0.00   0  0.00   0

 Additional Atomic Multipole Parameters :

     Atom Type     Coordinate Frame Definition         Multipole Moments

         405      408    406      0   Z-then-X     1.02073
                                                   0.13510  0.00000 -0.01093
                                                   0.08672
                                                   0.00000 -0.46922
                                                  -0.86658  0.00000  0.38250

         401      404    404      0   Bisector     0.00534
                                                   0.00000  0.00000  0.42598
                                                  -0.74266
                                                   0.00000 -0.48064
                                                   0.00000  0.00000  1.22330

         402      409    404      0   Z-then-X    -0.02482
                                                  -0.01472  0.00000  0.06272
                                                   0.20580
                                                   0.00000 -0.14037
                                                   0.02742  0.00000 -0.06543

         403      402    402      0   Bisector     0.01736
                                                   0.00000  0.00000  0.09548
                                                   0.09677
                                                   0.00000 -0.22974
                                                   0.00000  0.00000  0.13297

         404      407    402      0   Z-then-X    -0.04661
                                                  -0.18240  0.00000  0.09049
                                                   0.29830
                                                   0.00000 -0.05492
                                                  -0.13956  0.00000 -0.24338

         406      411    405      0   Z-then-X    -0.52893
                                                  -0.00638  0.00000  0.28028
                                                   0.00872
                                                   0.00000 -0.42886
                                                  -0.09201  0.00000  0.42014

         408      405    406      0   Z-then-X    -0.70401
                                                   0.12192  0.00000 -0.16906
                                                  -0.57481
                                                   0.00000  0.30443
                                                   0.13728  0.00000  0.27038

         407      404    402      0   Z-then-X     0.02772
                                                   0.00747  0.00000 -0.16816
                                                   0.10857
                                                   0.00000 -0.00851
                                                   0.01722  0.00000 -0.10006

         409      402    404      0   Z-then-X     0.01093
                                                  -0.00168  0.00000 -0.16046
                                                   0.12170
                                                   0.00000 -0.01706
                                                  -0.00819  0.00000 -0.10464

         410      403      0      0   Z-Only       0.00808
                                                   0.00000  0.00000 -0.15269
                                                   0.02569
                                                   0.00000  0.02569
                                                   0.00000  0.00000 -0.05138

         411      406    405      0   Z-then-X     0.24699
                                                  -0.00898  0.00000 -0.11437
                                                   0.04285
                                                   0.00000 -0.08364
                                                  -0.00721  0.00000  0.04079

 Additional Atomic Dipole Polarizability Parameters :

     Atom Type           Alpha       Thole     Group Atom Types

         405             2.064       0.390         406  408
         401             2.064       0.390         404
         402             2.064       0.390         403  404  409
         403             2.064       0.390         402  410
         404             2.064       0.390         401  402  407
         406             0.832       0.390         405  411
         408             0.914       0.390         405
         407             0.432       0.390         404
         409             0.432       0.390         402
         410             0.432       0.390         403
         411             0.457       0.390         406

 Additional van der Waals Parameters :

     Atom Class               Size        Epsilon        Reduction

         403                3.8200         0.1010          0.000
         408                3.3000         0.1120          0.000
         406                3.4050         0.1100          0.000
         411                2.6550         0.0150          0.910
         405                3.7800         0.1060          0.000
         404                3.8200         0.1010          0.000
         407                2.9100         0.0330          0.900
         401                3.8000         0.0910          0.000
         402                3.8000         0.0910          0.000
         409                2.9800         0.0260          0.920
         410                2.9800         0.0260          0.920

 Additional Solvation Parameters :

     Atom Type                PB Size     CS Size     GK Size

         411             2.5740      2.7580      2.9054
         407             2.5740      2.7580      2.9054
         409             2.5740      2.7580      2.9054
         410             2.5740      2.7580      2.9054
         404             3.8585      3.7660      3.8448
         405             2.9301      4.5060      4.2118
         401             3.6909      3.7660      4.4258
         402             3.8286      3.8930      4.5084
         403             3.8286      3.8930      4.5084
         408             2.9835      3.3560      2.9616
         406             3.3991      2.8190      2.9337

 Limited Memory BFGS Quasi-Newton Optimization :

 QN Iter     F Value      G RMS      F Move   X Move   Angle  FG Call  Comment

     0      333.8828   264.8591                                   1
     1      131.2242   110.3251    202.6586   0.0982    0.00      2    Success 
     2       80.1494    49.5907     51.0748   0.0459   22.61      3    Success 
     3       55.6911    38.4335     24.4583   0.0416   25.03      4    Success 
     4       33.4871    34.3037     22.2040   0.0663   41.05      5    Success 
     5       20.7936    44.6108     12.6935   0.0880   53.78      6    Success 
     6       12.8223    18.9528      7.9713   0.0317   59.34      7    Success 
     7       10.3191    11.8142      2.5032   0.0239   61.54      8    Success 
     8        8.5802    10.7469      1.7388   0.0251   64.84      9    Success 
     9        6.1151     8.7734      2.4652   0.0425   64.97     10    Success 
    10        4.7129    15.9774      1.4022   0.0647   66.85     11    Success 
    11        3.5524     5.7008      1.1605   0.0229   70.92     12    Success 
    12        3.3032     3.2803      0.2492   0.0070   61.72     13    Success 
    13        3.0763     2.9095      0.2269   0.0175   71.08     14    Success 
    14        2.8278     2.8482      0.2486   0.0172   68.97     15    Success 
    15        2.5612     4.4630      0.2665   0.0271   69.02     16    Success 
    16        2.3801     3.3925      0.1812   0.0142   72.01     17    Success 
    17        2.2671     2.1724      0.1130   0.0055   61.94     18    Success 
    18        2.1608     2.1373      0.1063   0.0075   54.84     19    Success 
    19        2.0821     2.4345      0.0788   0.0074   64.95     20    Success 
    20        1.9840     1.7524      0.0981   0.0119   72.61     21    Success 
    21        1.9245     1.4382      0.0595   0.0083   65.50     22    Success 
    22        1.9055     1.4355      0.0190   0.0085   76.90     23    Success 
    23        1.8922     0.8814      0.0133   0.0031   72.41     24    Success 
    24        1.8836     0.7096      0.0086   0.0015   58.82     25    Success 
    25        1.8713     0.8831      0.0123   0.0026   58.51     26    Success 
    26        1.8577     0.8805      0.0136   0.0048   73.95     27    Success 
    27        1.8460     1.5783      0.0117   0.0057   72.62     28    Success 
    28        1.8280     0.9909      0.0180   0.0035   76.83     29    Success 
    29        1.8025     0.8274      0.0255   0.0073   74.03     30    Success 
    30        1.7786     1.1632      0.0239   0.0085   75.37     31    Success 
    31        1.7423     1.7207      0.0364   0.0115   78.53     32    Success 
    32        1.6856     2.0096      0.0567   0.0178   82.40     33    Success 
    33        1.6044     2.6668      0.0812   0.0248   82.74     34    Success 
    34        1.5165     3.6175      0.0879   0.0296   83.43     35    Success 
    35        1.4057     2.0149      0.1108   0.0118   76.76     36    Success 
    36        1.3355     4.2999      0.0701   0.0362   80.39     37    Success 
    37        1.2485     2.2487      0.0871   0.0073   75.69     38    Success 
    38        1.1923     1.3546      0.0561   0.0092   77.73     39    Success 
    39        1.1316     1.6066      0.0608   0.0208   80.61     40    Success 
    40        1.0610     2.3811      0.0706   0.0264   80.83     41    Success 
    41        0.9853     1.8652      0.0757   0.0156   79.57     42    Success 
    42        0.9228     2.1776      0.0625   0.0182   79.85     43    Success 
    43        0.8913     2.4185      0.0315   0.0117   74.22     44    Success 
    44        0.8468     1.8148      0.0445   0.0082   79.82     45    Success 
    45        0.8023     1.9056      0.0445   0.0084   76.58     46    Success 
    46        0.7510     1.8355      0.0513   0.0067   72.69     47    Success 
    47        0.6817     2.2171      0.0693   0.0135   76.74     48    Success 
    48        0.6154     2.2205      0.0663   0.0173   78.41     49    Success 
    49        0.5768     1.5399      0.0387   0.0074   73.97     50    Success 
    50        0.5639     2.3370      0.0129   0.0166   81.31     51    Success 
    51        0.5443     1.3791      0.0196   0.0032   79.01     52    Success 
    52        0.5279     0.6395      0.0164   0.0029   68.58     53    Success 
    53        0.5185     0.7294      0.0094   0.0017   51.24     54    Success 
    54        0.5044     0.7566      0.0141   0.0041   69.89     55    Success 
    55        0.4893     1.2943      0.0151   0.0074   73.67     56    Success 
    56        0.4746     0.8483      0.0147   0.0072   81.62     57    Success 
    57        0.4658     0.7016      0.0088   0.0027   72.72     58    Success 
    58        0.4561     0.8311      0.0096   0.0043   74.66     59    Success 
    59        0.4462     1.3207      0.0099   0.0049   74.94     60    Success 
    60        0.4301     0.9736      0.0161   0.0050   80.34     61    Success 
    61        0.4040     0.9748      0.0261   0.0095   78.91     62    Success 
    62        0.3667     1.4362      0.0373   0.0150   78.56     63    Success 
    63        0.3527     2.8921      0.0140   0.0196   82.65     64    Success 
    64        0.3343     2.1164      0.0184   0.0036   81.42     65    Success 
    65        0.3107     0.9770      0.0236   0.0020   60.65     66    Success 
    66        0.2957     0.6084      0.0150   0.0037   71.09     67    Success 
    67        0.2834     0.8211      0.0123   0.0062   74.51     68    Success 
    68        0.2756     1.4388      0.0078   0.0067   80.01     69    Success 
    69        0.2654     0.8814      0.0102   0.0027   77.07     70    Success 
    70        0.2564     0.7207      0.0090   0.0047   80.06     71    Success 
    71        0.2480     0.6741      0.0084   0.0037   72.04     72    Success 
    72        0.2415     0.9758      0.0065   0.0085   83.01     73    Success 
    73        0.2320     0.6220      0.0095   0.0027   75.12     74    Success 
    74        0.2194     0.5854      0.0126   0.0075   76.87     75    Success 
    75        0.2095     1.0070      0.0100   0.0086   80.28     76    Success 
    76        0.1949     1.0353      0.0145   0.0093   83.25     77    Success 
    77        0.1768     1.3548      0.0182   0.0165   84.58     78    Success 
    78        0.1580     1.3466      0.0188   0.0108   82.04     79    Success 
    79        0.1374     1.4377      0.0206   0.0153   84.18     80    Success 
    80        0.1147     1.5102      0.0227   0.0036   67.22     81    Success 
    81        0.0819     1.5817      0.0328   0.0129   82.75     82    Success 
    82        0.0407     1.7427      0.0411   0.0188   82.96     83    Success 
    83        0.0015     2.3880      0.0393   0.0251   84.43     84    Success 
    84       -0.0168     2.5817      0.0182   0.0067   74.06     85    Success 
    85       -0.0503     2.0387      0.0336   0.0089   84.91     86    Success 
    86       -0.1053     1.6002      0.0549   0.0212   85.05     87    Success 
    87       -0.1561     3.1168      0.0509   0.0301   82.71     88    Success 
    88       -0.1979     2.0456      0.0418   0.0102   81.42     89    Success 
    89       -0.2524     1.8066      0.0544   0.0130   81.33     90    Success 
    90       -0.3205     2.5522      0.0682   0.0266   82.76     91    Success 
    91       -0.3896     2.1273      0.0691   0.0150   81.95     92    Success 
    92       -0.4754     1.8082      0.0857   0.0256   82.28     93    Success 
    93       -0.5172     3.0900      0.0418   0.0335   83.27     94    Success 
    94       -0.5425     2.2962      0.0253   0.0062   75.89     95    Success 
    95       -0.5712     1.2345      0.0288   0.0049   75.56     96    Success 
    96       -0.5860     0.9906      0.0148   0.0044   78.36     97    Success 
    97       -0.6071     1.2704      0.0211   0.0093   79.71     98    Success 
    98       -0.6313     1.2819      0.0243   0.0104   81.90     99    Success 
    99       -0.6459     2.4616      0.0146   0.0199   83.92    100    Success 
   100       -0.6687     1.4114      0.0227   0.0030   77.29    101    Success 
   101       -0.6928     0.9249      0.0241   0.0137   83.69    102    Success 
   102       -0.7065     1.0164      0.0137   0.0063   76.63    103    Success 
   103       -0.7223     0.9240      0.0158   0.0204   85.80    104    Success 
   104       -0.7362     0.8691      0.0139   0.0063   79.22    105    Success 
   105       -0.7536     0.9375      0.0174   0.0095   79.23    106    Success 
   106       -0.7714     1.1125      0.0178   0.0116   83.32    107    Success 
   107       -0.7959     1.3491      0.0245   0.0153   83.31    108    Success 
   108       -0.8201     1.2557      0.0242   0.0205   84.35    109    Success 
   109       -0.8359     0.7775      0.0158   0.0076   82.41    110    Success 
   110       -0.8499     0.7921      0.0140   0.0105   81.72    111    Success 
   111       -0.8577     1.1161      0.0078   0.0117   83.33    112    Success 
   112       -0.8643     0.5093      0.0067   0.0023   74.96    113    Success 
   113       -0.8664     0.6438      0.0021   0.0056   85.44    115    Success 
   114       -0.8698     0.5893      0.0034   0.0023   81.20    116    Success 
   115       -0.8754     0.5483      0.0055   0.0055   83.31    117    Success 
   116       -0.8830     0.6735      0.0076   0.0109   84.08    118    Success 
   117       -0.8908     0.8790      0.0078   0.0152   85.28    119    Success 
   118       -0.8979     0.6452      0.0071   0.0046   80.69    120    Success 
   119       -0.9039     0.9183      0.0060   0.0163   86.29    121    Success 
   120       -0.9129     0.6409      0.0090   0.0031   76.48    122    Success 
   121       -0.9275     0.6723      0.0146   0.0086   79.60    123    Success 
   122       -0.9493     0.8683      0.0218   0.0135   79.73    124    Success 
   123       -0.9630     1.3250      0.0137   0.0112   75.52    125    Success 
   124       -0.9709     1.1488      0.0079   0.0094   84.48    126    Success 
   125       -0.9742     0.8381      0.0033   0.0042   85.52    128    Success 
   126       -0.9786     0.4801      0.0044   0.0016   74.19    129    Success 
   127       -0.9827     0.4382      0.0040   0.0030   77.98    130    Success 
   128       -0.9880     0.6609      0.0053   0.0080   82.67    131    Success 
   129       -0.9896     1.1946      0.0015   0.0107   85.17    132    Success 
   130       -0.9923     0.9123      0.0027   0.0005   71.65    133    Success 
   131       -0.9963     0.4627      0.0041   0.0016   78.00    134    Success 
   132       -0.9990     0.3078      0.0027   0.0032   80.89    135    Success 
   133       -1.0008     0.3770      0.0018   0.0036   83.73    136    Success 
   134       -1.0036     0.4833      0.0027   0.0045   83.23    137    Success 
   135       -1.0072     0.4827      0.0036   0.0093   86.14    138    Success 
   136       -1.0087     0.6348      0.0016   0.0056   81.57    139    Success 
   137       -1.0109     0.3215      0.0022   0.0036   85.69    140    Success 
   138       -1.0125     0.2610      0.0016   0.0008   57.27    141    Success 
   139       -1.0136     0.3033      0.0011   0.0011   74.16    142    Success 
   140       -1.0152     0.3921      0.0016   0.0020   77.87    143    Success 
   141       -1.0173     0.3448      0.0021   0.0033   82.26    144    Success 
   142       -1.0195     0.4095      0.0022   0.0042   83.16    145    Success 
   143       -1.0228     0.3684      0.0034   0.0051   83.27    146    Success 
   144       -1.0279     0.5273      0.0051   0.0077   82.50    147    Success 
   145       -1.0335     0.4768      0.0056   0.0067   80.92    148    Success 
   146       -1.0353     0.6042      0.0018   0.0055   85.96    150    Success 
   147       -1.0377     0.3884      0.0024   0.0013   75.41    151    Success 
   148       -1.0399     0.2882      0.0022   0.0022   77.31    152    Success 
   149       -1.0418     0.3734      0.0020   0.0029   79.23    153    Success 
   150       -1.0438     0.4584      0.0019   0.0037   81.04    154    Success 
   151       -1.0456     0.2527      0.0018   0.0014   75.72    155    Success 
   152       -1.0471     0.5971      0.0015   0.0056   82.92    156    Success 
   153       -1.0491     0.3392      0.0020   0.0010   73.63    157    Success 
   154       -1.0518     0.2762      0.0027   0.0040   82.17    158    Success 
   155       -1.0556     0.5371      0.0039   0.0080   82.18    159    Success 
   156       -1.0605     0.6156      0.0048   0.0081   84.35    160    Success 
   157       -1.0631     0.8047      0.0026   0.0055   81.61    161    Success 
   158       -1.0661     0.7957      0.0031   0.0054   86.19    162    Success 
   159       -1.0695     0.4137      0.0034   0.0012   69.96    163    Success 
   160       -1.0716     0.4160      0.0020   0.0028   82.80    164    Success 
   161       -1.0745     0.4007      0.0030   0.0036   81.34    165    Success 
   162       -1.0759     0.7946      0.0014   0.0043   79.01    166    Success 
   163       -1.0779     0.4319      0.0020   0.0006   72.37    167    Success 
   164       -1.0797     0.3693      0.0018   0.0022   80.98    168    Success 
   165       -1.0809     0.5102      0.0012   0.0010   66.04    169    Success 
   166       -1.0828     0.5745      0.0019   0.0035   85.82    170    Success 
   167       -1.0854     0.7252      0.0026   0.0052   85.91    171    Success 
   168       -1.0895     0.6539      0.0041   0.0032   82.93    172    Success 
   169       -1.0954     0.4650      0.0059   0.0036   78.76    173    Success 
   170       -1.1000     1.0379      0.0046   0.0087   82.93    174    Success 
   171       -1.1057     0.6369      0.0057   0.0028   79.92    175    Success 
   172       -1.1120     0.5124      0.0063   0.0063   83.43    176    Success 
   173       -1.1187     0.8174      0.0067   0.0093   81.59    177    Success 
   174       -1.1219     0.9037      0.0032   0.0031   72.87    178    Success 
   175       -1.1265     0.7216      0.0046   0.0036   83.65    179    Success 
   176       -1.1320     0.6870      0.0055   0.0032   78.80    180    Success 
   177       -1.1386     0.9476      0.0067   0.0047   81.69    181    Success 
   178       -1.1492     1.0363      0.0106   0.0052   81.34    182    Success 
   179       -1.1600     1.9108      0.0107   0.0139   85.30    183    Success 
   180       -1.1759     1.3353      0.0159   0.0048   82.59    184    Success 
   181       -1.1955     1.0730      0.0196   0.0141   84.80    185    Success 
   182       -1.2118     0.9175      0.0163   0.0126   82.81    186    Success 
   183       -1.2208     1.4870      0.0090   0.0133   85.17    187    Success 
   184       -1.2268     1.4875      0.0061   0.0033   78.41    188    Success 
   185       -1.2360     0.8848      0.0092   0.0049   84.66    189    Success 
   186       -1.2435     0.8394      0.0075   0.0082   84.50    190    Success 
   187       -1.2471     0.6746      0.0036   0.0015   77.27    191    Success 
   188       -1.2521     0.6930      0.0050   0.0065   84.73    192    Success 
   189       -1.2585     0.8624      0.0063   0.0058   82.08    193    Success 
   190       -1.2681     0.7303      0.0096   0.0079   84.06    194    Success 
   191       -1.2824     0.8235      0.0143   0.0097   81.36    195    Success 
   192       -1.2986     1.1425      0.0162   0.0101   78.97    196    Success 
   193       -1.3078     1.5636      0.0092   0.0107   83.06    197    Success 
   194       -1.3127     1.1711      0.0048   0.0059   83.56    198    Success 
   195       -1.3198     0.5689      0.0072   0.0013   68.88    199    Success 
   196       -1.3251     0.5502      0.0053   0.0034   76.61    200    Success 
   197       -1.3288     0.6965      0.0037   0.0033   82.06    201    Success 
   198       -1.3349     0.7834      0.0062   0.0049   83.16    202    Success 
   199       -1.3421     1.1710      0.0072   0.0078   83.61    203    Success 
   200       -1.3520     0.8920      0.0099   0.0077   84.92    204    Success 
   201       -1.3585     0.4147      0.0065   0.0036   77.83    205    Success 
   202       -1.3619     0.6220      0.0034   0.0064   82.54    207    Success 
   203       -1.3652     0.5219      0.0033   0.0018   75.02    208    Success 
   204       -1.3690     0.4183      0.0038   0.0031   79.66    209    Success 
   205       -1.3749     0.4539      0.0059   0.0071   81.74    210    Success 
   206       -1.3818     0.8272      0.0069   0.0115   82.75    211    Success 
   207       -1.3899     0.5792      0.0081   0.0069   82.27    212    Success 
   208       -1.3943     0.6981      0.0043   0.0090   85.23    214    Success 
   209       -1.3997     0.4738      0.0054   0.0033   77.98    215    Success 
   210       -1.4022     0.7436      0.0025   0.0068   82.33    216    Success 
   211       -1.4050     0.3419      0.0028   0.0005   52.01    217    Success 
   212       -1.4069     0.3342      0.0018   0.0023   79.60    218    Success 
   213       -1.4092     0.3625      0.0024   0.0037   81.02    219    Success 
   214       -1.4114     0.5171      0.0022   0.0068   83.86    220    Success 
   215       -1.4141     0.4036      0.0027   0.0020   77.43    221    Success 
   216       -1.4161     0.5558      0.0020   0.0067   84.65    222    Success 
   217       -1.4185     0.4607      0.0024   0.0011   69.22    223    Success 
   218       -1.4219     0.4052      0.0033   0.0035   82.11    224    Success 
   219       -1.4273     0.4549      0.0054   0.0071   82.58    225    Success 
   220       -1.4347     0.6486      0.0075   0.0122   83.80    226    Success 
   221       -1.4418     0.7530      0.0070   0.0091   83.34    227    Success 
   222       -1.4480     0.9615      0.0063   0.0172   86.58    228    Success 
   223       -1.4541     0.7517      0.0061   0.0023   71.29    229    Success 
   224       -1.4601     0.3821      0.0061   0.0058   82.50    230    Success 
   225       -1.4625     0.3337      0.0023   0.0058   85.40    231    Success 
   226       -1.4658     0.3714      0.0033   0.0077   84.19    232    Success 
   227       -1.4702     0.5274      0.0044   0.0071   81.99    233    Success 
   228       -1.4763     0.5742      0.0061   0.0099   85.08    234    Success 
   229       -1.4853     0.7492      0.0090   0.0140   85.16    235    Success 
   230       -1.4990     0.8084      0.0137   0.0139   84.49    236    Success 
   231       -1.5174     0.9249      0.0184   0.0292   86.30    237    Success 
   232       -1.5403     1.0766      0.0229   0.0204   83.79    238    Success 
   233       -1.5641     1.0554      0.0237   0.0234   85.13    239    Success 
   234       -1.5866     0.8913      0.0225   0.0122   80.51    240    Success 
   235       -1.5987     1.0826      0.0121   0.0044   68.23    241    Success 
   236       -1.6103     0.7001      0.0116   0.0050   80.57    242    Success 
   237       -1.6234     0.7019      0.0131   0.0089   79.74    243    Success 
   238       -1.6330     1.0880      0.0096   0.0134   84.17    244    Success 
   239       -1.6439     0.8873      0.0109   0.0065   81.28    245    Success 
   240       -1.6544     0.9896      0.0105   0.0174   85.52    246    Success 
   241       -1.6647     0.6939      0.0103   0.0043   78.16    247    Success 
   242       -1.6734     0.6188      0.0087   0.0042   76.12    248    Success 
   243       -1.6843     0.7040      0.0109   0.0083   79.51    249    Success 
   244       -1.6949     0.6711      0.0106   0.0072   79.81    250    Success 
   245       -1.7036     0.7581      0.0087   0.0056   76.58    251    Success 
   246       -1.7113     0.6323      0.0078   0.0082   84.01    252    Success 
   247       -1.7192     0.5506      0.0079   0.0063   81.09    253    Success 
   248       -1.7279     0.6851      0.0087   0.0104   81.77    254    Success 
   249       -1.7363     0.6466      0.0084   0.0115   84.44    255    Success 
   250       -1.7445     0.7702      0.0082   0.0056   79.36    256    Success 
   251       -1.7532     0.7092      0.0087   0.0158   85.72    257    Success 
   252       -1.7623     0.8152      0.0091   0.0079   80.12    258    Success 
   253       -1.7733     0.6486      0.0110   0.0032   73.03    259    Success 
   254       -1.7888     0.6124      0.0154   0.0062   72.11    260    Success 
   255       -1.7956     1.8030      0.0068   0.0128   77.53    261    Success 
   256       -1.8063     1.0839      0.0107   0.0012   69.48    262    Success 
   257       -1.8192     0.6570      0.0129   0.0074   81.78    263    Success 
   258       -1.8261     0.7137      0.0068   0.0040   76.42    264    Success 
   259       -1.8346     0.8899      0.0085   0.0143   85.75    265    Success 
   260       -1.8447     0.7127      0.0102   0.0138   86.23    266    Success 
   261       -1.8562     0.9544      0.0114   0.0103   81.20    267    Success 
   262       -1.8670     0.8749      0.0109   0.0091   84.33    268    Success 
   263       -1.8819     0.8253      0.0149   0.0102   82.84    269    Success 
   264       -1.9011     1.1562      0.0191   0.0110   79.51    270    Success 
   265       -1.9113     1.5034      0.0103   0.0117   85.77    272    Success 
   266       -1.9270     1.1902      0.0157   0.0045   80.23    273    Success 
   267       -1.9503     0.9915      0.0233   0.0118   82.85    274    Success 
   268       -1.9672     1.4270      0.0169   0.0114   76.80    275    Success 
   269       -1.9888     0.9605      0.0215   0.0155   85.12    276    Success 
   270       -2.0008     1.0904      0.0121   0.0106   82.15    277    Success 
   271       -2.0060     0.9180      0.0052   0.0027   76.39    278    Success 
   272       -2.0139     0.6385      0.0079   0.0056   83.50    279    Success 
   273       -2.0223     0.8765      0.0084   0.0083   81.63    280    Success 
   274       -2.0292     0.8260      0.0069   0.0027   78.55    281    Success 
   275       -2.0405     0.8153      0.0113   0.0059   80.91    282    Success 
   276       -2.0505     1.4399      0.0100   0.0116   82.37    283    Success 
   277       -2.0633     0.6278      0.0128   0.0061   82.74    284    Success 
   278       -2.0696     0.8811      0.0063   0.0099   84.37    285    Success 
   279       -2.0764     0.6856      0.0068   0.0041   78.76    286    Success 
   280       -2.0822     0.5175      0.0059   0.0091   85.56    287    Success 
   281       -2.0883     0.7291      0.0060   0.0065   78.81    288    Success 
   282       -2.0935     0.4729      0.0053   0.0028   77.37    289    Success 
   283       -2.0980     0.4122      0.0045   0.0037   78.96    290    Success 
   284       -2.1031     0.6238      0.0051   0.0072   80.44    291    Success 
   285       -2.1075     0.6267      0.0044   0.0063   82.48    292    Success 
   286       -2.1115     0.4644      0.0039   0.0051   84.76    293    Success 
   287       -2.1157     0.4122      0.0042   0.0057   80.48    294    Success 
   288       -2.1173     0.4519      0.0016   0.0080   86.26    295    Success 
   289       -2.1190     0.3715      0.0017   0.0012   70.20    296    Success 
   290       -2.1200     0.1936      0.0010   0.0011   76.92    297    Success 
   291       -2.1205     0.1783      0.0005   0.0013   82.43    298    Success 
   292       -2.1212     0.1646      0.0007   0.0017   80.36    299    Success 
   293       -2.1220     0.2469      0.0008   0.0020   75.72    300    Success 
   294       -2.1227     0.1880      0.0008   0.0012   78.32    301    Success 
   295       -2.1236     0.1983      0.0008   0.0013   74.92    302    Success 
   296       -2.1247     0.2601      0.0011   0.0017   74.08    303    Success 
   297       -2.1254     0.2889      0.0008   0.0023   78.58    304    Success 
   298       -2.1261     0.1309      0.0007   0.0006   72.44    305    Success 
   299       -2.1267     0.1444      0.0005   0.0010   71.28    306    Success 
   300       -2.1272     0.1969      0.0006   0.0013   78.02    307    Success 
   301       -2.1282     0.2571      0.0009   0.0016   78.24    308    Success 
   302       -2.1296     0.2799      0.0014   0.0028   81.47    309    Success 
   303       -2.1313     0.2717      0.0017   0.0044   82.82    310    Success 
   304       -2.1323     0.3154      0.0010   0.0041   84.16    311    Success 
   305       -2.1334     0.1924      0.0011   0.0017   80.69    312    Success 
   306       -2.1344     0.2220      0.0010   0.0014   72.08    313    Success 
   307       -2.1356     0.3021      0.0012   0.0016   73.79    314    Success 
   308       -2.1375     0.3284      0.0019   0.0031   81.76    315    Success 
   309       -2.1406     0.3820      0.0030   0.0056   83.37    316    Success 
   310       -2.1449     0.4476      0.0043   0.0094   84.60    317    Success 
   311       -2.1504     0.4805      0.0055   0.0144   85.76    318    Success 
   312       -2.1515     1.2401      0.0011   0.0151   85.19    319    Success 
   313       -2.1535     1.0435      0.0020   0.0004   76.26    320    Success 
   314       -2.1569     0.6953      0.0034   0.0017   82.56    321    Success 
   315       -2.1603     0.3719      0.0035   0.0016   69.90    322    Success 
   316       -2.1611     0.3854      0.0008   0.0061   86.30    323    Success 
   317       -2.1620     0.2351      0.0009   0.0015   83.29    324    Success 
   318       -2.1633     0.1592      0.0012   0.0018   76.11    325    Success 
   319       -2.1640     0.1351      0.0007   0.0020   79.53    326    Success 
   320       -2.1640     0.3472      0.0001   0.0024   81.14    327    Success 
   321       -2.1642     0.2908      0.0001   0.0002   82.24    328    Success 
   322       -2.1644     0.1878      0.0002   0.0003   80.62    329    Success 
   323       -2.1647     0.0779      0.0003   0.0010   81.84    330   SmallGrad

 LBFGS  --  Normal Termination due to SmallGrad

 Final Function Value :           -2.16468029
 Final RMS Gradient :              0.07794869
 Final Gradient Norm :             0.33070830
