
     ######################################################################
   ##########################################################################
  ###                                                                      ###
 ###            Tinker  ---  Software Tools for Molecular Design            ###
 ##                                                                          ##
 ##                      Version 8.9.4   September 2021                      ##
 ##                                                                          ##
 ##               Copyright (c)  Jay William Ponder  1990-2021               ##
 ###                           All Rights Reserved                          ###
  ###                                                                      ###
   ##########################################################################
     ######################################################################


 Additional Atom Definition Parameters :

     Type  Class  Symbol  Description               Atomic    Mass   Valence

      405   405     C     34_Index_0                   6     12.011     3
      401   401     C     34_Index_0                   6     12.011     3
      402   402     C     34_Index_0                   6     12.011     3
      403   403     C     34_Index_0                   6     12.011     3
      404   404     C     34_Index_0                   6     12.011     3
      406   406     O     34_Index_0                   8     15.999     2
      408   408     O     34_Index_0                   8     15.999     1
      407   407     H     34_Index_0                   1      1.008     1
      409   409     H     34_Index_0                   1      1.008     1
      410   410     H     34_Index_0                   1      1.008     1
      411   411     H     34_Index_0                   1      1.008     1

 Additional Bond Stretching Parameters :

     Atom Classes             K(S)         Length

       406 405             285.608         1.3600
       408 405             666.175         1.2200
       401 405             287.793         1.4463
       404 401             379.094         1.4000
       403 402             379.094         1.4000
       404 402             379.094         1.3900
       409 402             368.093         1.0900
       402 403             379.094         1.4000
       410 403             368.093         1.0900
       407 404             368.093         1.0900
       411 406             487.849         0.9800

 Additional Angle Bending Parameters :

     Atom Classes             K(B)          Angle

     411 406 405            45.149        106.555
     404 401 405            66.632        117.869
     402 404 401            74.631        119.590
     407 404 401            36.770        119.390
     406 405 401            77.303        110.597
     408 405 401            64.148        125.090
     402 403 402            74.631        119.980
     410 403 402            36.770        120.010
     407 404 402            36.770        121.030
     404 402 403            74.631        120.220
     409 402 403            36.770        120.010
     409 402 404            36.770        119.760
     404 401 404            74.631        120.400
     408 405 406            71.920        123.915

 Additional Stretch-Bend Parameters :

     Atom Classes          K(SB)-1        K(SB)-2

     411 406 405            31.076         31.076
     404 401 405            20.453         20.453
     402 404 401            20.453         20.453
     407 404 401            20.453         20.453
     406 405 401            17.707        -17.707
     408 405 401            17.707        -17.707
     402 403 402            20.453         20.453
     410 403 402            20.453         20.453
     407 404 402            20.453         20.453
     404 402 403            20.453         20.453
     409 402 403            20.453         20.453
     409 402 404            20.453         20.453
     404 401 404            20.453         20.453
     408 405 406            17.707        -17.707

 Additional Out-of-Plane Bend Parameters :

     Atom Classes                   K(OPB)

     406 405   0   0               116.142
     408 405   0   0               117.707
     401 405   0   0                73.907
     405 401   0   0                73.907
     404 401   0   0                84.886
     401 404   0   0                84.886
     403 402   0   0                84.886
     402 403   0   0                84.886
     404 402   0   0                84.886
     402 404   0   0                84.886
     409 402   0   0                72.814
     410 403   0   0                72.814
     407 404   0   0                72.814

 Additional Torsional Parameters :

     Atom Classes     1-Fold    2-Fold    3-Fold    4-Fold    5-Fold    6-Fold

   402 404 401 405   0.00   0  0.00 180  0.30   0  0.00   0  0.00   0  0.00   0
   407 404 401 405   0.00   0  0.00 180  0.30   0  0.00   0  0.00   0  0.00   0
   403 402 404 401   0.00   0  0.00 180  0.30   0  0.00   0  0.00   0  0.00   0
   411 406 405 401   0.00   0  0.00 180  0.30   0  0.00   0  0.00   0  0.00   0
   404 402 403 402   0.00   0  0.00 180  0.30   0  0.00   0  0.00   0  0.00   0
   409 402 403 402   0.00   0  0.00 180  0.30   0  0.00   0  0.00   0  0.00   0
   404 401 404 402   0.00   0  0.00 180  0.30   0  0.00   0  0.00   0  0.00   0
   407 404 402 403   0.00   0  0.00 180  0.30   0  0.00   0  0.00   0  0.00   0
   402 403 402 404   0.00   0  0.00 180  0.30   0  0.00   0  0.00   0  0.00   0
   410 403 402 404   0.00   0  0.00 180  0.30   0  0.00   0  0.00   0  0.00   0
   402 404 401 404   0.00   0  0.00 180  0.30   0  0.00   0  0.00   0  0.00   0
   407 404 401 404   0.00   0  0.00 180  0.30   0  0.00   0  0.00   0  0.00   0
   406 405 401 404   0.00   0  0.00 180  0.30   0  0.00   0  0.00   0  0.00   0
   408 405 401 404   0.00   0  0.00 180  0.30   0  0.00   0  0.00   0  0.00   0
   409 402 404 407   0.00   0  0.00 180  0.30   0  0.00   0  0.00   0  0.00   0
   411 406 405 408  -1.20   0  5.39 180  0.40   0  0.00   0  0.00   0  0.00   0
   409 402 404 401   0.55   0 11.38 180 -0.55   0  0.00   0  0.00   0  0.00   0
   410 403 402 409   0.00   0 10.92 180  0.00   0  0.00   0  0.00   0  0.00   0
   407 404 402 409   0.00   0 10.92 180  0.00   0  0.00   0  0.00   0  0.00   0

 Additional Atomic Multipole Parameters :

     Atom Type     Coordinate Frame Definition         Multipole Moments

         405      408    406      0   Z-then-X     1.02073
                                                   0.13510  0.00000 -0.01093
                                                   0.08672
                                                   0.00000 -0.46922
                                                  -0.86658  0.00000  0.38250

         401      404    404      0   Bisector     0.00534
                                                   0.00000  0.00000  0.42598
                                                  -0.74266
                                                   0.00000 -0.48064
                                                   0.00000  0.00000  1.22330

         402      409    404      0   Z-then-X    -0.02482
                                                  -0.01472  0.00000  0.06272
                                                   0.20580
                                                   0.00000 -0.14037
                                                   0.02742  0.00000 -0.06543

         403      402    402      0   Bisector     0.01736
                                                   0.00000  0.00000  0.09548
                                                   0.09677
                                                   0.00000 -0.22974
                                                   0.00000  0.00000  0.13297

         404      407    402      0   Z-then-X    -0.04661
                                                  -0.18240  0.00000  0.09049
                                                   0.29830
                                                   0.00000 -0.05492
                                                  -0.13956  0.00000 -0.24338

         406      411    405      0   Z-then-X    -0.52893
                                                  -0.00638  0.00000  0.28028
                                                   0.00872
                                                   0.00000 -0.42886
                                                  -0.09201  0.00000  0.42014

         408      405    406      0   Z-then-X    -0.70401
                                                   0.12192  0.00000 -0.16906
                                                  -0.57481
                                                   0.00000  0.30443
                                                   0.13728  0.00000  0.27038

         407      404    402      0   Z-then-X     0.02772
                                                   0.00747  0.00000 -0.16816
                                                   0.10857
                                                   0.00000 -0.00851
                                                   0.01722  0.00000 -0.10006

         409      402    404      0   Z-then-X     0.01093
                                                  -0.00168  0.00000 -0.16046
                                                   0.12170
                                                   0.00000 -0.01706
                                                  -0.00819  0.00000 -0.10464

         410      403      0      0   Z-Only       0.00808
                                                   0.00000  0.00000 -0.15269
                                                   0.02569
                                                   0.00000  0.02569
                                                   0.00000  0.00000 -0.05138

         411      406    405      0   Z-then-X     0.24699
                                                  -0.00898  0.00000 -0.11437
                                                   0.04285
                                                   0.00000 -0.08364
                                                  -0.00721  0.00000  0.04079

 Additional Atomic Dipole Polarizability Parameters :

     Atom Type           Alpha       Thole     Group Atom Types

         405             2.064       0.390         406  408
         401             2.064       0.390         404
         402             2.064       0.390         403  404  409
         403             2.064       0.390         402  410
         404             2.064       0.390         401  402  407
         406             0.832       0.390         405  411
         408             0.914       0.390         405
         407             0.432       0.390         404
         409             0.432       0.390         402
         410             0.432       0.390         403
         411             0.457       0.390         406

 Additional van der Waals Parameters :

     Atom Class               Size        Epsilon        Reduction

         403                3.8200         0.1010          0.000
         408                3.3000         0.1120          0.000
         406                3.4050         0.1100          0.000
         411                2.6550         0.0150          0.910
         405                3.7800         0.1060          0.000
         404                3.8200         0.1010          0.000
         407                2.9100         0.0330          0.900
         401                3.8000         0.0910          0.000
         402                3.8000         0.0910          0.000
         409                2.9800         0.0260          0.920
         410                2.9800         0.0260          0.920

 Additional Solvation Parameters :

     Atom Type                PB Size     CS Size     GK Size

         411             2.5740      2.7580      2.9054
         407             2.5740      2.7580      2.9054
         409             2.5740      2.7580      2.9054
         410             2.5740      2.7580      2.9054
         404             3.8585      3.7660      3.8448
         405             2.9301      4.5060      4.2118
         401             3.6909      3.7660      4.4258
         402             3.8286      3.8930      4.5084
         403             3.8286      3.8930      4.5084
         408             2.9835      3.3560      2.9616
         406             3.3991      2.8190      2.9337

 Limited Memory BFGS Quasi-Newton Optimization :

 QN Iter     F Value      G RMS      F Move   X Move   Angle  FG Call  Comment

     0       83.3790    69.8386                                   1
     1       48.6772    65.1383     34.7018   0.0982    0.00      2    Success 
     2       36.0957    40.6301     12.5815   0.0412   30.79      3    Success 
     3       29.5112    24.5063      6.5845   0.0123   21.60      4    Success 
     4       22.5613    13.9802      6.9500   0.0264   23.04      5    Success 
     5       18.1241    13.6051      4.4371   0.0304   38.53      6    Success 
     6       14.2094    23.4257      3.9147   0.0590   52.14      7    Success 
     7       10.4829    10.5937      3.7264   0.0357   66.94      8    Success 
     8        8.6922     9.7127      1.7907   0.0246   58.72      9    Success 
     9        6.6968    13.5538      1.9954   0.0449   63.93     10    Success 
    10        5.0780    11.8936      1.6188   0.0472   72.77     11    Success 
    11        4.0285     7.5064      1.0495   0.0172   69.39     12    Success 
    12        2.8349     5.8789      1.1937   0.0378   67.30     13    Success 
    13        2.2644     6.2497      0.5705   0.0243   72.26     14    Success 
    14        1.5843     4.6887      0.6801   0.0403   75.41     15    Success 
    15        1.3324     3.9697      0.2519   0.0184   68.30     16    Success 
    16        1.2378     2.2166      0.0946   0.0048   56.00     17    Success 
    17        1.1953     1.5677      0.0426   0.0043   71.47     18    Success 
    18        1.1302     1.7149      0.0650   0.0064   61.80     19    Success 
    19        1.0357     2.6767      0.0945   0.0092   62.85     20    Success 
    20        0.9246     3.9703      0.1111   0.0130   72.47     21    Success 
    21        0.7835     3.6417      0.1411   0.0127   77.10     22    Success 
    22        0.6254     2.0954      0.1581   0.0148   75.30     23    Success 
    23        0.5618     1.9502      0.0636   0.0106   72.91     24    Success 
    24        0.5255     1.5718      0.0363   0.0113   79.53     25    Success 
    25        0.4962     1.6998      0.0293   0.0051   63.59     26    Success 
    26        0.4739     0.9568      0.0223   0.0037   74.60     27    Success 
    27        0.4554     0.7793      0.0185   0.0031   56.64     28    Success 
    28        0.4434     1.0067      0.0120   0.0044   71.03     29    Success 
    29        0.4296     0.7095      0.0138   0.0034   70.94     30    Success 
    30        0.4161     0.8165      0.0136   0.0049   71.21     31    Success 
    31        0.4025     1.2443      0.0135   0.0060   72.11     32    Success 
    32        0.3880     0.8586      0.0146   0.0048   79.03     33    Success 
    33        0.3702     0.8900      0.0178   0.0073   76.38     34    Success 
    34        0.3535     1.2276      0.0167   0.0062   73.89     35    Success 
    35        0.3341     1.0676      0.0194   0.0074   80.12     36    Success 
    36        0.3088     1.1733      0.0253   0.0065   71.94     37    Success 
    37        0.2943     2.3109      0.0145   0.0148   80.73     38    Success 
    38        0.2723     1.4236      0.0221   0.0031   76.83     39    Success 
    39        0.2499     0.6652      0.0224   0.0049   73.19     40    Success 
    40        0.2405     0.5557      0.0093   0.0038   74.80     41    Success 
    41        0.2280     0.7038      0.0126   0.0072   74.90     42    Success 
    42        0.2180     1.1238      0.0100   0.0093   78.79     43    Success 
    43        0.2077     0.7411      0.0103   0.0033   75.18     44    Success 
    44        0.1994     0.5542      0.0083   0.0034   74.93     45    Success 
    45        0.1926     0.5565      0.0068   0.0030   68.90     46    Success 
    46        0.1861     0.7617      0.0064   0.0053   77.20     47    Success 
    47        0.1785     0.4754      0.0076   0.0026   72.35     48    Success 
    48        0.1721     0.3793      0.0064   0.0032   68.39     49    Success 
    49        0.1689     0.6226      0.0032   0.0037   73.47     50    Success 
    50        0.1658     0.3551      0.0031   0.0018   77.15     51    Success 
    51        0.1629     0.3588      0.0029   0.0017   67.38     52    Success 
    52        0.1602     0.4230      0.0027   0.0020   73.19     53    Success 
    53        0.1565     0.4823      0.0038   0.0026   73.83     54    Success 
    54        0.1512     0.4251      0.0053   0.0036   76.06     55    Success 
    55        0.1436     0.6905      0.0075   0.0055   75.46     56    Success 
    56        0.1320     0.9043      0.0117   0.0074   80.52     57    Success 
    57        0.1134     1.2253      0.0186   0.0105   82.17     58    Success 
    58        0.0868     1.6832      0.0266   0.0172   84.38     59    Success 
    59        0.0666     2.6018      0.0203   0.0198   84.91     60    Success 
    60        0.0381     1.4477      0.0285   0.0046   79.26     61    Success 
    61        0.0120     1.0711      0.0260   0.0164   84.46     62    Success 
    62       -0.0076     0.8405      0.0197   0.0111   82.56     63    Success 
    63       -0.0232     1.9699      0.0156   0.0273   84.71     64    Success 
    64       -0.0479     1.5669      0.0247   0.0047   79.13     65    Success 
    65       -0.0860     1.0817      0.0381   0.0154   83.47     66    Success 
    66       -0.1326     2.4068      0.0466   0.0298   82.46     67    Success 
    67       -0.1927     2.0973      0.0601   0.0128   80.35     68    Success 
    68       -0.2314     2.1921      0.0387   0.0247   85.93     70    Success 
    69       -0.2756     1.5595      0.0442   0.0089   77.22     71    Success 
    70       -0.3134     2.5456      0.0378   0.0253   82.86     72    Success 
    71       -0.3509     1.3089      0.0375   0.0051   73.23     73    Success 
    72       -0.3860     1.4450      0.0350   0.0141   80.91     74    Success 
    73       -0.4272     1.3974      0.0412   0.0146   79.35     75    Success 
    74       -0.4572     1.6805      0.0301   0.0092   78.00     76    Success 
    75       -0.4937     1.3653      0.0365   0.0059   70.66     77    Success 
    76       -0.5094     3.2637      0.0157   0.0216   82.08     78    Success 
    77       -0.5347     2.3164      0.0253   0.0031   80.23     79    Success 
    78       -0.5668     0.9591      0.0321   0.0031   67.02     80    Success 
    79       -0.5808     0.8009      0.0140   0.0033   71.71     81    Success 
    80       -0.6036     0.8540      0.0229   0.0072   74.31     82    Success 
    81       -0.6338     1.4385      0.0301   0.0111   74.53     83    Success 
    82       -0.6668     1.8660      0.0330   0.0143   80.63     84    Success 
    83       -0.6964     1.3734      0.0296   0.0047   71.26     85    Success 
    84       -0.7426     1.4504      0.0461   0.0107   77.08     86    Success 
    85       -0.7990     2.3869      0.0565   0.0176   78.41     87    Success 
    86       -0.8393     2.3050      0.0403   0.0081   76.17     88    Success 
    87       -0.8863     2.8486      0.0470   0.0168   83.82     89    Success 
    88       -0.9385     2.0027      0.0522   0.0105   79.95     90    Success 
    89       -0.9715     2.2309      0.0330   0.0151   83.63     92    Success 
    90       -1.0053     1.2794      0.0338   0.0043   71.89     93    Success 
    91       -1.0439     1.3234      0.0387   0.0130   80.33     94    Success 
    92       -1.0983     1.3819      0.0544   0.0190   80.14     95    Success 
    93       -1.1082     3.1955      0.0098   0.0226   78.84     96    Success 
    94       -1.1260     2.5873      0.0178   0.0007   61.61     97    Success 
    95       -1.1535     1.5185      0.0276   0.0024   71.24     98    Success 
    96       -1.1672     2.2627      0.0137   0.0112   79.63     99    Success 
    97       -1.1855     1.4277      0.0183   0.0053   82.68    100    Success 
    98       -1.2015     0.9336      0.0160   0.0021   68.41    101    Success 
    99       -1.2260     0.9223      0.0245   0.0050   67.86    102    Success 
   100       -1.2624     0.9181      0.0364   0.0129   76.83    103    Success 
   101       -1.2830     2.7083      0.0206   0.0192   76.74    104    Success 
   102       -1.3132     1.4818      0.0302   0.0014   54.30    105    Success 
   103       -1.3452     0.9634      0.0320   0.0061   72.44    106    Success 
   104       -1.3717     2.3187      0.0265   0.0161   78.25    107    Success 
   105       -1.4094     1.4354      0.0377   0.0068   79.46    108    Success 
   106       -1.4576     1.1926      0.0482   0.0141   79.19    109    Success 
   107       -1.5023     1.3526      0.0447   0.0125   75.32    110    Success 
   108       -1.5144     2.9436      0.0121   0.0180   80.39    111    Success 
   109       -1.5336     2.0824      0.0192   0.0027   80.24    112    Success 
   110       -1.5551     1.2104      0.0215   0.0021   61.21    113    Success 
   111       -1.5667     0.7780      0.0116   0.0020   62.72    114    Success 
   112       -1.5778     0.7648      0.0111   0.0036   75.54    115    Success 
   113       -1.5944     1.0687      0.0166   0.0068   76.19    116    Success 
   114       -1.6166     1.0214      0.0222   0.0128   82.24    117    Success 
   115       -1.6326     0.6453      0.0159   0.0075   79.76    118    Success 
   116       -1.6429     0.7490      0.0103   0.0090   80.40    119    Success 
   117       -1.6546     0.7176      0.0117   0.0071   78.37    120    Success 
   118       -1.6658     0.9495      0.0112   0.0042   73.42    121    Success 
   119       -1.6813     0.7239      0.0154   0.0083   80.92    122    Success 
   120       -1.7015     0.9518      0.0202   0.0074   72.23    123    Success 
   121       -1.7224     1.4073      0.0209   0.0124   79.00    124    Success 
   122       -1.7507     0.9986      0.0283   0.0084   79.89    125    Success 
   123       -1.7866     1.0161      0.0359   0.0126   75.85    126    Success 
   124       -1.8058     2.0622      0.0192   0.0209   81.33    127    Success 
   125       -1.8330     1.5278      0.0272   0.0049   77.92    128    Success 
   126       -1.8647     1.1934      0.0317   0.0061   71.19    129    Success 
   127       -1.8850     0.8691      0.0203   0.0071   77.83    130    Success 
   128       -1.9006     0.7813      0.0156   0.0075   78.73    131    Success 
   129       -1.9199     1.1041      0.0194   0.0052   64.97    132    Success 
   130       -1.9410     1.3712      0.0210   0.0067   77.87    133    Success 
   131       -1.9669     1.3470      0.0259   0.0080   77.77    134    Success 
   132       -1.9738     1.9152      0.0069   0.0123   81.03    135    Success 
   133       -1.9847     1.1412      0.0109   0.0011   68.80    136    Success 
   134       -1.9934     0.4210      0.0087   0.0020   69.31    137    Success 
   135       -1.9962     0.4644      0.0028   0.0015   73.42    138    Success 
   136       -2.0010     0.5212      0.0048   0.0041   80.52    139    Success 
   137       -2.0053     0.8504      0.0043   0.0034   72.31    140    Success 
   138       -2.0110     0.4227      0.0057   0.0068   85.25    141    Success 
   139       -2.0132     0.2516      0.0022   0.0031   81.66    142    Success 
   140       -2.0147     0.3034      0.0014   0.0016   72.51    143    Success 
   141       -2.0163     0.3068      0.0017   0.0015   71.04    144    Success 
   142       -2.0182     0.3445      0.0019   0.0025   78.77    145    Success 
   143       -2.0211     0.3667      0.0029   0.0018   70.35    146    Success 
   144       -2.0256     0.3359      0.0046   0.0029   72.81    147    Success 
   145       -2.0320     0.5735      0.0064   0.0052   73.11    148    Success 
   146       -2.0399     0.5616      0.0079   0.0083   81.44    149    Success 
   147       -2.0456     0.8412      0.0057   0.0092   82.39    150    Success 
   148       -2.0526     0.5138      0.0070   0.0038   80.49    151    Success 
   149       -2.0603     0.5068      0.0077   0.0074   79.52    152    Success 
   150       -2.0648     0.7994      0.0045   0.0052   78.81    153    Success 
   151       -2.0706     0.4923      0.0057   0.0050   83.98    154    Success 
   152       -2.0771     0.3946      0.0065   0.0072   80.79    155    Success 
   153       -2.0805     0.5085      0.0035   0.0056   82.41    156    Success 
   154       -2.0848     0.3907      0.0042   0.0051   81.57    157    Success 
   155       -2.0882     0.6334      0.0034   0.0101   84.16    158    Success 
   156       -2.0925     0.4110      0.0043   0.0026   76.53    159    Success 
   157       -2.0958     0.3666      0.0033   0.0037   79.39    160    Success 
   158       -2.0993     0.3367      0.0035   0.0055   82.11    161    Success 
   159       -2.1040     0.4358      0.0047   0.0091   82.71    162    Success 
   160       -2.1083     0.5175      0.0043   0.0078   81.92    163    Success 
   161       -2.1105     0.5231      0.0022   0.0070   84.91    164    Success 
   162       -2.1128     0.3794      0.0023   0.0018   79.40    165    Success 
   163       -2.1152     0.4167      0.0024   0.0055   83.03    166    Success 
   164       -2.1178     0.3277      0.0026   0.0023   75.15    167    Success 
   165       -2.1199     0.3291      0.0021   0.0064   84.33    168    Success 
   166       -2.1213     0.2167      0.0014   0.0038   83.52    169    Success 
   167       -2.1220     0.2282      0.0007   0.0011   74.50    170    Success 
   168       -2.1227     0.1516      0.0007   0.0008   72.64    171    Success 
   169       -2.1234     0.1679      0.0007   0.0013   71.12    172    Success 
   170       -2.1241     0.2357      0.0007   0.0013   71.02    173    Success 
   171       -2.1248     0.1769      0.0007   0.0011   78.22    174    Success 
   172       -2.1257     0.1799      0.0009   0.0029   81.24    175    Success 
   173       -2.1265     0.3381      0.0008   0.0033   81.44    176    Success 
   174       -2.1274     0.2022      0.0009   0.0021   84.19    177    Success 
   175       -2.1286     0.1797      0.0011   0.0042   83.77    178    Success 
   176       -2.1295     0.2253      0.0009   0.0026   81.18    179    Success 
   177       -2.1305     0.2558      0.0011   0.0050   84.84    180    Success 
   178       -2.1317     0.2118      0.0011   0.0040   84.16    181    Success 
   179       -2.1327     0.2342      0.0010   0.0017   76.31    182    Success 
   180       -2.1335     0.2608      0.0009   0.0046   84.05    183    Success 
   181       -2.1343     0.1736      0.0008   0.0028   83.16    184    Success 
   182       -2.1348     0.1317      0.0005   0.0005   63.29    185    Success 
   183       -2.1356     0.1437      0.0008   0.0013   68.94    186    Success 
   184       -2.1361     0.2935      0.0005   0.0024   75.54    187    Success 
   185       -2.1367     0.1450      0.0006   0.0010   81.36    188    Success 
   186       -2.1372     0.1220      0.0005   0.0013   79.24    189    Success 
   187       -2.1377     0.1482      0.0005   0.0021   80.71    190    Success 
   188       -2.1378     0.2894      0.0002   0.0024   82.24    191    Success 
   189       -2.1381     0.1861      0.0003   0.0003   78.05    192    Success 
   190       -2.1384     0.0665      0.0003   0.0005   72.20    193   SmallGrad

 LBFGS  --  Normal Termination due to SmallGrad

 Final Function Value :           -2.13837379
 Final RMS Gradient :              0.06646049
 Final Gradient Norm :             0.28196797
