
     ######################################################################
   ##########################################################################
  ###                                                                      ###
 ###            Tinker  ---  Software Tools for Molecular Design            ###
 ##                                                                          ##
 ##                      Version 8.9.4   September 2021                      ##
 ##                                                                          ##
 ##               Copyright (c)  Jay William Ponder  1990-2021               ##
 ###                           All Rights Reserved                          ###
  ###                                                                      ###
   ##########################################################################
     ######################################################################


 Additional Atom Definition Parameters :

     Type  Class  Symbol  Description               Atomic    Mass   Valence

      405   405     C     34_Index_0                   6     12.011     3
      401   401     C     34_Index_0                   6     12.011     3
      402   402     C     34_Index_0                   6     12.011     3
      403   403     C     34_Index_0                   6     12.011     3
      404   404     C     34_Index_0                   6     12.011     3
      406   406     O     34_Index_0                   8     15.999     2
      408   408     O     34_Index_0                   8     15.999     1
      407   407     H     34_Index_0                   1      1.008     1
      409   409     H     34_Index_0                   1      1.008     1
      410   410     H     34_Index_0                   1      1.008     1
      411   411     H     34_Index_0                   1      1.008     1

 Additional Bond Stretching Parameters :

     Atom Classes             K(S)         Length

       406 405             285.608         1.3600
       408 405             666.175         1.2200
       401 405             287.793         1.4463
       404 401             379.094         1.4000
       403 402             379.094         1.4000
       404 402             379.094         1.3900
       409 402             368.093         1.0900
       402 403             379.094         1.4000
       410 403             368.093         1.0900
       407 404             368.093         1.0900
       411 406             487.849         0.9800

 Additional Angle Bending Parameters :

     Atom Classes             K(B)          Angle

     411 406 405            45.149        106.555
     404 401 405            66.632        117.869
     402 404 401            74.631        119.590
     407 404 401            36.770        119.390
     406 405 401            77.303        110.597
     408 405 401            64.148        125.090
     402 403 402            74.631        119.980
     410 403 402            36.770        120.010
     407 404 402            36.770        121.030
     404 402 403            74.631        120.220
     409 402 403            36.770        120.010
     409 402 404            36.770        119.760
     404 401 404            74.631        120.400
     408 405 406            71.920        123.915

 Additional Stretch-Bend Parameters :

     Atom Classes          K(SB)-1        K(SB)-2

     411 406 405            31.076         31.076
     404 401 405            20.453         20.453
     402 404 401            20.453         20.453
     407 404 401            20.453         20.453
     406 405 401            17.707        -17.707
     408 405 401            17.707        -17.707
     402 403 402            20.453         20.453
     410 403 402            20.453         20.453
     407 404 402            20.453         20.453
     404 402 403            20.453         20.453
     409 402 403            20.453         20.453
     409 402 404            20.453         20.453
     404 401 404            20.453         20.453
     408 405 406            17.707        -17.707

 Additional Out-of-Plane Bend Parameters :

     Atom Classes                   K(OPB)

     406 405   0   0               116.142
     408 405   0   0               117.707
     401 405   0   0                73.907
     405 401   0   0                73.907
     404 401   0   0                84.886
     401 404   0   0                84.886
     403 402   0   0                84.886
     402 403   0   0                84.886
     404 402   0   0                84.886
     402 404   0   0                84.886
     409 402   0   0                72.814
     410 403   0   0                72.814
     407 404   0   0                72.814

 Additional Torsional Parameters :

     Atom Classes     1-Fold    2-Fold    3-Fold    4-Fold    5-Fold    6-Fold

   402 404 401 405   0.00   0  0.00 180  0.30   0  0.00   0  0.00   0  0.00   0
   407 404 401 405   0.00   0  0.00 180  0.30   0  0.00   0  0.00   0  0.00   0
   403 402 404 401   0.00   0  0.00 180  0.30   0  0.00   0  0.00   0  0.00   0
   411 406 405 401   0.00   0  0.00 180  0.30   0  0.00   0  0.00   0  0.00   0
   404 402 403 402   0.00   0  0.00 180  0.30   0  0.00   0  0.00   0  0.00   0
   409 402 403 402   0.00   0  0.00 180  0.30   0  0.00   0  0.00   0  0.00   0
   404 401 404 402   0.00   0  0.00 180  0.30   0  0.00   0  0.00   0  0.00   0
   407 404 402 403   0.00   0  0.00 180  0.30   0  0.00   0  0.00   0  0.00   0
   402 403 402 404   0.00   0  0.00 180  0.30   0  0.00   0  0.00   0  0.00   0
   410 403 402 404   0.00   0  0.00 180  0.30   0  0.00   0  0.00   0  0.00   0
   402 404 401 404   0.00   0  0.00 180  0.30   0  0.00   0  0.00   0  0.00   0
   407 404 401 404   0.00   0  0.00 180  0.30   0  0.00   0  0.00   0  0.00   0
   406 405 401 404   0.00   0  0.00 180  0.30   0  0.00   0  0.00   0  0.00   0
   408 405 401 404   0.00   0  0.00 180  0.30   0  0.00   0  0.00   0  0.00   0
   409 402 404 407   0.00   0  0.00 180  0.30   0  0.00   0  0.00   0  0.00   0
   411 406 405 408  -1.20   0  5.39 180  0.40   0  0.00   0  0.00   0  0.00   0
   409 402 404 401   0.55   0 11.38 180 -0.55   0  0.00   0  0.00   0  0.00   0
   410 403 402 409   0.00   0 10.92 180  0.00   0  0.00   0  0.00   0  0.00   0
   407 404 402 409   0.00   0 10.92 180  0.00   0  0.00   0  0.00   0  0.00   0

 Additional Atomic Multipole Parameters :

     Atom Type     Coordinate Frame Definition         Multipole Moments

         405      408    406      0   Z-then-X     1.02073
                                                   0.13510  0.00000 -0.01093
                                                   0.08672
                                                   0.00000 -0.46922
                                                  -0.86658  0.00000  0.38250

         401      404    404      0   Bisector     0.00534
                                                   0.00000  0.00000  0.42598
                                                  -0.74266
                                                   0.00000 -0.48064
                                                   0.00000  0.00000  1.22330

         402      409    404      0   Z-then-X    -0.02482
                                                  -0.01472  0.00000  0.06272
                                                   0.20580
                                                   0.00000 -0.14037
                                                   0.02742  0.00000 -0.06543

         403      402    402      0   Bisector     0.01736
                                                   0.00000  0.00000  0.09548
                                                   0.09677
                                                   0.00000 -0.22974
                                                   0.00000  0.00000  0.13297

         404      407    402      0   Z-then-X    -0.04661
                                                  -0.18240  0.00000  0.09049
                                                   0.29830
                                                   0.00000 -0.05492
                                                  -0.13956  0.00000 -0.24338

         406      411    405      0   Z-then-X    -0.52893
                                                  -0.00638  0.00000  0.28028
                                                   0.00872
                                                   0.00000 -0.42886
                                                  -0.09201  0.00000  0.42014

         408      405    406      0   Z-then-X    -0.70401
                                                   0.12192  0.00000 -0.16906
                                                  -0.57481
                                                   0.00000  0.30443
                                                   0.13728  0.00000  0.27038

         407      404    402      0   Z-then-X     0.02772
                                                   0.00747  0.00000 -0.16816
                                                   0.10857
                                                   0.00000 -0.00851
                                                   0.01722  0.00000 -0.10006

         409      402    404      0   Z-then-X     0.01093
                                                  -0.00168  0.00000 -0.16046
                                                   0.12170
                                                   0.00000 -0.01706
                                                  -0.00819  0.00000 -0.10464

         410      403      0      0   Z-Only       0.00808
                                                   0.00000  0.00000 -0.15269
                                                   0.02569
                                                   0.00000  0.02569
                                                   0.00000  0.00000 -0.05138

         411      406    405      0   Z-then-X     0.24699
                                                  -0.00898  0.00000 -0.11437
                                                   0.04285
                                                   0.00000 -0.08364
                                                  -0.00721  0.00000  0.04079

 Additional Atomic Dipole Polarizability Parameters :

     Atom Type           Alpha       Thole     Group Atom Types

         405             2.064       0.390         406  408
         401             2.064       0.390         404
         402             2.064       0.390         403  404  409
         403             2.064       0.390         402  410
         404             2.064       0.390         401  402  407
         406             0.832       0.390         405  411
         408             0.914       0.390         405
         407             0.432       0.390         404
         409             0.432       0.390         402
         410             0.432       0.390         403
         411             0.457       0.390         406

 Additional van der Waals Parameters :

     Atom Class               Size        Epsilon        Reduction

         403                3.8200         0.1010          0.000
         408                3.3000         0.1120          0.000
         406                3.4050         0.1100          0.000
         411                2.6550         0.0150          0.910
         405                3.7800         0.1060          0.000
         404                3.8200         0.1010          0.000
         407                2.9100         0.0330          0.900
         401                3.8000         0.0910          0.000
         402                3.8000         0.0910          0.000
         409                2.9800         0.0260          0.920
         410                2.9800         0.0260          0.920

 Additional Solvation Parameters :

     Atom Type                PB Size     CS Size     GK Size

         411             2.5740      2.7580      2.9054
         407             2.5740      2.7580      2.9054
         409             2.5740      2.7580      2.9054
         410             2.5740      2.7580      2.9054
         404             3.8585      3.7660      3.8448
         405             2.9301      4.5060      4.2118
         401             3.6909      3.7660      4.4258
         402             3.8286      3.8930      4.5084
         403             3.8286      3.8930      4.5084
         408             2.9835      3.3560      2.9616
         406             3.3991      2.8190      2.9337

 Limited Memory BFGS Quasi-Newton Optimization :

 QN Iter     F Value      G RMS      F Move   X Move   Angle  FG Call  Comment

     0       37.9802    33.2625                                   1
     1       25.9803    27.9743     11.9999   0.0429    0.00      3    Success 
     2       21.0572    19.1458      4.9231   0.0273   39.93      4    Success 
     3       18.3364    15.7881      2.7208   0.0133   48.40      5    Success 
     4       13.7771    11.2819      4.5592   0.0277   46.24      6    Success 
     5        9.0475    21.0542      4.7296   0.0610   42.57      7    Success 
     6        6.3641    13.1876      2.6834   0.0530   71.68      8    Success 
     7        5.4805     5.6418      0.8837   0.0121   61.46      9    Success 
     8        5.0162     5.3879      0.4642   0.0165   69.11     10    Success 
     9        4.3338     5.3900      0.6824   0.0297   71.17     11    Success 
    10        3.6553     7.4326      0.6785   0.0410   70.85     12    Success 
    11        3.3978     7.6595      0.2575   0.0364   77.05     13    Success 
    12        3.1221     3.2591      0.2757   0.0096   71.80     14    Success 
    13        2.9374     3.2492      0.1848   0.0051   39.98     15    Success 
    14        2.6294     4.5731      0.3080   0.0113   56.03     16    Success 
    15        2.1368     4.9753      0.4926   0.0250   72.61     17    Success 
    16        1.6650     7.7607      0.4718   0.0518   77.73     18    Success 
    17        1.4518     5.5753      0.2132   0.0148   71.38     19    Success 
    18        1.2956     2.3417      0.1562   0.0051   62.51     20    Success 
    19        1.2154     2.0853      0.0802   0.0128   77.05     21    Success 
    20        1.1462     2.2994      0.0692   0.0138   78.26     22    Success 
    21        1.0834     2.2921      0.0628   0.0150   77.15     23    Success 
    22        1.0466     1.6108      0.0368   0.0119   80.61     24    Success 
    23        1.0277     1.7504      0.0189   0.0089   77.03     25    Success 
    24        1.0136     0.6906      0.0141   0.0017   64.12     26    Success 
    25        1.0077     0.6181      0.0059   0.0015   66.33     27    Success 
    26        0.9987     0.8153      0.0091   0.0023   62.05     28    Success 
    27        0.9845     1.0170      0.0141   0.0035   69.48     29    Success 
    28        0.9663     1.4297      0.0182   0.0050   72.02     30    Success 
    29        0.9411     1.0831      0.0253   0.0073   78.88     31    Success 
    30        0.9114     1.0589      0.0296   0.0079   74.79     32    Success 
    31        0.8708     1.3379      0.0406   0.0114   74.18     33    Success 
    32        0.8198     2.3211      0.0511   0.0173   78.73     34    Success 
    33        0.7513     2.2160      0.0684   0.0175   82.77     35    Success 
    34        0.6634     1.8715      0.0880   0.0256   82.29     36    Success 
    35        0.6028     2.2334      0.0606   0.0298   81.69     37    Success 
    36        0.5757     1.9667      0.0271   0.0072   79.08     39    Success 
    37        0.5429     1.1883      0.0328   0.0029   58.20     40    Success 
    38        0.5219     1.0535      0.0210   0.0065   78.77     41    Success 
    39        0.4969     1.2878      0.0251   0.0085   74.82     42    Success 
    40        0.4753     1.3855      0.0216   0.0164   82.73     43    Success 
    41        0.4566     1.3180      0.0187   0.0041   71.43     44    Success 
    42        0.4292     1.1180      0.0273   0.0059   75.72     45    Success 
    43        0.3869     1.1043      0.0423   0.0127   77.65     46    Success 
    44        0.3381     1.9094      0.0488   0.0228   79.24     47    Success 
    45        0.3138     2.0392      0.0243   0.0121   77.72     48    Success 
    46        0.2831     0.9717      0.0308   0.0025   59.52     49    Success 
    47        0.2611     1.1824      0.0220   0.0087   75.75     50    Success 
    48        0.2369     1.4220      0.0242   0.0059   70.26     51    Success 
    49        0.2091     1.0925      0.0278   0.0107   81.36     52    Success 
    50        0.1915     1.5215      0.0176   0.0154   80.37     53    Success 
    51        0.1813     1.1663      0.0102   0.0049   78.14     54    Success 
    52        0.1722     0.8206      0.0091   0.0028   75.53     55    Success 
    53        0.1613     0.7458      0.0109   0.0030   72.51     56    Success 
    54        0.1441     0.8961      0.0171   0.0059   74.09     57    Success 
    55        0.1229     1.4491      0.0212   0.0079   74.49     58    Success 
    56        0.1070     1.8628      0.0159   0.0141   83.38     59    Success 
    57        0.0868     1.0032      0.0202   0.0022   69.28     60    Success 
    58        0.0573     1.1857      0.0296   0.0092   75.96     61    Success 
    59        0.0165     1.3027      0.0407   0.0150   80.38     62    Success 
    60       -0.0088     2.2506      0.0253   0.0189   84.34     64    Success 
    61       -0.0498     1.9097      0.0410   0.0107   83.31     65    Success 
    62       -0.1076     1.4934      0.0578   0.0144   80.50     66    Success 
    63       -0.1424     2.2128      0.0348   0.0198   79.03     67    Success 
    64       -0.1714     1.5813      0.0290   0.0067   80.01     68    Success 
    65       -0.1797     1.0769      0.0083   0.0038   81.02     70    Success 
    66       -0.1933     1.0007      0.0136   0.0053   80.71     71    Success 
    67       -0.2138     1.0910      0.0205   0.0103   81.60     72    Success 
    68       -0.2356     1.6880      0.0218   0.0154   82.20     73    Success 
    69       -0.2599     1.3695      0.0243   0.0080   82.06     74    Success 
    70       -0.2968     1.2389      0.0370   0.0129   81.19     75    Success 
    71       -0.3291     1.9740      0.0322   0.0215   81.67     76    Success 
    72       -0.3450     1.3227      0.0159   0.0070   75.08     77    Success 
    73       -0.3509     1.7896      0.0059   0.0100   82.47     78    Success 
    74       -0.3596     1.1823      0.0087   0.0033   83.67     79    Success 
    75       -0.3695     0.5573      0.0099   0.0019   66.82     80    Success 
    76       -0.3778     0.7175      0.0082   0.0029   68.20     81    Success 
    77       -0.3914     0.8684      0.0136   0.0077   80.42     82    Success 
    78       -0.4119     1.0798      0.0204   0.0140   82.82     83    Success 
    79       -0.4286     1.4690      0.0168   0.0221   84.54     84    Success 
    80       -0.4454     0.9532      0.0168   0.0045   74.42     85    Success 
    81       -0.4582     0.8370      0.0127   0.0072   81.86     86    Success 
    82       -0.4734     0.8013      0.0152   0.0104   80.62     87    Success 
    83       -0.4855     0.9620      0.0121   0.0088   81.08     88    Success 
    84       -0.5012     0.8980      0.0157   0.0057   75.74     89    Success 
    85       -0.5145     0.9643      0.0133   0.0139   82.83     90    Success 
    86       -0.5244     0.8162      0.0099   0.0047   74.04     91    Success 
    87       -0.5307     0.5517      0.0063   0.0022   74.47     92    Success 
    88       -0.5379     0.5014      0.0072   0.0046   75.89     93    Success 
    89       -0.5453     0.6977      0.0074   0.0033   70.16     94    Success 
    90       -0.5567     0.6843      0.0114   0.0050   76.19     95    Success 
    91       -0.5715     1.0921      0.0148   0.0078   76.23     96    Success 
    92       -0.5924     0.9130      0.0209   0.0094   80.74     97    Success 
    93       -0.6189     1.0371      0.0265   0.0127   79.11     98    Success 
    94       -0.6502     1.4864      0.0314   0.0152   79.28     99    Success 
    95       -0.6780     1.1763      0.0277   0.0118   80.63    100    Success 
    96       -0.7033     2.2246      0.0253   0.0166   80.92    101    Success 
    97       -0.7334     1.4299      0.0301   0.0052   77.19    102    Success 
    98       -0.7741     1.3221      0.0407   0.0117   79.98    103    Success 
    99       -0.8258     1.9745      0.0517   0.0243   81.90    104    Success 
   100       -0.8610     2.4030      0.0352   0.0247   84.28    105    Success 
   101       -0.8783     1.2222      0.0173   0.0029   73.72    107    Success 
   102       -0.8999     1.2952      0.0216   0.0100   80.99    108    Success 
   103       -0.9223     1.2720      0.0224   0.0110   82.83    109    Success 
   104       -0.9494     1.8214      0.0272   0.0173   83.52    110    Success 
   105       -0.9810     1.3334      0.0316   0.0119   82.02    111    Success 
   106       -1.0083     1.0861      0.0273   0.0142   83.23    112    Success 
   107       -1.0302     1.5624      0.0219   0.0222   83.46    113    Success 
   108       -1.0411     1.0894      0.0110   0.0022   69.53    115    Success 
   109       -1.0500     1.0836      0.0089   0.0119   84.60    116    Success 
   110       -1.0601     0.6450      0.0101   0.0022   69.93    117    Success 
   111       -1.0693     0.5608      0.0093   0.0058   78.66    118    Success 
   112       -1.0792     0.7347      0.0098   0.0065   77.03    119    Success 
   113       -1.0854     0.9571      0.0063   0.0081   79.46    120    Success 
   114       -1.0914     0.3778      0.0059   0.0014   67.47    121    Success 
   115       -1.0938     0.3975      0.0024   0.0015   68.64    122    Success 
   116       -1.0964     0.3336      0.0026   0.0023   76.12    123    Success 
   117       -1.0995     0.3682      0.0031   0.0023   69.25    124    Success 
   118       -1.1029     0.4208      0.0033   0.0041   79.33    125    Success 
   119       -1.1063     0.4411      0.0035   0.0052   81.84    126    Success 
   120       -1.1092     0.4963      0.0029   0.0034   77.53    127    Success 
   121       -1.1115     0.2996      0.0023   0.0015   75.19    128    Success 
   122       -1.1130     0.2329      0.0015   0.0018   75.74    129    Success 
   123       -1.1140     0.2283      0.0009   0.0020   80.04    130    Success 
   124       -1.1151     0.2099      0.0012   0.0015   74.28    131    Success 
   125       -1.1163     0.1870      0.0012   0.0015   72.93    132    Success 
   126       -1.1174     0.3717      0.0011   0.0023   72.32    133    Success 
   127       -1.1186     0.2036      0.0012   0.0012   76.42    134    Success 
   128       -1.1195     0.1873      0.0009   0.0009   68.97    135    Success 
   129       -1.1206     0.2338      0.0011   0.0016   70.60    136    Success 
   130       -1.1214     0.4096      0.0008   0.0023   76.39    137    Success 
   131       -1.1225     0.2363      0.0012   0.0008   75.07    138    Success 
   132       -1.1243     0.2413      0.0018   0.0021   74.99    139    Success 
   133       -1.1266     0.3963      0.0023   0.0041   80.04    140    Success 
   134       -1.1298     0.5062      0.0032   0.0062   84.12    141    Success 
   135       -1.1333     0.5307      0.0035   0.0095   85.71    142    Success 
   136       -1.1362     0.3093      0.0029   0.0033   81.86    143    Success 
   137       -1.1382     0.3349      0.0020   0.0027   78.37    144    Success 
   138       -1.1401     0.3818      0.0019   0.0016   74.38    145    Success 
   139       -1.1427     0.4080      0.0026   0.0032   80.34    146    Success 
   140       -1.1451     0.3840      0.0024   0.0047   82.87    147    Success 
   141       -1.1469     0.3202      0.0019   0.0026   80.29    148    Success 
   142       -1.1490     0.3807      0.0020   0.0044   84.39    149    Success 
   143       -1.1523     0.4544      0.0033   0.0053   83.58    150    Success 
   144       -1.1572     0.5323      0.0049   0.0128   86.41    151    Success 
   145       -1.1642     0.6557      0.0070   0.0137   85.71    152    Success 
   146       -1.1726     0.7297      0.0084   0.0136   84.99    153    Success 
   147       -1.1802     0.6766      0.0075   0.0121   83.92    154    Success 
   148       -1.1820     0.5873      0.0018   0.0062   87.39    156    Success 
   149       -1.1848     0.4250      0.0028   0.0008   62.94    157    Success 
   150       -1.1887     0.4074      0.0039   0.0026   73.90    158    Success 
   151       -1.1925     0.4555      0.0038   0.0042   79.54    159    Success 
   152       -1.1957     0.5949      0.0032   0.0068   82.11    160    Success 
   153       -1.1987     0.3496      0.0030   0.0017   76.16    161    Success 
   154       -1.2016     0.4205      0.0029   0.0035   79.69    162    Success 
   155       -1.2053     0.4977      0.0037   0.0040   80.23    163    Success 
   156       -1.2097     0.6983      0.0043   0.0096   85.06    164    Success 
   157       -1.2154     0.5655      0.0058   0.0043   80.82    165    Success 
   158       -1.2195     0.9819      0.0041   0.0147   85.59    166    Success 
   159       -1.2251     0.5473      0.0056   0.0019   76.26    167    Success 
   160       -1.2292     0.4083      0.0041   0.0038   79.52    168    Success 
   161       -1.2319     0.4940      0.0027   0.0047   82.45    169    Success 
   162       -1.2351     0.4607      0.0032   0.0045   84.06    170    Success 
   163       -1.2397     0.5706      0.0046   0.0060   82.66    171    Success 
   164       -1.2436     0.8779      0.0039   0.0084   84.06    172    Success 
   165       -1.2481     0.4673      0.0045   0.0025   79.12    173    Success 
   166       -1.2501     0.7352      0.0020   0.0059   85.55    175    Success 
   167       -1.2532     0.5119      0.0031   0.0016   78.82    176    Success 
   168       -1.2572     0.4089      0.0040   0.0067   84.56    177    Success 
   169       -1.2608     0.6067      0.0036   0.0081   83.92    178    Success 
   170       -1.2649     0.3990      0.0041   0.0062   84.84    179    Success 
   171       -1.2685     0.4823      0.0035   0.0068   84.23    180    Success 
   172       -1.2713     0.5553      0.0029   0.0053   81.12    181    Success 
   173       -1.2733     0.5747      0.0020   0.0069   87.03    183    Success 
   174       -1.2758     0.4022      0.0025   0.0017   78.00    184    Success 
   175       -1.2779     0.3300      0.0021   0.0023   79.89    185    Success 
   176       -1.2799     0.3953      0.0020   0.0052   84.80    186    Success 
   177       -1.2821     0.4672      0.0022   0.0057   84.39    187    Success 
   178       -1.2848     0.2984      0.0027   0.0043   83.46    188    Success 
   179       -1.2861     0.4500      0.0013   0.0063   85.95    190    Success 
   180       -1.2882     0.3747      0.0021   0.0023   81.63    191    Success 
   181       -1.2915     0.3889      0.0033   0.0051   83.00    192    Success 
   182       -1.2960     0.6541      0.0045   0.0084   83.50    193    Success 
   183       -1.3023     0.5373      0.0063   0.0077   84.29    194    Success 
   184       -1.3045     1.0848      0.0022   0.0136   85.22    195    Success 
   185       -1.3071     0.8622      0.0026   0.0019   82.96    196    Success 
   186       -1.3107     0.3689      0.0036   0.0006   52.68    197    Success 
   187       -1.3134     0.3426      0.0027   0.0025   77.46    198    Success 
   188       -1.3177     0.4648      0.0043   0.0057   81.25    199    Success 
   189       -1.3244     0.6707      0.0067   0.0092   83.61    200    Success 
   190       -1.3332     0.8818      0.0088   0.0110   84.22    201    Success 
   191       -1.3413     0.7762      0.0081   0.0087   82.67    202    Success 
   192       -1.3475     1.1426      0.0061   0.0119   85.14    203    Success 
   193       -1.3538     0.6527      0.0064   0.0027   77.14    204    Success 
   194       -1.3567     0.3751      0.0029   0.0016   78.06    205    Success 
   195       -1.3599     0.3313      0.0032   0.0046   81.88    206    Success 
   196       -1.3639     0.4097      0.0040   0.0059   81.20    207    Success 
   197       -1.3669     0.8170      0.0029   0.0071   81.21    208    Success 
   198       -1.3705     0.3377      0.0036   0.0020   78.44    209    Success 
   199       -1.3721     0.2855      0.0016   0.0013   74.33    210    Success 
   200       -1.3735     0.3270      0.0015   0.0019   73.62    211    Success 
   201       -1.3754     0.4882      0.0019   0.0040   82.76    212    Success 
   202       -1.3781     0.4755      0.0028   0.0027   81.85    213    Success 
   203       -1.3824     0.4723      0.0043   0.0043   81.25    214    Success 
   204       -1.3866     0.6731      0.0042   0.0075   82.36    215    Success 
   205       -1.3900     0.4336      0.0033   0.0042   84.31    216    Success 
   206       -1.3925     0.3057      0.0025   0.0038   82.96    217    Success 
   207       -1.3943     0.6171      0.0018   0.0093   85.26    218    Success 
   208       -1.3963     0.4239      0.0020   0.0011   71.89    219    Success 
   209       -1.3984     0.3319      0.0021   0.0029   82.97    220    Success 
   210       -1.4011     0.3989      0.0028   0.0065   83.94    221    Success 
   211       -1.4035     0.4450      0.0024   0.0045   84.22    222    Success 
   212       -1.4064     0.4659      0.0029   0.0062   84.55    223    Success 
   213       -1.4097     0.4903      0.0033   0.0071   85.33    224    Success 
   214       -1.4126     0.5534      0.0028   0.0043   80.25    225    Success 
   215       -1.4148     0.6396      0.0022   0.0113   87.10    226    Success 
   216       -1.4174     0.3804      0.0026   0.0025   81.17    227    Success 
   217       -1.4196     0.3195      0.0022   0.0024   80.15    228    Success 
   218       -1.4230     0.3440      0.0034   0.0076   84.10    229    Success 
   219       -1.4255     0.6896      0.0025   0.0108   84.23    230    Success 
   220       -1.4280     0.3242      0.0025   0.0025   81.60    231    Success 
   221       -1.4292     0.2264      0.0012   0.0019   81.96    232    Success 
   222       -1.4308     0.2861      0.0016   0.0019   72.25    233    Success 
   223       -1.4318     0.5222      0.0009   0.0091   86.00    234    Success 
   224       -1.4332     0.3302      0.0014   0.0016   82.71    235    Success 
   225       -1.4349     0.2288      0.0017   0.0017   76.39    236    Success 
   226       -1.4363     0.3050      0.0014   0.0028   81.00    237    Success 
   227       -1.4385     0.4040      0.0022   0.0057   84.86    238    Success 
   228       -1.4419     0.3929      0.0034   0.0099   86.43    239    Success 
   229       -1.4460     0.5877      0.0041   0.0137   85.91    240    Success 
   230       -1.4502     0.4369      0.0042   0.0112   86.86    241    Success 
   231       -1.4534     0.7227      0.0032   0.0054   78.62    242    Success 
   232       -1.4574     0.4922      0.0039   0.0100   87.22    243    Success 
   233       -1.4614     0.4381      0.0040   0.0021   74.33    244    Success 
   234       -1.4676     0.4874      0.0062   0.0061   80.24    245    Success 
   235       -1.4736     0.9994      0.0060   0.0097   81.69    246    Success 
   236       -1.4798     0.5962      0.0063   0.0102   87.02    247    Success 
   237       -1.4843     0.4261      0.0044   0.0035   80.07    248    Success 
   238       -1.4880     0.6789      0.0038   0.0151   86.62    249    Success 
   239       -1.4924     0.5942      0.0043   0.0062   84.49    250    Success 
   240       -1.4970     0.4788      0.0047   0.0076   85.93    251    Success 
   241       -1.5039     0.4692      0.0068   0.0149   85.84    252    Success 
   242       -1.5110     0.7764      0.0071   0.0107   81.28    253    Success 
   243       -1.5166     0.6797      0.0056   0.0111   86.70    254    Success 
   244       -1.5232     0.5987      0.0066   0.0031   74.78    255    Success 
   245       -1.5282     0.9970      0.0050   0.0150   85.30    256    Success 
   246       -1.5350     0.6258      0.0067   0.0071   85.46    257    Success 
   247       -1.5418     0.7149      0.0068   0.0038   73.23    258    Success 
   248       -1.5497     0.8108      0.0079   0.0128   85.28    259    Success 
   249       -1.5558     0.6397      0.0061   0.0095   86.80    260    Success 
   250       -1.5646     0.6253      0.0088   0.0116   84.76    261    Success 
   251       -1.5731     1.0877      0.0085   0.0167   85.54    262    Success 
   252       -1.5796     0.9332      0.0065   0.0038   76.69    263    Success 
   253       -1.5889     0.8562      0.0093   0.0127   86.50    264    Success 
   254       -1.5986     1.1674      0.0097   0.0137   84.95    265    Success 
   255       -1.6050     0.9962      0.0063   0.0072   82.73    266    Success 
   256       -1.6134     0.5732      0.0084   0.0073   85.23    267    Success 
   257       -1.6211     0.9359      0.0077   0.0213   86.19    268    Success 
   258       -1.6245     1.0453      0.0034   0.0028   71.69    269    Success 
   259       -1.6303     0.7726      0.0058   0.0068   87.01    270    Success 
   260       -1.6389     0.5734      0.0085   0.0163   87.05    271    Success 
   261       -1.6462     0.6591      0.0074   0.0152   85.16    272    Success 
   262       -1.6513     0.6314      0.0050   0.0056   83.82    273    Success 
   263       -1.6574     0.5794      0.0062   0.0045   78.68    274    Success 
   264       -1.6597     1.1642      0.0023   0.0145   86.61    275    Success 
   265       -1.6636     0.8593      0.0038   0.0022   84.28    276    Success 
   266       -1.6693     0.4409      0.0058   0.0013   67.81    277    Success 
   267       -1.6743     0.3712      0.0050   0.0025   68.04    278    Success 
   268       -1.6793     0.5028      0.0049   0.0049   77.65    279    Success 
   269       -1.6868     0.5580      0.0075   0.0059   79.37    280    Success 
   270       -1.6962     0.8995      0.0094   0.0083   79.61    281    Success 
   271       -1.7055     0.9361      0.0093   0.0097   83.15    282    Success 
   272       -1.7161     0.8279      0.0105   0.0051   80.58    283    Success 
   273       -1.7296     0.8087      0.0135   0.0056   75.27    284    Success 
   274       -1.7391     1.3252      0.0096   0.0134   85.11    286    Success 
   275       -1.7543     0.9954      0.0151   0.0079   84.18    287    Success 
   276       -1.7739     1.0074      0.0196   0.0176   84.49    288    Success 
   277       -1.7927     1.0282      0.0188   0.0181   83.28    289    Success 
   278       -1.8032     0.8110      0.0105   0.0062   82.05    290    Success 
   279       -1.8090     1.0222      0.0058   0.0105   85.97    292    Success 
   280       -1.8188     0.8444      0.0098   0.0061   84.02    293    Success 
   281       -1.8341     0.6725      0.0153   0.0100   82.62    294    Success 
   282       -1.8497     1.0510      0.0156   0.0258   84.38    295    Success 
   283       -1.8662     0.8486      0.0165   0.0130   82.70    296    Success 
   284       -1.8752     0.6826      0.0090   0.0034   76.07    297    Success 
   285       -1.8854     0.8115      0.0102   0.0137   83.86    298    Success 
   286       -1.8942     1.0539      0.0087   0.0068   78.22    299    Success 
   287       -1.9050     0.7763      0.0109   0.0028   72.90    300    Success 
   288       -1.9187     0.8751      0.0137   0.0075   79.10    301    Success 
   289       -1.9301     0.9779      0.0114   0.0055   75.94    302    Success 
   290       -1.9347     1.0102      0.0046   0.0108   84.37    303    Success 
   291       -1.9411     0.4664      0.0064   0.0027   79.35    304    Success 
   292       -1.9452     0.4071      0.0041   0.0062   83.48    305    Success 
   293       -1.9494     0.4555      0.0042   0.0042   79.78    306    Success 
   294       -1.9554     0.6450      0.0060   0.0069   81.49    307    Success 
   295       -1.9615     0.7349      0.0061   0.0088   83.29    308    Success 
   296       -1.9652     0.4803      0.0037   0.0062   84.12    309    Success 
   297       -1.9687     0.4431      0.0035   0.0025   77.47    310    Success 
   298       -1.9732     0.4525      0.0046   0.0022   66.95    311    Success 
   299       -1.9773     0.6163      0.0041   0.0061   81.29    312    Success 
   300       -1.9834     0.4514      0.0060   0.0045   81.26    313    Success 
   301       -1.9923     0.4341      0.0090   0.0102   81.65    314    Success 
   302       -1.9992     0.9156      0.0069   0.0140   80.56    315    Success 
   303       -2.0051     0.3913      0.0058   0.0083   85.38    316    Success 
   304       -2.0066     0.6165      0.0016   0.0044   82.73    317    Success 
   305       -2.0093     0.4603      0.0026   0.0017   80.21    318    Success 
   306       -2.0133     0.3758      0.0040   0.0030   77.55    319    Success 
   307       -2.0176     0.5476      0.0043   0.0038   75.57    320    Success 
   308       -2.0216     0.6439      0.0039   0.0039   80.68    321    Success 
   309       -2.0265     0.4589      0.0049   0.0046   81.58    322    Success 
   310       -2.0302     0.3130      0.0037   0.0041   80.34    323    Success 
   311       -2.0323     0.4845      0.0021   0.0044   78.70    324    Success 
   312       -2.0337     0.2748      0.0015   0.0017   81.38    325    Success 
   313       -2.0350     0.2539      0.0013   0.0019   79.62    326    Success 
   314       -2.0366     0.2752      0.0017   0.0029   79.69    327    Success 
   315       -2.0383     0.3509      0.0016   0.0034   81.38    328    Success 
   316       -2.0401     0.2563      0.0018   0.0036   81.67    329    Success 
   317       -2.0416     0.2803      0.0015   0.0031   81.31    330    Success 
   318       -2.0435     0.3547      0.0019   0.0028   77.49    331    Success 
   319       -2.0448     0.3187      0.0013   0.0039   84.59    332    Success 
   320       -2.0460     0.2653      0.0012   0.0019   79.31    333    Success 
   321       -2.0468     0.1979      0.0008   0.0015   80.56    334    Success 
   322       -2.0475     0.2269      0.0006   0.0018   80.15    335    Success 
   323       -2.0480     0.2502      0.0005   0.0015   79.29    336    Success 
   324       -2.0485     0.1430      0.0005   0.0013   83.17    337    Success 
   325       -2.0491     0.1353      0.0005   0.0022   81.02    338    Success 
   326       -2.0494     0.1360      0.0003   0.0009   78.55    339    Success 
   327       -2.0497     0.1288      0.0003   0.0012   78.17    340    Success 
   328       -2.0499     0.0984      0.0002   0.0007   79.44    341   SmallGrad

 LBFGS  --  Normal Termination due to SmallGrad

 Final Function Value :           -2.04986634
 Final RMS Gradient :              0.09837870
 Final Gradient Norm :             0.41738548
