
     ######################################################################
   ##########################################################################
  ###                                                                      ###
 ###            Tinker  ---  Software Tools for Molecular Design            ###
 ##                                                                          ##
 ##                      Version 8.9.4   September 2021                      ##
 ##                                                                          ##
 ##               Copyright (c)  Jay William Ponder  1990-2021               ##
 ###                           All Rights Reserved                          ###
  ###                                                                      ###
   ##########################################################################
     ######################################################################


 Additional Atom Definition Parameters :

     Type  Class  Symbol  Description               Atomic    Mass   Valence

      405   405     C     34_Index_0                   6     12.011     3
      401   401     C     34_Index_0                   6     12.011     3
      402   402     C     34_Index_0                   6     12.011     3
      403   403     C     34_Index_0                   6     12.011     3
      404   404     C     34_Index_0                   6     12.011     3
      406   406     O     34_Index_0                   8     15.999     2
      408   408     O     34_Index_0                   8     15.999     1
      407   407     H     34_Index_0                   1      1.008     1
      409   409     H     34_Index_0                   1      1.008     1
      410   410     H     34_Index_0                   1      1.008     1
      411   411     H     34_Index_0                   1      1.008     1

 Additional Bond Stretching Parameters :

     Atom Classes             K(S)         Length

       406 405             285.608         1.3600
       408 405             666.175         1.2200
       401 405             287.793         1.4463
       404 401             379.094         1.4000
       403 402             379.094         1.4000
       404 402             379.094         1.3900
       409 402             368.093         1.0900
       402 403             379.094         1.4000
       410 403             368.093         1.0900
       407 404             368.093         1.0900
       411 406             487.849         0.9800

 Additional Angle Bending Parameters :

     Atom Classes             K(B)          Angle

     411 406 405            45.149        106.555
     404 401 405            66.632        117.869
     402 404 401            74.631        119.590
     407 404 401            36.770        119.390
     406 405 401            77.303        110.597
     408 405 401            64.148        125.090
     402 403 402            74.631        119.980
     410 403 402            36.770        120.010
     407 404 402            36.770        121.030
     404 402 403            74.631        120.220
     409 402 403            36.770        120.010
     409 402 404            36.770        119.760
     404 401 404            74.631        120.400
     408 405 406            71.920        123.915

 Additional Stretch-Bend Parameters :

     Atom Classes          K(SB)-1        K(SB)-2

     411 406 405            31.076         31.076
     404 401 405            20.453         20.453
     402 404 401            20.453         20.453
     407 404 401            20.453         20.453
     406 405 401            17.707        -17.707
     408 405 401            17.707        -17.707
     402 403 402            20.453         20.453
     410 403 402            20.453         20.453
     407 404 402            20.453         20.453
     404 402 403            20.453         20.453
     409 402 403            20.453         20.453
     409 402 404            20.453         20.453
     404 401 404            20.453         20.453
     408 405 406            17.707        -17.707

 Additional Out-of-Plane Bend Parameters :

     Atom Classes                   K(OPB)

     406 405   0   0               116.142
     408 405   0   0               117.707
     401 405   0   0                73.907
     405 401   0   0                73.907
     404 401   0   0                84.886
     401 404   0   0                84.886
     403 402   0   0                84.886
     402 403   0   0                84.886
     404 402   0   0                84.886
     402 404   0   0                84.886
     409 402   0   0                72.814
     410 403   0   0                72.814
     407 404   0   0                72.814

 Additional Torsional Parameters :

     Atom Classes     1-Fold    2-Fold    3-Fold    4-Fold    5-Fold    6-Fold

   402 404 401 405   0.00   0  0.00 180  0.30   0  0.00   0  0.00   0  0.00   0
   407 404 401 405   0.00   0  0.00 180  0.30   0  0.00   0  0.00   0  0.00   0
   403 402 404 401   0.00   0  0.00 180  0.30   0  0.00   0  0.00   0  0.00   0
   411 406 405 401   0.00   0  0.00 180  0.30   0  0.00   0  0.00   0  0.00   0
   404 402 403 402   0.00   0  0.00 180  0.30   0  0.00   0  0.00   0  0.00   0
   409 402 403 402   0.00   0  0.00 180  0.30   0  0.00   0  0.00   0  0.00   0
   404 401 404 402   0.00   0  0.00 180  0.30   0  0.00   0  0.00   0  0.00   0
   407 404 402 403   0.00   0  0.00 180  0.30   0  0.00   0  0.00   0  0.00   0
   402 403 402 404   0.00   0  0.00 180  0.30   0  0.00   0  0.00   0  0.00   0
   410 403 402 404   0.00   0  0.00 180  0.30   0  0.00   0  0.00   0  0.00   0
   402 404 401 404   0.00   0  0.00 180  0.30   0  0.00   0  0.00   0  0.00   0
   407 404 401 404   0.00   0  0.00 180  0.30   0  0.00   0  0.00   0  0.00   0
   406 405 401 404   0.00   0  0.00 180  0.30   0  0.00   0  0.00   0  0.00   0
   408 405 401 404   0.00   0  0.00 180  0.30   0  0.00   0  0.00   0  0.00   0
   409 402 404 407   0.00   0  0.00 180  0.30   0  0.00   0  0.00   0  0.00   0
   411 406 405 408  -1.20   0  5.39 180  0.40   0  0.00   0  0.00   0  0.00   0
   409 402 404 401   0.55   0 11.38 180 -0.55   0  0.00   0  0.00   0  0.00   0
   410 403 402 409   0.00   0 10.92 180  0.00   0  0.00   0  0.00   0  0.00   0
   407 404 402 409   0.00   0 10.92 180  0.00   0  0.00   0  0.00   0  0.00   0

 Additional Atomic Multipole Parameters :

     Atom Type     Coordinate Frame Definition         Multipole Moments

         405      408    406      0   Z-then-X     1.02073
                                                   0.13510  0.00000 -0.01093
                                                   0.08672
                                                   0.00000 -0.46922
                                                  -0.86658  0.00000  0.38250

         401      404    404      0   Bisector     0.00534
                                                   0.00000  0.00000  0.42598
                                                  -0.74266
                                                   0.00000 -0.48064
                                                   0.00000  0.00000  1.22330

         402      409    404      0   Z-then-X    -0.02482
                                                  -0.01472  0.00000  0.06272
                                                   0.20580
                                                   0.00000 -0.14037
                                                   0.02742  0.00000 -0.06543

         403      402    402      0   Bisector     0.01736
                                                   0.00000  0.00000  0.09548
                                                   0.09677
                                                   0.00000 -0.22974
                                                   0.00000  0.00000  0.13297

         404      407    402      0   Z-then-X    -0.04661
                                                  -0.18240  0.00000  0.09049
                                                   0.29830
                                                   0.00000 -0.05492
                                                  -0.13956  0.00000 -0.24338

         406      411    405      0   Z-then-X    -0.52893
                                                  -0.00638  0.00000  0.28028
                                                   0.00872
                                                   0.00000 -0.42886
                                                  -0.09201  0.00000  0.42014

         408      405    406      0   Z-then-X    -0.70401
                                                   0.12192  0.00000 -0.16906
                                                  -0.57481
                                                   0.00000  0.30443
                                                   0.13728  0.00000  0.27038

         407      404    402      0   Z-then-X     0.02772
                                                   0.00747  0.00000 -0.16816
                                                   0.10857
                                                   0.00000 -0.00851
                                                   0.01722  0.00000 -0.10006

         409      402    404      0   Z-then-X     0.01093
                                                  -0.00168  0.00000 -0.16046
                                                   0.12170
                                                   0.00000 -0.01706
                                                  -0.00819  0.00000 -0.10464

         410      403      0      0   Z-Only       0.00808
                                                   0.00000  0.00000 -0.15269
                                                   0.02569
                                                   0.00000  0.02569
                                                   0.00000  0.00000 -0.05138

         411      406    405      0   Z-then-X     0.24699
                                                  -0.00898  0.00000 -0.11437
                                                   0.04285
                                                   0.00000 -0.08364
                                                  -0.00721  0.00000  0.04079

 Additional Atomic Dipole Polarizability Parameters :

     Atom Type           Alpha       Thole     Group Atom Types

         405             2.064       0.390         406  408
         401             2.064       0.390         404
         402             2.064       0.390         403  404  409
         403             2.064       0.390         402  410
         404             2.064       0.390         401  402  407
         406             0.832       0.390         405  411
         408             0.914       0.390         405
         407             0.432       0.390         404
         409             0.432       0.390         402
         410             0.432       0.390         403
         411             0.457       0.390         406

 Additional van der Waals Parameters :

     Atom Class               Size        Epsilon        Reduction

         403                3.8200         0.1010          0.000
         408                3.3000         0.1120          0.000
         406                3.4050         0.1100          0.000
         411                2.6550         0.0150          0.910
         405                3.7800         0.1060          0.000
         404                3.8200         0.1010          0.000
         407                2.9100         0.0330          0.900
         401                3.8000         0.0910          0.000
         402                3.8000         0.0910          0.000
         409                2.9800         0.0260          0.920
         410                2.9800         0.0260          0.920

 Additional Solvation Parameters :

     Atom Type                PB Size     CS Size     GK Size

         411             2.5740      2.7580      2.9054
         407             2.5740      2.7580      2.9054
         409             2.5740      2.7580      2.9054
         410             2.5740      2.7580      2.9054
         404             3.8585      3.7660      3.8448
         405             2.9301      4.5060      4.2118
         401             3.6909      3.7660      4.4258
         402             3.8286      3.8930      4.5084
         403             3.8286      3.8930      4.5084
         408             2.9835      3.3560      2.9616
         406             3.3991      2.8190      2.9337

 Limited Memory BFGS Quasi-Newton Optimization :

 QN Iter     F Value      G RMS      F Move   X Move   Angle  FG Call  Comment

     0       56.4282    41.3441                                   1
     1       39.4566    41.3570     16.9716   0.0477    0.00      3    Success 
     2       28.5810    20.1019     10.8756   0.0338   45.04      4    Success 
     3       22.7875    17.4570      5.7935   0.0314   47.30      5    Success 
     4       16.1232    22.6537      6.6643   0.0588   51.19      6    Success 
     5       11.4647    17.4328      4.6586   0.0616   66.33      7    Success 
     6        9.1839    11.2172      2.2807   0.0196   60.89      8    Success 
     7        6.8165     9.0298      2.3674   0.0387   58.36      9    Success 
     8        5.9904    11.7559      0.8262   0.0279   67.00     10    Success 
     9        5.1532     7.5688      0.8372   0.0158   71.79     11    Success 
    10        4.0383     5.7728      1.1148   0.0294   65.28     12    Success 
    11        3.3475     6.6283      0.6909   0.0237   67.53     13    Success 
    12        2.6926     9.2636      0.6549   0.0384   72.46     14    Success 
    13        2.0981     4.7568      0.5945   0.0245   74.88     15    Success 
    14        1.8814     3.1625      0.2167   0.0107   71.17     16    Success 
    15        1.6966     2.4747      0.1848   0.0194   73.42     17    Success 
    16        1.6186     3.2909      0.0780   0.0153   73.45     18    Success 
    17        1.5497     1.8876      0.0689   0.0035   64.57     19    Success 
    18        1.4609     2.0476      0.0888   0.0087   64.10     20    Success 
    19        1.3749     2.6573      0.0861   0.0095   72.20     21    Success 
    20        1.2387     2.9579      0.1362   0.0159   76.95     22    Success 
    21        1.1616     5.4116      0.0770   0.0268   79.00     23    Success 
    22        1.0468     3.0627      0.1148   0.0060   74.73     24    Success 
    23        0.9711     1.1912      0.0757   0.0067   68.57     25    Success 
    24        0.9488     1.4936      0.0223   0.0132   82.07     26    Success 
    25        0.9182     1.4286      0.0307   0.0073   76.90     27    Success 
    26        0.8843     1.2397      0.0338   0.0110   77.49     28    Success 
    27        0.8577     1.1821      0.0266   0.0047   65.72     29    Success 
    28        0.8384     1.0316      0.0193   0.0051   75.78     30    Success 
    29        0.8124     1.1097      0.0260   0.0101   78.16     31    Success 
    30        0.7807     1.4278      0.0317   0.0131   80.00     32    Success 
    31        0.7365     2.1167      0.0442   0.0146   80.28     33    Success 
    32        0.6687     2.2301      0.0678   0.0189   82.93     34    Success 
    33        0.5789     3.4332      0.0898   0.0225   81.35     35    Success 
    34        0.4653     3.3873      0.1136   0.0240   83.05     36    Success 
    35        0.3945     2.9727      0.0709   0.0156   76.16     37    Success 
    36        0.3000     2.6946      0.0945   0.0168   80.94     38    Success 
    37        0.2424     2.8959      0.0576   0.0141   78.47     39    Success 
    38        0.2062     2.3022      0.0362   0.0229   84.45     40    Success 
    39        0.1612     1.4582      0.0449   0.0058   72.48     41    Success 
    40        0.1209     1.8371      0.0403   0.0121   79.91     42    Success 
    41        0.0700     2.0736      0.0509   0.0138   79.85     43    Success 
    42        0.0183     2.6158      0.0516   0.0205   82.37     44    Success 
    43       -0.0536     1.7289      0.0720   0.0060   68.68     45    Success 
    44       -0.1249     1.4922      0.0713   0.0132   75.44     46    Success 
    45       -0.1877     1.7867      0.0627   0.0177   77.60     47    Success 
    46       -0.2425     2.2414      0.0548   0.0129   72.43     48    Success 
    47       -0.2759     1.4614      0.0334   0.0079   80.78     49    Success 
    48       -0.3116     1.6895      0.0357   0.0053   61.30     50    Success 
    49       -0.3401     1.1551      0.0284   0.0050   73.72     51    Success 
    50       -0.3627     0.8336      0.0226   0.0051   70.62     52    Success 
    51       -0.3750     0.8953      0.0123   0.0051   70.13     53    Success 
    52       -0.3834     0.7205      0.0085   0.0027   71.30     54    Success 
    53       -0.3912     0.5952      0.0078   0.0019   64.56     55    Success 
    54       -0.4002     0.5731      0.0089   0.0038   70.91     56    Success 
    55       -0.4026     1.4011      0.0024   0.0053   72.25     57    Success 
    56       -0.4067     1.0459      0.0042   0.0004   61.55     58    Success 
    57       -0.4130     0.4949      0.0063   0.0010   64.31     59    Success 
    58       -0.4179     0.4711      0.0049   0.0019   65.14     60    Success 
    59       -0.4223     0.6679      0.0044   0.0022   73.47     61    Success 
    60       -0.4299     0.8559      0.0076   0.0037   78.52     62    Success 
    61       -0.4414     1.0852      0.0115   0.0058   80.25     63    Success 
    62       -0.4591     1.0792      0.0177   0.0101   83.31     64    Success 
    63       -0.4856     1.1573      0.0265   0.0145   82.75     65    Success 
    64       -0.4948     2.6966      0.0092   0.0221   83.39     66    Success 
    65       -0.5115     2.1518      0.0167   0.0010   66.96     67    Success 
    66       -0.5394     1.3958      0.0278   0.0034   75.18     68    Success 
    67       -0.5705     1.0267      0.0312   0.0072   72.06     69    Success 
    68       -0.5787     1.9122      0.0081   0.0166   83.46     70    Success 
    69       -0.5912     1.2241      0.0126   0.0024   78.82     71    Success 
    70       -0.6109     0.7429      0.0196   0.0056   78.28     72    Success 
    71       -0.6412     1.1395      0.0303   0.0149   78.64     73    Success 
    72       -0.6727     2.3454      0.0315   0.0318   84.67     74    Success 
    73       -0.7103     1.5240      0.0375   0.0074   79.09     75    Success 
    74       -0.7487     1.5653      0.0385   0.0203   84.68     76    Success 
    75       -0.7995     1.5771      0.0507   0.0171   80.83     77    Success 
    76       -0.8189     3.2795      0.0194   0.0298   85.08     78    Success 
    77       -0.8493     2.5821      0.0304   0.0024   74.32     79    Success 
    78       -0.8916     1.4248      0.0423   0.0038   69.94     80    Success 
    79       -0.9193     0.7646      0.0277   0.0086   78.45     81    Success 
    80       -0.9366     1.1629      0.0173   0.0080   76.08     82    Success 
    81       -0.9540     1.5655      0.0174   0.0087   80.14     83    Success 
    82       -0.9700     1.4754      0.0160   0.0037   75.14     84    Success 
    83       -0.9852     1.1359      0.0153   0.0024   70.33     85    Success 
    84       -1.0030     1.4279      0.0178   0.0060   78.46     86    Success 
    85       -1.0309     1.4901      0.0279   0.0063   77.33     87    Success 
    86       -1.0552     3.0385      0.0244   0.0193   83.80     88    Success 
    87       -1.0961     2.3589      0.0409   0.0042   77.79     89    Success 
    88       -1.1609     1.6217      0.0648   0.0098   78.61     90    Success 
    89       -1.2294     3.3912      0.0684   0.0232   78.96     91    Success 
    90       -1.2784     2.3900      0.0491   0.0072   71.90     92    Success 
    91       -1.3312     2.4226      0.0528   0.0135   81.91     93    Success 
    92       -1.3777     2.1608      0.0465   0.0057   75.34     94    Success 
    93       -1.4314     2.1569      0.0537   0.0100   78.07     95    Success 
    94       -1.4618     1.8379      0.0304   0.0057   70.74     96    Success 
    95       -1.4899     2.5167      0.0281   0.0149   82.89     97    Success 
    96       -1.5210     1.5112      0.0311   0.0023   57.17     98    Success 
    97       -1.5431     1.1055      0.0221   0.0043   76.31     99    Success 
    98       -1.5756     1.2598      0.0324   0.0096   76.61    100    Success 
    99       -1.6169     1.8315      0.0414   0.0097   72.80    101    Success 
   100       -1.6504     2.3602      0.0335   0.0169   82.55    102    Success 
   101       -1.6790     1.9254      0.0286   0.0049   71.29    103    Success 
   102       -1.7130     0.9025      0.0340   0.0052   73.80    104    Success 
   103       -1.7322     0.8642      0.0192   0.0055   71.50    105    Success 
   104       -1.7501     0.8739      0.0179   0.0046   67.51    106    Success 
   105       -1.7561     1.7917      0.0060   0.0068   70.46    107    Success 
   106       -1.7655     1.0486      0.0094   0.0011   70.96    108    Success 
   107       -1.7735     0.6203      0.0081   0.0014   56.10    109    Success 
   108       -1.7767     0.5637      0.0032   0.0030   81.74    110    Success 
   109       -1.7822     0.6293      0.0055   0.0021   72.75    111    Success 
   110       -1.7904     0.6544      0.0082   0.0031   71.99    112    Success 
   111       -1.8013     0.4998      0.0108   0.0059   76.33    113    Success 
   112       -1.8083     0.8780      0.0071   0.0057   75.55    114    Success 
   113       -1.8174     0.6014      0.0091   0.0051   80.07    115    Success 
   114       -1.8269     0.5247      0.0094   0.0041   73.19    116    Success 
   115       -1.8363     0.9061      0.0094   0.0063   71.53    117    Success 
   116       -1.8435     0.6426      0.0072   0.0041   78.42    118    Success 
   117       -1.8489     0.5629      0.0054   0.0018   71.23    119    Success 
   118       -1.8574     0.5880      0.0085   0.0042   75.19    120    Success 
   119       -1.8684     0.9898      0.0110   0.0086   79.24    121    Success 
   120       -1.8837     1.0016      0.0153   0.0128   84.52    122    Success 
   121       -1.9033     1.0713      0.0196   0.0170   84.31    123    Success 
   122       -1.9244     1.1257      0.0211   0.0215   84.57    124    Success 
   123       -1.9382     0.8707      0.0139   0.0048   73.06    125    Success 
   124       -1.9440     1.0139      0.0057   0.0137   84.88    126    Success 
   125       -1.9511     0.6130      0.0071   0.0038   80.52    127    Success 
   126       -1.9576     0.4418      0.0066   0.0014   56.51    128    Success 
   127       -1.9673     0.5512      0.0097   0.0076   77.42    129    Success 
   128       -1.9792     0.8626      0.0119   0.0111   79.82    130    Success 
   129       -1.9886     1.2147      0.0094   0.0177   85.72    131    Success 
   130       -1.9997     0.7807      0.0111   0.0030   73.10    132    Success 
   131       -2.0089     0.4876      0.0092   0.0085   82.63    133    Success 
   132       -2.0140     0.6525      0.0050   0.0072   83.03    134    Success 
   133       -2.0215     0.5678      0.0076   0.0051   80.24    135    Success 
   134       -2.0331     0.5771      0.0116   0.0104   81.84    136    Success 
   135       -2.0410     1.1645      0.0079   0.0085   74.82    137    Success 
   136       -2.0513     0.5975      0.0103   0.0071   83.94    138    Success 
   137       -2.0565     0.4381      0.0052   0.0035   76.00    139    Success 
   138       -2.0599     0.4255      0.0034   0.0034   79.48    140    Success 
   139       -2.0640     0.4952      0.0042   0.0024   68.83    141    Success 
   140       -2.0663     0.6351      0.0022   0.0102   84.76    142    Success 
   141       -2.0689     0.2566      0.0026   0.0035   83.62    143    Success 
   142       -2.0698     0.2209      0.0009   0.0011   72.13    144    Success 
   143       -2.0706     0.1813      0.0008   0.0015   79.29    145    Success 
   144       -2.0717     0.2117      0.0012   0.0026   78.98    146    Success 
   145       -2.0725     0.3730      0.0008   0.0039   81.08    147    Success 
   146       -2.0734     0.1730      0.0009   0.0005   63.00    148    Success 
   147       -2.0740     0.1404      0.0005   0.0006   65.58    149    Success 
   148       -2.0746     0.1558      0.0007   0.0017   77.63    150    Success 
   149       -2.0748     0.3662      0.0002   0.0032   81.64    151    Success 
   150       -2.0752     0.2575      0.0004   0.0004   80.04    152    Success 
   151       -2.0758     0.1155      0.0005   0.0014   83.23    153    Success 
   152       -2.0761     0.1385      0.0003   0.0018   82.93    154    Success 
   153       -2.0766     0.1871      0.0005   0.0026   84.98    155    Success 
   154       -2.0773     0.2214      0.0007   0.0041   86.27    156    Success 
   155       -2.0777     0.3468      0.0005   0.0055   86.36    157    Success 
   156       -2.0783     0.1359      0.0006   0.0021   85.99    158    Success 
   157       -2.0786     0.0869      0.0002   0.0009   80.61    159   SmallGrad

 LBFGS  --  Normal Termination due to SmallGrad

 Final Function Value :           -2.07859047
 Final RMS Gradient :              0.08694698
 Final Gradient Norm :             0.36888481
