
     ######################################################################
   ##########################################################################
  ###                                                                      ###
 ###            Tinker  ---  Software Tools for Molecular Design            ###
 ##                                                                          ##
 ##                      Version 8.9.4   September 2021                      ##
 ##                                                                          ##
 ##               Copyright (c)  Jay William Ponder  1990-2021               ##
 ###                           All Rights Reserved                          ###
  ###                                                                      ###
   ##########################################################################
     ######################################################################


 Additional Atom Definition Parameters :

     Type  Class  Symbol  Description               Atomic    Mass   Valence

      405   405     C     34_Index_0                   6     12.011     3
      401   401     C     34_Index_0                   6     12.011     3
      402   402     C     34_Index_0                   6     12.011     3
      403   403     C     34_Index_0                   6     12.011     3
      404   404     C     34_Index_0                   6     12.011     3
      406   406     O     34_Index_0                   8     15.999     2
      408   408     O     34_Index_0                   8     15.999     1
      407   407     H     34_Index_0                   1      1.008     1
      409   409     H     34_Index_0                   1      1.008     1
      410   410     H     34_Index_0                   1      1.008     1
      411   411     H     34_Index_0                   1      1.008     1

 Additional Bond Stretching Parameters :

     Atom Classes             K(S)         Length

       406 405             285.608         1.3600
       408 405             666.175         1.2200
       401 405             287.793         1.4463
       404 401             379.094         1.4000
       403 402             379.094         1.4000
       404 402             379.094         1.3900
       409 402             368.093         1.0900
       402 403             379.094         1.4000
       410 403             368.093         1.0900
       407 404             368.093         1.0900
       411 406             487.849         0.9800

 Additional Angle Bending Parameters :

     Atom Classes             K(B)          Angle

     411 406 405            45.149        106.555
     404 401 405            66.632        117.869
     402 404 401            74.631        119.590
     407 404 401            36.770        119.390
     406 405 401            77.303        110.597
     408 405 401            64.148        125.090
     402 403 402            74.631        119.980
     410 403 402            36.770        120.010
     407 404 402            36.770        121.030
     404 402 403            74.631        120.220
     409 402 403            36.770        120.010
     409 402 404            36.770        119.760
     404 401 404            74.631        120.400
     408 405 406            71.920        123.915

 Additional Stretch-Bend Parameters :

     Atom Classes          K(SB)-1        K(SB)-2

     411 406 405            31.076         31.076
     404 401 405            20.453         20.453
     402 404 401            20.453         20.453
     407 404 401            20.453         20.453
     406 405 401            17.707        -17.707
     408 405 401            17.707        -17.707
     402 403 402            20.453         20.453
     410 403 402            20.453         20.453
     407 404 402            20.453         20.453
     404 402 403            20.453         20.453
     409 402 403            20.453         20.453
     409 402 404            20.453         20.453
     404 401 404            20.453         20.453
     408 405 406            17.707        -17.707

 Additional Out-of-Plane Bend Parameters :

     Atom Classes                   K(OPB)

     406 405   0   0               116.142
     408 405   0   0               117.707
     401 405   0   0                73.907
     405 401   0   0                73.907
     404 401   0   0                84.886
     401 404   0   0                84.886
     403 402   0   0                84.886
     402 403   0   0                84.886
     404 402   0   0                84.886
     402 404   0   0                84.886
     409 402   0   0                72.814
     410 403   0   0                72.814
     407 404   0   0                72.814

 Additional Torsional Parameters :

     Atom Classes     1-Fold    2-Fold    3-Fold    4-Fold    5-Fold    6-Fold

   402 404 401 405   0.00   0  0.00 180  0.30   0  0.00   0  0.00   0  0.00   0
   407 404 401 405   0.00   0  0.00 180  0.30   0  0.00   0  0.00   0  0.00   0
   403 402 404 401   0.00   0  0.00 180  0.30   0  0.00   0  0.00   0  0.00   0
   411 406 405 401   0.00   0  0.00 180  0.30   0  0.00   0  0.00   0  0.00   0
   404 402 403 402   0.00   0  0.00 180  0.30   0  0.00   0  0.00   0  0.00   0
   409 402 403 402   0.00   0  0.00 180  0.30   0  0.00   0  0.00   0  0.00   0
   404 401 404 402   0.00   0  0.00 180  0.30   0  0.00   0  0.00   0  0.00   0
   407 404 402 403   0.00   0  0.00 180  0.30   0  0.00   0  0.00   0  0.00   0
   402 403 402 404   0.00   0  0.00 180  0.30   0  0.00   0  0.00   0  0.00   0
   410 403 402 404   0.00   0  0.00 180  0.30   0  0.00   0  0.00   0  0.00   0
   402 404 401 404   0.00   0  0.00 180  0.30   0  0.00   0  0.00   0  0.00   0
   407 404 401 404   0.00   0  0.00 180  0.30   0  0.00   0  0.00   0  0.00   0
   406 405 401 404   0.00   0  0.00 180  0.30   0  0.00   0  0.00   0  0.00   0
   408 405 401 404   0.00   0  0.00 180  0.30   0  0.00   0  0.00   0  0.00   0
   409 402 404 407   0.00   0  0.00 180  0.30   0  0.00   0  0.00   0  0.00   0
   411 406 405 408  -1.20   0  5.39 180  0.40   0  0.00   0  0.00   0  0.00   0
   409 402 404 401   0.55   0 11.38 180 -0.55   0  0.00   0  0.00   0  0.00   0
   410 403 402 409   0.00   0 10.92 180  0.00   0  0.00   0  0.00   0  0.00   0
   407 404 402 409   0.00   0 10.92 180  0.00   0  0.00   0  0.00   0  0.00   0

 Additional Atomic Multipole Parameters :

     Atom Type     Coordinate Frame Definition         Multipole Moments

         405      408    406      0   Z-then-X     1.02073
                                                   0.13510  0.00000 -0.01093
                                                   0.08672
                                                   0.00000 -0.46922
                                                  -0.86658  0.00000  0.38250

         401      404    404      0   Bisector     0.00534
                                                   0.00000  0.00000  0.42598
                                                  -0.74266
                                                   0.00000 -0.48064
                                                   0.00000  0.00000  1.22330

         402      409    404      0   Z-then-X    -0.02482
                                                  -0.01472  0.00000  0.06272
                                                   0.20580
                                                   0.00000 -0.14037
                                                   0.02742  0.00000 -0.06543

         403      402    402      0   Bisector     0.01736
                                                   0.00000  0.00000  0.09548
                                                   0.09677
                                                   0.00000 -0.22974
                                                   0.00000  0.00000  0.13297

         404      407    402      0   Z-then-X    -0.04661
                                                  -0.18240  0.00000  0.09049
                                                   0.29830
                                                   0.00000 -0.05492
                                                  -0.13956  0.00000 -0.24338

         406      411    405      0   Z-then-X    -0.52893
                                                  -0.00638  0.00000  0.28028
                                                   0.00872
                                                   0.00000 -0.42886
                                                  -0.09201  0.00000  0.42014

         408      405    406      0   Z-then-X    -0.70401
                                                   0.12192  0.00000 -0.16906
                                                  -0.57481
                                                   0.00000  0.30443
                                                   0.13728  0.00000  0.27038

         407      404    402      0   Z-then-X     0.02772
                                                   0.00747  0.00000 -0.16816
                                                   0.10857
                                                   0.00000 -0.00851
                                                   0.01722  0.00000 -0.10006

         409      402    404      0   Z-then-X     0.01093
                                                  -0.00168  0.00000 -0.16046
                                                   0.12170
                                                   0.00000 -0.01706
                                                  -0.00819  0.00000 -0.10464

         410      403      0      0   Z-Only       0.00808
                                                   0.00000  0.00000 -0.15269
                                                   0.02569
                                                   0.00000  0.02569
                                                   0.00000  0.00000 -0.05138

         411      406    405      0   Z-then-X     0.24699
                                                  -0.00898  0.00000 -0.11437
                                                   0.04285
                                                   0.00000 -0.08364
                                                  -0.00721  0.00000  0.04079

 Additional Atomic Dipole Polarizability Parameters :

     Atom Type           Alpha       Thole     Group Atom Types

         405             2.064       0.390         406  408
         401             2.064       0.390         404
         402             2.064       0.390         403  404  409
         403             2.064       0.390         402  410
         404             2.064       0.390         401  402  407
         406             0.832       0.390         405  411
         408             0.914       0.390         405
         407             0.432       0.390         404
         409             0.432       0.390         402
         410             0.432       0.390         403
         411             0.457       0.390         406

 Additional van der Waals Parameters :

     Atom Class               Size        Epsilon        Reduction

         403                3.8200         0.1010          0.000
         408                3.3000         0.1120          0.000
         406                3.4050         0.1100          0.000
         411                2.6550         0.0150          0.910
         405                3.7800         0.1060          0.000
         404                3.8200         0.1010          0.000
         407                2.9100         0.0330          0.900
         401                3.8000         0.0910          0.000
         402                3.8000         0.0910          0.000
         409                2.9800         0.0260          0.920
         410                2.9800         0.0260          0.920

 Additional Solvation Parameters :

     Atom Type                PB Size     CS Size     GK Size

         411             2.5740      2.7580      2.9054
         407             2.5740      2.7580      2.9054
         409             2.5740      2.7580      2.9054
         410             2.5740      2.7580      2.9054
         404             3.8585      3.7660      3.8448
         405             2.9301      4.5060      4.2118
         401             3.6909      3.7660      4.4258
         402             3.8286      3.8930      4.5084
         403             3.8286      3.8930      4.5084
         408             2.9835      3.3560      2.9616
         406             3.3991      2.8190      2.9337

 Limited Memory BFGS Quasi-Newton Optimization :

 QN Iter     F Value      G RMS      F Move   X Move   Angle  FG Call  Comment

     0       50.6762    39.2285                                   1
     1       45.0484   103.8996      5.6278   0.0982    0.00      2    Success 
     2       35.3501    76.1207      9.6983   0.0065   21.52      3    Success 
     3       22.0110    30.7428     13.3391   0.0154   23.00      4    Success 
     4       17.2520    15.2193      4.7590   0.0144   27.20      5    Success 
     5       14.7517    16.0313      2.5003   0.0155   38.77      6    Success 
     6       11.4980    18.3836      3.2536   0.0292   57.99      7    Success 
     7        8.0233    13.7291      3.4748   0.0411   68.78      8    Success 
     8        7.7558    24.8376      0.2675   0.0565   69.71      9    Success 
     9        7.2518    21.9868      0.5040   0.0014   30.92     10    Success 
    10        6.3661    16.5148      0.8857   0.0037   46.63     11    Success 
    11        5.1419     6.2631      1.2242   0.0108   56.51     12    Success 
    12        4.7439     4.8092      0.3981   0.0111   60.62     13    Success 
    13        4.4947     5.9516      0.2492   0.0102   70.31     14    Success 
    14        4.0694     6.6668      0.4253   0.0170   74.16     15    Success 
    15        3.3777     6.6320      0.6917   0.0286   75.65     16    Success 
    16        3.0349     9.5009      0.3427   0.0258   76.97     18    Success 
    17        2.5022     6.1508      0.5327   0.0259   81.09     19    Success 
    18        2.0505     3.3878      0.4517   0.0389   79.51     20    Success 
    19        1.8871     3.8664      0.1635   0.0156   74.59     21    Success 
    20        1.6741     3.7237      0.2130   0.0142   73.06     22    Success 
    21        1.4208     2.9962      0.2533   0.0194   73.75     23    Success 
    22        1.3191     3.7138      0.1017   0.0119   71.81     25    Success 
    23        1.1883     2.5549      0.1308   0.0082   68.16     26    Success 
    24        1.1440     3.9257      0.0443   0.0136   73.21     27    Success 
    25        1.0769     2.5923      0.0671   0.0056   77.12     28    Success 
    26        1.0208     1.2317      0.0560   0.0044   63.39     29    Success 
    27        1.0044     0.8294      0.0165   0.0020   56.82     30    Success 
    28        0.9855     0.9532      0.0188   0.0053   69.44     31    Success 
    29        0.9642     1.0953      0.0213   0.0076   76.60     32    Success 
    30        0.9420     1.4643      0.0222   0.0088   76.27     33    Success 
    31        0.9242     0.9735      0.0179   0.0067   77.63     34    Success 
    32        0.9135     0.7435      0.0107   0.0025   69.77     35    Success 
    33        0.9018     0.9012      0.0117   0.0026   62.93     36    Success 
    34        0.8848     1.0692      0.0170   0.0044   70.94     37    Success 
    35        0.8732     1.6279      0.0116   0.0073   75.93     38    Success 
    36        0.8577     0.7480      0.0154   0.0030   74.85     39    Success 
    37        0.8491     0.6758      0.0086   0.0021   65.42     40    Success 
    38        0.8395     0.8566      0.0096   0.0044   75.12     41    Success 
    39        0.8285     1.0091      0.0109   0.0037   70.80     42    Success 
    40        0.8174     0.9163      0.0111   0.0066   80.10     43    Success 
    41        0.8051     0.7132      0.0123   0.0028   68.99     44    Success 
    42        0.7879     1.1238      0.0172   0.0071   74.26     45    Success 
    43        0.7696     1.4991      0.0183   0.0081   77.95     46    Success 
    44        0.7553     1.3216      0.0143   0.0093   84.49     48    Success 
    45        0.7368     1.0103      0.0185   0.0040   72.91     49    Success 
    46        0.7179     1.0984      0.0189   0.0048   72.51     50    Success 
    47        0.6920     1.5334      0.0259   0.0069   73.81     51    Success 
    48        0.6694     2.2149      0.0226   0.0122   81.36     52    Success 
    49        0.6572     1.4496      0.0122   0.0060   79.06     53    Success 
    50        0.6386     0.8519      0.0186   0.0034   73.92     54    Success 
    51        0.6183     1.3629      0.0202   0.0079   74.14     55    Success 
    52        0.6038     1.2511      0.0146   0.0039   79.31     56    Success 
    53        0.5845     1.5728      0.0192   0.0067   78.94     57    Success 
    54        0.5612     1.4550      0.0233   0.0116   83.30     58    Success 
    55        0.5543     1.4400      0.0069   0.0050   70.99     59    Success 
    56        0.5422     1.0723      0.0121   0.0035   81.13     60    Success 
    57        0.5247     0.9955      0.0175   0.0079   80.85     61    Success 
    58        0.5093     1.4417      0.0154   0.0051   75.83     62    Success 
    59        0.4872     1.5406      0.0220   0.0040   74.29     63    Success 
    60        0.4658     2.5534      0.0214   0.0068   76.56     64    Success 
    61        0.4333     2.0268      0.0325   0.0068   82.09     65    Success 
    62        0.4155     1.4226      0.0178   0.0067   74.49     66    Success 
    63        0.3873     1.1955      0.0282   0.0084   80.50     67    Success 
    64        0.3751     2.4508      0.0122   0.0148   82.03     68    Success 
    65        0.3594     1.3926      0.0157   0.0036   81.12     69    Success 
    66        0.3471     0.7096      0.0123   0.0020   71.57     70    Success 
    67        0.3300     0.5855      0.0171   0.0068   74.87     71    Success 
    68        0.3066     0.9798      0.0234   0.0145   77.06     72    Success 
    69        0.2948     1.4047      0.0118   0.0092   82.11     74    Success 
    70        0.2776     0.9736      0.0172   0.0032   73.12     75    Success 
    71        0.2535     1.0410      0.0241   0.0107   79.43     76    Success 
    72        0.2226     1.1011      0.0309   0.0105   75.85     77    Success 
    73        0.2050     2.2871      0.0176   0.0186   80.33     78    Success 
    74        0.1816     1.5312      0.0234   0.0034   75.46     79    Success 
    75        0.1567     1.6294      0.0249   0.0051   70.75     80    Success 
    76        0.1328     1.1066      0.0239   0.0058   78.71     81    Success 
    77        0.1028     1.5310      0.0300   0.0132   79.51     82    Success 
    78        0.0703     1.3945      0.0326   0.0112   79.96     83    Success 
    79        0.0556     1.3091      0.0146   0.0062   75.37     84    Success 
    80        0.0353     1.2181      0.0203   0.0099   82.81     85    Success 
    81        0.0144     1.3240      0.0210   0.0088   79.13     86    Success 
    82       -0.0021     1.1295      0.0165   0.0068   82.12     87    Success 
    83       -0.0224     0.9232      0.0203   0.0069   76.37     88    Success 
    84       -0.0354     2.0304      0.0130   0.0214   83.47     89    Success 
    85       -0.0550     1.2848      0.0196   0.0020   69.68     90    Success 
    86       -0.0826     1.0081      0.0276   0.0093   79.48     91    Success 
    87       -0.1105     1.0813      0.0279   0.0157   82.74     92    Success 
    88       -0.1480     1.4631      0.0375   0.0177   80.67     93    Success 
    89       -0.1810     1.7460      0.0330   0.0142   79.70     94    Success 
    90       -0.2062     1.5396      0.0252   0.0102   80.91     95    Success 
    91       -0.2136     1.3231      0.0074   0.0039   82.10     97    Success 
    92       -0.2263     1.0527      0.0127   0.0020   72.18     98    Success 
    93       -0.2476     0.9053      0.0212   0.0049   74.14     99    Success 
    94       -0.2780     1.2390      0.0305   0.0106   75.78    100    Success 
    95       -0.3026     1.7249      0.0246   0.0106   78.88    101    Success 
    96       -0.3321     1.7021      0.0295   0.0111   82.91    102    Success 
    97       -0.3780     1.4981      0.0459   0.0106   79.54    103    Success 
    98       -0.4167     3.0866      0.0387   0.0274   82.87    104    Success 
    99       -0.4696     1.9536      0.0529   0.0046   72.49    105    Success 
   100       -0.5167     1.4315      0.0470   0.0076   75.81    106    Success 
   101       -0.5752     1.3946      0.0585   0.0166   78.83    107    Success 
   102       -0.6270     2.8361      0.0518   0.0243   79.38    108    Success 
   103       -0.6747     1.7231      0.0477   0.0055   72.50    109    Success 
   104       -0.7061     2.6407      0.0314   0.0170   83.75    111    Success 
   105       -0.7526     1.7786      0.0465   0.0087   81.26    112    Success 
   106       -0.8017     1.4382      0.0491   0.0159   81.80    113    Success 
   107       -0.8457     1.7291      0.0440   0.0130   78.66    114    Success 
   108       -0.8925     1.8031      0.0468   0.0234   83.47    115    Success 
   109       -0.9250     2.4090      0.0325   0.0079   68.67    116    Success 
   110       -0.9773     1.5063      0.0523   0.0112   82.28    117    Success 
   111       -1.0410     2.2908      0.0638   0.0191   78.35    118    Success 
   112       -1.1026     2.3209      0.0616   0.0055   67.20    119    Success 
   113       -1.1732     2.8245      0.0705   0.0155   79.03    120    Success 
   114       -1.2491     1.6494      0.0759   0.0106   76.36    121    Success 
   115       -1.3124     2.1515      0.0633   0.0187   80.60    122    Success 
   116       -1.3972     1.7555      0.0848   0.0206   80.88    123    Success 
   117       -1.4594     2.1801      0.0623   0.0286   81.94    124    Success 
   118       -1.4901     1.4795      0.0307   0.0045   69.84    126    Success 
   119       -1.5132     1.1683      0.0230   0.0085   80.03    127    Success 
   120       -1.5300     1.0595      0.0168   0.0042   74.60    128    Success 
   121       -1.5534     1.0484      0.0235   0.0083   77.81    129    Success 
   122       -1.5776     1.6360      0.0242   0.0117   77.69    130    Success 
   123       -1.6040     1.1470      0.0264   0.0066   79.20    131    Success 
   124       -1.6383     1.2300      0.0342   0.0132   79.99    132    Success 
   125       -1.6864     1.6528      0.0481   0.0168   79.41    133    Success 
   126       -1.7418     2.4207      0.0554   0.0286   83.50    134    Success 
   127       -1.8141     1.9850      0.0723   0.0184   82.05    135    Success 
   128       -1.8757     2.9463      0.0616   0.0370   83.85    136    Success 
   129       -1.9276     2.2720      0.0519   0.0073   71.33    137    Success 
   130       -1.9865     1.9775      0.0589   0.0166   82.23    138    Success 
   131       -2.0476     1.8773      0.0611   0.0222   83.94    139    Success 
   132       -2.1273     2.1845      0.0797   0.0270   82.32    140    Success 
   133       -2.1685     3.4903      0.0412   0.0222   79.46    141    Success 
   134       -2.2300     2.3512      0.0615   0.0138   84.55    142    Success 
   135       -2.2773     2.4395      0.0473   0.0047   52.00    143    Success 
   136       -2.3238     2.8055      0.0465   0.0324   86.19    144    Success 
   137       -2.3812     1.6807      0.0574   0.0037   67.92    145    Success 
   138       -2.4687     1.3598      0.0875   0.0224   80.26    146    Success 
   139       -2.5640     2.0580      0.0952   0.0397   80.96    147    Success 
   140       -2.5889     4.5381      0.0250   0.0317   80.67    148    Success 
   141       -2.6333     3.4802      0.0444   0.0028   77.50    149    Success 
   142       -2.7065     2.0605      0.0731   0.0106   82.29    150    Success 
   143       -2.7892     2.0251      0.0827   0.0134   72.90    151    Success 
   144       -2.8250     2.6896      0.0358   0.0235   85.62    153    Success 
   145       -2.8835     2.4412      0.0585   0.0111   82.92    154    Success 
   146       -2.9651     2.7576      0.0816   0.0178   81.41    155    Success 
   147       -3.0687     1.4353      0.1036   0.0236   82.01    156    Success 
   148       -3.1015     2.0390      0.0328   0.0113   76.32    157    Success 
   149       -3.1358     1.5537      0.0343   0.0188   84.82    158    Success 
   150       -3.1535     2.4282      0.0177   0.0052   62.02    159    Success 
   151       -3.1838     2.0197      0.0303   0.0076   83.93    160    Success 
   152       -3.2306     1.5778      0.0467   0.0151   83.67    161    Success 
   153       -3.2768     2.2466      0.0462   0.0200   82.30    162    Success 
   154       -3.3154     1.9676      0.0386   0.0056   77.21    163    Success 
   155       -3.3748     1.7482      0.0594   0.0163   82.32    164    Success 
   156       -3.4498     2.5026      0.0749   0.0243   81.04    165    Success 
   157       -3.5348     2.2638      0.0850   0.0208   81.24    166    Success 
   158       -3.5740     2.7883      0.0393   0.0243   85.98    168    Success 
   159       -3.6394     2.4101      0.0654   0.0120   82.52    169    Success 
   160       -3.7432     1.7920      0.1038   0.0186   80.66    170    Success 
   161       -3.8581     2.9159      0.1149   0.0351   79.42    171    Success 
   162       -3.9236     2.5397      0.0655   0.0165   78.84    172    Success 
   163       -3.9459     2.4727      0.0222   0.0140   86.26    174    Success 
   164       -3.9808     1.5270      0.0349   0.0044   76.99    175    Success 
   165       -4.0253     1.2615      0.0445   0.0102   75.55    176    Success 
   166       -4.0578     1.3237      0.0325   0.0078   75.71    177    Success 
   167       -4.0968     1.4166      0.0390   0.0116   76.36    178    Success 
   168       -4.1226     1.5196      0.0257   0.0103   73.15    179    Success 
   169       -4.1445     0.9945      0.0219   0.0029   63.03    180    Success 
   170       -4.1621     0.9074      0.0176   0.0032   62.32    181    Success 
   171       -4.1806     1.1189      0.0185   0.0054   72.62    182    Success 
   172       -4.2052     0.9407      0.0247   0.0067   74.06    183    Success 
   173       -4.2343     1.6135      0.0290   0.0133   77.34    184    Success 
   174       -4.2689     1.4960      0.0346   0.0131   81.73    185    Success 
   175       -4.2968     1.0092      0.0279   0.0082   77.79    186    Success 
   176       -4.3150     1.4076      0.0182   0.0156   82.19    187    Success 
   177       -4.3350     1.0840      0.0200   0.0069   78.29    188    Success 
   178       -4.3504     0.7358      0.0154   0.0036   73.26    189    Success 
   179       -4.3706     0.8074      0.0202   0.0136   80.15    190    Success 
   180       -4.3866     1.3303      0.0160   0.0128   78.79    191    Success 
   181       -4.4004     0.6762      0.0138   0.0111   84.13    192    Success 
   182       -4.4059     0.5028      0.0055   0.0015   63.43    193    Success 
   183       -4.4117     0.5725      0.0058   0.0051   79.31    194    Success 
   184       -4.4209     0.7169      0.0092   0.0049   76.66    195    Success 
   185       -4.4356     0.8629      0.0147   0.0091   81.00    196    Success 
   186       -4.4541     1.0172      0.0186   0.0157   83.07    197    Success 
   187       -4.4720     0.7501      0.0178   0.0160   83.94    198    Success 
   188       -4.4809     0.8213      0.0089   0.0058   80.29    199    Success 
   189       -4.4930     0.6037      0.0121   0.0092   82.47    200    Success 
   190       -4.5053     1.0660      0.0124   0.0112   78.62    201    Success 
   191       -4.5204     0.8323      0.0151   0.0078   80.48    202    Success 
   192       -4.5334     0.6450      0.0130   0.0059   77.96    203    Success 
   193       -4.5435     0.7457      0.0101   0.0087   78.10    204    Success 
   194       -4.5491     0.7237      0.0056   0.0065   80.99    205    Success 
   195       -4.5528     0.4186      0.0037   0.0019   77.72    206    Success 
   196       -4.5560     0.3333      0.0032   0.0034   79.46    207    Success 
   197       -4.5590     0.3604      0.0030   0.0027   76.55    208    Success 
   198       -4.5628     0.4239      0.0039   0.0035   75.06    209    Success 
   199       -4.5637     0.6972      0.0008   0.0062   80.70    210    Success 
   200       -4.5650     0.4618      0.0014   0.0007   79.80    211    Success 
   201       -4.5666     0.1556      0.0015   0.0017   78.61    212    Success 
   202       -4.5669     0.1707      0.0004   0.0008   78.84    213    Success 
   203       -4.5676     0.1719      0.0006   0.0010   76.23    214    Success 
   204       -4.5684     0.2776      0.0008   0.0019   77.76    215    Success 
   205       -4.5693     0.1369      0.0009   0.0026   82.97    216    Success 
   206       -4.5697     0.1342      0.0003   0.0011   79.11    217    Success 
   207       -4.5701     0.1294      0.0005   0.0016   79.26    218    Success 
   208       -4.5705     0.1790      0.0003   0.0012   77.94    219    Success 
   209       -4.5707     0.1458      0.0002   0.0009   78.13    220    Success 
   210       -4.5709     0.0714      0.0002   0.0002   68.60    221   SmallGrad

 LBFGS  --  Normal Termination due to SmallGrad

 Final Function Value :           -4.57085813
 Final RMS Gradient :              0.07142511
 Final Gradient Norm :             0.30303108
