
     ######################################################################
   ##########################################################################
  ###                                                                      ###
 ###            Tinker  ---  Software Tools for Molecular Design            ###
 ##                                                                          ##
 ##                      Version 8.9.4   September 2021                      ##
 ##                                                                          ##
 ##               Copyright (c)  Jay William Ponder  1990-2021               ##
 ###                           All Rights Reserved                          ###
  ###                                                                      ###
   ##########################################################################
     ######################################################################


 Additional Atom Definition Parameters :

     Type  Class  Symbol  Description               Atomic    Mass   Valence

      405   405     C     34_Index_0                   6     12.011     3
      401   401     C     34_Index_0                   6     12.011     3
      402   402     C     34_Index_0                   6     12.011     3
      403   403     C     34_Index_0                   6     12.011     3
      404   404     C     34_Index_0                   6     12.011     3
      406   406     O     34_Index_0                   8     15.999     2
      408   408     O     34_Index_0                   8     15.999     1
      407   407     H     34_Index_0                   1      1.008     1
      409   409     H     34_Index_0                   1      1.008     1
      410   410     H     34_Index_0                   1      1.008     1
      411   411     H     34_Index_0                   1      1.008     1

 Additional Bond Stretching Parameters :

     Atom Classes             K(S)         Length

       406 405             285.608         1.3600
       408 405             666.175         1.2200
       401 405             287.793         1.4463
       404 401             379.094         1.4000
       403 402             379.094         1.4000
       404 402             379.094         1.3900
       409 402             368.093         1.0900
       402 403             379.094         1.4000
       410 403             368.093         1.0900
       407 404             368.093         1.0900
       411 406             487.849         0.9800

 Additional Angle Bending Parameters :

     Atom Classes             K(B)          Angle

     411 406 405            45.149        106.555
     404 401 405            66.632        117.869
     402 404 401            74.631        119.590
     407 404 401            36.770        119.390
     406 405 401            77.303        110.597
     408 405 401            64.148        125.090
     402 403 402            74.631        119.980
     410 403 402            36.770        120.010
     407 404 402            36.770        121.030
     404 402 403            74.631        120.220
     409 402 403            36.770        120.010
     409 402 404            36.770        119.760
     404 401 404            74.631        120.400
     408 405 406            71.920        123.915

 Additional Stretch-Bend Parameters :

     Atom Classes          K(SB)-1        K(SB)-2

     411 406 405            31.076         31.076
     404 401 405            20.453         20.453
     402 404 401            20.453         20.453
     407 404 401            20.453         20.453
     406 405 401            17.707        -17.707
     408 405 401            17.707        -17.707
     402 403 402            20.453         20.453
     410 403 402            20.453         20.453
     407 404 402            20.453         20.453
     404 402 403            20.453         20.453
     409 402 403            20.453         20.453
     409 402 404            20.453         20.453
     404 401 404            20.453         20.453
     408 405 406            17.707        -17.707

 Additional Out-of-Plane Bend Parameters :

     Atom Classes                   K(OPB)

     406 405   0   0               116.142
     408 405   0   0               117.707
     401 405   0   0                73.907
     405 401   0   0                73.907
     404 401   0   0                84.886
     401 404   0   0                84.886
     403 402   0   0                84.886
     402 403   0   0                84.886
     404 402   0   0                84.886
     402 404   0   0                84.886
     409 402   0   0                72.814
     410 403   0   0                72.814
     407 404   0   0                72.814

 Additional Torsional Parameters :

     Atom Classes     1-Fold    2-Fold    3-Fold    4-Fold    5-Fold    6-Fold

   402 404 401 405   0.00   0  0.00 180  0.30   0  0.00   0  0.00   0  0.00   0
   407 404 401 405   0.00   0  0.00 180  0.30   0  0.00   0  0.00   0  0.00   0
   403 402 404 401   0.00   0  0.00 180  0.30   0  0.00   0  0.00   0  0.00   0
   411 406 405 401   0.00   0  0.00 180  0.30   0  0.00   0  0.00   0  0.00   0
   404 402 403 402   0.00   0  0.00 180  0.30   0  0.00   0  0.00   0  0.00   0
   409 402 403 402   0.00   0  0.00 180  0.30   0  0.00   0  0.00   0  0.00   0
   404 401 404 402   0.00   0  0.00 180  0.30   0  0.00   0  0.00   0  0.00   0
   407 404 402 403   0.00   0  0.00 180  0.30   0  0.00   0  0.00   0  0.00   0
   402 403 402 404   0.00   0  0.00 180  0.30   0  0.00   0  0.00   0  0.00   0
   410 403 402 404   0.00   0  0.00 180  0.30   0  0.00   0  0.00   0  0.00   0
   402 404 401 404   0.00   0  0.00 180  0.30   0  0.00   0  0.00   0  0.00   0
   407 404 401 404   0.00   0  0.00 180  0.30   0  0.00   0  0.00   0  0.00   0
   406 405 401 404   0.00   0  0.00 180  0.30   0  0.00   0  0.00   0  0.00   0
   408 405 401 404   0.00   0  0.00 180  0.30   0  0.00   0  0.00   0  0.00   0
   409 402 404 407   0.00   0  0.00 180  0.30   0  0.00   0  0.00   0  0.00   0
   411 406 405 408  -1.20   0  5.39 180  0.40   0  0.00   0  0.00   0  0.00   0
   409 402 404 401   0.55   0 11.38 180 -0.55   0  0.00   0  0.00   0  0.00   0
   410 403 402 409   0.00   0 10.92 180  0.00   0  0.00   0  0.00   0  0.00   0
   407 404 402 409   0.00   0 10.92 180  0.00   0  0.00   0  0.00   0  0.00   0

 Additional Atomic Multipole Parameters :

     Atom Type     Coordinate Frame Definition         Multipole Moments

         405      408    406      0   Z-then-X     1.02073
                                                   0.13510  0.00000 -0.01093
                                                   0.08672
                                                   0.00000 -0.46922
                                                  -0.86658  0.00000  0.38250

         401      404    404      0   Bisector     0.00534
                                                   0.00000  0.00000  0.42598
                                                  -0.74266
                                                   0.00000 -0.48064
                                                   0.00000  0.00000  1.22330

         402      409    404      0   Z-then-X    -0.02482
                                                  -0.01472  0.00000  0.06272
                                                   0.20580
                                                   0.00000 -0.14037
                                                   0.02742  0.00000 -0.06543

         403      402    402      0   Bisector     0.01736
                                                   0.00000  0.00000  0.09548
                                                   0.09677
                                                   0.00000 -0.22974
                                                   0.00000  0.00000  0.13297

         404      407    402      0   Z-then-X    -0.04661
                                                  -0.18240  0.00000  0.09049
                                                   0.29830
                                                   0.00000 -0.05492
                                                  -0.13956  0.00000 -0.24338

         406      411    405      0   Z-then-X    -0.52893
                                                  -0.00638  0.00000  0.28028
                                                   0.00872
                                                   0.00000 -0.42886
                                                  -0.09201  0.00000  0.42014

         408      405    406      0   Z-then-X    -0.70401
                                                   0.12192  0.00000 -0.16906
                                                  -0.57481
                                                   0.00000  0.30443
                                                   0.13728  0.00000  0.27038

         407      404    402      0   Z-then-X     0.02772
                                                   0.00747  0.00000 -0.16816
                                                   0.10857
                                                   0.00000 -0.00851
                                                   0.01722  0.00000 -0.10006

         409      402    404      0   Z-then-X     0.01093
                                                  -0.00168  0.00000 -0.16046
                                                   0.12170
                                                   0.00000 -0.01706
                                                  -0.00819  0.00000 -0.10464

         410      403      0      0   Z-Only       0.00808
                                                   0.00000  0.00000 -0.15269
                                                   0.02569
                                                   0.00000  0.02569
                                                   0.00000  0.00000 -0.05138

         411      406    405      0   Z-then-X     0.24699
                                                  -0.00898  0.00000 -0.11437
                                                   0.04285
                                                   0.00000 -0.08364
                                                  -0.00721  0.00000  0.04079

 Additional Atomic Dipole Polarizability Parameters :

     Atom Type           Alpha       Thole     Group Atom Types

         405             2.064       0.390         406  408
         401             2.064       0.390         404
         402             2.064       0.390         403  404  409
         403             2.064       0.390         402  410
         404             2.064       0.390         401  402  407
         406             0.832       0.390         405  411
         408             0.914       0.390         405
         407             0.432       0.390         404
         409             0.432       0.390         402
         410             0.432       0.390         403
         411             0.457       0.390         406

 Additional van der Waals Parameters :

     Atom Class               Size        Epsilon        Reduction

         403                3.8200         0.1010          0.000
         408                3.3000         0.1120          0.000
         406                3.4050         0.1100          0.000
         411                2.6550         0.0150          0.910
         405                3.7800         0.1060          0.000
         404                3.8200         0.1010          0.000
         407                2.9100         0.0330          0.900
         401                3.8000         0.0910          0.000
         402                3.8000         0.0910          0.000
         409                2.9800         0.0260          0.920
         410                2.9800         0.0260          0.920

 Additional Solvation Parameters :

     Atom Type                PB Size     CS Size     GK Size

         411             2.5740      2.7580      2.9054
         407             2.5740      2.7580      2.9054
         409             2.5740      2.7580      2.9054
         410             2.5740      2.7580      2.9054
         404             3.8585      3.7660      3.8448
         405             2.9301      4.5060      4.2118
         401             3.6909      3.7660      4.4258
         402             3.8286      3.8930      4.5084
         403             3.8286      3.8930      4.5084
         408             2.9835      3.3560      2.9616
         406             3.3991      2.8190      2.9337

 Limited Memory BFGS Quasi-Newton Optimization :

 QN Iter     F Value      G RMS      F Move   X Move   Angle  FG Call  Comment

     0       17.4144    15.5232                                   1
     1       15.4757    16.3096      1.9387   0.0145    0.00      3    Success 
     2       13.8424    11.5545      1.6332   0.0089   44.08      4    Success 
     3       11.2167     7.7974      2.6257   0.0209   41.33      5    Success 
     4        7.9340    10.4613      3.2827   0.0463   36.03      6    Success 
     5        6.8358    10.8252      1.0982   0.0267   63.72      8    Success 
     6        5.8592     7.2963      0.9766   0.0225   73.10      9    Success 
     7        4.7241     7.1980      1.1351   0.0398   68.70     10    Success 
     8        3.9913     8.6715      0.7328   0.0386   71.08     11    Success 
     9        3.5662     4.8351      0.4251   0.0141   75.22     12    Success 
    10        3.1497     3.6720      0.4165   0.0189   66.99     13    Success 
    11        2.8869     3.8013      0.2627   0.0136   67.48     14    Success 
    12        2.5811     5.4570      0.3059   0.0218   69.40     15    Success 
    13        2.2393     3.8835      0.3418   0.0289   78.94     16    Success 
    14        2.0057     2.9323      0.2336   0.0207   77.13     17    Success 
    15        1.9091     5.7056      0.0966   0.0331   75.45     18    Success 
    16        1.7767     2.3172      0.1324   0.0047   66.16     19    Success 
    17        1.7194     1.6154      0.0572   0.0035   53.94     20    Success 
    18        1.6702     2.0755      0.0493   0.0102   77.78     21    Success 
    19        1.5928     2.2820      0.0774   0.0128   78.13     22    Success 
    20        1.4958     3.1744      0.0969   0.0252   81.42     23    Success 
    21        1.3990     2.1094      0.0968   0.0201   80.87     24    Success 
    22        1.3535     1.6457      0.0455   0.0053   66.17     25    Success 
    23        1.3095     1.7672      0.0440   0.0153   81.38     26    Success 
    24        1.2695     1.6662      0.0400   0.0086   75.78     27    Success 
    25        1.2310     1.2534      0.0385   0.0155   83.10     28    Success 
    26        1.1979     1.3954      0.0331   0.0121   76.60     29    Success 
    27        1.1827     1.5340      0.0152   0.0078   77.30     30    Success 
    28        1.1724     0.8989      0.0103   0.0043   82.09     31    Success 
    29        1.1660     1.1898      0.0064   0.0050   76.58     32    Success 
    30        1.1572     0.8538      0.0088   0.0021   75.35     33    Success 
    31        1.1427     1.0025      0.0145   0.0030   67.76     34    Success 
    32        1.1179     1.5052      0.0249   0.0054   72.84     35    Success 
    33        1.0745     2.0523      0.0434   0.0096   78.95     36    Success 
    34        1.0015     2.5588      0.0729   0.0172   82.14     37    Success 
    35        0.9055     3.3060      0.0961   0.0318   84.28     38    Success 
    36        0.8301     3.7999      0.0754   0.0386   85.20     39    Success 
    37        0.7551     2.1452      0.0751   0.0171   82.61     40    Success 
    38        0.6815     2.8895      0.0736   0.0095   69.63     41    Success 
    39        0.6445     4.1598      0.0370   0.0302   84.63     42    Success 
    40        0.5868     2.8299      0.0577   0.0071   82.02     43    Success 
    41        0.5076     1.8639      0.0791   0.0063   68.84     44    Success 
    42        0.4438     1.6963      0.0638   0.0071   69.75     45    Success 
    43        0.3518     2.4626      0.0920   0.0205   78.24     46    Success 
    44        0.2538     3.2665      0.0980   0.0333   82.83     47    Success 
    45        0.1630     2.2038      0.0909   0.0074   67.68     48    Success 
    46        0.0733     3.0261      0.0897   0.0233   79.76     49    Success 
    47       -0.0292     2.2286      0.1025   0.0211   81.03     50    Success 
    48       -0.0846     3.0782      0.0554   0.0092   64.99     51    Success 
    49       -0.1509     1.5732      0.0663   0.0148   83.40     52    Success 
    50       -0.1988     1.1777      0.0478   0.0096   74.19     53    Success 
    51       -0.2366     1.1432      0.0378   0.0075   70.76     54    Success 
    52       -0.2670     2.0514      0.0305   0.0113   71.06     55    Success 
    53       -0.3015     1.0597      0.0345   0.0048   73.02     56    Success 
    54       -0.3275     1.0942      0.0260   0.0050   66.86     57    Success 
    55       -0.3543     1.3890      0.0268   0.0070   70.28     58    Success 
    56       -0.3795     1.1083      0.0252   0.0083   77.15     59    Success 
    57       -0.3960     0.9003      0.0165   0.0066   78.83     60    Success 
    58       -0.4061     0.5863      0.0102   0.0035   69.54     61    Success 
    59       -0.4113     0.5111      0.0052   0.0035   77.82     62    Success 
    60       -0.4172     0.5512      0.0059   0.0036   75.25     63    Success 
    61       -0.4242     0.7535      0.0070   0.0042   76.47     64    Success 
    62       -0.4336     0.8605      0.0094   0.0064   80.71     65    Success 
    63       -0.4449     0.7608      0.0112   0.0098   82.83     66    Success 
    64       -0.4546     0.5624      0.0097   0.0057   79.53     67    Success 
    65       -0.4638     0.6711      0.0092   0.0048   74.58     68    Success 
    66       -0.4748     0.9847      0.0111   0.0070   78.98     69    Success 
    67       -0.4882     1.3082      0.0133   0.0089   81.92     70    Success 
    68       -0.5065     1.0315      0.0183   0.0124   84.89     71    Success 
    69       -0.5311     0.9688      0.0246   0.0139   82.12     72    Success 
    70       -0.5577     1.4885      0.0267   0.0188   82.61     73    Success 
    71       -0.5874     1.3399      0.0297   0.0128   81.05     74    Success 
    72       -0.6050     2.2053      0.0176   0.0256   84.48     75    Success 
    73       -0.6268     1.4959      0.0218   0.0037   76.18     76    Success 
    74       -0.6559     1.0864      0.0291   0.0055   72.84     77    Success 
    75       -0.6896     1.2574      0.0337   0.0132   80.40     78    Success 
    76       -0.7186     2.8824      0.0290   0.0270   83.68     79    Success 
    77       -0.7501     1.5380      0.0315   0.0061   79.48     80    Success 
    78       -0.7727     1.0391      0.0226   0.0051   78.13     81    Success 
    79       -0.7991     1.5928      0.0264   0.0170   81.81     82    Success 
    80       -0.8143     1.8653      0.0151   0.0059   71.79     83    Success 
    81       -0.8389     1.4046      0.0247   0.0058   81.12     84    Success 
    82       -0.8731     1.4485      0.0342   0.0084   76.50     85    Success 
    83       -0.8913     2.5854      0.0182   0.0107   81.97     86    Success 
    84       -0.9135     2.0322      0.0222   0.0041   78.99     87    Success 
    85       -0.9464     1.5023      0.0329   0.0064   80.44     88    Success 
    86       -0.9959     1.5746      0.0494   0.0148   80.51     89    Success 
    87       -1.0297     2.8496      0.0338   0.0229   81.32     90    Success 
    88       -1.0436     1.7254      0.0140   0.0032   65.75     91    Success 
    89       -1.0620     1.4644      0.0184   0.0051   79.89     92    Success 
    90       -1.0820     1.5208      0.0200   0.0044   73.51     93    Success 
    91       -1.0987     1.6164      0.0167   0.0036   78.74     94    Success 
    92       -1.1277     1.7458      0.0290   0.0066   79.98     95    Success 
    93       -1.1714     2.1259      0.0436   0.0107   80.09     96    Success 
    94       -1.2290     2.7743      0.0577   0.0164   82.00     97    Success 
    95       -1.2639     2.4576      0.0349   0.0134   80.10     98    Success 
    96       -1.3110     2.4463      0.0472   0.0147   83.85     99    Success 
    97       -1.3562     2.4415      0.0451   0.0132   80.70    100    Success 
    98       -1.3854     1.5983      0.0292   0.0039   72.40    101    Success 
    99       -1.4173     1.5966      0.0319   0.0089   80.21    102    Success 
   100       -1.4588     1.2628      0.0415   0.0111   78.44    103    Success 
   101       -1.4880     2.1329      0.0292   0.0157   80.54    104    Success 
   102       -1.5155     1.2544      0.0275   0.0049   71.91    105    Success 
   103       -1.5386     1.3196      0.0231   0.0066   74.44    106    Success 
   104       -1.5608     1.3817      0.0222   0.0038   72.44    107    Success 
   105       -1.5948     1.6164      0.0340   0.0071   75.51    108    Success 
   106       -1.6304     2.1750      0.0356   0.0092   75.24    109    Success 
   107       -1.6688     1.9210      0.0385   0.0103   81.53    110    Success 
   108       -1.7022     1.2269      0.0333   0.0048   69.20    111    Success 
   109       -1.7220     2.2212      0.0199   0.0176   80.72    112    Success 
   110       -1.7489     1.2282      0.0269   0.0026   67.18    113    Success 
   111       -1.7711     0.8916      0.0222   0.0030   63.02    114    Success 
   112       -1.7946     0.9357      0.0235   0.0077   74.83    115    Success 
   113       -1.8230     1.1409      0.0283   0.0087   71.36    116    Success 
   114       -1.8272     1.5246      0.0043   0.0104   80.55    117    Success 
   115       -1.8345     1.1191      0.0073   0.0020   81.08    118    Success 
   116       -1.8451     0.5285      0.0105   0.0030   76.03    119    Success 
   117       -1.8518     0.5276      0.0067   0.0045   74.61    120    Success 
   118       -1.8568     0.6490      0.0051   0.0023   72.39    121    Success 
   119       -1.8648     0.6127      0.0080   0.0038   76.70    122    Success 
   120       -1.8741     1.0023      0.0092   0.0067   77.45    123    Success 
   121       -1.8814     0.7305      0.0073   0.0068   82.21    124    Success 
   122       -1.8855     0.4813      0.0041   0.0011   68.65    125    Success 
   123       -1.8909     0.4632      0.0054   0.0025   69.00    126    Success 
   124       -1.8961     0.5552      0.0052   0.0047   79.09    127    Success 
   125       -1.8992     0.8558      0.0031   0.0065   80.67    128    Success 
   126       -1.9034     0.3502      0.0041   0.0019   77.42    129    Success 
   127       -1.9054     0.3023      0.0021   0.0019   75.93    130    Success 
   128       -1.9081     0.3932      0.0027   0.0020   70.48    131    Success 
   129       -1.9118     0.4991      0.0037   0.0039   78.83    132    Success 
   130       -1.9169     0.4083      0.0051   0.0051   80.77    133    Success 
   131       -1.9236     0.6219      0.0066   0.0061   76.68    134    Success 
   132       -1.9324     0.6383      0.0089   0.0097   82.97    135    Success 
   133       -1.9427     0.7305      0.0103   0.0081   80.58    136    Success 
   134       -1.9505     1.0468      0.0078   0.0098   80.83    137    Success 
   135       -1.9581     0.4507      0.0076   0.0036   79.89    138    Success 
   136       -1.9626     0.4780      0.0045   0.0024   69.24    139    Success 
   137       -1.9676     0.6611      0.0049   0.0049   79.53    140    Success 
   138       -1.9745     0.5996      0.0070   0.0051   80.68    141    Success 
   139       -1.9830     0.6376      0.0085   0.0079   80.62    142    Success 
   140       -1.9903     0.5284      0.0073   0.0085   83.07    143    Success 
   141       -1.9949     0.5225      0.0047   0.0049   79.53    144    Success 
   142       -1.9991     0.4019      0.0042   0.0053   83.63    145    Success 
   143       -2.0052     0.4813      0.0061   0.0070   80.50    146    Success 
   144       -2.0110     0.8086      0.0058   0.0121   83.35    147    Success 
   145       -2.0161     0.5337      0.0051   0.0024   75.91    148    Success 
   146       -2.0193     0.8741      0.0032   0.0109   84.94    149    Success 
   147       -2.0238     0.4997      0.0045   0.0026   80.94    150    Success 
   148       -2.0282     0.4150      0.0044   0.0029   76.37    151    Success 
   149       -2.0324     0.4496      0.0041   0.0053   81.56    152    Success 
   150       -2.0356     0.7463      0.0033   0.0086   83.48    153    Success 
   151       -2.0390     0.3210      0.0034   0.0028   81.02    154    Success 
   152       -2.0405     0.2553      0.0015   0.0008   63.14    155    Success 
   153       -2.0423     0.3084      0.0017   0.0019   70.62    156    Success 
   154       -2.0435     0.4717      0.0013   0.0027   77.72    157    Success 
   155       -2.0448     0.2276      0.0013   0.0006   68.90    158    Success 
   156       -2.0458     0.2023      0.0010   0.0016   77.11    159    Success 
   157       -2.0465     0.2445      0.0008   0.0008   70.78    160    Success 
   158       -2.0477     0.2647      0.0012   0.0023   81.36    161    Success 
   159       -2.0493     0.3230      0.0015   0.0021   75.86    162    Success 
   160       -2.0511     0.2356      0.0019   0.0035   81.74    163    Success 
   161       -2.0524     0.3199      0.0013   0.0029   79.53    164    Success 
   162       -2.0539     0.2606      0.0014   0.0017   76.52    165    Success 
   163       -2.0550     0.2681      0.0011   0.0026   81.54    166    Success 
   164       -2.0563     0.2672      0.0013   0.0022   77.70    167    Success 
   165       -2.0574     0.2489      0.0011   0.0026   81.17    168    Success 
   166       -2.0582     0.1684      0.0008   0.0017   79.96    169    Success 
   167       -2.0586     0.1424      0.0004   0.0014   82.10    170    Success 
   168       -2.0589     0.1212      0.0003   0.0006   65.85    171    Success 
   169       -2.0592     0.1219      0.0003   0.0016   83.26    172    Success 
   170       -2.0594     0.1307      0.0002   0.0009   76.96    173    Success 
   171       -2.0595     0.0748      0.0001   0.0004   75.87    174   SmallGrad

 LBFGS  --  Normal Termination due to SmallGrad

 Final Function Value :           -2.05949613
 Final RMS Gradient :              0.07482880
 Final Gradient Norm :             0.31747172
