
     ######################################################################
   ##########################################################################
  ###                                                                      ###
 ###            Tinker  ---  Software Tools for Molecular Design            ###
 ##                                                                          ##
 ##                      Version 8.9.4   September 2021                      ##
 ##                                                                          ##
 ##               Copyright (c)  Jay William Ponder  1990-2021               ##
 ###                           All Rights Reserved                          ###
  ###                                                                      ###
   ##########################################################################
     ######################################################################


 Additional Atom Definition Parameters :

     Type  Class  Symbol  Description               Atomic    Mass   Valence

      405   405     C     34_Index_0                   6     12.011     3
      401   401     C     34_Index_0                   6     12.011     3
      402   402     C     34_Index_0                   6     12.011     3
      403   403     C     34_Index_0                   6     12.011     3
      404   404     C     34_Index_0                   6     12.011     3
      406   406     O     34_Index_0                   8     15.999     2
      408   408     O     34_Index_0                   8     15.999     1
      407   407     H     34_Index_0                   1      1.008     1
      409   409     H     34_Index_0                   1      1.008     1
      410   410     H     34_Index_0                   1      1.008     1
      411   411     H     34_Index_0                   1      1.008     1

 Additional Bond Stretching Parameters :

     Atom Classes             K(S)         Length

       406 405             285.608         1.3600
       408 405             666.175         1.2200
       401 405             287.793         1.4463
       404 401             379.094         1.4000
       403 402             379.094         1.4000
       404 402             379.094         1.3900
       409 402             368.093         1.0900
       402 403             379.094         1.4000
       410 403             368.093         1.0900
       407 404             368.093         1.0900
       411 406             487.849         0.9800

 Additional Angle Bending Parameters :

     Atom Classes             K(B)          Angle

     411 406 405            45.149        106.555
     404 401 405            66.632        117.869
     402 404 401            74.631        119.590
     407 404 401            36.770        119.390
     406 405 401            77.303        110.597
     408 405 401            64.148        125.090
     402 403 402            74.631        119.980
     410 403 402            36.770        120.010
     407 404 402            36.770        121.030
     404 402 403            74.631        120.220
     409 402 403            36.770        120.010
     409 402 404            36.770        119.760
     404 401 404            74.631        120.400
     408 405 406            71.920        123.915

 Additional Stretch-Bend Parameters :

     Atom Classes          K(SB)-1        K(SB)-2

     411 406 405            31.076         31.076
     404 401 405            20.453         20.453
     402 404 401            20.453         20.453
     407 404 401            20.453         20.453
     406 405 401            17.707        -17.707
     408 405 401            17.707        -17.707
     402 403 402            20.453         20.453
     410 403 402            20.453         20.453
     407 404 402            20.453         20.453
     404 402 403            20.453         20.453
     409 402 403            20.453         20.453
     409 402 404            20.453         20.453
     404 401 404            20.453         20.453
     408 405 406            17.707        -17.707

 Additional Out-of-Plane Bend Parameters :

     Atom Classes                   K(OPB)

     406 405   0   0               116.142
     408 405   0   0               117.707
     401 405   0   0                73.907
     405 401   0   0                73.907
     404 401   0   0                84.886
     401 404   0   0                84.886
     403 402   0   0                84.886
     402 403   0   0                84.886
     404 402   0   0                84.886
     402 404   0   0                84.886
     409 402   0   0                72.814
     410 403   0   0                72.814
     407 404   0   0                72.814

 Additional Torsional Parameters :

     Atom Classes     1-Fold    2-Fold    3-Fold    4-Fold    5-Fold    6-Fold

   402 404 401 405   0.00   0  0.00 180  0.30   0  0.00   0  0.00   0  0.00   0
   407 404 401 405   0.00   0  0.00 180  0.30   0  0.00   0  0.00   0  0.00   0
   403 402 404 401   0.00   0  0.00 180  0.30   0  0.00   0  0.00   0  0.00   0
   411 406 405 401   0.00   0  0.00 180  0.30   0  0.00   0  0.00   0  0.00   0
   404 402 403 402   0.00   0  0.00 180  0.30   0  0.00   0  0.00   0  0.00   0
   409 402 403 402   0.00   0  0.00 180  0.30   0  0.00   0  0.00   0  0.00   0
   404 401 404 402   0.00   0  0.00 180  0.30   0  0.00   0  0.00   0  0.00   0
   407 404 402 403   0.00   0  0.00 180  0.30   0  0.00   0  0.00   0  0.00   0
   402 403 402 404   0.00   0  0.00 180  0.30   0  0.00   0  0.00   0  0.00   0
   410 403 402 404   0.00   0  0.00 180  0.30   0  0.00   0  0.00   0  0.00   0
   402 404 401 404   0.00   0  0.00 180  0.30   0  0.00   0  0.00   0  0.00   0
   407 404 401 404   0.00   0  0.00 180  0.30   0  0.00   0  0.00   0  0.00   0
   406 405 401 404   0.00   0  0.00 180  0.30   0  0.00   0  0.00   0  0.00   0
   408 405 401 404   0.00   0  0.00 180  0.30   0  0.00   0  0.00   0  0.00   0
   409 402 404 407   0.00   0  0.00 180  0.30   0  0.00   0  0.00   0  0.00   0
   411 406 405 408  -1.20   0  5.39 180  0.40   0  0.00   0  0.00   0  0.00   0
   409 402 404 401   0.55   0 11.38 180 -0.55   0  0.00   0  0.00   0  0.00   0
   410 403 402 409   0.00   0 10.92 180  0.00   0  0.00   0  0.00   0  0.00   0
   407 404 402 409   0.00   0 10.92 180  0.00   0  0.00   0  0.00   0  0.00   0

 Additional Atomic Multipole Parameters :

     Atom Type     Coordinate Frame Definition         Multipole Moments

         405      408    406      0   Z-then-X     1.02073
                                                   0.13510  0.00000 -0.01093
                                                   0.08672
                                                   0.00000 -0.46922
                                                  -0.86658  0.00000  0.38250

         401      404    404      0   Bisector     0.00534
                                                   0.00000  0.00000  0.42598
                                                  -0.74266
                                                   0.00000 -0.48064
                                                   0.00000  0.00000  1.22330

         402      409    404      0   Z-then-X    -0.02482
                                                  -0.01472  0.00000  0.06272
                                                   0.20580
                                                   0.00000 -0.14037
                                                   0.02742  0.00000 -0.06543

         403      402    402      0   Bisector     0.01736
                                                   0.00000  0.00000  0.09548
                                                   0.09677
                                                   0.00000 -0.22974
                                                   0.00000  0.00000  0.13297

         404      407    402      0   Z-then-X    -0.04661
                                                  -0.18240  0.00000  0.09049
                                                   0.29830
                                                   0.00000 -0.05492
                                                  -0.13956  0.00000 -0.24338

         406      411    405      0   Z-then-X    -0.52893
                                                  -0.00638  0.00000  0.28028
                                                   0.00872
                                                   0.00000 -0.42886
                                                  -0.09201  0.00000  0.42014

         408      405    406      0   Z-then-X    -0.70401
                                                   0.12192  0.00000 -0.16906
                                                  -0.57481
                                                   0.00000  0.30443
                                                   0.13728  0.00000  0.27038

         407      404    402      0   Z-then-X     0.02772
                                                   0.00747  0.00000 -0.16816
                                                   0.10857
                                                   0.00000 -0.00851
                                                   0.01722  0.00000 -0.10006

         409      402    404      0   Z-then-X     0.01093
                                                  -0.00168  0.00000 -0.16046
                                                   0.12170
                                                   0.00000 -0.01706
                                                  -0.00819  0.00000 -0.10464

         410      403      0      0   Z-Only       0.00808
                                                   0.00000  0.00000 -0.15269
                                                   0.02569
                                                   0.00000  0.02569
                                                   0.00000  0.00000 -0.05138

         411      406    405      0   Z-then-X     0.24699
                                                  -0.00898  0.00000 -0.11437
                                                   0.04285
                                                   0.00000 -0.08364
                                                  -0.00721  0.00000  0.04079

 Additional Atomic Dipole Polarizability Parameters :

     Atom Type           Alpha       Thole     Group Atom Types

         405             2.064       0.390         406  408
         401             2.064       0.390         404
         402             2.064       0.390         403  404  409
         403             2.064       0.390         402  410
         404             2.064       0.390         401  402  407
         406             0.832       0.390         405  411
         408             0.914       0.390         405
         407             0.432       0.390         404
         409             0.432       0.390         402
         410             0.432       0.390         403
         411             0.457       0.390         406

 Additional van der Waals Parameters :

     Atom Class               Size        Epsilon        Reduction

         403                3.8200         0.1010          0.000
         408                3.3000         0.1120          0.000
         406                3.4050         0.1100          0.000
         411                2.6550         0.0150          0.910
         405                3.7800         0.1060          0.000
         404                3.8200         0.1010          0.000
         407                2.9100         0.0330          0.900
         401                3.8000         0.0910          0.000
         402                3.8000         0.0910          0.000
         409                2.9800         0.0260          0.920
         410                2.9800         0.0260          0.920

 Additional Solvation Parameters :

     Atom Type                PB Size     CS Size     GK Size

         411             2.5740      2.7580      2.9054
         407             2.5740      2.7580      2.9054
         409             2.5740      2.7580      2.9054
         410             2.5740      2.7580      2.9054
         404             3.8585      3.7660      3.8448
         405             2.9301      4.5060      4.2118
         401             3.6909      3.7660      4.4258
         402             3.8286      3.8930      4.5084
         403             3.8286      3.8930      4.5084
         408             2.9835      3.3560      2.9616
         406             3.3991      2.8190      2.9337

 Limited Memory BFGS Quasi-Newton Optimization :

 QN Iter     F Value      G RMS      F Move   X Move   Angle  FG Call  Comment

     0        7.0235    10.9735                                   1
     1        6.3299     7.8344      0.6935   0.0075    0.00      3    Success 
     2        5.9625     5.5824      0.3674   0.0036   32.31      4    Success 
     3        5.3913     3.4409      0.5713   0.0084   29.70      5    Success 
     4        4.8582     5.6412      0.5331   0.0163   22.95      6    Success 
     5        4.7610     9.6131      0.0971   0.0166   63.05      7    Success 
     6        4.5875     7.4182      0.1735   0.0012   22.28      8    Success 
     7        4.2941     4.4205      0.2934   0.0037   46.07      9    Success 
     8        3.8642     3.7185      0.4299   0.0112   48.89     10    Success 
     9        3.4820     5.7795      0.3823   0.0179   64.44     11    Success 
    10        2.9491     5.6228      0.5329   0.0290   76.54     12    Success 
    11        2.7680    12.1007      0.1811   0.0478   77.28     13    Success 
    12        2.4564     8.7746      0.3116   0.0023   43.17     14    Success 
    13        2.0355     3.0588      0.4208   0.0091   64.15     15    Success 
    14        1.8732     3.1196      0.1624   0.0146   73.36     16    Success 
    15        1.6935     3.8193      0.1796   0.0172   76.33     17    Success 
    16        1.5251     6.4831      0.1684   0.0337   81.09     18    Success 
    17        1.2869     3.8624      0.2383   0.0112   75.01     19    Success 
    18        1.1418     3.0343      0.1451   0.0183   78.94     20    Success 
    19        1.0737     1.7546      0.0681   0.0053   62.08     21    Success 
    20        1.0254     2.0570      0.0483   0.0130   79.48     22    Success 
    21        0.9691     2.1050      0.0563   0.0081   74.83     23    Success 
    22        0.9141     3.2134      0.0550   0.0156   79.00     24    Success 
    23        0.8492     1.2717      0.0649   0.0060   71.63     25    Success 
    24        0.8019     1.3778      0.0473   0.0116   76.52     26    Success 
    25        0.7500     1.8761      0.0519   0.0132   73.19     27    Success 
    26        0.7150     1.8654      0.0350   0.0168   82.65     28    Success 
    27        0.6923     1.7382      0.0227   0.0036   67.14     29    Success 
    28        0.6591     1.1049      0.0332   0.0090   80.75     30    Success 
    29        0.6354     1.1340      0.0237   0.0116   77.63     31    Success 
    30        0.6185     0.9249      0.0169   0.0027   62.86     32    Success 
    31        0.6053     0.6572      0.0132   0.0029   64.64     33    Success 
    32        0.5968     0.7074      0.0084   0.0026   62.75     34    Success 
    33        0.5873     0.6577      0.0095   0.0025   65.66     35    Success 
    34        0.5728     0.8337      0.0145   0.0041   66.97     36    Success 
    35        0.5510     1.2130      0.0218   0.0069   73.59     37    Success 
    36        0.5185     1.2986      0.0325   0.0110   79.60     38    Success 
    37        0.4829     2.0677      0.0356   0.0179   81.06     39    Success 
    38        0.4414     1.6926      0.0415   0.0178   83.82     40    Success 
    39        0.4062     1.8062      0.0353   0.0143   79.04     41    Success 
    40        0.3764     1.0262      0.0298   0.0053   74.78     42    Success 
    41        0.3566     0.9308      0.0197   0.0058   75.49     43    Success 
    42        0.3303     1.3211      0.0264   0.0091   75.08     44    Success 
    43        0.3001     0.9879      0.0302   0.0131   80.74     45    Success 
    44        0.2783     1.0626      0.0217   0.0064   72.22     46    Success 
    45        0.2600     0.9738      0.0184   0.0068   73.46     47    Success 
    46        0.2484     0.7159      0.0116   0.0038   75.61     48    Success 
    47        0.2376     0.5975      0.0109   0.0032   65.41     49    Success 
    48        0.2296     1.1400      0.0080   0.0063   74.80     50    Success 
    49        0.2199     0.7877      0.0097   0.0045   80.85     51    Success 
    50        0.2095     0.7960      0.0104   0.0049   77.19     52    Success 
    51        0.1994     0.8808      0.0101   0.0065   79.54     53    Success 
    52        0.1908     0.8518      0.0086   0.0078   82.44     54    Success 
    53        0.1836     0.6642      0.0072   0.0028   73.99     55    Success 
    54        0.1789     0.6345      0.0047   0.0052   82.38     56    Success 
    55        0.1746     0.5389      0.0042   0.0020   73.53     57    Success 
    56        0.1703     0.3662      0.0043   0.0021   71.07     58    Success 
    57        0.1671     0.4957      0.0032   0.0028   72.08     59    Success 
    58        0.1639     0.4105      0.0032   0.0016   72.91     60    Success 
    59        0.1589     0.4483      0.0050   0.0025   69.99     61    Success 
    60        0.1518     0.6992      0.0071   0.0047   74.86     62    Success 
    61        0.1426     0.7590      0.0092   0.0080   81.82     63    Success 
    62        0.1303     0.8773      0.0123   0.0093   82.88     64    Success 
    63        0.1111     1.0588      0.0192   0.0131   83.16     65    Success 
    64        0.0832     1.4817      0.0280   0.0190   83.92     66    Success 
    65        0.0434     1.4857      0.0398   0.0222   84.57     67    Success 
    66        0.0147     2.4139      0.0287   0.0169   83.61     69    Success 
    67       -0.0270     1.6958      0.0417   0.0087   81.29     70    Success 
    68       -0.0636     2.6177      0.0366   0.0237   83.38     71    Success 
    69       -0.1003     1.3232      0.0367   0.0050   72.24     72    Success 
    70       -0.1286     1.7266      0.0283   0.0234   85.22     73    Success 
    71       -0.1562     2.3126      0.0276   0.0207   85.07     74    Success 
    72       -0.1787     1.6347      0.0225   0.0104   82.71     75    Success 
    73       -0.2020     1.3424      0.0233   0.0110   84.23     76    Success 
    74       -0.2270     1.4926      0.0250   0.0106   80.23     77    Success 
    75       -0.2436     2.6999      0.0166   0.0283   86.86     78    Success 
    76       -0.2701     1.9261      0.0265   0.0033   78.20     79    Success 
    77       -0.3122     1.1681      0.0421   0.0120   82.69     80    Success 
    78       -0.3671     2.0388      0.0549   0.0353   83.49     81    Success 
    79       -0.4270     1.9745      0.0599   0.0180   80.42     82    Success 
    80       -0.4567     3.2657      0.0297   0.0310   85.34     83    Success 
    81       -0.4918     2.5074      0.0351   0.0033   72.26     84    Success 
    82       -0.5386     1.5216      0.0468   0.0112   82.04     85    Success 
    83       -0.5863     1.7177      0.0478   0.0188   81.18     86    Success 
    84       -0.6142     2.5757      0.0279   0.0279   85.70     87    Success 
    85       -0.6468     1.2670      0.0325   0.0029   65.18     88    Success 
    86       -0.6674     1.0457      0.0207   0.0068   79.01     89    Success 
    87       -0.6900     1.1947      0.0226   0.0118   81.69     90    Success 
    88       -0.7156     1.9633      0.0256   0.0196   83.83     91    Success 
    89       -0.7515     1.4476      0.0360   0.0138   83.97     92    Success 
    90       -0.7966     1.9958      0.0450   0.0248   84.14     93    Success 
    91       -0.8386     2.1220      0.0421   0.0168   81.40     94    Success 
    92       -0.8763     3.0222      0.0377   0.0366   86.55     95    Success 
    93       -0.9324     1.8851      0.0561   0.0036   67.07     96    Success 
    94       -1.0140     1.6472      0.0816   0.0223   81.48     97    Success 
    95       -1.0854     2.7591      0.0714   0.0347   83.11     98    Success 
    96       -1.1226     1.7025      0.0372   0.0076   78.59    100    Success 
    97       -1.1533     2.5676      0.0307   0.0241   84.96    101    Success 
    98       -1.1927     1.6393      0.0394   0.0038   69.37    102    Success 
    99       -1.2289     1.4320      0.0362   0.0089   79.67    103    Success 
   100       -1.2825     1.3449      0.0536   0.0174   80.73    104    Success 
   101       -1.2930     3.4614      0.0104   0.0172   75.07    105    Success 
   102       -1.3122     2.9703      0.0193   0.0010   70.68    106    Success 
   103       -1.3443     2.2855      0.0321   0.0053   82.15    107    Success 
   104       -1.3812     1.1978      0.0369   0.0043   68.72    108    Success 
   105       -1.4072     1.4120      0.0259   0.0142   80.22    109    Success 
   106       -1.4282     1.2626      0.0210   0.0027   70.08    110    Success 
   107       -1.4650     1.0496      0.0368   0.0053   69.44    111    Success 
   108       -1.5147     1.5712      0.0497   0.0102   67.55    112    Success 
   109       -1.5680     1.3852      0.0533   0.0141   75.59    113    Success 
   110       -1.5907     1.7520      0.0227   0.0058   74.28    114    Success 
   111       -1.6238     1.6123      0.0331   0.0114   82.76    115    Success 
   112       -1.6621     1.2189      0.0383   0.0101   76.93    116    Success 
   113       -1.6795     1.2299      0.0174   0.0144   82.45    117    Success 
   114       -1.7023     1.0307      0.0229   0.0042   68.62    118    Success 
   115       -1.7290     1.0667      0.0266   0.0069   73.90    119    Success 
   116       -1.7563     1.1584      0.0273   0.0127   78.20    120    Success 
   117       -1.7671     0.8371      0.0109   0.0050   77.97    122    Success 
   118       -1.7759     0.7428      0.0088   0.0029   74.39    123    Success 
   119       -1.7895     0.6463      0.0136   0.0033   66.51    124    Success 
   120       -1.8065     0.9745      0.0170   0.0058   66.35    125    Success 
   121       -1.8208     1.3033      0.0143   0.0077   76.72    126    Success 
   122       -1.8367     0.9490      0.0159   0.0045   79.37    127    Success 
   123       -1.8599     0.6724      0.0231   0.0082   76.81    128    Success 
   124       -1.8770     1.4405      0.0171   0.0141   77.41    129    Success 
   125       -1.8917     0.9092      0.0147   0.0062   79.77    130    Success 
   126       -1.8998     0.7122      0.0081   0.0031   76.77    131    Success 
   127       -1.9091     0.6357      0.0093   0.0034   68.09    132    Success 
   128       -1.9163     0.6729      0.0073   0.0039   76.86    133    Success 
   129       -1.9276     0.6669      0.0112   0.0048   75.46    134    Success 
   130       -1.9415     0.9331      0.0139   0.0076   75.69    135    Success 
   131       -1.9548     0.7003      0.0134   0.0086   79.62    136    Success 
   132       -1.9618     0.5114      0.0070   0.0022   66.79    137    Success 
   133       -1.9668     0.4194      0.0050   0.0031   72.97    138    Success 
   134       -1.9699     0.4443      0.0031   0.0017   67.92    139    Success 
   135       -1.9735     0.4141      0.0035   0.0026   74.84    140    Success 
   136       -1.9777     0.4812      0.0042   0.0037   76.96    141    Success 
   137       -1.9830     0.4991      0.0053   0.0042   77.21    142    Success 
   138       -1.9892     0.5644      0.0062   0.0058   78.77    143    Success 
   139       -1.9956     0.4917      0.0064   0.0038   74.97    144    Success 
   140       -2.0007     0.5928      0.0051   0.0039   74.14    145    Success 
   141       -2.0051     0.4074      0.0045   0.0021   72.27    146    Success 
   142       -2.0089     0.3424      0.0038   0.0019   67.93    147    Success 
   143       -2.0116     0.6142      0.0027   0.0039   73.26    148    Success 
   144       -2.0142     0.3071      0.0026   0.0024   80.09    149    Success 
   145       -2.0156     0.2793      0.0014   0.0018   80.48    150    Success 
   146       -2.0177     0.3042      0.0021   0.0032   80.18    151    Success 
   147       -2.0203     0.4193      0.0026   0.0051   81.19    152    Success 
   148       -2.0227     0.2757      0.0024   0.0051   84.53    153    Success 
   149       -2.0243     0.3454      0.0017   0.0034   80.50    154    Success 
   150       -2.0263     0.2755      0.0019   0.0024   79.65    155    Success 
   151       -2.0286     0.3557      0.0023   0.0023   72.20    156    Success 
   152       -2.0304     0.4564      0.0018   0.0044   80.58    157    Success 
   153       -2.0323     0.2666      0.0020   0.0012   73.14    158    Success 
   154       -2.0341     0.3005      0.0018   0.0018   73.53    159    Success 
   155       -2.0361     0.4177      0.0021   0.0032   80.60    160    Success 
   156       -2.0387     0.4765      0.0025   0.0049   83.60    161    Success 
   157       -2.0415     0.3664      0.0028   0.0056   84.91    162    Success 
   158       -2.0439     0.3615      0.0025   0.0043   81.54    163    Success 
   159       -2.0462     0.3433      0.0023   0.0041   81.77    164    Success 
   160       -2.0482     0.2946      0.0019   0.0016   73.93    165    Success 
   161       -2.0503     0.2993      0.0021   0.0036   78.40    166    Success 
   162       -2.0517     0.3317      0.0014   0.0038   82.75    167    Success 
   163       -2.0530     0.2347      0.0013   0.0025   83.47    168    Success 
   164       -2.0546     0.2263      0.0017   0.0057   83.92    169    Success 
   165       -2.0556     0.3723      0.0010   0.0051   83.32    170    Success 
   166       -2.0568     0.2050      0.0011   0.0014   79.60    171    Success 
   167       -2.0576     0.1661      0.0008   0.0016   79.07    172    Success 
   168       -2.0584     0.2258      0.0009   0.0013   71.02    173    Success 
   169       -2.0594     0.2546      0.0010   0.0026   80.56    174    Success 
   170       -2.0605     0.1912      0.0011   0.0017   78.48    175    Success 
   171       -2.0618     0.2333      0.0013   0.0024   74.57    176    Success 
   172       -2.0628     0.2797      0.0010   0.0035   82.94    177    Success 
   173       -2.0638     0.2286      0.0010   0.0037   85.72    178    Success 
   174       -2.0650     0.1727      0.0012   0.0026   79.58    179    Success 
   175       -2.0658     0.2081      0.0008   0.0025   80.67    180    Success 
   176       -2.0666     0.2024      0.0008   0.0021   79.92    181    Success 
   177       -2.0674     0.1730      0.0008   0.0020   81.56    182    Success 
   178       -2.0683     0.2156      0.0010   0.0026   78.54    183    Success 
   179       -2.0691     0.2531      0.0007   0.0023   79.15    184    Success 
   180       -2.0696     0.1486      0.0006   0.0011   81.70    185    Success 
   181       -2.0703     0.1428      0.0007   0.0036   83.36    186    Success 
   182       -2.0708     0.1778      0.0004   0.0025   83.94    187    Success 
   183       -2.0713     0.1478      0.0006   0.0039   86.05    188    Success 
   184       -2.0717     0.2793      0.0003   0.0049   85.54    189    Success 
   185       -2.0721     0.1767      0.0005   0.0007   79.42    190    Success 
   186       -2.0726     0.1424      0.0004   0.0012   80.32    191    Success 
   187       -2.0730     0.1618      0.0005   0.0008   71.03    192    Success 
   188       -2.0738     0.2235      0.0007   0.0028   83.36    193    Success 
   189       -2.0750     0.2169      0.0012   0.0037   84.35    194    Success 
   190       -2.0766     0.3015      0.0017   0.0047   82.33    195    Success 
   191       -2.0779     0.3611      0.0012   0.0101   86.55    196    Success 
   192       -2.0786     0.1536      0.0007   0.0031   85.03    197    Success 
   193       -2.0789     0.1366      0.0003   0.0023   84.66    198    Success 
   194       -2.0791     0.0927      0.0002   0.0008   80.33    199   SmallGrad

 LBFGS  --  Normal Termination due to SmallGrad

 Final Function Value :           -2.07913158
 Final RMS Gradient :              0.09266490
 Final Gradient Norm :             0.39314389
