
     ######################################################################
   ##########################################################################
  ###                                                                      ###
 ###            Tinker  ---  Software Tools for Molecular Design            ###
 ##                                                                          ##
 ##                      Version 8.9.4   September 2021                      ##
 ##                                                                          ##
 ##               Copyright (c)  Jay William Ponder  1990-2021               ##
 ###                           All Rights Reserved                          ###
  ###                                                                      ###
   ##########################################################################
     ######################################################################


 Additional Atom Definition Parameters :

     Type  Class  Symbol  Description               Atomic    Mass   Valence

      405   405     C     34_Index_0                   6     12.011     3
      401   401     C     34_Index_0                   6     12.011     3
      402   402     C     34_Index_0                   6     12.011     3
      403   403     C     34_Index_0                   6     12.011     3
      404   404     C     34_Index_0                   6     12.011     3
      406   406     O     34_Index_0                   8     15.999     2
      408   408     O     34_Index_0                   8     15.999     1
      407   407     H     34_Index_0                   1      1.008     1
      409   409     H     34_Index_0                   1      1.008     1
      410   410     H     34_Index_0                   1      1.008     1
      411   411     H     34_Index_0                   1      1.008     1

 Additional Bond Stretching Parameters :

     Atom Classes             K(S)         Length

       406 405             285.608         1.3600
       408 405             666.175         1.2200
       401 405             287.793         1.4463
       404 401             379.094         1.4000
       403 402             379.094         1.4000
       404 402             379.094         1.3900
       409 402             368.093         1.0900
       402 403             379.094         1.4000
       410 403             368.093         1.0900
       407 404             368.093         1.0900
       411 406             487.849         0.9800

 Additional Angle Bending Parameters :

     Atom Classes             K(B)          Angle

     411 406 405            45.149        106.555
     404 401 405            66.632        117.869
     402 404 401            74.631        119.590
     407 404 401            36.770        119.390
     406 405 401            77.303        110.597
     408 405 401            64.148        125.090
     402 403 402            74.631        119.980
     410 403 402            36.770        120.010
     407 404 402            36.770        121.030
     404 402 403            74.631        120.220
     409 402 403            36.770        120.010
     409 402 404            36.770        119.760
     404 401 404            74.631        120.400
     408 405 406            71.920        123.915

 Additional Stretch-Bend Parameters :

     Atom Classes          K(SB)-1        K(SB)-2

     411 406 405            31.076         31.076
     404 401 405            20.453         20.453
     402 404 401            20.453         20.453
     407 404 401            20.453         20.453
     406 405 401            17.707        -17.707
     408 405 401            17.707        -17.707
     402 403 402            20.453         20.453
     410 403 402            20.453         20.453
     407 404 402            20.453         20.453
     404 402 403            20.453         20.453
     409 402 403            20.453         20.453
     409 402 404            20.453         20.453
     404 401 404            20.453         20.453
     408 405 406            17.707        -17.707

 Additional Out-of-Plane Bend Parameters :

     Atom Classes                   K(OPB)

     406 405   0   0               116.142
     408 405   0   0               117.707
     401 405   0   0                73.907
     405 401   0   0                73.907
     404 401   0   0                84.886
     401 404   0   0                84.886
     403 402   0   0                84.886
     402 403   0   0                84.886
     404 402   0   0                84.886
     402 404   0   0                84.886
     409 402   0   0                72.814
     410 403   0   0                72.814
     407 404   0   0                72.814

 Additional Torsional Parameters :

     Atom Classes     1-Fold    2-Fold    3-Fold    4-Fold    5-Fold    6-Fold

   402 404 401 405   0.00   0  0.00 180  0.30   0  0.00   0  0.00   0  0.00   0
   407 404 401 405   0.00   0  0.00 180  0.30   0  0.00   0  0.00   0  0.00   0
   403 402 404 401   0.00   0  0.00 180  0.30   0  0.00   0  0.00   0  0.00   0
   411 406 405 401   0.00   0  0.00 180  0.30   0  0.00   0  0.00   0  0.00   0
   404 402 403 402   0.00   0  0.00 180  0.30   0  0.00   0  0.00   0  0.00   0
   409 402 403 402   0.00   0  0.00 180  0.30   0  0.00   0  0.00   0  0.00   0
   404 401 404 402   0.00   0  0.00 180  0.30   0  0.00   0  0.00   0  0.00   0
   407 404 402 403   0.00   0  0.00 180  0.30   0  0.00   0  0.00   0  0.00   0
   402 403 402 404   0.00   0  0.00 180  0.30   0  0.00   0  0.00   0  0.00   0
   410 403 402 404   0.00   0  0.00 180  0.30   0  0.00   0  0.00   0  0.00   0
   402 404 401 404   0.00   0  0.00 180  0.30   0  0.00   0  0.00   0  0.00   0
   407 404 401 404   0.00   0  0.00 180  0.30   0  0.00   0  0.00   0  0.00   0
   406 405 401 404   0.00   0  0.00 180  0.30   0  0.00   0  0.00   0  0.00   0
   408 405 401 404   0.00   0  0.00 180  0.30   0  0.00   0  0.00   0  0.00   0
   409 402 404 407   0.00   0  0.00 180  0.30   0  0.00   0  0.00   0  0.00   0
   411 406 405 408  -1.20   0  5.39 180  0.40   0  0.00   0  0.00   0  0.00   0
   409 402 404 401   0.55   0 11.38 180 -0.55   0  0.00   0  0.00   0  0.00   0
   410 403 402 409   0.00   0 10.92 180  0.00   0  0.00   0  0.00   0  0.00   0
   407 404 402 409   0.00   0 10.92 180  0.00   0  0.00   0  0.00   0  0.00   0

 Additional Atomic Multipole Parameters :

     Atom Type     Coordinate Frame Definition         Multipole Moments

         405      408    406      0   Z-then-X     1.02073
                                                   0.13510  0.00000 -0.01093
                                                   0.08672
                                                   0.00000 -0.46922
                                                  -0.86658  0.00000  0.38250

         401      404    404      0   Bisector     0.00534
                                                   0.00000  0.00000  0.42598
                                                  -0.74266
                                                   0.00000 -0.48064
                                                   0.00000  0.00000  1.22330

         402      409    404      0   Z-then-X    -0.02482
                                                  -0.01472  0.00000  0.06272
                                                   0.20580
                                                   0.00000 -0.14037
                                                   0.02742  0.00000 -0.06543

         403      402    402      0   Bisector     0.01736
                                                   0.00000  0.00000  0.09548
                                                   0.09677
                                                   0.00000 -0.22974
                                                   0.00000  0.00000  0.13297

         404      407    402      0   Z-then-X    -0.04661
                                                  -0.18240  0.00000  0.09049
                                                   0.29830
                                                   0.00000 -0.05492
                                                  -0.13956  0.00000 -0.24338

         406      411    405      0   Z-then-X    -0.52893
                                                  -0.00638  0.00000  0.28028
                                                   0.00872
                                                   0.00000 -0.42886
                                                  -0.09201  0.00000  0.42014

         408      405    406      0   Z-then-X    -0.70401
                                                   0.12192  0.00000 -0.16906
                                                  -0.57481
                                                   0.00000  0.30443
                                                   0.13728  0.00000  0.27038

         407      404    402      0   Z-then-X     0.02772
                                                   0.00747  0.00000 -0.16816
                                                   0.10857
                                                   0.00000 -0.00851
                                                   0.01722  0.00000 -0.10006

         409      402    404      0   Z-then-X     0.01093
                                                  -0.00168  0.00000 -0.16046
                                                   0.12170
                                                   0.00000 -0.01706
                                                  -0.00819  0.00000 -0.10464

         410      403      0      0   Z-Only       0.00808
                                                   0.00000  0.00000 -0.15269
                                                   0.02569
                                                   0.00000  0.02569
                                                   0.00000  0.00000 -0.05138

         411      406    405      0   Z-then-X     0.24699
                                                  -0.00898  0.00000 -0.11437
                                                   0.04285
                                                   0.00000 -0.08364
                                                  -0.00721  0.00000  0.04079

 Additional Atomic Dipole Polarizability Parameters :

     Atom Type           Alpha       Thole     Group Atom Types

         405             2.064       0.390         406  408
         401             2.064       0.390         404
         402             2.064       0.390         403  404  409
         403             2.064       0.390         402  410
         404             2.064       0.390         401  402  407
         406             0.832       0.390         405  411
         408             0.914       0.390         405
         407             0.432       0.390         404
         409             0.432       0.390         402
         410             0.432       0.390         403
         411             0.457       0.390         406

 Additional van der Waals Parameters :

     Atom Class               Size        Epsilon        Reduction

         403                3.8200         0.1010          0.000
         408                3.3000         0.1120          0.000
         406                3.4050         0.1100          0.000
         411                2.6550         0.0150          0.910
         405                3.7800         0.1060          0.000
         404                3.8200         0.1010          0.000
         407                2.9100         0.0330          0.900
         401                3.8000         0.0910          0.000
         402                3.8000         0.0910          0.000
         409                2.9800         0.0260          0.920
         410                2.9800         0.0260          0.920

 Additional Solvation Parameters :

     Atom Type                PB Size     CS Size     GK Size

         411             2.5740      2.7580      2.9054
         407             2.5740      2.7580      2.9054
         409             2.5740      2.7580      2.9054
         410             2.5740      2.7580      2.9054
         404             3.8585      3.7660      3.8448
         405             2.9301      4.5060      4.2118
         401             3.6909      3.7660      4.4258
         402             3.8286      3.8930      4.5084
         403             3.8286      3.8930      4.5084
         408             2.9835      3.3560      2.9616
         406             3.3991      2.8190      2.9337

 Limited Memory BFGS Quasi-Newton Optimization :

 QN Iter     F Value      G RMS      F Move   X Move   Angle  FG Call  Comment

     0       77.1415    51.5185                                   1
     1       68.2085   109.4911      8.9329   0.0982    0.00      2    Success 
     2       53.4238    73.8001     14.7847   0.0091    3.79      3    Success 
     3       34.9946    25.7259     18.4292   0.0231   18.19      4    Success 
     4       29.0729    19.3182      5.9217   0.0194   29.02      5    Success 
     5       22.4008    21.4759      6.6721   0.0372   44.00      6    Success 
     6       15.6406    21.3488      6.7602   0.0530   62.91      7    Success 
     7       12.7500    24.9493      2.8906   0.0379   66.41      9    Success 
     8        8.5491    13.5051      4.2008   0.0420   72.16     10    Success 
     9        6.1687     9.6519      2.3804   0.0517   69.27     11    Success 
    10        5.3382     9.8092      0.8305   0.0331   71.29     12    Success 
    11        4.8005     7.2884      0.5377   0.0122   73.36     13    Success 
    12        3.9360     4.6226      0.8645   0.0242   70.17     14    Success 
    13        2.9685     5.1409      0.9675   0.0467   66.13     15    Success 
    14        2.7672     9.8575      0.2013   0.0340   73.73     16    Success 
    15        2.4643     5.2172      0.3029   0.0062   68.70     17    Success 
    16        2.2455     2.4132      0.2188   0.0101   68.72     18    Success 
    17        2.1466     2.4789      0.0989   0.0074   65.89     19    Success 
    18        2.0183     2.2201      0.1283   0.0112   67.02     20    Success 
    19        1.9734     2.5849      0.0449   0.0054   65.22     22    Success 
    20        1.9173     1.7133      0.0560   0.0045   68.80     23    Success 
    21        1.8462     1.7633      0.0711   0.0067   62.55     24    Success 
    22        1.7613     2.0844      0.0849   0.0103   68.69     25    Success 
    23        1.7370     4.7353      0.0243   0.0164   74.00     26    Success 
    24        1.6941     3.6129      0.0429   0.0013   63.59     27    Success 
    25        1.6283     1.7697      0.0659   0.0032   65.30     28    Success 
    26        1.5790     1.4140      0.0492   0.0071   69.91     29    Success 
    27        1.5523     1.6346      0.0267   0.0048   74.43     30    Success 
    28        1.5132     1.6475      0.0392   0.0092   78.60     31    Success 
    29        1.4885     1.9209      0.0246   0.0107   75.64     32    Success 
    30        1.4679     0.6331      0.0206   0.0043   75.76     33    Success 
    31        1.4626     0.5411      0.0053   0.0007   35.17     34    Success 
    32        1.4546     0.6879      0.0080   0.0015   43.32     35    Success 
    33        1.4429     0.9725      0.0117   0.0033   67.07     36    Success 
    34        1.4270     1.0830      0.0159   0.0051   74.74     37    Success 
    35        1.4067     1.2228      0.0203   0.0081   78.38     38    Success 
    36        1.3809     1.1282      0.0259   0.0102   79.60     39    Success 
    37        1.3545     1.2152      0.0264   0.0076   74.52     40    Success 
    38        1.3330     1.3782      0.0215   0.0066   73.92     41    Success 
    39        1.3140     0.9584      0.0190   0.0056   78.31     42    Success 
    40        1.2937     1.1421      0.0203   0.0040   64.70     43    Success 
    41        1.2741     2.1420      0.0196   0.0116   80.20     44    Success 
    42        1.2446     1.7393      0.0294   0.0050   78.25     45    Success 
    43        1.1997     1.5925      0.0450   0.0098   78.99     46    Success 
    44        1.1413     1.8845      0.0584   0.0175   79.64     47    Success 
    45        1.0856     2.6744      0.0556   0.0140   76.30     48    Success 
    46        1.0449     3.2090      0.0407   0.0149   84.59     50    Success 
    47        0.9713     2.8917      0.0736   0.0078   79.52     51    Success 
    48        0.8434     2.3228      0.1280   0.0113   75.49     52    Success 
    49        0.6849     4.0983      0.1585   0.0278   77.26     53    Success 
    50        0.5872     3.4085      0.0978   0.0175   75.77     54    Success 
    51        0.5127     4.4045      0.0745   0.0223   81.80     55    Success 
    52        0.4284     2.4151      0.0843   0.0048   71.67     56    Success 
    53        0.3222     2.0325      0.1061   0.0127   74.98     57    Success 
    54        0.1888     2.1771      0.1335   0.0206   74.89     58    Success 
    55        0.1213     4.3957      0.0674   0.0288   79.78     59    Success 
    56        0.0331     2.2938      0.0882   0.0061   73.64     60    Success 
    57       -0.0082     2.6683      0.0414   0.0128   75.99     61    Success 
    58       -0.0484     1.3031      0.0402   0.0046   71.06     62    Success 
    59       -0.0724     1.3421      0.0240   0.0054   72.95     63    Success 
    60       -0.1002     1.2652      0.0278   0.0059   73.92     64    Success 
    61       -0.1399     1.6230      0.0396   0.0094   74.92     65    Success 
    62       -0.1906     1.6415      0.0507   0.0133   78.19     66    Success 
    63       -0.2345     1.7565      0.0439   0.0132   77.58     67    Success 
    64       -0.2656     1.3402      0.0312   0.0105   80.56     68    Success 
    65       -0.2827     1.2164      0.0170   0.0036   63.65     69    Success 
    66       -0.2948     1.0630      0.0122   0.0107   83.50     70    Success 
    67       -0.3096     0.8450      0.0148   0.0024   63.29     71    Success 
    68       -0.3261     0.8040      0.0165   0.0073   77.11     72    Success 
    69       -0.3394     1.0896      0.0133   0.0069   78.16     73    Success 
    70       -0.3538     1.0473      0.0144   0.0101   82.32     74    Success 
    71       -0.3695     0.9826      0.0156   0.0034   71.43     75    Success 
    72       -0.3926     0.8774      0.0231   0.0055   71.42     76    Success 
    73       -0.4216     1.3061      0.0290   0.0089   70.66     77    Success 
    74       -0.4514     1.5492      0.0298   0.0111   79.30     78    Success 
    75       -0.4886     1.4335      0.0372   0.0136   82.37     79    Success 
    76       -0.5316     1.1047      0.0430   0.0182   81.38     80    Success 
    77       -0.5482     1.8293      0.0166   0.0151   80.69     81    Success 
    78       -0.5685     0.9433      0.0203   0.0036   74.53     82    Success 
    79       -0.5822     1.1118      0.0137   0.0067   77.46     83    Success 
    80       -0.5940     0.9446      0.0118   0.0094   84.34     84    Success 
    81       -0.6088     1.1057      0.0148   0.0042   70.92     85    Success 
    82       -0.6314     1.0624      0.0227   0.0119   82.83     86    Success 
    83       -0.6603     1.2455      0.0289   0.0152   81.03     87    Success 
    84       -0.6819     1.3871      0.0216   0.0081   76.09     88    Success 
    85       -0.7028     1.1399      0.0209   0.0083   82.59     89    Success 
    86       -0.7358     1.3424      0.0329   0.0148   82.11     90    Success 
    87       -0.7782     1.8894      0.0424   0.0166   80.54     91    Success 
    88       -0.8010     2.3001      0.0229   0.0181   86.40     93    Success 
    89       -0.8360     2.0981      0.0350   0.0090   82.93     94    Success 
    90       -0.8869     1.7526      0.0509   0.0173   83.87     95    Success 
    91       -0.9415     1.6793      0.0547   0.0144   77.02     96    Success 
    92       -0.9636     2.2719      0.0221   0.0164   85.50     98    Success 
    93       -0.9941     1.9999      0.0305   0.0085   82.74     99    Success 
    94       -1.0422     1.8220      0.0481   0.0105   80.73    100    Success 
    95       -1.1124     1.9036      0.0702   0.0159   79.38    101    Success 
    96       -1.1768     3.2468      0.0643   0.0205   78.46    102    Success 
    97       -1.2093     2.2807      0.0326   0.0048   76.71    104    Success 
    98       -1.2559     1.5406      0.0466   0.0101   80.94    105    Success 
    99       -1.3068     1.8751      0.0509   0.0122   77.06    106    Success 
   100       -1.3499     1.6049      0.0431   0.0054   69.26    107    Success 
   101       -1.3752     2.3746      0.0252   0.0084   73.26    108    Success 
   102       -1.4088     1.4264      0.0337   0.0039   72.45    109    Success 
   103       -1.4359     1.2369      0.0271   0.0028   58.60    110    Success 
   104       -1.4692     1.9326      0.0333   0.0119   78.14    111    Success 
   105       -1.5015     1.7177      0.0323   0.0065   72.95    112    Success 
   106       -1.5282     2.1649      0.0266   0.0124   80.27    113    Success 
   107       -1.5601     1.2919      0.0320   0.0031   64.27    114    Success 
   108       -1.5838     1.1265      0.0237   0.0032   65.02    115    Success 
   109       -1.6163     1.3962      0.0325   0.0073   71.32    116    Success 
   110       -1.6418     1.9378      0.0255   0.0092   73.70    117    Success 
   111       -1.6666     1.0250      0.0249   0.0022   61.52    118    Success 
   112       -1.6850     1.9958      0.0183   0.0087   74.66    119    Success 
   113       -1.7056     1.1838      0.0206   0.0030   69.96    120    Success 
   114       -1.7216     0.7677      0.0160   0.0037   74.69    121    Success 
   115       -1.7386     1.1502      0.0171   0.0073   72.24    122    Success 
   116       -1.7511     1.1511      0.0125   0.0036   74.51    123    Success 
   117       -1.7668     0.9839      0.0157   0.0034   73.58    124    Success 
   118       -1.7856     1.1248      0.0188   0.0078   76.82    125    Success 
   119       -1.7958     1.0576      0.0102   0.0054   72.76    126    Success 
   120       -1.8017     0.4589      0.0060   0.0012   65.36    127    Success 
   121       -1.8044     0.5623      0.0027   0.0020   70.57    128    Success 
   122       -1.8079     0.4371      0.0034   0.0010   61.58    129    Success 
   123       -1.8129     0.4164      0.0050   0.0023   67.70    130    Success 
   124       -1.8197     0.6408      0.0068   0.0041   71.05    131    Success 
   125       -1.8294     0.7098      0.0097   0.0063   79.26    132    Success 
   126       -1.8418     0.8771      0.0124   0.0086   79.89    133    Success 
   127       -1.8540     0.9511      0.0123   0.0103   81.19    134    Success 
   128       -1.8659     0.8980      0.0118   0.0036   73.56    135    Success 
   129       -1.8807     0.8782      0.0148   0.0075   78.72    136    Success 
   130       -1.8943     0.7984      0.0137   0.0066   79.42    137    Success 
   131       -1.9074     1.1985      0.0131   0.0135   81.92    138    Success 
   132       -1.9199     0.5779      0.0124   0.0081   83.08    139    Success 
   133       -1.9247     0.4565      0.0049   0.0012   54.88    140    Success 
   134       -1.9288     0.5728      0.0040   0.0053   78.70    141    Success 
   135       -1.9329     0.4162      0.0041   0.0017   69.63    142    Success 
   136       -1.9371     0.4657      0.0043   0.0022   70.52    143    Success 
   137       -1.9439     0.5437      0.0068   0.0053   78.88    144    Success 
   138       -1.9502     1.1200      0.0063   0.0088   80.93    145    Success 
   139       -1.9587     0.5820      0.0085   0.0060   84.06    146    Success 
   140       -1.9644     0.4917      0.0057   0.0057   82.32    147    Success 
   141       -1.9708     0.6329      0.0065   0.0047   75.89    148    Success 
   142       -1.9780     0.6640      0.0072   0.0095   83.80    149    Success 
   143       -1.9835     1.0157      0.0055   0.0047   75.15    150    Success 
   144       -1.9905     0.4139      0.0069   0.0040   81.37    151    Success 
   145       -1.9938     0.3666      0.0033   0.0015   65.07    152    Success 
   146       -1.9975     0.4514      0.0037   0.0039   79.03    153    Success 
   147       -2.0015     0.6477      0.0040   0.0040   76.88    154    Success 
   148       -2.0058     0.3644      0.0044   0.0057   84.03    155    Success 
   149       -2.0085     0.3202      0.0026   0.0024   75.82    156    Success 
   150       -2.0109     0.3943      0.0024   0.0024   71.95    157    Success 
   151       -2.0137     0.3485      0.0028   0.0036   81.54    158    Success 
   152       -2.0178     0.3847      0.0042   0.0030   72.54    159    Success 
   153       -2.0212     0.7418      0.0033   0.0095   82.76    160    Success 
   154       -2.0254     0.3827      0.0042   0.0017   73.09    161    Success 
   155       -2.0287     0.3699      0.0033   0.0042   81.71    162    Success 
   156       -2.0337     0.3769      0.0050   0.0073   82.23    163    Success 
   157       -2.0379     0.8026      0.0042   0.0139   83.89    164    Success 
   158       -2.0423     0.4521      0.0045   0.0031   79.73    165    Success 
   159       -2.0445     0.3312      0.0021   0.0042   84.52    166    Success 
   160       -2.0470     0.4428      0.0025   0.0019   69.83    167    Success 
   161       -2.0498     0.4521      0.0028   0.0066   84.51    168    Success 
   162       -2.0533     0.3950      0.0035   0.0023   72.78    169    Success 
   163       -2.0548     0.3990      0.0014   0.0022   75.36    170    Success 
   164       -2.0559     0.2050      0.0011   0.0023   83.71    171    Success 
   165       -2.0565     0.1989      0.0006   0.0011   79.39    172    Success 
   166       -2.0574     0.2292      0.0010   0.0035   84.47    173    Success 
   167       -2.0587     0.3282      0.0013   0.0046   84.22    174    Success 
   168       -2.0601     0.2795      0.0014   0.0073   86.60    175    Success 
   169       -2.0612     0.2120      0.0011   0.0040   85.65    176    Success 
   170       -2.0625     0.2394      0.0013   0.0040   82.54    177    Success 
   171       -2.0633     0.3985      0.0008   0.0089   86.68    178    Success 
   172       -2.0643     0.2574      0.0010   0.0015   81.37    179    Success 
   173       -2.0650     0.2564      0.0007   0.0020   81.24    180    Success 
   174       -2.0656     0.1955      0.0006   0.0015   83.86    181    Success 
   175       -2.0665     0.2243      0.0009   0.0040   85.30    182    Success 
   176       -2.0676     0.2719      0.0011   0.0060   86.00    183    Success 
   177       -2.0680     0.5054      0.0004   0.0078   86.70    184    Success 
   178       -2.0686     0.3592      0.0006   0.0009   84.74    185    Success 
   179       -2.0694     0.1380      0.0008   0.0013   81.17    186    Success 
   180       -2.0699     0.2091      0.0004   0.0012   76.36    187    Success 
   181       -2.0704     0.2423      0.0005   0.0021   85.35    188    Success 
   182       -2.0713     0.2444      0.0009   0.0027   84.84    189    Success 
   183       -2.0725     0.3247      0.0012   0.0040   84.09    190    Success 
   184       -2.0739     0.2081      0.0014   0.0043   84.65    191    Success 
   185       -2.0748     0.2012      0.0009   0.0024   81.30    192    Success 
   186       -2.0758     0.1995      0.0010   0.0022   78.13    193    Success 
   187       -2.0766     0.2395      0.0008   0.0015   74.78    194    Success 
   188       -2.0772     0.1887      0.0006   0.0028   84.44    195    Success 
   189       -2.0776     0.1390      0.0005   0.0006   71.31    196    Success 
   190       -2.0781     0.1414      0.0004   0.0013   78.58    197    Success 
   191       -2.0784     0.1831      0.0003   0.0011   78.30    198    Success 
   192       -2.0786     0.0875      0.0003   0.0008   80.16    199   SmallGrad

 LBFGS  --  Normal Termination due to SmallGrad

 Final Function Value :           -2.07862839
 Final RMS Gradient :              0.08754111
 Final Gradient Norm :             0.37140549
