
     ######################################################################
   ##########################################################################
  ###                                                                      ###
 ###            Tinker  ---  Software Tools for Molecular Design            ###
 ##                                                                          ##
 ##                      Version 8.9.4   September 2021                      ##
 ##                                                                          ##
 ##               Copyright (c)  Jay William Ponder  1990-2021               ##
 ###                           All Rights Reserved                          ###
  ###                                                                      ###
   ##########################################################################
     ######################################################################


 Additional Atom Definition Parameters :

     Type  Class  Symbol  Description               Atomic    Mass   Valence

      405   405     C     34_Index_0                   6     12.011     3
      401   401     C     34_Index_0                   6     12.011     3
      402   402     C     34_Index_0                   6     12.011     3
      403   403     C     34_Index_0                   6     12.011     3
      404   404     C     34_Index_0                   6     12.011     3
      406   406     O     34_Index_0                   8     15.999     2
      408   408     O     34_Index_0                   8     15.999     1
      407   407     H     34_Index_0                   1      1.008     1
      409   409     H     34_Index_0                   1      1.008     1
      410   410     H     34_Index_0                   1      1.008     1
      411   411     H     34_Index_0                   1      1.008     1

 Additional Bond Stretching Parameters :

     Atom Classes             K(S)         Length

       406 405             285.608         1.3600
       408 405             666.175         1.2200
       401 405             287.793         1.4463
       404 401             379.094         1.4000
       403 402             379.094         1.4000
       404 402             379.094         1.3900
       409 402             368.093         1.0900
       402 403             379.094         1.4000
       410 403             368.093         1.0900
       407 404             368.093         1.0900
       411 406             487.849         0.9800

 Additional Angle Bending Parameters :

     Atom Classes             K(B)          Angle

     411 406 405            45.149        106.555
     404 401 405            66.632        117.869
     402 404 401            74.631        119.590
     407 404 401            36.770        119.390
     406 405 401            77.303        110.597
     408 405 401            64.148        125.090
     402 403 402            74.631        119.980
     410 403 402            36.770        120.010
     407 404 402            36.770        121.030
     404 402 403            74.631        120.220
     409 402 403            36.770        120.010
     409 402 404            36.770        119.760
     404 401 404            74.631        120.400
     408 405 406            71.920        123.915

 Additional Stretch-Bend Parameters :

     Atom Classes          K(SB)-1        K(SB)-2

     411 406 405            31.076         31.076
     404 401 405            20.453         20.453
     402 404 401            20.453         20.453
     407 404 401            20.453         20.453
     406 405 401            17.707        -17.707
     408 405 401            17.707        -17.707
     402 403 402            20.453         20.453
     410 403 402            20.453         20.453
     407 404 402            20.453         20.453
     404 402 403            20.453         20.453
     409 402 403            20.453         20.453
     409 402 404            20.453         20.453
     404 401 404            20.453         20.453
     408 405 406            17.707        -17.707

 Additional Out-of-Plane Bend Parameters :

     Atom Classes                   K(OPB)

     406 405   0   0               116.142
     408 405   0   0               117.707
     401 405   0   0                73.907
     405 401   0   0                73.907
     404 401   0   0                84.886
     401 404   0   0                84.886
     403 402   0   0                84.886
     402 403   0   0                84.886
     404 402   0   0                84.886
     402 404   0   0                84.886
     409 402   0   0                72.814
     410 403   0   0                72.814
     407 404   0   0                72.814

 Additional Torsional Parameters :

     Atom Classes     1-Fold    2-Fold    3-Fold    4-Fold    5-Fold    6-Fold

   402 404 401 405   0.00   0  0.00 180  0.30   0  0.00   0  0.00   0  0.00   0
   407 404 401 405   0.00   0  0.00 180  0.30   0  0.00   0  0.00   0  0.00   0
   403 402 404 401   0.00   0  0.00 180  0.30   0  0.00   0  0.00   0  0.00   0
   411 406 405 401   0.00   0  0.00 180  0.30   0  0.00   0  0.00   0  0.00   0
   404 402 403 402   0.00   0  0.00 180  0.30   0  0.00   0  0.00   0  0.00   0
   409 402 403 402   0.00   0  0.00 180  0.30   0  0.00   0  0.00   0  0.00   0
   404 401 404 402   0.00   0  0.00 180  0.30   0  0.00   0  0.00   0  0.00   0
   407 404 402 403   0.00   0  0.00 180  0.30   0  0.00   0  0.00   0  0.00   0
   402 403 402 404   0.00   0  0.00 180  0.30   0  0.00   0  0.00   0  0.00   0
   410 403 402 404   0.00   0  0.00 180  0.30   0  0.00   0  0.00   0  0.00   0
   402 404 401 404   0.00   0  0.00 180  0.30   0  0.00   0  0.00   0  0.00   0
   407 404 401 404   0.00   0  0.00 180  0.30   0  0.00   0  0.00   0  0.00   0
   406 405 401 404   0.00   0  0.00 180  0.30   0  0.00   0  0.00   0  0.00   0
   408 405 401 404   0.00   0  0.00 180  0.30   0  0.00   0  0.00   0  0.00   0
   409 402 404 407   0.00   0  0.00 180  0.30   0  0.00   0  0.00   0  0.00   0
   411 406 405 408  -1.20   0  5.39 180  0.40   0  0.00   0  0.00   0  0.00   0
   409 402 404 401   0.55   0 11.38 180 -0.55   0  0.00   0  0.00   0  0.00   0
   410 403 402 409   0.00   0 10.92 180  0.00   0  0.00   0  0.00   0  0.00   0
   407 404 402 409   0.00   0 10.92 180  0.00   0  0.00   0  0.00   0  0.00   0

 Additional Atomic Multipole Parameters :

     Atom Type     Coordinate Frame Definition         Multipole Moments

         405      408    406      0   Z-then-X     1.02073
                                                   0.13510  0.00000 -0.01093
                                                   0.08672
                                                   0.00000 -0.46922
                                                  -0.86658  0.00000  0.38250

         401      404    404      0   Bisector     0.00534
                                                   0.00000  0.00000  0.42598
                                                  -0.74266
                                                   0.00000 -0.48064
                                                   0.00000  0.00000  1.22330

         402      409    404      0   Z-then-X    -0.02482
                                                  -0.01472  0.00000  0.06272
                                                   0.20580
                                                   0.00000 -0.14037
                                                   0.02742  0.00000 -0.06543

         403      402    402      0   Bisector     0.01736
                                                   0.00000  0.00000  0.09548
                                                   0.09677
                                                   0.00000 -0.22974
                                                   0.00000  0.00000  0.13297

         404      407    402      0   Z-then-X    -0.04661
                                                  -0.18240  0.00000  0.09049
                                                   0.29830
                                                   0.00000 -0.05492
                                                  -0.13956  0.00000 -0.24338

         406      411    405      0   Z-then-X    -0.52893
                                                  -0.00638  0.00000  0.28028
                                                   0.00872
                                                   0.00000 -0.42886
                                                  -0.09201  0.00000  0.42014

         408      405    406      0   Z-then-X    -0.70401
                                                   0.12192  0.00000 -0.16906
                                                  -0.57481
                                                   0.00000  0.30443
                                                   0.13728  0.00000  0.27038

         407      404    402      0   Z-then-X     0.02772
                                                   0.00747  0.00000 -0.16816
                                                   0.10857
                                                   0.00000 -0.00851
                                                   0.01722  0.00000 -0.10006

         409      402    404      0   Z-then-X     0.01093
                                                  -0.00168  0.00000 -0.16046
                                                   0.12170
                                                   0.00000 -0.01706
                                                  -0.00819  0.00000 -0.10464

         410      403      0      0   Z-Only       0.00808
                                                   0.00000  0.00000 -0.15269
                                                   0.02569
                                                   0.00000  0.02569
                                                   0.00000  0.00000 -0.05138

         411      406    405      0   Z-then-X     0.24699
                                                  -0.00898  0.00000 -0.11437
                                                   0.04285
                                                   0.00000 -0.08364
                                                  -0.00721  0.00000  0.04079

 Additional Atomic Dipole Polarizability Parameters :

     Atom Type           Alpha       Thole     Group Atom Types

         405             2.064       0.390         406  408
         401             2.064       0.390         404
         402             2.064       0.390         403  404  409
         403             2.064       0.390         402  410
         404             2.064       0.390         401  402  407
         406             0.832       0.390         405  411
         408             0.914       0.390         405
         407             0.432       0.390         404
         409             0.432       0.390         402
         410             0.432       0.390         403
         411             0.457       0.390         406

 Additional van der Waals Parameters :

     Atom Class               Size        Epsilon        Reduction

         403                3.8200         0.1010          0.000
         408                3.3000         0.1120          0.000
         406                3.4050         0.1100          0.000
         411                2.6550         0.0150          0.910
         405                3.7800         0.1060          0.000
         404                3.8200         0.1010          0.000
         407                2.9100         0.0330          0.900
         401                3.8000         0.0910          0.000
         402                3.8000         0.0910          0.000
         409                2.9800         0.0260          0.920
         410                2.9800         0.0260          0.920

 Additional Solvation Parameters :

     Atom Type                PB Size     CS Size     GK Size

         411             2.5740      2.7580      2.9054
         407             2.5740      2.7580      2.9054
         409             2.5740      2.7580      2.9054
         410             2.5740      2.7580      2.9054
         404             3.8585      3.7660      3.8448
         405             2.9301      4.5060      4.2118
         401             3.6909      3.7660      4.4258
         402             3.8286      3.8930      4.5084
         403             3.8286      3.8930      4.5084
         408             2.9835      3.3560      2.9616
         406             3.3991      2.8190      2.9337

 Limited Memory BFGS Quasi-Newton Optimization :

 QN Iter     F Value      G RMS      F Move   X Move   Angle  FG Call  Comment

     0     5587.3955 11854.3495                                   1
     1      894.8747   796.6940   4692.5207   0.0982    0.00      2    Success 
     2      803.1662   672.1866     91.7085   0.0070    3.11      3    Success 
     3      645.3574   487.2283    157.8088   0.0156   13.07      4    Success 
     4      409.1487   257.3367    236.2087   0.0381   18.97      5    Success 
     5      239.8906   129.7810    169.2581   0.0536   19.17      6    Success 
     6      138.4469    72.9679    101.4437   0.0643   20.27      7    Success 
     7       76.6901    57.2868     61.7568   0.0808   28.92      8    Success 
     8       49.7244    54.7395     26.9657   0.0982   47.07      9    Success 
     9       34.3573    35.3352     15.3672   0.0365   54.74     10    Success 
    10       26.2632    30.9109      8.0941   0.0482   60.78     11    Success 
    11       21.8798    22.9646      4.3834   0.0340   72.19     12    Success 
    12       16.4958    16.0791      5.3840   0.0597   71.37     13    Success 
    13       12.0106    15.2833      4.4852   0.0585   65.24     14    Success 
    14        8.6781    10.8113      3.3325   0.0556   68.55     15    Success 
    15        7.0629     9.5350      1.6152   0.0290   64.46     16    Success 
    16        5.5666     8.2634      1.4963   0.0351   66.48     17    Success 
    17        4.1693     6.5919      1.3973   0.0332   65.79     18    Success 
    18        3.5632    13.0762      0.6061   0.0458   64.69     19    Success 
    19        2.8157     4.5414      0.7475   0.0071   43.73     20    Success 
    20        2.5665     3.6075      0.2492   0.0061   47.41     21    Success 
    21        2.2621     3.7717      0.3044   0.0172   67.68     22    Success 
    22        2.0478     6.6751      0.2143   0.0255   70.91     23    Success 
    23        1.7944     3.1574      0.2534   0.0235   81.25     24    Success 
    24        1.6519     2.5533      0.1425   0.0079   65.87     25    Success 
    25        1.4635     2.9236      0.1884   0.0221   73.74     26    Success 
    26        1.3403     3.5577      0.1232   0.0177   73.71     27    Success 
    27        1.2427     1.8049      0.0976   0.0160   79.53     28    Success 
    28        1.2043     1.2334      0.0384   0.0033   61.07     29    Success 
    29        1.1640     1.3539      0.0403   0.0043   50.39     30    Success 
    30        1.1249     1.6004      0.0391   0.0109   77.63     31    Success 
    31        1.0868     1.7141      0.0381   0.0163   80.39     32    Success 
    32        1.0560     1.1460      0.0309   0.0069   77.01     33    Success 
    33        1.0256     1.3101      0.0304   0.0111   79.96     34    Success 
    34        0.9811     1.9894      0.0444   0.0157   80.53     35    Success 
    35        0.9154     1.8075      0.0657   0.0253   84.38     36    Success 
    36        0.8475     2.9836      0.0679   0.0378   83.86     37    Success 
    37        0.7766     1.8562      0.0709   0.0212   84.24     38    Success 
    38        0.7295     1.2076      0.0471   0.0124   79.73     39    Success 
    39        0.7023     0.9342      0.0272   0.0152   82.20     40    Success 
    40        0.6811     1.0286      0.0212   0.0059   69.06     41    Success 
    41        0.6593     1.1075      0.0218   0.0116   80.20     42    Success 
    42        0.6453     1.7263      0.0141   0.0079   74.52     43    Success 
    43        0.6241     1.3194      0.0211   0.0086   83.96     44    Success 
    44        0.5947     1.3167      0.0294   0.0093   78.93     45    Success 
    45        0.5634     1.5364      0.0314   0.0081   77.75     46    Success 
    46        0.5184     2.2195      0.0450   0.0098   76.65     47    Success 
    47        0.4450     2.3302      0.0734   0.0146   81.11     48    Success 
    48        0.3411     3.1451      0.1039   0.0221   80.87     49    Success 
    49        0.1911     2.9410      0.1500   0.0344   83.87     50    Success 
    50        0.0973     4.3527      0.0938   0.0542   84.00     51    Success 
    51        0.0124     3.0721      0.0849   0.0256   84.62     52    Success 
    52       -0.0365     2.4755      0.0488   0.0228   82.27     53    Success 
    53       -0.0788     1.3119      0.0423   0.0119   83.44     54    Success 
    54       -0.1213     1.6566      0.0425   0.0168   81.60     55    Success 
    55       -0.1907     2.4148      0.0694   0.0154   79.35     56    Success 
    56       -0.3059     3.0456      0.1152   0.0174   79.41     57    Success 
    57       -0.4777     3.9026      0.1718   0.0289   81.64     58    Success 
    58       -0.6604     4.4642      0.1827   0.0266   79.41     59    Success 
    59       -0.8157     3.2574      0.1553   0.0345   83.97     60    Success 
    60       -0.8840     4.9528      0.0683   0.0181   72.96     61    Success 
    61       -0.9799     2.9828      0.0959   0.0067   76.72     62    Success 
    62       -1.0476     1.8208      0.0677   0.0126   79.64     63    Success 
    63       -1.0991     1.6154      0.0515   0.0052   67.99     64    Success 
    64       -1.1772     1.4141      0.0781   0.0087   65.87     65    Success 
    65       -1.2053     3.9573      0.0281   0.0194   71.57     66    Success 
    66       -1.2503     2.6612      0.0451   0.0057   82.01     67    Success 
    67       -1.2960     0.9776      0.0456   0.0054   72.42     68    Success 
    68       -1.3091     0.9077      0.0132   0.0027   69.46     69    Success 
    69       -1.3292     1.0694      0.0201   0.0043   68.14     70    Success 
    70       -1.3553     1.3651      0.0261   0.0053   67.00     71    Success 
    71       -1.3878     1.3335      0.0324   0.0080   75.12     72    Success 
    72       -1.4236     1.3567      0.0358   0.0091   75.52     73    Success 
    73       -1.4675     1.4362      0.0440   0.0105   73.75     74    Success 
    74       -1.5046     1.3717      0.0371   0.0077   71.53     75    Success 
    75       -1.5451     1.4120      0.0405   0.0090   74.89     76    Success 
    76       -1.5907     1.4000      0.0456   0.0096   70.66     77    Success 
    77       -1.6097     2.9767      0.0190   0.0168   77.55     78    Success 
    78       -1.6376     1.9799      0.0279   0.0037   78.91     79    Success 
    79       -1.6693     0.9849      0.0317   0.0031   62.23     80    Success 
    80       -1.6929     1.0694      0.0236   0.0050   69.82     81    Success 
    81       -1.7311     1.0538      0.0382   0.0120   78.15     82    Success 
    82       -1.7525     2.2002      0.0214   0.0213   79.11     83    Success 
    83       -1.7782     0.8161      0.0257   0.0051   77.76     84    Success 
    84       -1.7866     0.5808      0.0084   0.0030   74.02     85    Success 
    85       -1.7965     0.8385      0.0099   0.0106   81.24     86    Success 
    86       -1.8099     0.8700      0.0134   0.0063   78.11     87    Success 
    87       -1.8231     0.6674      0.0132   0.0087   79.76     88    Success 
    88       -1.8306     0.6139      0.0074   0.0043   75.50     89    Success 
    89       -1.8365     0.5176      0.0060   0.0022   66.43     90    Success 
    90       -1.8413     0.4935      0.0047   0.0032   73.80     91    Success 
    91       -1.8439     0.4002      0.0026   0.0021   76.28     92    Success 
    92       -1.8461     0.3865      0.0023   0.0017   74.71     93    Success 
    93       -1.8494     0.3518      0.0032   0.0032   78.26     94    Success 
    94       -1.8530     0.4437      0.0036   0.0035   73.38     95    Success 
    95       -1.8554     0.4919      0.0024   0.0023   73.38     96    Success 
    96       -1.8576     0.3450      0.0022   0.0011   73.12     97    Success 
    97       -1.8608     0.3125      0.0032   0.0020   69.10     98    Success 
    98       -1.8639     0.5731      0.0032   0.0030   71.44     99    Success 
    99       -1.8673     0.4322      0.0034   0.0033   81.21    100    Success 
   100       -1.8709     0.3180      0.0036   0.0032   78.92    101    Success 
   101       -1.8738     0.5287      0.0029   0.0049   77.10    102    Success 
   102       -1.8757     0.3478      0.0019   0.0026   79.31    103    Success 
   103       -1.8768     0.2531      0.0011   0.0006   70.15    104    Success 
   104       -1.8784     0.2109      0.0017   0.0008   55.75    105    Success 
   105       -1.8809     0.3399      0.0025   0.0020   63.53    106    Success 
   106       -1.8839     0.5172      0.0030   0.0035   76.70    107    Success 
   107       -1.8878     0.5237      0.0039   0.0060   83.81    108    Success 
   108       -1.8930     0.4201      0.0051   0.0052   82.24    109    Success 
   109       -1.9003     0.5306      0.0073   0.0080   80.26    110    Success 
   110       -1.9086     0.8002      0.0084   0.0116   82.44    111    Success 
   111       -1.9187     0.8523      0.0101   0.0080   82.64    112    Success 
   112       -1.9325     0.7276      0.0139   0.0148   84.91    113    Success 
   113       -1.9455     1.0685      0.0130   0.0182   83.69    114    Success 
   114       -1.9516     1.1069      0.0061   0.0044   74.49    115    Success 
   115       -1.9602     0.7873      0.0086   0.0074   85.28    116    Success 
   116       -1.9677     0.5445      0.0075   0.0061   82.32    117    Success 
   117       -1.9731     0.5846      0.0054   0.0071   84.33    118    Success 
   118       -1.9818     0.6529      0.0087   0.0102   84.22    119    Success 
   119       -1.9920     0.9283      0.0102   0.0160   84.70    120    Success 
   120       -2.0027     0.6847      0.0106   0.0201   86.72    121    Success 
   121       -2.0069     0.9558      0.0043   0.0029   68.63    122    Success 
   122       -2.0127     0.6407      0.0058   0.0092   86.91    123    Success 
   123       -2.0199     0.6327      0.0072   0.0046   77.36    124    Success 
   124       -2.0265     0.6304      0.0066   0.0057   82.56    125    Success 
   125       -2.0353     0.7474      0.0087   0.0076   81.17    126    Success 
   126       -2.0437     0.4804      0.0084   0.0133   84.40    127    Success 
   127       -2.0472     0.3704      0.0035   0.0018   71.60    128    Success 
   128       -2.0507     0.4087      0.0035   0.0039   77.46    129    Success 
   129       -2.0531     0.4516      0.0024   0.0031   78.48    130    Success 
   130       -2.0553     0.2328      0.0022   0.0028   81.19    131    Success 
   131       -2.0565     0.2040      0.0012   0.0026   79.18    132    Success 
   132       -2.0572     0.2070      0.0007   0.0022   82.24    133    Success 
   133       -2.0577     0.2245      0.0005   0.0012   75.24    134    Success 
   134       -2.0582     0.1263      0.0005   0.0012   81.02    135    Success 
   135       -2.0585     0.1140      0.0003   0.0004   64.27    136    Success 
   136       -2.0589     0.1449      0.0004   0.0009   70.38    137    Success 
   137       -2.0592     0.2107      0.0003   0.0011   75.07    138    Success 
   138       -2.0595     0.1001      0.0003   0.0004   75.97    139    Success 
   139       -2.0597     0.1068      0.0002   0.0007   75.37    140    Success 
   140       -2.0599     0.1195      0.0002   0.0006   78.17    141    Success 
   141       -2.0601     0.1296      0.0003   0.0010   80.23    142    Success 
   142       -2.0604     0.1415      0.0002   0.0019   83.08    143    Success 
   143       -2.0605     0.0574      0.0001   0.0006   81.37    144   SmallGrad

 LBFGS  --  Normal Termination due to SmallGrad

 Final Function Value :           -2.06051088
 Final RMS Gradient :              0.05742008
 Final Gradient Norm :             0.24361279
