
     ######################################################################
   ##########################################################################
  ###                                                                      ###
 ###            Tinker  ---  Software Tools for Molecular Design            ###
 ##                                                                          ##
 ##                      Version 8.9.4   September 2021                      ##
 ##                                                                          ##
 ##               Copyright (c)  Jay William Ponder  1990-2021               ##
 ###                           All Rights Reserved                          ###
  ###                                                                      ###
   ##########################################################################
     ######################################################################


 Additional Atom Definition Parameters :

     Type  Class  Symbol  Description               Atomic    Mass   Valence

      405   405     C     34_Index_0                   6     12.011     3
      401   401     C     34_Index_0                   6     12.011     3
      402   402     C     34_Index_0                   6     12.011     3
      403   403     C     34_Index_0                   6     12.011     3
      404   404     C     34_Index_0                   6     12.011     3
      406   406     O     34_Index_0                   8     15.999     2
      408   408     O     34_Index_0                   8     15.999     1
      407   407     H     34_Index_0                   1      1.008     1
      409   409     H     34_Index_0                   1      1.008     1
      410   410     H     34_Index_0                   1      1.008     1
      411   411     H     34_Index_0                   1      1.008     1

 Additional Bond Stretching Parameters :

     Atom Classes             K(S)         Length

       406 405             285.608         1.3600
       408 405             666.175         1.2200
       401 405             287.793         1.4463
       404 401             379.094         1.4000
       403 402             379.094         1.4000
       404 402             379.094         1.3900
       409 402             368.093         1.0900
       402 403             379.094         1.4000
       410 403             368.093         1.0900
       407 404             368.093         1.0900
       411 406             487.849         0.9800

 Additional Angle Bending Parameters :

     Atom Classes             K(B)          Angle

     411 406 405            45.149        106.555
     404 401 405            66.632        117.869
     402 404 401            74.631        119.590
     407 404 401            36.770        119.390
     406 405 401            77.303        110.597
     408 405 401            64.148        125.090
     402 403 402            74.631        119.980
     410 403 402            36.770        120.010
     407 404 402            36.770        121.030
     404 402 403            74.631        120.220
     409 402 403            36.770        120.010
     409 402 404            36.770        119.760
     404 401 404            74.631        120.400
     408 405 406            71.920        123.915

 Additional Stretch-Bend Parameters :

     Atom Classes          K(SB)-1        K(SB)-2

     411 406 405            31.076         31.076
     404 401 405            20.453         20.453
     402 404 401            20.453         20.453
     407 404 401            20.453         20.453
     406 405 401            17.707        -17.707
     408 405 401            17.707        -17.707
     402 403 402            20.453         20.453
     410 403 402            20.453         20.453
     407 404 402            20.453         20.453
     404 402 403            20.453         20.453
     409 402 403            20.453         20.453
     409 402 404            20.453         20.453
     404 401 404            20.453         20.453
     408 405 406            17.707        -17.707

 Additional Out-of-Plane Bend Parameters :

     Atom Classes                   K(OPB)

     406 405   0   0               116.142
     408 405   0   0               117.707
     401 405   0   0                73.907
     405 401   0   0                73.907
     404 401   0   0                84.886
     401 404   0   0                84.886
     403 402   0   0                84.886
     402 403   0   0                84.886
     404 402   0   0                84.886
     402 404   0   0                84.886
     409 402   0   0                72.814
     410 403   0   0                72.814
     407 404   0   0                72.814

 Additional Torsional Parameters :

     Atom Classes     1-Fold    2-Fold    3-Fold    4-Fold    5-Fold    6-Fold

   402 404 401 405   0.00   0  0.00 180  0.30   0  0.00   0  0.00   0  0.00   0
   407 404 401 405   0.00   0  0.00 180  0.30   0  0.00   0  0.00   0  0.00   0
   403 402 404 401   0.00   0  0.00 180  0.30   0  0.00   0  0.00   0  0.00   0
   411 406 405 401   0.00   0  0.00 180  0.30   0  0.00   0  0.00   0  0.00   0
   404 402 403 402   0.00   0  0.00 180  0.30   0  0.00   0  0.00   0  0.00   0
   409 402 403 402   0.00   0  0.00 180  0.30   0  0.00   0  0.00   0  0.00   0
   404 401 404 402   0.00   0  0.00 180  0.30   0  0.00   0  0.00   0  0.00   0
   407 404 402 403   0.00   0  0.00 180  0.30   0  0.00   0  0.00   0  0.00   0
   402 403 402 404   0.00   0  0.00 180  0.30   0  0.00   0  0.00   0  0.00   0
   410 403 402 404   0.00   0  0.00 180  0.30   0  0.00   0  0.00   0  0.00   0
   402 404 401 404   0.00   0  0.00 180  0.30   0  0.00   0  0.00   0  0.00   0
   407 404 401 404   0.00   0  0.00 180  0.30   0  0.00   0  0.00   0  0.00   0
   406 405 401 404   0.00   0  0.00 180  0.30   0  0.00   0  0.00   0  0.00   0
   408 405 401 404   0.00   0  0.00 180  0.30   0  0.00   0  0.00   0  0.00   0
   409 402 404 407   0.00   0  0.00 180  0.30   0  0.00   0  0.00   0  0.00   0
   411 406 405 408  -1.20   0  5.39 180  0.40   0  0.00   0  0.00   0  0.00   0
   409 402 404 401   0.55   0 11.38 180 -0.55   0  0.00   0  0.00   0  0.00   0
   410 403 402 409   0.00   0 10.92 180  0.00   0  0.00   0  0.00   0  0.00   0
   407 404 402 409   0.00   0 10.92 180  0.00   0  0.00   0  0.00   0  0.00   0

 Additional Atomic Multipole Parameters :

     Atom Type     Coordinate Frame Definition         Multipole Moments

         405      408    406      0   Z-then-X     1.02073
                                                   0.13510  0.00000 -0.01093
                                                   0.08672
                                                   0.00000 -0.46922
                                                  -0.86658  0.00000  0.38250

         401      404    404      0   Bisector     0.00534
                                                   0.00000  0.00000  0.42598
                                                  -0.74266
                                                   0.00000 -0.48064
                                                   0.00000  0.00000  1.22330

         402      409    404      0   Z-then-X    -0.02482
                                                  -0.01472  0.00000  0.06272
                                                   0.20580
                                                   0.00000 -0.14037
                                                   0.02742  0.00000 -0.06543

         403      402    402      0   Bisector     0.01736
                                                   0.00000  0.00000  0.09548
                                                   0.09677
                                                   0.00000 -0.22974
                                                   0.00000  0.00000  0.13297

         404      407    402      0   Z-then-X    -0.04661
                                                  -0.18240  0.00000  0.09049
                                                   0.29830
                                                   0.00000 -0.05492
                                                  -0.13956  0.00000 -0.24338

         406      411    405      0   Z-then-X    -0.52893
                                                  -0.00638  0.00000  0.28028
                                                   0.00872
                                                   0.00000 -0.42886
                                                  -0.09201  0.00000  0.42014

         408      405    406      0   Z-then-X    -0.70401
                                                   0.12192  0.00000 -0.16906
                                                  -0.57481
                                                   0.00000  0.30443
                                                   0.13728  0.00000  0.27038

         407      404    402      0   Z-then-X     0.02772
                                                   0.00747  0.00000 -0.16816
                                                   0.10857
                                                   0.00000 -0.00851
                                                   0.01722  0.00000 -0.10006

         409      402    404      0   Z-then-X     0.01093
                                                  -0.00168  0.00000 -0.16046
                                                   0.12170
                                                   0.00000 -0.01706
                                                  -0.00819  0.00000 -0.10464

         410      403      0      0   Z-Only       0.00808
                                                   0.00000  0.00000 -0.15269
                                                   0.02569
                                                   0.00000  0.02569
                                                   0.00000  0.00000 -0.05138

         411      406    405      0   Z-then-X     0.24699
                                                  -0.00898  0.00000 -0.11437
                                                   0.04285
                                                   0.00000 -0.08364
                                                  -0.00721  0.00000  0.04079

 Additional Atomic Dipole Polarizability Parameters :

     Atom Type           Alpha       Thole     Group Atom Types

         405             2.064       0.390         406  408
         401             2.064       0.390         404
         402             2.064       0.390         403  404  409
         403             2.064       0.390         402  410
         404             2.064       0.390         401  402  407
         406             0.832       0.390         405  411
         408             0.914       0.390         405
         407             0.432       0.390         404
         409             0.432       0.390         402
         410             0.432       0.390         403
         411             0.457       0.390         406

 Additional van der Waals Parameters :

     Atom Class               Size        Epsilon        Reduction

         403                3.8200         0.1010          0.000
         408                3.3000         0.1120          0.000
         406                3.4050         0.1100          0.000
         411                2.6550         0.0150          0.910
         405                3.7800         0.1060          0.000
         404                3.8200         0.1010          0.000
         407                2.9100         0.0330          0.900
         401                3.8000         0.0910          0.000
         402                3.8000         0.0910          0.000
         409                2.9800         0.0260          0.920
         410                2.9800         0.0260          0.920

 Additional Solvation Parameters :

     Atom Type                PB Size     CS Size     GK Size

         411             2.5740      2.7580      2.9054
         407             2.5740      2.7580      2.9054
         409             2.5740      2.7580      2.9054
         410             2.5740      2.7580      2.9054
         404             3.8585      3.7660      3.8448
         405             2.9301      4.5060      4.2118
         401             3.6909      3.7660      4.4258
         402             3.8286      3.8930      4.5084
         403             3.8286      3.8930      4.5084
         408             2.9835      3.3560      2.9616
         406             3.3991      2.8190      2.9337

 Limited Memory BFGS Quasi-Newton Optimization :

 QN Iter     F Value      G RMS      F Move   X Move   Angle  FG Call  Comment

     0       18.0145    18.9756                                   1
     1       15.3254    17.7858      2.6892   0.0165    0.00      3    Success 
     2       13.4044    11.3532      1.9210   0.0096   40.90      4    Success 
     3       10.7138     8.0796      2.6905   0.0237   37.62      5    Success 
     4        8.3265    10.7788      2.3874   0.0318   42.67      6    Success 
     5        6.6346    19.0397      1.6919   0.0541   62.92      7    Success 
     6        4.8310     8.2039      1.8035   0.0204   66.47      8    Success 
     7        4.0547     5.8463      0.7763   0.0172   64.37      9    Success 
     8        3.3750     6.1350      0.6797   0.0213   65.32     10    Success 
     9        2.6417     7.8923      0.7333   0.0321   68.52     11    Success 
    10        2.1274     4.2964      0.5143   0.0296   75.66     12    Success 
    11        1.9149     2.9418      0.2125   0.0104   69.36     13    Success 
    12        1.6852     3.1434      0.2298   0.0201   70.56     14    Success 
    13        1.4548     4.3854      0.2304   0.0253   75.71     15    Success 
    14        1.1526     3.4920      0.3022   0.0329   80.78     16    Success 
    15        1.0262     6.4175      0.1264   0.0411   78.48     17    Success 
    16        0.8555     2.5401      0.1707   0.0052   65.12     18    Success 
    17        0.8062     1.1766      0.0493   0.0034   57.62     19    Success 
    18        0.7845     1.3387      0.0216   0.0023   58.86     20    Success 
    19        0.7487     1.3611      0.0359   0.0039   62.77     21    Success 
    20        0.6995     2.2066      0.0492   0.0098   72.64     22    Success 
    21        0.6393     1.7379      0.0602   0.0125   78.59     23    Success 
    22        0.5918     1.8065      0.0475   0.0168   82.33     24    Success 
    23        0.5359     1.3552      0.0559   0.0190   81.17     25    Success 
    24        0.4918     1.4623      0.0441   0.0064   64.77     26    Success 
    25        0.4503     1.4390      0.0415   0.0060   68.01     27    Success 
    26        0.4001     2.0457      0.0502   0.0089   68.98     28    Success 
    27        0.3458     1.4197      0.0543   0.0110   77.03     29    Success 
    28        0.3074     1.1704      0.0384   0.0058   66.03     30    Success 
    29        0.2682     1.3745      0.0392   0.0106   75.09     31    Success 
    30        0.2257     2.1660      0.0425   0.0116   74.07     32    Success 
    31        0.1642     1.5932      0.0615   0.0118   80.14     33    Success 
    32        0.0765     1.7511      0.0878   0.0172   75.53     34    Success 
    33        0.0278     4.2660      0.0486   0.0242   76.67     35    Success 
    34       -0.0411     2.2867      0.0689   0.0042   72.54     36    Success 
    35       -0.0940     1.9447      0.0529   0.0110   75.12     37    Success 
    36       -0.1372     1.7530      0.0432   0.0064   71.14     38    Success 
    37       -0.1823     1.2078      0.0450   0.0080   75.37     39    Success 
    38       -0.2193     1.8066      0.0370   0.0131   75.96     40    Success 
    39       -0.2537     1.8079      0.0345   0.0078   79.34     41    Success 
    40       -0.3098     1.8674      0.0561   0.0110   78.89     42    Success 
    41       -0.3921     1.8972      0.0823   0.0154   77.45     43    Success 
    42       -0.4888     2.6329      0.0967   0.0298   80.69     44    Success 
    43       -0.5020     3.4913      0.0132   0.0157   75.18     45    Success 
    44       -0.5962     2.1798      0.0942   0.0174   83.05     47    Success 
    45       -0.6614     1.8748      0.0652   0.0109   73.88     48    Success 
    46       -0.7011     1.3052      0.0398   0.0042   67.36     49    Success 
    47       -0.7516     1.0266      0.0505   0.0096   69.28     50    Success 
    48       -0.7808     1.6488      0.0292   0.0158   79.15     52    Success 
    49       -0.8062     1.4987      0.0255   0.0060   70.88     53    Success 
    50       -0.8154     1.9587      0.0091   0.0148   82.69     54    Success 
    51       -0.8297     1.2522      0.0144   0.0024   77.43     55    Success 
    52       -0.8481     0.7097      0.0184   0.0032   67.05     56    Success 
    53       -0.8596     0.9695      0.0114   0.0041   73.92     57    Success 
    54       -0.8782     1.0632      0.0187   0.0061   77.61     58    Success 
    55       -0.9063     1.4367      0.0281   0.0130   81.35     59    Success 
    56       -0.9475     1.4364      0.0412   0.0165   82.44     60    Success 
    57       -0.9896     2.2483      0.0421   0.0179   79.73     61    Success 
    58       -1.0282     2.8088      0.0386   0.0226   84.73     62    Success 
    59       -1.0692     1.8880      0.0411   0.0054   73.51     63    Success 
    60       -1.1004     1.0589      0.0312   0.0042   71.02     64    Success 
    61       -1.1256     1.1219      0.0251   0.0087   77.63     65    Success 
    62       -1.1539     1.9134      0.0284   0.0116   77.59     66    Success 
    63       -1.1788     1.5903      0.0248   0.0070   79.79     67    Success 
    64       -1.1996     1.0826      0.0208   0.0081   81.56     68    Success 
    65       -1.2279     1.4865      0.0283   0.0086   75.98     69    Success 
    66       -1.2622     1.3037      0.0343   0.0099   77.65     70    Success 
    67       -1.2829     1.7360      0.0207   0.0131   82.96     72    Success 
    68       -1.3036     1.2144      0.0207   0.0061   77.36     73    Success 
    69       -1.3199     0.8647      0.0163   0.0094   81.76     74    Success 
    70       -1.3301     0.6919      0.0101   0.0051   80.55     75    Success 
    71       -1.3430     0.6748      0.0129   0.0109   81.43     76    Success 
    72       -1.3500     1.1270      0.0069   0.0104   80.17     77    Success 
    73       -1.3565     0.4683      0.0066   0.0035   81.88     78    Success 
    74       -1.3596     0.5368      0.0031   0.0010   53.91     79    Success 
    75       -1.3618     0.6485      0.0022   0.0071   84.97     80    Success 
    76       -1.3652     0.4573      0.0034   0.0011   69.46     81    Success 
    77       -1.3704     0.5165      0.0052   0.0028   72.48     82    Success 
    78       -1.3774     0.7670      0.0070   0.0053   79.35     83    Success 
    79       -1.3879     0.9293      0.0105   0.0080   82.76     84    Success 
    80       -1.3967     1.4442      0.0088   0.0143   84.95     85    Success 
    81       -1.4094     0.7797      0.0127   0.0048   81.81     86    Success 
    82       -1.4186     0.4839      0.0092   0.0047   77.91     87    Success 
    83       -1.4234     0.5262      0.0048   0.0030   74.99     88    Success 
    84       -1.4268     0.7410      0.0034   0.0043   78.17     89    Success 
    85       -1.4302     0.4117      0.0034   0.0011   67.13     90    Success 
    86       -1.4320     0.2870      0.0017   0.0007   63.59     91    Success 
    87       -1.4337     0.3300      0.0017   0.0027   78.15     92    Success 
    88       -1.4353     0.4215      0.0016   0.0029   81.02     93    Success 
    89       -1.4372     0.3332      0.0019   0.0030   84.12     94    Success 
    90       -1.4399     0.3141      0.0027   0.0044   81.86     95    Success 
    91       -1.4427     0.4808      0.0028   0.0056   81.02     96    Success 
    92       -1.4455     0.4291      0.0028   0.0046   84.52     97    Success 
    93       -1.4495     0.3831      0.0040   0.0051   81.85     98    Success 
    94       -1.4523     0.6805      0.0029   0.0099   83.39     99    Success 
    95       -1.4551     0.2972      0.0028   0.0011   71.80    100    Success 
    96       -1.4566     0.2637      0.0015   0.0026   81.75    101    Success 
    97       -1.4589     0.3050      0.0022   0.0048   82.33    102    Success 
    98       -1.4619     0.4137      0.0031   0.0093   84.97    103    Success 
    99       -1.4659     0.3914      0.0040   0.0098   85.19    104    Success 
   100       -1.4710     0.4119      0.0051   0.0105   84.70    105    Success 
   101       -1.4766     0.6523      0.0055   0.0142   84.47    106    Success 
   102       -1.4822     0.4453      0.0056   0.0060   81.20    107    Success 
   103       -1.4846     0.2839      0.0025   0.0016   74.00    108    Success 
   104       -1.4864     0.2884      0.0018   0.0014   61.99    109    Success 
   105       -1.4875     0.3343      0.0011   0.0017   75.47    110    Success 
   106       -1.4886     0.2998      0.0011   0.0041   86.32    111    Success 
   107       -1.4899     0.2120      0.0014   0.0030   82.26    112    Success 
   108       -1.4909     0.1930      0.0009   0.0023   81.44    113    Success 
   109       -1.4920     0.2196      0.0011   0.0021   75.57    114    Success 
   110       -1.4932     0.2545      0.0012   0.0022   76.71    115    Success 
   111       -1.4944     0.2296      0.0012   0.0022   80.43    116    Success 
   112       -1.4956     0.3400      0.0012   0.0035   80.54    117    Success 
   113       -1.4965     0.2741      0.0009   0.0015   79.02    118    Success 
   114       -1.4972     0.1865      0.0007   0.0006   74.14    119    Success 
   115       -1.4981     0.1579      0.0009   0.0019   78.15    120    Success 
   116       -1.4989     0.2532      0.0008   0.0021   76.44    121    Success 
   117       -1.4998     0.1878      0.0009   0.0021   81.75    122    Success 
   118       -1.5006     0.1651      0.0008   0.0015   78.40    123    Success 
   119       -1.5016     0.2263      0.0010   0.0020   74.38    124    Success 
   120       -1.5028     0.2561      0.0012   0.0021   76.68    125    Success 
   121       -1.5045     0.3076      0.0017   0.0030   80.89    126    Success 
   122       -1.5070     0.2959      0.0026   0.0056   83.84    127    Success 
   123       -1.5107     0.4275      0.0036   0.0096   84.18    128    Success 
   124       -1.5152     0.5039      0.0045   0.0139   86.09    129    Success 
   125       -1.5208     0.4703      0.0056   0.0123   85.66    130    Success 
   126       -1.5280     0.5765      0.0072   0.0177   85.72    131    Success 
   127       -1.5345     0.7686      0.0066   0.0104   82.34    132    Success 
   128       -1.5379     0.8784      0.0034   0.0197   87.46    133    Success 
   129       -1.5429     0.5245      0.0050   0.0056   85.61    134    Success 
   130       -1.5501     0.4321      0.0073   0.0035   72.32    135    Success 
   131       -1.5584     0.5155      0.0083   0.0073   76.92    136    Success 
   132       -1.5656     1.0191      0.0072   0.0213   85.20    137    Success 
   133       -1.5724     0.5494      0.0068   0.0014   69.58    138    Success 
   134       -1.5811     0.7054      0.0087   0.0111   82.85    139    Success 
   135       -1.5870     0.6108      0.0059   0.0048   79.35    140    Success 
   136       -1.5938     0.8132      0.0068   0.0151   85.95    141    Success 
   137       -1.6009     0.6661      0.0071   0.0041   80.18    142    Success 
   138       -1.6082     0.8665      0.0073   0.0132   84.96    143    Success 
   139       -1.6120     0.7697      0.0037   0.0037   79.52    144    Success 
   140       -1.6167     0.4827      0.0047   0.0059   85.86    145    Success 
   141       -1.6232     0.5007      0.0064   0.0109   84.24    146    Success 
   142       -1.6279     0.6710      0.0047   0.0112   86.30    147    Success 
   143       -1.6324     0.8897      0.0045   0.0075   84.00    148    Success 
   144       -1.6390     0.7464      0.0066   0.0144   87.78    149    Success 
   145       -1.6478     0.7494      0.0088   0.0162   86.51    150    Success 
   146       -1.6579     0.8348      0.0101   0.0110   84.72    151    Success 
   147       -1.6722     0.9442      0.0143   0.0235   86.73    152    Success 
   148       -1.6804     1.5494      0.0082   0.0215   85.49    153    Success 
   149       -1.6916     0.8428      0.0112   0.0122   87.25    154    Success 
   150       -1.6960     0.5853      0.0044   0.0033   79.62    156    Success 
   151       -1.7004     0.5468      0.0044   0.0114   85.79    157    Success 
   152       -1.7032     0.3725      0.0028   0.0011   71.95    158    Success 
   153       -1.7072     0.3813      0.0040   0.0059   81.80    159    Success 
   154       -1.7106     0.5930      0.0034   0.0067   83.54    160    Success 
   155       -1.7149     0.7662      0.0043   0.0079   85.53    161    Success 
   156       -1.7219     0.6815      0.0070   0.0080   85.55    162    Success 
   157       -1.7332     0.6766      0.0113   0.0093   83.01    163    Success 
   158       -1.7469     1.0731      0.0137   0.0122   81.26    164    Success 
   159       -1.7612     1.0536      0.0143   0.0069   80.36    165    Success 
   160       -1.7725     0.9428      0.0113   0.0034   75.07    166    Success 
   161       -1.7859     1.2365      0.0134   0.0144   84.95    167    Success 
   162       -1.8000     1.2515      0.0141   0.0066   79.55    168    Success 
   163       -1.8158     1.5990      0.0158   0.0110   83.44    169    Success 
   164       -1.8396     1.1777      0.0238   0.0113   84.46    170    Success 
   165       -1.8720     1.0650      0.0323   0.0126   79.73    171    Success 
   166       -1.8797     2.7802      0.0077   0.0227   82.13    172    Success 
   167       -1.8916     2.3113      0.0120   0.0042   85.81    173    Success 
   168       -1.9104     1.4265      0.0188   0.0019   72.64    174    Success 
   169       -1.9338     0.7237      0.0234   0.0046   71.48    175    Success 
   170       -1.9438     1.2417      0.0100   0.0062   78.25    176    Success 
   171       -1.9575     1.1676      0.0136   0.0123   85.81    177    Success 
   172       -1.9755     0.8994      0.0181   0.0105   83.40    178    Success 
   173       -1.9870     1.6710      0.0115   0.0177   82.73    179    Success 
   174       -1.9983     0.8762      0.0112   0.0041   79.37    180    Success 
   175       -2.0049     1.1620      0.0066   0.0041   73.81    181    Success 
   176       -2.0122     0.6941      0.0073   0.0020   77.41    182    Success 
   177       -2.0214     0.6489      0.0093   0.0053   77.41    183    Success 
   178       -2.0279     0.7284      0.0065   0.0041   80.10    184    Success 
   179       -2.0354     1.0143      0.0074   0.0060   80.58    185    Success 
   180       -2.0445     0.5287      0.0092   0.0069   83.24    186    Success 
   181       -2.0485     0.3649      0.0040   0.0025   75.66    187    Success 
   182       -2.0513     0.4513      0.0028   0.0052   81.06    188    Success 
   183       -2.0538     0.4536      0.0025   0.0029   79.27    189    Success 
   184       -2.0568     0.3942      0.0030   0.0013   68.38    190    Success 
   185       -2.0609     0.5936      0.0041   0.0046   79.51    191    Success 
   186       -2.0656     0.4401      0.0046   0.0041   79.23    192    Success 
   187       -2.0694     0.5604      0.0038   0.0057   82.17    193    Success 
   188       -2.0746     0.5687      0.0052   0.0051   82.71    194    Success 
   189       -2.0820     0.6305      0.0073   0.0064   80.89    195    Success 
   190       -2.0898     0.6491      0.0079   0.0096   82.26    196    Success 
   191       -2.0945     0.5884      0.0047   0.0067   84.16    197    Success 
   192       -2.0965     0.9733      0.0020   0.0032   73.80    198    Success 
   193       -2.0999     0.6705      0.0033   0.0032   86.00    199    Success 
   194       -2.1040     0.4108      0.0041   0.0071   85.55    200    Success 
   195       -2.1065     0.3445      0.0025   0.0012   69.51    201    Success 
   196       -2.1100     0.2986      0.0036   0.0031   74.65    202    Success 
   197       -2.1108     0.8190      0.0008   0.0048   76.48    203    Success 
   198       -2.1121     0.6210      0.0013   0.0005   76.99    204    Success 
   199       -2.1141     0.2815      0.0020   0.0012   78.86    205    Success 
   200       -2.1151     0.1847      0.0010   0.0019   80.18    206    Success 
   201       -2.1157     0.2088      0.0005   0.0011   79.10    207    Success 
   202       -2.1166     0.2335      0.0009   0.0017   80.02    208    Success 
   203       -2.1178     0.2349      0.0012   0.0025   80.17    209    Success 
   204       -2.1194     0.2148      0.0016   0.0033   80.16    210    Success 
   205       -2.1209     0.2568      0.0016   0.0035   80.90    211    Success 
   206       -2.1233     0.2622      0.0023   0.0041   80.44    212    Success 
   207       -2.1258     0.3897      0.0025   0.0052   79.10    213    Success 
   208       -2.1275     0.3269      0.0018   0.0035   82.60    214    Success 
   209       -2.1290     0.2386      0.0015   0.0011   71.97    215    Success 
   210       -2.1307     0.2432      0.0017   0.0020   70.92    216    Success 
   211       -2.1313     0.4409      0.0006   0.0039   82.38    217    Success 
   212       -2.1321     0.1794      0.0008   0.0010   81.66    218    Success 
   213       -2.1324     0.0780      0.0003   0.0011   82.11    219   SmallGrad

 LBFGS  --  Normal Termination due to SmallGrad

 Final Function Value :           -2.13241096
 Final RMS Gradient :              0.07801790
 Final Gradient Norm :             0.33100193
