
     ######################################################################
   ##########################################################################
  ###                                                                      ###
 ###            Tinker  ---  Software Tools for Molecular Design            ###
 ##                                                                          ##
 ##                      Version 8.9.4   September 2021                      ##
 ##                                                                          ##
 ##               Copyright (c)  Jay William Ponder  1990-2021               ##
 ###                           All Rights Reserved                          ###
  ###                                                                      ###
   ##########################################################################
     ######################################################################


 Additional Atom Definition Parameters :

     Type  Class  Symbol  Description               Atomic    Mass   Valence

      405   405     C     34_Index_0                   6     12.011     3
      401   401     C     34_Index_0                   6     12.011     3
      402   402     C     34_Index_0                   6     12.011     3
      403   403     C     34_Index_0                   6     12.011     3
      404   404     C     34_Index_0                   6     12.011     3
      406   406     O     34_Index_0                   8     15.999     2
      408   408     O     34_Index_0                   8     15.999     1
      407   407     H     34_Index_0                   1      1.008     1
      409   409     H     34_Index_0                   1      1.008     1
      410   410     H     34_Index_0                   1      1.008     1
      411   411     H     34_Index_0                   1      1.008     1

 Additional Bond Stretching Parameters :

     Atom Classes             K(S)         Length

       406 405             285.608         1.3600
       408 405             666.175         1.2200
       401 405             287.793         1.4463
       404 401             379.094         1.4000
       403 402             379.094         1.4000
       404 402             379.094         1.3900
       409 402             368.093         1.0900
       402 403             379.094         1.4000
       410 403             368.093         1.0900
       407 404             368.093         1.0900
       411 406             487.849         0.9800

 Additional Angle Bending Parameters :

     Atom Classes             K(B)          Angle

     411 406 405            45.149        106.555
     404 401 405            66.632        117.869
     402 404 401            74.631        119.590
     407 404 401            36.770        119.390
     406 405 401            77.303        110.597
     408 405 401            64.148        125.090
     402 403 402            74.631        119.980
     410 403 402            36.770        120.010
     407 404 402            36.770        121.030
     404 402 403            74.631        120.220
     409 402 403            36.770        120.010
     409 402 404            36.770        119.760
     404 401 404            74.631        120.400
     408 405 406            71.920        123.915

 Additional Stretch-Bend Parameters :

     Atom Classes          K(SB)-1        K(SB)-2

     411 406 405            31.076         31.076
     404 401 405            20.453         20.453
     402 404 401            20.453         20.453
     407 404 401            20.453         20.453
     406 405 401            17.707        -17.707
     408 405 401            17.707        -17.707
     402 403 402            20.453         20.453
     410 403 402            20.453         20.453
     407 404 402            20.453         20.453
     404 402 403            20.453         20.453
     409 402 403            20.453         20.453
     409 402 404            20.453         20.453
     404 401 404            20.453         20.453
     408 405 406            17.707        -17.707

 Additional Out-of-Plane Bend Parameters :

     Atom Classes                   K(OPB)

     406 405   0   0               116.142
     408 405   0   0               117.707
     401 405   0   0                73.907
     405 401   0   0                73.907
     404 401   0   0                84.886
     401 404   0   0                84.886
     403 402   0   0                84.886
     402 403   0   0                84.886
     404 402   0   0                84.886
     402 404   0   0                84.886
     409 402   0   0                72.814
     410 403   0   0                72.814
     407 404   0   0                72.814

 Additional Torsional Parameters :

     Atom Classes     1-Fold    2-Fold    3-Fold    4-Fold    5-Fold    6-Fold

   402 404 401 405   0.00   0  0.00 180  0.30   0  0.00   0  0.00   0  0.00   0
   407 404 401 405   0.00   0  0.00 180  0.30   0  0.00   0  0.00   0  0.00   0
   403 402 404 401   0.00   0  0.00 180  0.30   0  0.00   0  0.00   0  0.00   0
   411 406 405 401   0.00   0  0.00 180  0.30   0  0.00   0  0.00   0  0.00   0
   404 402 403 402   0.00   0  0.00 180  0.30   0  0.00   0  0.00   0  0.00   0
   409 402 403 402   0.00   0  0.00 180  0.30   0  0.00   0  0.00   0  0.00   0
   404 401 404 402   0.00   0  0.00 180  0.30   0  0.00   0  0.00   0  0.00   0
   407 404 402 403   0.00   0  0.00 180  0.30   0  0.00   0  0.00   0  0.00   0
   402 403 402 404   0.00   0  0.00 180  0.30   0  0.00   0  0.00   0  0.00   0
   410 403 402 404   0.00   0  0.00 180  0.30   0  0.00   0  0.00   0  0.00   0
   402 404 401 404   0.00   0  0.00 180  0.30   0  0.00   0  0.00   0  0.00   0
   407 404 401 404   0.00   0  0.00 180  0.30   0  0.00   0  0.00   0  0.00   0
   406 405 401 404   0.00   0  0.00 180  0.30   0  0.00   0  0.00   0  0.00   0
   408 405 401 404   0.00   0  0.00 180  0.30   0  0.00   0  0.00   0  0.00   0
   409 402 404 407   0.00   0  0.00 180  0.30   0  0.00   0  0.00   0  0.00   0
   411 406 405 408  -1.20   0  5.39 180  0.40   0  0.00   0  0.00   0  0.00   0
   409 402 404 401   0.55   0 11.38 180 -0.55   0  0.00   0  0.00   0  0.00   0
   410 403 402 409   0.00   0 10.92 180  0.00   0  0.00   0  0.00   0  0.00   0
   407 404 402 409   0.00   0 10.92 180  0.00   0  0.00   0  0.00   0  0.00   0

 Additional Atomic Multipole Parameters :

     Atom Type     Coordinate Frame Definition         Multipole Moments

         405      408    406      0   Z-then-X     1.02073
                                                   0.13510  0.00000 -0.01093
                                                   0.08672
                                                   0.00000 -0.46922
                                                  -0.86658  0.00000  0.38250

         401      404    404      0   Bisector     0.00534
                                                   0.00000  0.00000  0.42598
                                                  -0.74266
                                                   0.00000 -0.48064
                                                   0.00000  0.00000  1.22330

         402      409    404      0   Z-then-X    -0.02482
                                                  -0.01472  0.00000  0.06272
                                                   0.20580
                                                   0.00000 -0.14037
                                                   0.02742  0.00000 -0.06543

         403      402    402      0   Bisector     0.01736
                                                   0.00000  0.00000  0.09548
                                                   0.09677
                                                   0.00000 -0.22974
                                                   0.00000  0.00000  0.13297

         404      407    402      0   Z-then-X    -0.04661
                                                  -0.18240  0.00000  0.09049
                                                   0.29830
                                                   0.00000 -0.05492
                                                  -0.13956  0.00000 -0.24338

         406      411    405      0   Z-then-X    -0.52893
                                                  -0.00638  0.00000  0.28028
                                                   0.00872
                                                   0.00000 -0.42886
                                                  -0.09201  0.00000  0.42014

         408      405    406      0   Z-then-X    -0.70401
                                                   0.12192  0.00000 -0.16906
                                                  -0.57481
                                                   0.00000  0.30443
                                                   0.13728  0.00000  0.27038

         407      404    402      0   Z-then-X     0.02772
                                                   0.00747  0.00000 -0.16816
                                                   0.10857
                                                   0.00000 -0.00851
                                                   0.01722  0.00000 -0.10006

         409      402    404      0   Z-then-X     0.01093
                                                  -0.00168  0.00000 -0.16046
                                                   0.12170
                                                   0.00000 -0.01706
                                                  -0.00819  0.00000 -0.10464

         410      403      0      0   Z-Only       0.00808
                                                   0.00000  0.00000 -0.15269
                                                   0.02569
                                                   0.00000  0.02569
                                                   0.00000  0.00000 -0.05138

         411      406    405      0   Z-then-X     0.24699
                                                  -0.00898  0.00000 -0.11437
                                                   0.04285
                                                   0.00000 -0.08364
                                                  -0.00721  0.00000  0.04079

 Additional Atomic Dipole Polarizability Parameters :

     Atom Type           Alpha       Thole     Group Atom Types

         405             2.064       0.390         406  408
         401             2.064       0.390         404
         402             2.064       0.390         403  404  409
         403             2.064       0.390         402  410
         404             2.064       0.390         401  402  407
         406             0.832       0.390         405  411
         408             0.914       0.390         405
         407             0.432       0.390         404
         409             0.432       0.390         402
         410             0.432       0.390         403
         411             0.457       0.390         406

 Additional van der Waals Parameters :

     Atom Class               Size        Epsilon        Reduction

         403                3.8200         0.1010          0.000
         408                3.3000         0.1120          0.000
         406                3.4050         0.1100          0.000
         411                2.6550         0.0150          0.910
         405                3.7800         0.1060          0.000
         404                3.8200         0.1010          0.000
         407                2.9100         0.0330          0.900
         401                3.8000         0.0910          0.000
         402                3.8000         0.0910          0.000
         409                2.9800         0.0260          0.920
         410                2.9800         0.0260          0.920

 Additional Solvation Parameters :

     Atom Type                PB Size     CS Size     GK Size

         411             2.5740      2.7580      2.9054
         407             2.5740      2.7580      2.9054
         409             2.5740      2.7580      2.9054
         410             2.5740      2.7580      2.9054
         404             3.8585      3.7660      3.8448
         405             2.9301      4.5060      4.2118
         401             3.6909      3.7660      4.4258
         402             3.8286      3.8930      4.5084
         403             3.8286      3.8930      4.5084
         408             2.9835      3.3560      2.9616
         406             3.3991      2.8190      2.9337

 Limited Memory BFGS Quasi-Newton Optimization :

 QN Iter     F Value      G RMS      F Move   X Move   Angle  FG Call  Comment

     0     4188.0838  7382.1251                                   1
     1      736.5897   607.6037   3451.4941   0.0982    0.00      2    Success 
     2      647.2588   498.6751     89.3309   0.0090    1.75      3    Success 
     3      497.2401   341.4019    150.0187   0.0204   12.94      4    Success 
     4      282.1679   162.1065    215.0722   0.0517   19.20      5    Success 
     5      158.4279    86.1250    123.7400   0.0607   16.29      6    Success 
     6       77.6133    48.4442     80.8146   0.0804   16.51      7    Success 
     7       45.2069    55.2520     32.4064   0.0982   21.97      8    Success 
     8       24.3723    23.7030     20.8347   0.0440   46.43      9    Success 
     9       16.5956    18.3983      7.7767   0.0467   49.00     10    Success 
    10       12.6054    13.4220      3.9902   0.0402   63.93     11    Success 
    11        9.3603    12.5024      3.2450   0.0531   63.32     12    Success 
    12        6.9217     8.9455      2.4387   0.0406   63.10     13    Success 
    13        5.7216     6.7000      1.2000   0.0285   65.36     14    Success 
    14        4.9933     5.9582      0.7283   0.0292   67.43     15    Success 
    15        4.5442     5.0048      0.4492   0.0151   65.47     16    Success 
    16        4.0219     4.4168      0.5222   0.0210   67.47     17    Success 
    17        3.3778     5.3251      0.6442   0.0391   71.16     18    Success 
    18        2.8673     6.8426      0.5105   0.0454   74.70     19    Success 
    19        2.5260     4.3789      0.3413   0.0198   77.77     20    Success 
    20        2.2656     5.5658      0.2604   0.0104   40.71     21    Success 
    21        2.0903     4.7800      0.1753   0.0275   80.34     22    Success 
    22        1.9511     2.1118      0.1392   0.0071   69.83     23    Success 
    23        1.8506     1.6525      0.1005   0.0055   48.48     24    Success 
    24        1.7474     1.6756      0.1032   0.0109   60.81     25    Success 
    25        1.7132     2.0043      0.0342   0.0057   66.48     27    Success 
    26        1.6810     0.9931      0.0322   0.0047   72.61     28    Success 
    27        1.6627     0.8337      0.0183   0.0022   52.82     29    Success 
    28        1.6369     0.9687      0.0259   0.0040   52.73     30    Success 
    29        1.6186     1.9480      0.0183   0.0082   68.71     31    Success 
    30        1.5943     0.9253      0.0242   0.0032   70.99     32    Success 
    31        1.5756     0.9293      0.0187   0.0040   68.57     33    Success 
    32        1.5464     1.4276      0.0293   0.0088   75.29     34    Success 
    33        1.4997     1.8987      0.0467   0.0143   80.87     35    Success 
    34        1.4520     3.3630      0.0477   0.0217   82.77     36    Success 
    35        1.3845     2.2977      0.0675   0.0121   82.52     37    Success 
    36        1.3172     1.7453      0.0674   0.0087   70.19     38    Success 
    37        1.2892     2.0616      0.0279   0.0129   82.85     40    Success 
    38        1.2544     1.9030      0.0348   0.0040   67.64     41    Success 
    39        1.2032     1.7884      0.0512   0.0087   77.81     42    Success 
    40        1.1303     1.7944      0.0729   0.0121   74.69     43    Success 
    41        1.0721     2.4389      0.0582   0.0194   76.52     44    Success 
    42        1.0475     2.0670      0.0246   0.0082   75.91     45    Success 
    43        1.0149     1.7139      0.0326   0.0073   79.53     46    Success 
    44        0.9790     1.7318      0.0359   0.0071   75.80     47    Success 
    45        0.9349     1.8027      0.0440   0.0067   74.13     48    Success 
    46        0.8745     2.1303      0.0604   0.0110   75.70     49    Success 
    47        0.8139     2.6267      0.0607   0.0207   81.25     50    Success 
    48        0.7602     2.1655      0.0537   0.0109   76.54     51    Success 
    49        0.6945     1.5173      0.0657   0.0150   81.05     52    Success 
    50        0.6422     2.0357      0.0522   0.0201   79.82     53    Success 
    51        0.5943     1.6688      0.0479   0.0063   70.63     54    Success 
    52        0.5497     1.2297      0.0447   0.0119   79.97     55    Success 
    53        0.5075     1.4746      0.0421   0.0117   73.68     56    Success 
    54        0.4882     2.1173      0.0193   0.0170   82.22     57    Success 
    55        0.4710     1.1518      0.0173   0.0059   80.08     58    Success 
    56        0.4570     0.8087      0.0139   0.0028   63.13     59    Success 
    57        0.4487     0.7779      0.0083   0.0051   82.10     60    Success 
    58        0.4365     0.8500      0.0123   0.0090   82.43     61    Success 
    59        0.4261     1.3346      0.0104   0.0096   80.36     62    Success 
    60        0.4154     0.7781      0.0107   0.0060   83.58     63    Success 
    61        0.4069     0.7151      0.0085   0.0029   71.71     64    Success 
    62        0.3974     0.8852      0.0095   0.0082   82.60     65    Success 
    63        0.3832     0.9004      0.0142   0.0080   81.36     66    Success 
    64        0.3673     1.2447      0.0159   0.0105   80.42     67    Success 
    65        0.3519     0.9604      0.0153   0.0107   83.84     68    Success 
    66        0.3435     1.6845      0.0085   0.0068   75.16     69    Success 
    67        0.3292     1.2045      0.0143   0.0059   84.58     70    Success 
    68        0.3071     1.0333      0.0220   0.0100   82.41     71    Success 
    69        0.2770     1.4528      0.0302   0.0098   76.09     72    Success 
    70        0.2462     1.3970      0.0308   0.0077   77.92     73    Success 
    71        0.2141     2.0384      0.0320   0.0193   82.72     74    Success 
    72        0.1697     1.3571      0.0445   0.0151   83.41     75    Success 
    73        0.1149     1.5314      0.0548   0.0157   78.30     76    Success 
    74        0.0789     1.7863      0.0360   0.0245   84.62     78    Success 
    75        0.0306     1.9390      0.0483   0.0106   77.79     79    Success 
    76       -0.0233     1.4088      0.0539   0.0101   74.10     80    Success 
    77       -0.0508     2.4455      0.0275   0.0242   82.24     81    Success 
    78       -0.0812     1.3944      0.0304   0.0092   82.21     82    Success 
    79       -0.1049     1.2995      0.0238   0.0051   74.97     83    Success 
    80       -0.1419     1.5436      0.0370   0.0121   80.34     84    Success 
    81       -0.1825     2.6352      0.0405   0.0237   83.54     85    Success 
    82       -0.2347     1.7865      0.0523   0.0152   83.55     86    Success 
    83       -0.2847     1.6662      0.0499   0.0113   76.08     87    Success 
    84       -0.3264     2.0749      0.0418   0.0331   84.22     88    Success 
    85       -0.3833     1.5287      0.0569   0.0062   68.97     89    Success 
    86       -0.4429     1.2060      0.0596   0.0144   76.79     90    Success 
    87       -0.4550     3.2499      0.0121   0.0280   81.71     91    Success 
    88       -0.4761     2.5638      0.0211   0.0021   78.79     92    Success 
    89       -0.5088     1.4288      0.0328   0.0020   62.27     93    Success 
    90       -0.5378     0.8917      0.0290   0.0036   59.86     94    Success 
    91       -0.5565     1.4285      0.0187   0.0071   77.49     95    Success 
    92       -0.5867     1.5427      0.0302   0.0114   82.65     96    Success 
    93       -0.6215     2.6345      0.0347   0.0190   83.44     97    Success 
    94       -0.6636     2.1855      0.0422   0.0220   86.18     98    Success 
    95       -0.6953     1.5008      0.0317   0.0076   76.05     99    Success 
    96       -0.7376     1.8831      0.0423   0.0215   83.73    100    Success 
    97       -0.7774     1.9077      0.0398   0.0172   83.11    101    Success 
    98       -0.8140     1.4565      0.0366   0.0086   78.39    102    Success 
    99       -0.8636     1.6014      0.0496   0.0224   83.70    103    Success 
   100       -0.9216     1.7661      0.0580   0.0238   81.69    104    Success 
   101       -0.9556     1.8520      0.0341   0.0239   85.28    106    Success 
   102       -0.9724     2.0456      0.0167   0.0064   71.40    107    Success 
   103       -0.9981     1.4883      0.0257   0.0089   84.16    108    Success 
   104       -1.0323     1.2537      0.0342   0.0114   80.31    109    Success 
   105       -1.0577     1.2569      0.0255   0.0060   74.74    110    Success 
   106       -1.0838     1.4983      0.0261   0.0088   76.58    111    Success 
   107       -1.0966     1.5332      0.0128   0.0104   80.28    112    Success 
   108       -1.1091     0.5958      0.0125   0.0027   75.28    113    Success 
   109       -1.1161     0.7472      0.0070   0.0066   80.82    114    Success 
   110       -1.1247     0.7155      0.0086   0.0035   73.40    115    Success 
   111       -1.1360     0.9001      0.0113   0.0116   83.43    116    Success 
   112       -1.1498     0.8403      0.0138   0.0133   83.97    117    Success 
   113       -1.1649     0.7814      0.0150   0.0079   79.97    118    Success 
   114       -1.1853     0.8923      0.0205   0.0142   81.80    119    Success 
   115       -1.2048     1.6732      0.0195   0.0222   83.42    120    Success 
   116       -1.2295     1.1762      0.0247   0.0061   77.65    121    Success 
   117       -1.2509     1.6098      0.0214   0.0285   85.30    122    Success 
   118       -1.2743     0.9986      0.0234   0.0032   64.60    123    Success 
   119       -1.2914     0.9021      0.0171   0.0127   83.85    124    Success 
   120       -1.3134     1.1515      0.0220   0.0157   83.37    125    Success 
   121       -1.3469     1.6164      0.0335   0.0133   80.82    126    Success 
   122       -1.3879     2.4109      0.0410   0.0213   83.81    127    Success 
   123       -1.4126     2.3276      0.0247   0.0110   80.12    128    Success 
   124       -1.4449     1.5869      0.0322   0.0111   83.91    129    Success 
   125       -1.4675     1.4504      0.0227   0.0052   71.15    130    Success 
   126       -1.4895     1.5030      0.0220   0.0073   80.84    131    Success 
   127       -1.5211     1.6327      0.0316   0.0073   77.26    132    Success 
   128       -1.5609     1.9986      0.0397   0.0144   82.20    133    Success 
   129       -1.5903     1.9032      0.0294   0.0091   75.90    134    Success 
   130       -1.6202     1.7063      0.0299   0.0141   82.99    135    Success 
   131       -1.6360     1.2880      0.0158   0.0033   73.41    136    Success 
   132       -1.6528     1.1410      0.0168   0.0053   77.77    137    Success 
   133       -1.6721     1.1410      0.0193   0.0098   82.06    138    Success 
   134       -1.6930     1.2482      0.0209   0.0122   81.10    139    Success 
   135       -1.7060     2.0435      0.0129   0.0165   83.65    140    Success 
   136       -1.7185     1.1677      0.0125   0.0033   77.61    141    Success 
   137       -1.7306     0.9949      0.0121   0.0044   77.95    142    Success 
   138       -1.7437     1.0099      0.0131   0.0062   80.98    143    Success 
   139       -1.7622     1.3971      0.0185   0.0146   84.31    144    Success 
   140       -1.7859     1.6472      0.0237   0.0158   84.67    145    Success 
   141       -1.8144     1.3441      0.0285   0.0175   84.76    146    Success 
   142       -1.8382     1.4307      0.0238   0.0206   85.29    147    Success 
   143       -1.8521     1.5194      0.0139   0.0060   72.08    148    Success 
   144       -1.8714     0.8764      0.0194   0.0114   84.89    149    Success 
   145       -1.8845     1.1099      0.0131   0.0096   82.27    150    Success 
   146       -1.8967     0.8850      0.0122   0.0034   75.22    151    Success 
   147       -1.9118     1.0738      0.0150   0.0110   82.37    152    Success 
   148       -1.9185     1.7978      0.0067   0.0118   82.45    153    Success 
   149       -1.9281     0.9544      0.0096   0.0019   77.59    154    Success 
   150       -1.9351     0.9255      0.0070   0.0079   83.07    155    Success 
   151       -1.9410     0.6304      0.0059   0.0023   77.02    156    Success 
   152       -1.9501     0.5137      0.0091   0.0045   77.09    157    Success 
   153       -1.9632     0.5455      0.0131   0.0114   80.07    158    Success 
   154       -1.9735     0.8074      0.0103   0.0115   80.25    159    Success 
   155       -1.9803     1.1006      0.0068   0.0083   80.21    160    Success 
   156       -1.9876     0.6037      0.0074   0.0047   81.61    161    Success 
   157       -1.9927     0.6167      0.0051   0.0045   77.32    162    Success 
   158       -1.9963     0.4539      0.0036   0.0014   72.84    163    Success 
   159       -2.0018     0.4111      0.0054   0.0032   73.87    164    Success 
   160       -2.0089     0.6638      0.0071   0.0058   75.41    165    Success 
   161       -2.0147     0.8743      0.0058   0.0056   77.94    166    Success 
   162       -2.0202     0.4184      0.0055   0.0018   73.24    167    Success 
   163       -2.0236     0.3341      0.0034   0.0015   62.35    168    Success 
   164       -2.0258     0.3745      0.0023   0.0012   64.81    169    Success 
   165       -2.0291     0.4057      0.0032   0.0020   70.66    170    Success 
   166       -2.0338     0.4388      0.0047   0.0033   74.58    171    Success 
   167       -2.0404     0.5443      0.0066   0.0045   74.59    172    Success 
   168       -2.0476     0.7883      0.0072   0.0080   80.37    173    Success 
   169       -2.0536     0.9515      0.0060   0.0066   81.15    174    Success 
   170       -2.0613     0.5999      0.0077   0.0050   82.01    175    Success 
   171       -2.0679     0.5295      0.0066   0.0029   73.29    176    Success 
   172       -2.0763     0.6357      0.0084   0.0047   73.74    177    Success 
   173       -2.0841     1.0814      0.0078   0.0086   80.24    178    Success 
   174       -2.0939     0.7609      0.0097   0.0062   84.03    179    Success 
   175       -2.1068     0.6910      0.0129   0.0094   81.31    180    Success 
   176       -2.1150     1.1221      0.0082   0.0141   84.27    181    Success 
   177       -2.1263     0.7650      0.0113   0.0052   81.02    182    Success 
   178       -2.1384     0.5748      0.0121   0.0067   79.28    183    Success 
   179       -2.1454     1.0889      0.0070   0.0105   79.79    184    Success 
   180       -2.1523     0.6037      0.0069   0.0033   79.33    185    Success 
   181       -2.1564     0.4765      0.0041   0.0019   75.34    186    Success 
   182       -2.1618     0.4269      0.0054   0.0062   81.25    187    Success 
   183       -2.1639     0.8335      0.0021   0.0059   80.16    188    Success 
   184       -2.1668     0.3880      0.0029   0.0022   82.58    189    Success 
   185       -2.1687     0.2736      0.0019   0.0033   82.98    190    Success 
   186       -2.1705     0.4589      0.0018   0.0013   64.53    191    Success 
   187       -2.1727     0.4236      0.0022   0.0061   85.92    192    Success 
   188       -2.1757     0.4376      0.0030   0.0023   75.67    193    Success 
   189       -2.1790     0.3663      0.0033   0.0032   75.98    194    Success 
   190       -2.1810     0.3050      0.0020   0.0016   73.41    195    Success 
   191       -2.1829     0.2774      0.0018   0.0013   65.68    196    Success 
   192       -2.1839     0.3771      0.0010   0.0025   76.61    197    Success 
   193       -2.1847     0.1765      0.0009   0.0007   74.72    198    Success 
   194       -2.1853     0.1762      0.0006   0.0008   73.08    199    Success 
   195       -2.1860     0.2146      0.0007   0.0013   76.37    200    Success 
   196       -2.1872     0.2339      0.0012   0.0016   76.17    201    Success 
   197       -2.1880     0.3988      0.0008   0.0030   79.56    202    Success 
   198       -2.1890     0.1530      0.0010   0.0012   78.98    203    Success 
   199       -2.1895     0.1475      0.0005   0.0007   70.18    204    Success 
   200       -2.1900     0.1890      0.0005   0.0007   66.47    205    Success 
   201       -2.1908     0.2497      0.0008   0.0015   77.92    206    Success 
   202       -2.1918     0.2169      0.0010   0.0027   82.68    207    Success 
   203       -2.1926     0.2621      0.0008   0.0028   80.98    208    Success 
   204       -2.1932     0.1448      0.0005   0.0011   78.37    209    Success 
   205       -2.1934     0.0987      0.0002   0.0002   57.05    210   SmallGrad

 LBFGS  --  Normal Termination due to SmallGrad

 Final Function Value :           -2.19339178
 Final RMS Gradient :              0.09867896
 Final Gradient Norm :             0.41865936
