
     ######################################################################
   ##########################################################################
  ###                                                                      ###
 ###            Tinker  ---  Software Tools for Molecular Design            ###
 ##                                                                          ##
 ##                      Version 8.9.4   September 2021                      ##
 ##                                                                          ##
 ##               Copyright (c)  Jay William Ponder  1990-2021               ##
 ###                           All Rights Reserved                          ###
  ###                                                                      ###
   ##########################################################################
     ######################################################################


 Additional Atom Definition Parameters :

     Type  Class  Symbol  Description               Atomic    Mass   Valence

      405   405     C     34_Index_0                   6     12.011     3
      401   401     C     34_Index_0                   6     12.011     3
      402   402     C     34_Index_0                   6     12.011     3
      403   403     C     34_Index_0                   6     12.011     3
      404   404     C     34_Index_0                   6     12.011     3
      406   406     O     34_Index_0                   8     15.999     2
      408   408     O     34_Index_0                   8     15.999     1
      407   407     H     34_Index_0                   1      1.008     1
      409   409     H     34_Index_0                   1      1.008     1
      410   410     H     34_Index_0                   1      1.008     1
      411   411     H     34_Index_0                   1      1.008     1

 Additional Bond Stretching Parameters :

     Atom Classes             K(S)         Length

       406 405             285.608         1.3600
       408 405             666.175         1.2200
       401 405             287.793         1.4463
       404 401             379.094         1.4000
       403 402             379.094         1.4000
       404 402             379.094         1.3900
       409 402             368.093         1.0900
       402 403             379.094         1.4000
       410 403             368.093         1.0900
       407 404             368.093         1.0900
       411 406             487.849         0.9800

 Additional Angle Bending Parameters :

     Atom Classes             K(B)          Angle

     411 406 405            45.149        106.555
     404 401 405            66.632        117.869
     402 404 401            74.631        119.590
     407 404 401            36.770        119.390
     406 405 401            77.303        110.597
     408 405 401            64.148        125.090
     402 403 402            74.631        119.980
     410 403 402            36.770        120.010
     407 404 402            36.770        121.030
     404 402 403            74.631        120.220
     409 402 403            36.770        120.010
     409 402 404            36.770        119.760
     404 401 404            74.631        120.400
     408 405 406            71.920        123.915

 Additional Stretch-Bend Parameters :

     Atom Classes          K(SB)-1        K(SB)-2

     411 406 405            31.076         31.076
     404 401 405            20.453         20.453
     402 404 401            20.453         20.453
     407 404 401            20.453         20.453
     406 405 401            17.707        -17.707
     408 405 401            17.707        -17.707
     402 403 402            20.453         20.453
     410 403 402            20.453         20.453
     407 404 402            20.453         20.453
     404 402 403            20.453         20.453
     409 402 403            20.453         20.453
     409 402 404            20.453         20.453
     404 401 404            20.453         20.453
     408 405 406            17.707        -17.707

 Additional Out-of-Plane Bend Parameters :

     Atom Classes                   K(OPB)

     406 405   0   0               116.142
     408 405   0   0               117.707
     401 405   0   0                73.907
     405 401   0   0                73.907
     404 401   0   0                84.886
     401 404   0   0                84.886
     403 402   0   0                84.886
     402 403   0   0                84.886
     404 402   0   0                84.886
     402 404   0   0                84.886
     409 402   0   0                72.814
     410 403   0   0                72.814
     407 404   0   0                72.814

 Additional Torsional Parameters :

     Atom Classes     1-Fold    2-Fold    3-Fold    4-Fold    5-Fold    6-Fold

   402 404 401 405   0.00   0  0.00 180  0.30   0  0.00   0  0.00   0  0.00   0
   407 404 401 405   0.00   0  0.00 180  0.30   0  0.00   0  0.00   0  0.00   0
   403 402 404 401   0.00   0  0.00 180  0.30   0  0.00   0  0.00   0  0.00   0
   411 406 405 401   0.00   0  0.00 180  0.30   0  0.00   0  0.00   0  0.00   0
   404 402 403 402   0.00   0  0.00 180  0.30   0  0.00   0  0.00   0  0.00   0
   409 402 403 402   0.00   0  0.00 180  0.30   0  0.00   0  0.00   0  0.00   0
   404 401 404 402   0.00   0  0.00 180  0.30   0  0.00   0  0.00   0  0.00   0
   407 404 402 403   0.00   0  0.00 180  0.30   0  0.00   0  0.00   0  0.00   0
   402 403 402 404   0.00   0  0.00 180  0.30   0  0.00   0  0.00   0  0.00   0
   410 403 402 404   0.00   0  0.00 180  0.30   0  0.00   0  0.00   0  0.00   0
   402 404 401 404   0.00   0  0.00 180  0.30   0  0.00   0  0.00   0  0.00   0
   407 404 401 404   0.00   0  0.00 180  0.30   0  0.00   0  0.00   0  0.00   0
   406 405 401 404   0.00   0  0.00 180  0.30   0  0.00   0  0.00   0  0.00   0
   408 405 401 404   0.00   0  0.00 180  0.30   0  0.00   0  0.00   0  0.00   0
   409 402 404 407   0.00   0  0.00 180  0.30   0  0.00   0  0.00   0  0.00   0
   411 406 405 408  -1.20   0  5.39 180  0.40   0  0.00   0  0.00   0  0.00   0
   409 402 404 401   0.55   0 11.38 180 -0.55   0  0.00   0  0.00   0  0.00   0
   410 403 402 409   0.00   0 10.92 180  0.00   0  0.00   0  0.00   0  0.00   0
   407 404 402 409   0.00   0 10.92 180  0.00   0  0.00   0  0.00   0  0.00   0

 Additional Atomic Multipole Parameters :

     Atom Type     Coordinate Frame Definition         Multipole Moments

         405      408    406      0   Z-then-X     1.02073
                                                   0.13510  0.00000 -0.01093
                                                   0.08672
                                                   0.00000 -0.46922
                                                  -0.86658  0.00000  0.38250

         401      404    404      0   Bisector     0.00534
                                                   0.00000  0.00000  0.42598
                                                  -0.74266
                                                   0.00000 -0.48064
                                                   0.00000  0.00000  1.22330

         402      409    404      0   Z-then-X    -0.02482
                                                  -0.01472  0.00000  0.06272
                                                   0.20580
                                                   0.00000 -0.14037
                                                   0.02742  0.00000 -0.06543

         403      402    402      0   Bisector     0.01736
                                                   0.00000  0.00000  0.09548
                                                   0.09677
                                                   0.00000 -0.22974
                                                   0.00000  0.00000  0.13297

         404      407    402      0   Z-then-X    -0.04661
                                                  -0.18240  0.00000  0.09049
                                                   0.29830
                                                   0.00000 -0.05492
                                                  -0.13956  0.00000 -0.24338

         406      411    405      0   Z-then-X    -0.52893
                                                  -0.00638  0.00000  0.28028
                                                   0.00872
                                                   0.00000 -0.42886
                                                  -0.09201  0.00000  0.42014

         408      405    406      0   Z-then-X    -0.70401
                                                   0.12192  0.00000 -0.16906
                                                  -0.57481
                                                   0.00000  0.30443
                                                   0.13728  0.00000  0.27038

         407      404    402      0   Z-then-X     0.02772
                                                   0.00747  0.00000 -0.16816
                                                   0.10857
                                                   0.00000 -0.00851
                                                   0.01722  0.00000 -0.10006

         409      402    404      0   Z-then-X     0.01093
                                                  -0.00168  0.00000 -0.16046
                                                   0.12170
                                                   0.00000 -0.01706
                                                  -0.00819  0.00000 -0.10464

         410      403      0      0   Z-Only       0.00808
                                                   0.00000  0.00000 -0.15269
                                                   0.02569
                                                   0.00000  0.02569
                                                   0.00000  0.00000 -0.05138

         411      406    405      0   Z-then-X     0.24699
                                                  -0.00898  0.00000 -0.11437
                                                   0.04285
                                                   0.00000 -0.08364
                                                  -0.00721  0.00000  0.04079

 Additional Atomic Dipole Polarizability Parameters :

     Atom Type           Alpha       Thole     Group Atom Types

         405             2.064       0.390         406  408
         401             2.064       0.390         404
         402             2.064       0.390         403  404  409
         403             2.064       0.390         402  410
         404             2.064       0.390         401  402  407
         406             0.832       0.390         405  411
         408             0.914       0.390         405
         407             0.432       0.390         404
         409             0.432       0.390         402
         410             0.432       0.390         403
         411             0.457       0.390         406

 Additional van der Waals Parameters :

     Atom Class               Size        Epsilon        Reduction

         403                3.8200         0.1010          0.000
         408                3.3000         0.1120          0.000
         406                3.4050         0.1100          0.000
         411                2.6550         0.0150          0.910
         405                3.7800         0.1060          0.000
         404                3.8200         0.1010          0.000
         407                2.9100         0.0330          0.900
         401                3.8000         0.0910          0.000
         402                3.8000         0.0910          0.000
         409                2.9800         0.0260          0.920
         410                2.9800         0.0260          0.920

 Additional Solvation Parameters :

     Atom Type                PB Size     CS Size     GK Size

         411             2.5740      2.7580      2.9054
         407             2.5740      2.7580      2.9054
         409             2.5740      2.7580      2.9054
         410             2.5740      2.7580      2.9054
         404             3.8585      3.7660      3.8448
         405             2.9301      4.5060      4.2118
         401             3.6909      3.7660      4.4258
         402             3.8286      3.8930      4.5084
         403             3.8286      3.8930      4.5084
         408             2.9835      3.3560      2.9616
         406             3.3991      2.8190      2.9337

 Limited Memory BFGS Quasi-Newton Optimization :

 QN Iter     F Value      G RMS      F Move   X Move   Angle  FG Call  Comment

     0       32.4129    31.3972                                   1
     1       25.2972    28.6354      7.1157   0.0257    0.00      3    Success 
     2       20.3355    16.9506      4.9617   0.0163   41.57      4    Success 
     3       14.0265    13.0791      6.3090   0.0396   37.08      5    Success 
     4        9.6006    14.8824      4.4259   0.0424   47.83      6    Success 
     5        6.4624    19.4927      3.1383   0.0644   62.49      7    Success 
     6        4.7539     8.3725      1.7084   0.0175   61.89      8    Success 
     7        4.1917     5.3005      0.5622   0.0128   64.26      9    Success 
     8        3.7492     5.9279      0.4425   0.0176   69.88     10    Success 
     9        3.1021     5.9156      0.6470   0.0280   72.76     11    Success 
    10        2.6939     9.2006      0.4082   0.0443   74.08     12    Success 
    11        2.3088     3.3683      0.3851   0.0075   59.16     13    Success 
    12        2.1612     3.2771      0.1476   0.0041   43.59     14    Success 
    13        1.9205     4.0941      0.2407   0.0085   54.01     15    Success 
    14        1.5486     5.3304      0.3719   0.0164   66.56     16    Success 
    15        1.3103     9.8867      0.2383   0.0299   74.95     17    Success 
    16        0.9703     5.8352      0.3400   0.0094   73.46     18    Success 
    17        0.7452     2.2809      0.2251   0.0091   63.68     19    Success 
    18        0.6778     3.1229      0.0674   0.0197   77.90     20    Success 
    19        0.6134     1.4280      0.0644   0.0025   51.39     21    Success 
    20        0.5636     1.3892      0.0498   0.0066   64.12     22    Success 
    21        0.5285     1.4036      0.0352   0.0055   70.51     23    Success 
    22        0.4837     1.6338      0.0447   0.0069   66.15     24    Success 
    23        0.4582     1.2719      0.0256   0.0113   77.12     25    Success 
    24        0.4395     0.7904      0.0187   0.0037   70.29     26    Success 
    25        0.4247     0.9044      0.0147   0.0034   64.95     27    Success 
    26        0.4045     1.2398      0.0202   0.0055   72.24     28    Success 
    27        0.3758     1.6976      0.0287   0.0071   75.10     29    Success 
    28        0.3340     1.6250      0.0419   0.0102   79.39     30    Success 
    29        0.2841     2.0426      0.0499   0.0157   79.50     31    Success 
    30        0.2370     1.9037      0.0471   0.0151   80.78     32    Success 
    31        0.1881     1.5071      0.0489   0.0082   76.67     33    Success 
    32        0.1238     1.4574      0.0643   0.0191   79.11     34    Success 
    33        0.0702     2.7146      0.0535   0.0190   76.80     35    Success 
    34        0.0254     2.1045      0.0448   0.0234   85.00     36    Success 
    35       -0.0002     2.1977      0.0255   0.0074   73.62     37    Success 
    36       -0.0305     1.2233      0.0304   0.0044   74.12     38    Success 
    37       -0.0523     1.0866      0.0218   0.0046   73.89     39    Success 
    38       -0.0830     1.2769      0.0307   0.0070   71.46     40    Success 
    39       -0.1153     2.2070      0.0323   0.0083   71.67     41    Success 
    40       -0.1595     1.8862      0.0442   0.0130   82.81     42    Success 
    41       -0.2229     1.6650      0.0634   0.0096   74.28     43    Success 
    42       -0.2958     2.7521      0.0728   0.0238   79.74     44    Success 
    43       -0.3782     1.9507      0.0825   0.0110   74.49     45    Success 
    44       -0.4463     2.4815      0.0681   0.0231   82.36     46    Success 
    45       -0.5127     2.3414      0.0664   0.0136   77.06     47    Success 
    46       -0.5458     2.5116      0.0331   0.0116   81.35     48    Success 
    47       -0.5886     1.6165      0.0429   0.0064   76.81     49    Success 
    48       -0.6271     2.0025      0.0385   0.0157   82.12     50    Success 
    49       -0.6564     2.1729      0.0293   0.0082   74.85     51    Success 
    50       -0.6999     1.8947      0.0435   0.0173   85.05     52    Success 
    51       -0.7458     2.3828      0.0459   0.0202   83.14     53    Success 
    52       -0.7986     1.9266      0.0528   0.0036   56.42     54    Success 
    53       -0.8640     2.2032      0.0654   0.0172   81.07     55    Success 
    54       -0.9461     2.5650      0.0821   0.0245   82.26     56    Success 
    55       -1.0200     2.0927      0.0739   0.0187   79.06     57    Success 
    56       -1.0623     1.7734      0.0423   0.0103   80.21     58    Success 
    57       -1.0880     2.1885      0.0257   0.0050   62.38     59    Success 
    58       -1.1229     1.9784      0.0349   0.0114   83.45     60    Success 
    59       -1.1628     2.0150      0.0400   0.0098   78.99     61    Success 
    60       -1.1972     1.8728      0.0344   0.0080   78.96     62    Success 
    61       -1.2405     1.4394      0.0432   0.0106   79.98     63    Success 
    62       -1.2798     2.0247      0.0393   0.0279   83.13     64    Success 
    63       -1.2994     1.6319      0.0196   0.0060   69.07     65    Success 
    64       -1.3189     0.7848      0.0195   0.0051   76.26     66    Success 
    65       -1.3247     0.6264      0.0058   0.0035   80.63     67    Success 
    66       -1.3329     0.6410      0.0082   0.0038   74.33     68    Success 
    67       -1.3399     0.7403      0.0070   0.0044   75.39     69    Success 
    68       -1.3454     0.6109      0.0055   0.0042   77.97     70    Success 
    69       -1.3497     0.4198      0.0043   0.0017   73.73     71    Success 
    70       -1.3559     0.3655      0.0062   0.0033   70.16     72    Success 
    71       -1.3606     0.8092      0.0047   0.0069   77.42     73    Success 
    72       -1.3650     0.5093      0.0044   0.0032   81.10     74    Success 
    73       -1.3686     0.4088      0.0036   0.0026   79.29     75    Success 
    74       -1.3738     0.4913      0.0053   0.0043   76.95     76    Success 
    75       -1.3807     0.7739      0.0069   0.0076   81.04     77    Success 
    76       -1.3884     0.7146      0.0077   0.0084   83.81     78    Success 
    77       -1.3957     0.5571      0.0073   0.0073   82.93     79    Success 
    78       -1.4018     0.4833      0.0061   0.0046   76.90     80    Success 
    79       -1.4071     0.5968      0.0052   0.0065   82.32     81    Success 
    80       -1.4144     0.5786      0.0074   0.0063   81.06     82    Success 
    81       -1.4210     0.7940      0.0065   0.0124   83.42     83    Success 
    82       -1.4247     0.4726      0.0037   0.0044   82.55     84    Success 
    83       -1.4262     0.2717      0.0015   0.0015   79.06     85    Success 
    84       -1.4278     0.2975      0.0016   0.0039   82.49     86    Success 
    85       -1.4301     0.3308      0.0023   0.0039   81.20     87    Success 
    86       -1.4335     0.3942      0.0034   0.0080   84.44     88    Success 
    87       -1.4373     0.5882      0.0037   0.0117   85.27     89    Success 
    88       -1.4408     0.3721      0.0035   0.0050   83.63     90    Success 
    89       -1.4433     0.3351      0.0025   0.0070   85.79     91    Success 
    90       -1.4468     0.4550      0.0035   0.0062   82.26     92    Success 
    91       -1.4505     0.4894      0.0037   0.0121   85.96     93    Success 
    92       -1.4534     0.3921      0.0029   0.0026   77.11     94    Success 
    93       -1.4553     0.4774      0.0020   0.0081   85.72     95    Success 
    94       -1.4571     0.3218      0.0018   0.0023   81.20     96    Success 
    95       -1.4588     0.2991      0.0017   0.0030   82.31     97    Success 
    96       -1.4611     0.2802      0.0023   0.0051   82.93     98    Success 
    97       -1.4624     0.3752      0.0013   0.0048   82.88     99    Success 
    98       -1.4635     0.1952      0.0011   0.0019   81.21    100    Success 
    99       -1.4639     0.1506      0.0005   0.0006   72.13    101    Success 
   100       -1.4646     0.1458      0.0006   0.0007   61.24    102    Success 
   101       -1.4651     0.3048      0.0006   0.0022   77.95    103    Success 
   102       -1.4659     0.2071      0.0008   0.0017   83.72    104    Success 
   103       -1.4670     0.1838      0.0011   0.0038   83.60    105    Success 
   104       -1.4681     0.2583      0.0011   0.0043   83.97    106    Success 
   105       -1.4695     0.3084      0.0014   0.0054   85.12    107    Success 
   106       -1.4714     0.2939      0.0020   0.0048   84.06    108    Success 
   107       -1.4732     0.4155      0.0018   0.0104   85.94    109    Success 
   108       -1.4753     0.2847      0.0021   0.0034   81.91    110    Success 
   109       -1.4767     0.4686      0.0014   0.0053   83.17    111    Success 
   110       -1.4784     0.2870      0.0016   0.0010   75.70    112    Success 
   111       -1.4806     0.2519      0.0022   0.0069   84.90    113    Success 
   112       -1.4829     0.3858      0.0023   0.0103   85.95    114    Success 
   113       -1.4851     0.4052      0.0022   0.0149   87.48    115    Success 
   114       -1.4871     0.3134      0.0020   0.0040   83.33    116    Success 
   115       -1.4884     0.3596      0.0013   0.0083   86.56    117    Success 
   116       -1.4898     0.2889      0.0014   0.0017   79.96    118    Success 
   117       -1.4918     0.3263      0.0020   0.0025   77.48    119    Success 
   118       -1.4941     0.4087      0.0023   0.0036   78.99    120    Success 
   119       -1.4973     0.4639      0.0031   0.0086   86.02    121    Success 
   120       -1.5021     0.4714      0.0048   0.0109   86.02    122    Success 
   121       -1.5080     0.7137      0.0059   0.0160   85.96    123    Success 
   122       -1.5146     0.6279      0.0065   0.0115   85.54    124    Success 
   123       -1.5212     0.6198      0.0066   0.0163   87.26    125    Success 
   124       -1.5314     0.6714      0.0102   0.0154   85.58    126    Success 
   125       -1.5449     1.2271      0.0135   0.0351   87.24    127    Success 
   126       -1.5639     1.3513      0.0190   0.0210   86.65    128    Success 
   127       -1.5857     2.1337      0.0218   0.0440   87.96    129    Success 
   128       -1.6176     1.4657      0.0319   0.0122   84.67    130    Success 
   129       -1.6478     2.5936      0.0302   0.0371   86.26    131    Success 
   130       -1.6845     1.4564      0.0368   0.0044   73.05    132    Success 
   131       -1.7093     1.4586      0.0247   0.0220   86.17    133    Success 
   132       -1.7324     1.2766      0.0231   0.0146   84.11    134    Success 
   133       -1.7449     2.4150      0.0125   0.0330   86.50    135    Success 
   134       -1.7639     1.6408      0.0189   0.0032   79.65    136    Success 
   135       -1.7882     0.8148      0.0243   0.0053   76.01    137    Success 
   136       -1.8059     0.8818      0.0177   0.0140   83.57    138    Success 
   137       -1.8323     1.2833      0.0264   0.0230   84.42    139    Success 
   138       -1.8678     1.4270      0.0355   0.0266   85.08    140    Success 
   139       -1.9022     1.9656      0.0344   0.0227   83.01    141    Success 
   140       -1.9261     2.0664      0.0239   0.0382   87.08    142    Success 
   141       -1.9540     1.5919      0.0280   0.0060   77.72    143    Success 
   142       -1.9798     0.9415      0.0258   0.0046   72.41    144    Success 
   143       -2.0039     0.9666      0.0241   0.0149   81.45    145    Success 
   144       -2.0178     1.3245      0.0139   0.0244   84.12    146    Success 
   145       -2.0294     0.4785      0.0116   0.0045   79.08    147    Success 
   146       -2.0329     0.4108      0.0035   0.0016   69.50    148    Success 
   147       -2.0381     0.4565      0.0051   0.0026   68.28    149    Success 
   148       -2.0437     0.6305      0.0057   0.0034   68.48    150    Success 
   149       -2.0488     0.4743      0.0051   0.0035   77.53    151    Success 
   150       -2.0530     0.4244      0.0041   0.0036   79.33    152    Success 
   151       -2.0589     0.5324      0.0059   0.0048   77.03    153    Success 
   152       -2.0651     0.6085      0.0063   0.0078   80.96    154    Success 
   153       -2.0716     0.5213      0.0065   0.0071   82.21    155    Success 
   154       -2.0774     0.4920      0.0057   0.0048   78.99    156    Success 
   155       -2.0829     0.4075      0.0055   0.0061   79.92    157    Success 
   156       -2.0887     0.6034      0.0058   0.0043   75.35    158    Success 
   157       -2.0974     0.7096      0.0087   0.0062   80.09    159    Success 
   158       -2.1078     0.9064      0.0104   0.0080   80.19    160    Success 
   159       -2.1125     1.3615      0.0047   0.0122   83.99    161    Success 
   160       -2.1195     0.6735      0.0070   0.0017   76.80    162    Success 
   161       -2.1239     0.3248      0.0044   0.0028   77.93    163    Success 
   162       -2.1260     0.3402      0.0021   0.0032   81.65    164    Success 
   163       -2.1290     0.3801      0.0031   0.0066   84.10    165    Success 
   164       -2.1320     0.6408      0.0030   0.0071   82.77    166    Success 
   165       -2.1354     0.3682      0.0034   0.0054   85.58    167    Success 
   166       -2.1379     0.2619      0.0025   0.0034   80.45    168    Success 
   167       -2.1397     0.3809      0.0018   0.0023   73.04    169    Success 
   168       -2.1417     0.2970      0.0020   0.0023   78.53    170    Success 
   169       -2.1439     0.2541      0.0021   0.0020   75.71    171    Success 
   170       -2.1464     0.4323      0.0025   0.0048   78.73    172    Success 
   171       -2.1482     0.3815      0.0018   0.0047   82.18    173    Success 
   172       -2.1493     0.2182      0.0011   0.0015   80.27    174    Success 
   173       -2.1503     0.1918      0.0010   0.0018   79.09    175    Success 
   174       -2.1513     0.2201      0.0010   0.0029   81.76    176    Success 
   175       -2.1516     0.4311      0.0003   0.0033   81.53    177    Success 
   176       -2.1522     0.2640      0.0005   0.0002   68.67    178    Success 
   177       -2.1527     0.0921      0.0005   0.0006   72.15    179   SmallGrad

 LBFGS  --  Normal Termination due to SmallGrad

 Final Function Value :           -2.15265683
 Final RMS Gradient :              0.09209434
 Final Gradient Norm :             0.39072320
