
     ######################################################################
   ##########################################################################
  ###                                                                      ###
 ###            Tinker  ---  Software Tools for Molecular Design            ###
 ##                                                                          ##
 ##                      Version 8.10.5   February 2023                      ##
 ##                                                                          ##
 ##               Copyright (c)  Jay William Ponder  1990-2023               ##
 ###                           All Rights Reserved                          ###
  ###                                                                      ###
   ##########################################################################
     ######################################################################


 Additional Atom Definition Parameters :

     Type  Class  Symbol  Description               Atomic    Mass   Valence

      401   401     C     4_27_Index_0                 6     12.011     4
      402   402     N     4_27_Index_0                 7     14.007     3
      403   403     C     4_27_Index_0                 6     12.011     4
      404   404     C     4_27_Index_0                 6     12.011     3
      406   406     H     4_27_Index_0                 1      1.008     1
      405   405     O     4_27_Index_0                 8     15.999     1
      407   407     H     4_27_Index_0                 1      1.008     1
      408   408     H     4_27_Index_0                 1      1.008     1

 Additional Bond Stretching Parameters :

     Atom Classes             K(S)         Length

       404 405             643.527         1.2200
       407 401             345.979         1.1000
       402 401             283.795         1.4600
       403 402             216.461         1.3894
       401 402             283.795         1.4600
       406 403             340.533         1.1100
       404 403             229.647         1.5100
       408 404             326.595         1.1100

 Additional Angle Bending Parameters :

     Atom Classes             K(B)          Angle

     402 403 404            77.347        114.830
     403 402 401            96.848        106.547
     401 402 403            96.848        106.348
     401 402 401           102.978        107.689
     406 403 402            57.278        109.368
     407 401 402            53.319        109.222
     406 403 404            47.157        108.821
     406 403 406            30.491        105.450
     407 401 407            36.407        110.351

 Additional In-Plane Angle Bending Parameters :

     Atom Classes             K(B)          Angle

     405 404 403            53.635        126.040
     408 404 405            52.573        120.560
     408 404 403            36.781        113.390

 Additional Stretch-Bend Parameters :

     Atom Classes          K(SB)-1        K(SB)-2

     402 403 404            20.453         20.453
     403 402 401            22.688         22.688
     401 402 403            22.688         22.688
     405 404 403             7.629          7.629
     408 404 405             7.629          7.629
     401 402 401            22.688         22.688
     406 403 402             5.713          5.713
     407 401 402             5.713          5.713
     408 404 403             7.629          7.629
     406 403 404             5.713          5.713
     406 403 406             5.713          5.713
     407 401 407             5.713          5.713

 Additional Torsional Parameters :

     Atom Classes     1-Fold    2-Fold    3-Fold    4-Fold    5-Fold    6-Fold

   404 403 402 401   0.00   0  0.00 180  0.00   0  0.00   0  0.00   0  0.00   0
   405 404 403 402   0.00   0  0.00 180  0.30   0  0.00   0  0.00   0  0.00   0
   408 404 403 402   0.00   0  0.00 180  0.11   0  0.00   0  0.00   0  0.00   0
   401 402 403 404   0.00   0  0.00 180  0.00   0  0.00   0  0.00   0  0.00   0
   407 401 402 401   0.07   0 -0.01 180  0.56   0  0.00   0  0.00   0  0.00   0
   407 401 402 403   0.07   0 -0.01 180  0.56   0  0.00   0  0.00   0  0.00   0
   406 403 404 405   0.00   0  0.00 180  0.11   0  0.00   0  0.00   0  0.00   0
   406 403 404 408   0.00   0  0.00 180  0.30   0  0.00   0  0.00   0  0.00   0
   406 403 402 401  -1.70   0  1.79 180 -0.68   0  0.00   0  0.00   0  0.00   0

 Additional Atomic Multipole Parameters :

     Atom Type     Coordinate Frame Definition         Multipole Moments

         401      402    403      0   Z-then-X    -0.01200
                                                  -0.00100  0.00000  0.26627
                                                  -0.22704
                                                   0.00000 -0.36561
                                                  -0.05066  0.00000  0.59265

         402      401    401      0   Bisector    -0.13599
                                                   0.00000  0.00000 -0.12205
                                                   0.42759
                                                   0.00000 -0.43011
                                                   0.00000  0.00000  0.00252

         403      402    404      0   Z-then-X    -0.14358
                                                   0.17122  0.00000  0.03052
                                                  -0.25429
                                                   0.00000 -0.25039
                                                  -0.12445  0.00000  0.50468

         404      405    403      0   Z-then-X     0.63173
                                                   0.24091  0.00000  0.26954
                                                  -0.15447
                                                   0.00000  0.05359
                                                  -0.08503  0.00000  0.10088

         406      403    402      0   Z-then-X     0.02887
                                                  -0.10340  0.00000 -0.22336
                                                  -0.03729
                                                   0.00000  0.25391
                                                  -0.24461  0.00000 -0.21662

         405      404    403      0   Z-then-X    -0.53308
                                                  -0.27251  0.00000 -0.09944
                                                  -0.61272
                                                   0.00000  0.27107
                                                  -0.43671  0.00000  0.34165

         407      401    402      0   Z-then-X     0.02577
                                                  -0.06373  0.00000 -0.26573
                                                   0.01865
                                                   0.00000  0.23686
                                                  -0.23349  0.00000 -0.25551

         408      404    405      0   Z-then-X    -0.00744
                                                   0.01583  0.00000 -0.17656
                                                   0.04637
                                                   0.00000  0.04407
                                                  -0.02263  0.00000 -0.09044

 Additional Charge Penetration Parameters :

     Atom Class           Core Chg           Damp

         401                 0.000         0.0000
         402                 0.000         0.0000
         403                 0.000         0.0000
         404                 0.000         0.0000
         406                 0.000         0.0000
         405                 0.000         0.0000
         407                 0.000         0.0000
         408                 0.000         0.0000

 Additional Atomic Dipole Polarizability Parameters :

     Atom Type           Alpha       Thole     Group Atom Types

         401             1.620       0.390         402  407
         402             1.185       0.390         401  403
         403             1.620       0.390         402  406
         404             1.600       0.390         405  408
         406             0.480       0.390         403
         405             0.914       0.390         404
         407             0.480       0.390         401
         408             0.480       0.390         404

 Additional van der Waals Parameters :

     Atom Class               Size        Epsilon        Reduction

         408                2.9200         0.0300          0.920
         403                3.8200         0.1010          0.000
         401                3.8200         0.1010          0.000
         402                3.7100         0.1050          0.000
         406                2.8800         0.0240          0.910
         407                2.8800         0.0240          0.910
         404                3.7800         0.1060          0.000
         405                3.3000         0.1120          0.000

 Additional Solvation Parameters :

     Atom Type                PB Size     CS Size     GK Size

         408             3.0352      2.6860      3.3152
         406             3.0352      2.6860      3.3152
         407             3.0556      2.9960      4.0320
         404             2.9301      4.5060      4.2118
         401             3.5062      3.3090      4.5360
         402             2.8836      2.9900      3.2180
         405             2.9835      3.3560      2.9616

 Limited Memory BFGS Quasi-Newton Optimization :

 QN Iter     F Value      G RMS      F Move   X Move   Angle  FG Call  Comment

     0       18.7088    19.5727                                   1
     1       18.5596    13.6221      0.1492   0.0009    0.00      3    Success 
     2       18.4579    12.4807      0.1017   0.0007   35.95      4    Success 
     3       18.2737    11.2729      0.1842   0.0014   39.15      5    Success 
     4       17.9671    10.3965      0.3065   0.0030   42.96      6    Success 
     5       17.6695    15.4757      0.2976   0.0061   49.57      7    Success 
     6       17.4614     6.8368      0.2082   0.0043   67.96      8    Success 
     7       17.3931     6.3666      0.0683   0.0014   57.20      9    Success 
     8       17.2714     5.8438      0.1216   0.0023   52.22     10    Success 
     9       17.0744     5.0451      0.1970   0.0047   54.19     11    Success 
    10       16.8397     6.1100      0.2347   0.0103   59.55     12    Success 
    11       16.7430     5.3163      0.0967   0.0059   69.13     14    Success 
    12       16.6679     3.3851      0.0751   0.0032   68.89     15    Success 
    13       16.5699     2.6090      0.0980   0.0055   57.44     16    Success 
    14       16.5375     1.9094      0.0324   0.0029   65.47     17    Success 
    15       16.5155     1.4669      0.0220   0.0023   61.76     18    Success 
    16       16.4964     1.7247      0.0191   0.0025   58.89     19    Success 
    17       16.4835     1.7100      0.0129   0.0020   69.78     20    Success 
    18       16.4668     1.5129      0.0166   0.0026   70.25     21    Success 
    19       16.4487     1.7525      0.0182   0.0037   69.71     22    Success 
    20       16.4413     0.7641      0.0074   0.0017   75.49     23    Success 
    21       16.4374     0.7087      0.0039   0.0009   59.49     24    Success 
    22       16.4331     2.4898      0.0043   0.0014   58.55     25    Success 
    23       16.4288     0.8024      0.0043   0.0013   81.83     26    Success 
    24       16.4268     0.5464      0.0020   0.0006   67.17     27    Success 
    25       16.4246     0.5217      0.0022   0.0007   60.06     28    Success 
    26       16.4215     0.5882      0.0032   0.0012   62.43     29    Success 
    27       16.4187     0.9009      0.0028   0.0015   69.23     30    Success 
    28       16.4176     0.6203      0.0011   0.0007   77.53     32    Success 
    29       16.4169     0.3569      0.0007   0.0003   69.12     33    Success 
    30       16.4164     0.3139      0.0005   0.0002   58.88     34    Success 
    31       16.4158     0.2809      0.0007   0.0004   60.97     35    Success 
    32       16.4150     0.2905      0.0008   0.0007   63.90     36    Success 
    33       16.4147     0.3856      0.0003   0.0004   71.71     38    Success 
    34       16.4145     0.2011      0.0003   0.0002   74.58     39    Success 
    35       16.4143     0.1323      0.0002   0.0002   62.42     40    Success 
    36       16.4142     0.1352      0.0001   0.0002   57.12     41    Success 
    37       16.4140     0.1683      0.0001   0.0002   63.18     42    Success 
    38       16.4139     0.2459      0.0001   0.0003   69.72     43    Success 
    39       16.4138     0.1231      0.0001   0.0001   62.31     44    Success 
    40       16.4137     0.0911      0.0001   0.0002   59.68     45   SmallGrad

 LBFGS  --  Normal Termination due to SmallGrad

 Final Function Value :           16.41373039
 Final RMS Gradient :              0.09105034
 Final Gradient Norm :             0.35263645
