
     ######################################################################
   ##########################################################################
  ###                                                                      ###
 ###            Tinker  ---  Software Tools for Molecular Design            ###
 ##                                                                          ##
 ##                      Version 8.10.5   February 2023                      ##
 ##                                                                          ##
 ##               Copyright (c)  Jay William Ponder  1990-2023               ##
 ###                           All Rights Reserved                          ###
  ###                                                                      ###
   ##########################################################################
     ######################################################################


 Additional Atom Definition Parameters :

     Type  Class  Symbol  Description               Atomic    Mass   Valence

      401   401     C     4_27_Index_0                 6     12.011     4
      402   402     N     4_27_Index_0                 7     14.007     3
      403   403     C     4_27_Index_0                 6     12.011     4
      404   404     C     4_27_Index_0                 6     12.011     3
      406   406     H     4_27_Index_0                 1      1.008     1
      405   405     O     4_27_Index_0                 8     15.999     1
      407   407     H     4_27_Index_0                 1      1.008     1
      408   408     H     4_27_Index_0                 1      1.008     1

 Additional Bond Stretching Parameters :

     Atom Classes             K(S)         Length

       404 405             643.527         1.2200
       407 401             345.979         1.1000
       402 401             283.795         1.4600
       403 402             216.461         1.3894
       401 402             283.795         1.4600
       406 403             340.533         1.1100
       404 403             229.647         1.5100
       408 404             326.595         1.1100

 Additional Angle Bending Parameters :

     Atom Classes             K(B)          Angle

     402 403 404            77.347        114.830
     403 402 401            96.848        106.547
     401 402 403            96.848        106.348
     401 402 401           102.978        107.689
     406 403 402            57.278        109.368
     407 401 402            53.319        109.222
     406 403 404            47.157        108.821
     406 403 406            30.491        105.450
     407 401 407            36.407        110.351

 Additional In-Plane Angle Bending Parameters :

     Atom Classes             K(B)          Angle

     405 404 403            53.635        126.040
     408 404 405            52.573        120.560
     408 404 403            36.781        113.390

 Additional Stretch-Bend Parameters :

     Atom Classes          K(SB)-1        K(SB)-2

     402 403 404            20.453         20.453
     403 402 401            22.688         22.688
     401 402 403            22.688         22.688
     405 404 403             7.629          7.629
     408 404 405             7.629          7.629
     401 402 401            22.688         22.688
     406 403 402             5.713          5.713
     407 401 402             5.713          5.713
     408 404 403             7.629          7.629
     406 403 404             5.713          5.713
     406 403 406             5.713          5.713
     407 401 407             5.713          5.713

 Additional Torsional Parameters :

     Atom Classes     1-Fold    2-Fold    3-Fold    4-Fold    5-Fold    6-Fold

   404 403 402 401   0.00   0  0.00 180  0.00   0  0.00   0  0.00   0  0.00   0
   405 404 403 402   0.00   0  0.00 180  0.30   0  0.00   0  0.00   0  0.00   0
   408 404 403 402   0.00   0  0.00 180  0.11   0  0.00   0  0.00   0  0.00   0
   401 402 403 404   0.00   0  0.00 180  0.00   0  0.00   0  0.00   0  0.00   0
   407 401 402 401   0.07   0 -0.01 180  0.56   0  0.00   0  0.00   0  0.00   0
   407 401 402 403   0.07   0 -0.01 180  0.56   0  0.00   0  0.00   0  0.00   0
   406 403 404 405   0.00   0  0.00 180  0.11   0  0.00   0  0.00   0  0.00   0
   406 403 404 408   0.00   0  0.00 180  0.30   0  0.00   0  0.00   0  0.00   0
   406 403 402 401  -1.70   0  1.79 180 -0.68   0  0.00   0  0.00   0  0.00   0

 Additional Atomic Multipole Parameters :

     Atom Type     Coordinate Frame Definition         Multipole Moments

         401      402    403      0   Z-then-X    -0.01200
                                                  -0.00100  0.00000  0.26627
                                                  -0.22704
                                                   0.00000 -0.36561
                                                  -0.05066  0.00000  0.59265

         402      401    401      0   Bisector    -0.13599
                                                   0.00000  0.00000 -0.12205
                                                   0.42759
                                                   0.00000 -0.43011
                                                   0.00000  0.00000  0.00252

         403      402    404      0   Z-then-X    -0.14358
                                                   0.17122  0.00000  0.03052
                                                  -0.25429
                                                   0.00000 -0.25039
                                                  -0.12445  0.00000  0.50468

         404      405    403      0   Z-then-X     0.63173
                                                   0.24091  0.00000  0.26954
                                                  -0.15447
                                                   0.00000  0.05359
                                                  -0.08503  0.00000  0.10088

         406      403    402      0   Z-then-X     0.02887
                                                  -0.10340  0.00000 -0.22336
                                                  -0.03729
                                                   0.00000  0.25391
                                                  -0.24461  0.00000 -0.21662

         405      404    403      0   Z-then-X    -0.53308
                                                  -0.27251  0.00000 -0.09944
                                                  -0.61272
                                                   0.00000  0.27107
                                                  -0.43671  0.00000  0.34165

         407      401    402      0   Z-then-X     0.02577
                                                  -0.06373  0.00000 -0.26573
                                                   0.01865
                                                   0.00000  0.23686
                                                  -0.23349  0.00000 -0.25551

         408      404    405      0   Z-then-X    -0.00744
                                                   0.01583  0.00000 -0.17656
                                                   0.04637
                                                   0.00000  0.04407
                                                  -0.02263  0.00000 -0.09044

 Additional Charge Penetration Parameters :

     Atom Class           Core Chg           Damp

         401                 0.000         0.0000
         402                 0.000         0.0000
         403                 0.000         0.0000
         404                 0.000         0.0000
         406                 0.000         0.0000
         405                 0.000         0.0000
         407                 0.000         0.0000
         408                 0.000         0.0000

 Additional Atomic Dipole Polarizability Parameters :

     Atom Type           Alpha       Thole     Group Atom Types

         401             1.620       0.390         402  407
         402             1.185       0.390         401  403
         403             1.620       0.390         402  406
         404             1.600       0.390         405  408
         406             0.480       0.390         403
         405             0.914       0.390         404
         407             0.480       0.390         401
         408             0.480       0.390         404

 Additional van der Waals Parameters :

     Atom Class               Size        Epsilon        Reduction

         408                2.9200         0.0300          0.920
         403                3.8200         0.1010          0.000
         401                3.8200         0.1010          0.000
         402                3.7100         0.1050          0.000
         406                2.8800         0.0240          0.910
         407                2.8800         0.0240          0.910
         404                3.7800         0.1060          0.000
         405                3.3000         0.1120          0.000

 Additional Solvation Parameters :

     Atom Type                PB Size     CS Size     GK Size

         408             3.0352      2.6860      3.3152
         406             3.0352      2.6860      3.3152
         407             3.0556      2.9960      4.0320
         404             2.9301      4.5060      4.2118
         401             3.5062      3.3090      4.5360
         402             2.8836      2.9900      3.2180
         405             2.9835      3.3560      2.9616

 Limited Memory BFGS Quasi-Newton Optimization :

 QN Iter     F Value      G RMS      F Move   X Move   Angle  FG Call  Comment

     0      469.5800   978.2442                                   1
     1      257.8448   381.9805    211.7351   0.0266    0.00      3    Success 
     2      202.4647   336.3115     55.3801   0.0116   21.25      4    Success 
     3      114.6033   202.7229     87.8614   0.0244   25.98      5    Success 
     4       62.3183   142.5962     52.2850   0.0441   27.86      6    Success 
     5       57.5346   126.1514      4.7838   0.0152   29.43      7    Success 
     6       51.3640    53.2858      6.1706   0.0061   34.19      8    Success 
     7       48.2407    38.8406      3.1233   0.0049   13.33      9    Success 
     8       43.3925    40.1694      4.8482   0.0116   22.21     10    Success 
     9       38.0905    33.6106      5.3021   0.0211   51.00     11    Success 
    10       34.4656    43.4260      3.6248   0.0215   59.83     12    Success 
    11       32.8082    23.6019      1.6575   0.0177   72.87     13    Success 
    12       32.3619    13.2698      0.4462   0.0038   61.24     14    Success 
    13       32.0438    14.6596      0.3181   0.0036   53.92     15    Success 
    14       31.4670    15.4450      0.5768   0.0049   54.01     16    Success 
    15       30.4634    15.9150      1.0036   0.0094   57.87     17    Success 
    16       29.2305    22.1398      1.2329   0.0184   62.85     18    Success 
    17       28.0540    10.4714      1.1765   0.0260   75.56     19    Success 
    18       27.6877     8.4144      0.3663   0.0061   63.73     20    Success 
    19       27.1194     6.1725      0.5682   0.0097   53.30     21    Success 
    20       26.3570    10.3101      0.7625   0.0189   51.30     22    Success 
    21       25.6183     9.8754      0.7387   0.0221   72.70     23    Success 
    22       24.6420    11.2649      0.9762   0.0300   72.45     24    Success 
    23       24.2887    63.2890      0.3534   0.0433   74.54     25    Success 
    24       23.6756    45.6250      0.6131   0.0032   76.65     26    Success 
    25       22.8289    16.9785      0.8466   0.0075   76.14     27    Success 
    26       22.5754     6.3301      0.2535   0.0083   78.70     28    Success 
    27       22.4599     6.0356      0.1155   0.0049   72.54     29    Success 
    28       22.2672     5.1378      0.1927   0.0077   70.68     30    Success 
    29       22.0439    11.1192      0.2233   0.0096   58.50     31    Success 
    30       21.8444     6.2818      0.1995   0.0160   80.37     32    Success 
    31       21.7585     3.9094      0.0859   0.0018   51.82     33    Success 
    32       21.6418     4.8405      0.1167   0.0051   55.20     34    Success 
    33       21.5975     7.3007      0.0443   0.0058   77.93     36    Success 
    34       21.5261     5.7472      0.0714   0.0036   77.02     37    Success 
    35       21.4126     3.8253      0.1135   0.0067   75.79     38    Success 
    36       21.2546     3.8740      0.1580   0.0143   73.89     39    Success 
    37       21.1065     6.3782      0.1480   0.0132   74.38     40    Success 
    38       21.0318    12.3183      0.0747   0.0191   80.69     41    Success 
    39       20.9182     6.5008      0.1136   0.0019   65.45     42    Success 
    40       20.8222     3.8070      0.0959   0.0054   73.62     43    Success 
    41       20.7674     4.1076      0.0548   0.0028   65.12     44    Success 
    42       20.6739     4.2293      0.0935   0.0048   68.38     45    Success 
    43       20.5255     4.8628      0.1484   0.0101   73.07     46    Success 
    44       20.3834    11.3636      0.1421   0.0149   74.17     47    Success 
    45       20.2756     7.4085      0.1078   0.0142   84.25     48    Success 
    46       20.2270     3.8715      0.0486   0.0018   71.79     49    Success 
    47       20.1690     2.8732      0.0580   0.0036   64.29     50    Success 
    48       20.1291     3.6496      0.0399   0.0041   73.42     51    Success 
    49       20.0741     3.2289      0.0550   0.0051   73.35     52    Success 
    50       20.0221     3.2963      0.0520   0.0119   79.13     53    Success 
    51       19.9773     3.4262      0.0448   0.0024   58.48     54    Success 
    52       19.9178     5.1492      0.0595   0.0039   64.56     55    Success 
    53       19.8695     5.1962      0.0483   0.0064   80.72     56    Success 
    54       19.8471     3.8779      0.0225   0.0042   82.02     58    Success 
    55       19.8236     2.5702      0.0234   0.0023   76.83     59    Success 
    56       19.7988     1.8587      0.0248   0.0039   75.36     60    Success 
    57       19.7808     2.2152      0.0180   0.0027   71.57     61    Success 
    58       19.7554     1.9158      0.0254   0.0044   75.83     62    Success 
    59       19.7276     1.9602      0.0278   0.0044   69.62     63    Success 
    60       19.7105     5.3634      0.0171   0.0070   76.15     64    Success 
    61       19.6885     2.4125      0.0220   0.0017   77.50     65    Success 
    62       19.6738     1.3443      0.0147   0.0024   74.49     66    Success 
    63       19.6658     1.3856      0.0080   0.0017   72.67     67    Success 
    64       19.6535     1.1213      0.0123   0.0023   70.51     68    Success 
    65       19.6410     1.3379      0.0126   0.0041   70.43     69    Success 
    66       19.6395     1.3928      0.0015   0.0007   77.19     71    Success 
    67       19.6374     1.0593      0.0021   0.0007   79.63     72    Success 
    68       19.6345     0.6578      0.0029   0.0008   70.07     73    Success 
    69       19.6307     0.7397      0.0038   0.0013   66.74     74    Success 
    70       19.6250     0.9593      0.0057   0.0021   70.94     75    Success 
    71       19.6182     0.9076      0.0068   0.0029   75.82     76    Success 
    72       19.6151     1.1824      0.0031   0.0020   76.51     78    Success 
    73       19.6111     1.2046      0.0040   0.0022   80.59     79    Success 
    74       19.6062     0.8136      0.0049   0.0029   81.26     80    Success 
    75       19.6025     0.9751      0.0037   0.0015   74.58     81    Success 
    76       19.5983     1.5406      0.0043   0.0026   78.66     82    Success 
    77       19.5943     0.9393      0.0039   0.0019   82.37     83    Success 
    78       19.5913     0.8827      0.0030   0.0017   80.11     84    Success 
    79       19.5874     0.9531      0.0040   0.0022   79.21     85    Success 
    80       19.5826     0.9255      0.0048   0.0027   80.19     86    Success 
    81       19.5760     0.6211      0.0066   0.0035   79.15     87    Success 
    82       19.5734     1.4632      0.0026   0.0024   76.33     89    Success 
    83       19.5702     0.5982      0.0032   0.0019   82.91     90    Success 
    84       19.5689     0.6938      0.0013   0.0007   75.56     91    Success 
    85       19.5669     0.6075      0.0020   0.0011   76.58     92    Success 
    86       19.5646     0.9161      0.0023   0.0017   74.66     93    Success 
    87       19.5643     0.6398      0.0004   0.0004   81.68     95    Success 
    88       19.5637     0.4957      0.0005   0.0005   81.23     96    Success 
    89       19.5632     0.2483      0.0006   0.0006   77.17     97    Success 
    90       19.5629     0.2294      0.0003   0.0004   75.58     98    Success 
    91       19.5625     0.2381      0.0004   0.0005   69.53     99    Success 
    92       19.5620     0.1654      0.0005   0.0007   70.64    100    Success 
    93       19.5617     0.1950      0.0003   0.0004   65.68    101    Success 
    94       19.5614     0.1527      0.0003   0.0005   71.51    102    Success 
    95       19.5613     0.2233      0.0001   0.0004   73.49    103    Success 
    96       19.5612     0.1096      0.0001   0.0001   71.95    104    Success 
    97       19.5612     0.1202      0.0001   0.0001   68.73    105    Success 
    98       19.5611     0.0777      0.0000   0.0001   76.90    106   SmallGrad

 LBFGS  --  Normal Termination due to SmallGrad

 Final Function Value :           19.56112276
 Final RMS Gradient :              0.07771304
 Final Gradient Norm :             0.30098133
