
     ######################################################################
   ##########################################################################
  ###                                                                      ###
 ###            Tinker  ---  Software Tools for Molecular Design            ###
 ##                                                                          ##
 ##                      Version 8.10.5   February 2023                      ##
 ##                                                                          ##
 ##               Copyright (c)  Jay William Ponder  1990-2023               ##
 ###                           All Rights Reserved                          ###
  ###                                                                      ###
   ##########################################################################
     ######################################################################


 Additional Atom Definition Parameters :

     Type  Class  Symbol  Description               Atomic    Mass   Valence

      401   401     C     13_34_Index_0                6     12.011     3
      402   402     C     13_34_Index_0                6     12.011     3
      403   403     C     13_34_Index_0                6     12.011     3
      404   404     O     13_34_Index_0                8     15.999     2
      405   405     O     13_34_Index_0                8     15.999     1
      407   407     C     13_34_Index_0                6     12.011     3
      408   408     H     13_34_Index_0                1      1.008     1
      406   406     C     13_34_Index_0                6     12.011     3
      409   409     H     13_34_Index_0                1      1.008     1
      410   410     H     13_34_Index_0                1      1.008     1
      411   411     H     13_34_Index_0                1      1.008     1

 Additional Bond Stretching Parameters :

     Atom Classes             K(S)         Length

       402 401             379.094         1.4000
       406 401             379.094         1.3900
       401 402             379.094         1.4000
       407 406             379.094         1.4000
       406 407             379.094         1.4000
       408 401             368.093         1.0900
       409 406             368.093         1.0900
       411 407             368.093         1.0900
       403 402             287.793         1.4800
       404 403             285.608         1.3600
       405 403             666.175         1.2200
       410 404             487.849         0.9800

 Additional Angle Bending Parameters :

     Atom Classes             K(B)          Angle

     410 404 403            45.148        106.314

 Additional In-Plane Angle Bending Parameters :

     Atom Classes             K(B)          Angle

     402 403 404            77.303        110.954
     402 403 405            64.148        125.070
     401 402 401            74.631        121.656
     407 406 401            74.631        120.250
     406 401 402            74.631        119.550
     406 407 406            74.631        119.960
     409 406 401            36.770        119.750
     408 401 402            36.770        119.410
     411 407 406            36.770        120.020
     408 401 406            36.770        121.040
     409 406 407            36.770        120.000
     403 402 401            66.632        117.729
     405 403 404            71.920        123.739

 Additional Stretch-Bend Parameters :

     Atom Classes          K(SB)-1        K(SB)-2

     402 403 404           -17.707        -17.707
     402 403 405           -17.707        -17.707
     401 402 401            20.453         20.453
     407 406 401            20.453         20.453
     406 401 402            20.453         20.453
     406 407 406            20.453         20.453
     409 406 401            20.453         20.453
     408 401 402            20.453         20.453
     411 407 406            20.453         20.453
     408 401 406            20.453         20.453
     409 406 407            20.453         20.453
     403 402 401            20.453         20.453
     410 404 403            31.076         31.076
     405 403 404           -17.707        -17.707

 Additional Torsional Parameters :

     Atom Classes     1-Fold    2-Fold    3-Fold    4-Fold    5-Fold    6-Fold

   404 403 402 401  -0.04   0  1.57 180 -0.04   0  0.00   0  0.00   0  0.00   0
   405 403 402 401  -0.04   0  1.57 180 -0.04   0  0.00   0  0.00   0  0.00   0
   401 402 403 404  -0.04   0  1.57 180 -0.04   0  0.00   0  0.00   0  0.00   0
   409 406 407 406   0.55   0 11.38 180 -0.55   0  0.00   0  0.00   0  0.00   0
   406 401 402 401  -0.67   0  7.43 180  0.00   0  0.00   0  0.00   0  0.00   0
   406 407 406 401  -0.67   0  6.29 180  0.00   0  0.00   0  0.00   0  0.00   0
   407 406 401 402  -0.67   0  6.29 180  0.00   0  0.00   0  0.00   0  0.00   0
   408 401 402 401   0.55   0  7.96 180 -0.55   0  0.00   0  0.00   0  0.00   0
   411 407 406 401   0.55   0  6.82 180 -0.55   0  0.00   0  0.00   0  0.00   0
   409 406 401 402   0.55   0  6.82 180 -0.55   0  0.00   0  0.00   0  0.00   0
   408 401 406 407   0.55   0 11.38 180 -0.55   0  0.00   0  0.00   0  0.00   0
   403 402 401 406  -0.67   0  6.29 180  0.00   0  0.00   0  0.00   0  0.00   0
   409 406 401 408   0.00   0  6.36 180  0.00   0  0.00   0  0.00   0  0.00   0
   411 407 406 409   0.00   0  6.36 180  0.00   0  0.00   0  0.00   0  0.00   0
   403 402 401 408   0.55   0  6.19 180 -0.55   0  0.00   0  0.00   0  0.00   0
   410 404 403 402   0.49   0  6.22 180  0.32   0  0.00   0  0.00   0  0.00   0
   410 404 403 405  -1.20   0  5.39 180  0.40   0  0.00   0  0.00   0  0.00   0

 Additional Atomic Multipole Parameters :

     Atom Type     Coordinate Frame Definition         Multipole Moments

         401      402    406      0   Z-then-X    -0.04670
                                                  -0.14743  0.00000  0.08464
                                                  -0.01228
                                                   0.00000 -0.04954
                                                  -0.31502  0.00000  0.06182

         402      401    401      0   Bisector     0.00556
                                                   0.00000  0.00000  0.35795
                                                  -0.73631
                                                   0.00000 -0.48756
                                                   0.00000  0.00000  1.22387

         403      405    404      0   Z-then-X     1.02068
                                                   0.16007  0.00000  0.00584
                                                   0.08294
                                                   0.00000 -0.48749
                                                  -0.87976  0.00000  0.40455

         404      403    410      0   Z-then-X    -0.52881
                                                   0.27458  0.00000 -0.07019
                                                   0.24865
                                                   0.00000 -0.38680
                                                  -0.17476  0.00000  0.13815

         405      403    404      0   Z-then-X    -0.70419
                                                   0.11523  0.00000 -0.17821
                                                  -0.57427
                                                   0.00000  0.33442
                                                   0.12554  0.00000  0.23985

         406      401    407      0   Z-then-X    -0.02755
                                                  -0.03325  0.00000 -0.01499
                                                  -0.00982
                                                   0.00000 -0.12529
                                                  -0.15010  0.00000  0.13511

         407      406    406      0   Bisector     0.02287
                                                   0.00000  0.00000  0.07177
                                                   0.10925
                                                   0.00000 -0.23524
                                                   0.00000  0.00000  0.12599

         408      401    402      0   Z-then-X     0.02775
                                                  -0.00252  0.00000 -0.16659
                                                   0.08618
                                                   0.00000  0.00007
                                                   0.00653  0.00000 -0.08625

         409      406    401      0   Z-then-X     0.01091
                                                   0.00400  0.00000 -0.16925
                                                   0.10472
                                                   0.00000  0.00030
                                                  -0.00596  0.00000 -0.10502

         410      404    403      0   Z-then-X     0.24698
                                                  -0.01870  0.00000 -0.11262
                                                   0.00265
                                                   0.00000 -0.08928
                                                  -0.01121  0.00000  0.08663

         411      407    406      0   Z-then-X     0.00809
                                                   0.00113  0.00000 -0.15329
                                                   0.06262
                                                   0.00000  0.01009
                                                   0.00000  0.00000 -0.07271

 Additional Charge Penetration Parameters :

     Atom Class           Core Chg           Damp

         401                 0.000         0.0000
         402                 0.000         0.0000
         403                 0.000         0.0000
         404                 0.000         0.0000
         405                 0.000         0.0000
         406                 0.000         0.0000
         407                 0.000         0.0000
         408                 0.000         0.0000
         409                 0.000         0.0000
         410                 0.000         0.0000
         411                 0.000         0.0000

 Additional Atomic Dipole Polarizability Parameters :

     Atom Type           Alpha       Thole     Group Atom Types

         401             1.600       0.390         402  406  408
         402             1.600       0.390         401
         403             1.600       0.390         404  405
         404             0.832       0.390         403  410
         405             0.914       0.390         403
         407             1.600       0.390         406  411
         408             0.432       0.390         401
         406             1.600       0.390         401  407  409
         409             0.432       0.390         406
         410             0.457       0.390         404
         411             0.432       0.390         407

 Additional van der Waals Parameters :

     Atom Class               Size        Epsilon        Reduction

         410                2.6550         0.0150          0.910
         411                2.9800         0.0260          0.920
         403                3.7800         0.1060          0.000
         404                3.4050         0.1100          0.000
         407                3.8000         0.0910          0.000
         401                3.8000         0.0910          0.000
         408                2.9800         0.0260          0.920
         409                2.9800         0.0260          0.920
         406                3.8000         0.0910          0.000
         406                3.8000         0.0910          0.000
         402                3.8000         0.0910          0.000
         405                3.3000         0.1120          0.000

 Additional Solvation Parameters :

     Atom Type                PB Size     CS Size     GK Size

         410             2.5740      2.7580      2.9054
         411             2.5740      2.7580      2.9054
         401             3.8585      3.7660      3.8448
         403             2.9301      4.5060      4.2118
         406             3.8286      3.8930      4.5084
         407             3.8286      3.8930      4.5084
         402             3.6909      3.7660      4.4258
         405             2.9835      3.3560      2.9616
         404             3.3991      2.8190      2.9337

 Limited Memory BFGS Quasi-Newton Optimization :

 QN Iter     F Value      G RMS      F Move   X Move   Angle  FG Call  Comment

     0       -3.6616    11.9155                                   1
     1       -4.8844    12.0813      1.2228   0.0143    0.00      3    Success 
     2       -5.6035    10.4451      0.7191   0.0096   44.74      4    Success 
     3       -5.6900     8.0339      0.0865   0.0019   54.55      6    Success 
     4       -5.7458     6.3176      0.0558   0.0020   72.30      7    Success 
     5       -5.8371     4.4317      0.0913   0.0021   56.47      8    Success 
     6       -5.9623     3.1766      0.1252   0.0040   46.27      9    Success 
     7       -6.0363     4.6616      0.0740   0.0039   48.21     10    Success 
     8       -6.0662     4.7816      0.0300   0.0046   67.38     11    Success 
     9       -6.1016     1.8241      0.0354   0.0015   58.75     12    Success 
    10       -6.1166     1.6469      0.0150   0.0009   37.63     13    Success 
    11       -6.1380     1.8718      0.0214   0.0017   46.80     14    Success 
    12       -6.1692     1.6498      0.0312   0.0031   61.01     15    Success 
    13       -6.1971     1.4956      0.0280   0.0050   65.40     16    Success 
    14       -6.1990     1.6887      0.0019   0.0029   63.13     17    Success 
    15       -6.2024     1.3619      0.0034   0.0003   58.09     18    Success 
    16       -6.2074     0.7010      0.0051   0.0006   54.58     19    Success 
    17       -6.2099     0.2699      0.0024   0.0006   46.72     20    Success 
    18       -6.2106     0.2831      0.0007   0.0003   39.47     21    Success 
    19       -6.2117     0.2708      0.0012   0.0005   48.88     22    Success 
    20       -6.2136     0.2351      0.0019   0.0010   53.49     23    Success 
    21       -6.2143     0.6226      0.0007   0.0022   61.18     24    Success 
    22       -6.2154     0.3546      0.0011   0.0003   58.24     25    Success 
    23       -6.2162     0.1166      0.0008   0.0003   39.32     26    Success 
    24       -6.2164     0.1168      0.0002   0.0002   51.20     27    Success 
    25       -6.2164     0.4154      0.0001   0.0002   59.46     29    Success 
    26       -6.2165     0.3317      0.0001   0.0002   82.01     30    Success 
    27       -6.2167     0.1789      0.0002   0.0003   81.26     31    Success 
    28       -6.2169     0.0946      0.0002   0.0004   78.12     32   SmallGrad

 LBFGS  --  Normal Termination due to SmallGrad

 Final Function Value :           -6.21688864
 Final RMS Gradient :              0.09457801
 Final Gradient Norm :             0.36629906
