
     ######################################################################
   ##########################################################################
  ###                                                                      ###
 ###            Tinker  ---  Software Tools for Molecular Design            ###
 ##                                                                          ##
 ##                      Version 8.10.2   February 2022                      ##
 ##                                                                          ##
 ##               Copyright (c)  Jay William Ponder  1990-2022               ##
 ###                           All Rights Reserved                          ###
  ###                                                                      ###
   ##########################################################################
     ######################################################################


 Additional Atom Definition Parameters :

     Type  Class  Symbol  Description               Atomic    Mass   Valence

      401   401     C     1_16_Index_0                 6     12.011     3
      402   402     N     1_16_Index_0                 7     14.007     3
      403   403     C     1_16_Index_0                 6     12.011     3
      404   404     C     1_16_Index_0                 6     12.011     3
      417   417     H     1_16_Index_0                 1      1.008     1
      405   405     C     1_16_Index_0                 6     12.011     3
      406   406     N     1_16_Index_0                 7     14.007     3
      407   407     C     1_16_Index_0                 6     12.011     3
      408   408     C     1_16_Index_0                 6     12.011     3
      409   409     C     1_16_Index_0                 6     12.011     3
      410   410     C     1_16_Index_0                 6     12.011     3
      411   411     C     1_16_Index_0                 6     12.011     3
      412   412     C     1_16_Index_0                 6     12.011     3
      413   413     C     1_16_Index_0                 6     12.011     3
      414   414     C     1_16_Index_0                 6     12.011     3
      415   415     C     1_16_Index_0                 6     12.011     3
      418   418     H     1_16_Index_0                 1      1.008     1
      419   419     H     1_16_Index_0                 1      1.008     1
      416   416     O     1_16_Index_0                 8     15.999     1
      420   420     H     1_16_Index_0                 1      1.008     1
      421   421     H     1_16_Index_0                 1      1.008     1
      422   422     H     1_16_Index_0                 1      1.008     1
      423   423     H     1_16_Index_0                 1      1.008     1
      424   424     H     1_16_Index_0                 1      1.008     1
      425   425     H     1_16_Index_0                 1      1.008     1
      426   426     H     1_16_Index_0                 1      1.008     1

 Additional Bond Stretching Parameters :

     Atom Classes             K(S)         Length

       408 405             385.000         1.4700
       416 408             601.800         1.2500
       401 410             385.000         1.4700
       403 402             653.900         1.4100
       401 402             400.000         1.3600
       405 401             485.389         1.3800
       417 402             451.428         1.0300
       404 403             379.094         1.4000
       414 404             379.094         1.3900
       418 404             368.093         1.0900
       407 405             485.389         1.4400
       408 406             363.157         1.3800
       409 406             316.061         1.4000
       419 406             475.798         1.0100
       409 407             485.389         1.3600
       424 407             365.162         1.0800
       425 409             365.162         1.0800
       411 410             379.094         1.4000
       412 411             379.094         1.3900
       420 411             368.093         1.0900
       413 412             379.094         1.4000
       421 412             368.093         1.0900
       422 413             368.093         1.0900
       415 414             379.094         1.4000
       423 414             368.093         1.0900
       426 415             368.093         1.0900

 Additional Angle Bending Parameters :

     Atom Classes             K(B)          Angle

     401 405 407            60.000        130.540
     401 405 408            60.000        121.900
     402 401 405            60.000        117.635
     405 407 409            60.000        107.110
     405 401 410            60.000        121.240
     407 405 408            60.000        107.530
     416 408 405            65.000        129.430
     406 408 405            60.000        104.730
     406 408 416            76.980        125.830
     408 406 409            65.000        110.970
     401 410 411            60.000        120.120
     403 402 417            35.250        117.940
     401 402 417            65.000        113.110
     403 402 401            65.000        127.760
     404 403 402            47.480        120.100
     410 401 402            80.000        120.809
     414 404 403            74.631        119.870
     418 404 403            36.770        119.620
     404 403 404            74.631        119.740
     415 414 404            74.631        120.510
     423 414 404            36.770        119.360
     424 407 405            57.301        126.960
     407 409 406            71.989        109.600
     425 409 406            33.508        120.470
     425 409 407            57.301        129.930
     419 406 408            40.855        122.450
     419 406 409            37.409        126.400
     424 407 409            57.301        125.920
     412 411 410            74.631        119.950
     420 411 410            36.770        119.430
     411 410 411            74.631        119.760
     413 412 411            74.631        120.230
     421 412 411            36.770        119.740
     420 411 412            36.770        120.610
     412 413 412            74.631        119.860
     422 413 412            36.770        120.070
     421 412 413            36.770        120.030
     418 404 414            36.770        120.510
     414 415 414            74.631        119.480
     426 415 414            36.770        120.260
     423 414 415            36.770        120.130

 Additional Stretch-Bend Parameters :

     Atom Classes          K(SB)-1        K(SB)-2

     401 405 407             0.000          0.000
     401 405 408             0.000          0.000
     402 401 405             0.000          0.000
     405 407 409             0.000          0.000
     405 401 410             0.000          0.000
     407 405 408             0.000          0.000
     416 408 405             0.000          0.000
     406 408 405             0.000          0.000
     406 408 416            18.700         18.700
     408 406 409             0.000          0.000
     401 410 411             0.000          0.000
     403 402 417             4.300          4.300
     401 402 417             0.000          0.000
     403 402 401             0.000          0.000
     404 403 402            18.700         18.700
     410 401 402             0.000          0.000
     414 404 403            20.453         20.453
     418 404 403            20.453         20.453
     404 403 404            20.453         20.453
     415 414 404            20.453         20.453
     423 414 404            20.453         20.453
     424 407 405            34.200         34.200
     407 409 406            34.200         34.200
     425 409 406            34.200         34.200
     425 409 407            34.200         34.200
     419 406 408            25.952         25.952
     419 406 409            11.085         11.085
     424 407 409            34.200         34.200
     412 411 410            20.453         20.453
     420 411 410            20.453         20.453
     411 410 411            20.453         20.453
     413 412 411            20.453         20.453
     421 412 411            20.453         20.453
     420 411 412            20.453         20.453
     412 413 412            20.453         20.453
     422 413 412            20.453         20.453
     421 412 413            20.453         20.453
     418 404 414            20.453         20.453
     414 415 414            20.453         20.453
     426 415 414            20.453         20.453
     423 414 415            20.453         20.453

 Additional Out-of-Plane Bend Parameters :

     Atom Classes                   K(OPB)

     417 402   0   0                 5.800
     401 410   0   0                 7.200
     402 401   0   0                14.400
     410 401   0   0                 1.400
     404 403   0   0                84.886
     403 404   0   0                84.886
     414 404   0   0                84.886
     404 414   0   0                84.886
     418 404   0   0                72.814
     408 405   0   0                38.816
     405 408   0   0                38.816
     408 406   0   0                21.717
     406 408   0   0                21.717
     409 406   0   0                38.816
     406 409   0   0                38.816
     419 406   0   0                26.895
     416 408   0   0                16.505
     411 410   0   0                84.886
     410 411   0   0                84.886
     412 411   0   0                84.886
     411 412   0   0                84.886
     420 411   0   0                72.814
     413 412   0   0                84.886
     412 413   0   0                84.886
     421 412   0   0                72.814
     422 413   0   0                72.814
     415 414   0   0                84.886
     414 415   0   0                84.886
     423 414   0   0                72.814
     426 415   0   0                72.814
     401 402   0   0                 3.600
     405 401   0   0                14.390
     409 407   0   0                14.390
     401 405   0   0                14.390
     407 409   0   0                14.390
     403 402   0   0                 3.600
     402 403   0   0                14.390
     407 405   0   0                14.390
     405 407   0   0                14.390
     424 407   0   0                14.390
     425 409   0   0                14.390

 Additional Torsional Parameters :

     Atom Classes     1-Fold    2-Fold    3-Fold    4-Fold    5-Fold    6-Fold

   409 407 405 401  -0.67   0  6.29 180  0.00   0  0.00   0  0.00   0  0.00   0
   424 407 405 401   0.55   0  6.19 180 -0.55   0  0.00   0  0.00   0  0.00   0
   406 408 405 401  -0.67   0  6.29 180  0.00   0  0.00   0  0.00   0  0.00   0
   416 408 405 401  -0.67   0  6.29 180  0.00   0  0.00   0  0.00   0  0.00   0
   407 405 401 402   0.00   0  0.00 180  0.30   0  0.00   0  0.00   0  0.00   0
   408 405 401 402   0.00   0  0.00 180  0.30   0  0.00   0  0.00   0  0.00   0
   405 401 402 403   0.00   0  0.00 180  0.30   0  0.00   0  0.00   0  0.00   0
   405 401 402 417   0.55   0  6.19 180 -0.55   0  0.00   0  0.00   0  0.00   0
   406 409 407 405  -0.67   0  6.29 180  0.00   0  0.00   0  0.00   0  0.00   0
   425 409 407 405   0.55   0  6.19 180 -0.55   0  0.00   0  0.00   0  0.00   0
   407 405 408 406  -0.67   0  6.29 180  0.00   0  0.00   0  0.00   0  0.00   0
   424 407 409 406   0.55   0  6.19 180 -0.55   0  0.00   0  0.00   0  0.00   0
   410 401 405 407   0.00   0  0.00 180  0.30   0  0.00   0  0.00   0  0.00   0
   416 408 405 407  -0.67   0  6.29 180  0.00   0  0.00   0  0.00   0  0.00   0
   408 406 409 407  -0.67   0  6.29 180  0.00   0  0.00   0  0.00   0  0.00   0
   419 406 409 407   0.55   0  6.19 180 -0.55   0  0.00   0  0.00   0  0.00   0
   409 407 405 408  -0.67   0  6.29 180  0.00   0  0.00   0  0.00   0  0.00   0
   424 407 405 408   0.55   0  6.19 180 -0.55   0  0.00   0  0.00   0  0.00   0
   410 401 405 408   0.00   0  0.00 180  0.30   0  0.00   0  0.00   0  0.00   0
   425 409 407 424   0.00   0  6.36 180  0.00   0  0.00   0  0.00   0  0.00   0
   425 409 406 408   0.55   0  6.19 180 -0.55   0  0.00   0  0.00   0  0.00   0
   425 409 406 419   0.00   0  6.36 180  0.00   0  0.00   0  0.00   0  0.00   0
   409 406 408 405  -1.00   0  4.28 180  2.05   0  0.00   0  0.00   0  0.00   0
   419 406 408 405   0.00   0  3.48 180  0.80   0  0.00   0  0.00   0  0.00   0
   416 408 406 409   1.00   0  9.10 180 -2.25   0  0.00   0  0.00   0  0.00   0
   419 406 408 416   0.00   0  1.62 180 -0.36   0  0.00   0  0.00   0  0.00   0
   415 414 404 403  -0.67   0  6.29 180  0.00   0  0.00   0  0.00   0  0.00   0
   414 404 403 404  -0.67   0  6.29 180  0.00   0  0.00   0  0.00   0  0.00   0
   414 415 414 404  -0.67   0  7.43 180  0.00   0  0.00   0  0.00   0  0.00   0
   413 412 411 410  -0.67   0  6.29 180  0.00   0  0.00   0  0.00   0  0.00   0
   412 411 410 411  -0.67   0  7.43 180  0.00   0  0.00   0  0.00   0  0.00   0
   412 413 412 411  -0.67   0  6.29 180  0.00   0  0.00   0  0.00   0  0.00   0
   423 414 404 403   0.55   0  6.19 180 -0.55   0  0.00   0  0.00   0  0.00   0
   418 404 403 404   0.55   0  6.19 180 -0.55   0  0.00   0  0.00   0  0.00   0
   426 415 414 404   0.55   0  7.96 180 -0.55   0  0.00   0  0.00   0  0.00   0
   421 412 411 410   0.55   0  6.82 180 -0.55   0  0.00   0  0.00   0  0.00   0
   420 411 410 411   0.55   0  7.96 180 -0.55   0  0.00   0  0.00   0  0.00   0
   422 413 412 411   0.55   0  6.82 180 -0.55   0  0.00   0  0.00   0  0.00   0
   421 412 413 412   0.55   0 11.38 180 -0.55   0  0.00   0  0.00   0  0.00   0
   420 411 412 413   0.55   0 11.38 180 -0.55   0  0.00   0  0.00   0  0.00   0
   423 414 415 414   0.55   0 11.38 180 -0.55   0  0.00   0  0.00   0  0.00   0
   418 404 414 415   0.55   0 11.38 180 -0.55   0  0.00   0  0.00   0  0.00   0
   401 410 411 412  -0.67   0  6.29 180  0.00   0  0.00   0  0.00   0  0.00   0
   423 414 404 418   0.00   0  6.36 180  0.00   0  0.00   0  0.00   0  0.00   0
   421 412 411 420   0.00   0  6.36 180  0.00   0  0.00   0  0.00   0  0.00   0
   422 413 412 421   0.00   0  6.36 180  0.00   0  0.00   0  0.00   0  0.00   0
   401 410 411 420   0.55   0  6.19 180 -0.55   0  0.00   0  0.00   0  0.00   0
   410 401 402 417   0.55   0  6.19 180 -0.55   0  0.00   0  0.00   0  0.00   0
   404 403 402 401   0.00   0  0.00 180  0.00   0  0.00   0  0.00   0  0.00   0
   410 401 402 403   0.00   0 14.00 180  0.00   0  0.00   0  0.00   0  0.00   0
   426 415 414 423   0.00   0  7.07 180  0.00   0  0.00   0  0.00   0  0.00   0
   402 403 404 418  -3.15   0  3.00 180  0.00   0  0.00   0  0.00   0  0.00   0
   411 410 401 402   0.00   0  0.00 180  0.00   0  0.00   0  0.00   0  0.00   0
   414 404 403 402  -0.67   0  6.29 180  0.00   0  0.00   0  0.00   0  0.00   0
   411 410 401 405   0.00   0  0.00 180  0.00   0  0.00   0  0.00   0  0.00   0
   417 402 403 404   0.00   0  0.00 180  0.11   0  0.00   0  0.00   0  0.00   0
   404 403 402 417   0.00   0  0.00 180  0.11   0  0.00   0  0.00   0  0.00   0

 Additional Atomic Multipole Parameters :

     Atom Type     Coordinate Frame Definition         Multipole Moments

         401      410    405      0   Z-then-X     0.28418
                                                  -0.38239  0.00000  0.14550
                                                  -0.27918
                                                   0.00000  0.68293
                                                   0.58858  0.00000 -0.40375

         402      417    403      0   Z-then-X    -0.19940
                                                   0.23507  0.00000 -0.11459
                                                  -0.05408
                                                   0.00000 -0.52382
                                                  -0.17462  0.00000  0.57790

         403      404    404      0   Bisector    -0.01732
                                                   0.00000  0.00000 -0.13229
                                                  -0.37857
                                                   0.00000  0.04878
                                                   0.00000  0.00000  0.32979

         404      418    414      0   Z-then-X    -0.03499
                                                  -0.06278  0.00000  0.09744
                                                   0.17466
                                                   0.00000 -0.12307
                                                  -0.08752  0.00000 -0.05159

         417      402    403      0   Z-then-X     0.23651
                                                  -0.04704  0.00000 -0.00785
                                                   0.04324
                                                   0.00000 -0.05763
                                                  -0.12557  0.00000  0.01439

         405      408    407      0   Z-then-X    -0.16842
                                                   0.04406  0.00000 -0.13452
                                                   0.31221
                                                   0.00000 -0.05477
                                                  -0.28223  0.00000 -0.25744

         406      419    409      0   Z-then-X    -0.23664
                                                   0.39245  0.00000 -0.00659
                                                  -0.01485
                                                   0.00000 -0.74647
                                                  -0.40028  0.00000  0.76132

         407      424    409      0   Z-then-X    -0.15108
                                                  -0.15672  0.00000 -0.05877
                                                  -0.34754
                                                   0.00000 -0.29521
                                                  -0.07027  0.00000  0.64275

         408      416    406      0   Z-then-X     0.81901
                                                   0.02435  0.00000  0.55224
                                                   0.09256
                                                   0.00000 -0.08737
                                                  -0.48914  0.00000 -0.00519

         409      425    407      0   Z-then-X     0.11516
                                                  -0.27999  0.00000 -0.29007
                                                   0.28515
                                                   0.00000 -0.58549
                                                   0.37385  0.00000  0.30034

         410      411    411      0   Bisector    -0.13268
                                                   0.00000  0.00000  0.02316
                                                   0.35846
                                                   0.00000  0.03292
                                                   0.00000  0.00000 -0.39138

         411      420    412      0   Z-then-X    -0.07490
                                                  -0.09266  0.00000  0.09842
                                                   0.21165
                                                   0.00000 -0.05968
                                                  -0.02083  0.00000 -0.15197

         412      421    413      0   Z-then-X     0.08343
                                                  -0.03644  0.00000 -0.15930
                                                  -0.25070
                                                   0.00000 -0.41714
                                                  -0.00332  0.00000  0.66784

         413      412    412      0   Bisector    -0.02813
                                                   0.00000  0.00000 -0.01843
                                                   0.27294
                                                   0.00000 -0.22047
                                                   0.00000  0.00000 -0.05247

         414      423    415      0   Z-then-X     0.06561
                                                  -0.00707  0.00000 -0.10118
                                                  -0.24951
                                                   0.00000 -0.41718
                                                  -0.01477  0.00000  0.66669

         415      414    414      0   Bisector    -0.04514
                                                   0.00000  0.00000 -0.05407
                                                   0.24841
                                                   0.00000 -0.22522
                                                   0.00000  0.00000 -0.02319

         418      404    414      0   Z-then-X     0.01835
                                                   0.03728  0.00000 -0.15201
                                                   0.04583
                                                   0.00000  0.01265
                                                   0.02476  0.00000 -0.05848

         419      406    409      0   Z-then-X     0.09957
                                                  -0.03602  0.00000 -0.17350
                                                   0.06604
                                                   0.00000 -0.04366
                                                  -0.01163  0.00000 -0.02238

         416      408    406      0   Z-then-X    -0.83755
                                                   0.12813  0.00000 -0.12133
                                                  -0.57642
                                                   0.00000  0.16239
                                                   0.19584  0.00000  0.41403

         420      411    412      0   Z-then-X     0.02339
                                                   0.04533  0.00000 -0.12211
                                                  -0.00710
                                                   0.00000  0.01748
                                                   0.01583  0.00000 -0.01038

         421      412    413      0   Z-then-X     0.00963
                                                   0.01846  0.00000 -0.09774
                                                   0.10105
                                                   0.00000 -0.06483
                                                   0.02805  0.00000 -0.03622

         422      413      0      0   Z-Only       0.00766
                                                   0.00000  0.00000 -0.16231
                                                   0.03058
                                                   0.00000  0.03058
                                                   0.00000  0.00000 -0.06116

         423      414    415      0   Z-then-X     0.00842
                                                   0.01497  0.00000 -0.10520
                                                   0.11327
                                                   0.00000 -0.06844
                                                   0.01742  0.00000 -0.04483

         424      407    409      0   Z-then-X     0.02691
                                                   0.01114  0.00000 -0.16057
                                                   0.22059
                                                   0.00000 -0.06785
                                                  -0.01138  0.00000 -0.15274

         425      409    407      0   Z-then-X     0.02481
                                                   0.05288  0.00000 -0.19460
                                                   0.15783
                                                   0.00000 -0.00823
                                                   0.05142  0.00000 -0.14960

         426      415      0      0   Z-Only       0.00467
                                                   0.00000  0.00000 -0.17414
                                                   0.03421
                                                   0.00000  0.03421
                                                   0.00000  0.00000 -0.06842

 Additional Atomic Dipole Polarizability Parameters :

     Atom Type           Alpha       Thole     Group Atom Types

         401             1.415       0.390
         402             1.185       0.390         417
         403             2.064       0.390         404
         404             2.064       0.390         403  414  418
         417             0.457       0.390         402
         405             2.064       0.390         407  408
         406             1.243       0.390         408  409  419
         407             2.064       0.390         405  409  424
         408             2.064       0.390         405  406  416
         409             2.064       0.390         406  407  425
         410             2.064       0.390         411
         411             2.064       0.390         410  412  420
         412             2.064       0.390         411  413  421
         413             2.064       0.390         412  422
         414             2.064       0.390         404  415  423
         415             2.064       0.390         414  426
         418             0.432       0.390         404
         419             0.457       0.390         406
         416             0.914       0.390         408
         420             0.432       0.390         411
         421             0.432       0.390         412
         422             0.432       0.390         413
         423             0.432       0.390         414
         424             0.432       0.390         407
         425             0.432       0.390         409
         426             0.432       0.390         415

 Additional van der Waals Parameters :

     Atom Class               Size        Epsilon        Reduction

         424                2.9100         0.0330          0.900
         426                2.9800         0.0260          0.920
         425                3.0000         0.0240          0.940
         417                2.7000         0.0200          0.910
         408                3.8200         0.1060          0.000
         416                3.3000         0.1120          0.000
         406                3.7100         0.1100          0.000
         419                2.5900         0.0220          0.900
         407                3.8000         0.0910          0.000
         409                3.8000         0.0910          0.000
         410                3.8000         0.0910          0.000
         403                3.8000         0.0910          0.000
         412                3.8000         0.0910          0.000
         414                3.8000         0.0910          0.000
         415                3.8000         0.0910          0.000
         420                2.9800         0.0260          0.920
         421                2.9800         0.0260          0.920
         418                2.9800         0.0260          0.920
         422                2.9800         0.0260          0.920
         423                2.9800         0.0260          0.920
         402                3.7100         0.1050          0.000
         405                3.8000         0.1010          0.000
         411                3.8000         0.1010          0.000
         404                3.8000         0.1010          0.000
         413                3.8000         0.1010          0.000
         401                3.6500         0.1010          0.000

 Additional Solvation Parameters :

     Atom Type                PB Size     CS Size     GK Size

         418             2.5740      2.7580      2.9054
         420             2.5740      2.7580      2.9054
         421             2.5740      2.7580      2.9054
         422             2.5740      2.7580      2.9054
         423             2.5740      2.7580      2.9054
         424             2.5740      2.7580      2.9054
         425             2.5740      2.7580      2.9054
         426             2.5740      2.7580      2.9054
         417             2.9089      2.8360      3.5214
         419             3.6491      3.4040      2.9894
         404             3.8585      3.7660      3.8448
         411             3.8585      3.7660      3.8448
         408             2.9301      4.5060      4.2118
         403             3.6909      3.7660      4.4258
         410             3.6909      3.7660      4.4258
         412             3.8286      3.8930      4.5084
         413             3.8286      3.8930      4.5084
         414             3.8286      3.8930      4.5084
         415             3.8286      3.8930      4.5084
         401             2.9301      4.5060      4.2118
         405             2.9301      4.5060      4.2118
         407             2.9301      4.5060      4.2118
         409             2.9301      4.5060      4.2118
         406             2.8836      2.9900      3.2180
         402             3.7100      3.4980      3.7307
         416             2.9835      3.3560      2.9616

 Limited Memory BFGS Quasi-Newton Optimization :

 QN Iter     F Value      G RMS      F Move   X Move   Angle  FG Call  Comment

     0       78.9546   138.8246                                   1
     1       15.9537    36.5654     63.0010   0.0244    0.00      3    Success 
     2        9.8422    20.3269      6.1115   0.0072   14.25      4    Success 
     3        6.4384     9.4683      3.4039   0.0083   19.67      5    Success 
     4        5.0993     8.1440      1.3391   0.0063   26.62      6    Success 
     5        3.4922     7.2565      1.6070   0.0113   40.07      7    Success 
     6        2.7618    10.7548      0.7304   0.0146   51.95      8    Success 
     7        1.9165     4.5509      0.8453   0.0049   44.81      9    Success 
     8        1.4815     4.2048      0.4349   0.0050   40.70     10    Success 
     9        0.9357     5.0300      0.5458   0.0091   56.25     11    Success 
    10        0.2167     6.5010      0.7191   0.0154   65.60     12    Success 
    11       -0.2802     6.6750      0.4969   0.0230   73.58     13    Success 
    12       -0.7210     3.3152      0.4407   0.0032   31.72     14    Success 
    13       -1.0979     3.9947      0.3769   0.0059   38.99     15    Success 
    14       -1.5684     4.8442      0.4706   0.0115   66.81     16    Success 
    15       -2.2275     5.4386      0.6591   0.0204   73.74     17    Success 
    16       -2.7304     6.1330      0.5029   0.0329   77.47     18    Success 
    17       -3.2131     2.9611      0.4827   0.0070   61.65     19    Success 
    18       -3.5530     3.8223      0.3399   0.0083   55.82     20    Success 
    19       -3.9662     4.3453      0.4132   0.0144   73.44     21    Success 
    20       -4.4869     5.6351      0.5207   0.0243   76.70     22    Success 
    21       -5.0047     3.2292      0.5178   0.0338   80.73     23    Success 
    22       -5.2391     2.3570      0.2343   0.0053   54.23     24    Success 
    23       -5.4545     2.7641      0.2155   0.0064   52.87     25    Success 
    24       -5.6522     4.1707      0.1976   0.0105   69.93     26    Success 
    25       -5.7901     5.4264      0.1379   0.0143   78.75     27    Success 
    26       -5.9321     1.8828      0.1420   0.0031   68.75     28    Success 
    27       -5.9899     1.6577      0.0578   0.0041   70.12     29    Success 
    28       -6.0360     1.6803      0.0461   0.0031   71.43     30    Success 
    29       -6.1105     1.7560      0.0746   0.0052   71.81     31    Success 
    30       -6.2090     1.8948      0.0985   0.0065   67.50     32    Success 
    31       -6.2954     1.3483      0.0863   0.0088   75.52     33    Success 
    32       -6.3500     1.6149      0.0547   0.0051   69.24     34    Success 
    33       -6.4276     1.4015      0.0776   0.0058   69.93     35    Success 
    34       -6.4991     2.5952      0.0715   0.0086   67.78     36    Success 
    35       -6.5691     1.3471      0.0700   0.0063   77.52     37    Success 
    36       -6.6148     1.2393      0.0458   0.0028   61.73     38    Success 
    37       -6.6775     1.7798      0.0627   0.0067   71.08     39    Success 
    38       -6.7558     1.5905      0.0783   0.0107   78.84     40    Success 
    39       -6.8402     1.5931      0.0844   0.0106   78.29     41    Success 
    40       -6.9448     1.6439      0.1046   0.0151   78.09     42    Success 
    41       -7.0169     2.0847      0.0721   0.0121   75.52     43    Success 
    42       -7.0625     0.9695      0.0455   0.0025   66.47     44    Success 
    43       -7.0847     0.6541      0.0222   0.0017   53.44     45    Success 
    44       -7.0997     0.6895      0.0150   0.0025   67.66     46    Success 
    45       -7.1148     0.9852      0.0151   0.0046   73.94     47    Success 
    46       -7.1311     0.6979      0.0164   0.0035   78.57     48    Success 
    47       -7.1487     0.6648      0.0175   0.0035   73.06     49    Success 
    48       -7.1607     1.7418      0.0121   0.0050   73.52     50    Success 
    49       -7.1747     0.8158      0.0139   0.0019   77.60     51    Success 
    50       -7.1827     0.7169      0.0081   0.0011   71.51     52    Success 
    51       -7.1956     0.6667      0.0129   0.0016   65.55     53    Success 
    52       -7.2152     0.7450      0.0196   0.0038   72.64     54    Success 
    53       -7.2269     1.8286      0.0117   0.0070   77.30     55    Success 
    54       -7.2444     1.0149      0.0175   0.0025   81.45     56    Success 
    55       -7.2588     0.4457      0.0144   0.0034   78.98     57    Success 
    56       -7.2657     0.4957      0.0069   0.0021   73.42     58    Success 
    57       -7.2755     0.5498      0.0099   0.0027   72.12     59    Success 
    58       -7.2781     1.3146      0.0025   0.0044   76.00     60    Success 
    59       -7.2826     1.0186      0.0045   0.0004   74.63     61    Success 
    60       -7.2899     0.5636      0.0073   0.0010   74.56     62    Success 
    61       -7.2975     0.4738      0.0075   0.0018   69.58     63    Success 
    62       -7.3015     0.5678      0.0040   0.0011   74.74     64    Success 
    63       -7.3087     0.6052      0.0072   0.0019   77.34     65    Success 
    64       -7.3204     0.7594      0.0117   0.0031   77.03     66    Success 
    65       -7.3381     0.6011      0.0177   0.0062   81.56     67    Success 
    66       -7.3479     1.2106      0.0098   0.0101   81.80     68    Success 
    67       -7.3577     0.4692      0.0098   0.0027   79.96     69    Success 
    68       -7.3620     0.3269      0.0043   0.0015   76.61     70    Success 
    69       -7.3676     0.3284      0.0056   0.0013   53.35     71    Success 
    70       -7.3683     0.9747      0.0006   0.0028   71.57     72    Success 
    71       -7.3695     0.8703      0.0012   0.0001   51.67     73    Success 
    72       -7.3717     0.7015      0.0022   0.0002   66.05     74    Success 
    73       -7.3754     0.4430      0.0037   0.0007   75.36     75    Success 
    74       -7.3801     0.3023      0.0047   0.0017   73.10     76    Success 
    75       -7.3821     0.5555      0.0020   0.0018   79.15     77    Success 
    76       -7.3843     0.4539      0.0021   0.0013   83.74     78    Success 
    77       -7.3873     0.2574      0.0031   0.0019   81.67     79    Success 
    78       -7.3896     0.2601      0.0023   0.0017   75.76     80    Success 
    79       -7.3912     0.3641      0.0015   0.0013   76.37     81    Success 
    80       -7.3927     0.2913      0.0016   0.0007   77.01     82    Success 
    81       -7.3949     0.2023      0.0022   0.0010   71.73     83    Success 
    82       -7.3965     0.3169      0.0016   0.0014   71.43     84    Success 
    83       -7.3978     0.2783      0.0013   0.0008   77.15     85    Success 
    84       -7.3992     0.2357      0.0013   0.0010   78.91     86    Success 
    85       -7.4005     0.3030      0.0014   0.0015   77.19     87    Success 
    86       -7.4017     0.1986      0.0012   0.0010   79.66     88    Success 
    87       -7.4026     0.2022      0.0009   0.0005   72.30     89    Success 
    88       -7.4039     0.1712      0.0013   0.0009   73.29     90    Success 
    89       -7.4044     0.2517      0.0005   0.0007   74.76     92    Success 
    90       -7.4052     0.1418      0.0007   0.0007   80.00     93    Success 
    91       -7.4057     0.1257      0.0006   0.0006   74.99     94    Success 
    92       -7.4065     0.1720      0.0007   0.0009   73.39     95    Success 
    93       -7.4072     0.2316      0.0008   0.0011   77.21     96    Success 
    94       -7.4082     0.1800      0.0009   0.0007   78.60     97    Success 
    95       -7.4097     0.1763      0.0015   0.0012   75.11     98    Success 
    96       -7.4116     0.2833      0.0020   0.0023   77.35     99    Success 
    97       -7.4135     0.3039      0.0019   0.0030   83.51    100    Success 
    98       -7.4151     0.2969      0.0016   0.0018   82.90    101    Success 
    99       -7.4162     0.5016      0.0011   0.0024   82.17    102    Success 
   100       -7.4173     0.1822      0.0011   0.0003   67.19    103    Success 
   101       -7.4176     0.1659      0.0004   0.0001   55.26    104    Success 
   102       -7.4183     0.1733      0.0006   0.0004   67.57    105    Success 
   103       -7.4194     0.1947      0.0011   0.0009   76.27    106    Success 
   104       -7.4209     0.2363      0.0016   0.0018   79.41    107    Success 
   105       -7.4217     0.2985      0.0008   0.0018   83.73    109    Success 
   106       -7.4227     0.1626      0.0010   0.0017   84.90    110    Success 
   107       -7.4234     0.1331      0.0007   0.0011   81.20    111    Success 
   108       -7.4242     0.2490      0.0008   0.0013   75.95    112    Success 
   109       -7.4250     0.2035      0.0008   0.0010   82.43    113    Success 
   110       -7.4260     0.2182      0.0010   0.0010   78.07    114    Success 
   111       -7.4270     0.2502      0.0010   0.0017   81.03    115    Success 
   112       -7.4279     0.1797      0.0009   0.0008   79.45    116    Success 
   113       -7.4292     0.1837      0.0012   0.0016   80.49    117    Success 
   114       -7.4310     0.2333      0.0019   0.0026   81.36    118    Success 
   115       -7.4330     0.4184      0.0020   0.0046   84.20    119    Success 
   116       -7.4355     0.2581      0.0025   0.0033   85.42    120    Success 
   117       -7.4373     0.2024      0.0018   0.0018   80.09    121    Success 
   118       -7.4386     0.2736      0.0013   0.0017   77.64    122    Success 
   119       -7.4397     0.2201      0.0011   0.0008   78.33    123    Success 
   120       -7.4413     0.2217      0.0016   0.0017   80.19    124    Success 
   121       -7.4427     0.3478      0.0014   0.0033   83.75    125    Success 
   122       -7.4436     0.5325      0.0008   0.0038   86.50    126    Success 
   123       -7.4448     0.2413      0.0012   0.0002   68.79    127    Success 
   124       -7.4458     0.2217      0.0011   0.0011   80.20    128    Success 
   125       -7.4468     0.2886      0.0010   0.0015   83.72    129    Success 
   126       -7.4485     0.3078      0.0016   0.0023   85.11    130    Success 
   127       -7.4511     0.3384      0.0026   0.0036   85.05    131    Success 
   128       -7.4533     0.5016      0.0022   0.0064   85.86    132    Success 
   129       -7.4554     0.1813      0.0021   0.0031   85.69    133    Success 
   130       -7.4560     0.1352      0.0006   0.0006   77.88    134    Success 
   131       -7.4568     0.1808      0.0008   0.0004   50.48    135    Success 
   132       -7.4576     0.2400      0.0008   0.0015   81.52    136    Success 
   133       -7.4584     0.2008      0.0009   0.0013   82.79    137    Success 
   134       -7.4594     0.1748      0.0010   0.0031   85.55    138    Success 
   135       -7.4600     0.1812      0.0006   0.0017   83.23    139    Success 
   136       -7.4606     0.1583      0.0005   0.0007   80.70    140    Success 
   137       -7.4614     0.1222      0.0008   0.0007   74.37    141    Success 
   138       -7.4620     0.2122      0.0006   0.0011   72.35    142    Success 
   139       -7.4624     0.1198      0.0004   0.0008   80.81    143    Success 
   140       -7.4626     0.0759      0.0002   0.0003   78.72    144   SmallGrad

 LBFGS  --  Normal Termination due to SmallGrad

 Final Function Value :           -7.46262326
 Final RMS Gradient :              0.07590133
 Final Gradient Norm :             0.44257699
