
     ######################################################################
   ##########################################################################
  ###                                                                      ###
 ###            Tinker  ---  Software Tools for Molecular Design            ###
 ##                                                                          ##
 ##                      Version 8.10.2   February 2022                      ##
 ##                                                                          ##
 ##               Copyright (c)  Jay William Ponder  1990-2022               ##
 ###                           All Rights Reserved                          ###
  ###                                                                      ###
   ##########################################################################
     ######################################################################


 Additional Atom Definition Parameters :

     Type  Class  Symbol  Description               Atomic    Mass   Valence

      401   401     C     1_16_Index_0                 6     12.011     3
      402   402     N     1_16_Index_0                 7     14.007     3
      403   403     C     1_16_Index_0                 6     12.011     3
      404   404     C     1_16_Index_0                 6     12.011     3
      417   417     H     1_16_Index_0                 1      1.008     1
      405   405     C     1_16_Index_0                 6     12.011     3
      406   406     N     1_16_Index_0                 7     14.007     3
      407   407     C     1_16_Index_0                 6     12.011     3
      408   408     C     1_16_Index_0                 6     12.011     3
      409   409     C     1_16_Index_0                 6     12.011     3
      410   410     C     1_16_Index_0                 6     12.011     3
      411   411     C     1_16_Index_0                 6     12.011     3
      412   412     C     1_16_Index_0                 6     12.011     3
      413   413     C     1_16_Index_0                 6     12.011     3
      414   414     C     1_16_Index_0                 6     12.011     3
      415   415     C     1_16_Index_0                 6     12.011     3
      418   418     H     1_16_Index_0                 1      1.008     1
      419   419     H     1_16_Index_0                 1      1.008     1
      416   416     O     1_16_Index_0                 8     15.999     1
      420   420     H     1_16_Index_0                 1      1.008     1
      421   421     H     1_16_Index_0                 1      1.008     1
      422   422     H     1_16_Index_0                 1      1.008     1
      423   423     H     1_16_Index_0                 1      1.008     1
      424   424     H     1_16_Index_0                 1      1.008     1
      425   425     H     1_16_Index_0                 1      1.008     1
      426   426     H     1_16_Index_0                 1      1.008     1

 Additional Bond Stretching Parameters :

     Atom Classes             K(S)         Length

       408 405             385.000         1.4700
       416 408             601.800         1.2500
       401 410             385.000         1.4700
       403 402             653.900         1.4100
       401 402             400.000         1.3600
       405 401             485.389         1.3800
       417 402             451.428         1.0300
       404 403             379.094         1.4000
       414 404             379.094         1.3900
       418 404             368.093         1.0900
       407 405             485.389         1.4400
       408 406             363.157         1.3800
       409 406             316.061         1.4000
       419 406             475.798         1.0100
       409 407             485.389         1.3600
       424 407             365.162         1.0800
       425 409             365.162         1.0800
       411 410             379.094         1.4000
       412 411             379.094         1.3900
       420 411             368.093         1.0900
       413 412             379.094         1.4000
       421 412             368.093         1.0900
       422 413             368.093         1.0900
       415 414             379.094         1.4000
       423 414             368.093         1.0900
       426 415             368.093         1.0900

 Additional Angle Bending Parameters :

     Atom Classes             K(B)          Angle

     401 405 407            60.000        130.540
     401 405 408            60.000        121.900
     402 401 405            60.000        117.635
     405 407 409            60.000        107.110
     405 401 410            60.000        121.240
     407 405 408            60.000        107.530
     416 408 405            65.000        129.430
     406 408 405            60.000        104.730
     406 408 416            76.980        125.830
     408 406 409            65.000        110.970
     401 410 411            60.000        120.120
     403 402 417            35.250        117.940
     401 402 417            65.000        113.110
     403 402 401            65.000        127.760
     404 403 402            47.480        120.100
     410 401 402            80.000        120.809
     414 404 403            74.631        119.870
     418 404 403            36.770        119.620
     404 403 404            74.631        119.740
     415 414 404            74.631        120.510
     423 414 404            36.770        119.360
     424 407 405            57.301        126.960
     407 409 406            71.989        109.600
     425 409 406            33.508        120.470
     425 409 407            57.301        129.930
     419 406 408            40.855        122.450
     419 406 409            37.409        126.400
     424 407 409            57.301        125.920
     412 411 410            74.631        119.950
     420 411 410            36.770        119.430
     411 410 411            74.631        119.760
     413 412 411            74.631        120.230
     421 412 411            36.770        119.740
     420 411 412            36.770        120.610
     412 413 412            74.631        119.860
     422 413 412            36.770        120.070
     421 412 413            36.770        120.030
     418 404 414            36.770        120.510
     414 415 414            74.631        119.480
     426 415 414            36.770        120.260
     423 414 415            36.770        120.130

 Additional Stretch-Bend Parameters :

     Atom Classes          K(SB)-1        K(SB)-2

     401 405 407             0.000          0.000
     401 405 408             0.000          0.000
     402 401 405             0.000          0.000
     405 407 409             0.000          0.000
     405 401 410             0.000          0.000
     407 405 408             0.000          0.000
     416 408 405             0.000          0.000
     406 408 405             0.000          0.000
     406 408 416            18.700         18.700
     408 406 409             0.000          0.000
     401 410 411             0.000          0.000
     403 402 417             4.300          4.300
     401 402 417             0.000          0.000
     403 402 401             0.000          0.000
     404 403 402            18.700         18.700
     410 401 402             0.000          0.000
     414 404 403            20.453         20.453
     418 404 403            20.453         20.453
     404 403 404            20.453         20.453
     415 414 404            20.453         20.453
     423 414 404            20.453         20.453
     424 407 405            34.200         34.200
     407 409 406            34.200         34.200
     425 409 406            34.200         34.200
     425 409 407            34.200         34.200
     419 406 408            25.952         25.952
     419 406 409            11.085         11.085
     424 407 409            34.200         34.200
     412 411 410            20.453         20.453
     420 411 410            20.453         20.453
     411 410 411            20.453         20.453
     413 412 411            20.453         20.453
     421 412 411            20.453         20.453
     420 411 412            20.453         20.453
     412 413 412            20.453         20.453
     422 413 412            20.453         20.453
     421 412 413            20.453         20.453
     418 404 414            20.453         20.453
     414 415 414            20.453         20.453
     426 415 414            20.453         20.453
     423 414 415            20.453         20.453

 Additional Out-of-Plane Bend Parameters :

     Atom Classes                   K(OPB)

     417 402   0   0                 5.800
     401 410   0   0                 7.200
     402 401   0   0                14.400
     410 401   0   0                 1.400
     404 403   0   0                84.886
     403 404   0   0                84.886
     414 404   0   0                84.886
     404 414   0   0                84.886
     418 404   0   0                72.814
     408 405   0   0                38.816
     405 408   0   0                38.816
     408 406   0   0                21.717
     406 408   0   0                21.717
     409 406   0   0                38.816
     406 409   0   0                38.816
     419 406   0   0                26.895
     416 408   0   0                16.505
     411 410   0   0                84.886
     410 411   0   0                84.886
     412 411   0   0                84.886
     411 412   0   0                84.886
     420 411   0   0                72.814
     413 412   0   0                84.886
     412 413   0   0                84.886
     421 412   0   0                72.814
     422 413   0   0                72.814
     415 414   0   0                84.886
     414 415   0   0                84.886
     423 414   0   0                72.814
     426 415   0   0                72.814
     401 402   0   0                 3.600
     405 401   0   0                14.390
     409 407   0   0                14.390
     401 405   0   0                14.390
     407 409   0   0                14.390
     403 402   0   0                 3.600
     402 403   0   0                14.390
     407 405   0   0                14.390
     405 407   0   0                14.390
     424 407   0   0                14.390
     425 409   0   0                14.390

 Additional Torsional Parameters :

     Atom Classes     1-Fold    2-Fold    3-Fold    4-Fold    5-Fold    6-Fold

   409 407 405 401  -0.67   0  6.29 180  0.00   0  0.00   0  0.00   0  0.00   0
   424 407 405 401   0.55   0  6.19 180 -0.55   0  0.00   0  0.00   0  0.00   0
   406 408 405 401  -0.67   0  6.29 180  0.00   0  0.00   0  0.00   0  0.00   0
   416 408 405 401  -0.67   0  6.29 180  0.00   0  0.00   0  0.00   0  0.00   0
   407 405 401 402   0.00   0  0.00 180  0.30   0  0.00   0  0.00   0  0.00   0
   408 405 401 402   0.00   0  0.00 180  0.30   0  0.00   0  0.00   0  0.00   0
   405 401 402 403   0.00   0  0.00 180  0.30   0  0.00   0  0.00   0  0.00   0
   405 401 402 417   0.55   0  6.19 180 -0.55   0  0.00   0  0.00   0  0.00   0
   406 409 407 405  -0.67   0  6.29 180  0.00   0  0.00   0  0.00   0  0.00   0
   425 409 407 405   0.55   0  6.19 180 -0.55   0  0.00   0  0.00   0  0.00   0
   407 405 408 406  -0.67   0  6.29 180  0.00   0  0.00   0  0.00   0  0.00   0
   424 407 409 406   0.55   0  6.19 180 -0.55   0  0.00   0  0.00   0  0.00   0
   410 401 405 407   0.00   0  0.00 180  0.30   0  0.00   0  0.00   0  0.00   0
   416 408 405 407  -0.67   0  6.29 180  0.00   0  0.00   0  0.00   0  0.00   0
   408 406 409 407  -0.67   0  6.29 180  0.00   0  0.00   0  0.00   0  0.00   0
   419 406 409 407   0.55   0  6.19 180 -0.55   0  0.00   0  0.00   0  0.00   0
   409 407 405 408  -0.67   0  6.29 180  0.00   0  0.00   0  0.00   0  0.00   0
   424 407 405 408   0.55   0  6.19 180 -0.55   0  0.00   0  0.00   0  0.00   0
   410 401 405 408   0.00   0  0.00 180  0.30   0  0.00   0  0.00   0  0.00   0
   425 409 407 424   0.00   0  6.36 180  0.00   0  0.00   0  0.00   0  0.00   0
   425 409 406 408   0.55   0  6.19 180 -0.55   0  0.00   0  0.00   0  0.00   0
   425 409 406 419   0.00   0  6.36 180  0.00   0  0.00   0  0.00   0  0.00   0
   409 406 408 405  -1.00   0  4.28 180  2.05   0  0.00   0  0.00   0  0.00   0
   419 406 408 405   0.00   0  3.48 180  0.80   0  0.00   0  0.00   0  0.00   0
   416 408 406 409   1.00   0  9.10 180 -2.25   0  0.00   0  0.00   0  0.00   0
   419 406 408 416   0.00   0  1.62 180 -0.36   0  0.00   0  0.00   0  0.00   0
   415 414 404 403  -0.67   0  6.29 180  0.00   0  0.00   0  0.00   0  0.00   0
   414 404 403 404  -0.67   0  6.29 180  0.00   0  0.00   0  0.00   0  0.00   0
   414 415 414 404  -0.67   0  7.43 180  0.00   0  0.00   0  0.00   0  0.00   0
   413 412 411 410  -0.67   0  6.29 180  0.00   0  0.00   0  0.00   0  0.00   0
   412 411 410 411  -0.67   0  7.43 180  0.00   0  0.00   0  0.00   0  0.00   0
   412 413 412 411  -0.67   0  6.29 180  0.00   0  0.00   0  0.00   0  0.00   0
   423 414 404 403   0.55   0  6.19 180 -0.55   0  0.00   0  0.00   0  0.00   0
   418 404 403 404   0.55   0  6.19 180 -0.55   0  0.00   0  0.00   0  0.00   0
   426 415 414 404   0.55   0  7.96 180 -0.55   0  0.00   0  0.00   0  0.00   0
   421 412 411 410   0.55   0  6.82 180 -0.55   0  0.00   0  0.00   0  0.00   0
   420 411 410 411   0.55   0  7.96 180 -0.55   0  0.00   0  0.00   0  0.00   0
   422 413 412 411   0.55   0  6.82 180 -0.55   0  0.00   0  0.00   0  0.00   0
   421 412 413 412   0.55   0 11.38 180 -0.55   0  0.00   0  0.00   0  0.00   0
   420 411 412 413   0.55   0 11.38 180 -0.55   0  0.00   0  0.00   0  0.00   0
   423 414 415 414   0.55   0 11.38 180 -0.55   0  0.00   0  0.00   0  0.00   0
   418 404 414 415   0.55   0 11.38 180 -0.55   0  0.00   0  0.00   0  0.00   0
   401 410 411 412  -0.67   0  6.29 180  0.00   0  0.00   0  0.00   0  0.00   0
   423 414 404 418   0.00   0  6.36 180  0.00   0  0.00   0  0.00   0  0.00   0
   421 412 411 420   0.00   0  6.36 180  0.00   0  0.00   0  0.00   0  0.00   0
   422 413 412 421   0.00   0  6.36 180  0.00   0  0.00   0  0.00   0  0.00   0
   401 410 411 420   0.55   0  6.19 180 -0.55   0  0.00   0  0.00   0  0.00   0
   410 401 402 417   0.55   0  6.19 180 -0.55   0  0.00   0  0.00   0  0.00   0
   404 403 402 401   0.00   0  0.00 180  0.00   0  0.00   0  0.00   0  0.00   0
   410 401 402 403   0.00   0 14.00 180  0.00   0  0.00   0  0.00   0  0.00   0
   426 415 414 423   0.00   0  7.07 180  0.00   0  0.00   0  0.00   0  0.00   0
   402 403 404 418  -3.15   0  3.00 180  0.00   0  0.00   0  0.00   0  0.00   0
   411 410 401 402   0.00   0  0.00 180  0.00   0  0.00   0  0.00   0  0.00   0
   414 404 403 402  -0.67   0  6.29 180  0.00   0  0.00   0  0.00   0  0.00   0
   411 410 401 405   0.00   0  0.00 180  0.00   0  0.00   0  0.00   0  0.00   0
   417 402 403 404   0.00   0  0.00 180  0.11   0  0.00   0  0.00   0  0.00   0
   404 403 402 417   0.00   0  0.00 180  0.11   0  0.00   0  0.00   0  0.00   0

 Additional Atomic Multipole Parameters :

     Atom Type     Coordinate Frame Definition         Multipole Moments

         401      410    405      0   Z-then-X     0.28418
                                                  -0.38239  0.00000  0.14550
                                                  -0.27918
                                                   0.00000  0.68293
                                                   0.58858  0.00000 -0.40375

         402      417    403      0   Z-then-X    -0.19940
                                                   0.23507  0.00000 -0.11459
                                                  -0.05408
                                                   0.00000 -0.52382
                                                  -0.17462  0.00000  0.57790

         403      404    404      0   Bisector    -0.01732
                                                   0.00000  0.00000 -0.13229
                                                  -0.37857
                                                   0.00000  0.04878
                                                   0.00000  0.00000  0.32979

         404      418    414      0   Z-then-X    -0.03499
                                                  -0.06278  0.00000  0.09744
                                                   0.17466
                                                   0.00000 -0.12307
                                                  -0.08752  0.00000 -0.05159

         417      402    403      0   Z-then-X     0.23651
                                                  -0.04704  0.00000 -0.00785
                                                   0.04324
                                                   0.00000 -0.05763
                                                  -0.12557  0.00000  0.01439

         405      408    407      0   Z-then-X    -0.16842
                                                   0.04406  0.00000 -0.13452
                                                   0.31221
                                                   0.00000 -0.05477
                                                  -0.28223  0.00000 -0.25744

         406      419    409      0   Z-then-X    -0.23664
                                                   0.39245  0.00000 -0.00659
                                                  -0.01485
                                                   0.00000 -0.74647
                                                  -0.40028  0.00000  0.76132

         407      424    409      0   Z-then-X    -0.15108
                                                  -0.15672  0.00000 -0.05877
                                                  -0.34754
                                                   0.00000 -0.29521
                                                  -0.07027  0.00000  0.64275

         408      416    406      0   Z-then-X     0.81901
                                                   0.02435  0.00000  0.55224
                                                   0.09256
                                                   0.00000 -0.08737
                                                  -0.48914  0.00000 -0.00519

         409      425    407      0   Z-then-X     0.11516
                                                  -0.27999  0.00000 -0.29007
                                                   0.28515
                                                   0.00000 -0.58549
                                                   0.37385  0.00000  0.30034

         410      411    411      0   Bisector    -0.13268
                                                   0.00000  0.00000  0.02316
                                                   0.35846
                                                   0.00000  0.03292
                                                   0.00000  0.00000 -0.39138

         411      420    412      0   Z-then-X    -0.07490
                                                  -0.09266  0.00000  0.09842
                                                   0.21165
                                                   0.00000 -0.05968
                                                  -0.02083  0.00000 -0.15197

         412      421    413      0   Z-then-X     0.08343
                                                  -0.03644  0.00000 -0.15930
                                                  -0.25070
                                                   0.00000 -0.41714
                                                  -0.00332  0.00000  0.66784

         413      412    412      0   Bisector    -0.02813
                                                   0.00000  0.00000 -0.01843
                                                   0.27294
                                                   0.00000 -0.22047
                                                   0.00000  0.00000 -0.05247

         414      423    415      0   Z-then-X     0.06561
                                                  -0.00707  0.00000 -0.10118
                                                  -0.24951
                                                   0.00000 -0.41718
                                                  -0.01477  0.00000  0.66669

         415      414    414      0   Bisector    -0.04514
                                                   0.00000  0.00000 -0.05407
                                                   0.24841
                                                   0.00000 -0.22522
                                                   0.00000  0.00000 -0.02319

         418      404    414      0   Z-then-X     0.01835
                                                   0.03728  0.00000 -0.15201
                                                   0.04583
                                                   0.00000  0.01265
                                                   0.02476  0.00000 -0.05848

         419      406    409      0   Z-then-X     0.09957
                                                  -0.03602  0.00000 -0.17350
                                                   0.06604
                                                   0.00000 -0.04366
                                                  -0.01163  0.00000 -0.02238

         416      408    406      0   Z-then-X    -0.83755
                                                   0.12813  0.00000 -0.12133
                                                  -0.57642
                                                   0.00000  0.16239
                                                   0.19584  0.00000  0.41403

         420      411    412      0   Z-then-X     0.02339
                                                   0.04533  0.00000 -0.12211
                                                  -0.00710
                                                   0.00000  0.01748
                                                   0.01583  0.00000 -0.01038

         421      412    413      0   Z-then-X     0.00963
                                                   0.01846  0.00000 -0.09774
                                                   0.10105
                                                   0.00000 -0.06483
                                                   0.02805  0.00000 -0.03622

         422      413      0      0   Z-Only       0.00766
                                                   0.00000  0.00000 -0.16231
                                                   0.03058
                                                   0.00000  0.03058
                                                   0.00000  0.00000 -0.06116

         423      414    415      0   Z-then-X     0.00842
                                                   0.01497  0.00000 -0.10520
                                                   0.11327
                                                   0.00000 -0.06844
                                                   0.01742  0.00000 -0.04483

         424      407    409      0   Z-then-X     0.02691
                                                   0.01114  0.00000 -0.16057
                                                   0.22059
                                                   0.00000 -0.06785
                                                  -0.01138  0.00000 -0.15274

         425      409    407      0   Z-then-X     0.02481
                                                   0.05288  0.00000 -0.19460
                                                   0.15783
                                                   0.00000 -0.00823
                                                   0.05142  0.00000 -0.14960

         426      415      0      0   Z-Only       0.00467
                                                   0.00000  0.00000 -0.17414
                                                   0.03421
                                                   0.00000  0.03421
                                                   0.00000  0.00000 -0.06842

 Additional Atomic Dipole Polarizability Parameters :

     Atom Type           Alpha       Thole     Group Atom Types

         401             1.415       0.390
         402             1.185       0.390         417
         403             2.064       0.390         404
         404             2.064       0.390         403  414  418
         417             0.457       0.390         402
         405             2.064       0.390         407  408
         406             1.243       0.390         408  409  419
         407             2.064       0.390         405  409  424
         408             2.064       0.390         405  406  416
         409             2.064       0.390         406  407  425
         410             2.064       0.390         411
         411             2.064       0.390         410  412  420
         412             2.064       0.390         411  413  421
         413             2.064       0.390         412  422
         414             2.064       0.390         404  415  423
         415             2.064       0.390         414  426
         418             0.432       0.390         404
         419             0.457       0.390         406
         416             0.914       0.390         408
         420             0.432       0.390         411
         421             0.432       0.390         412
         422             0.432       0.390         413
         423             0.432       0.390         414
         424             0.432       0.390         407
         425             0.432       0.390         409
         426             0.432       0.390         415

 Additional van der Waals Parameters :

     Atom Class               Size        Epsilon        Reduction

         424                2.9100         0.0330          0.900
         426                2.9800         0.0260          0.920
         425                3.0000         0.0240          0.940
         417                2.7000         0.0200          0.910
         408                3.8200         0.1060          0.000
         416                3.3000         0.1120          0.000
         406                3.7100         0.1100          0.000
         419                2.5900         0.0220          0.900
         407                3.8000         0.0910          0.000
         409                3.8000         0.0910          0.000
         410                3.8000         0.0910          0.000
         403                3.8000         0.0910          0.000
         412                3.8000         0.0910          0.000
         414                3.8000         0.0910          0.000
         415                3.8000         0.0910          0.000
         420                2.9800         0.0260          0.920
         421                2.9800         0.0260          0.920
         418                2.9800         0.0260          0.920
         422                2.9800         0.0260          0.920
         423                2.9800         0.0260          0.920
         402                3.7100         0.1050          0.000
         405                3.8000         0.1010          0.000
         411                3.8000         0.1010          0.000
         404                3.8000         0.1010          0.000
         413                3.8000         0.1010          0.000
         401                3.6500         0.1010          0.000

 Additional Solvation Parameters :

     Atom Type                PB Size     CS Size     GK Size

         418             2.5740      2.7580      2.9054
         420             2.5740      2.7580      2.9054
         421             2.5740      2.7580      2.9054
         422             2.5740      2.7580      2.9054
         423             2.5740      2.7580      2.9054
         424             2.5740      2.7580      2.9054
         425             2.5740      2.7580      2.9054
         426             2.5740      2.7580      2.9054
         417             2.9089      2.8360      3.5214
         419             3.6491      3.4040      2.9894
         404             3.8585      3.7660      3.8448
         411             3.8585      3.7660      3.8448
         408             2.9301      4.5060      4.2118
         403             3.6909      3.7660      4.4258
         410             3.6909      3.7660      4.4258
         412             3.8286      3.8930      4.5084
         413             3.8286      3.8930      4.5084
         414             3.8286      3.8930      4.5084
         415             3.8286      3.8930      4.5084
         401             2.9301      4.5060      4.2118
         405             2.9301      4.5060      4.2118
         407             2.9301      4.5060      4.2118
         409             2.9301      4.5060      4.2118
         406             2.8836      2.9900      3.2180
         402             3.7100      3.4980      3.7307
         416             2.9835      3.3560      2.9616

 Limited Memory BFGS Quasi-Newton Optimization :

 QN Iter     F Value      G RMS      F Move   X Move   Angle  FG Call  Comment

     0       65.9050   143.8139                                   1
     1        1.3371    29.8739     64.5680   0.0233    0.00      3    Success 
     2       -3.1675    21.1363      4.5045   0.0058    9.23      4    Success 
     3       -7.4115     7.9582      4.2440   0.0113   18.62      5    Success 
     4       -8.3326     6.8662      0.9211   0.0051   24.70      6    Success 
     5       -9.4868     5.8011      1.1542   0.0100   39.06      7    Success 
     6      -10.1968     9.0631      0.7100   0.0123   48.27      8    Success 
     7      -10.8985     4.8878      0.7018   0.0061   58.83      9    Success 
     8      -11.5716     5.2530      0.6731   0.0088   51.10     10    Success 
     9      -12.4447     6.6709      0.8731   0.0144   63.70     11    Success 
    10      -13.6078     7.3757      1.1630   0.0236   70.99     12    Success 
    11      -14.1818     6.7689      0.5741   0.0178   75.05     14    Success 
    12      -14.7067     3.5188      0.5248   0.0099   71.17     15    Success 
    13      -15.1400     4.3444      0.4333   0.0091   56.62     16    Success 
    14      -15.6425     6.2907      0.5025   0.0125   69.59     17    Success 
    15      -16.3995     6.7640      0.7569   0.0211   77.14     18    Success 
    16      -16.5779    12.6422      0.1784   0.0339   78.81     19    Success 
    17      -16.8998    10.2210      0.3219   0.0013   51.55     20    Success 
    18      -17.4157     5.8038      0.5160   0.0029   50.51     21    Success 
    19      -17.8545     3.0620      0.4388   0.0072   58.76     22    Success 
    20      -18.0089     3.8133      0.1544   0.0048   69.24     23    Success 
    21      -18.2846     4.2490      0.2756   0.0084   73.55     24    Success 
    22      -18.7647     4.5147      0.4801   0.0151   75.32     25    Success 
    23      -19.0984     9.3860      0.3337   0.0275   76.84     26    Success 
    24      -19.6136     5.6955      0.5152   0.0154   82.18     27    Success 
    25      -19.9363     5.8535      0.3227   0.0203   78.61     28    Success 
    26      -20.0829     5.2382      0.1467   0.0078   74.67     29    Success 
    27      -20.1880     2.9296      0.1050   0.0035   77.65     30    Success 
    28      -20.3280     2.3952      0.1401   0.0035   54.73     31    Success 
    29      -20.4529     2.8057      0.1249   0.0056   69.68     32    Success 
    30      -20.6596     2.7643      0.2067   0.0098   74.58     33    Success 
    31      -20.8005     5.3465      0.1409   0.0185   76.23     34    Success 
    32      -21.0110     2.9952      0.2106   0.0079   78.75     35    Success 
    33      -21.1551     1.3764      0.1441   0.0094   75.69     36    Success 
    34      -21.2156     1.5329      0.0605   0.0049   68.58     37    Success 
    35      -21.2936     1.5685      0.0780   0.0064   68.70     38    Success 
    36      -21.3625     2.0804      0.0689   0.0077   71.19     39    Success 
    37      -21.4241     1.3021      0.0616   0.0044   72.82     40    Success 
    38      -21.4791     1.2677      0.0551   0.0044   64.83     41    Success 
    39      -21.5292     1.5711      0.0501   0.0053   70.13     42    Success 
    40      -21.5854     1.4632      0.0561   0.0077   75.90     43    Success 
    41      -21.6325     1.0821      0.0472   0.0044   71.57     44    Success 
    42      -21.6753     1.1597      0.0428   0.0044   64.97     45    Success 
    43      -21.7119     1.2896      0.0365   0.0044   70.24     46    Success 
    44      -21.7487     0.9238      0.0369   0.0043   72.84     47    Success 
    45      -21.7802     1.0397      0.0315   0.0049   69.22     48    Success 
    46      -21.8057     0.9657      0.0255   0.0032   70.79     49    Success 
    47      -21.8362     0.8752      0.0305   0.0042   71.67     50    Success 
    48      -21.8654     1.7217      0.0292   0.0065   71.59     51    Success 
    49      -21.8756     2.7938      0.0103   0.0047   78.28     52    Success 
    50      -21.8923     1.8002      0.0167   0.0007   73.13     53    Success 
    51      -21.9144     0.7493      0.0220   0.0012   63.27     54    Success 
    52      -21.9286     0.9558      0.0142   0.0019   69.19     55    Success 
    53      -21.9520     1.2581      0.0233   0.0038   76.81     56    Success 
    54      -21.9905     1.4972      0.0385   0.0065   80.27     57    Success 
    55      -22.0506     1.7653      0.0601   0.0113   82.31     58    Success 
    56      -22.1255     2.0630      0.0749   0.0173   83.35     59    Success 
    57      -22.2042     1.6738      0.0787   0.0206   84.71     60    Success 
    58      -22.2687     1.3617      0.0645   0.0135   82.16     61    Success 
    59      -22.3206     1.3599      0.0519   0.0049   70.27     62    Success 
    60      -22.3628     1.6230      0.0422   0.0071   76.77     63    Success 
    61      -22.4043     1.3235      0.0415   0.0084   80.70     64    Success 
    62      -22.4362     0.9275      0.0319   0.0055   79.20     65    Success 
    63      -22.4608     1.0021      0.0246   0.0076   80.45     66    Success 
    64      -22.4803     1.1474      0.0195   0.0049   79.65     67    Success 
    65      -22.5069     0.7510      0.0266   0.0056   79.67     68    Success 
    66      -22.5226     0.9568      0.0157   0.0052   75.16     69    Success 
    67      -22.5330     0.6400      0.0104   0.0013   65.41     70    Success 
    68      -22.5396     0.5429      0.0066   0.0008   61.37     71    Success 
    69      -22.5488     0.4612      0.0092   0.0019   67.55     72    Success 
    70      -22.5534     0.7941      0.0046   0.0043   74.92     73    Success 
    71      -22.5577     0.3339      0.0043   0.0004   38.29     74    Success 
    72      -22.5595     0.2885      0.0018   0.0003   38.98     75    Success 
    73      -22.5619     0.3759      0.0024   0.0007   58.24     76    Success 
    74      -22.5646     0.3325      0.0027   0.0016   77.86     77    Success 
    75      -22.5677     0.3456      0.0031   0.0011   71.14     78    Success 
    76      -22.5719     0.2957      0.0043   0.0016   71.03     79    Success 
    77      -22.5747     0.4625      0.0028   0.0024   72.35     80    Success 
    78      -22.5769     0.2329      0.0022   0.0004   56.17     81    Success 
    79      -22.5783     0.2061      0.0014   0.0005   62.05     82    Success 
    80      -22.5803     0.2266      0.0020   0.0010   66.68     83    Success 
    81      -22.5824     0.4129      0.0021   0.0017   71.84     84    Success 
    82      -22.5850     0.2329      0.0025   0.0016   79.79     85    Success 
    83      -22.5868     0.1805      0.0018   0.0012   74.20     86    Success 
    84      -22.5883     0.2769      0.0015   0.0014   70.34     87    Success 
    85      -22.5897     0.2587      0.0014   0.0009   74.48     88    Success 
    86      -22.5911     0.2135      0.0014   0.0007   71.94     89    Success 
    87      -22.5928     0.2318      0.0017   0.0013   72.46     90    Success 
    88      -22.5939     0.2458      0.0011   0.0013   77.06     91    Success 
    89      -22.5948     0.1679      0.0009   0.0006   76.85     92    Success 
    90      -22.5958     0.1350      0.0011   0.0010   72.26     93    Success 
    91      -22.5964     0.1826      0.0005   0.0007   72.50     94    Success 
    92      -22.5969     0.1302      0.0006   0.0006   78.07     95    Success 
    93      -22.5977     0.1289      0.0007   0.0008   70.80     96    Success 
    94      -22.5984     0.2075      0.0007   0.0009   70.90     97    Success 
    95      -22.5992     0.1943      0.0008   0.0008   77.92     98    Success 
    96      -22.5998     0.2418      0.0006   0.0009   77.29     99    Success 
    97      -22.6002     0.1217      0.0004   0.0004   75.62    100    Success 
    98      -22.6004     0.1090      0.0002   0.0001   63.84    101    Success 
    99      -22.6007     0.0866      0.0003   0.0003   71.15    102   SmallGrad

 LBFGS  --  Normal Termination due to SmallGrad

 Final Function Value :          -22.60069327
 Final RMS Gradient :              0.08657451
 Final Gradient Norm :             0.50481179
