
     ######################################################################
   ##########################################################################
  ###                                                                      ###
 ###            Tinker  ---  Software Tools for Molecular Design            ###
 ##                                                                          ##
 ##                      Version 8.10.2   February 2022                      ##
 ##                                                                          ##
 ##               Copyright (c)  Jay William Ponder  1990-2022               ##
 ###                           All Rights Reserved                          ###
  ###                                                                      ###
   ##########################################################################
     ######################################################################


 Additional Atom Definition Parameters :

     Type  Class  Symbol  Description               Atomic    Mass   Valence

      401   401     N     25_27_Index_0                7     14.007     3
      402   402     C     25_27_Index_0                6     12.011     3
      403   403     C     25_27_Index_0                6     12.011     4
      404   404     N     25_27_Index_0                7     14.007     3
      405   405     O     25_27_Index_0                8     15.999     1
      412   412     H     25_27_Index_0                1      1.008     1
      406   406     C     25_27_Index_0                6     12.011     3
      407   407     C     25_27_Index_0                6     12.011     3
      408   408     C     25_27_Index_0                6     12.011     3
      409   409     C     25_27_Index_0                6     12.011     3
      410   410     C     25_27_Index_0                6     12.011     4
      411   411     C     25_27_Index_0                6     12.011     4
      413   413     H     25_27_Index_0                1      1.008     1
      414   414     H     25_27_Index_0                1      1.008     1
      415   415     H     25_27_Index_0                1      1.008     1
      416   416     H     25_27_Index_0                1      1.008     1
      417   417     H     25_27_Index_0                1      1.008     1

 Additional Bond Stretching Parameters :

     Atom Classes             K(S)         Length

       405 402             601.800         1.2300
       406 401             400.000         1.4300
       402 401             363.157         1.3900
       410 401             299.018         1.4600
       403 402             283.862         1.5300
       412 403             340.533         1.1000
       404 403             216.461         1.3962
       411 404             283.795         1.4300
       409 406             379.094         1.4000
       408 407             379.094         1.3900
       417 407             368.093         1.0900
       409 408             379.094         1.3900
       413 408             368.093         1.0900
       414 409             368.093         1.0900
       415 410             345.979         1.0900
       416 411             345.979         1.1000

 Additional Angle Bending Parameters :

     Atom Classes             K(B)          Angle

     404 403 402            60.000        112.560
     411 404 403           103.600        107.963
     405 402 403            65.000        125.047
     401 402 405            76.980        124.045
     402 401 406            65.000        119.070
     406 401 410            65.000        117.450
     409 406 401            80.000        120.020
     403 402 401            57.869        110.905
     415 410 401            56.547        109.279
     410 401 402            93.856        120.721
     412 403 402            48.035        112.144
     412 403 404            57.278        107.183
     416 411 404            53.319        108.676
     412 403 412            30.491        108.562
     408 409 406            74.631        119.800
     414 409 406            36.770        119.840
     409 408 407            74.631        120.450
     413 408 407            36.770        120.110
     408 407 408            74.631        119.550
     417 407 408            36.770        120.230
     414 409 408            36.770        120.350
     413 408 409            36.770        119.430
     409 406 409            74.631        119.930
     411 404 411           102.978        107.332
     415 410 415            36.407        108.440
     416 411 416            36.407        110.242

 Additional Stretch-Bend Parameters :

     Atom Classes          K(SB)-1        K(SB)-2

     404 403 402             0.000          0.000
     411 404 403             7.200          7.200
     405 402 403             0.000          0.000
     401 402 405            18.700         18.700
     402 401 406             0.000          0.000
     406 401 410             0.000          0.000
     409 406 401             0.000          0.000
     403 402 401            25.988         25.988
     415 410 401             5.713          5.713
     410 401 402            25.952         25.952
     412 403 402             5.713          5.713
     412 403 404             5.713          5.713
     416 411 404             5.713          5.713
     412 403 412             5.713          5.713
     408 409 406            20.453         20.453
     414 409 406            20.453         20.453
     409 408 407            20.453         20.453
     413 408 407            20.453         20.453
     408 407 408            20.453         20.453
     417 407 408            20.453         20.453
     414 409 408            20.453         20.453
     413 408 409            20.453         20.453
     409 406 409            20.453         20.453
     411 404 411            22.688         22.688
     415 410 415             5.713          5.713
     416 411 416             5.713          5.713

 Additional Out-of-Plane Bend Parameters :

     Atom Classes                   K(OPB)

     402 401   0   0                21.717
     401 402   0   0                21.717
     410 401   0   0                 7.258
     403 402   0   0                94.522
     405 402   0   0                16.505
     409 406   0   0                84.886
     406 409   0   0                84.886
     408 407   0   0                84.886
     407 408   0   0                84.886
     417 407   0   0                72.814
     409 408   0   0                84.886
     408 409   0   0                84.886
     413 408   0   0                72.814
     414 409   0   0                72.814
     406 401   0   0                 3.600
     401 406   0   0                14.390

 Additional Torsional Parameters :

     Atom Classes     1-Fold    2-Fold    3-Fold    4-Fold    5-Fold    6-Fold

   405 402 403 404  -3.75   0 -4.83 180  4.08   0  3.23 180  0.00   0  0.00   0
   411 404 403 402   0.96   0 -0.15 180  0.77   0  0.00   0  0.00   0  0.00   0
   416 411 404 403   0.07   0 -0.01 180  0.56   0  0.00   0  0.00   0  0.00   0
   416 411 404 411   0.07   0 -0.01 180  0.56   0  0.00   0  0.00   0  0.00   0
   412 403 402 405   0.00   0  0.00 180  0.11   0  0.00   0  0.00   0  0.00   0
   412 403 402 401   0.00   0  0.00 180  0.11   0  0.00   0  0.00   0  0.00   0
   415 410 401 402   0.00   0  0.00 180 -0.13   0  0.00   0  0.00   0  0.00   0
   415 410 401 406   0.00   0  0.00 180  0.11   0  0.00   0  0.00   0  0.00   0
   401 406 409 408  -0.67   0  6.29 180  0.00   0  0.00   0  0.00   0  0.00   0
   406 401 402 403  -1.00   0  5.42 180  2.05   0  0.00   0  0.00   0  0.00   0
   410 401 402 403  -1.00   0  5.42 180  2.05   0  0.00   0  0.00   0  0.00   0
   405 402 401 406   1.00   0  5.67 180 -2.25   0  0.00   0  0.00   0  0.00   0
   405 402 401 410   1.00   0  5.67 180 -2.25   0  0.00   0  0.00   0  0.00   0
   407 408 409 406  -0.67   0  6.29 180  0.00   0  0.00   0  0.00   0  0.00   0
   409 408 407 408  -0.67   0  7.43 180  0.00   0  0.00   0  0.00   0  0.00   0
   409 406 409 408  -0.67   0  6.29 180  0.00   0  0.00   0  0.00   0  0.00   0
   413 408 409 406   0.55   0  6.19 180 -0.55   0  0.00   0  0.00   0  0.00   0
   414 409 408 407   0.55   0  7.96 180 -0.55   0  0.00   0  0.00   0  0.00   0
   413 408 407 408   0.55   0  7.96 180 -0.55   0  0.00   0  0.00   0  0.00   0
   417 407 408 409   0.55   0  7.96 180 -0.55   0  0.00   0  0.00   0  0.00   0
   414 409 406 409   0.55   0  6.19 180 -0.55   0  0.00   0  0.00   0  0.00   0
   417 407 408 413   0.00   0  7.50 180  0.00   0  0.00   0  0.00   0  0.00   0
   414 409 408 413   0.00   0  7.50 180  0.00   0  0.00   0  0.00   0  0.00   0
   404 403 402 401  -8.23   0  8.23 180  3.49   0 -2.20 180  0.00   0  0.00   0
   414 409 406 401   0.55   0  6.19 180 -0.55   0  0.00   0  0.00   0  0.00   0
   409 406 401 402  -0.15   0  0.24 180 -0.15   0  0.00   0  0.00   0  0.00   0
   411 404 403 412  -1.70   0  1.79 180 -0.68   0  0.00   0  0.00   0  0.00   0
   410 401 406 409  -0.13   0 -0.12 180  1.33   0  0.00   0  0.00   0  0.00   0

 Additional Atomic Multipole Parameters :

     Atom Type     Coordinate Frame Definition         Multipole Moments

         401      410    406      0   Z-then-X    -0.24973
                                                   0.12789  0.00000  0.03211
                                                  -0.29422
                                                   0.00000 -0.65830
                                                  -0.24142  0.00000  0.95252

         402      405    403      0   Z-then-X     0.81593
                                                  -0.13835  0.00000  0.10518
                                                   0.21474
                                                   0.00000 -0.33658
                                                   0.10436  0.00000  0.12184

         403      404    402      0   Z-then-X    -0.11672
                                                   0.23846  0.00000  0.06063
                                                  -0.21090
                                                   0.00000 -0.36268
                                                   0.02856  0.00000  0.57358

         404      403    411    411   Z-Bisect    -0.13969
                                                   0.23506  0.00000  0.09805
                                                  -1.06826
                                                   0.00000  0.21243
                                                  -0.69007  0.00000  0.85583

         405      402    403      0   Z-then-X    -0.73281
                                                  -0.04926  0.00000 -0.13133
                                                  -0.56039
                                                   0.00000  0.19836
                                                  -0.11696  0.00000  0.36203

         412      403    412      0   Z-then-X     0.03748
                                                   0.06038  0.00000 -0.11108
                                                   0.09470
                                                   0.00000  0.03848
                                                   0.09361  0.00000 -0.13318

         406      409    409      0   Bisector     0.02151
                                                   0.00000  0.00000 -0.27106
                                                  -0.30010
                                                   0.00000  0.03593
                                                   0.00000  0.00000  0.26417

         407      408    408      0   Bisector    -0.04737
                                                   0.00000  0.00000 -0.11257
                                                   0.24829
                                                   0.00000 -0.16785
                                                   0.00000  0.00000 -0.08044

         408      413    409      0   Z-then-X     0.06627
                                                   0.03182  0.00000 -0.08448
                                                  -0.22625
                                                   0.00000 -0.39351
                                                   0.03686  0.00000  0.61976

         409      414    408      0   Z-then-X    -0.04636
                                                  -0.01933  0.00000  0.02863
                                                   0.08093
                                                   0.00000 -0.11995
                                                  -0.05195  0.00000  0.03902

         410      401    406      0   Z-then-X    -0.05918
                                                   0.06073  0.00000  0.30978
                                                  -0.40204
                                                   0.00000 -0.27927
                                                   0.03774  0.00000  0.68131

         411      404    411      0   Z-then-X    -0.00694
                                                  -0.09892  0.00000  0.30865
                                                  -0.10521
                                                   0.00000 -0.39474
                                                  -0.10303  0.00000  0.49995

         413      408    409      0   Z-then-X     0.00777
                                                  -0.00715  0.00000 -0.11788
                                                   0.12448
                                                   0.00000 -0.06027
                                                   0.00015  0.00000 -0.06421

         414      409    408      0   Z-then-X     0.02306
                                                   0.03730  0.00000 -0.13613
                                                  -0.02714
                                                   0.00000  0.04557
                                                  -0.02756  0.00000 -0.01843

         415      410    401      0   Z-then-X     0.06646
                                                  -0.00593  0.00000 -0.08472
                                                   0.04252
                                                   0.00000  0.00439
                                                  -0.06862  0.00000 -0.04691

         416      411    404      0   Z-then-X     0.02366
                                                  -0.03591  0.00000 -0.15288
                                                   0.02757
                                                   0.00000  0.08837
                                                  -0.12290  0.00000 -0.11594

         417      407      0      0   Z-Only       0.00416
                                                   0.00000  0.00000 -0.16938
                                                   0.02966
                                                   0.00000  0.02966
                                                   0.00000  0.00000 -0.05932

 Additional Atomic Dipole Polarizability Parameters :

     Atom Type           Alpha       Thole     Group Atom Types

         401             1.243       0.390         402
         402             2.064       0.390         401  405
         403             1.620       0.390         404  412
         404             1.185       0.390         403  411
         405             0.914       0.390         402
         412             0.480       0.390         403
         406             2.064       0.390         409
         407             2.064       0.390         408  417
         408             2.064       0.390         407  409  413
         409             2.064       0.390         406  408  414
         410             1.620       0.390         415
         411             1.620       0.390         404  416
         413             0.432       0.390         408
         414             0.432       0.390         409
         415             0.480       0.390         410
         416             0.480       0.390         411
         417             0.432       0.390         407

 Additional van der Waals Parameters :

     Atom Class               Size        Epsilon        Reduction

         417                2.9800         0.0260          0.920
         410                3.8200         0.1010          0.000
         403                3.8200         0.1010          0.000
         411                3.8200         0.1010          0.000
         415                2.9800         0.0240          0.920
         412                2.9600         0.0220          0.920
         402                3.8200         0.1060          0.000
         405                3.3000         0.1120          0.000
         401                3.7100         0.1100          0.000
         416                2.9100         0.0330          0.900
         407                3.8000         0.0910          0.000
         409                3.8000         0.0910          0.000
         406                3.8000         0.0910          0.000
         413                2.9800         0.0260          0.920
         414                2.9800         0.0260          0.920
         404                3.7100         0.1050          0.000
         408                3.8000         0.1010          0.000

 Additional Solvation Parameters :

     Atom Type                PB Size     CS Size     GK Size

         413             2.5740      2.7580      2.9054
         414             2.5740      2.7580      2.9054
         417             2.5740      2.7580      2.9054
         415             2.2886      2.0030      2.6260
         412             3.0556      2.9960      4.0320
         416             3.0556      2.9960      4.0320
         409             3.8585      3.7660      3.8448
         402             2.9301      4.5060      4.2118
         406             3.6909      3.7660      4.4258
         407             3.8286      3.8930      4.5084
         408             3.8286      3.8930      4.5084
         410             3.5062      3.3090      4.5360
         411             3.5062      3.3090      4.5360
         403             3.3025      2.8540      4.9016
         401             2.8836      2.9900      3.2180
         404             2.8836      2.9900      3.2180
         405             2.9835      3.3560      2.9616

 Limited Memory BFGS Quasi-Newton Optimization :

 QN Iter     F Value      G RMS      F Move   X Move   Angle  FG Call  Comment

     0       23.5039    13.6193                                   1
     1       22.2106     9.7896      1.2933   0.0066    0.00      3    Success 
     2       21.6408     6.6737      0.5698   0.0034   33.97      4    Success 
     3       21.0517     6.5105      0.5891   0.0051   40.02      5    Success 
     4       20.2609     6.5089      0.7908   0.0098   51.90      6    Success 
     5       19.9973    10.6310      0.2636   0.0138   59.93      7    Success 
     6       19.6098     5.2589      0.3875   0.0017   13.73      8    Success 
     7       19.3879     2.4943      0.2219   0.0026   30.40      9    Success 
     8       19.2712     2.9391      0.1167   0.0028   46.62     10    Success 
     9       19.0804     3.1032      0.1907   0.0051   58.46     11    Success 
    10       18.7902     3.1582      0.2902   0.0091   63.11     12    Success 
    11       18.6760     5.7059      0.1142   0.0167   68.50     13    Success 
    12       18.4983     3.2009      0.1778   0.0019   45.94     14    Success 
    13       18.3556     1.3305      0.1427   0.0036   47.99     15    Success 
    14       18.3000     1.4681      0.0556   0.0031   55.97     16    Success 
    15       18.2156     1.4416      0.0844   0.0057   63.67     17    Success 
    16       18.1782     2.0228      0.0374   0.0043   66.11     19    Success 
    17       18.1273     1.0301      0.0509   0.0048   75.00     20    Success 
    18       18.0935     0.8464      0.0338   0.0034   65.16     21    Success 
    19       18.0502     1.1475      0.0433   0.0049   59.84     22    Success 
    20       18.0299     2.2262      0.0203   0.0066   69.59     23    Success 
    21       17.9992     1.1677      0.0307   0.0009   50.23     24    Success 
    22       17.9742     0.6510      0.0251   0.0017   50.19     25    Success 
    23       17.9616     0.7567      0.0126   0.0017   61.48     26    Success 
    24       17.9419     0.7188      0.0197   0.0031   69.09     27    Success 
    25       17.9280     1.5383      0.0139   0.0051   69.22     28    Success 
    26       17.9093     0.7279      0.0187   0.0026   76.46     29    Success 
    27       17.8994     0.7608      0.0099   0.0019   65.39     30    Success 
    28       17.8908     0.7618      0.0086   0.0019   71.38     31    Success 
    29       17.8809     0.7516      0.0099   0.0019   73.65     32    Success 
    30       17.8655     1.1002      0.0154   0.0030   73.07     33    Success 
    31       17.8407     0.8890      0.0247   0.0053   79.82     34    Success 
    32       17.8045     0.8238      0.0362   0.0094   78.59     35    Success 
    33       17.7863     1.0475      0.0182   0.0076   78.76     37    Success 
    34       17.7626     0.5770      0.0237   0.0070   80.72     38    Success 
    35       17.7475     0.5710      0.0152   0.0038   70.45     39    Success 
    36       17.7369     1.1249      0.0105   0.0057   71.97     40    Success 
    37       17.7239     0.5308      0.0130   0.0011   59.01     41    Success 
    38       17.7137     0.5117      0.0102   0.0017   59.39     42    Success 
    39       17.7023     0.6574      0.0115   0.0036   73.93     43    Success 
    40       17.6892     0.9692      0.0131   0.0057   78.32     44    Success 
    41       17.6759     0.4629      0.0133   0.0064   82.65     45    Success 
    42       17.6700     0.3133      0.0058   0.0012   60.76     46    Success 
    43       17.6659     0.5989      0.0041   0.0014   46.10     47    Success 
    44       17.6624     0.3781      0.0035   0.0008   68.52     48    Success 
    45       17.6591     0.3343      0.0034   0.0011   70.07     49    Success 
    46       17.6545     0.3113      0.0046   0.0024   73.43     50    Success 
    47       17.6516     0.4881      0.0029   0.0024   74.81     51    Success 
    48       17.6484     0.2802      0.0031   0.0019   79.95     52    Success 
    49       17.6461     0.3778      0.0023   0.0011   66.19     53    Success 
    50       17.6441     0.4351      0.0020   0.0012   71.72     54    Success 
    51       17.6427     0.2843      0.0014   0.0003   65.75     55    Success 
    52       17.6405     0.2818      0.0022   0.0008   64.61     56    Success 
    53       17.6379     0.3937      0.0026   0.0015   73.86     57    Success 
    54       17.6346     0.4516      0.0033   0.0024   80.24     58    Success 
    55       17.6326     0.7086      0.0019   0.0035   82.02     59    Success 
    56       17.6297     0.3306      0.0029   0.0006   71.97     60    Success 
    57       17.6273     0.2955      0.0024   0.0009   67.37     61    Success 
    58       17.6254     0.3778      0.0019   0.0011   75.99     62    Success 
    59       17.6224     0.3593      0.0030   0.0020   80.22     63    Success 
    60       17.6197     0.5069      0.0027   0.0029   79.14     64    Success 
    61       17.6168     0.1844      0.0029   0.0028   82.77     65    Success 
    62       17.6159     0.1244      0.0009   0.0003   41.25     66    Success 
    63       17.6152     0.1545      0.0008   0.0005   46.04     67    Success 
    64       17.6146     0.2315      0.0006   0.0007   70.27     68    Success 
    65       17.6138     0.1440      0.0008   0.0006   76.66     69    Success 
    66       17.6128     0.1310      0.0009   0.0013   73.17     70    Success 
    67       17.6124     0.1647      0.0004   0.0007   74.19     71    Success 
    68       17.6120     0.0947      0.0004   0.0004   74.62     72   SmallGrad

 LBFGS  --  Normal Termination due to SmallGrad

 Final Function Value :           17.61203317
 Final RMS Gradient :              0.09470043
 Final Gradient Norm :             0.51869564
