
     ######################################################################
   ##########################################################################
  ###                                                                      ###
 ###            Tinker  ---  Software Tools for Molecular Design            ###
 ##                                                                          ##
 ##                      Version 8.10.2   February 2022                      ##
 ##                                                                          ##
 ##               Copyright (c)  Jay William Ponder  1990-2022               ##
 ###                           All Rights Reserved                          ###
  ###                                                                      ###
   ##########################################################################
     ######################################################################


 Additional Atom Definition Parameters :

     Type  Class  Symbol  Description               Atomic    Mass   Valence

      401   401     N     25_27_Index_0                7     14.007     3
      402   402     C     25_27_Index_0                6     12.011     3
      403   403     C     25_27_Index_0                6     12.011     4
      404   404     N     25_27_Index_0                7     14.007     3
      405   405     O     25_27_Index_0                8     15.999     1
      412   412     H     25_27_Index_0                1      1.008     1
      406   406     C     25_27_Index_0                6     12.011     3
      407   407     C     25_27_Index_0                6     12.011     3
      408   408     C     25_27_Index_0                6     12.011     3
      409   409     C     25_27_Index_0                6     12.011     3
      410   410     C     25_27_Index_0                6     12.011     4
      411   411     C     25_27_Index_0                6     12.011     4
      413   413     H     25_27_Index_0                1      1.008     1
      414   414     H     25_27_Index_0                1      1.008     1
      415   415     H     25_27_Index_0                1      1.008     1
      416   416     H     25_27_Index_0                1      1.008     1
      417   417     H     25_27_Index_0                1      1.008     1

 Additional Bond Stretching Parameters :

     Atom Classes             K(S)         Length

       405 402             601.800         1.2300
       406 401             400.000         1.4300
       402 401             363.157         1.3900
       410 401             299.018         1.4600
       403 402             283.862         1.5300
       412 403             340.533         1.1000
       404 403             216.461         1.3962
       411 404             283.795         1.4300
       409 406             379.094         1.4000
       408 407             379.094         1.3900
       417 407             368.093         1.0900
       409 408             379.094         1.3900
       413 408             368.093         1.0900
       414 409             368.093         1.0900
       415 410             345.979         1.0900
       416 411             345.979         1.1000

 Additional Angle Bending Parameters :

     Atom Classes             K(B)          Angle

     404 403 402            60.000        112.560
     411 404 403           103.600        107.963
     405 402 403            65.000        125.047
     401 402 405            76.980        124.045
     402 401 406            65.000        119.070
     406 401 410            65.000        117.450
     409 406 401            80.000        120.020
     403 402 401            57.869        110.905
     415 410 401            56.547        109.279
     410 401 402            93.856        120.721
     412 403 402            48.035        112.144
     412 403 404            57.278        107.183
     416 411 404            53.319        108.676
     412 403 412            30.491        108.562
     408 409 406            74.631        119.800
     414 409 406            36.770        119.840
     409 408 407            74.631        120.450
     413 408 407            36.770        120.110
     408 407 408            74.631        119.550
     417 407 408            36.770        120.230
     414 409 408            36.770        120.350
     413 408 409            36.770        119.430
     409 406 409            74.631        119.930
     411 404 411           102.978        107.332
     415 410 415            36.407        108.440
     416 411 416            36.407        110.242

 Additional Stretch-Bend Parameters :

     Atom Classes          K(SB)-1        K(SB)-2

     404 403 402             0.000          0.000
     411 404 403             7.200          7.200
     405 402 403             0.000          0.000
     401 402 405            18.700         18.700
     402 401 406             0.000          0.000
     406 401 410             0.000          0.000
     409 406 401             0.000          0.000
     403 402 401            25.988         25.988
     415 410 401             5.713          5.713
     410 401 402            25.952         25.952
     412 403 402             5.713          5.713
     412 403 404             5.713          5.713
     416 411 404             5.713          5.713
     412 403 412             5.713          5.713
     408 409 406            20.453         20.453
     414 409 406            20.453         20.453
     409 408 407            20.453         20.453
     413 408 407            20.453         20.453
     408 407 408            20.453         20.453
     417 407 408            20.453         20.453
     414 409 408            20.453         20.453
     413 408 409            20.453         20.453
     409 406 409            20.453         20.453
     411 404 411            22.688         22.688
     415 410 415             5.713          5.713
     416 411 416             5.713          5.713

 Additional Out-of-Plane Bend Parameters :

     Atom Classes                   K(OPB)

     402 401   0   0                21.717
     401 402   0   0                21.717
     410 401   0   0                 7.258
     403 402   0   0                94.522
     405 402   0   0                16.505
     409 406   0   0                84.886
     406 409   0   0                84.886
     408 407   0   0                84.886
     407 408   0   0                84.886
     417 407   0   0                72.814
     409 408   0   0                84.886
     408 409   0   0                84.886
     413 408   0   0                72.814
     414 409   0   0                72.814
     406 401   0   0                 3.600
     401 406   0   0                14.390

 Additional Torsional Parameters :

     Atom Classes     1-Fold    2-Fold    3-Fold    4-Fold    5-Fold    6-Fold

   405 402 403 404   0.00   0  0.00 180  0.00   0  0.00   0  0.00   0  0.00   0
   411 404 403 402   0.96   0 -0.15 180  0.77   0  0.00   0  0.00   0  0.00   0
   416 411 404 403   0.07   0 -0.01 180  0.56   0  0.00   0  0.00   0  0.00   0
   416 411 404 411   0.07   0 -0.01 180  0.56   0  0.00   0  0.00   0  0.00   0
   412 403 402 405   0.00   0  0.00 180  0.11   0  0.00   0  0.00   0  0.00   0
   412 403 402 401   0.00   0  0.00 180  0.11   0  0.00   0  0.00   0  0.00   0
   415 410 401 402   0.00   0  0.00 180 -0.13   0  0.00   0  0.00   0  0.00   0
   415 410 401 406   0.00   0  0.00 180  0.11   0  0.00   0  0.00   0  0.00   0
   401 406 409 408  -0.67   0  6.29 180  0.00   0  0.00   0  0.00   0  0.00   0
   406 401 402 403  -1.00   0  5.42 180  2.05   0  0.00   0  0.00   0  0.00   0
   410 401 402 403  -1.00   0  5.42 180  2.05   0  0.00   0  0.00   0  0.00   0
   405 402 401 406   1.00   0  5.67 180 -2.25   0  0.00   0  0.00   0  0.00   0
   405 402 401 410   1.00   0  5.67 180 -2.25   0  0.00   0  0.00   0  0.00   0
   407 408 409 406  -0.67   0  6.29 180  0.00   0  0.00   0  0.00   0  0.00   0
   409 408 407 408  -0.67   0  7.43 180  0.00   0  0.00   0  0.00   0  0.00   0
   409 406 409 408  -0.67   0  6.29 180  0.00   0  0.00   0  0.00   0  0.00   0
   413 408 409 406   0.55   0  6.19 180 -0.55   0  0.00   0  0.00   0  0.00   0
   414 409 408 407   0.55   0  7.96 180 -0.55   0  0.00   0  0.00   0  0.00   0
   413 408 407 408   0.55   0  7.96 180 -0.55   0  0.00   0  0.00   0  0.00   0
   417 407 408 409   0.55   0  7.96 180 -0.55   0  0.00   0  0.00   0  0.00   0
   414 409 406 409   0.55   0  6.19 180 -0.55   0  0.00   0  0.00   0  0.00   0
   417 407 408 413   0.00   0  7.50 180  0.00   0  0.00   0  0.00   0  0.00   0
   414 409 408 413   0.00   0  7.50 180  0.00   0  0.00   0  0.00   0  0.00   0
   404 403 402 401   0.00   0  0.00 180  0.00   0  0.00   0  0.00   0  0.00   0
   414 409 406 401   0.55   0  6.19 180 -0.55   0  0.00   0  0.00   0  0.00   0
   409 406 401 402  -0.15   0  0.24 180 -0.15   0  0.00   0  0.00   0  0.00   0
   411 404 403 412  -1.70   0  1.79 180 -0.68   0  0.00   0  0.00   0  0.00   0
   410 401 406 409  -0.13   0 -0.12 180  1.33   0  0.00   0  0.00   0  0.00   0

 Additional Atomic Multipole Parameters :

     Atom Type     Coordinate Frame Definition         Multipole Moments

         401      410    406      0   Z-then-X    -0.24973
                                                   0.12789  0.00000  0.03211
                                                  -0.29422
                                                   0.00000 -0.65830
                                                  -0.24142  0.00000  0.95252

         402      405    403      0   Z-then-X     0.81593
                                                  -0.13835  0.00000  0.10518
                                                   0.21474
                                                   0.00000 -0.33658
                                                   0.10436  0.00000  0.12184

         403      404    402      0   Z-then-X    -0.11672
                                                   0.23846  0.00000  0.06063
                                                  -0.21090
                                                   0.00000 -0.36268
                                                   0.02856  0.00000  0.57358

         404      403    411    411   Z-Bisect    -0.13969
                                                   0.23506  0.00000  0.09805
                                                  -1.06826
                                                   0.00000  0.21243
                                                  -0.69007  0.00000  0.85583

         405      402    403      0   Z-then-X    -0.73281
                                                  -0.04926  0.00000 -0.13133
                                                  -0.56039
                                                   0.00000  0.19836
                                                  -0.11696  0.00000  0.36203

         412      403    412      0   Z-then-X     0.03748
                                                   0.06038  0.00000 -0.11108
                                                   0.09470
                                                   0.00000  0.03848
                                                   0.09361  0.00000 -0.13318

         406      409    409      0   Bisector     0.02151
                                                   0.00000  0.00000 -0.27106
                                                  -0.30010
                                                   0.00000  0.03593
                                                   0.00000  0.00000  0.26417

         407      408    408      0   Bisector    -0.04737
                                                   0.00000  0.00000 -0.11257
                                                   0.24829
                                                   0.00000 -0.16785
                                                   0.00000  0.00000 -0.08044

         408      413    409      0   Z-then-X     0.06627
                                                   0.03182  0.00000 -0.08448
                                                  -0.22625
                                                   0.00000 -0.39351
                                                   0.03686  0.00000  0.61976

         409      414    408      0   Z-then-X    -0.04636
                                                  -0.01933  0.00000  0.02863
                                                   0.08093
                                                   0.00000 -0.11995
                                                  -0.05195  0.00000  0.03902

         410      401    406      0   Z-then-X    -0.05918
                                                   0.06073  0.00000  0.30978
                                                  -0.40204
                                                   0.00000 -0.27927
                                                   0.03774  0.00000  0.68131

         411      404    411      0   Z-then-X    -0.00694
                                                  -0.09892  0.00000  0.30865
                                                  -0.10521
                                                   0.00000 -0.39474
                                                  -0.10303  0.00000  0.49995

         413      408    409      0   Z-then-X     0.00777
                                                  -0.00715  0.00000 -0.11788
                                                   0.12448
                                                   0.00000 -0.06027
                                                   0.00015  0.00000 -0.06421

         414      409    408      0   Z-then-X     0.02306
                                                   0.03730  0.00000 -0.13613
                                                  -0.02714
                                                   0.00000  0.04557
                                                  -0.02756  0.00000 -0.01843

         415      410    401      0   Z-then-X     0.06646
                                                  -0.00593  0.00000 -0.08472
                                                   0.04252
                                                   0.00000  0.00439
                                                  -0.06862  0.00000 -0.04691

         416      411    404      0   Z-then-X     0.02366
                                                  -0.03591  0.00000 -0.15288
                                                   0.02757
                                                   0.00000  0.08837
                                                  -0.12290  0.00000 -0.11594

         417      407      0      0   Z-Only       0.00416
                                                   0.00000  0.00000 -0.16938
                                                   0.02966
                                                   0.00000  0.02966
                                                   0.00000  0.00000 -0.05932

 Additional Atomic Dipole Polarizability Parameters :

     Atom Type           Alpha       Thole     Group Atom Types

         401             1.243       0.390         402
         402             2.064       0.390         401  405
         403             1.620       0.390         404  412
         404             1.185       0.390         403  411
         405             0.914       0.390         402
         412             0.480       0.390         403
         406             2.064       0.390         409
         407             2.064       0.390         408  417
         408             2.064       0.390         407  409  413
         409             2.064       0.390         406  408  414
         410             1.620       0.390         415
         411             1.620       0.390         404  416
         413             0.432       0.390         408
         414             0.432       0.390         409
         415             0.480       0.390         410
         416             0.480       0.390         411
         417             0.432       0.390         407

 Additional van der Waals Parameters :

     Atom Class               Size        Epsilon        Reduction

         417                2.9800         0.0260          0.920
         410                3.8200         0.1010          0.000
         403                3.8200         0.1010          0.000
         411                3.8200         0.1010          0.000
         415                2.9800         0.0240          0.920
         412                2.9600         0.0220          0.920
         402                3.8200         0.1060          0.000
         405                3.3000         0.1120          0.000
         401                3.7100         0.1100          0.000
         416                2.9100         0.0330          0.900
         407                3.8000         0.0910          0.000
         409                3.8000         0.0910          0.000
         406                3.8000         0.0910          0.000
         413                2.9800         0.0260          0.920
         414                2.9800         0.0260          0.920
         404                3.7100         0.1050          0.000
         408                3.8000         0.1010          0.000

 Additional Solvation Parameters :

     Atom Type                PB Size     CS Size     GK Size

         413             2.5740      2.7580      2.9054
         414             2.5740      2.7580      2.9054
         417             2.5740      2.7580      2.9054
         415             2.2886      2.0030      2.6260
         412             3.0556      2.9960      4.0320
         416             3.0556      2.9960      4.0320
         409             3.8585      3.7660      3.8448
         402             2.9301      4.5060      4.2118
         406             3.6909      3.7660      4.4258
         407             3.8286      3.8930      4.5084
         408             3.8286      3.8930      4.5084
         410             3.5062      3.3090      4.5360
         411             3.5062      3.3090      4.5360
         403             3.3025      2.8540      4.9016
         401             2.8836      2.9900      3.2180
         404             2.8836      2.9900      3.2180
         405             2.9835      3.3560      2.9616

 Limited Memory BFGS Quasi-Newton Optimization :

 QN Iter     F Value      G RMS      F Move   X Move   Angle  FG Call  Comment

     0      110.9356   122.4549                                   1
     1       56.5664    43.6680     54.3692   0.0274    0.00      3    Success 
     2       48.7218    21.0377      7.8446   0.0100   19.84      4    Success 
     3       45.1614    14.2839      3.5604   0.0085   20.60      5    Success 
     4       42.2053    11.9826      2.9561   0.0117   32.05      6    Success 
     5       39.6057     9.0994      2.5996   0.0154   45.73      7    Success 
     6       37.4822     8.5825      2.1234   0.0194   50.50      8    Success 
     7       35.8516     7.3615      1.6306   0.0189   59.46      9    Success 
     8       34.4924     7.5012      1.3593   0.0206   61.91     10    Success 
     9       33.2029     5.6683      1.2895   0.0202   64.08     11    Success 
    10       32.2265     5.6685      0.9764   0.0182   59.34     12    Success 
    11       31.5482     5.0616      0.6783   0.0152   62.26     13    Success 
    12       31.0155     4.1594      0.5327   0.0103   61.93     14    Success 
    13       30.3320     3.9967      0.6835   0.0173   61.45     15    Success 
    14       29.9900     7.4894      0.3420   0.0218   65.05     16    Success 
    15       29.5364     3.1045      0.4536   0.0048   50.21     17    Success 
    16       29.2946     2.5973      0.2419   0.0048   40.62     18    Success 
    17       29.0341     3.0753      0.2605   0.0093   60.85     19    Success 
    18       28.7498     4.7913      0.2842   0.0150   67.84     20    Success 
    19       28.4283     2.5967      0.3215   0.0163   77.43     21    Success 
    20       28.2031     2.1507      0.2252   0.0105   69.07     22    Success 
    21       27.9166     3.0179      0.2865   0.0160   64.08     23    Success 
    22       27.7706     4.7162      0.1460   0.0188   74.43     24    Success 
    23       27.5751     2.4384      0.1954   0.0034   54.78     25    Success 
    24       27.4233     2.0090      0.1519   0.0059   57.78     26    Success 
    25       27.3091     3.2531      0.1142   0.0084   69.95     27    Success 
    26       27.1670     3.4060      0.1420   0.0120   78.76     28    Success 
    27       27.0025     2.8470      0.1646   0.0131   79.07     29    Success 
    28       26.8439     2.1526      0.1586   0.0116   75.88     30    Success 
    29       26.7082     2.0261      0.1357   0.0068   64.88     31    Success 
    30       26.5472     2.6053      0.1610   0.0115   68.86     32    Success 
    31       26.4577     4.2580      0.0895   0.0178   76.65     33    Success 
    32       26.3438     1.6220      0.1139   0.0026   58.85     34    Success 
    33       26.2866     1.4517      0.0571   0.0029   54.78     35    Success 
    34       26.2207     1.6333      0.0659   0.0057   69.98     36    Success 
    35       26.1151     1.6787      0.1056   0.0094   73.32     37    Success 
    36       26.0411     3.5322      0.0740   0.0154   74.24     38    Success 
    37       25.9359     1.7396      0.1052   0.0076   79.42     39    Success 
    38       25.8672     1.0676      0.0686   0.0058   70.14     40    Success 
    39       25.8185     1.3235      0.0487   0.0051   66.47     41    Success 
    40       25.7635     1.8381      0.0550   0.0084   72.91     42    Success 
    41       25.7084     1.2043      0.0551   0.0067   74.90     43    Success 
    42       25.6759     0.8796      0.0325   0.0028   61.88     44    Success 
    43       25.6472     0.8728      0.0287   0.0036   58.09     45    Success 
    44       25.6286     0.9223      0.0186   0.0024   62.55     46    Success 
    45       25.6103     0.6960      0.0182   0.0034   72.27     47    Success 
    46       25.5950     0.7164      0.0153   0.0030   70.21     48    Success 
    47       25.5736     1.1029      0.0214   0.0045   71.58     49    Success 
    48       25.5536     1.8680      0.0200   0.0064   78.26     50    Success 
    49       25.5276     0.9907      0.0260   0.0038   80.12     51    Success 
    50       25.5071     0.9199      0.0204   0.0032   71.73     52    Success 
    51       25.4847     1.1336      0.0225   0.0040   75.14     53    Success 
    52       25.4520     1.5540      0.0326   0.0065   78.32     54    Success 
    53       25.4058     1.2362      0.0462   0.0104   82.24     55    Success 
    54       25.3776     2.8092      0.0282   0.0151   81.04     56    Success 
    55       25.3365     1.3504      0.0411   0.0034   78.77     57    Success 
    56       25.3021     1.0755      0.0344   0.0028   63.70     58    Success 
    57       25.2753     1.4079      0.0268   0.0044   75.88     59    Success 
    58       25.2313     1.5438      0.0440   0.0084   81.26     60    Success 
    59       25.1642     1.7006      0.0671   0.0139   82.17     61    Success 
    60       25.0780     1.7409      0.0862   0.0247   83.90     62    Success 
    61       24.9924     1.4522      0.0856   0.0184   81.37     63    Success 
    62       24.9253     1.9852      0.0671   0.0241   82.67     64    Success 
    63       24.8578     1.9607      0.0675   0.0057   66.64     65    Success 
    64       24.8076     2.4690      0.0502   0.0183   82.79     66    Success 
    65       24.7511     1.2126      0.0565   0.0021   59.22     67    Success 
    66       24.7025     1.3010      0.0486   0.0077   75.74     68    Success 
    67       24.6581     1.4370      0.0444   0.0079   78.56     69    Success 
    68       24.5994     1.7041      0.0587   0.0144   81.77     70    Success 
    69       24.5195     1.2613      0.0799   0.0123   79.26     71    Success 
    70       24.4429     1.8367      0.0766   0.0112   72.06     72    Success 
    71       24.4042     2.0328      0.0387   0.0127   83.93     74    Success 
    72       24.3564     1.5303      0.0478   0.0044   73.27     75    Success 
    73       24.3347     2.7118      0.0217   0.0104   80.53     76    Success 
    74       24.3018     1.5547      0.0329   0.0029   79.26     77    Success 
    75       24.2686     0.9729      0.0332   0.0029   68.30     78    Success 
    76       24.2496     1.1016      0.0189   0.0032   74.92     79    Success 
    77       24.2180     1.1024      0.0317   0.0052   77.37     80    Success 
    78       24.1821     1.7927      0.0359   0.0077   75.61     81    Success 
    79       24.1357     0.9817      0.0464   0.0092   81.65     82    Success 
    80       24.1045     0.9151      0.0312   0.0051   73.33     83    Success 
    81       24.0626     1.1028      0.0418   0.0094   76.03     84    Success 
    82       24.0222     2.1192      0.0405   0.0098   75.10     85    Success 
    83       23.9825     1.5032      0.0397   0.0078   80.92     86    Success 
    84       23.9525     0.9297      0.0300   0.0022   66.51     87    Success 
    85       23.9212     0.9006      0.0312   0.0055   70.87     88    Success 
    86       23.9064     1.3507      0.0148   0.0092   78.81     89    Success 
    87       23.8865     1.0035      0.0199   0.0042   79.97     90    Success 
    88       23.8734     1.2977      0.0131   0.0033   66.49     91    Success 
    89       23.8615     0.6531      0.0119   0.0011   66.14     92    Success 
    90       23.8528     0.6478      0.0087   0.0014   66.20     93    Success 
    91       23.8392     0.8025      0.0137   0.0029   71.91     94    Success 
    92       23.8177     0.8963      0.0214   0.0050   76.89     95    Success 
    93       23.8105     2.1449      0.0072   0.0074   77.54     96    Success 
    94       23.7978     1.6567      0.0127   0.0013   80.16     97    Success 
    95       23.7778     0.8719      0.0200   0.0027   79.01     98    Success 
    96       23.7617     0.6551      0.0161   0.0050   78.36     99    Success 
    97       23.7554     0.7233      0.0063   0.0022   78.58    100    Success 
    98       23.7467     0.7617      0.0086   0.0039   81.27    101    Success 
    99       23.7382     0.5121      0.0086   0.0033   78.61    102    Success 
   100       23.7342     0.3327      0.0040   0.0010   68.80    103    Success 
   101       23.7302     0.4214      0.0040   0.0012   59.23    104    Success 
   102       23.7262     0.4558      0.0040   0.0012   69.08    105    Success 
   103       23.7218     0.5058      0.0044   0.0023   75.15    106    Success 
   104       23.7180     0.3563      0.0038   0.0023   79.75    107    Success 
   105       23.7155     0.3577      0.0024   0.0011   68.36    108    Success 
   106       23.7132     0.3802      0.0023   0.0013   76.53    109    Success 
   107       23.7101     0.2972      0.0031   0.0017   77.51    110    Success 
   108       23.7066     0.4149      0.0035   0.0022   71.20    111    Success 
   109       23.7042     0.4197      0.0024   0.0025   79.52    112    Success 
   110       23.7026     0.2310      0.0016   0.0003   57.11    113    Success 
   111       23.7015     0.1737      0.0010   0.0005   64.58    114    Success 
   112       23.7005     0.1910      0.0010   0.0007   68.37    115    Success 
   113       23.6990     0.2131      0.0015   0.0010   68.96    116    Success 
   114       23.6972     0.2041      0.0018   0.0018   74.79    117    Success 
   115       23.6960     0.3132      0.0012   0.0016   76.05    118    Success 
   116       23.6946     0.1904      0.0014   0.0010   76.10    119    Success 
   117       23.6934     0.1662      0.0011   0.0007   67.79    120    Success 
   118       23.6923     0.2347      0.0011   0.0010   67.83    121    Success 
   119       23.6912     0.1892      0.0010   0.0013   77.12    122    Success 
   120       23.6906     0.1873      0.0006   0.0005   70.93    123    Success 
   121       23.6901     0.1824      0.0005   0.0007   75.26    124    Success 
   122       23.6897     0.1406      0.0004   0.0004   77.77    125    Success 
   123       23.6892     0.1101      0.0006   0.0006   71.99    126    Success 
   124       23.6886     0.1169      0.0006   0.0010   72.29    127    Success 
   125       23.6884     0.0880      0.0002   0.0004   74.23    129   SmallGrad

 LBFGS  --  Normal Termination due to SmallGrad

 Final Function Value :           23.68839132
 Final RMS Gradient :              0.08799068
 Final Gradient Norm :             0.48194482
