
     ######################################################################
   ##########################################################################
  ###                                                                      ###
 ###            Tinker  ---  Software Tools for Molecular Design            ###
 ##                                                                          ##
 ##                      Version 8.9.4   September 2021                      ##
 ##                                                                          ##
 ##               Copyright (c)  Jay William Ponder  1990-2021               ##
 ###                           All Rights Reserved                          ###
  ###                                                                      ###
   ##########################################################################
     ######################################################################


 Additional Atom Definition Parameters :

     Type  Class  Symbol  Description               Atomic    Mass   Valence

      402   402     N     40_Index_0                   7     14.007     4
      401   401     C     40_Index_0                   6     12.011     4
      403   403     H     40_Index_0                   1      1.008     1
      404   404     H     40_Index_0                   1      1.008     1

 Additional Bond Stretching Parameters :

     Atom Classes             K(S)         Length

       401 402             194.378         1.4626
       403 402             434.641         1.0300
       404 401             345.979         1.0900

 Additional Angle Bending Parameters :

     Atom Classes             K(B)          Angle

     404 401 402            64.360        107.565
     401 402 401           192.334        112.240
     403 402 401            49.269        106.540
     404 401 404            36.407        111.931

 Additional Stretch-Bend Parameters :

     Atom Classes          K(SB)-1        K(SB)-2

     404 401 402             5.713          5.713
     401 402 401            29.856         29.856
     403 402 401            29.856         29.856
     404 401 404             5.713          5.713

 Additional Torsional Parameters :

     Atom Classes     1-Fold    2-Fold    3-Fold    4-Fold    5-Fold    6-Fold

   404 401 402 401   0.07   0 -0.01 180  0.56   0  0.00   0  0.00   0  0.00   0
   404 401 402 403   0.00   0  0.66 180  0.29   0  0.00   0  0.00   0  0.00   0

 Additional Atomic Multipole Parameters :

     Atom Type     Coordinate Frame Definition         Multipole Moments

         402      401    401    401   3-Fold       0.05896
                                                  -0.00449  0.00000  0.21483
                                                   0.12332
                                                   0.00000  0.16675
                                                   0.01731  0.00000 -0.29007

         401      402    403      0   Z-then-X    -0.05716
                                                   0.02542  0.00000  0.63047
                                                  -0.47410
                                                   0.00000 -0.49347
                                                   0.06847  0.00000  0.96757

         403      402      0      0   Z-Only       0.21306
                                                   0.00000  0.00000  0.00498
                                                   0.00715
                                                   0.00000  0.00715
                                                   0.00000  0.00000 -0.01430

         404      401    402      0   Z-then-X     0.09994
                                                  -0.01851  0.00000 -0.06837
                                                  -0.01678
                                                   0.00000  0.02711
                                                  -0.01632  0.00000 -0.01033

 Additional Atomic Dipole Polarizability Parameters :

     Atom Type           Alpha       Thole     Group Atom Types

         402             1.185       0.390         403
         401             1.620       0.390         404
         403             0.457       0.390         402
         404             0.480       0.390         401

 Additional van der Waals Parameters :

     Atom Class               Size        Epsilon        Reduction

         401                3.8200         0.1010          0.000
         402                3.7100         0.1050          0.000
         403                2.7000         0.0200          0.910
         404                2.8800         0.0240          0.910

 Additional Solvation Parameters :

     Atom Type                PB Size     CS Size     GK Size

         403             3.0352      2.6860      3.3152
         404             3.1430      3.3740      4.1440
         401             3.5062      3.3090      4.5360
         402             2.8836      2.9900      3.2180

 Limited Memory BFGS Quasi-Newton Optimization :

 QN Iter     F Value      G RMS      F Move   X Move   Angle  FG Call  Comment

     0       37.4605    12.3348                                   1
     1       36.6296     9.1253      0.8310   0.0078    0.00      3    Success 
     2       36.0709     8.3066      0.5587   0.0047   36.74      4    Success 
     3       35.0323     7.2741      1.0386   0.0099   36.59      5    Success 
     4       33.1961     5.5958      1.8362   0.0204   34.76      6    Success 
     5       30.6639     9.9364      2.5321   0.0446   30.11      7    Success 
     6       29.1888    14.2476      1.4751   0.0459   69.30      8    Success 
     7       27.9121    13.1602      1.2767   0.0293   71.45      9    Success 
     8       26.2979     8.1620      1.6142   0.0294   70.48     10    Success 
     9       25.6817     9.9829      0.6162   0.0275   73.85     12    Success 
    10       24.7169     7.6773      0.9648   0.0192   67.74     13    Success 
    11       23.4973     5.2481      1.2197   0.0285   58.78     14    Success 
    12       23.1427    11.4578      0.3546   0.0448   69.71     15    Success 
    13       22.6409     7.4438      0.5018   0.0063   54.68     16    Success 
    14       22.0344     4.6057      0.6065   0.0139   59.30     17    Success 
    15       21.4631     4.7078      0.5713   0.0268   69.22     18    Success 
    16       20.8123     6.5783      0.6508   0.0395   68.82     19    Success 
    17       20.4709     6.3943      0.3414   0.0236   65.37     20    Success 
    18       20.2483     3.3278      0.2225   0.0080   65.07     21    Success 
    19       20.1281     3.2046      0.1202   0.0080   64.22     22    Success 
    20       19.9775     2.9764      0.1507   0.0070   58.98     23    Success 
    21       19.7511     3.1148      0.2263   0.0161   68.36     24    Success 
    22       19.5612     4.9968      0.1899   0.0265   71.20     25    Success 
    23       19.3809     2.8719      0.1803   0.0108   70.66     26    Success 
    24       19.2504     2.7319      0.1305   0.0071   62.38     27    Success 
    25       19.0513     2.4925      0.1991   0.0189   72.72     28    Success 
    26       18.8323     3.8813      0.2190   0.0243   67.23     29    Success 
    27       18.6966     2.0437      0.1357   0.0257   79.27     30    Success 
    28       18.6553     2.4494      0.0413   0.0100   71.85     31    Success 
    29       18.6111     1.7392      0.0442   0.0061   71.11     32    Success 
    30       18.5787     1.2036      0.0325   0.0043   71.00     33    Success 
    31       18.5354     1.0571      0.0433   0.0067   61.59     34    Success 
    32       18.5066     1.9778      0.0288   0.0068   58.14     35    Success 
    33       18.4742     1.1548      0.0324   0.0037   69.14     36    Success 
    34       18.4401     1.0149      0.0341   0.0051   59.92     37    Success 
    35       18.4130     1.4760      0.0271   0.0063   66.83     38    Success 
    36       18.3793     1.2463      0.0337   0.0093   76.76     39    Success 
    37       18.3481     0.8727      0.0312   0.0074   74.33     40    Success 
    38       18.3214     1.0450      0.0267   0.0092   68.41     41    Success 
    39       18.3190     1.6212      0.0024   0.0059   66.71     42    Success 
    40       18.3146     1.3565      0.0044   0.0005   70.60     43    Success 
    41       18.3074     0.8491      0.0072   0.0010   67.22     44    Success 
    42       18.3010     0.2795      0.0064   0.0020   66.01     45    Success 
    43       18.2998     0.2978      0.0012   0.0005   59.56     46    Success 
    44       18.2978     0.3048      0.0020   0.0009   59.99     47    Success 
    45       18.2950     0.3765      0.0028   0.0018   63.86     48    Success 
    46       18.2918     0.2989      0.0031   0.0030   73.09     49    Success 
    47       18.2905     0.3904      0.0013   0.0016   71.30     50    Success 
    48       18.2884     0.3041      0.0022   0.0015   74.20     51    Success 
    49       18.2853     0.3168      0.0031   0.0028   72.37     52    Success 
    50       18.2824     0.5509      0.0029   0.0044   75.14     53    Success 
    51       18.2796     0.3517      0.0028   0.0020   78.89     54    Success 
    52       18.2756     0.3229      0.0040   0.0035   74.34     55    Success 
    53       18.2724     0.4023      0.0032   0.0036   76.16     56    Success 
    54       18.2710     0.7767      0.0014   0.0053   79.91     57    Success 
    55       18.2688     0.4835      0.0023   0.0005   63.52     58    Success 
    56       18.2655     0.2805      0.0032   0.0012   62.77     59    Success 
    57       18.2631     0.4202      0.0024   0.0019   68.96     60    Success 
    58       18.2595     0.5014      0.0035   0.0035   79.60     61    Success 
    59       18.2541     0.6573      0.0054   0.0053   81.02     62    Success 
    60       18.2475     0.5657      0.0066   0.0087   83.55     63    Success 
    61       18.2424     0.3696      0.0051   0.0074   83.26     64    Success 
    62       18.2395     0.3491      0.0029   0.0025   75.08     65    Success 
    63       18.2370     0.5107      0.0025   0.0030   72.38     66    Success 
    64       18.2345     0.3680      0.0025   0.0020   78.57     67    Success 
    65       18.2309     0.4057      0.0036   0.0028   74.02     68    Success 
    66       18.2265     0.4513      0.0044   0.0057   81.01     69    Success 
    67       18.2223     0.7732      0.0042   0.0085   82.20     70    Success 
    68       18.2168     0.3840      0.0056   0.0089   85.94     71    Success 
    69       18.2123     0.3788      0.0045   0.0054   79.63     72    Success 
    70       18.2082     0.5137      0.0041   0.0082   82.97     73    Success 
    71       18.2046     0.5661      0.0036   0.0076   84.49     74    Success 
    72       18.2006     0.4334      0.0041   0.0039   81.83     75    Success 
    73       18.1951     0.4532      0.0054   0.0078   81.87     76    Success 
    74       18.1905     0.5971      0.0046   0.0092   83.33     77    Success 
    75       18.1862     0.4544      0.0043   0.0073   85.51     78    Success 
    76       18.1806     0.3814      0.0056   0.0147   85.78     79    Success 
    77       18.1768     0.6191      0.0038   0.0174   86.24     80    Success 
    78       18.1727     0.4081      0.0041   0.0129   87.44     81    Success 
    79       18.1688     0.3864      0.0039   0.0195   87.46     82    Success 
    80       18.1660     0.5460      0.0029   0.0234   87.79     83    Success 
    81       18.1636     0.4172      0.0024   0.0027   79.40     84    Success 
    82       18.1604     0.3558      0.0032   0.0116   86.97     85    Success 
    83       18.1558     0.4125      0.0046   0.0104   84.15     86    Success 
    84       18.1508     0.5949      0.0050   0.0132   84.68     87    Success 
    85       18.1470     0.4858      0.0038   0.0109   85.27     88    Success 
    86       18.1447     0.2285      0.0023   0.0023   79.60     89    Success 
    87       18.1435     0.3095      0.0012   0.0107   86.29     90    Success 
    88       18.1424     0.2796      0.0011   0.0069   86.64     91    Success 
    89       18.1416     0.3271      0.0008   0.0040   84.11     92    Success 
    90       18.1409     0.1104      0.0006   0.0030   86.47     93    Success 
    91       18.1408     0.0874      0.0002   0.0023   86.98     94   SmallGrad

 LBFGS  --  Normal Termination due to SmallGrad

 Final Function Value :           18.14077019
 Final RMS Gradient :              0.08738470
 Final Gradient Norm :             0.36029637
