
     ######################################################################
   ##########################################################################
  ###                                                                      ###
 ###            Tinker  ---  Software Tools for Molecular Design            ###
 ##                                                                          ##
 ##                      Version 8.9.4   September 2021                      ##
 ##                                                                          ##
 ##               Copyright (c)  Jay William Ponder  1990-2021               ##
 ###                           All Rights Reserved                          ###
  ###                                                                      ###
   ##########################################################################
     ######################################################################


 Additional Atom Definition Parameters :

     Type  Class  Symbol  Description               Atomic    Mass   Valence

      402   402     N     40_Index_0                   7     14.007     4
      401   401     C     40_Index_0                   6     12.011     4
      403   403     H     40_Index_0                   1      1.008     1
      404   404     H     40_Index_0                   1      1.008     1

 Additional Bond Stretching Parameters :

     Atom Classes             K(S)         Length

       401 402             194.378         1.4626
       403 402             434.641         1.0300
       404 401             345.979         1.0900

 Additional Angle Bending Parameters :

     Atom Classes             K(B)          Angle

     404 401 402            64.360        107.565
     401 402 401           192.334        112.240
     403 402 401            49.269        106.540
     404 401 404            36.407        111.931

 Additional Stretch-Bend Parameters :

     Atom Classes          K(SB)-1        K(SB)-2

     404 401 402             5.713          5.713
     401 402 401            29.856         29.856
     403 402 401            29.856         29.856
     404 401 404             5.713          5.713

 Additional Torsional Parameters :

     Atom Classes     1-Fold    2-Fold    3-Fold    4-Fold    5-Fold    6-Fold

   404 401 402 401   0.07   0 -0.01 180  0.56   0  0.00   0  0.00   0  0.00   0
   404 401 402 403   0.00   0  0.66 180  0.29   0  0.00   0  0.00   0  0.00   0

 Additional Atomic Multipole Parameters :

     Atom Type     Coordinate Frame Definition         Multipole Moments

         402      401    401    401   3-Fold       0.05896
                                                  -0.00449  0.00000  0.21483
                                                   0.12332
                                                   0.00000  0.16675
                                                   0.01731  0.00000 -0.29007

         401      402    403      0   Z-then-X    -0.05716
                                                   0.02542  0.00000  0.63047
                                                  -0.47410
                                                   0.00000 -0.49347
                                                   0.06847  0.00000  0.96757

         403      402      0      0   Z-Only       0.21306
                                                   0.00000  0.00000  0.00498
                                                   0.00715
                                                   0.00000  0.00715
                                                   0.00000  0.00000 -0.01430

         404      401    402      0   Z-then-X     0.09994
                                                  -0.01851  0.00000 -0.06837
                                                  -0.01678
                                                   0.00000  0.02711
                                                  -0.01632  0.00000 -0.01033

 Additional Atomic Dipole Polarizability Parameters :

     Atom Type           Alpha       Thole     Group Atom Types

         402             1.185       0.390         403
         401             1.620       0.390         404
         403             0.457       0.390         402
         404             0.480       0.390         401

 Additional van der Waals Parameters :

     Atom Class               Size        Epsilon        Reduction

         401                3.8200         0.1010          0.000
         402                3.7100         0.1050          0.000
         403                2.7000         0.0200          0.910
         404                2.8800         0.0240          0.910

 Additional Solvation Parameters :

     Atom Type                PB Size     CS Size     GK Size

         403             3.0352      2.6860      3.3152
         404             3.1430      3.3740      4.1440
         401             3.5062      3.3090      4.5360
         402             2.8836      2.9900      3.2180

 Limited Memory BFGS Quasi-Newton Optimization :

 QN Iter     F Value      G RMS      F Move   X Move   Angle  FG Call  Comment

     0       34.6987    11.5026                                   1
     1       34.1187     7.5410      0.5800   0.0071    0.00      3    Success 
     2       33.8537     5.4207      0.2650   0.0025   22.35      4    Success 
     3       33.4008     3.9565      0.4529   0.0062   21.74      5    Success 
     4       32.7025     4.3298      0.6983   0.0139   14.10      6    Success 
     5       31.7476     7.6371      0.9549   0.0288   48.78      7    Success 
     6       31.1062    10.3012      0.6414   0.0284   71.47      9    Success 
     7       30.0445     9.4696      1.0616   0.0240   72.83     10    Success 
     8       28.9884    14.9495      1.0562   0.0362   68.64     11    Success 
     9       27.2890    10.0067      1.6994   0.0215   67.28     12    Success 
    10       25.9244    15.6335      1.3646   0.0649   72.76     13    Success 
    11       24.5691     8.9123      1.3553   0.0189   57.18     14    Success 
    12       23.6193     7.6956      0.9497   0.0365   76.15     15    Success 
    13       22.9157    13.8144      0.7036   0.0518   77.70     16    Success 
    14       21.9514    10.0913      0.9643   0.0125   61.35     17    Success 
    15       20.7686     5.2848      1.1828   0.0360   73.23     18    Success 
    16       20.3297     4.7816      0.4389   0.0218   65.90     19    Success 
    17       20.1456     4.5823      0.1841   0.0262   77.64     20    Success 
    18       19.9995     5.4029      0.1462   0.0077   52.83     21    Success 
    19       19.8149     3.1423      0.1845   0.0111   73.37     22    Success 
    20       19.7120     2.2706      0.1029   0.0110   75.18     23    Success 
    21       19.6264     1.9706      0.0856   0.0087   67.67     24    Success 
    22       19.5573     3.4528      0.0692   0.0074   54.03     25    Success 
    23       19.4678     2.5090      0.0894   0.0078   75.16     26    Success 
    24       19.3341     2.3925      0.1338   0.0114   68.40     27    Success 
    25       19.1842     2.5816      0.1498   0.0173   72.33     28    Success 
    26       19.0571     3.9582      0.1271   0.0220   74.50     29    Success 
    27       18.9174     1.6037      0.1398   0.0172   78.67     30    Success 
    28       18.8505     1.5248      0.0669   0.0071   61.81     31    Success 
    29       18.7885     1.8969      0.0620   0.0129   73.01     32    Success 
    30       18.7605     3.3173      0.0280   0.0099   71.89     33    Success 
    31       18.7183     2.1138      0.0422   0.0025   66.72     34    Success 
    32       18.6695     1.5019      0.0488   0.0044   62.70     35    Success 
    33       18.6312     1.8006      0.0383   0.0078   74.97     36    Success 
    34       18.5801     1.6913      0.0511   0.0101   75.70     37    Success 
    35       18.5511     1.7775      0.0290   0.0111   77.44     38    Success 
    36       18.5255     0.8533      0.0256   0.0041   70.95     39    Success 
    37       18.5139     0.7435      0.0115   0.0035   71.95     40    Success 
    38       18.5002     0.7726      0.0137   0.0044   69.21     41    Success 
    39       18.4935     1.5449      0.0068   0.0057   69.53     42    Success 
    40       18.4835     0.7948      0.0100   0.0011   62.34     43    Success 
    41       18.4756     0.5842      0.0078   0.0019   62.64     44    Success 
    42       18.4699     0.7434      0.0057   0.0017   65.59     45    Success 
    43       18.4604     0.8319      0.0095   0.0032   73.25     46    Success 
    44       18.4456     0.8983      0.0149   0.0055   75.82     47    Success 
    45       18.4264     0.9416      0.0191   0.0100   78.82     48    Success 
    46       18.4097     1.0091      0.0167   0.0128   81.06     49    Success 
    47       18.3988     0.9435      0.0109   0.0072   79.78     50    Success 
    48       18.3903     0.7142      0.0085   0.0016   63.62     51    Success 
    49       18.3811     0.6296      0.0092   0.0037   70.95     52    Success 
    50       18.3730     0.8311      0.0080   0.0045   73.57     53    Success 
    51       18.3623     0.8473      0.0107   0.0048   78.98     54    Success 
    52       18.3446     1.0832      0.0177   0.0091   80.59     55    Success 
    53       18.3188     1.4278      0.0258   0.0162   83.20     56    Success 
    54       18.2898     1.9576      0.0289   0.0271   85.49     57    Success 
    55       18.2621     1.4730      0.0277   0.0163   85.95     58    Success 
    56       18.2335     0.7316      0.0287   0.0163   83.66     59    Success 
    57       18.2276     1.5801      0.0058   0.0215   83.89     60    Success 
    58       18.2193     0.8329      0.0084   0.0043   84.22     61    Success 
    59       18.2141     0.3868      0.0052   0.0013   62.40     62    Success 
    60       18.2117     0.4519      0.0024   0.0026   80.11     63    Success 
    61       18.2077     0.4665      0.0040   0.0059   83.81     64    Success 
    62       18.2035     0.7976      0.0042   0.0096   84.06     65    Success 
    63       18.1980     0.4436      0.0055   0.0094   86.19     66    Success 
    64       18.1929     0.4158      0.0051   0.0042   78.72     67    Success 
    65       18.1854     0.4725      0.0075   0.0074   78.81     68    Success 
    66       18.1786     0.8295      0.0068   0.0084   77.05     69    Success 
    67       18.1724     0.4935      0.0062   0.0077   84.74     70    Success 
    68       18.1677     0.4738      0.0047   0.0039   79.70     71    Success 
    69       18.1610     0.4593      0.0067   0.0077   81.38     72    Success 
    70       18.1590     1.1765      0.0019   0.0142   83.22     73    Success 
    71       18.1557     0.8603      0.0033   0.0015   82.66     74    Success 
    72       18.1511     0.2947      0.0046   0.0021   77.61     75    Success 
    73       18.1495     0.3848      0.0017   0.0079   85.35     76    Success 
    74       18.1484     0.4004      0.0011   0.0011   70.89     77    Success 
    75       18.1473     0.2280      0.0011   0.0031   86.22     78    Success 
    76       18.1462     0.1805      0.0011   0.0047   84.46     79    Success 
    77       18.1456     0.1985      0.0006   0.0013   80.18     80    Success 
    78       18.1448     0.2303      0.0008   0.0022   81.07     81    Success 
    79       18.1439     0.1715      0.0009   0.0025   80.29     82    Success 
    80       18.1435     0.1437      0.0004   0.0006   71.93     83    Success 
    81       18.1431     0.1285      0.0004   0.0013   79.23     84    Success 
    82       18.1428     0.1235      0.0003   0.0006   70.48     85    Success 
    83       18.1425     0.2308      0.0003   0.0014   76.66     86    Success 
    84       18.1421     0.1109      0.0004   0.0008   79.62     87    Success 
    85       18.1419     0.1111      0.0003   0.0007   73.24     88    Success 
    86       18.1415     0.1313      0.0003   0.0009   74.59     89    Success 
    87       18.1412     0.1747      0.0004   0.0013   76.38     90    Success 
    88       18.1410     0.1524      0.0001   0.0010   77.88     91    Success 
    89       18.1409     0.0572      0.0002   0.0005   78.67     92   SmallGrad

 LBFGS  --  Normal Termination due to SmallGrad

 Final Function Value :           18.14086862
 Final RMS Gradient :              0.05720501
 Final Gradient Norm :             0.23586230
