
     ######################################################################
   ##########################################################################
  ###                                                                      ###
 ###            Tinker  ---  Software Tools for Molecular Design            ###
 ##                                                                          ##
 ##                      Version 8.9.4   September 2021                      ##
 ##                                                                          ##
 ##               Copyright (c)  Jay William Ponder  1990-2021               ##
 ###                           All Rights Reserved                          ###
  ###                                                                      ###
   ##########################################################################
     ######################################################################


 Additional Atom Definition Parameters :

     Type  Class  Symbol  Description               Atomic    Mass   Valence

      402   402     N     40_Index_0                   7     14.007     4
      401   401     C     40_Index_0                   6     12.011     4
      403   403     H     40_Index_0                   1      1.008     1
      404   404     H     40_Index_0                   1      1.008     1

 Additional Bond Stretching Parameters :

     Atom Classes             K(S)         Length

       401 402             194.378         1.4626
       403 402             434.641         1.0300
       404 401             345.979         1.0900

 Additional Angle Bending Parameters :

     Atom Classes             K(B)          Angle

     404 401 402            64.360        107.565
     401 402 401           192.334        112.240
     403 402 401            49.269        106.540
     404 401 404            36.407        111.931

 Additional Stretch-Bend Parameters :

     Atom Classes          K(SB)-1        K(SB)-2

     404 401 402             5.713          5.713
     401 402 401            29.856         29.856
     403 402 401            29.856         29.856
     404 401 404             5.713          5.713

 Additional Torsional Parameters :

     Atom Classes     1-Fold    2-Fold    3-Fold    4-Fold    5-Fold    6-Fold

   404 401 402 401   0.07   0 -0.01 180  0.56   0  0.00   0  0.00   0  0.00   0
   404 401 402 403   0.00   0  0.66 180  0.29   0  0.00   0  0.00   0  0.00   0

 Additional Atomic Multipole Parameters :

     Atom Type     Coordinate Frame Definition         Multipole Moments

         402      401    401    401   3-Fold       0.05896
                                                  -0.00449  0.00000  0.21483
                                                   0.12332
                                                   0.00000  0.16675
                                                   0.01731  0.00000 -0.29007

         401      402    403      0   Z-then-X    -0.05716
                                                   0.02542  0.00000  0.63047
                                                  -0.47410
                                                   0.00000 -0.49347
                                                   0.06847  0.00000  0.96757

         403      402      0      0   Z-Only       0.21306
                                                   0.00000  0.00000  0.00498
                                                   0.00715
                                                   0.00000  0.00715
                                                   0.00000  0.00000 -0.01430

         404      401    402      0   Z-then-X     0.09994
                                                  -0.01851  0.00000 -0.06837
                                                  -0.01678
                                                   0.00000  0.02711
                                                  -0.01632  0.00000 -0.01033

 Additional Atomic Dipole Polarizability Parameters :

     Atom Type           Alpha       Thole     Group Atom Types

         402             1.185       0.390         403
         401             1.620       0.390         404
         403             0.457       0.390         402
         404             0.480       0.390         401

 Additional van der Waals Parameters :

     Atom Class               Size        Epsilon        Reduction

         401                3.8200         0.1010          0.000
         402                3.7100         0.1050          0.000
         403                2.7000         0.0200          0.910
         404                2.8800         0.0240          0.910

 Additional Solvation Parameters :

     Atom Type                PB Size     CS Size     GK Size

         403             3.0352      2.6860      3.3152
         404             3.1430      3.3740      4.1440
         401             3.5062      3.3090      4.5360
         402             2.8836      2.9900      3.2180

 Limited Memory BFGS Quasi-Newton Optimization :

 QN Iter     F Value      G RMS      F Move   X Move   Angle  FG Call  Comment

     0       27.0243    10.3625                                   1
     1       26.5551     6.6126      0.4692   0.0065    0.00      3    Success 
     2       26.3472     4.6310      0.2079   0.0023   21.74      4    Success 
     3       26.0081     3.1841      0.3392   0.0057   21.72      5    Success 
     4       25.5416     3.7880      0.4664   0.0131   17.53      6    Success 
     5       25.0890     5.8466      0.4526   0.0181   55.00      7    Success 
     6       24.5297     5.9133      0.5593   0.0277   70.83      8    Success 
     7       23.8500     5.2098      0.6798   0.0263   69.87      9    Success 
     8       23.3015     9.5261      0.5485   0.0392   66.96     10    Success 
     9       22.6419     4.2038      0.6596   0.0114   53.70     11    Success 
    10       22.2988     3.6085      0.3431   0.0227   72.06     12    Success 
    11       21.9979     4.9717      0.3009   0.0262   74.43     13    Success 
    12       21.6207     6.5318      0.3772   0.0292   76.11     14    Success 
    13       21.1435     5.3516      0.4772   0.0316   77.59     15    Success 
    14       20.7267     3.0299      0.4168   0.0232   73.16     16    Success 
    15       20.5155     3.6424      0.2112   0.0255   68.86     17    Success 
    16       20.4357     3.0903      0.0799   0.0062   65.23     19    Success 
    17       20.3521     2.7404      0.0836   0.0036   42.31     20    Success 
    18       20.2654     2.5180      0.0867   0.0040   56.02     21    Success 
    19       20.1271     2.3590      0.1383   0.0093   64.09     22    Success 
    20       19.9501     2.5631      0.1770   0.0189   68.55     23    Success 
    21       19.8291     2.3813      0.1210   0.0179   76.52     24    Success 
    22       19.6685     2.8635      0.1606   0.0170   72.29     25    Success 
    23       19.4262     3.5044      0.2423   0.0241   74.13     26    Success 
    24       19.1222     4.2165      0.3041   0.0310   74.78     27    Success 
    25       19.0065     5.5077      0.1157   0.0311   76.79     28    Success 
    26       18.8600     1.9123      0.1464   0.0054   62.93     29    Success 
    27       18.8274     1.8443      0.0327   0.0074   69.97     30    Success 
    28       18.7903     1.7858      0.0370   0.0092   76.92     31    Success 
    29       18.7536     1.1066      0.0367   0.0071   76.08     32    Success 
    30       18.7265     0.8553      0.0271   0.0047   58.86     33    Success 
    31       18.7152     0.8572      0.0113   0.0028   64.36     34    Success 
    32       18.7006     0.6762      0.0146   0.0035   65.77     35    Success 
    33       18.6835     1.0336      0.0171   0.0046   60.80     36    Success 
    34       18.6632     1.1577      0.0203   0.0061   71.36     37    Success 
    35       18.6401     1.1121      0.0231   0.0060   74.66     38    Success 
    36       18.6064     1.2152      0.0337   0.0097   75.39     39    Success 
    37       18.5609     1.5050      0.0455   0.0149   77.32     40    Success 
    38       18.5150     1.7846      0.0459   0.0198   80.70     41    Success 
    39       18.4830     1.2236      0.0320   0.0124   79.69     42    Success 
    40       18.4673     0.6484      0.0157   0.0018   53.11     43    Success 
    41       18.4576     0.5926      0.0098   0.0020   50.89     44    Success 
    42       18.4445     0.8645      0.0130   0.0038   62.36     45    Success 
    43       18.4278     1.0352      0.0167   0.0070   75.32     46    Success 
    44       18.4052     1.0349      0.0226   0.0111   80.12     47    Success 
    45       18.3785     1.1129      0.0267   0.0138   79.91     48    Success 
    46       18.3495     1.2819      0.0290   0.0164   80.49     49    Success 
    47       18.3236     0.9984      0.0259   0.0098   79.97     50    Success 
    48       18.2955     1.0180      0.0280   0.0162   80.63     51    Success 
    49       18.2705     1.2237      0.0250   0.0180   81.77     52    Success 
    50       18.2477     0.9873      0.0228   0.0093   79.29     53    Success 
    51       18.2297     0.9276      0.0180   0.0190   84.42     54    Success 
    52       18.2195     1.0357      0.0102   0.0037   61.52     55    Success 
    53       18.2116     0.5279      0.0079   0.0056   82.71     56    Success 
    54       18.2063     0.4347      0.0052   0.0029   74.00     57    Success 
    55       18.1985     0.5375      0.0078   0.0053   74.63     58    Success 
    56       18.1903     0.9396      0.0083   0.0081   77.87     59    Success 
    57       18.1802     0.5832      0.0101   0.0079   83.34     60    Success 
    58       18.1715     0.4925      0.0087   0.0067   79.15     61    Success 
    59       18.1639     0.8796      0.0076   0.0093   78.59     62    Success 
    60       18.1568     0.5190      0.0070   0.0057   82.55     63    Success 
    61       18.1514     0.4410      0.0054   0.0024   67.04     64    Success 
    62       18.1491     0.7107      0.0022   0.0096   83.37     65    Success 
    63       18.1462     0.3071      0.0029   0.0019   79.02     66    Success 
    64       18.1447     0.2572      0.0016   0.0011   67.18     67    Success 
    65       18.1427     0.3099      0.0020   0.0032   78.84     68    Success 
    66       18.1408     0.5198      0.0018   0.0063   83.11     69    Success 
    67       18.1390     0.2412      0.0019   0.0048   85.83     70    Success 
    68       18.1382     0.1601      0.0008   0.0014   78.10     71    Success 
    69       18.1376     0.1694      0.0006   0.0022   80.19     72    Success 
    70       18.1371     0.1780      0.0005   0.0018   80.42     73    Success 
    71       18.1366     0.1330      0.0005   0.0019   83.22     74    Success 
    72       18.1359     0.1771      0.0007   0.0038   83.28     75    Success 
    73       18.1351     0.2157      0.0008   0.0049   84.79     76    Success 
    74       18.1343     0.2005      0.0008   0.0040   85.40     77    Success 
    75       18.1338     0.2855      0.0005   0.0038   83.71     78    Success 
    76       18.1334     0.1217      0.0004   0.0010   79.74     79    Success 
    77       18.1334     0.0661      0.0001   0.0005   83.53     80   SmallGrad

 LBFGS  --  Normal Termination due to SmallGrad

 Final Function Value :           18.13335566
 Final RMS Gradient :              0.06607223
 Final Gradient Norm :             0.27242276
