
     ######################################################################
   ##########################################################################
  ###                                                                      ###
 ###            Tinker  ---  Software Tools for Molecular Design            ###
 ##                                                                          ##
 ##                      Version 8.9.4   September 2021                      ##
 ##                                                                          ##
 ##               Copyright (c)  Jay William Ponder  1990-2021               ##
 ###                           All Rights Reserved                          ###
  ###                                                                      ###
   ##########################################################################
     ######################################################################


 Additional Atom Definition Parameters :

     Type  Class  Symbol  Description               Atomic    Mass   Valence

      402   402     N     40_Index_0                   7     14.007     4
      401   401     C     40_Index_0                   6     12.011     4
      403   403     H     40_Index_0                   1      1.008     1
      404   404     H     40_Index_0                   1      1.008     1

 Additional Bond Stretching Parameters :

     Atom Classes             K(S)         Length

       401 402             194.378         1.4626
       403 402             434.641         1.0300
       404 401             345.979         1.0900

 Additional Angle Bending Parameters :

     Atom Classes             K(B)          Angle

     404 401 402            64.360        107.565
     401 402 401           192.334        112.240
     403 402 401            49.269        106.540
     404 401 404            36.407        111.931

 Additional Stretch-Bend Parameters :

     Atom Classes          K(SB)-1        K(SB)-2

     404 401 402             5.713          5.713
     401 402 401            29.856         29.856
     403 402 401            29.856         29.856
     404 401 404             5.713          5.713

 Additional Torsional Parameters :

     Atom Classes     1-Fold    2-Fold    3-Fold    4-Fold    5-Fold    6-Fold

   404 401 402 401   0.07   0 -0.01 180  0.56   0  0.00   0  0.00   0  0.00   0
   404 401 402 403   0.00   0  0.66 180  0.29   0  0.00   0  0.00   0  0.00   0

 Additional Atomic Multipole Parameters :

     Atom Type     Coordinate Frame Definition         Multipole Moments

         402      401    401    401   3-Fold       0.05896
                                                  -0.00449  0.00000  0.21483
                                                   0.12332
                                                   0.00000  0.16675
                                                   0.01731  0.00000 -0.29007

         401      402    403      0   Z-then-X    -0.05716
                                                   0.02542  0.00000  0.63047
                                                  -0.47410
                                                   0.00000 -0.49347
                                                   0.06847  0.00000  0.96757

         403      402      0      0   Z-Only       0.21306
                                                   0.00000  0.00000  0.00498
                                                   0.00715
                                                   0.00000  0.00715
                                                   0.00000  0.00000 -0.01430

         404      401    402      0   Z-then-X     0.09994
                                                  -0.01851  0.00000 -0.06837
                                                  -0.01678
                                                   0.00000  0.02711
                                                  -0.01632  0.00000 -0.01033

 Additional Atomic Dipole Polarizability Parameters :

     Atom Type           Alpha       Thole     Group Atom Types

         402             1.185       0.390         403
         401             1.620       0.390         404
         403             0.457       0.390         402
         404             0.480       0.390         401

 Additional van der Waals Parameters :

     Atom Class               Size        Epsilon        Reduction

         401                3.8200         0.1010          0.000
         402                3.7100         0.1050          0.000
         403                2.7000         0.0200          0.910
         404                2.8800         0.0240          0.910

 Additional Solvation Parameters :

     Atom Type                PB Size     CS Size     GK Size

         403             3.0352      2.6860      3.3152
         404             3.1430      3.3740      4.1440
         401             3.5062      3.3090      4.5360
         402             2.8836      2.9900      3.2180

 Limited Memory BFGS Quasi-Newton Optimization :

 QN Iter     F Value      G RMS      F Move   X Move   Angle  FG Call  Comment

     0       28.1961     9.5992                                   1
     1       27.6768     7.3594      0.5192   0.0068    0.00      3    Success 
     2       27.3595     5.5397      0.3173   0.0035   34.81      4    Success 
     3       26.8372     3.7514      0.5223   0.0080   32.78      5    Success 
     4       26.1052     4.4825      0.7321   0.0182   25.94      6    Success 
     5       25.6872     9.9398      0.4179   0.0294   55.96      7    Success 
     6       25.1072     5.3623      0.5800   0.0120   65.66      8    Success 
     7       24.5621     5.2097      0.5451   0.0163   61.17      9    Success 
     8       23.9409     5.4786      0.6212   0.0283   68.78     10    Success 
     9       23.5357     9.1576      0.4052   0.0368   73.97     11    Success 
    10       23.0354     4.1724      0.5003   0.0325   80.78     12    Success 
    11       22.7326     3.8664      0.3028   0.0128   62.13     13    Success 
    12       22.3744     5.5003      0.3582   0.0244   71.35     14    Success 
    13       21.9298     6.6035      0.4445   0.0272   73.64     15    Success 
    14       21.5437     6.3595      0.3861   0.0365   77.83     16    Success 
    15       21.2191     3.1366      0.3247   0.0104   61.30     17    Success 
    16       21.0919     4.8035      0.1271   0.0208   72.04     18    Success 
    17       20.9494     3.1716      0.1425   0.0049   59.97     19    Success 
    18       20.7622     2.6967      0.1872   0.0139   69.87     20    Success 
    19       20.5739     2.8838      0.1883   0.0251   75.62     21    Success 
    20       20.4621     3.9717      0.1118   0.0238   78.64     22    Success 
    21       20.3358     2.5423      0.1264   0.0098   73.90     23    Success 
    22       20.2012     2.8317      0.1346   0.0120   70.09     24    Success 
    23       20.0156     3.4974      0.1855   0.0208   74.42     25    Success 
    24       19.8878     6.8542      0.1278   0.0253   75.69     26    Success 
    25       19.7098     4.8918      0.1781   0.0204   83.82     27    Success 
    26       19.4792     3.7002      0.2306   0.0133   71.19     28    Success 
    27       19.2647     3.6869      0.2145   0.0259   78.82     29    Success 
    28       19.0353     3.8116      0.2294   0.0249   76.38     30    Success 
    29       18.9980     4.7046      0.0373   0.0268   78.64     31    Success 
    30       18.9343     3.3700      0.0636   0.0034   74.26     32    Success 
    31       18.8583     0.8920      0.0760   0.0092   76.01     33    Success 
    32       18.8453     0.8254      0.0130   0.0019   49.67     34    Success 
    33       18.8298     0.8915      0.0155   0.0035   62.75     35    Success 
    34       18.8088     1.1538      0.0210   0.0062   70.73     36    Success 
    35       18.7869     1.2082      0.0220   0.0081   74.60     37    Success 
    36       18.7686     0.9963      0.0183   0.0047   73.05     38    Success 
    37       18.7479     1.1497      0.0207   0.0071   77.26     39    Success 
    38       18.7156     1.4486      0.0322   0.0105   78.35     40    Success 
    39       18.6689     1.2370      0.0467   0.0156   80.36     41    Success 
    40       18.6173     1.3567      0.0516   0.0267   80.98     42    Success 
    41       18.5871     2.1122      0.0303   0.0215   80.76     43    Success 
    42       18.5503     1.3188      0.0367   0.0046   73.34     44    Success 
    43       18.5044     1.1618      0.0459   0.0100   70.95     45    Success 
    44       18.4738     1.5197      0.0307   0.0116   77.10     46    Success 
    45       18.4375     1.0913      0.0363   0.0169   82.29     47    Success 
    46       18.4107     1.0712      0.0268   0.0179   82.88     48    Success 
    47       18.3906     1.3657      0.0201   0.0134   81.57     49    Success 
    48       18.3716     0.9075      0.0190   0.0121   83.76     50    Success 
    49       18.3525     0.8228      0.0191   0.0100   80.94     51    Success 
    50       18.3243     1.1849      0.0282   0.0146   79.23     52    Success 
    51       18.2946     1.5367      0.0297   0.0195   82.99     53    Success 
    52       18.2869     2.1486      0.0077   0.0305   85.73     54    Success 
    53       18.2737     1.5911      0.0132   0.0060   85.98     55    Success 
    54       18.2541     0.7277      0.0196   0.0074   82.45     56    Success 
    55       18.2405     0.7555      0.0136   0.0080   77.89     57    Success 
    56       18.2304     0.8600      0.0101   0.0027   68.25     58    Success 
    57       18.2173     1.1832      0.0132   0.0076   79.53     59    Success 
    58       18.1991     0.7708      0.0182   0.0154   85.13     60    Success 
    59       18.1843     0.7841      0.0148   0.0191   84.99     61    Success 
    60       18.1735     1.0704      0.0108   0.0190   85.14     62    Success 
    61       18.1658     0.7098      0.0077   0.0075   84.46     63    Success 
    62       18.1618     0.4096      0.0041   0.0060   85.61     64    Success 
    63       18.1578     0.3690      0.0039   0.0064   82.79     65    Success 
    64       18.1542     0.4654      0.0036   0.0107   85.61     66    Success 
    65       18.1507     0.6405      0.0035   0.0087   84.03     67    Success 
    66       18.1473     0.3051      0.0034   0.0091   86.60     68    Success 
    67       18.1453     0.2809      0.0020   0.0011   61.40     69    Success 
    68       18.1428     0.4091      0.0025   0.0044   78.99     70    Success 
    69       18.1405     0.5168      0.0023   0.0033   77.98     71    Success 
    70       18.1385     0.2734      0.0020   0.0052   86.45     72    Success 
    71       18.1372     0.1835      0.0013   0.0043   83.55     73    Success 
    72       18.1368     0.1813      0.0005   0.0015   82.85     74    Success 
    73       18.1361     0.1784      0.0007   0.0015   78.54     75    Success 
    74       18.1352     0.2199      0.0009   0.0012   67.41     76    Success 
    75       18.1344     0.1703      0.0007   0.0019   80.26     77    Success 
    76       18.1338     0.1915      0.0007   0.0025   81.51     78    Success 
    77       18.1330     0.1526      0.0008   0.0017   76.02     79    Success 
    78       18.1324     0.1487      0.0005   0.0013   75.22     80    Success 
    79       18.1321     0.1276      0.0004   0.0008   69.63     81    Success 
    80       18.1319     0.0881      0.0002   0.0005   70.83     82   SmallGrad

 LBFGS  --  Normal Termination due to SmallGrad

 Final Function Value :           18.13185316
 Final RMS Gradient :              0.08808032
 Final Gradient Norm :             0.36316445
