
     ######################################################################
   ##########################################################################
  ###                                                                      ###
 ###            Tinker  ---  Software Tools for Molecular Design            ###
 ##                                                                          ##
 ##                      Version 8.9.4   September 2021                      ##
 ##                                                                          ##
 ##               Copyright (c)  Jay William Ponder  1990-2021               ##
 ###                           All Rights Reserved                          ###
  ###                                                                      ###
   ##########################################################################
     ######################################################################


 Additional Atom Definition Parameters :

     Type  Class  Symbol  Description               Atomic    Mass   Valence

      402   402     N     40_Index_0                   7     14.007     4
      401   401     C     40_Index_0                   6     12.011     4
      403   403     H     40_Index_0                   1      1.008     1
      404   404     H     40_Index_0                   1      1.008     1

 Additional Bond Stretching Parameters :

     Atom Classes             K(S)         Length

       401 402             194.378         1.4626
       403 402             434.641         1.0300
       404 401             345.979         1.0900

 Additional Angle Bending Parameters :

     Atom Classes             K(B)          Angle

     404 401 402            64.360        107.565
     401 402 401           192.334        112.240
     403 402 401            49.269        106.540
     404 401 404            36.407        111.931

 Additional Stretch-Bend Parameters :

     Atom Classes          K(SB)-1        K(SB)-2

     404 401 402             5.713          5.713
     401 402 401            29.856         29.856
     403 402 401            29.856         29.856
     404 401 404             5.713          5.713

 Additional Torsional Parameters :

     Atom Classes     1-Fold    2-Fold    3-Fold    4-Fold    5-Fold    6-Fold

   404 401 402 401   0.07   0 -0.01 180  0.56   0  0.00   0  0.00   0  0.00   0
   404 401 402 403   0.00   0  0.66 180  0.29   0  0.00   0  0.00   0  0.00   0

 Additional Atomic Multipole Parameters :

     Atom Type     Coordinate Frame Definition         Multipole Moments

         402      401    401    401   3-Fold       0.05896
                                                  -0.00449  0.00000  0.21483
                                                   0.12332
                                                   0.00000  0.16675
                                                   0.01731  0.00000 -0.29007

         401      402    403      0   Z-then-X    -0.05716
                                                   0.02542  0.00000  0.63047
                                                  -0.47410
                                                   0.00000 -0.49347
                                                   0.06847  0.00000  0.96757

         403      402      0      0   Z-Only       0.21306
                                                   0.00000  0.00000  0.00498
                                                   0.00715
                                                   0.00000  0.00715
                                                   0.00000  0.00000 -0.01430

         404      401    402      0   Z-then-X     0.09994
                                                  -0.01851  0.00000 -0.06837
                                                  -0.01678
                                                   0.00000  0.02711
                                                  -0.01632  0.00000 -0.01033

 Additional Atomic Dipole Polarizability Parameters :

     Atom Type           Alpha       Thole     Group Atom Types

         402             1.185       0.390         403
         401             1.620       0.390         404
         403             0.457       0.390         402
         404             0.480       0.390         401

 Additional van der Waals Parameters :

     Atom Class               Size        Epsilon        Reduction

         401                3.8200         0.1010          0.000
         402                3.7100         0.1050          0.000
         403                2.7000         0.0200          0.910
         404                2.8800         0.0240          0.910

 Additional Solvation Parameters :

     Atom Type                PB Size     CS Size     GK Size

         403             3.0352      2.6860      3.3152
         404             3.1430      3.3740      4.1440
         401             3.5062      3.3090      4.5360
         402             2.8836      2.9900      3.2180

 Limited Memory BFGS Quasi-Newton Optimization :

 QN Iter     F Value      G RMS      F Move   X Move   Angle  FG Call  Comment

     0       40.7661    11.8590                                   1
     1       40.1964     8.4671      0.5697   0.0077    0.00      3    Success 
     2       39.9304     4.7770      0.2660   0.0024   10.25      4    Success 
     3       39.5691     3.6778      0.3613   0.0065   13.48      5    Success 
     4       39.3105     3.5181      0.2586   0.0081   41.74      6    Success 
     5       39.0610     5.4530      0.2495   0.0131   54.35      7    Success 
     6       38.7110     3.5787      0.3500   0.0147   68.80      8    Success 
     7       38.2380     4.2913      0.4729   0.0213   61.74      9    Success 
     8       37.6035     6.2503      0.6345   0.0355   68.55     10    Success 
     9       37.1614    10.3549      0.4421   0.0462   75.88     11    Success 
    10       36.5090     5.6243      0.6524   0.0096   58.93     12    Success 
    11       35.6011     5.9315      0.9079   0.0415   72.60     13    Success 
    12       34.2632     9.7593      1.3379   0.0710   75.30     14    Success 
    13       32.6434    12.6014      1.6198   0.0609   74.65     15    Success 
    14       30.3387     9.3991      2.3047   0.0480   71.65     16    Success 
    15       27.9208    11.6587      2.4179   0.0674   66.99     17    Success 
    16       27.4207     7.7527      0.5001   0.0125   66.50     19    Success 
    17       26.7751     7.3269      0.6456   0.0184   65.61     20    Success 
    18       26.1152     6.9016      0.6600   0.0164   60.35     21    Success 
    19       25.6656     7.4169      0.4495   0.0193   68.80     22    Success 
    20       25.3098     5.8336      0.3559   0.0150   68.61     23    Success 
    21       24.9895     4.7070      0.3203   0.0105   67.79     24    Success 
    22       24.5292     4.6527      0.4603   0.0256   71.82     25    Success 
    23       24.0528     6.7846      0.4764   0.0308   67.81     26    Success 
    24       23.6635     7.7690      0.3894   0.0348   76.29     27    Success 
    25       23.4155     5.4562      0.2480   0.0071   59.40     28    Success 
    26       23.1231     4.3367      0.2924   0.0194   74.01     29    Success 
    27       22.8911     4.6015      0.2319   0.0184   77.52     30    Success 
    28       22.5208     3.7144      0.3703   0.0182   70.96     31    Success 
    29       22.1599     5.5800      0.3609   0.0317   68.29     32    Success 
    30       22.0252     5.3540      0.1346   0.0163   65.52     33    Success 
    31       21.8695     2.9158      0.1558   0.0114   74.94     34    Success 
    32       21.7742     2.4502      0.0953   0.0051   41.95     35    Success 
    33       21.6555     2.5643      0.1187   0.0107   72.00     36    Success 
    34       21.4563     2.6962      0.1992   0.0172   71.49     37    Success 
    35       21.1792     3.5779      0.2771   0.0308   73.61     38    Success 
    36       20.8621     4.2137      0.3171   0.0454   78.41     39    Success 
    37       20.6758     4.7402      0.1863   0.0276   79.30     40    Success 
    38       20.5455     3.6112      0.1303   0.0294   84.33     42    Success 
    39       20.3967     2.1995      0.1488   0.0150   73.56     43    Success 
    40       20.3321     2.3551      0.0646   0.0081   73.11     44    Success 
    41       20.2501     2.8486      0.0820   0.0130   76.34     45    Success 
    42       20.1768     3.8906      0.0733   0.0156   77.96     46    Success 
    43       20.0767     2.9895      0.1002   0.0084   76.01     47    Success 
    44       19.9617     2.0051      0.1149   0.0134   74.60     48    Success 
    45       19.8878     2.0945      0.0739   0.0105   72.68     49    Success 
    46       19.8055     2.3087      0.0824   0.0148   73.71     50    Success 
    47       19.7342     1.8855      0.0713   0.0113   75.33     51    Success 
    48       19.6597     1.7996      0.0745   0.0092   66.52     52    Success 
    49       19.6085     1.9412      0.0512   0.0149   74.20     53    Success 
    50       19.5787     1.6085      0.0298   0.0058   69.18     54    Success 
    51       19.5606     1.0028      0.0180   0.0031   72.93     55    Success 
    52       19.5345     1.1795      0.0262   0.0045   62.07     56    Success 
    53       19.4976     1.5296      0.0369   0.0113   76.65     57    Success 
    54       19.4446     1.8416      0.0530   0.0123   76.68     58    Success 
    55       19.3628     1.8447      0.0818   0.0198   80.17     59    Success 
    56       19.2632     2.8032      0.0995   0.0271   78.89     60    Success 
    57       19.1332     1.6996      0.1301   0.0314   82.35     61    Success 
    58       19.0735     1.5336      0.0597   0.0211   77.32     62    Success 
    59       19.0432     1.0693      0.0303   0.0038   59.07     63    Success 
    60       19.0188     0.9861      0.0244   0.0031   57.97     64    Success 
    61       18.9836     1.1030      0.0352   0.0066   63.71     65    Success 
    62       18.9494     1.6256      0.0342   0.0127   72.87     66    Success 
    63       18.9212     1.1448      0.0282   0.0093   81.29     67    Success 
    64       18.8816     1.2336      0.0396   0.0126   76.85     68    Success 
    65       18.8362     1.6553      0.0454   0.0206   80.96     69    Success 
    66       18.7954     2.0530      0.0408   0.0247   82.49     70    Success 
    67       18.7603     1.1800      0.0351   0.0061   73.83     71    Success 
    68       18.7354     1.1721      0.0248   0.0119   80.72     72    Success 
    69       18.7073     1.2881      0.0281   0.0061   71.29     73    Success 
    70       18.6739     1.7241      0.0334   0.0127   78.29     74    Success 
    71       18.6342     1.2932      0.0397   0.0120   79.84     75    Success 
    72       18.6035     1.2590      0.0307   0.0141   80.91     76    Success 
    73       18.5838     1.6214      0.0197   0.0142   78.61     77    Success 
    74       18.5625     1.1856      0.0213   0.0143   84.23     78    Success 
    75       18.5481     0.8672      0.0144   0.0029   71.30     79    Success 
    76       18.5284     0.8154      0.0197   0.0140   82.00     80    Success 
    77       18.5134     1.4570      0.0150   0.0172   82.37     81    Success 
    78       18.4929     0.9798      0.0205   0.0156   86.06     82    Success 
    79       18.4624     1.0292      0.0305   0.0261   84.58     83    Success 
    80       18.4246     1.7332      0.0378   0.0295   83.71     84    Success 
    81       18.4017     1.5221      0.0229   0.0365   87.76     86    Success 
    82       18.3704     1.2672      0.0313   0.0129   82.13     87    Success 
    83       18.3426     1.8307      0.0278   0.0357   85.33     88    Success 
    84       18.3152     0.9278      0.0274   0.0064   77.67     89    Success 
    85       18.2971     0.9105      0.0181   0.0246   85.27     90    Success 
    86       18.2838     0.7009      0.0133   0.0149   84.68     91    Success 
    87       18.2744     0.6519      0.0094   0.0066   76.52     92    Success 
    88       18.2679     0.7108      0.0065   0.0183   85.84     93    Success 
    89       18.2621     0.4783      0.0058   0.0029   75.64     94    Success 
    90       18.2564     0.6990      0.0057   0.0123   84.20     95    Success 
    91       18.2500     0.4859      0.0064   0.0114   85.74     96    Success 
    92       18.2436     0.4916      0.0063   0.0188   86.97     97    Success 
    93       18.2346     0.7224      0.0090   0.0222   86.08     98    Success 
    94       18.2236     0.6045      0.0110   0.0346   87.58     99    Success 
    95       18.2158     0.9923      0.0078   0.0137   81.58    100    Success 
    96       18.2055     0.6736      0.0103   0.0219   87.58    101    Success 
    97       18.1964     0.6225      0.0091   0.0164   85.79    102    Success 
    98       18.1889     0.6489      0.0075   0.0056   78.00    103    Success 
    99       18.1830     0.7262      0.0059   0.0216   87.19    104    Success 
   100       18.1786     0.4342      0.0044   0.0050   82.64    105    Success 
   101       18.1757     0.3727      0.0028   0.0110   86.80    106    Success 
   102       18.1734     0.3530      0.0024   0.0077   85.80    107    Success 
   103       18.1711     0.2839      0.0022   0.0219   87.93    108    Success 
   104       18.1693     0.4632      0.0019   0.0017   57.25    109    Success 
   105       18.1671     0.2805      0.0022   0.0016   72.57    110    Success 
   106       18.1655     0.2557      0.0015   0.0028   81.71    111    Success 
   107       18.1631     0.2608      0.0024   0.0049   81.66    112    Success 
   108       18.1606     0.4363      0.0024   0.0053   77.90    113    Success 
   109       18.1582     0.3109      0.0024   0.0119   87.20    114    Success 
   110       18.1566     0.2098      0.0016   0.0014   72.07    115    Success 
   111       18.1552     0.1943      0.0015   0.0082   85.19    116    Success 
   112       18.1546     0.3341      0.0006   0.0069   85.50    117    Success 
   113       18.1538     0.1733      0.0008   0.0005   64.91    118    Success 
   114       18.1532     0.1591      0.0006   0.0011   73.82    119    Success 
   115       18.1526     0.1746      0.0006   0.0009   70.43    120    Success 
   116       18.1525     0.4091      0.0001   0.0023   80.03    121    Success 
   117       18.1523     0.3489      0.0002   0.0001   68.23    122    Success 
   118       18.1519     0.2404      0.0003   0.0002   68.79    123    Success 
   119       18.1515     0.0880      0.0004   0.0005   69.14    124   SmallGrad

 LBFGS  --  Normal Termination due to SmallGrad

 Final Function Value :           18.15149877
 Final RMS Gradient :              0.08801699
 Final Gradient Norm :             0.36290335
