
     ######################################################################
   ##########################################################################
  ###                                                                      ###
 ###            Tinker  ---  Software Tools for Molecular Design            ###
 ##                                                                          ##
 ##                      Version 8.9.4   September 2021                      ##
 ##                                                                          ##
 ##               Copyright (c)  Jay William Ponder  1990-2021               ##
 ###                           All Rights Reserved                          ###
  ###                                                                      ###
   ##########################################################################
     ######################################################################


 Additional Atom Definition Parameters :

     Type  Class  Symbol  Description               Atomic    Mass   Valence

      402   402     N     40_Index_0                   7     14.007     4
      401   401     C     40_Index_0                   6     12.011     4
      403   403     H     40_Index_0                   1      1.008     1
      404   404     H     40_Index_0                   1      1.008     1

 Additional Bond Stretching Parameters :

     Atom Classes             K(S)         Length

       401 402             194.378         1.4626
       403 402             434.641         1.0300
       404 401             345.979         1.0900

 Additional Angle Bending Parameters :

     Atom Classes             K(B)          Angle

     404 401 402            64.360        107.565
     401 402 401           192.334        112.240
     403 402 401            49.269        106.540
     404 401 404            36.407        111.931

 Additional Stretch-Bend Parameters :

     Atom Classes          K(SB)-1        K(SB)-2

     404 401 402             5.713          5.713
     401 402 401            29.856         29.856
     403 402 401            29.856         29.856
     404 401 404             5.713          5.713

 Additional Torsional Parameters :

     Atom Classes     1-Fold    2-Fold    3-Fold    4-Fold    5-Fold    6-Fold

   404 401 402 401   0.07   0 -0.01 180  0.56   0  0.00   0  0.00   0  0.00   0
   404 401 402 403   0.00   0  0.66 180  0.29   0  0.00   0  0.00   0  0.00   0

 Additional Atomic Multipole Parameters :

     Atom Type     Coordinate Frame Definition         Multipole Moments

         402      401    401    401   3-Fold       0.05896
                                                  -0.00449  0.00000  0.21483
                                                   0.12332
                                                   0.00000  0.16675
                                                   0.01731  0.00000 -0.29007

         401      402    403      0   Z-then-X    -0.05716
                                                   0.02542  0.00000  0.63047
                                                  -0.47410
                                                   0.00000 -0.49347
                                                   0.06847  0.00000  0.96757

         403      402      0      0   Z-Only       0.21306
                                                   0.00000  0.00000  0.00498
                                                   0.00715
                                                   0.00000  0.00715
                                                   0.00000  0.00000 -0.01430

         404      401    402      0   Z-then-X     0.09994
                                                  -0.01851  0.00000 -0.06837
                                                  -0.01678
                                                   0.00000  0.02711
                                                  -0.01632  0.00000 -0.01033

 Additional Atomic Dipole Polarizability Parameters :

     Atom Type           Alpha       Thole     Group Atom Types

         402             1.185       0.390         403
         401             1.620       0.390         404
         403             0.457       0.390         402
         404             0.480       0.390         401

 Additional van der Waals Parameters :

     Atom Class               Size        Epsilon        Reduction

         401                3.8200         0.1010          0.000
         402                3.7100         0.1050          0.000
         403                2.7000         0.0200          0.910
         404                2.8800         0.0240          0.910

 Additional Solvation Parameters :

     Atom Type                PB Size     CS Size     GK Size

         403             3.0352      2.6860      3.3152
         404             3.1430      3.3740      4.1440
         401             3.5062      3.3090      4.5360
         402             2.8836      2.9900      3.2180

 Limited Memory BFGS Quasi-Newton Optimization :

 QN Iter     F Value      G RMS      F Move   X Move   Angle  FG Call  Comment

     0       29.4261    10.8080                                   1
     1       28.8716     7.3428      0.5546   0.0069    0.00      3    Success 
     2       28.5918     5.5265      0.2798   0.0028   28.02      4    Success 
     3       28.1116     3.9753      0.4802   0.0067   26.87      5    Success 
     4       27.3629     3.9670      0.7487   0.0149   17.55      6    Success 
     5       26.4074     7.2014      0.9555   0.0315   45.21      7    Success 
     6       25.9768     8.8532      0.4305   0.0208   71.62      9    Success 
     7       25.2530     7.7600      0.7238   0.0176   71.45     10    Success 
     8       24.4350    10.6783      0.8180   0.0274   66.37     11    Success 
     9       23.4317     6.4565      1.0033   0.0322   73.73     12    Success 
    10       23.1623     3.3263      0.2695   0.0071   47.13     14    Success 
    11       22.8759     4.7060      0.2864   0.0233   71.94     15    Success 
    12       22.4847     6.1866      0.3912   0.0267   75.22     16    Success 
    13       21.9317     6.0889      0.5530   0.0269   73.95     17    Success 
    14       21.4013     5.7639      0.5304   0.0325   70.78     18    Success 
    15       21.1088     4.1550      0.2925   0.0117   64.79     19    Success 
    16       20.9673     4.9025      0.1415   0.0260   79.36     20    Success 
    17       20.7515     3.6945      0.2158   0.0059   55.11     21    Success 
    18       20.4870     2.8758      0.2645   0.0158   65.36     22    Success 
    19       20.3362     3.9370      0.1508   0.0171   69.63     23    Success 
    20       20.1973     2.4138      0.1388   0.0105   72.61     24    Success 
    21       20.0968     2.0727      0.1005   0.0069   59.19     25    Success 
    22       19.9934     2.6239      0.1034   0.0096   64.13     26    Success 
    23       19.8626     3.5326      0.1307   0.0125   68.20     27    Success 
    24       19.7002     3.2543      0.1624   0.0187   76.51     28    Success 
    25       19.5060     2.2057      0.1942   0.0169   70.85     29    Success 
    26       19.3613     2.3121      0.1447   0.0218   72.33     30    Success 
    27       19.2758     2.7124      0.0856   0.0118   65.70     31    Success 
    28       19.2012     1.7874      0.0746   0.0209   79.99     32    Success 
    29       19.1564     1.5067      0.0448   0.0036   52.52     33    Success 
    30       19.1170     1.8702      0.0393   0.0045   63.60     34    Success 
    31       19.0583     2.0446      0.0587   0.0080   72.08     35    Success 
    32       19.0035     2.8348      0.0549   0.0129   74.82     36    Success 
    33       18.9441     1.3792      0.0593   0.0082   76.86     37    Success 
    34       18.9009     1.2423      0.0432   0.0050   59.08     38    Success 
    35       18.8600     1.6427      0.0409   0.0067   65.60     39    Success 
    36       18.8257     2.6339      0.0343   0.0105   74.21     40    Success 
    37       18.7849     1.2244      0.0408   0.0057   76.30     41    Success 
    38       18.7610     0.9622      0.0239   0.0060   69.42     42    Success 
    39       18.7536     1.2688      0.0074   0.0094   78.64     43    Success 
    40       18.7440     0.6339      0.0096   0.0022   71.58     44    Success 
    41       18.7383     0.4545      0.0057   0.0015   60.90     45    Success 
    42       18.7295     0.6767      0.0088   0.0027   56.99     46    Success 
    43       18.7155     1.0282      0.0140   0.0055   73.80     47    Success 
    44       18.6936     1.3249      0.0219   0.0086   79.28     48    Success 
    45       18.6617     1.6842      0.0319   0.0145   82.29     49    Success 
    46       18.6156     2.0350      0.0461   0.0210   83.90     50    Success 
    47       18.5569     2.4976      0.0587   0.0263   84.18     51    Success 
    48       18.4807     1.8192      0.0762   0.0288   84.49     52    Success 
    49       18.4267     1.9362      0.0540   0.0188   76.82     53    Success 
    50       18.3998     1.1844      0.0270   0.0114   81.75     54    Success 
    51       18.3858     0.8419      0.0140   0.0032   74.35     55    Success 
    52       18.3649     0.8108      0.0209   0.0076   75.13     56    Success 
    53       18.3430     1.2769      0.0220   0.0180   82.01     57    Success 
    54       18.3297     1.4825      0.0133   0.0130   81.05     58    Success 
    55       18.3096     0.9684      0.0201   0.0115   84.75     59    Success 
    56       18.2890     0.8769      0.0206   0.0134   81.36     60    Success 
    57       18.2747     1.0394      0.0143   0.0040   71.10     61    Success 
    58       18.2566     0.9398      0.0181   0.0063   75.10     62    Success 
    59       18.2423     0.8129      0.0143   0.0106   82.45     63    Success 
    60       18.2293     0.5740      0.0130   0.0050   73.63     64    Success 
    61       18.2164     1.1690      0.0129   0.0167   81.19     65    Success 
    62       18.2055     0.8392      0.0110   0.0054   80.63     66    Success 
    63       18.1973     0.6973      0.0082   0.0107   84.95     67    Success 
    64       18.1914     0.4627      0.0058   0.0067   82.95     68    Success 
    65       18.1871     0.4908      0.0043   0.0081   84.50     69    Success 
    66       18.1822     0.5743      0.0049   0.0055   79.06     70    Success 
    67       18.1782     0.4471      0.0040   0.0084   85.00     71    Success 
    68       18.1752     0.3484      0.0029   0.0018   73.05     72    Success 
    69       18.1716     0.4034      0.0036   0.0039   76.98     73    Success 
    70       18.1680     0.6501      0.0036   0.0075   82.67     74    Success 
    71       18.1642     0.3454      0.0038   0.0057   83.73     75    Success 
    72       18.1625     0.2627      0.0018   0.0031   81.57     76    Success 
    73       18.1610     0.2749      0.0015   0.0025   77.85     77    Success 
    74       18.1593     0.2912      0.0017   0.0020   76.74     78    Success 
    75       18.1573     0.2948      0.0020   0.0063   83.87     79    Success 
    76       18.1558     0.2566      0.0015   0.0033   76.27     80    Success 
    77       18.1552     0.4073      0.0006   0.0058   85.25     81    Success 
    78       18.1544     0.1744      0.0007   0.0015   83.78     82    Success 
    79       18.1541     0.1008      0.0004   0.0013   81.18     83    Success 
    80       18.1537     0.1235      0.0003   0.0018   81.90     84    Success 
    81       18.1533     0.1463      0.0004   0.0031   84.80     85    Success 
    82       18.1530     0.1952      0.0003   0.0036   84.84     86    Success 
    83       18.1526     0.1143      0.0004   0.0007   76.31     87    Success 
    84       18.1521     0.1376      0.0005   0.0011   68.95     88    Success 
    85       18.1516     0.1630      0.0005   0.0010   73.13     89    Success 
    86       18.1512     0.3004      0.0004   0.0016   77.18     90    Success 
    87       18.1507     0.1386      0.0005   0.0010   81.34     91    Success 
    88       18.1504     0.0926      0.0003   0.0006   70.11     92   SmallGrad

 LBFGS  --  Normal Termination due to SmallGrad

 Final Function Value :           18.15036503
 Final RMS Gradient :              0.09257178
 Final Gradient Norm :             0.38168323
