
     ######################################################################
   ##########################################################################
  ###                                                                      ###
 ###            Tinker  ---  Software Tools for Molecular Design            ###
 ##                                                                          ##
 ##                      Version 8.9.4   September 2021                      ##
 ##                                                                          ##
 ##               Copyright (c)  Jay William Ponder  1990-2021               ##
 ###                           All Rights Reserved                          ###
  ###                                                                      ###
   ##########################################################################
     ######################################################################


 Additional Atom Definition Parameters :

     Type  Class  Symbol  Description               Atomic    Mass   Valence

      402   402     N     40_Index_0                   7     14.007     4
      401   401     C     40_Index_0                   6     12.011     4
      403   403     H     40_Index_0                   1      1.008     1
      404   404     H     40_Index_0                   1      1.008     1

 Additional Bond Stretching Parameters :

     Atom Classes             K(S)         Length

       401 402             194.378         1.4626
       403 402             434.641         1.0300
       404 401             345.979         1.0900

 Additional Angle Bending Parameters :

     Atom Classes             K(B)          Angle

     404 401 402            64.360        107.565
     401 402 401           192.334        112.240
     403 402 401            49.269        106.540
     404 401 404            36.407        111.931

 Additional Stretch-Bend Parameters :

     Atom Classes          K(SB)-1        K(SB)-2

     404 401 402             5.713          5.713
     401 402 401            29.856         29.856
     403 402 401            29.856         29.856
     404 401 404             5.713          5.713

 Additional Torsional Parameters :

     Atom Classes     1-Fold    2-Fold    3-Fold    4-Fold    5-Fold    6-Fold

   404 401 402 401   0.07   0 -0.01 180  0.56   0  0.00   0  0.00   0  0.00   0
   404 401 402 403   0.00   0  0.66 180  0.29   0  0.00   0  0.00   0  0.00   0

 Additional Atomic Multipole Parameters :

     Atom Type     Coordinate Frame Definition         Multipole Moments

         402      401    401    401   3-Fold       0.05896
                                                  -0.00449  0.00000  0.21483
                                                   0.12332
                                                   0.00000  0.16675
                                                   0.01731  0.00000 -0.29007

         401      402    403      0   Z-then-X    -0.05716
                                                   0.02542  0.00000  0.63047
                                                  -0.47410
                                                   0.00000 -0.49347
                                                   0.06847  0.00000  0.96757

         403      402      0      0   Z-Only       0.21306
                                                   0.00000  0.00000  0.00498
                                                   0.00715
                                                   0.00000  0.00715
                                                   0.00000  0.00000 -0.01430

         404      401    402      0   Z-then-X     0.09994
                                                  -0.01851  0.00000 -0.06837
                                                  -0.01678
                                                   0.00000  0.02711
                                                  -0.01632  0.00000 -0.01033

 Additional Atomic Dipole Polarizability Parameters :

     Atom Type           Alpha       Thole     Group Atom Types

         402             1.185       0.390         403
         401             1.620       0.390         404
         403             0.457       0.390         402
         404             0.480       0.390         401

 Additional van der Waals Parameters :

     Atom Class               Size        Epsilon        Reduction

         401                3.8200         0.1010          0.000
         402                3.7100         0.1050          0.000
         403                2.7000         0.0200          0.910
         404                2.8800         0.0240          0.910

 Additional Solvation Parameters :

     Atom Type                PB Size     CS Size     GK Size

         403             3.0352      2.6860      3.3152
         404             3.1430      3.3740      4.1440
         401             3.5062      3.3090      4.5360
         402             2.8836      2.9900      3.2180

 Limited Memory BFGS Quasi-Newton Optimization :

 QN Iter     F Value      G RMS      F Move   X Move   Angle  FG Call  Comment

     0       74.1945    37.9713                                   1
     1       65.2886    34.9804      8.9059   0.0284    0.00      3    Success 
     2       59.3630    17.0232      5.9256   0.0173   41.19      4    Success 
     3       53.9865    12.1864      5.3765   0.0341   34.64      5    Success 
     4       50.0340    13.7967      3.9526   0.0336   42.62      6    Success 
     5       46.2653    22.4145      3.7687   0.0625   57.35      7    Success 
     6       42.3681    16.2183      3.8972   0.0460   69.80      8    Success 
     7       39.6769    11.2464      2.6912   0.0336   67.67      9    Success 
     8       36.3680    10.3376      3.3089   0.0681   67.01     10    Success 
     9       35.0378    20.2303      1.3303   0.0973   70.91     11    Success 
    10       33.2023    10.1596      1.8354   0.0214   68.81     12    Success 
    11       32.1076     7.5202      1.0947   0.0196   55.81     13    Success 
    12       31.4577     6.4325      0.6499   0.0153   65.10     14    Success 
    13       30.4127     7.3513      1.0450   0.0267   63.58     15    Success 
    14       28.9590     9.1820      1.4537   0.0401   65.33     16    Success 
    15       27.8758    11.5194      1.0832   0.0426   70.83     17    Success 
    16       26.8685    10.2979      1.0073   0.0321   74.08     18    Success 
    17       26.0417     8.0424      0.8268   0.0159   51.93     19    Success 
    18       25.3813     9.5795      0.6605   0.0483   75.51     20    Success 
    19       24.7938     5.5426      0.5875   0.0077   47.49     21    Success 
    20       24.1469     5.1274      0.6469   0.0249   68.40     22    Success 
    21       23.2768     5.3669      0.8702   0.0393   67.80     23    Success 
    22       22.7527     7.6194      0.5240   0.0359   73.58     25    Success 
    23       22.0063     7.1572      0.7464   0.0252   71.24     26    Success 
    24       21.2162     7.5867      0.7901   0.0502   75.85     27    Success 
    25       20.5212     7.2655      0.6950   0.0332   68.37     28    Success 
    26       20.0846     4.4973      0.4367   0.0236   76.93     29    Success 
    27       19.6021     4.9924      0.4825   0.0179   61.72     30    Success 
    28       19.0227     6.0278      0.5794   0.0358   71.51     31    Success 
    29       18.8983     6.8981      0.1244   0.0275   71.49     32    Success 
    30       18.7049     3.8232      0.1934   0.0063   70.19     33    Success 
    31       18.5827     1.2278      0.1222   0.0107   71.73     34    Success 
    32       18.5577     0.8857      0.0250   0.0029   58.56     35    Success 
    33       18.5270     1.0708      0.0307   0.0074   63.21     36    Success 
    34       18.5161     1.6759      0.0109   0.0053   69.88     37    Success 
    35       18.5034     1.1177      0.0126   0.0017   69.20     38    Success 
    36       18.4909     0.8613      0.0126   0.0022   64.38     39    Success 
    37       18.4816     0.8619      0.0093   0.0025   70.98     40    Success 
    38       18.4670     0.8424      0.0147   0.0036   69.43     41    Success 
    39       18.4488     1.2116      0.0182   0.0062   70.81     42    Success 
    40       18.4284     0.8932      0.0203   0.0078   76.98     43    Success 
    41       18.4162     0.6419      0.0123   0.0027   65.60     44    Success 
    42       18.4070     0.7002      0.0092   0.0033   58.36     45    Success 
    43       18.4015     0.5220      0.0056   0.0017   63.20     46    Success 
    44       18.3965     0.5198      0.0049   0.0016   63.01     47    Success 
    45       18.3898     0.6703      0.0068   0.0030   68.07     48    Success 
    46       18.3829     0.7977      0.0069   0.0043   76.16     49    Success 
    47       18.3755     0.6057      0.0073   0.0037   79.30     50    Success 
    48       18.3643     0.5914      0.0112   0.0060   76.27     51    Success 
    49       18.3506     1.0467      0.0137   0.0094   76.31     52    Success 
    50       18.3377     1.0004      0.0129   0.0093   82.41     53    Success 
    51       18.3268     0.6937      0.0109   0.0050   80.21     54    Success 
    52       18.3159     0.7437      0.0110   0.0065   73.55     55    Success 
    53       18.3096     0.7832      0.0063   0.0030   71.53     56    Success 
    54       18.3039     0.6664      0.0057   0.0025   78.05     57    Success 
    55       18.2957     0.5714      0.0082   0.0046   77.32     58    Success 
    56       18.2886     0.6940      0.0071   0.0082   78.16     59    Success 
    57       18.2839     0.4290      0.0046   0.0032   80.60     60    Success 
    58       18.2780     0.5113      0.0059   0.0035   71.79     61    Success 
    59       18.2711     0.5771      0.0069   0.0052   78.01     62    Success 
    60       18.2634     0.9402      0.0078   0.0061   76.73     63    Success 
    61       18.2544     0.6326      0.0090   0.0094   84.08     64    Success 
    62       18.2462     0.5272      0.0082   0.0038   75.59     65    Success 
    63       18.2340     0.7590      0.0122   0.0069   74.60     66    Success 
    64       18.2197     1.2137      0.0144   0.0130   81.66     67    Success 
    65       18.2095     1.4792      0.0101   0.0187   85.76     68    Success 
    66       18.1992     0.7618      0.0103   0.0045   79.67     69    Success 
    67       18.1897     0.5525      0.0095   0.0076   81.27     70    Success 
    68       18.1830     0.6770      0.0067   0.0101   84.70     71    Success 
    69       18.1736     0.8397      0.0094   0.0131   84.92     72    Success 
    70       18.1633     0.7877      0.0103   0.0156   85.15     73    Success 
    71       18.1555     0.5307      0.0078   0.0056   80.47     74    Success 
    72       18.1510     0.5514      0.0045   0.0083   84.50     75    Success 
    73       18.1454     0.6776      0.0055   0.0032   73.74     76    Success 
    74       18.1388     0.5184      0.0066   0.0082   84.00     77    Success 
    75       18.1348     0.7140      0.0039   0.0089   82.42     78    Success 
    76       18.1314     0.3903      0.0034   0.0012   68.20     79    Success 
    77       18.1288     0.3723      0.0026   0.0019   74.73     80    Success 
    78       18.1250     0.4115      0.0038   0.0042   78.54     81    Success 
    79       18.1229     0.8413      0.0021   0.0073   81.45     82    Success 
    80       18.1198     0.3853      0.0030   0.0024   82.95     83    Success 
    81       18.1179     0.2018      0.0019   0.0036   82.88     84    Success 
    82       18.1168     0.2658      0.0011   0.0054   85.21     85    Success 
    83       18.1156     0.3595      0.0012   0.0040   82.89     86    Success 
    84       18.1144     0.2406      0.0012   0.0091   87.58     87    Success 
    85       18.1137     0.1736      0.0007   0.0007   70.96     88    Success 
    86       18.1129     0.1726      0.0008   0.0020   76.36     89    Success 
    87       18.1124     0.2224      0.0005   0.0050   86.26     90    Success 
    88       18.1118     0.1330      0.0006   0.0036   86.45     91    Success 
    89       18.1113     0.1105      0.0005   0.0055   86.53     92    Success 
    90       18.1110     0.1370      0.0003   0.0023   84.05     93    Success 
    91       18.1107     0.1215      0.0003   0.0033   86.26     94    Success 
    92       18.1103     0.1146      0.0004   0.0033   85.00     95    Success 
    93       18.1100     0.1102      0.0003   0.0017   81.09     96    Success 
    94       18.1097     0.1584      0.0003   0.0008   68.60     97    Success 
    95       18.1094     0.1258      0.0003   0.0024   84.93     98    Success 
    96       18.1092     0.0739      0.0002   0.0012   83.60     99   SmallGrad

 LBFGS  --  Normal Termination due to SmallGrad

 Final Function Value :           18.10921332
 Final RMS Gradient :              0.07392651
 Final Gradient Norm :             0.30480682
