
     ######################################################################
   ##########################################################################
  ###                                                                      ###
 ###            Tinker  ---  Software Tools for Molecular Design            ###
 ##                                                                          ##
 ##                      Version 8.9.4   September 2021                      ##
 ##                                                                          ##
 ##               Copyright (c)  Jay William Ponder  1990-2021               ##
 ###                           All Rights Reserved                          ###
  ###                                                                      ###
   ##########################################################################
     ######################################################################


 Additional Atom Definition Parameters :

     Type  Class  Symbol  Description               Atomic    Mass   Valence

      402   402     N     40_Index_0                   7     14.007     4
      401   401     C     40_Index_0                   6     12.011     4
      403   403     H     40_Index_0                   1      1.008     1
      404   404     H     40_Index_0                   1      1.008     1

 Additional Bond Stretching Parameters :

     Atom Classes             K(S)         Length

       401 402             194.378         1.4626
       403 402             434.641         1.0300
       404 401             345.979         1.0900

 Additional Angle Bending Parameters :

     Atom Classes             K(B)          Angle

     404 401 402            64.360        107.565
     401 402 401           192.334        112.240
     403 402 401            49.269        106.540
     404 401 404            36.407        111.931

 Additional Stretch-Bend Parameters :

     Atom Classes          K(SB)-1        K(SB)-2

     404 401 402             5.713          5.713
     401 402 401            29.856         29.856
     403 402 401            29.856         29.856
     404 401 404             5.713          5.713

 Additional Torsional Parameters :

     Atom Classes     1-Fold    2-Fold    3-Fold    4-Fold    5-Fold    6-Fold

   404 401 402 401   0.07   0 -0.01 180  0.56   0  0.00   0  0.00   0  0.00   0
   404 401 402 403   0.00   0  0.66 180  0.29   0  0.00   0  0.00   0  0.00   0

 Additional Atomic Multipole Parameters :

     Atom Type     Coordinate Frame Definition         Multipole Moments

         402      401    401    401   3-Fold       0.05896
                                                  -0.00449  0.00000  0.21483
                                                   0.12332
                                                   0.00000  0.16675
                                                   0.01731  0.00000 -0.29007

         401      402    403      0   Z-then-X    -0.05716
                                                   0.02542  0.00000  0.63047
                                                  -0.47410
                                                   0.00000 -0.49347
                                                   0.06847  0.00000  0.96757

         403      402      0      0   Z-Only       0.21306
                                                   0.00000  0.00000  0.00498
                                                   0.00715
                                                   0.00000  0.00715
                                                   0.00000  0.00000 -0.01430

         404      401    402      0   Z-then-X     0.09994
                                                  -0.01851  0.00000 -0.06837
                                                  -0.01678
                                                   0.00000  0.02711
                                                  -0.01632  0.00000 -0.01033

 Additional Atomic Dipole Polarizability Parameters :

     Atom Type           Alpha       Thole     Group Atom Types

         402             1.185       0.390         403
         401             1.620       0.390         404
         403             0.457       0.390         402
         404             0.480       0.390         401

 Additional van der Waals Parameters :

     Atom Class               Size        Epsilon        Reduction

         401                3.8200         0.1010          0.000
         402                3.7100         0.1050          0.000
         403                2.7000         0.0200          0.910
         404                2.8800         0.0240          0.910

 Additional Solvation Parameters :

     Atom Type                PB Size     CS Size     GK Size

         403             3.0352      2.6860      3.3152
         404             3.1430      3.3740      4.1440
         401             3.5062      3.3090      4.5360
         402             2.8836      2.9900      3.2180

 Limited Memory BFGS Quasi-Newton Optimization :

 QN Iter     F Value      G RMS      F Move   X Move   Angle  FG Call  Comment

     0       27.4815    10.7394                                   1
     1       26.9706     7.0510      0.5109   0.0068    0.00      3    Success 
     2       26.7319     5.0484      0.2387   0.0025   22.90      4    Success 
     3       26.3318     3.5650      0.4001   0.0060   22.64      5    Success 
     4       25.7428     4.0817      0.5890   0.0137   15.81      6    Success 
     5       25.0607     6.6081      0.6821   0.0235   52.48      7    Success 
     6       24.6698    11.3943      0.3910   0.0375   71.10      8    Success 
     7       24.0260     7.4210      0.6438   0.0047   31.02      9    Success 
     8       23.0745     3.5169      0.9514   0.0236   64.38     10    Success 
     9       22.4580     5.7012      0.6165   0.0386   62.10     11    Success 
    10       22.0547     3.7229      0.4033   0.0144   59.39     12    Success 
    11       21.7691     4.2396      0.2857   0.0221   73.78     13    Success 
    12       21.3716     5.0200      0.3974   0.0281   73.64     14    Success 
    13       20.9451     6.1390      0.4265   0.0332   73.71     15    Success 
    14       20.6596     6.1340      0.2856   0.0188   66.70     16    Success 
    15       20.4861     4.3454      0.1735   0.0158   76.56     17    Success 
    16       20.3521     3.7249      0.1340   0.0083   63.69     18    Success 
    17       20.2342     2.4530      0.1180   0.0072   70.94     19    Success 
    18       20.0660     2.3003      0.1682   0.0162   69.55     20    Success 
    19       19.9051     2.5373      0.1609   0.0194   72.47     21    Success 
    20       19.8188     5.8582      0.0862   0.0218   69.99     22    Success 
    21       19.6824     3.5419      0.1365   0.0046   67.83     23    Success 
    22       19.4914     2.3167      0.1910   0.0088   59.16     24    Success 
    23       19.3309     3.2322      0.1605   0.0160   69.79     25    Success 
    24       19.1716     5.0720      0.1593   0.0217   74.40     26    Success 
    25       19.0097     3.1181      0.1619   0.0257   81.74     27    Success 
    26       18.8990     2.0704      0.1107   0.0070   63.47     28    Success 
    27       18.8231     3.2653      0.0758   0.0176   69.02     29    Success 
    28       18.7645     1.7560      0.0586   0.0055   72.10     30    Success 
    29       18.7306     1.0121      0.0339   0.0035   62.88     31    Success 
    30       18.7040     1.0511      0.0267   0.0063   68.58     32    Success 
    31       18.6805     1.3519      0.0235   0.0049   67.81     33    Success 
    32       18.6517     1.1982      0.0288   0.0083   75.78     34    Success 
    33       18.6245     1.0867      0.0272   0.0067   71.07     35    Success 
    34       18.6027     0.9815      0.0218   0.0057   70.21     36    Success 
    35       18.5836     1.2115      0.0191   0.0042   63.16     37    Success 
    36       18.5634     0.8901      0.0202   0.0051   73.98     38    Success 
    37       18.5468     0.5479      0.0166   0.0076   76.40     39    Success 
    38       18.5414     0.7417      0.0054   0.0053   74.61     40    Success 
    39       18.5362     0.4321      0.0052   0.0015   64.08     41    Success 
    40       18.5324     0.4242      0.0038   0.0019   69.29     42    Success 
    41       18.5279     0.5863      0.0046   0.0036   73.02     43    Success 
    42       18.5231     0.6141      0.0047   0.0031   72.95     44    Success 
    43       18.5179     0.5363      0.0052   0.0020   73.82     45    Success 
    44       18.5087     0.5486      0.0092   0.0034   70.13     46    Success 
    45       18.4934     0.7866      0.0153   0.0066   72.47     47    Success 
    46       18.4710     0.9373      0.0224   0.0123   79.27     48    Success 
    47       18.4491     1.5812      0.0219   0.0213   82.93     49    Success 
    48       18.4320     1.4813      0.0172   0.0152   84.98     50    Success 
    49       18.4135     0.7511      0.0185   0.0054   79.91     51    Success 
    50       18.3948     0.7846      0.0187   0.0098   75.60     52    Success 
    51       18.3852     0.9297      0.0096   0.0076   82.75     53    Success 
    52       18.3701     0.8463      0.0151   0.0102   83.20     54    Success 
    53       18.3503     1.1829      0.0198   0.0164   82.66     55    Success 
    54       18.3285     0.9592      0.0218   0.0240   85.29     56    Success 
    55       18.3171     0.8710      0.0114   0.0051   75.70     57    Success 
    56       18.3071     0.6692      0.0100   0.0103   84.54     58    Success 
    57       18.2975     0.6540      0.0096   0.0140   84.51     59    Success 
    58       18.2859     0.8936      0.0116   0.0135   82.72     60    Success 
    59       18.2711     0.9522      0.0148   0.0121   84.46     61    Success 
    60       18.2480     0.9940      0.0231   0.0185   84.32     62    Success 
    61       18.2201     1.0143      0.0279   0.0250   83.71     63    Success 
    62       18.2066     0.9784      0.0135   0.0083   76.38     64    Success 
    63       18.1990     0.7652      0.0076   0.0161   86.89     66    Success 
    64       18.1906     0.5243      0.0083   0.0026   67.57     67    Success 
    65       18.1856     0.4885      0.0050   0.0026   65.53     68    Success 
    66       18.1825     0.4234      0.0032   0.0045   81.62     69    Success 
    67       18.1795     0.3068      0.0030   0.0030   79.12     70    Success 
    68       18.1756     0.3516      0.0039   0.0068   80.26     71    Success 
    69       18.1724     0.5423      0.0031   0.0057   78.31     72    Success 
    70       18.1695     0.3311      0.0030   0.0035   82.54     73    Success 
    71       18.1668     0.3165      0.0026   0.0034   77.65     74    Success 
    72       18.1645     0.4543      0.0023   0.0050   81.87     75    Success 
    73       18.1613     0.3722      0.0032   0.0056   84.45     76    Success 
    74       18.1578     0.4413      0.0035   0.0089   83.57     77    Success 
    75       18.1563     0.4862      0.0015   0.0055   82.30     78    Success 
    76       18.1550     0.2138      0.0014   0.0007   70.32     79    Success 
    77       18.1541     0.1937      0.0009   0.0007   61.44     80    Success 
    78       18.1529     0.2271      0.0012   0.0028   79.51     81    Success 
    79       18.1518     0.3296      0.0011   0.0029   77.57     82    Success 
    80       18.1508     0.2122      0.0010   0.0045   85.09     83    Success 
    81       18.1502     0.1328      0.0006   0.0015   81.19     84    Success 
    82       18.1497     0.1484      0.0005   0.0013   74.64     85    Success 
    83       18.1493     0.2085      0.0004   0.0013   76.65     86    Success 
    84       18.1489     0.1220      0.0004   0.0011   79.39     87    Success 
    85       18.1488     0.0821      0.0002   0.0004   75.92     88   SmallGrad

 LBFGS  --  Normal Termination due to SmallGrad

 Final Function Value :           18.14875117
 Final RMS Gradient :              0.08214634
 Final Gradient Norm :             0.33869805
