
     ######################################################################
   ##########################################################################
  ###                                                                      ###
 ###            Tinker  ---  Software Tools for Molecular Design            ###
 ##                                                                          ##
 ##                      Version 8.9.4   September 2021                      ##
 ##                                                                          ##
 ##               Copyright (c)  Jay William Ponder  1990-2021               ##
 ###                           All Rights Reserved                          ###
  ###                                                                      ###
   ##########################################################################
     ######################################################################


 Additional Atom Definition Parameters :

     Type  Class  Symbol  Description               Atomic    Mass   Valence

      402   402     N     40_Index_0                   7     14.007     4
      401   401     C     40_Index_0                   6     12.011     4
      403   403     H     40_Index_0                   1      1.008     1
      404   404     H     40_Index_0                   1      1.008     1

 Additional Bond Stretching Parameters :

     Atom Classes             K(S)         Length

       401 402             194.378         1.4626
       403 402             434.641         1.0300
       404 401             345.979         1.0900

 Additional Angle Bending Parameters :

     Atom Classes             K(B)          Angle

     404 401 402            64.360        107.565
     401 402 401           192.334        112.240
     403 402 401            49.269        106.540
     404 401 404            36.407        111.931

 Additional Stretch-Bend Parameters :

     Atom Classes          K(SB)-1        K(SB)-2

     404 401 402             5.713          5.713
     401 402 401            29.856         29.856
     403 402 401            29.856         29.856
     404 401 404             5.713          5.713

 Additional Torsional Parameters :

     Atom Classes     1-Fold    2-Fold    3-Fold    4-Fold    5-Fold    6-Fold

   404 401 402 401   0.07   0 -0.01 180  0.56   0  0.00   0  0.00   0  0.00   0
   404 401 402 403   0.00   0  0.66 180  0.29   0  0.00   0  0.00   0  0.00   0

 Additional Atomic Multipole Parameters :

     Atom Type     Coordinate Frame Definition         Multipole Moments

         402      401    401    401   3-Fold       0.05896
                                                  -0.00449  0.00000  0.21483
                                                   0.12332
                                                   0.00000  0.16675
                                                   0.01731  0.00000 -0.29007

         401      402    403      0   Z-then-X    -0.05716
                                                   0.02542  0.00000  0.63047
                                                  -0.47410
                                                   0.00000 -0.49347
                                                   0.06847  0.00000  0.96757

         403      402      0      0   Z-Only       0.21306
                                                   0.00000  0.00000  0.00498
                                                   0.00715
                                                   0.00000  0.00715
                                                   0.00000  0.00000 -0.01430

         404      401    402      0   Z-then-X     0.09994
                                                  -0.01851  0.00000 -0.06837
                                                  -0.01678
                                                   0.00000  0.02711
                                                  -0.01632  0.00000 -0.01033

 Additional Atomic Dipole Polarizability Parameters :

     Atom Type           Alpha       Thole     Group Atom Types

         402             1.185       0.390         403
         401             1.620       0.390         404
         403             0.457       0.390         402
         404             0.480       0.390         401

 Additional van der Waals Parameters :

     Atom Class               Size        Epsilon        Reduction

         401                3.8200         0.1010          0.000
         402                3.7100         0.1050          0.000
         403                2.7000         0.0200          0.910
         404                2.8800         0.0240          0.910

 Additional Solvation Parameters :

     Atom Type                PB Size     CS Size     GK Size

         403             3.0352      2.6860      3.3152
         404             3.1430      3.3740      4.1440
         401             3.5062      3.3090      4.5360
         402             2.8836      2.9900      3.2180

 Limited Memory BFGS Quasi-Newton Optimization :

 QN Iter     F Value      G RMS      F Move   X Move   Angle  FG Call  Comment

     0       29.0996    10.8947                                   1
     1       28.4982     7.7683      0.6014   0.0071    0.00      3    Success 
     2       28.1604     6.0952      0.3377   0.0033   31.85      4    Success 
     3       27.5715     4.4649      0.5890   0.0076   30.30      5    Success 
     4       26.6312     4.3549      0.9403   0.0168   22.30      6    Success 
     5       25.4816     7.8265      1.1496   0.0356   44.45      7    Success 
     6       25.1538    13.9888      0.3278   0.0342   71.82      8    Success 
     7       24.5917    10.2260      0.5621   0.0032   29.63      9    Success 
     8       23.7331     5.4749      0.8586   0.0170   67.70     10    Success 
     9       22.9323     4.0290      0.8008   0.0309   58.79     11    Success 
    10       22.8207     4.5582      0.1115   0.0108   73.54     13    Success 
    11       22.6334     3.8748      0.1873   0.0068   64.94     14    Success 
    12       22.3117     3.5294      0.3217   0.0136   65.31     15    Success 
    13       21.8123     4.1240      0.4994   0.0245   64.01     16    Success 
    14       21.3545     6.4407      0.4578   0.0405   69.39     17    Success 
    15       21.1673     6.5050      0.1872   0.0170   65.43     18    Success 
    16       20.9261     4.2117      0.2412   0.0122   73.88     19    Success 
    17       20.6807     3.1547      0.2455   0.0076   45.40     20    Success 
    18       20.4310     3.3770      0.2497   0.0185   70.37     21    Success 
    19       20.2178     6.1206      0.2132   0.0293   72.74     22    Success 
    20       19.9759     2.5674      0.2419   0.0144   74.11     23    Success 
    21       19.8632     2.4407      0.1127   0.0108   71.67     24    Success 
    22       19.6938     3.4074      0.1694   0.0122   63.53     25    Success 
    23       19.4792     3.1275      0.2147   0.0287   78.23     26    Success 
    24       19.2954     4.2472      0.1837   0.0214   67.83     27    Success 
    25       19.1275     2.3111      0.1680   0.0106   71.23     28    Success 
    26       18.9938     2.3141      0.1337   0.0095   49.35     29    Success 
    27       18.9237     2.8652      0.0701   0.0173   76.18     30    Success 
    28       18.8598     1.3377      0.0639   0.0058   69.90     31    Success 
    29       18.8281     0.9951      0.0317   0.0050   62.90     32    Success 
    30       18.8111     1.1327      0.0170   0.0049   72.45     33    Success 
    31       18.7849     1.2052      0.0262   0.0051   69.69     34    Success 
    32       18.7448     1.3242      0.0400   0.0074   69.78     35    Success 
    33       18.7020     1.7918      0.0428   0.0136   74.88     36    Success 
    34       18.6650     1.5195      0.0370   0.0089   75.13     37    Success 
    35       18.6344     1.1347      0.0307   0.0039   65.52     38    Success 
    36       18.5938     0.9930      0.0406   0.0085   68.06     39    Success 
    37       18.5725     1.2111      0.0213   0.0070   70.11     40    Success 
    38       18.5606     1.1742      0.0119   0.0058   73.86     41    Success 
    39       18.5518     0.4343      0.0087   0.0013   56.95     42    Success 
    40       18.5488     0.3050      0.0030   0.0017   68.08     43    Success 
    41       18.5463     0.3379      0.0024   0.0021   70.32     44    Success 
    42       18.5437     0.5615      0.0026   0.0022   67.31     45    Success 
    43       18.5401     0.4169      0.0036   0.0016   72.72     46    Success 
    44       18.5342     0.4330      0.0059   0.0029   68.92     47    Success 
    45       18.5248     0.6309      0.0094   0.0050   71.16     48    Success 
    46       18.5134     1.1066      0.0114   0.0088   78.49     49    Success 
    47       18.4981     0.9797      0.0153   0.0105   83.43     50    Success 
    48       18.4788     0.8334      0.0193   0.0115   82.42     51    Success 
    49       18.4580     1.3492      0.0208   0.0164   80.44     52    Success 
    50       18.4342     0.8013      0.0238   0.0137   83.16     53    Success 
    51       18.4193     0.8479      0.0149   0.0124   82.69     54    Success 
    52       18.4010     0.9735      0.0183   0.0161   82.59     55    Success 
    53       18.3835     0.8420      0.0175   0.0141   83.47     56    Success 
    54       18.3678     1.0495      0.0157   0.0070   72.77     57    Success 
    55       18.3576     0.9855      0.0102   0.0162   83.78     58    Success 
    56       18.3458     0.6239      0.0119   0.0090   82.26     59    Success 
    57       18.3400     0.5723      0.0057   0.0025   65.34     60    Success 
    58       18.3350     0.4781      0.0050   0.0036   79.36     61    Success 
    59       18.3272     0.5517      0.0078   0.0086   81.80     62    Success 
    60       18.3166     0.8459      0.0107   0.0132   82.78     63    Success 
    61       18.3028     0.8971      0.0138   0.0165   84.85     64    Success 
    62       18.2839     0.8993      0.0189   0.0107   80.24     65    Success 
    63       18.2596     1.2901      0.0243   0.0226   83.73     66    Success 
    64       18.2331     1.1908      0.0265   0.0142   81.04     67    Success 
    65       18.2163     1.0838      0.0169   0.0183   85.16     68    Success 
    66       18.2075     0.9836      0.0087   0.0054   75.28     69    Success 
    67       18.1974     0.6401      0.0101   0.0087   83.12     70    Success 
    68       18.1920     0.7218      0.0054   0.0043   80.84     71    Success 
    69       18.1853     0.7544      0.0068   0.0071   82.99     72    Success 
    70       18.1799     0.7736      0.0054   0.0076   82.04     73    Success 
    71       18.1760     0.3630      0.0039   0.0020   76.04     74    Success 
    72       18.1741     0.3625      0.0019   0.0041   83.35     75    Success 
    73       18.1715     0.4194      0.0026   0.0018   69.33     76    Success 
    74       18.1678     0.3248      0.0037   0.0058   82.71     77    Success 
    75       18.1641     0.4930      0.0037   0.0058   78.37     78    Success 
    76       18.1611     0.4012      0.0030   0.0036   79.07     79    Success 
    77       18.1585     0.3532      0.0027   0.0032   81.10     80    Success 
    78       18.1548     0.3556      0.0037   0.0061   81.66     81    Success 
    79       18.1526     0.5831      0.0022   0.0080   83.08     82    Success 
    80       18.1501     0.3439      0.0024   0.0052   85.85     83    Success 
    81       18.1487     0.2510      0.0015   0.0017   75.11     84    Success 
    82       18.1479     0.3827      0.0008   0.0093   86.06     85    Success 
    83       18.1467     0.2000      0.0011   0.0013   79.57     86    Success 
    84       18.1458     0.1385      0.0010   0.0014   72.19     87    Success 
    85       18.1451     0.1738      0.0007   0.0024   79.86     88    Success 
    86       18.1446     0.2813      0.0005   0.0038   82.77     89    Success 
    87       18.1441     0.1285      0.0005   0.0016   84.37     90    Success 
    88       18.1440     0.1135      0.0002   0.0009   81.75     91    Success 
    89       18.1438     0.1265      0.0002   0.0023   86.10     92    Success 
    90       18.1435     0.1305      0.0002   0.0021   84.90     93    Success 
    91       18.1432     0.0882      0.0003   0.0024   86.04     94   SmallGrad

 LBFGS  --  Normal Termination due to SmallGrad

 Final Function Value :           18.14323800
 Final RMS Gradient :              0.08824848
 Final Gradient Norm :             0.36385780
