
     ######################################################################
   ##########################################################################
  ###                                                                      ###
 ###            Tinker  ---  Software Tools for Molecular Design            ###
 ##                                                                          ##
 ##                      Version 8.9.4   September 2021                      ##
 ##                                                                          ##
 ##               Copyright (c)  Jay William Ponder  1990-2021               ##
 ###                           All Rights Reserved                          ###
  ###                                                                      ###
   ##########################################################################
     ######################################################################


 Additional Atom Definition Parameters :

     Type  Class  Symbol  Description               Atomic    Mass   Valence

      402   402     N     40_Index_0                   7     14.007     4
      401   401     C     40_Index_0                   6     12.011     4
      403   403     H     40_Index_0                   1      1.008     1
      404   404     H     40_Index_0                   1      1.008     1

 Additional Bond Stretching Parameters :

     Atom Classes             K(S)         Length

       401 402             194.378         1.4626
       403 402             434.641         1.0300
       404 401             345.979         1.0900

 Additional Angle Bending Parameters :

     Atom Classes             K(B)          Angle

     404 401 402            64.360        107.565
     401 402 401           192.334        112.240
     403 402 401            49.269        106.540
     404 401 404            36.407        111.931

 Additional Stretch-Bend Parameters :

     Atom Classes          K(SB)-1        K(SB)-2

     404 401 402             5.713          5.713
     401 402 401            29.856         29.856
     403 402 401            29.856         29.856
     404 401 404             5.713          5.713

 Additional Torsional Parameters :

     Atom Classes     1-Fold    2-Fold    3-Fold    4-Fold    5-Fold    6-Fold

   404 401 402 401   0.07   0 -0.01 180  0.56   0  0.00   0  0.00   0  0.00   0
   404 401 402 403   0.00   0  0.66 180  0.29   0  0.00   0  0.00   0  0.00   0

 Additional Atomic Multipole Parameters :

     Atom Type     Coordinate Frame Definition         Multipole Moments

         402      401    401    401   3-Fold       0.05896
                                                  -0.00449  0.00000  0.21483
                                                   0.12332
                                                   0.00000  0.16675
                                                   0.01731  0.00000 -0.29007

         401      402    403      0   Z-then-X    -0.05716
                                                   0.02542  0.00000  0.63047
                                                  -0.47410
                                                   0.00000 -0.49347
                                                   0.06847  0.00000  0.96757

         403      402      0      0   Z-Only       0.21306
                                                   0.00000  0.00000  0.00498
                                                   0.00715
                                                   0.00000  0.00715
                                                   0.00000  0.00000 -0.01430

         404      401    402      0   Z-then-X     0.09994
                                                  -0.01851  0.00000 -0.06837
                                                  -0.01678
                                                   0.00000  0.02711
                                                  -0.01632  0.00000 -0.01033

 Additional Atomic Dipole Polarizability Parameters :

     Atom Type           Alpha       Thole     Group Atom Types

         402             1.185       0.390         403
         401             1.620       0.390         404
         403             0.457       0.390         402
         404             0.480       0.390         401

 Additional van der Waals Parameters :

     Atom Class               Size        Epsilon        Reduction

         401                3.8200         0.1010          0.000
         402                3.7100         0.1050          0.000
         403                2.7000         0.0200          0.910
         404                2.8800         0.0240          0.910

 Additional Solvation Parameters :

     Atom Type                PB Size     CS Size     GK Size

         403             3.0352      2.6860      3.3152
         404             3.1430      3.3740      4.1440
         401             3.5062      3.3090      4.5360
         402             2.8836      2.9900      3.2180

 Limited Memory BFGS Quasi-Newton Optimization :

 QN Iter     F Value      G RMS      F Move   X Move   Angle  FG Call  Comment

     0       27.2883     9.9229                                   1
     1       26.8297     6.5358      0.4586   0.0063    0.00      3    Success 
     2       26.6113     4.7528      0.2183   0.0025   26.39      4    Success 
     3       26.2503     3.2443      0.3611   0.0060   25.51      5    Success 
     4       25.7360     3.5635      0.5143   0.0137   17.15      6    Success 
     5       25.2690     6.5083      0.4669   0.0212   51.81      7    Success 
     6       24.7589     6.1296      0.5102   0.0280   72.51      8    Success 
     7       24.1952     5.1542      0.5636   0.0161   66.21      9    Success 
     8       23.5009     6.9101      0.6943   0.0282   62.88     10    Success 
     9       22.9567     7.1128      0.5443   0.0388   74.03     11    Success 
    10       22.6533     3.8789      0.3034   0.0069   48.64     12    Success 
    11       22.3660     4.7149      0.2873   0.0249   75.42     13    Success 
    12       21.9900     5.3893      0.3760   0.0366   78.85     14    Success 
    13       21.5196     6.3795      0.4704   0.0297   73.98     15    Success 
    14       20.9896     4.2302      0.5300   0.0290   72.57     16    Success 
    15       20.8253     4.2186      0.1643   0.0271   77.85     17    Success 
    16       20.6628     3.9103      0.1624   0.0107   64.68     18    Success 
    17       20.5398     2.2712      0.1231   0.0039   49.45     19    Success 
    18       20.4128     2.4247      0.1270   0.0082   54.55     20    Success 
    19       20.2801     2.7937      0.1327   0.0121   69.51     21    Success 
    20       20.1157     3.1896      0.1643   0.0186   72.53     22    Success 
    21       20.0191     4.1665      0.0966   0.0227   75.90     23    Success 
    22       19.8756     2.6292      0.1436   0.0041   48.98     24    Success 
    23       19.6828     3.2808      0.1928   0.0120   60.70     25    Success 
    24       19.4408     4.1055      0.2420   0.0246   76.52     26    Success 
    25       19.1613     4.9654      0.2795   0.0381   79.52     27    Success 
    26       19.0651     3.9117      0.0963   0.0519   82.88     28    Success 
    27       18.9326     2.9672      0.1325   0.0084   69.91     29    Success 
    28       18.8259     2.3546      0.1067   0.0129   66.01     30    Success 
    29       18.7841     1.2370      0.0418   0.0059   74.38     31    Success 
    30       18.7598     1.0334      0.0243   0.0041   68.15     32    Success 
    31       18.7339     0.9104      0.0259   0.0049   63.46     33    Success 
    32       18.7194     1.4861      0.0145   0.0051   66.37     34    Success 
    33       18.7034     0.7584      0.0160   0.0030   70.38     35    Success 
    34       18.6932     0.7148      0.0102   0.0021   61.57     36    Success 
    35       18.6772     0.9051      0.0160   0.0036   61.84     37    Success 
    36       18.6544     1.2767      0.0229   0.0062   70.32     38    Success 
    37       18.6209     1.4595      0.0335   0.0101   78.02     39    Success 
    38       18.5746     1.5948      0.0463   0.0161   80.33     40    Success 
    39       18.5467     2.5215      0.0279   0.0231   81.51     41    Success 
    40       18.5075     1.0032      0.0392   0.0031   64.93     42    Success 
    41       18.4870     0.8969      0.0205   0.0040   63.46     43    Success 
    42       18.4709     1.0574      0.0162   0.0044   73.05     44    Success 
    43       18.4449     1.2358      0.0260   0.0082   77.38     45    Success 
    44       18.4109     1.3870      0.0340   0.0162   81.23     46    Success 
    45       18.3743     0.9710      0.0366   0.0193   82.51     47    Success 
    46       18.3518     1.2249      0.0225   0.0184   82.67     48    Success 
    47       18.3266     0.8631      0.0252   0.0134   82.00     49    Success 
    48       18.3061     1.3675      0.0205   0.0168   82.19     50    Success 
    49       18.2790     1.0382      0.0271   0.0130   82.48     51    Success 
    50       18.2513     1.0790      0.0277   0.0167   81.39     52    Success 
    51       18.2371     1.5748      0.0143   0.0126   77.41     53    Success 
    52       18.2239     1.0159      0.0132   0.0109   84.40     54    Success 
    53       18.2168     0.9124      0.0071   0.0116   83.83     55    Success 
    54       18.2094     0.4266      0.0074   0.0062   83.98     56    Success 
    55       18.2025     0.5520      0.0069   0.0104   81.86     57    Success 
    56       18.1961     0.6372      0.0063   0.0054   80.90     58    Success 
    57       18.1872     0.7761      0.0089   0.0087   82.32     59    Success 
    58       18.1742     0.5498      0.0129   0.0115   83.22     60    Success 
    59       18.1634     0.9273      0.0109   0.0128   79.05     61    Success 
    60       18.1597     1.0753      0.0036   0.0089   81.71     62    Success 
    61       18.1545     0.5125      0.0053   0.0033   83.02     63    Success 
    62       18.1515     0.2553      0.0030   0.0014   68.18     64    Success 
    63       18.1496     0.2921      0.0019   0.0012   61.28     65    Success 
    64       18.1467     0.3187      0.0028   0.0036   77.79     66    Success 
    65       18.1445     0.5324      0.0022   0.0043   75.89     67    Success 
    66       18.1425     0.2522      0.0020   0.0039   83.75     68    Success 
    67       18.1417     0.2319      0.0009   0.0026   84.30     69    Success 
    68       18.1404     0.2414      0.0013   0.0026   80.33     70    Success 
    69       18.1390     0.3185      0.0013   0.0046   81.85     71    Success 
    70       18.1380     0.2138      0.0011   0.0030   83.18     72    Success 
    71       18.1374     0.1435      0.0005   0.0006   70.13     73    Success 
    72       18.1369     0.1365      0.0005   0.0009   68.35     74    Success 
    73       18.1365     0.1515      0.0004   0.0014   79.03     75    Success 
    74       18.1358     0.1570      0.0006   0.0019   79.28     76    Success 
    75       18.1354     0.2820      0.0005   0.0032   81.37     77    Success 
    76       18.1349     0.1254      0.0005   0.0007   74.97     78    Success 
    77       18.1346     0.1107      0.0003   0.0003   57.10     79    Success 
    78       18.1342     0.1265      0.0004   0.0008   67.21     80    Success 
    79       18.1339     0.2786      0.0003   0.0011   71.15     81    Success 
    80       18.1335     0.1220      0.0004   0.0005   77.05     82    Success 
    81       18.1333     0.0704      0.0002   0.0007   77.23     83   SmallGrad

 LBFGS  --  Normal Termination due to SmallGrad

 Final Function Value :           18.13333384
 Final RMS Gradient :              0.07035870
 Final Gradient Norm :             0.29009635
