
     ######################################################################
   ##########################################################################
  ###                                                                      ###
 ###            Tinker  ---  Software Tools for Molecular Design            ###
 ##                                                                          ##
 ##                      Version 8.9.4   September 2021                      ##
 ##                                                                          ##
 ##               Copyright (c)  Jay William Ponder  1990-2021               ##
 ###                           All Rights Reserved                          ###
  ###                                                                      ###
   ##########################################################################
     ######################################################################


 Additional Atom Definition Parameters :

     Type  Class  Symbol  Description               Atomic    Mass   Valence

      402   402     N     40_Index_0                   7     14.007     4
      401   401     C     40_Index_0                   6     12.011     4
      403   403     H     40_Index_0                   1      1.008     1
      404   404     H     40_Index_0                   1      1.008     1

 Additional Bond Stretching Parameters :

     Atom Classes             K(S)         Length

       401 402             194.378         1.4626
       403 402             434.641         1.0300
       404 401             345.979         1.0900

 Additional Angle Bending Parameters :

     Atom Classes             K(B)          Angle

     404 401 402            64.360        107.565
     401 402 401           192.334        112.240
     403 402 401            49.269        106.540
     404 401 404            36.407        111.931

 Additional Stretch-Bend Parameters :

     Atom Classes          K(SB)-1        K(SB)-2

     404 401 402             5.713          5.713
     401 402 401            29.856         29.856
     403 402 401            29.856         29.856
     404 401 404             5.713          5.713

 Additional Torsional Parameters :

     Atom Classes     1-Fold    2-Fold    3-Fold    4-Fold    5-Fold    6-Fold

   404 401 402 401   0.07   0 -0.01 180  0.56   0  0.00   0  0.00   0  0.00   0
   404 401 402 403   0.00   0  0.66 180  0.29   0  0.00   0  0.00   0  0.00   0

 Additional Atomic Multipole Parameters :

     Atom Type     Coordinate Frame Definition         Multipole Moments

         402      401    401    401   3-Fold       0.05896
                                                  -0.00449  0.00000  0.21483
                                                   0.12332
                                                   0.00000  0.16675
                                                   0.01731  0.00000 -0.29007

         401      402    403      0   Z-then-X    -0.05716
                                                   0.02542  0.00000  0.63047
                                                  -0.47410
                                                   0.00000 -0.49347
                                                   0.06847  0.00000  0.96757

         403      402      0      0   Z-Only       0.21306
                                                   0.00000  0.00000  0.00498
                                                   0.00715
                                                   0.00000  0.00715
                                                   0.00000  0.00000 -0.01430

         404      401    402      0   Z-then-X     0.09994
                                                  -0.01851  0.00000 -0.06837
                                                  -0.01678
                                                   0.00000  0.02711
                                                  -0.01632  0.00000 -0.01033

 Additional Atomic Dipole Polarizability Parameters :

     Atom Type           Alpha       Thole     Group Atom Types

         402             1.185       0.390         403
         401             1.620       0.390         404
         403             0.457       0.390         402
         404             0.480       0.390         401

 Additional van der Waals Parameters :

     Atom Class               Size        Epsilon        Reduction

         401                3.8200         0.1010          0.000
         402                3.7100         0.1050          0.000
         403                2.7000         0.0200          0.910
         404                2.8800         0.0240          0.910

 Additional Solvation Parameters :

     Atom Type                PB Size     CS Size     GK Size

         403             3.0352      2.6860      3.3152
         404             3.1430      3.3740      4.1440
         401             3.5062      3.3090      4.5360
         402             2.8836      2.9900      3.2180

 Limited Memory BFGS Quasi-Newton Optimization :

 QN Iter     F Value      G RMS      F Move   X Move   Angle  FG Call  Comment

     0       55.6175    23.6431                                   1
     1       50.7814    24.7179      4.8361   0.0229    0.00      3    Success 
     2       46.5407    14.1535      4.2407   0.0186   47.38      4    Success 
     3       41.5174    11.9236      5.0234   0.0442   41.61      5    Success 
     4       38.8587    15.1324      2.6587   0.0329   57.63      6    Success 
     5       35.9298    18.9304      2.9289   0.0521   66.63      7    Success 
     6       32.9094    13.4854      3.0204   0.0414   68.19      8    Success 
     7       31.0500     9.6363      1.8593   0.0303   65.16      9    Success 
     8       29.2021     9.2818      1.8480   0.0384   68.42     10    Success 
     9       26.9347    11.6370      2.2673   0.0569   65.68     11    Success 
    10       25.4174     9.1535      1.5173   0.0444   70.06     12    Success 
    11       25.2325    12.6444      0.1849   0.0163   52.81     13    Success 
    12       24.8996    10.3459      0.3329   0.0053   71.04     14    Success 
    13       24.3318     6.6624      0.5678   0.0114   70.69     15    Success 
    14       23.6002     6.5100      0.7316   0.0257   67.04     16    Success 
    15       23.1926     6.7248      0.4076   0.0107   61.37     17    Success 
    16       22.6326     7.7038      0.5600   0.0220   71.05     18    Success 
    17       22.0001     6.9330      0.6325   0.0247   69.75     19    Success 
    18       21.3940     4.7593      0.6061   0.0262   73.43     20    Success 
    19       20.9373     3.7759      0.4567   0.0244   67.90     21    Success 
    20       20.7536     5.5244      0.1838   0.0187   66.62     22    Success 
    21       20.5547     3.2491      0.1988   0.0120   75.50     23    Success 
    22       20.3508     5.0628      0.2039   0.0101   44.25     24    Success 
    23       20.0894     4.6004      0.2614   0.0216   77.34     25    Success 
    24       19.7687     3.7313      0.3208   0.0157   69.75     26    Success 
    25       19.3727     3.0313      0.3960   0.0254   67.16     27    Success 
    26       19.0956     4.2110      0.2771   0.0255   70.59     28    Success 
    27       18.8308     2.9021      0.2648   0.0256   76.18     29    Success 
    28       18.6912     3.2978      0.1396   0.0156   68.58     30    Success 
    29       18.6227     2.2534      0.0685   0.0064   73.48     31    Success 
    30       18.5826     2.4047      0.0401   0.0077   67.02     32    Success 
    31       18.5416     1.2434      0.0410   0.0068   76.26     33    Success 
    32       18.5150     1.0917      0.0266   0.0040   64.42     34    Success 
    33       18.4826     1.2150      0.0324   0.0069   65.52     35    Success 
    34       18.4507     1.5511      0.0319   0.0069   68.19     36    Success 
    35       18.4155     1.1132      0.0352   0.0062   73.26     37    Success 
    36       18.3789     1.4270      0.0365   0.0090   65.71     38    Success 
    37       18.3535     1.0730      0.0254   0.0048   69.77     39    Success 
    38       18.3300     0.9094      0.0235   0.0035   62.30     40    Success 
    39       18.2984     0.9516      0.0316   0.0072   65.01     41    Success 
    40       18.2856     1.1925      0.0128   0.0051   72.11     43    Success 
    41       18.2723     0.7606      0.0133   0.0046   78.49     44    Success 
    42       18.2592     0.6789      0.0131   0.0049   72.61     45    Success 
    43       18.2530     1.1727      0.0062   0.0066   72.91     46    Success 
    44       18.2451     0.4627      0.0079   0.0015   66.09     47    Success 
    45       18.2419     0.3450      0.0032   0.0013   64.75     48    Success 
    46       18.2380     0.4122      0.0040   0.0019   59.66     49    Success 
    47       18.2351     0.7503      0.0028   0.0034   71.52     50    Success 
    48       18.2321     0.2907      0.0031   0.0020   78.21     51    Success 
    49       18.2310     0.2136      0.0011   0.0010   72.93     52    Success 
    50       18.2296     0.2817      0.0014   0.0014   68.54     53    Success 
    51       18.2275     0.3788      0.0021   0.0019   72.69     54    Success 
    52       18.2255     0.5421      0.0020   0.0029   76.99     55    Success 
    53       18.2231     0.2648      0.0024   0.0021   78.00     56    Success 
    54       18.2218     0.2258      0.0013   0.0009   65.03     57    Success 
    55       18.2201     0.3538      0.0018   0.0014   61.76     58    Success 
    56       18.2177     0.4488      0.0024   0.0020   74.82     59    Success 
    57       18.2142     0.5305      0.0035   0.0033   79.28     60    Success 
    58       18.2108     0.6932      0.0034   0.0055   81.78     61    Success 
    59       18.2071     0.2968      0.0037   0.0030   80.10     62    Success 
    60       18.2056     0.2268      0.0015   0.0018   76.85     63    Success 
    61       18.2040     0.3147      0.0016   0.0019   73.59     64    Success 
    62       18.2015     0.4350      0.0025   0.0031   78.77     65    Success 
    63       18.1980     0.6100      0.0035   0.0049   81.99     66    Success 
    64       18.1929     0.5625      0.0050   0.0069   84.32     67    Success 
    65       18.1874     0.7428      0.0055   0.0098   83.81     68    Success 
    66       18.1809     0.4120      0.0065   0.0078   83.66     69    Success 
    67       18.1762     0.4057      0.0047   0.0026   70.37     70    Success 
    68       18.1717     0.5739      0.0045   0.0061   78.24     71    Success 
    69       18.1695     0.6248      0.0022   0.0072   83.62     72    Success 
    70       18.1671     0.2542      0.0024   0.0007   61.47     73    Success 
    71       18.1657     0.2227      0.0014   0.0031   81.09     74    Success 
    72       18.1644     0.2877      0.0013   0.0032   82.38     75    Success 
    73       18.1626     0.3912      0.0018   0.0044   83.07     76    Success 
    74       18.1599     0.3098      0.0027   0.0062   84.92     77    Success 
    75       18.1564     0.4467      0.0035   0.0078   82.54     78    Success 
    76       18.1536     0.6190      0.0028   0.0100   84.68     79    Success 
    77       18.1502     0.3523      0.0034   0.0016   73.90     80    Success 
    78       18.1469     0.3190      0.0034   0.0027   72.84     81    Success 
    79       18.1432     0.4023      0.0037   0.0050   79.41     82    Success 
    80       18.1393     0.5356      0.0038   0.0106   84.15     83    Success 
    81       18.1353     0.3038      0.0040   0.0100   86.27     84    Success 
    82       18.1326     0.3529      0.0027   0.0090   84.43     85    Success 
    83       18.1308     0.3685      0.0018   0.0109   86.62     86    Success 
    84       18.1294     0.2179      0.0015   0.0009   68.72     87    Success 
    85       18.1280     0.2373      0.0014   0.0059   83.58     88    Success 
    86       18.1272     0.2580      0.0008   0.0015   76.56     89    Success 
    87       18.1265     0.1794      0.0007   0.0019   83.66     90    Success 
    88       18.1257     0.1887      0.0008   0.0012   66.18     91    Success 
    89       18.1253     0.1948      0.0004   0.0021   82.87     92    Success 
    90       18.1249     0.1350      0.0004   0.0012   83.69     93    Success 
    91       18.1244     0.0995      0.0005   0.0017   78.92     94   SmallGrad

 LBFGS  --  Normal Termination due to SmallGrad

 Final Function Value :           18.12437688
 Final RMS Gradient :              0.09950260
 Final Gradient Norm :             0.41025973
