
     ######################################################################
   ##########################################################################
  ###                                                                      ###
 ###            Tinker  ---  Software Tools for Molecular Design            ###
 ##                                                                          ##
 ##                      Version 8.9.4   September 2021                      ##
 ##                                                                          ##
 ##               Copyright (c)  Jay William Ponder  1990-2021               ##
 ###                           All Rights Reserved                          ###
  ###                                                                      ###
   ##########################################################################
     ######################################################################


 Additional Atom Definition Parameters :

     Type  Class  Symbol  Description               Atomic    Mass   Valence

      402   402     N     40_Index_0                   7     14.007     4
      401   401     C     40_Index_0                   6     12.011     4
      403   403     H     40_Index_0                   1      1.008     1
      404   404     H     40_Index_0                   1      1.008     1

 Additional Bond Stretching Parameters :

     Atom Classes             K(S)         Length

       401 402             194.378         1.4626
       403 402             434.641         1.0300
       404 401             345.979         1.0900

 Additional Angle Bending Parameters :

     Atom Classes             K(B)          Angle

     404 401 402            64.360        107.565
     401 402 401           192.334        112.240
     403 402 401            49.269        106.540
     404 401 404            36.407        111.931

 Additional Stretch-Bend Parameters :

     Atom Classes          K(SB)-1        K(SB)-2

     404 401 402             5.713          5.713
     401 402 401            29.856         29.856
     403 402 401            29.856         29.856
     404 401 404             5.713          5.713

 Additional Torsional Parameters :

     Atom Classes     1-Fold    2-Fold    3-Fold    4-Fold    5-Fold    6-Fold

   404 401 402 401   0.07   0 -0.01 180  0.56   0  0.00   0  0.00   0  0.00   0
   404 401 402 403   0.00   0  0.66 180  0.29   0  0.00   0  0.00   0  0.00   0

 Additional Atomic Multipole Parameters :

     Atom Type     Coordinate Frame Definition         Multipole Moments

         402      401    401    401   3-Fold       0.05896
                                                  -0.00449  0.00000  0.21483
                                                   0.12332
                                                   0.00000  0.16675
                                                   0.01731  0.00000 -0.29007

         401      402    403      0   Z-then-X    -0.05716
                                                   0.02542  0.00000  0.63047
                                                  -0.47410
                                                   0.00000 -0.49347
                                                   0.06847  0.00000  0.96757

         403      402      0      0   Z-Only       0.21306
                                                   0.00000  0.00000  0.00498
                                                   0.00715
                                                   0.00000  0.00715
                                                   0.00000  0.00000 -0.01430

         404      401    402      0   Z-then-X     0.09994
                                                  -0.01851  0.00000 -0.06837
                                                  -0.01678
                                                   0.00000  0.02711
                                                  -0.01632  0.00000 -0.01033

 Additional Atomic Dipole Polarizability Parameters :

     Atom Type           Alpha       Thole     Group Atom Types

         402             1.185       0.390         403
         401             1.620       0.390         404
         403             0.457       0.390         402
         404             0.480       0.390         401

 Additional van der Waals Parameters :

     Atom Class               Size        Epsilon        Reduction

         401                3.8200         0.1010          0.000
         402                3.7100         0.1050          0.000
         403                2.7000         0.0200          0.910
         404                2.8800         0.0240          0.910

 Additional Solvation Parameters :

     Atom Type                PB Size     CS Size     GK Size

         403             3.0352      2.6860      3.3152
         404             3.1430      3.3740      4.1440
         401             3.5062      3.3090      4.5360
         402             2.8836      2.9900      3.2180

 Limited Memory BFGS Quasi-Newton Optimization :

 QN Iter     F Value      G RMS      F Move   X Move   Angle  FG Call  Comment

     0       39.9501    11.6065                                   1
     1       39.3997     8.1600      0.5505   0.0075    0.00      3    Success 
     2       39.1460     4.7476      0.2537   0.0024   11.67      4    Success 
     3       38.7832     3.5685      0.3628   0.0065   14.38      5    Success 
     4       38.5101     3.5795      0.2731   0.0086   39.79      6    Success 
     5       38.2271     5.5977      0.2830   0.0139   54.56      7    Success 
     6       37.8194     3.9021      0.4077   0.0172   69.77      8    Success 
     7       37.2285     4.6618      0.5908   0.0268   63.82      9    Success 
     8       36.5362     8.2349      0.6923   0.0420   69.21     10    Success 
     9       35.8564     8.8490      0.6798   0.0322   74.68     11    Success 
    10       35.0843     5.7359      0.7721   0.0192   68.70     12    Success 
    11       33.9557     8.6397      1.1287   0.0622   75.25     13    Success 
    12       32.7530    13.7403      1.2027   0.0642   76.15     14    Success 
    13       31.3150    12.7346      1.4379   0.0218   61.86     15    Success 
    14       29.2666    10.2313      2.0485   0.0582   76.81     16    Success 
    15       27.5334    10.2039      1.7332   0.0457   69.08     17    Success 
    16       26.2278     9.2283      1.3056   0.0336   69.39     18    Success 
    17       25.7434     9.2340      0.4844   0.0240   57.96     19    Success 
    18       25.6020    10.1616      0.1414   0.0264   76.50     20    Success 
    19       25.3568     8.1662      0.2451   0.0045   68.78     21    Success 
    20       24.9783     5.6750      0.3786   0.0061   54.48     22    Success 
    21       24.6211     4.6706      0.3572   0.0082   45.35     23    Success 
    22       24.3668     6.1897      0.2542   0.0117   68.88     24    Success 
    23       23.9605     5.7268      0.4064   0.0198   75.90     25    Success 
    24       23.4260     7.3029      0.5345   0.0400   77.95     26    Success 
    25       22.9254     6.2126      0.5007   0.0349   77.87     27    Success 
    26       22.6382     4.6670      0.2871   0.0114   69.61     28    Success 
    27       22.4180     6.8363      0.2203   0.0416   79.97     29    Success 
    28       22.0996     3.6038      0.3184   0.0070   57.04     30    Success 
    29       21.7609     2.7521      0.3387   0.0225   69.31     31    Success 
    30       21.5449     3.2431      0.2161   0.0336   75.11     32    Success 
    31       21.4242     4.2420      0.1206   0.0138   63.58     33    Success 
    32       21.3357     2.1405      0.0885   0.0041   66.41     34    Success 
    33       21.2341     2.2349      0.1016   0.0078   59.56     35    Success 
    34       21.1254     3.1804      0.1086   0.0121   71.96     36    Success 
    35       20.9745     4.5018      0.1509   0.0153   74.77     37    Success 
    36       20.7760     4.7430      0.1984   0.0291   82.21     38    Success 
    37       20.4852     4.4112      0.2908   0.0291   80.27     39    Success 
    38       20.0880     3.4376      0.3972   0.0435   79.74     40    Success 
    39       19.7944     5.3113      0.2936   0.0384   74.10     41    Success 
    40       19.6057     4.5923      0.1886   0.0095   66.27     42    Success 
    41       19.5175     2.3142      0.0883   0.0064   72.71     43    Success 
    42       19.4086     3.0097      0.1088   0.0138   70.95     44    Success 
    43       19.2812     2.2031      0.1275   0.0169   76.54     45    Success 
    44       19.2125     1.9707      0.0687   0.0126   74.52     46    Success 
    45       19.1734     1.5724      0.0390   0.0065   71.22     47    Success 
    46       19.1441     1.2584      0.0294   0.0039   66.50     48    Success 
    47       19.1129     1.2047      0.0312   0.0055   66.95     49    Success 
    48       19.0835     1.3297      0.0294   0.0081   72.74     50    Success 
    49       19.0640     0.9352      0.0194   0.0073   75.87     51    Success 
    50       19.0526     0.8579      0.0115   0.0030   68.63     52    Success 
    51       19.0388     0.9496      0.0137   0.0028   62.32     53    Success 
    52       19.0200     1.1283      0.0188   0.0050   70.02     54    Success 
    53       18.9914     0.9746      0.0286   0.0073   74.48     55    Success 
    54       18.9469     1.1166      0.0444   0.0126   74.04     56    Success 
    55       18.8992     2.2986      0.0477   0.0203   76.65     57    Success 
    56       18.8370     1.6125      0.0622   0.0199   82.96     58    Success 
    57       18.7940     1.3546      0.0431   0.0144   79.84     59    Success 
    58       18.7693     1.5163      0.0247   0.0118   76.83     60    Success 
    59       18.7509     0.8184      0.0184   0.0024   63.87     61    Success 
    60       18.7347     0.8358      0.0162   0.0024   48.17     62    Success 
    61       18.7139     1.1906      0.0208   0.0060   69.62     63    Success 
    62       18.6888     1.4861      0.0251   0.0102   78.39     64    Success 
    63       18.6593     1.1288      0.0295   0.0143   83.08     65    Success 
    64       18.6323     1.1669      0.0270   0.0154   80.55     66    Success 
    65       18.6117     0.9954      0.0206   0.0107   81.41     67    Success 
    66       18.5921     0.9349      0.0197   0.0081   79.22     68    Success 
    67       18.5658     1.0640      0.0262   0.0128   78.82     69    Success 
    68       18.5397     1.4197      0.0261   0.0184   80.93     70    Success 
    69       18.5169     1.0714      0.0229   0.0044   72.38     71    Success 
    70       18.4884     1.0483      0.0285   0.0100   76.44     72    Success 
    71       18.4636     1.1378      0.0248   0.0137   80.70     73    Success 
    72       18.4410     1.3430      0.0226   0.0220   83.59     74    Success 
    73       18.4304     1.4107      0.0106   0.0038   66.86     75    Success 
    74       18.4194     0.9604      0.0110   0.0118   85.68     76    Success 
    75       18.4118     0.6106      0.0075   0.0033   75.07     77    Success 
    76       18.4038     0.6389      0.0081   0.0030   71.63     78    Success 
    77       18.3901     0.6825      0.0136   0.0090   80.55     79    Success 
    78       18.3692     0.9425      0.0209   0.0179   82.46     80    Success 
    79       18.3397     0.9022      0.0295   0.0288   84.79     81    Success 
    80       18.3122     1.6266      0.0275   0.0479   85.75     82    Success 
    81       18.2773     1.1029      0.0349   0.0276   86.22     83    Success 
    82       18.2413     0.9192      0.0361   0.0247   82.69     84    Success 
    83       18.2349     1.6582      0.0064   0.0401   85.90     85    Success 
    84       18.2251     1.1753      0.0098   0.0087   87.01     86    Success 
    85       18.2174     0.8795      0.0077   0.0021   62.50     87    Success 
    86       18.2118     0.4419      0.0056   0.0056   83.07     88    Success 
    87       18.2084     0.3583      0.0034   0.0032   80.25     89    Success 
    88       18.2030     0.2921      0.0053   0.0088   82.63     90    Success 
    89       18.1989     0.6568      0.0041   0.0227   84.55     91    Success 
    90       18.1964     0.5211      0.0025   0.0032   80.47     92    Success 
    91       18.1945     0.3203      0.0019   0.0012   76.82     93    Success 
    92       18.1915     0.2685      0.0030   0.0047   81.39     94    Success 
    93       18.1868     0.4284      0.0047   0.0122   83.76     95    Success 
    94       18.1804     0.6044      0.0064   0.0246   87.00     96    Success 
    95       18.1741     0.8232      0.0062   0.0312   87.71     97    Success 
    96       18.1675     0.4777      0.0067   0.0094   85.50     98    Success 
    97       18.1626     0.5667      0.0049   0.0300   87.43     99    Success 
    98       18.1590     0.5862      0.0036   0.0049   80.53    100    Success 
    99       18.1559     0.4480      0.0031   0.0085   86.12    101    Success 
   100       18.1542     0.2508      0.0017   0.0047   86.19    102    Success 
   101       18.1530     0.2027      0.0012   0.0046   84.79    103    Success 
   102       18.1520     0.2748      0.0010   0.0038   83.83    104    Success 
   103       18.1505     0.2687      0.0015   0.0087   87.08    105    Success 
   104       18.1489     0.4052      0.0016   0.0096   86.07    106    Success 
   105       18.1479     0.3124      0.0010   0.0038   84.58    107    Success 
   106       18.1472     0.1635      0.0007   0.0011   80.15    108    Success 
   107       18.1466     0.1832      0.0007   0.0040   84.77    109    Success 
   108       18.1458     0.2166      0.0007   0.0019   79.65    110    Success 
   109       18.1450     0.1901      0.0008   0.0020   78.81    111    Success 
   110       18.1445     0.2625      0.0005   0.0031   83.43    112    Success 
   111       18.1441     0.1383      0.0005   0.0033   87.34    113    Success 
   112       18.1437     0.1122      0.0004   0.0030   86.08    114    Success 
   113       18.1434     0.1088      0.0003   0.0041   86.62    115    Success 
   114       18.1433     0.2711      0.0001   0.0058   86.53    116    Success 
   115       18.1431     0.1915      0.0002   0.0002   70.71    117    Success 
   116       18.1428     0.0712      0.0003   0.0005   75.54    118   SmallGrad

 LBFGS  --  Normal Termination due to SmallGrad

 Final Function Value :           18.14280568
 Final RMS Gradient :              0.07123687
 Final Gradient Norm :             0.29371714
