
     ######################################################################
   ##########################################################################
  ###                                                                      ###
 ###            Tinker  ---  Software Tools for Molecular Design            ###
 ##                                                                          ##
 ##                      Version 8.9.4   September 2021                      ##
 ##                                                                          ##
 ##               Copyright (c)  Jay William Ponder  1990-2021               ##
 ###                           All Rights Reserved                          ###
  ###                                                                      ###
   ##########################################################################
     ######################################################################


 Additional Atom Definition Parameters :

     Type  Class  Symbol  Description               Atomic    Mass   Valence

      402   402     N     40_Index_0                   7     14.007     4
      401   401     C     40_Index_0                   6     12.011     4
      403   403     H     40_Index_0                   1      1.008     1
      404   404     H     40_Index_0                   1      1.008     1

 Additional Bond Stretching Parameters :

     Atom Classes             K(S)         Length

       401 402             194.378         1.4626
       403 402             434.641         1.0300
       404 401             345.979         1.0900

 Additional Angle Bending Parameters :

     Atom Classes             K(B)          Angle

     404 401 402            64.360        107.565
     401 402 401           192.334        112.240
     403 402 401            49.269        106.540
     404 401 404            36.407        111.931

 Additional Stretch-Bend Parameters :

     Atom Classes          K(SB)-1        K(SB)-2

     404 401 402             5.713          5.713
     401 402 401            29.856         29.856
     403 402 401            29.856         29.856
     404 401 404             5.713          5.713

 Additional Torsional Parameters :

     Atom Classes     1-Fold    2-Fold    3-Fold    4-Fold    5-Fold    6-Fold

   404 401 402 401   0.07   0 -0.01 180  0.56   0  0.00   0  0.00   0  0.00   0
   404 401 402 403   0.00   0  0.66 180  0.29   0  0.00   0  0.00   0  0.00   0

 Additional Atomic Multipole Parameters :

     Atom Type     Coordinate Frame Definition         Multipole Moments

         402      401    401    401   3-Fold       0.05896
                                                  -0.00449  0.00000  0.21483
                                                   0.12332
                                                   0.00000  0.16675
                                                   0.01731  0.00000 -0.29007

         401      402    403      0   Z-then-X    -0.05716
                                                   0.02542  0.00000  0.63047
                                                  -0.47410
                                                   0.00000 -0.49347
                                                   0.06847  0.00000  0.96757

         403      402      0      0   Z-Only       0.21306
                                                   0.00000  0.00000  0.00498
                                                   0.00715
                                                   0.00000  0.00715
                                                   0.00000  0.00000 -0.01430

         404      401    402      0   Z-then-X     0.09994
                                                  -0.01851  0.00000 -0.06837
                                                  -0.01678
                                                   0.00000  0.02711
                                                  -0.01632  0.00000 -0.01033

 Additional Atomic Dipole Polarizability Parameters :

     Atom Type           Alpha       Thole     Group Atom Types

         402             1.185       0.390         403
         401             1.620       0.390         404
         403             0.457       0.390         402
         404             0.480       0.390         401

 Additional van der Waals Parameters :

     Atom Class               Size        Epsilon        Reduction

         401                3.8200         0.1010          0.000
         402                3.7100         0.1050          0.000
         403                2.7000         0.0200          0.910
         404                2.8800         0.0240          0.910

 Additional Solvation Parameters :

     Atom Type                PB Size     CS Size     GK Size

         403             3.0352      2.6860      3.3152
         404             3.1430      3.3740      4.1440
         401             3.5062      3.3090      4.5360
         402             2.8836      2.9900      3.2180

 Limited Memory BFGS Quasi-Newton Optimization :

 QN Iter     F Value      G RMS      F Move   X Move   Angle  FG Call  Comment

     0       34.7924    11.0616                                   1
     1       33.9355     9.6197      0.8568   0.0089    0.00      3    Success 
     2       33.2715     7.9342      0.6640   0.0060   41.37      4    Success 
     3       32.1430     6.1127      1.1286   0.0128   39.66      5    Success 
     4       30.4143     7.0392      1.7286   0.0273   37.24      6    Success 
     5       28.9601    15.4079      1.4542   0.0568   59.43      7    Success 
     6       27.4663    11.5558      1.4938   0.0151   55.12      8    Success 
     7       25.5954     9.4889      1.8709   0.0391   72.68      9    Success 
     8       24.4072    13.4524      1.1882   0.0503   62.52     10    Success 
     9       23.9654    10.6461      0.4418   0.0202   68.32     11    Success 
    10       23.6179     7.5726      0.3475   0.0137   69.12     12    Success 
    11       23.3543     2.9814      0.2636   0.0036   11.42     13    Success 
    12       23.1975     3.1041      0.1567   0.0056   52.44     14    Success 
    13       22.9192     3.1674      0.2784   0.0106   56.08     15    Success 
    14       22.4949     4.7192      0.4242   0.0208   60.13     16    Success 
    15       22.0309     5.4836      0.4640   0.0365   73.15     17    Success 
    16       21.7048     3.6272      0.3261   0.0166   71.77     18    Success 
    17       21.3719     3.5704      0.3329   0.0228   72.17     19    Success 
    18       20.9528     4.6060      0.4191   0.0346   71.49     20    Success 
    19       20.7642     6.9994      0.1886   0.0336   73.96     21    Success 
    20       20.5432     2.9746      0.2210   0.0038   40.10     22    Success 
    21       20.4182     3.5776      0.1250   0.0074   60.47     23    Success 
    22       20.2344     3.8736      0.1837   0.0119   69.75     24    Success 
    23       19.9596     4.3085      0.2748   0.0190   72.93     25    Success 
    24       19.6836     6.2397      0.2760   0.0288   74.88     26    Success 
    25       19.4267     4.0942      0.2569   0.0202   78.70     27    Success 
    26       19.2294     2.4082      0.1973   0.0107   61.40     28    Success 
    27       19.1302     1.8981      0.0992   0.0189   78.01     29    Success 
    28       19.0823     2.1461      0.0479   0.0106   69.71     30    Success 
    29       19.0515     1.0104      0.0308   0.0035   59.44     31    Success 
    30       19.0404     0.8260      0.0111   0.0019   66.76     32    Success 
    31       19.0212     0.7151      0.0192   0.0034   62.05     33    Success 
    32       18.9894     0.8545      0.0318   0.0067   61.87     34    Success 
    33       18.9475     1.6258      0.0419   0.0098   63.35     35    Success 
    34       18.8945     1.3896      0.0529   0.0170   79.70     36    Success 
    35       18.8445     1.4073      0.0500   0.0141   77.59     37    Success 
    36       18.7878     1.2373      0.0566   0.0161   74.91     38    Success 
    37       18.7726     2.0715      0.0153   0.0082   68.91     39    Success 
    38       18.7544     0.7778      0.0182   0.0032   74.24     40    Success 
    39       18.7478     0.5782      0.0066   0.0015   64.48     41    Success 
    40       18.7380     0.6437      0.0098   0.0021   50.48     42    Success 
    41       18.7267     0.7257      0.0113   0.0039   65.59     43    Success 
    42       18.7211     1.0813      0.0056   0.0058   76.26     44    Success 
    43       18.7142     0.5076      0.0068   0.0024   76.79     45    Success 
    44       18.7090     0.5187      0.0053   0.0024   69.72     46    Success 
    45       18.7008     0.7248      0.0082   0.0043   74.39     47    Success 
    46       18.6867     0.9220      0.0141   0.0062   77.71     48    Success 
    47       18.6642     1.1626      0.0225   0.0111   80.61     49    Success 
    48       18.6298     1.1541      0.0343   0.0181   82.79     50    Success 
    49       18.5904     1.5244      0.0394   0.0300   83.30     51    Success 
    50       18.5654     1.8200      0.0250   0.0258   84.21     52    Success 
    51       18.5357     0.9551      0.0297   0.0026   58.58     53    Success 
    52       18.5131     0.9618      0.0226   0.0089   75.84     54    Success 
    53       18.4969     0.8828      0.0162   0.0041   67.34     55    Success 
    54       18.4794     1.0995      0.0175   0.0148   81.64     56    Success 
    55       18.4617     0.9300      0.0177   0.0050   75.20     57    Success 
    56       18.4379     0.9290      0.0238   0.0127   79.82     58    Success 
    57       18.4188     1.1434      0.0191   0.0183   83.11     59    Success 
    58       18.4060     0.7913      0.0127   0.0129   84.36     60    Success 
    59       18.3995     0.8338      0.0065   0.0028   70.13     61    Success 
    60       18.3934     0.7974      0.0061   0.0113   85.67     62    Success 
    61       18.3855     0.6056      0.0079   0.0016   65.54     63    Success 
    62       18.3725     0.5514      0.0131   0.0042   68.76     64    Success 
    63       18.3543     0.9585      0.0181   0.0106   74.74     65    Success 
    64       18.3338     1.1428      0.0205   0.0187   83.18     66    Success 
    65       18.3160     1.0956      0.0178   0.0106   83.60     67    Success 
    66       18.2899     0.8742      0.0261   0.0175   83.71     68    Success 
    67       18.2779     1.8796      0.0120   0.0199   79.84     69    Success 
    68       18.2632     0.8491      0.0147   0.0063   83.16     70    Success 
    69       18.2595     0.5759      0.0037   0.0060   85.01     72    Success 
    70       18.2539     0.5146      0.0056   0.0047   80.73     73    Success 
    71       18.2457     0.6625      0.0082   0.0096   82.29     74    Success 
    72       18.2371     0.9651      0.0087   0.0121   83.71     75    Success 
    73       18.2278     0.7332      0.0092   0.0111   85.01     76    Success 
    74       18.2198     0.5896      0.0080   0.0074   83.48     77    Success 
    75       18.2090     0.6088      0.0109   0.0129   82.89     78    Success 
    76       18.1980     0.8090      0.0110   0.0183   84.60     79    Success 
    77       18.1873     0.7107      0.0107   0.0113   82.81     80    Success 
    78       18.1810     0.7992      0.0062   0.0194   86.06     81    Success 
    79       18.1776     0.4477      0.0035   0.0082   85.81     82    Success 
    80       18.1759     0.6526      0.0017   0.0058   81.77     83    Success 
    81       18.1733     0.3906      0.0026   0.0035   84.97     84    Success 
    82       18.1701     0.3550      0.0032   0.0091   85.79     85    Success 
    83       18.1668     0.4402      0.0033   0.0114   86.23     86    Success 
    84       18.1645     0.7478      0.0022   0.0152   86.64     87    Success 
    85       18.1614     0.3835      0.0032   0.0056   86.39     88    Success 
    86       18.1594     0.2456      0.0020   0.0034   82.18     89    Success 
    87       18.1580     0.4470      0.0013   0.0098   86.73     90    Success 
    88       18.1562     0.3908      0.0019   0.0026   82.32     91    Success 
    89       18.1540     0.3185      0.0022   0.0077   86.09     92    Success 
    90       18.1538     0.5104      0.0003   0.0102   86.65     93    Success 
    91       18.1533     0.4102      0.0005   0.0008   85.98     94    Success 
    92       18.1526     0.2374      0.0007   0.0002   53.75     95    Success 
    93       18.1518     0.1668      0.0008   0.0006   54.91     96    Success 
    94       18.1513     0.2362      0.0005   0.0039   87.01     97    Success 
    95       18.1506     0.2567      0.0008   0.0049   87.36     98    Success 
    96       18.1497     0.3547      0.0009   0.0082   87.61     99    Success 
    97       18.1486     0.2141      0.0010   0.0102   88.28    100    Success 
    98       18.1482     0.1439      0.0004   0.0009   76.34    101    Success 
    99       18.1476     0.1947      0.0006   0.0059   87.01    102    Success 
   100       18.1469     0.2546      0.0007   0.0066   87.03    103    Success 
   101       18.1461     0.2625      0.0008   0.0120   88.44    104    Success 
   102       18.1453     0.1686      0.0008   0.0023   82.28    105    Success 
   103       18.1445     0.2007      0.0008   0.0087   87.05    106    Success 
   104       18.1439     0.2209      0.0006   0.0084   87.84    107    Success 
   105       18.1435     0.1702      0.0005   0.0014   81.93    108    Success 
   106       18.1429     0.1524      0.0006   0.0081   87.89    109    Success 
   107       18.1425     0.1809      0.0004   0.0020   80.91    110    Success 
   108       18.1423     0.1341      0.0003   0.0030   87.25    111    Success 
   109       18.1420     0.1100      0.0003   0.0014   83.60    112    Success 
   110       18.1418     0.1455      0.0002   0.0039   86.13    113    Success 
   111       18.1417     0.0713      0.0001   0.0004   72.35    114   SmallGrad

 LBFGS  --  Normal Termination due to SmallGrad

 Final Function Value :           18.14165401
 Final RMS Gradient :              0.07128846
 Final Gradient Norm :             0.29392985
