
     ######################################################################
   ##########################################################################
  ###                                                                      ###
 ###            Tinker  ---  Software Tools for Molecular Design            ###
 ##                                                                          ##
 ##                      Version 8.9.4   September 2021                      ##
 ##                                                                          ##
 ##               Copyright (c)  Jay William Ponder  1990-2021               ##
 ###                           All Rights Reserved                          ###
  ###                                                                      ###
   ##########################################################################
     ######################################################################


 Additional Atom Definition Parameters :

     Type  Class  Symbol  Description               Atomic    Mass   Valence

      402   402     N     40_Index_0                   7     14.007     4
      401   401     C     40_Index_0                   6     12.011     4
      403   403     H     40_Index_0                   1      1.008     1
      404   404     H     40_Index_0                   1      1.008     1

 Additional Bond Stretching Parameters :

     Atom Classes             K(S)         Length

       401 402             194.378         1.4626
       403 402             434.641         1.0300
       404 401             345.979         1.0900

 Additional Angle Bending Parameters :

     Atom Classes             K(B)          Angle

     404 401 402            64.360        107.565
     401 402 401           192.334        112.240
     403 402 401            49.269        106.540
     404 401 404            36.407        111.931

 Additional Stretch-Bend Parameters :

     Atom Classes          K(SB)-1        K(SB)-2

     404 401 402             5.713          5.713
     401 402 401            29.856         29.856
     403 402 401            29.856         29.856
     404 401 404             5.713          5.713

 Additional Torsional Parameters :

     Atom Classes     1-Fold    2-Fold    3-Fold    4-Fold    5-Fold    6-Fold

   404 401 402 401   0.07   0 -0.01 180  0.56   0  0.00   0  0.00   0  0.00   0
   404 401 402 403   0.00   0  0.66 180  0.29   0  0.00   0  0.00   0  0.00   0

 Additional Atomic Multipole Parameters :

     Atom Type     Coordinate Frame Definition         Multipole Moments

         402      401    401    401   3-Fold       0.05896
                                                  -0.00449  0.00000  0.21483
                                                   0.12332
                                                   0.00000  0.16675
                                                   0.01731  0.00000 -0.29007

         401      402    403      0   Z-then-X    -0.05716
                                                   0.02542  0.00000  0.63047
                                                  -0.47410
                                                   0.00000 -0.49347
                                                   0.06847  0.00000  0.96757

         403      402      0      0   Z-Only       0.21306
                                                   0.00000  0.00000  0.00498
                                                   0.00715
                                                   0.00000  0.00715
                                                   0.00000  0.00000 -0.01430

         404      401    402      0   Z-then-X     0.09994
                                                  -0.01851  0.00000 -0.06837
                                                  -0.01678
                                                   0.00000  0.02711
                                                  -0.01632  0.00000 -0.01033

 Additional Atomic Dipole Polarizability Parameters :

     Atom Type           Alpha       Thole     Group Atom Types

         402             1.185       0.390         403
         401             1.620       0.390         404
         403             0.457       0.390         402
         404             0.480       0.390         401

 Additional van der Waals Parameters :

     Atom Class               Size        Epsilon        Reduction

         401                3.8200         0.1010          0.000
         402                3.7100         0.1050          0.000
         403                2.7000         0.0200          0.910
         404                2.8800         0.0240          0.910

 Additional Solvation Parameters :

     Atom Type                PB Size     CS Size     GK Size

         403             3.0352      2.6860      3.3152
         404             3.1430      3.3740      4.1440
         401             3.5062      3.3090      4.5360
         402             2.8836      2.9900      3.2180

 Limited Memory BFGS Quasi-Newton Optimization :

 QN Iter     F Value      G RMS      F Move   X Move   Angle  FG Call  Comment

     0       30.2782     9.0201                                   1
     1       29.6756     8.2364      0.6026   0.0080    0.00      3    Success 
     2       29.2106     6.2060      0.4650   0.0052   41.84      4    Success 
     3       28.4824     4.2005      0.7282   0.0114   39.42      5    Success 
     4       27.6266     7.3965      0.8558   0.0252   35.95      6    Success 
     5       26.9664     7.1993      0.6601   0.0255   68.35      7    Success 
     6       26.3148     5.7000      0.6516   0.0198   70.43      8    Success 
     7       25.3906     4.0158      0.9242   0.0347   67.20      9    Success 
     8       25.1269    10.4756      0.2637   0.0482   64.92     10    Success 
     9       24.7375     5.4117      0.3894   0.0043   46.06     11    Success 
    10       24.5006     2.6608      0.2369   0.0069   55.03     12    Success 
    11       24.3495     3.3772      0.1511   0.0080   59.68     13    Success 
    12       24.1000     4.1652      0.2495   0.0150   69.38     14    Success 
    13       23.7149     5.2513      0.3852   0.0260   74.26     15    Success 
    14       23.3482     6.9542      0.3667   0.0452   78.99     16    Success 
    15       22.9361     3.8433      0.4120   0.0247   78.64     17    Success 
    16       22.5480     3.5362      0.3882   0.0247   70.02     18    Success 
    17       22.2862     5.1047      0.2618   0.0420   79.54     19    Success 
    18       22.0540     5.0951      0.2322   0.0217   73.84     20    Success 
    19       21.8358     3.0511      0.2182   0.0173   79.15     21    Success 
    20       21.5609     3.5043      0.2749   0.0217   67.67     22    Success 
    21       21.3615     4.1453      0.1995   0.0171   76.18     23    Success 
    22       21.0659     5.1579      0.2956   0.0216   74.82     24    Success 
    23       20.6781     4.6377      0.3878   0.0409   80.51     25    Success 
    24       20.4640     7.7608      0.2141   0.0453   77.47     26    Success 
    25       20.1390     4.5820      0.3249   0.0167   78.76     27    Success 
    26       19.8071     3.8776      0.3319   0.0122   52.41     28    Success 
    27       19.6675     3.6942      0.1397   0.0131   74.20     29    Success 
    28       19.5291     2.3103      0.1384   0.0135   72.85     30    Success 
    29       19.4774     1.5525      0.0517   0.0048   59.41     31    Success 
    30       19.4454     1.4425      0.0319   0.0048   70.50     32    Success 
    31       19.3981     1.5161      0.0474   0.0064   66.11     33    Success 
    32       19.3425     2.1864      0.0556   0.0105   69.55     34    Success 
    33       19.2747     1.5630      0.0679   0.0112   76.54     35    Success 
    34       19.2078     1.4384      0.0668   0.0103   69.13     36    Success 
    35       19.1556     2.5023      0.0522   0.0179   73.76     37    Success 
    36       19.0917     1.5725      0.0639   0.0065   71.30     38    Success 
    37       19.0114     1.6373      0.0803   0.0100   66.24     39    Success 
    38       18.9152     2.7120      0.0963   0.0234   75.75     40    Success 
    39       18.8517     2.7486      0.0634   0.0230   80.89     41    Success 
    40       18.7965     1.4116      0.0552   0.0050   71.06     42    Success 
    41       18.7503     1.1633      0.0462   0.0074   67.04     43    Success 
    42       18.7161     1.3148      0.0342   0.0077   71.78     44    Success 
    43       18.6901     1.9707      0.0260   0.0134   76.83     45    Success 
    44       18.6603     0.8886      0.0298   0.0065   78.01     46    Success 
    45       18.6427     0.8838      0.0175   0.0052   72.21     47    Success 
    46       18.6197     1.1599      0.0230   0.0088   76.18     48    Success 
    47       18.5927     1.6167      0.0270   0.0109   77.68     49    Success 
    48       18.5595     1.0686      0.0332   0.0120   81.68     50    Success 
    49       18.5278     1.2230      0.0317   0.0139   78.22     51    Success 
    50       18.4968     1.7492      0.0310   0.0129   78.06     52    Success 
    51       18.4636     1.4054      0.0332   0.0107   82.22     53    Success 
    52       18.4204     1.3669      0.0432   0.0184   81.31     54    Success 
    53       18.3787     1.8988      0.0416   0.0279   83.11     55    Success 
    54       18.3374     1.4245      0.0414   0.0223   85.79     56    Success 
    55       18.2805     1.3091      0.0569   0.0363   84.61     57    Success 
    56       18.2520     2.1955      0.0285   0.0317   81.85     58    Success 
    57       18.2348     1.5475      0.0172   0.0245   86.43     59    Success 
    58       18.2245     0.9640      0.0103   0.0204   86.59     60    Success 
    59       18.2166     0.4924      0.0079   0.0067   82.86     61    Success 
    60       18.2109     0.5238      0.0057   0.0111   85.56     62    Success 
    61       18.2028     0.7279      0.0081   0.0162   85.45     63    Success 
    62       18.1952     0.8622      0.0076   0.0196   86.19     64    Success 
    63       18.1894     0.4295      0.0058   0.0052   83.65     65    Success 
    64       18.1846     0.4613      0.0048   0.0082   83.95     66    Success 
    65       18.1772     0.6200      0.0074   0.0127   84.45     67    Success 
    66       18.1684     0.9363      0.0087   0.0224   86.41     68    Success 
    67       18.1579     0.5786      0.0106   0.0171   86.32     69    Success 
    68       18.1511     0.4563      0.0068   0.0100   84.50     70    Success 
    69       18.1463     0.7369      0.0048   0.0072   75.90     71    Success 
    70       18.1436     0.3790      0.0027   0.0079   86.20     72    Success 
    71       18.1429     0.5283      0.0007   0.0118   86.88     73    Success 
    72       18.1419     0.3104      0.0010   0.0020   85.85     74    Success 
    73       18.1411     0.1231      0.0008   0.0037   85.78     75    Success 
    74       18.1408     0.1373      0.0003   0.0004   66.28     76    Success 
    75       18.1403     0.1503      0.0005   0.0011   77.30     77    Success 
    76       18.1396     0.1562      0.0007   0.0019   78.63     78    Success 
    77       18.1390     0.1847      0.0006   0.0049   84.19     79    Success 
    78       18.1387     0.2164      0.0003   0.0019   83.07     80    Success 
    79       18.1384     0.1255      0.0003   0.0004   74.74     81    Success 
    80       18.1380     0.1036      0.0004   0.0013   77.90     82    Success 
    81       18.1377     0.1126      0.0003   0.0014   80.88     83    Success 
    82       18.1374     0.2062      0.0002   0.0027   83.11     84    Success 
    83       18.1371     0.0832      0.0003   0.0012   83.60     85   SmallGrad

 LBFGS  --  Normal Termination due to SmallGrad

 Final Function Value :           18.13714289
 Final RMS Gradient :              0.08321362
 Final Gradient Norm :             0.34309855
