
     ######################################################################
   ##########################################################################
  ###                                                                      ###
 ###            Tinker  ---  Software Tools for Molecular Design            ###
 ##                                                                          ##
 ##                      Version 8.9.4   September 2021                      ##
 ##                                                                          ##
 ##               Copyright (c)  Jay William Ponder  1990-2021               ##
 ###                           All Rights Reserved                          ###
  ###                                                                      ###
   ##########################################################################
     ######################################################################


 Additional Atom Definition Parameters :

     Type  Class  Symbol  Description               Atomic    Mass   Valence

      402   402     Cl    CCl4                        17     35.453     1
      401   401     C     CCl4                         6     12.011     4

 Additional Bond Stretching Parameters :

     Atom Classes             K(S)         Length

       401 402             149.323         1.7700

 Additional Angle Bending Parameters :

     Atom Classes             K(B)          Angle

     402 401 402            50.749        109.470

 Additional Stretch-Bend Parameters :

     Atom Classes          K(SB)-1        K(SB)-2

     402 401 402             5.713          5.713

 Additional Atomic Multipole Parameters :

     Atom Type     Coordinate Frame Definition         Multipole Moments

         402      401      0      0   Z-Only      -0.03988
                                                   0.00000  0.00000  0.05327
                                                  -0.58038
                                                   0.00000 -0.58038
                                                   0.00000  0.00000  1.16076

         401      402      0      0   Z-Only       0.15952
                                                   0.00000  0.00000  0.00037
                                                  -0.00002
                                                   0.00000 -0.00002
                                                   0.00000  0.00000  0.00004

 Additional Atomic Dipole Polarizability Parameters :

     Atom Type           Alpha       Thole     Group Atom Types

         402             2.337       0.390         401
         401             1.620       0.390         402

 Additional van der Waals Parameters :

     Atom Class               Size        Epsilon        Reduction

         401                3.6000         0.1040          0.000
         402                3.8980         0.3190          0.000

 Additional Solvation Parameters :

     Atom Type                PB Size     CS Size     GK Size

         401             3.5795      3.6230      3.6000

 Limited Memory BFGS Quasi-Newton Optimization :

 QN Iter     F Value      G RMS      F Move   X Move   Angle  FG Call  Comment

     0     5719.8838  8960.8571                                   1
     1     1858.4173  1226.4617   3861.4665   0.1318    0.00      2    Success 
     2     1613.3432  1016.4468    245.0741   0.0220    1.50      3    Success 
     3     1196.3922   723.2876    416.9510   0.0499   14.73      4    Success 
     4      593.9848   340.8503    602.4074   0.1222   19.42      5    Success 
     5      290.9759   153.7222    303.0089   0.1318   17.75      6    Success 
     6      155.9491    67.9905    135.0268   0.1295   14.33      7    Success 
     7       98.2130    32.5833     57.7361   0.1234    7.13      8    Success 
     8       67.7468    22.5246     30.4663   0.1305    8.54      9    Success 
     9       48.3884    19.9528     19.3583   0.1318   29.07     10    Success 
    10       33.0321    15.7846     15.3564   0.1318   42.87     11    Success 
    11       21.7750    13.2580     11.2571   0.1318   47.93     12    Success 
    12       13.0922     9.7193      8.6828   0.1318   52.89     13    Success 
    13        6.6742     7.5959      6.4180   0.1318   51.38     14    Success 
    14        2.5776    10.3058      4.0966   0.1318   53.27     15    Success 
    15        0.1237     6.8967      2.4539   0.1318   70.03     16    Success 
    16       -0.7437     4.7416      0.8674   0.0441   66.25     17    Success 
    17       -1.4560     3.4983      0.7124   0.0389   52.65     18    Success 
    18       -1.6234     3.8297      0.1673   0.0166   54.22     20    Success 
    19       -1.7837     2.2447      0.1603   0.0153   67.10     21    Success 
    20       -1.9138     1.7767      0.1301   0.0213   68.94     22    Success 
    21       -2.0607     1.5947      0.1469   0.0388   71.83     23    Success 
    22       -2.0943     1.7230      0.0336   0.0141   72.64     25    Success 
    23       -2.1361     0.6349      0.0418   0.0231   80.26     26    Success 
    24       -2.1444     0.3003      0.0083   0.0088   76.22     27    Success 
    25       -2.1465     0.3641      0.0021   0.0034   58.66     28    Success 
    26       -2.1477     0.1355      0.0012   0.0010   55.00     29    Success 
    27       -2.1481     0.1093      0.0003   0.0013   75.26     30    Success 
    28       -2.1486     0.1425      0.0005   0.0017   68.70     31    Success 
    29       -2.1495     0.2072      0.0009   0.0022   70.27     32    Success 
    30       -2.1511     0.2696      0.0016   0.0034   75.08     33    Success 
    31       -2.1536     0.3099      0.0025   0.0057   78.39     34    Success 
    32       -2.1544     0.4141      0.0008   0.0031   80.36     36    Success 
    33       -2.1558     0.3240      0.0014   0.0032   82.87     37    Success 
    34       -2.1574     0.1249      0.0016   0.0054   81.10     38    Success 
    35       -2.1576     0.0951      0.0002   0.0012   74.24     39   SmallGrad

 LBFGS  --  Normal Termination due to SmallGrad

 Final Function Value :           -2.15757422
 Final RMS Gradient :              0.09507991
 Final Gradient Norm :             0.30066909
