
     ######################################################################
   ##########################################################################
  ###                                                                      ###
 ###            Tinker  ---  Software Tools for Molecular Design            ###
 ##                                                                          ##
 ##                      Version 8.9.4   September 2021                      ##
 ##                                                                          ##
 ##               Copyright (c)  Jay William Ponder  1990-2021               ##
 ###                           All Rights Reserved                          ###
  ###                                                                      ###
   ##########################################################################
     ######################################################################


 Additional Atom Definition Parameters :

     Type  Class  Symbol  Description               Atomic    Mass   Valence

      402   402     Cl    CCl4                        17     35.453     1
      401   401     C     CCl4                         6     12.011     4

 Additional Bond Stretching Parameters :

     Atom Classes             K(S)         Length

       401 402             149.323         1.7700

 Additional Angle Bending Parameters :

     Atom Classes             K(B)          Angle

     402 401 402            50.749        109.470

 Additional Stretch-Bend Parameters :

     Atom Classes          K(SB)-1        K(SB)-2

     402 401 402             5.713          5.713

 Additional Atomic Multipole Parameters :

     Atom Type     Coordinate Frame Definition         Multipole Moments

         402      401      0      0   Z-Only      -0.03988
                                                   0.00000  0.00000  0.05327
                                                  -0.58038
                                                   0.00000 -0.58038
                                                   0.00000  0.00000  1.16076

         401      402      0      0   Z-Only       0.15952
                                                   0.00000  0.00000  0.00037
                                                  -0.00002
                                                   0.00000 -0.00002
                                                   0.00000  0.00000  0.00004

 Additional Atomic Dipole Polarizability Parameters :

     Atom Type           Alpha       Thole     Group Atom Types

         402             2.337       0.390         401
         401             1.620       0.390         402

 Additional van der Waals Parameters :

     Atom Class               Size        Epsilon        Reduction

         401                3.6000         0.1040          0.000
         402                3.8980         0.3190          0.000

 Additional Solvation Parameters :

     Atom Type                PB Size     CS Size     GK Size

         401             3.5795      3.6230      3.6000

 Limited Memory BFGS Quasi-Newton Optimization :

 QN Iter     F Value      G RMS      F Move   X Move   Angle  FG Call  Comment

     0    16136.2644 21825.0632                                   1
     1     4509.6132  3872.2532  11626.6513   0.1318    0.00      2    Success 
     2     3589.0167  2408.9460    920.5964   0.0305    1.10      3    Success 
     3     2514.5603  1280.6212   1074.4565   0.0611    9.47      4    Success 
     4     1713.0595   683.7704    801.5008   0.0869    9.62      5    Success 
     5     1139.5208   448.6702    573.5387   0.1181    8.03      6    Success 
     6      762.7800   333.9941    376.7408   0.1318   29.34      7    Success 
     7      517.2384   241.0591    245.5416   0.1318   41.23      8    Success 
     8      349.8267   149.5338    167.4117   0.1318   44.32      9    Success 
     9      255.4185   103.6423     94.4082   0.1318   47.46     10    Success 
    10      182.1483    75.0619     73.2702   0.1318   46.69     11    Success 
    11      127.4476    53.7573     54.7007   0.1318   46.85     12    Success 
    12       87.4586    39.5680     39.9890   0.1318   44.73     13    Success 
    13       57.4064    25.8366     30.0522   0.1318   44.34     14    Success 
    14       36.7963    18.9600     20.6101   0.1318   43.03     15    Success 
    15       22.1785    15.5706     14.6178   0.1318   42.34     16    Success 
    16       12.4638    13.0606      9.7146   0.1318   49.18     17    Success 
    17        7.3494    12.4850      5.1144   0.1318   60.99     18    Success 
    18        5.2571    13.2552      2.0924   0.0696   66.99     19    Success 
    19        3.4903    11.9569      1.7668   0.0533   70.81     20    Success 
    20        1.0872     8.5441      2.4031   0.0890   70.62     21    Success 
    21       -0.6304     6.2453      1.7176   0.0803   66.47     22    Success 
    22       -1.4493     3.8799      0.8189   0.0531   67.90     23    Success 
    23       -1.8081     2.4408      0.3588   0.0433   72.04     24    Success 
    24       -2.0078     1.1233      0.1997   0.0446   74.17     25    Success 
    25       -2.0791     0.8541      0.0713   0.0358   73.55     26    Success 
    26       -2.0977     0.8334      0.0186   0.0250   78.79     27    Success 
    27       -2.1066     0.3169      0.0088   0.0059   72.07     28    Success 
    28       -2.1092     0.3392      0.0026   0.0016   51.12     29    Success 
    29       -2.1133     0.4357      0.0042   0.0032   61.85     30    Success 
    30       -2.1199     0.5364      0.0066   0.0063   72.43     31    Success 
    31       -2.1282     0.8448      0.0083   0.0114   77.46     32    Success 
    32       -2.1383     0.5701      0.0100   0.0152   82.56     33    Success 
    33       -2.1439     0.2529      0.0056   0.0070   78.56     34    Success 
    34       -2.1457     0.1228      0.0018   0.0029   60.24     35    Success 
    35       -2.1457     0.2019      0.0001   0.0013   64.17     36    Success 
    36       -2.1459     0.1510      0.0001   0.0002   63.66     37    Success 
    37       -2.1460     0.0672      0.0002   0.0005   70.09     38   SmallGrad

 LBFGS  --  Normal Termination due to SmallGrad

 Final Function Value :           -2.14604312
 Final RMS Gradient :              0.06721673
 Final Gradient Norm :             0.21255795
