
     ######################################################################
   ##########################################################################
  ###                                                                      ###
 ###            Tinker  ---  Software Tools for Molecular Design            ###
 ##                                                                          ##
 ##                      Version 8.9.4   September 2021                      ##
 ##                                                                          ##
 ##               Copyright (c)  Jay William Ponder  1990-2021               ##
 ###                           All Rights Reserved                          ###
  ###                                                                      ###
   ##########################################################################
     ######################################################################


 Additional Atom Definition Parameters :

     Type  Class  Symbol  Description               Atomic    Mass   Valence

      402   402     Cl    CCl4                        17     35.453     1
      401   401     C     CCl4                         6     12.011     4

 Additional Bond Stretching Parameters :

     Atom Classes             K(S)         Length

       401 402             149.323         1.7700

 Additional Angle Bending Parameters :

     Atom Classes             K(B)          Angle

     402 401 402            50.749        109.470

 Additional Stretch-Bend Parameters :

     Atom Classes          K(SB)-1        K(SB)-2

     402 401 402             5.713          5.713

 Additional Atomic Multipole Parameters :

     Atom Type     Coordinate Frame Definition         Multipole Moments

         402      401      0      0   Z-Only      -0.03988
                                                   0.00000  0.00000  0.05327
                                                  -0.58038
                                                   0.00000 -0.58038
                                                   0.00000  0.00000  1.16076

         401      402      0      0   Z-Only       0.15952
                                                   0.00000  0.00000  0.00037
                                                  -0.00002
                                                   0.00000 -0.00002
                                                   0.00000  0.00000  0.00004

 Additional Atomic Dipole Polarizability Parameters :

     Atom Type           Alpha       Thole     Group Atom Types

         402             2.337       0.390         401
         401             1.620       0.390         402

 Additional van der Waals Parameters :

     Atom Class               Size        Epsilon        Reduction

         401                3.6000         0.1040          0.000
         402                3.8980         0.3190          0.000

 Additional Solvation Parameters :

     Atom Type                PB Size     CS Size     GK Size

         401             3.5795      3.6230      3.6000

 Limited Memory BFGS Quasi-Newton Optimization :

 QN Iter     F Value      G RMS      F Move   X Move   Angle  FG Call  Comment

     0      369.9240   357.6653                                   1
     1      143.6943   111.5664    226.2297   0.1318    0.00      2    Success 
     2      106.0602    64.4210     37.6341   0.0453   17.12      3    Success 
     3       66.4083    30.7168     39.6519   0.0932    6.12      4    Success 
     4       47.8003    19.5618     18.6080   0.0866   14.45      5    Success 
     5       30.2843    17.6072     17.5161   0.1318   26.56      6    Success 
     6       20.0109    24.2354     10.2733   0.1318   42.61      7    Success 
     7       10.3405    17.5589      9.6705   0.1318   65.79      8    Success 
     8        3.3349    12.2686      7.0056   0.1318   64.38      9    Success 
     9       -0.0286     7.9122      3.3635   0.1318   65.06     10    Success 
    10       -0.5942     5.2245      0.5657   0.0305   64.25     11    Success 
    11       -0.8322     4.1346      0.2380   0.0143   62.52     12    Success 
    12       -1.0225     4.0353      0.1904   0.0187   69.84     13    Success 
    13       -1.2255     3.6116      0.2030   0.0278   76.07     14    Success 
    14       -1.4037     2.9382      0.1782   0.0440   78.44     15    Success 
    15       -1.4808     1.9591      0.0771   0.0376   78.33     16    Success 
    16       -1.5155     0.8066      0.0348   0.0043   52.64     17    Success 
    17       -1.5319     0.6628      0.0163   0.0079   68.21     18    Success 
    18       -1.5424     0.4413      0.0105   0.0088   74.07     19    Success 
    19       -1.5439     0.4565      0.0016   0.0047   74.09     20    Success 
    20       -1.5452     0.0891      0.0013   0.0017   66.93     21   SmallGrad

 LBFGS  --  Normal Termination due to SmallGrad

 Final Function Value :           -1.54522359
 Final RMS Gradient :              0.08908030
 Final Gradient Norm :             0.28169666
