
     ######################################################################
   ##########################################################################
  ###                                                                      ###
 ###            Tinker  ---  Software Tools for Molecular Design            ###
 ##                                                                          ##
 ##                      Version 8.10.5   February 2023                      ##
 ##                                                                          ##
 ##               Copyright (c)  Jay William Ponder  1990-2023               ##
 ###                           All Rights Reserved                          ###
  ###                                                                      ###
   ##########################################################################
     ######################################################################


 Additional Atom Definition Parameters :

     Type  Class  Symbol  Description               Atomic    Mass   Valence

      405   405     H     35_38_Index_0                1      1.008     1
      401   401     C     35_38_Index_0                6     12.011     4
      402   402     O     35_38_Index_0                8     15.999     2
      403   403     C     35_38_Index_0                6     12.011     3
      404   404     O     35_38_Index_0                8     15.999     1
      406   406     H     35_38_Index_0                1      1.008     1

 Additional Bond Stretching Parameters :

     Atom Classes             K(S)         Length

       401 405             345.979         1.0900
       405 401             345.979         1.0900
       402 401             317.390         1.4400
       403 402             260.819         1.3500
       404 403             569.861         1.2100
       406 403             347.827         1.1000

 Additional Angle Bending Parameters :

     Atom Classes             K(B)          Angle

     405 401 405            36.407        110.350
     402 401 405            60.030        108.580
     403 402 401            65.993        109.113
     405 401 402            60.030        108.580

 Additional In-Plane Angle Bending Parameters :

     Atom Classes             K(B)          Angle

     402 403 404            99.059        125.760
     406 403 402            66.469        109.110
     406 403 404            44.245        125.130

 Additional Stretch-Bend Parameters :

     Atom Classes          K(SB)-1        K(SB)-2

     402 403 404             7.629          7.629
     406 403 402             7.629          7.629
     405 401 405             5.713          5.713
     402 401 405             5.713          5.713
     403 402 401           -21.334        -21.334
     405 401 402             5.713          5.713
     406 403 404             7.629          7.629

 Additional Torsional Parameters :

     Atom Classes     1-Fold    2-Fold    3-Fold    4-Fold    5-Fold    6-Fold

   403 402 401 405   0.00   0  0.00 180  0.20   0  0.00   0  0.00   0  0.00   0
   404 403 402 401   0.00   0  0.00 180  0.30   0  0.00   0  0.00   0  0.00   0
   406 403 402 401   0.55   0  6.19 180 -0.55   0  0.00   0  0.00   0  0.00   0
   405 401 402 403   0.00   0  0.00 180  0.20   0  0.00   0  0.00   0  0.00   0

 Additional Atomic Multipole Parameters :

     Atom Type     Coordinate Frame Definition         Multipole Moments

         405      401    402      0   Z-then-X     0.05829
                                                   0.00761  0.00000 -0.10326
                                                   0.01699
                                                   0.00000  0.02727
                                                  -0.02655  0.00000 -0.04426

         401      402    403      0   Z-then-X     0.04717
                                                  -0.04938  0.00000  0.21356
                                                  -0.45900
                                                   0.00000 -0.39333
                                                  -0.06308  0.00000  0.85233

         402      403    401      0   Z-then-X    -0.30951
                                                   0.33651  0.00000  0.03407
                                                   0.31999
                                                   0.00000 -0.47765
                                                  -0.36745  0.00000  0.15766

         403      404    402      0   Z-then-X     0.65562
                                                   0.48187  0.00000  0.13827
                                                  -0.05031
                                                   0.00000 -0.00716
                                                  -0.15726  0.00000  0.05747

         404      403    402      0   Z-then-X    -0.56268
                                                  -0.13406  0.00000  0.00452
                                                  -0.41348
                                                   0.00000  0.11628
                                                  -0.25031  0.00000  0.29720

         406      403    404      0   Z-then-X    -0.00547
                                                   0.02389  0.00000 -0.21373
                                                   0.07326
                                                   0.00000  0.07671
                                                  -0.00160  0.00000 -0.14997

 Additional Charge Penetration Parameters :

     Atom Class           Core Chg           Damp

         405                 0.000         0.0000
         401                 0.000         0.0000
         402                 0.000         0.0000
         403                 0.000         0.0000
         404                 0.000         0.0000
         406                 0.000         0.0000

 Additional Atomic Dipole Polarizability Parameters :

     Atom Type           Alpha       Thole     Group Atom Types

         405             0.480       0.390         401
         401             1.620       0.390         405
         402             0.832       0.390         403
         403             1.600       0.390         402  404  406
         404             0.914       0.390         403
         406             0.480       0.390         403

 Additional van der Waals Parameters :

     Atom Class               Size        Epsilon        Reduction

         406                2.8900         0.0240          0.910
         401                3.8200         0.1010          0.000
         405                2.8900         0.0240          0.910
         403                3.7800         0.1060          0.000
         402                3.4050         0.1100          0.000
         404                3.3000         0.1120          0.000

 Additional Solvation Parameters :

     Atom Type                PB Size     CS Size     GK Size

         406             3.0352      2.6860      3.3152
         405             3.1430      3.3740      4.1440
         403             2.9301      4.5060      4.2118
         401             3.5062      3.3090      4.5360
         404             2.9835      3.3560      2.9616
         402             3.1684      3.1340      3.0999

 Limited Memory BFGS Quasi-Newton Optimization :

 QN Iter     F Value      G RMS      F Move   X Move   Angle  FG Call  Comment

     0       -1.1834    16.2009                                   1
     1       -1.9433     9.2212      0.7599   0.0129    0.00      3    Success 
     2       -2.0201    18.5039      0.0768   0.0023   26.49      5    Success 
     3       -2.1190    11.1001      0.0989   0.0020   64.05      6    Success 
     4       -2.2069     5.7218      0.0879   0.0039   66.09      7    Success 
     5       -2.2481     6.4495      0.0412   0.0023   61.92      8    Success 
     6       -2.3165     6.4182      0.0684   0.0033   61.39      9    Success 
     7       -2.4262     6.0310      0.1097   0.0060   63.52     10    Success 
     8       -2.4715     8.9179      0.0453   0.0047   66.62     12    Success 
     9       -2.5387     4.9676      0.0672   0.0047   74.34     13    Success 
    10       -2.5727     1.4050      0.0340   0.0044   70.34     14    Success 
    11       -2.5776     0.8110      0.0049   0.0008   41.94     15    Success 
    12       -2.5799     0.4453      0.0024   0.0007   33.78     16    Success 
    13       -2.5811     0.3650      0.0012   0.0006   34.58     17    Success 
    14       -2.5824     0.2408      0.0012   0.0009   43.07     18    Success 
    15       -2.5830     0.1690      0.0006   0.0007   49.95     19    Success 
    16       -2.5833     0.3654      0.0003   0.0009   51.12     20    Success 
    17       -2.5835     0.1379      0.0002   0.0002   54.40     21    Success 
    18       -2.5836     0.1053      0.0001   0.0002   51.67     22    Success 
    19       -2.5837     0.1169      0.0001   0.0004   54.10     23    Success 
    20       -2.5838     0.0662      0.0001   0.0004   65.52     24   SmallGrad

 LBFGS  --  Normal Termination due to SmallGrad

 Final Function Value :           -2.58384977
 Final RMS Gradient :              0.06624772
 Final Gradient Norm :             0.18737684
