
     ######################################################################
   ##########################################################################
  ###                                                                      ###
 ###            Tinker  ---  Software Tools for Molecular Design            ###
 ##                                                                          ##
 ##                      Version 8.9.4   September 2021                      ##
 ##                                                                          ##
 ##               Copyright (c)  Jay William Ponder  1990-2021               ##
 ###                           All Rights Reserved                          ###
  ###                                                                      ###
   ##########################################################################
     ######################################################################


 Additional Atom Definition Parameters :

     Type  Class  Symbol  Description               Atomic    Mass   Valence

      405   405     C     7_1_Index_0_GrowFrag         6     12.011     3
      403   403     C     7_1_Index_0_GrowFrag         6     12.011     3
      413   413     N     7_1_Index_0_GrowFrag         7     14.007     3
      406   406     C     7_1_Index_0_GrowFrag         6     12.011     3
      419   419     H     7_1_Index_0_GrowFrag         1      1.008     1
      404   404     C     7_1_Index_0_GrowFrag         6     12.011     3
      416   416     N     7_1_Index_0_GrowFrag         7     14.007     3
      401   401     C     7_1_Index_0_GrowFrag         6     12.011     3
      402   402     C     7_1_Index_0_GrowFrag         6     12.011     3
      414   414     C     7_1_Index_0_GrowFrag         6     12.011     3
      407   407     C     7_1_Index_0_GrowFrag         6     12.011     3
      415   415     C     7_1_Index_0_GrowFrag         6     12.011     3
      412   412     C     7_1_Index_0_GrowFrag         6     12.011     3
      410   410     C     7_1_Index_0_GrowFrag         6     12.011     3
      408   408     C     7_1_Index_0_GrowFrag         6     12.011     3
      409   409     C     7_1_Index_0_GrowFrag         6     12.011     3
      417   417     H     7_1_Index_0_GrowFrag         1      1.008     1
      426   426     O     7_1_Index_0_GrowFrag         8     15.999     1
      425   425     H     7_1_Index_0_GrowFrag         1      1.008     1
      423   423     H     7_1_Index_0_GrowFrag         1      1.008     1
      424   424     H     7_1_Index_0_GrowFrag         1      1.008     1
      420   420     H     7_1_Index_0_GrowFrag         1      1.008     1
      421   421     H     7_1_Index_0_GrowFrag         1      1.008     1
      411   411     N     7_1_Index_0_GrowFrag         7     14.007     3
      418   418     H     7_1_Index_0_GrowFrag         1      1.008     1
      427   427     H     7_1_Index_0_GrowFrag         1      1.008     1
      422   422     H     7_1_Index_0_GrowFrag         1      1.008     1

 Additional Bond Stretching Parameters :

     Atom Classes             K(S)         Length

       405 401             341.000         1.5000
       401 426             341.000         1.2300
       413 403             482.000         1.4100
       413 406             482.000         1.4300
       403 414             385.000         1.4700
       404 405             485.389         1.4500
       403 405             485.389         1.3700
       419 413             451.428         1.0200
       410 406             379.094         1.4000
       402 404             485.389         1.3600
       418 404             365.162         1.0800
       401 416             363.157         1.3900
       402 416             316.061         1.3900
       417 416             475.798         1.0100
       427 402             365.162         1.0800
       407 414             379.094         1.4000
       415 407             379.094         1.3900
       425 407             368.093         1.0900
       412 415             379.094         1.4000
       423 415             368.093         1.0900
       424 412             368.093         1.0900
       408 410             379.094         1.3900
       420 410             368.093         1.0900
       409 408             379.094         1.4000
       421 408             368.093         1.0900
       411 409             299.899         1.4100
       422 411             472.882         1.0200

 Additional Angle Bending Parameters :

     Atom Classes             K(B)          Angle

     405 404 402            42.440        107.320
     405 403 414            42.440        126.685
     405 403 413            42.440        118.930
     405 401 416            42.440        103.620
     405 401 426            42.440        131.490
     403 405 404            42.440        126.320
     403 405 401            42.440        126.310
     403 414 407            42.440        120.110
     403 413 406            42.440        115.113
     413 406 410            42.440        120.570
     404 405 401            42.440        107.360
     416 401 426            42.440        124.890
     401 416 402            42.440        111.460
     413 403 414            80.000        115.540
     419 413 403            50.000        106.686
     419 413 406            50.000        106.830
     418 404 405            57.301        126.050
     408 410 406            74.631        120.430
     420 410 406            36.770        119.760
     416 402 404            71.989        110.230
     427 402 404            57.301        129.480
     427 402 416            33.508        120.290
     417 416 401            40.855        121.970
     418 404 402            57.301        126.600
     417 416 402            37.409        126.520
     415 407 414            74.631        120.040
     425 407 414            36.770        119.470
     407 414 407            74.631        119.590
     412 415 407            74.631        120.210
     423 415 407            36.770        119.740
     425 407 415            36.770        120.480
     415 412 415            74.631        119.890
     424 412 415            36.770        120.050
     423 415 412            36.770        120.050
     410 406 410            74.631        118.810
     409 408 410            74.631        121.040
     421 408 410            36.770        119.360
     420 410 408            36.770        119.780
     408 409 408            74.631        118.140
     411 409 408            76.869        120.820
     421 408 409            36.770        119.580
     422 411 409            42.780        112.910
     422 411 422            52.593        109.570

 Additional Stretch-Bend Parameters :

     Atom Classes          K(SB)-1        K(SB)-2

     405 404 402            11.500         11.500
     405 403 414            11.500         11.500
     405 403 413            11.500         11.500
     405 401 416            11.500         11.500
     405 401 426            11.500         11.500
     403 405 404            11.500         11.500
     403 405 401            11.500         11.500
     403 414 407            11.500         11.500
     403 413 406            11.500         11.500
     413 406 410            11.500         11.500
     404 405 401            11.500         11.500
     416 401 426            11.500         11.500
     401 416 402            11.500         11.500
     413 403 414             0.000          0.000
     419 413 403             4.300          4.300
     419 413 406             4.300          4.300
     418 404 405            34.200         34.200
     408 410 406            20.453         20.453
     420 410 406            20.453         20.453
     416 402 404            34.200         34.200
     427 402 404            34.200         34.200
     427 402 416            34.200         34.200
     417 416 401            25.952         25.952
     418 404 402            34.200         34.200
     417 416 402            11.085         11.085
     415 407 414            20.453         20.453
     425 407 414            20.453         20.453
     407 414 407            20.453         20.453
     412 415 407            20.453         20.453
     423 415 407            20.453         20.453
     425 407 415            20.453         20.453
     415 412 415            20.453         20.453
     424 412 415            20.453         20.453
     423 415 412            20.453         20.453
     410 406 410            20.453         20.453
     409 408 410            20.453         20.453
     421 408 410            20.453         20.453
     420 410 408            20.453         20.453
     408 409 408            20.453         20.453
     411 409 408            20.453         20.453
     421 408 409            20.453         20.453
     422 411 409            32.661         32.661
     422 411 422            32.661         32.661

 Additional Out-of-Plane Bend Parameters :

     Atom Classes                   K(OPB)

     413 403   0   0               107.900
     413 406   0   0               107.900
     403 413   0   0                12.900
     406 413   0   0                12.900
     419 413   0   0                 5.800
     403 414   0   0                 7.200
     414 403   0   0                 1.400
     401 405   0   0                38.816
     405 401   0   0                38.816
     410 406   0   0                84.886
     406 410   0   0                84.886
     401 416   0   0                21.717
     416 401   0   0                21.717
     402 416   0   0                38.816
     416 402   0   0                38.816
     417 416   0   0                26.895
     426 401   0   0                16.505
     407 414   0   0                84.886
     414 407   0   0                84.886
     415 407   0   0                84.886
     407 415   0   0                84.886
     425 407   0   0                72.814
     412 415   0   0                84.886
     415 412   0   0                84.886
     423 415   0   0                72.814
     424 412   0   0                72.814
     408 410   0   0                84.886
     410 408   0   0                84.886
     420 410   0   0                72.814
     409 408   0   0                84.886
     408 409   0   0                84.886
     421 408   0   0                72.814
     411 409   0   0                50.236
     411 422   0   0                 9.114
     404 405   0   0                14.390
     403 405   0   0                14.390
     402 404   0   0                14.390
     405 404   0   0                14.390
     405 403   0   0                14.390
     404 402   0   0                14.390
     418 404   0   0                14.390
     427 402   0   0                14.390

 Additional Torsional Parameters :

     Atom Classes     1-Fold    2-Fold    3-Fold    4-Fold    5-Fold    6-Fold

   416 402 404 405  -0.67   0  6.29 180  0.00   0  0.00   0  0.00   0  0.00   0
   427 402 404 405   0.55   0  6.19 180 -0.55   0  0.00   0  0.00   0  0.00   0
   407 414 403 405   0.00   0  0.00 180  0.30   0  0.00   0  0.00   0  0.00   0
   406 413 403 405   0.00   0  0.00 180  0.00   0  0.00   0  0.00   0  0.00   0
   419 413 403 405   0.00   0  0.00 180  0.11   0  0.00   0  0.00   0  0.00   0
   402 416 401 405   0.00   0  0.00 180  0.30   0  0.00   0  0.00   0  0.00   0
   417 416 401 405   0.00   0  0.00 180  0.30   0  0.00   0  0.00   0  0.00   0
   402 404 405 403  -0.67   0  6.29 180  0.00   0  0.00   0  0.00   0  0.00   0
   418 404 405 403   0.55   0  6.19 180 -0.55   0  0.00   0  0.00   0  0.00   0
   416 401 405 403  -0.67   0  6.29 180  0.00   0  0.00   0  0.00   0  0.00   0
   426 401 405 403  -0.67   0  6.29 180  0.00   0  0.00   0  0.00   0  0.00   0
   415 407 414 403  -0.67   0  6.29 180  0.00   0  0.00   0  0.00   0  0.00   0
   425 407 414 403   0.55   0  6.19 180 -0.55   0  0.00   0  0.00   0  0.00   0
   410 406 413 403   0.00   0  0.00 180  0.00   0  0.00   0  0.00   0  0.00   0
   404 405 403 413   0.00   0  0.00 180  0.30   0  0.00   0  0.00   0  0.00   0
   401 405 403 413   0.00   0  0.00 180  0.30   0  0.00   0  0.00   0  0.00   0
   407 414 403 413   0.00   0  0.00 180  0.30   0  0.00   0  0.00   0  0.00   0
   408 410 406 413  -0.67   0  6.29 180  0.00   0  0.00   0  0.00   0  0.00   0
   420 410 406 413   0.55   0  6.19 180 -0.55   0  0.00   0  0.00   0  0.00   0
   409 408 410 406  -0.67   0  6.29 180  0.00   0  0.00   0  0.00   0  0.00   0
   410 406 413 419   0.00   0  0.00 180  0.11   0  0.00   0  0.00   0  0.00   0
   414 403 405 404   0.00   0  0.00 180  0.30   0  0.00   0  0.00   0  0.00   0
   416 401 405 404  -0.67   0  6.29 180  0.00   0  0.00   0  0.00   0  0.00   0
   426 401 405 404  -0.67   0  6.29 180  0.00   0  0.00   0  0.00   0  0.00   0
   401 416 402 404  -0.67   0  6.29 180  0.00   0  0.00   0  0.00   0  0.00   0
   417 416 402 404   0.55   0  6.19 180 -0.55   0  0.00   0  0.00   0  0.00   0
   418 404 402 416   0.55   0  6.19 180 -0.55   0  0.00   0  0.00   0  0.00   0
   402 404 405 401  -0.67   0  6.29 180  0.00   0  0.00   0  0.00   0  0.00   0
   418 404 405 401   0.55   0  6.19 180 -0.55   0  0.00   0  0.00   0  0.00   0
   414 403 405 401   0.00   0  0.00 180  0.30   0  0.00   0  0.00   0  0.00   0
   427 402 416 401   0.55   0  6.19 180 -0.55   0  0.00   0  0.00   0  0.00   0
   426 401 416 402   0.00   0  0.00 180  0.30   0  0.00   0  0.00   0  0.00   0
   423 415 407 414   0.55   0  6.19 180 -0.55   0  0.00   0  0.00   0  0.00   0
   425 407 414 407   0.55   0  6.19 180 -0.55   0  0.00   0  0.00   0  0.00   0
   424 412 415 407   0.55   0  6.19 180 -0.55   0  0.00   0  0.00   0  0.00   0
   425 407 415 412   0.55   0  6.19 180 -0.55   0  0.00   0  0.00   0  0.00   0
   411 409 408 410  -0.67   0  6.29 180  0.00   0  0.00   0  0.00   0  0.00   0
   422 411 409 408   0.00   0  0.00 180  0.30   0  0.00   0  0.00   0  0.00   0
   426 401 416 417   0.00   0  0.00 180  0.30   0  0.00   0  0.00   0  0.00   0
   427 402 416 417   0.00   0  6.36 180  0.00   0  0.00   0  0.00   0  0.00   0
   423 415 407 425   0.00   0  6.36 180  0.00   0  0.00   0  0.00   0  0.00   0
   424 412 415 423   0.00   0  6.36 180  0.00   0  0.00   0  0.00   0  0.00   0
   411 409 408 421   0.55   0  6.19 180 -0.55   0  0.00   0  0.00   0  0.00   0
   427 402 404 418   0.00   0  6.36 180  0.00   0  0.00   0  0.00   0  0.00   0
   406 413 403 414   0.00   0  0.00 180  0.00   0  0.00   0  0.00   0  0.00   0
   419 413 403 414   0.00   0  0.00 180  0.11   0  0.00   0  0.00   0  0.00   0
   415 412 415 407  -0.67   0  6.29 180  0.00   0  0.00   0  0.00   0  0.00   0
   412 415 407 414  -0.67   0  6.29 180  0.00   0  0.00   0  0.00   0  0.00   0
   415 407 414 407  -0.67   0  6.29 180  0.00   0  0.00   0  0.00   0  0.00   0
   408 410 406 410  -0.67   0  6.29 180  0.00   0  0.00   0  0.00   0  0.00   0
   408 409 408 410  -0.67   0  6.29 180  0.00   0  0.00   0  0.00   0  0.00   0
   421 408 410 406   0.55   0  6.19 180 -0.55   0  0.00   0  0.00   0  0.00   0
   423 415 412 415   0.55   0  6.19 180 -0.55   0  0.00   0  0.00   0  0.00   0
   420 410 406 410   0.55   0  6.19 180 -0.55   0  0.00   0  0.00   0  0.00   0
   421 408 409 408   0.55   0  6.19 180 -0.55   0  0.00   0  0.00   0  0.00   0
   420 410 408 409   0.55   0  6.19 180 -0.55   0  0.00   0  0.00   0  0.00   0
   421 408 410 420   0.00   0  7.50 180  0.00   0  0.00   0  0.00   0  0.00   0

 Additional Atomic Multipole Parameters :

     Atom Type     Coordinate Frame Definition         Multipole Moments

         405      401    404      0   Z-then-X    -0.09552
                                                   0.03648  0.00000 -0.17055
                                                   0.10548
                                                   0.00000  0.20858
                                                  -0.37986  0.00000 -0.31406

         403      414    413      0   Z-then-X     0.30082
                                                   0.15946  0.00000  0.20313
                                                  -0.19567
                                                   0.00000  0.31430
                                                  -0.94794  0.00000 -0.11863

         413      419    406      0   Z-then-X    -0.36606
                                                   0.21115  0.00000  0.12482
                                                   0.22837
                                                   0.00000 -0.67206
                                                   0.02906  0.00000  0.44369

         406      410    410      0   Bisector    -0.00955
                                                   0.00000  0.00000 -0.11136
                                                  -0.18933
                                                   0.00000  0.01597
                                                   0.00000  0.00000  0.17336

         419      413    406      0   Z-then-X     0.15050
                                                  -0.04202  0.00000 -0.06836
                                                   0.30397
                                                   0.00000 -0.25821
                                                   0.04659  0.00000 -0.04576

         404      418    402      0   Z-then-X    -0.13755
                                                  -0.08607  0.00000 -0.04919
                                                  -0.11285
                                                   0.00000 -0.41627
                                                  -0.00570  0.00000  0.52912

         416      417    402      0   Z-then-X    -0.28753
                                                   0.26772  0.00000  0.00054
                                                   0.07605
                                                   0.00000 -0.81669
                                                  -0.44199  0.00000  0.74064

         401      426    416      0   Z-then-X     0.79782
                                                   0.20746  0.00000  0.37810
                                                  -0.03538
                                                   0.00000  0.04938
                                                  -0.77156  0.00000 -0.01400

         402      427    416      0   Z-then-X     0.18029
                                                   0.33508  0.00000 -0.22880
                                                   0.24206
                                                   0.00000 -0.47368
                                                  -0.34882  0.00000  0.23162

         414      407    407      0   Bisector    -0.11395
                                                   0.00000  0.00000  0.30423
                                                   0.46208
                                                   0.00000  0.08732
                                                   0.00000  0.00000 -0.54940

         407      425    415      0   Z-then-X    -0.07468
                                                  -0.11896  0.00000  0.05770
                                                   0.04075
                                                   0.00000 -0.06238
                                                  -0.05101  0.00000  0.02163

         415      423    412      0   Z-then-X     0.07623
                                                  -0.02344  0.00000 -0.07171
                                                  -0.18757
                                                   0.00000 -0.40409
                                                  -0.03673  0.00000  0.59166

         412      415    415      0   Bisector    -0.03741
                                                   0.00000  0.00000 -0.03278
                                                   0.23819
                                                   0.00000 -0.19836
                                                   0.00000  0.00000 -0.03983

         410      420    408      0   Z-then-X    -0.05457
                                                  -0.05909  0.00000  0.18158
                                                   0.09190
                                                   0.00000 -0.13358
                                                   0.00851  0.00000  0.04168

         408      421    409      0   Z-then-X     0.07129
                                                  -0.11551  0.00000  0.05497
                                                  -0.44173
                                                   0.00000 -0.55975
                                                   0.11475  0.00000  1.00148

         409      408    408      0   Bisector     0.13355
                                                   0.00000  0.00000  0.13875
                                                   0.11992
                                                   0.00000  0.40247
                                                   0.00000  0.00000 -0.52239

         417      416    402      0   Z-then-X     0.10354
                                                  -0.02158  0.00000 -0.19802
                                                   0.08819
                                                   0.00000 -0.04637
                                                  -0.02524  0.00000 -0.04182

         426      401    416      0   Z-then-X    -0.74142
                                                   0.11063  0.00000 -0.18425
                                                  -0.42692
                                                   0.00000  0.17720
                                                   0.17485  0.00000  0.24972

         425      407    415      0   Z-then-X     0.02516
                                                   0.01909  0.00000 -0.15119
                                                   0.05050
                                                   0.00000  0.03066
                                                   0.01568  0.00000 -0.08116

         423      415    412      0   Z-then-X     0.00645
                                                   0.00439  0.00000 -0.09496
                                                   0.09971
                                                   0.00000 -0.06697
                                                   0.00577  0.00000 -0.03274

         424      412      0      0   Z-Only       0.00454
                                                   0.00000  0.00000 -0.16658
                                                   0.03262
                                                   0.00000  0.03262
                                                   0.00000  0.00000 -0.06524

         420      410    408      0   Z-then-X     0.03640
                                                  -0.02242  0.00000 -0.17528
                                                   0.21163
                                                   0.00000 -0.09444
                                                   0.03115  0.00000 -0.11719

         421      408    409      0   Z-then-X    -0.00436
                                                   0.03126  0.00000 -0.09264
                                                   0.07307
                                                   0.00000 -0.08005
                                                   0.00977  0.00000  0.00698

         411      422    422      0   Bisector    -0.31684
                                                   0.00000  0.00000  0.36037
                                                   0.58476
                                                   0.00000 -1.02178
                                                   0.00000  0.00000  0.43702

         418      404    402      0   Z-then-X     0.04259
                                                   0.02483  0.00000 -0.17338
                                                   0.18997
                                                   0.00000 -0.04483
                                                   0.04865  0.00000 -0.14514

         427      402    416      0   Z-then-X     0.02618
                                                  -0.01871  0.00000 -0.19104
                                                   0.13299
                                                   0.00000 -0.01346
                                                   0.00374  0.00000 -0.11953

         422      411    422      0   Z-then-X     0.10108
                                                  -0.03571  0.00000 -0.14933
                                                  -0.07847
                                                   0.00000  0.11251
                                                   0.03167  0.00000 -0.03404

 Additional Atomic Dipole Polarizability Parameters :

     Atom Type           Alpha       Thole     Group Atom Types

         405             2.064       0.390         404  401
         403             1.415       0.390
         413             1.185       0.390         419
         406             2.064       0.390         410
         419             0.457       0.390         413
         404             2.064       0.390         405  402  418
         416             1.243       0.390         401  402  417
         401             2.064       0.390         405  416  426
         402             2.064       0.390         404  416  427
         414             2.064       0.390         407
         407             2.064       0.390         414  415  425
         415             2.064       0.390         407  412  423
         412             2.064       0.390         415  424
         410             2.064       0.390         406  408  420
         408             2.064       0.390         410  409  421
         409             2.064       0.390         408
         417             0.457       0.390         416
         426             0.914       0.390         401
         425             0.432       0.390         407
         423             0.432       0.390         415
         424             0.432       0.390         412
         420             0.432       0.390         410
         421             0.432       0.390         408
         411             1.185       0.390         422
         418             0.432       0.390         404
         427             0.432       0.390         402
         422             0.457       0.390         411

 Additional van der Waals Parameters :

     Atom Class               Size        Epsilon        Reduction

         405                4.1200         0.1010          0.000
         403                3.8200         0.1060          0.000
         404                3.8200         0.1060          0.000
         401                3.8200         0.1060          0.000
         402                3.8200         0.1060          0.000
         418                2.8000         0.0260          0.910
         427                2.8000         0.0260          0.910
         426                3.3000         0.1120          0.000
         413                3.7100         0.1100          0.000
         416                3.7100         0.1100          0.000
         419                2.5900         0.0220          0.900
         417                2.5900         0.0220          0.900
         412                3.7800         0.1060          0.000
         414                3.8000         0.0910          0.000
         407                3.8000         0.0910          0.000
         415                3.8000         0.0910          0.000
         408                3.8000         0.0910          0.000
         409                3.8000         0.0910          0.000
         423                2.9800         0.0260          0.920
         424                2.9800         0.0260          0.920
         420                2.9800         0.0260          0.920
         421                2.9800         0.0260          0.920
         410                3.8000         0.1010          0.000
         411                3.7100         0.1100          0.000
         422                2.5900         0.0220          0.900
         406                3.6500         0.1010          0.000
         425                2.6550         0.0135          0.910

 Additional Solvation Parameters :

     Atom Type                PB Size     CS Size     GK Size

         425             2.5740      2.7580      2.9054
         423             2.5740      2.7580      2.9054
         424             2.5740      2.7580      2.9054
         420             2.5740      2.7580      2.9054
         421             2.5740      2.7580      2.9054
         418             2.5740      2.7580      2.9054
         427             2.5740      2.7580      2.9054
         419             2.9089      2.8360      3.5214
         417             3.6491      3.4040      2.9894
         422             2.9089      2.8360      3.5214
         407             3.8585      3.7660      3.8448
         410             3.8286      3.8930      4.5084
         408             3.8286      3.8930      4.5084
         401             2.9301      4.5060      4.2118
         406             3.8286      3.8930      4.5084
         414             3.6909      3.7660      4.4258
         415             3.8286      3.8930      4.5084
         412             3.8286      3.8930      4.5084
         409             3.6909      3.7660      4.4258
         405             2.9301      4.5060      4.2118
         403             2.9301      4.5060      4.2118
         404             2.9301      4.5060      4.2118
         402             2.9301      4.5060      4.2118
         416             2.8836      2.9900      3.2180
         413             3.7100      3.4980      3.7307
         411             3.4243      3.4910      4.2676
         426             2.9835      3.3560      2.9616

 Limited Memory BFGS Quasi-Newton Optimization :

 QN Iter     F Value      G RMS      F Move   X Move   Angle  FG Call  Comment

     0      180.6628   235.9988                                   1
     1       59.7519    90.9739    120.9109   0.0302    0.00      3    Success 
     2       36.5446    46.7141     23.2074   0.0106   20.91      4    Success 
     3       25.8984    22.6435     10.6462   0.0115   20.65      5    Success 
     4       22.8546    11.5639      3.0438   0.0065   29.14      6    Success 
     5       21.4322     9.1902      1.4224   0.0057   33.01      7    Success 
     6       19.8886     9.4073      1.5436   0.0089   39.91      8    Success 
     7       18.8285    12.5757      1.0600   0.0124   54.52      9    Success 
     8       18.0778     5.4757      0.7508   0.0043   55.47     10    Success 
     9       17.6550     5.0671      0.4228   0.0042   44.17     11    Success 
    10       17.1948     5.7955      0.4601   0.0059   56.63     12    Success 
    11       16.4676     6.2459      0.7272   0.0102   64.40     13    Success 
    12       15.9602    12.9404      0.5074   0.0176   68.45     14    Success 
    13       15.2187     6.6177      0.7415   0.0084   75.00     15    Success 
    14       14.6473     4.5129      0.5714   0.0094   68.13     16    Success 
    15       14.2149     5.3922      0.4324   0.0088   66.80     17    Success 
    16       13.5328     5.4170      0.6821   0.0142   71.70     18    Success 
    17       12.5822     6.9936      0.9506   0.0237   72.80     19    Success 
    18       11.8244     7.5247      0.7578   0.0355   77.71     20    Success 
    19       11.2549     3.3247      0.5696   0.0049   52.09     21    Success 
    20       10.8958     3.9164      0.3590   0.0067   50.82     22    Success 
    21       10.4415     4.4163      0.4543   0.0116   69.66     23    Success 
    22        9.8132     5.1267      0.6283   0.0204   73.70     24    Success 
    23        9.3586     8.1868      0.4546   0.0335   78.29     25    Success 
    24        8.9698     3.0309      0.3888   0.0049   62.21     26    Success 
    25        8.8081     3.2364      0.1617   0.0029   49.17     27    Success 
    26        8.5472     3.9089      0.2609   0.0069   66.16     28    Success 
    27        8.2085     4.6779      0.3388   0.0135   74.06     29    Success 
    28        7.7899     3.4911      0.4185   0.0202   78.51     30    Success 
    29        7.4628     4.0037      0.3271   0.0226   80.09     31    Success 
    30        7.0395     5.0362      0.4233   0.0201   76.96     32    Success 
    31        6.7582     6.7264      0.2814   0.0244   80.27     33    Success 
    32        6.4812     3.1573      0.2769   0.0034   59.90     34    Success 
    33        6.2950     2.9632      0.1862   0.0040   56.36     35    Success 
    34        6.0660     2.9565      0.2290   0.0096   72.53     36    Success 
    35        5.7333     3.3017      0.3327   0.0162   74.59     37    Success 
    36        5.5226     5.5818      0.2107   0.0231   75.99     38    Success 
    37        5.2817     3.2718      0.2409   0.0089   76.43     39    Success 
    38        5.1638     1.9168      0.1179   0.0049   69.97     40    Success 
    39        5.0773     1.7582      0.0865   0.0058   73.09     41    Success 
    40        4.9583     2.3331      0.1190   0.0060   62.73     42    Success 
    41        4.8182     2.5123      0.1401   0.0141   78.43     43    Success 
    42        4.6890     2.1116      0.1291   0.0102   78.36     44    Success 
    43        4.5128     2.7764      0.1762   0.0139   75.87     45    Success 
    44        4.2945     2.5074      0.2183   0.0187   79.86     46    Success 
    45        4.1179     4.9170      0.1766   0.0182   76.56     47    Success 
    46        3.9782     3.5815      0.1397   0.0086   77.68     48    Success 
    47        3.8846     2.1982      0.0937   0.0030   71.29     49    Success 
    48        3.7740     1.7272      0.1106   0.0060   71.25     50    Success 
    49        3.6482     1.9217      0.1258   0.0096   73.87     51    Success 
    50        3.5170     3.9234      0.1312   0.0186   78.75     52    Success 
    51        3.4142     2.7395      0.1028   0.0209   84.90     53    Success 
    52        3.3481     1.4701      0.0661   0.0045   78.41     54    Success 
    53        3.2858     1.4883      0.0624   0.0035   61.19     55    Success 
    54        3.2250     1.8749      0.0607   0.0047   71.08     56    Success 
    55        3.1792     3.5972      0.0459   0.0101   79.70     57    Success 
    56        3.1145     1.6033      0.0647   0.0056   82.78     58    Success 
    57        3.0765     1.1502      0.0380   0.0050   78.72     59    Success 
    58        3.0499     1.2971      0.0266   0.0036   77.12     60    Success 
    59        3.0047     1.4367      0.0452   0.0045   75.25     61    Success 
    60        2.9438     2.2627      0.0609   0.0079   77.29     62    Success 
    61        2.8526     1.7885      0.0913   0.0094   80.81     63    Success 
    62        2.7302     1.9183      0.1224   0.0156   80.16     64    Success 
    63        2.7130     5.0073      0.0171   0.0223   80.84     65    Success 
    64        2.6805     4.4482      0.0325   0.0005   67.13     66    Success 
    65        2.6217     3.5081      0.0589   0.0010   65.09     67    Success 
    66        2.5285     1.8547      0.0931   0.0024   66.79     68    Success 
    67        2.4583     1.2926      0.0702   0.0045   66.85     69    Success 
    68        2.4318     1.5445      0.0265   0.0031   77.63     70    Success 
    69        2.3913     1.6459      0.0405   0.0045   77.63     71    Success 
    70        2.3318     1.3363      0.0595   0.0097   81.88     72    Success 
    71        2.2690     1.2181      0.0628   0.0101   79.09     73    Success 
    72        2.2247     2.0374      0.0443   0.0131   79.41     74    Success 
    73        2.1640     1.1825      0.0607   0.0036   70.99     75    Success 
    74        2.1138     1.1088      0.0502   0.0034   59.67     76    Success 
    75        2.0703     1.4245      0.0435   0.0053   72.19     77    Success 
    76        2.0329     1.9483      0.0374   0.0097   79.97     78    Success 
    77        1.9961     1.0407      0.0368   0.0052   81.33     79    Success 
    78        1.9701     1.1031      0.0260   0.0041   76.44     80    Success 
    79        1.9440     2.2977      0.0261   0.0065   78.40     81    Success 
    80        1.9163     0.7664      0.0277   0.0054   83.63     82    Success 
    81        1.9046     0.6664      0.0117   0.0014   65.90     83    Success 
    82        1.8899     0.6545      0.0147   0.0031   73.29     84    Success 
    83        1.8831     1.0346      0.0068   0.0019   72.32     86    Success 
    84        1.8729     0.6009      0.0102   0.0025   81.63     87    Success 
    85        1.8625     0.5390      0.0104   0.0030   76.57     88    Success 
    86        1.8534     0.6285      0.0091   0.0025   76.01     89    Success 
    87        1.8390     0.7432      0.0144   0.0036   77.20     90    Success 
    88        1.8265     1.1413      0.0125   0.0060   79.62     91    Success 
    89        1.8107     0.6186      0.0158   0.0041   81.45     92    Success 
    90        1.8009     0.5931      0.0098   0.0019   69.25     93    Success 
    91        1.7916     0.9021      0.0093   0.0029   74.96     94    Success 
    92        1.7834     0.6151      0.0082   0.0027   81.23     95    Success 
    93        1.7769     0.4582      0.0065   0.0018   77.64     96    Success 
    94        1.7674     0.4404      0.0095   0.0031   75.37     97    Success 
    95        1.7569     0.7553      0.0105   0.0044   74.83     98    Success 
    96        1.7453     0.5614      0.0117   0.0045   81.70     99    Success 
    97        1.7319     0.5148      0.0134   0.0041   77.51    100    Success 
    98        1.7183     0.9106      0.0136   0.0058   75.58    101    Success 
    99        1.7080     0.7395      0.0103   0.0033   79.13    102    Success 
   100        1.7025     0.5073      0.0055   0.0008   64.99    103    Success 
   101        1.6988     0.3988      0.0038   0.0007   65.68    104    Success 
   102        1.6943     0.7199      0.0045   0.0016   70.78    105    Success 
   103        1.6899     0.4652      0.0044   0.0024   81.89    106    Success 
   104        1.6868     0.3515      0.0031   0.0009   75.77    107    Success 
   105        1.6824     0.2817      0.0044   0.0015   71.23    108    Success 
   106        1.6808     0.4558      0.0016   0.0008   68.38    110    Success 
   107        1.6790     0.2674      0.0019   0.0010   80.34    111    Success 
   108        1.6774     0.1797      0.0015   0.0008   73.76    112    Success 
   109        1.6759     0.2422      0.0016   0.0009   62.15    113    Success 
   110        1.6749     0.2561      0.0010   0.0006   67.71    114    Success 
   111        1.6741     0.1701      0.0008   0.0002   60.10    115    Success 
   112        1.6729     0.1521      0.0011   0.0005   57.67    116    Success 
   113        1.6725     0.2750      0.0004   0.0004   67.15    118    Success 
   114        1.6720     0.1778      0.0005   0.0004   81.27    119    Success 
   115        1.6715     0.1281      0.0005   0.0005   77.66    120    Success 
   116        1.6707     0.1377      0.0008   0.0007   71.23    121    Success 
   117        1.6700     0.1365      0.0007   0.0006   71.36    122    Success 
   118        1.6699     0.3662      0.0001   0.0010   72.34    123    Success 
   119        1.6697     0.3262      0.0002   0.0000   61.13    124    Success 
   120        1.6694     0.2563      0.0003   0.0001   64.44    125    Success 
   121        1.6688     0.1346      0.0005   0.0002   64.38    126    Success 
   122        1.6683     0.1143      0.0005   0.0004   62.71    127    Success 
   123        1.6681     0.1338      0.0002   0.0003   77.26    128    Success 
   124        1.6678     0.1317      0.0003   0.0004   78.49    129    Success 
   125        1.6675     0.2750      0.0003   0.0008   79.34    130    Success 
   126        1.6671     0.0967      0.0004   0.0006   84.11    131   SmallGrad

 LBFGS  --  Normal Termination due to SmallGrad

 Final Function Value :            1.66712122
 Final RMS Gradient :              0.09665987
 Final Gradient Norm :             0.57995924
