
     ######################################################################
   ##########################################################################
  ###                                                                      ###
 ###            Tinker  ---  Software Tools for Molecular Design            ###
 ##                                                                          ##
 ##                      Version 8.10.5   February 2023                      ##
 ##                                                                          ##
 ##               Copyright (c)  Jay William Ponder  1990-2023               ##
 ###                           All Rights Reserved                          ###
  ###                                                                      ###
   ##########################################################################
     ######################################################################


 Additional Atom Definition Parameters :

     Type  Class  Symbol  Description               Atomic    Mass   Valence

      401   401     N     7_11_Index_0                 7     14.007     3
      402   402     C     7_11_Index_0                 6     12.011     3
      403   403     C     7_11_Index_0                 6     12.011     3
      404   404     C     7_11_Index_0                 6     12.011     3
      405   405     C     7_11_Index_0                 6     12.011     3
      413   413     H     7_11_Index_0                 1      1.008     1
      406   406     C     7_11_Index_0                 6     12.011     3
      407   407     N     7_11_Index_0                 7     14.007     3
      408   408     C     7_11_Index_0                 6     12.011     3
      409   409     C     7_11_Index_0                 6     12.011     3
      410   410     C     7_11_Index_0                 6     12.011     3
      411   411     C     7_11_Index_0                 6     12.011     3
      414   414     H     7_11_Index_0                 1      1.008     1
      415   415     H     7_11_Index_0                 1      1.008     1
      412   412     O     7_11_Index_0                 8     15.999     1
      416   416     H     7_11_Index_0                 1      1.008     1
      417   417     H     7_11_Index_0                 1      1.008     1
      418   418     H     7_11_Index_0                 1      1.008     1
      419   419     H     7_11_Index_0                 1      1.008     1

 Additional Bond Stretching Parameters :

     Atom Classes             K(S)         Length

       402 405             485.446         1.3800
       406 409             485.446         1.3600
       412 408             558.795         1.2500
       401 402             349.116         1.3600
       418 406             359.967         1.0800
       403 402             287.759         1.4700
       405 406             225.133         1.4500
       405 408             378.553         1.4700
       413 401             451.428         1.0200
       415 407             470.188         1.0100
       404 403             379.094         1.4000
       411 410             379.094         1.4000
       414 404             368.093         1.0900
       416 410             368.093         1.0900
       410 404             379.094         1.3900
       408 407             363.157         1.3800
       409 407             316.061         1.4000
       419 409             365.162         1.0800
       417 411             368.093         1.0900

 Additional In-Plane Angle Bending Parameters :

     Atom Classes             K(B)          Angle

     401 402 403            46.257        116.420
     401 402 405            45.188        120.770
     402 405 406            64.303        129.454
     402 405 408            45.446        121.540
     403 402 405            39.959        122.700
     405 406 409            35.227        107.090
     405 408 407            67.915        104.520
     406 405 408            46.870        107.590
     406 409 407            45.914        109.660
     406 409 419            58.516        129.880
     408 407 409            47.799        111.090
     409 406 418            63.457        125.860
     407 408 412           109.448        124.139
     405 406 418            63.217        126.990
     412 408 405            49.490        132.260
     413 401 402            51.541        116.100
     415 407 408            47.179        122.370
     415 407 409            37.409        126.360
     413 401 413            33.456        119.883
     417 411 410            36.770        120.100
     410 404 403            74.631        120.060
     404 403 404            74.631        119.550
     411 410 404            74.631        120.260
     410 411 410            74.631        119.810
     414 404 403            36.770        119.330
     414 404 410            36.770        120.590
     416 410 411            36.770        120.010
     402 403 404            83.613        120.220
     404 410 416            36.770        119.730
     419 409 407            33.508        120.460

 Additional Stretch-Bend Parameters :

     Atom Classes          K(SB)-1        K(SB)-2

     401 402 403             5.713          5.713
     401 402 405             5.713          5.713
     402 405 406            10.504         10.504
     402 405 408            13.990         13.990
     403 402 405             5.713          5.713
     405 406 409             6.096          6.096
     405 408 407             8.175          8.175
     406 405 408            10.504         10.504
     406 409 407             5.713          5.713
     406 409 419            34.200         34.200
     408 407 409            10.268         10.268
     409 406 418            34.200         34.200
     407 408 412            25.988         25.988
     405 406 418             7.629          7.629
     412 408 405             7.957          7.957
     413 401 402            10.880         10.880
     415 407 408             9.932          9.932
     415 407 409            11.085         11.085
     417 411 410            20.453         20.453
     410 404 403            20.453         20.453
     404 403 404            20.453         20.453
     411 410 404            20.453         20.453
     410 411 410            20.453         20.453
     414 404 403            20.453         20.453
     414 404 410            20.453         20.453
     416 410 411            20.453         20.453
     402 403 404            20.453         20.453
     404 410 416            20.453         20.453
     419 409 407            34.200         34.200

 Additional Torsional Parameters :

     Atom Classes     1-Fold    2-Fold    3-Fold    4-Fold    5-Fold    6-Fold

   404 403 402 401   0.00   0  0.00 180  0.00   0  0.00   0  0.00   0  0.00   0
   406 405 402 401   0.00   0  0.00 180  0.30   0  0.00   0  0.00   0  0.00   0
   408 405 402 401   0.00   0  0.00 180  0.30   0  0.00   0  0.00   0  0.00   0
   409 406 405 402  -0.67   0  6.29 180  0.00   0  0.00   0  0.00   0  0.00   0
   418 406 405 402   0.55   0  6.19 180 -0.55   0  0.00   0  0.00   0  0.00   0
   407 408 405 402  -0.67   0  6.29 180  0.00   0  0.00   0  0.00   0  0.00   0
   412 408 405 402  -0.67   0  6.29 180  0.00   0  0.00   0  0.00   0  0.00   0
   413 401 402 403   0.00   0  0.00 180  0.30   0  0.00   0  0.00   0  0.00   0
   406 405 402 403   0.00   0  0.00 180  0.30   0  0.00   0  0.00   0  0.00   0
   408 405 402 403   0.00   0  0.00 180  0.30   0  0.00   0  0.00   0  0.00   0
   407 409 406 405  -0.67   0  6.29 180  0.00   0  0.00   0  0.00   0  0.00   0
   419 409 406 405   0.55   0  6.19 180 -0.55   0  0.00   0  0.00   0  0.00   0
   413 401 402 405   0.00   0  0.00 180  0.30   0  0.00   0  0.00   0  0.00   0
   409 407 408 405  -0.67   0  6.29 180  0.00   0  0.00   0  0.00   0  0.00   0
   415 407 408 405   0.55   0  6.19 180 -0.55   0  0.00   0  0.00   0  0.00   0
   407 408 405 406  -0.67   0  6.29 180  0.00   0  0.00   0  0.00   0  0.00   0
   412 408 405 406  -0.67   0  6.29 180  0.00   0  0.00   0  0.00   0  0.00   0
   408 407 409 406  -0.67   0  6.29 180  0.00   0  0.00   0  0.00   0  0.00   0
   415 407 409 406   0.55   0  6.19 180 -0.55   0  0.00   0  0.00   0  0.00   0
   418 406 409 407   0.55   0  6.19 180 -0.55   0  0.00   0  0.00   0  0.00   0
   409 406 405 408  -0.67   0  6.29 180  0.00   0  0.00   0  0.00   0  0.00   0
   418 406 405 408   0.55   0  6.19 180 -0.55   0  0.00   0  0.00   0  0.00   0
   419 409 407 408   0.55   0  6.19 180 -0.55   0  0.00   0  0.00   0  0.00   0
   412 408 407 409  -0.67   0  6.29 180  0.00   0  0.00   0  0.00   0  0.00   0
   419 409 406 418   0.00   0  6.36 180  0.00   0  0.00   0  0.00   0  0.00   0
   415 407 409 419   0.00   0  6.36 180  0.00   0  0.00   0  0.00   0  0.00   0
   415 407 408 412   0.55   0  6.19 180 -0.55   0  0.00   0  0.00   0  0.00   0
   411 410 404 403  -0.67   0  6.29 180  0.00   0  0.00   0  0.00   0  0.00   0
   410 404 403 404  -0.67   0  7.43 180  0.00   0  0.00   0  0.00   0  0.00   0
   410 411 410 404  -0.67   0  6.29 180  0.00   0  0.00   0  0.00   0  0.00   0
   416 410 404 403   0.55   0  6.82 180 -0.55   0  0.00   0  0.00   0  0.00   0
   414 404 403 404   0.55   0  7.96 180 -0.55   0  0.00   0  0.00   0  0.00   0
   417 411 410 404   0.55   0  6.82 180 -0.55   0  0.00   0  0.00   0  0.00   0
   416 410 411 410   0.55   0 11.38 180 -0.55   0  0.00   0  0.00   0  0.00   0
   414 404 410 411   0.55   0 11.38 180 -0.55   0  0.00   0  0.00   0  0.00   0
   402 403 404 410  -0.67   0  6.29 180  0.00   0  0.00   0  0.00   0  0.00   0
   416 410 404 414   0.00   0  6.36 180  0.00   0  0.00   0  0.00   0  0.00   0
   417 411 410 416   0.00   0  6.36 180  0.00   0  0.00   0  0.00   0  0.00   0
   402 403 404 414   0.55   0  6.19 180 -0.55   0  0.00   0  0.00   0  0.00   0
   405 402 403 404   0.00   0  0.00 180  0.00   0  0.00   0  0.00   0  0.00   0
   404 403 402 405   0.00   0  0.00 180  0.00   0  0.00   0  0.00   0  0.00   0

 Additional Atomic Multipole Parameters :

     Atom Type     Coordinate Frame Definition         Multipole Moments

         401      402    413      0   Z-then-X    -0.35488
                                                   0.06976  0.00000 -0.07868
                                                   0.42144
                                                   0.00000 -0.44918
                                                  -0.07573  0.00000  0.02774

         402      401    405      0   Z-then-X     0.35969
                                                  -0.24197  0.00000  0.17910
                                                  -0.84359
                                                   0.00000  0.59435
                                                   0.31736  0.00000  0.24924

         403      404    404      0   Bisector    -0.09481
                                                   0.00000  0.00000  0.10305
                                                   0.25995
                                                   0.00000  0.10274
                                                   0.00000  0.00000 -0.36269

         404      403    410      0   Z-then-X    -0.08231
                                                  -0.09937  0.00000 -0.02452
                                                  -0.02149
                                                   0.00000 -0.06688
                                                  -0.16068  0.00000  0.08837

         405      408    402      0   Z-then-X    -0.18082
                                                  -0.10261  0.00000 -0.19412
                                                   0.30974
                                                   0.00000 -0.07284
                                                   0.28458  0.00000 -0.23690

         413      401    402      0   Z-then-X     0.18251
                                                   0.07039  0.00000 -0.24035
                                                   0.24648
                                                   0.00000 -0.00057
                                                   0.06789  0.00000 -0.24591

         406      405    409      0   Z-then-X    -0.17235
                                                  -0.02991  0.00000  0.03974
                                                   0.36384
                                                   0.00000 -0.30408
                                                   0.42174  0.00000 -0.05976

         407      408    409      0   Z-then-X    -0.24565
                                                   0.21614  0.00000 -0.10534
                                                   0.82641
                                                   0.00000 -0.80024
                                                   0.18646  0.00000 -0.02617

         408      412    407      0   Z-then-X     0.84564
                                                  -0.04432  0.00000  0.26585
                                                   0.10371
                                                   0.00000 -0.17705
                                                  -0.49651  0.00000  0.07334

         409      407    406      0   Z-then-X     0.12345
                                                   0.00629  0.00000  0.40727
                                                  -0.14114
                                                   0.00000 -0.52124
                                                   0.06703  0.00000  0.66238

         410      404    411      0   Z-then-X     0.08254
                                                   0.16748  0.00000  0.12852
                                                   0.43053
                                                   0.00000 -0.41071
                                                   0.36260  0.00000 -0.01982

         411      410    410      0   Bisector    -0.02798
                                                   0.00000  0.00000 -0.05976
                                                   0.24695
                                                   0.00000 -0.17239
                                                   0.00000  0.00000 -0.07456

         414      404    403      0   Z-then-X     0.02501
                                                  -0.00787  0.00000 -0.15168
                                                   0.07187
                                                   0.00000  0.01072
                                                   0.02344  0.00000 -0.08259

         415      407    408      0   Z-then-X     0.09935
                                                   0.05787  0.00000 -0.23924
                                                   0.09432
                                                   0.00000  0.03180
                                                   0.04915  0.00000 -0.12612

         412      408    407      0   Z-then-X    -0.83685
                                                   0.12507  0.00000 -0.14412
                                                  -0.58802
                                                   0.00000  0.29990
                                                   0.07353  0.00000  0.28812

         416      410    404      0   Z-then-X     0.01036
                                                  -0.00117  0.00000 -0.13631
                                                   0.09503
                                                   0.00000 -0.00061
                                                  -0.00166  0.00000 -0.09442

         417      411    410      0   Z-then-X     0.00777
                                                  -0.01269  0.00000 -0.17316
                                                   0.08372
                                                   0.00000  0.01292
                                                  -0.04650  0.00000 -0.09664

         418      406    405      0   Z-then-X     0.01823
                                                  -0.00159  0.00000 -0.16909
                                                   0.16140
                                                   0.00000 -0.03781
                                                   0.02163  0.00000 -0.12359

         419      409    407      0   Z-then-X     0.02299
                                                  -0.00791  0.00000 -0.20058
                                                   0.16994
                                                   0.00000 -0.01636
                                                   0.02220  0.00000 -0.15358

 Additional Charge Penetration Parameters :

     Atom Class           Core Chg           Damp

         401                 0.000         0.0000
         402                 0.000         0.0000
         403                 0.000         0.0000
         404                 0.000         0.0000
         405                 0.000         0.0000
         413                 0.000         0.0000
         406                 0.000         0.0000
         407                 0.000         0.0000
         408                 0.000         0.0000
         409                 0.000         0.0000
         410                 0.000         0.0000
         411                 0.000         0.0000
         414                 0.000         0.0000
         415                 0.000         0.0000
         412                 0.000         0.0000
         416                 0.000         0.0000
         417                 0.000         0.0000
         418                 0.000         0.0000
         419                 0.000         0.0000

 Additional Atomic Dipole Polarizability Parameters :

     Atom Type           Alpha       Thole     Group Atom Types

         401             1.185       0.390         413
         402             2.065       0.390
         403             1.600       0.390         404
         404             1.600       0.390         403  410  414
         405             2.065       0.390         406  408
         413             0.457       0.390         401
         406             2.065       0.390         405  409  418
         407             1.243       0.390         408  409  415
         408             1.600       0.390         405  407  412
         409             2.065       0.390         406  407  419
         410             1.600       0.390         404  411  416
         411             1.600       0.390         410  417
         414             0.432       0.390         404
         415             0.457       0.390         407
         412             0.914       0.390         408
         416             0.432       0.390         410
         417             0.432       0.390         411
         418             0.432       0.390         406
         419             0.432       0.390         409

 Additional van der Waals Parameters :

     Atom Class               Size        Epsilon        Reduction

         419                2.9300         0.0260          0.910
         418                2.9800         0.0240          0.920
         402                3.8200         0.1010          0.000
         408                3.8200         0.1060          0.000
         412                3.3000         0.1120          0.000
         401                3.7100         0.1100          0.000
         407                3.7100         0.1050          0.000
         413                2.5900         0.0220          0.900
         415                2.6500         0.0200          0.890
         409                3.8200         0.1010          0.000
         414                2.9800         0.0260          0.920
         416                2.9800         0.0260          0.920
         417                2.9800         0.0260          0.920
         405                3.8200         0.1010          0.000
         406                3.8200         0.1010          0.000
         403                3.8000         0.0910          0.000
         404                3.8000         0.0910          0.000
         410                3.8000         0.0910          0.000
         411                3.8000         0.0910          0.000

 Additional Solvation Parameters :

     Atom Type                PB Size     CS Size     GK Size

         419             2.5740      2.7580      2.9054
         417             3.0020      2.6350      3.3763
         413             2.9089      2.8360      3.5214
         415             3.6491      3.4040      2.9894
         404             3.8585      3.7660      3.8448
         408             3.3967      3.2550      4.7385
         411             3.8286      3.8930      4.5084
         410             3.8286      3.8930      4.5084
         409             2.9301      4.5060      4.2118
         403             3.6909      3.7660      4.4258
         407             2.8836      2.9900      3.2180
         401             3.7100      3.4980      3.7307
         412             2.9835      3.3560      2.9616

 Limited Memory BFGS Quasi-Newton Optimization :

 QN Iter     F Value      G RMS      F Move   X Move   Angle  FG Call  Comment

     0      443.6546   858.5677                                   1
     1      232.6116   370.4874    211.0430   0.0191    0.00      3    Success 
     2      173.3763   257.1202     59.2353   0.0091   23.50      4    Success 
     3       91.6937   163.9202     81.6826   0.0214   26.00      5    Success 
     4       40.3140   130.0455     51.3798   0.0239   37.52      6    Success 
     5       16.0863    32.3950     24.2277   0.0215   49.01      7    Success 
     6       14.5497    25.5276      1.5365   0.0047   39.06      8    Success 
     7       13.6571    21.1162      0.8926   0.0027   48.99      9    Success 
     8       12.3162    18.0778      1.3409   0.0052   47.67     10    Success 
     9       11.1392    11.4934      1.1770   0.0081   55.69     11    Success 
    10       10.4905    11.2482      0.6487   0.0052   52.03     12    Success 
    11        9.5611    14.4130      0.9295   0.0088   58.55     13    Success 
    12        8.3916    16.3044      1.1695   0.0136   68.81     14    Success 
    13        7.5685    13.5863      0.8231   0.0134   74.82     15    Success 
    14        7.1102     9.0866      0.4583   0.0061   72.08     16    Success 
    15        6.6685    11.1736      0.4417   0.0065   62.16     17    Success 
    16        6.2680    10.5296      0.4005   0.0057   71.12     18    Success 
    17        5.6331     8.8731      0.6349   0.0099   71.38     19    Success 
    18        4.7072     8.4424      0.9259   0.0184   71.05     20    Success 
    19        3.7821     7.9408      0.9251   0.0215   73.12     21    Success 
    20        2.7836     8.5188      0.9985   0.0245   72.71     22    Success 
    21        1.9960    17.7030      0.7876   0.0336   73.90     23    Success 
    22        1.3968     8.3856      0.5992   0.0051   66.69     24    Success 
    23        0.9991     5.8216      0.3977   0.0066   61.43     25    Success 
    24        0.7660    21.1153      0.2331   0.0103   68.12     26    Success 
    25        0.5002     9.8530      0.2658   0.0039   80.13     27    Success 
    26        0.2146     8.1742      0.2856   0.0114   80.17     28    Success 
    27        0.0751     8.5594      0.1395   0.0055   80.78     29    Success 
    28       -0.1620     9.9104      0.2371   0.0081   80.32     30    Success 
    29       -0.4128    15.8264      0.2508   0.0136   81.60     31    Success 
    30       -0.7800     9.7019      0.3672   0.0125   83.95     32    Success 
    31       -1.1560     8.1561      0.3761   0.0151   81.84     33    Success 
    32       -1.7092    11.0122      0.5531   0.0204   79.35     34    Success 
    33       -2.3787    15.2743      0.6696   0.0338   82.89     35    Success 
    34       -3.1782    15.0628      0.7995   0.0318   83.41     36    Success 
    35       -3.9771    11.2649      0.7989   0.0151   78.88     37    Success 
    36       -4.9616    14.4693      0.9845   0.0307   78.91     38    Success 
    37       -5.8851    13.5231      0.9235   0.0183   75.82     39    Success 
    38       -6.8103    21.1379      0.9252   0.0287   79.67     40    Success 
    39       -7.8101    12.8608      0.9998   0.0275   84.13     41    Success 
    40       -8.6344     9.4107      0.8244   0.0202   78.45     42    Success 
    41       -9.2588    12.0476      0.6243   0.0262   81.90     43    Success 
    42      -10.0609    13.9447      0.8022   0.0156   73.98     44    Success 
    43      -11.1344    15.3957      1.0734   0.0384   82.83     45    Success 
    44      -11.4402    33.6800      0.3058   0.0328   79.78     46    Success 
    45      -11.9528    22.3791      0.5126   0.0068   83.65     47    Success 
    46      -12.5184     5.8786      0.5656   0.0148   82.61     48    Success 
    47      -12.5972    12.3574      0.0788   0.0036   73.78     49    Success 
    48      -12.7020    11.7501      0.1048   0.0028   81.43     50    Success 
    49      -12.8907     9.8134      0.1887   0.0044   80.33     51    Success 
    50      -13.2157     6.7707      0.3250   0.0104   81.17     52    Success 
    51      -13.7054     5.5872      0.4898   0.0232   80.07     53    Success 
    52      -13.9501    25.0075      0.2447   0.0308   79.92     54    Success 
    53      -14.2724    11.8092      0.3222   0.0146   86.80     55    Success 
    54      -14.4846     7.1890      0.2122   0.0075   82.42     56    Success 
    55      -14.6966     6.0469      0.2120   0.0121   80.89     57    Success 
    56      -14.8451     5.0819      0.1485   0.0046   73.51     58    Success 
    57      -15.0746     4.1944      0.2295   0.0104   76.49     59    Success 
    58      -15.3757     6.6636      0.3011   0.0136   70.43     60    Success 
    59      -15.4345    14.3975      0.0588   0.0211   82.20     61    Success 
    60      -15.5381    11.1510      0.1037   0.0015   76.51     62    Success 
    61      -15.6979     5.7106      0.1598   0.0021   68.25     63    Success 
    62      -15.8129     3.4684      0.1149   0.0041   70.45     64    Success 
    63      -15.8663     3.8586      0.0534   0.0020   67.35     65    Success 
    64      -15.9579     3.9681      0.0916   0.0046   75.39     66    Success 
    65      -16.0457     7.0762      0.0878   0.0066   73.03     67    Success 
    66      -16.1643     3.3799      0.1185   0.0075   82.11     68    Success 
    67      -16.2328     2.6634      0.0685   0.0040   73.67     69    Success 
    68      -16.3274     3.6179      0.0946   0.0059   69.19     70    Success 
    69      -16.4191     5.7778      0.0917   0.0058   72.47     71    Success 
    70      -16.4409     5.0671      0.0218   0.0033   84.49     73    Success 
    71      -16.4780     4.1181      0.0371   0.0013   74.12     74    Success 
    72      -16.5384     2.7531      0.0604   0.0025   72.51     75    Success 
    73      -16.6200     2.6246      0.0817   0.0058   71.77     76    Success 
    74      -16.6580     7.8633      0.0380   0.0054   74.46     77    Success 
    75      -16.7100     3.5916      0.0520   0.0044   84.74     78    Success 
    76      -16.7500     2.8057      0.0400   0.0025   75.05     79    Success 
    77      -16.7854     2.7752      0.0354   0.0024   72.88     80    Success 
    78      -16.8424     2.6848      0.0571   0.0037   73.50     81    Success 
    79      -16.9302     2.3678      0.0878   0.0064   73.86     82    Success 
    80      -17.0015     5.9122      0.0712   0.0138   77.06     83    Success 
    81      -17.0665     2.0783      0.0651   0.0065   82.62     84    Success 
    82      -17.0921     1.7510      0.0256   0.0019   69.65     85    Success 
    83      -17.1252     2.1573      0.0331   0.0045   74.37     86    Success 
    84      -17.1396     4.7195      0.0144   0.0076   80.39     87    Success 
    85      -17.1631     2.9027      0.0235   0.0007   69.64     88    Success 
    86      -17.1968     1.4672      0.0337   0.0026   74.81     89    Success 
    87      -17.2249     2.1393      0.0281   0.0042   74.88     90    Success 
    88      -17.2600     2.6397      0.0352   0.0058   80.61     91    Success 
    89      -17.2704     2.8035      0.0103   0.0038   85.04     93    Success 
    90      -17.2873     2.0643      0.0170   0.0025   83.06     94    Success 
    91      -17.3131     1.3966      0.0258   0.0042   80.53     95    Success 
    92      -17.3211     3.8088      0.0080   0.0020   76.12     97    Success 
    93      -17.3340     2.6884      0.0129   0.0022   85.38     98    Success 
    94      -17.3520     1.6264      0.0180   0.0034   83.29     99    Success 
    95      -17.3666     1.9491      0.0146   0.0029   79.94    100    Success 
    96      -17.3832     2.4257      0.0166   0.0041   81.27    101    Success 
    97      -17.3988     3.5389      0.0156   0.0028   78.41    102    Success 
    98      -17.4146     2.0373      0.0159   0.0006   69.25    103    Success 
    99      -17.4384     1.7233      0.0238   0.0017   67.36    104    Success 
   100      -17.4597     2.8199      0.0212   0.0032   76.80    105    Success 
   101      -17.4831     2.9318      0.0234   0.0041   83.94    106    Success 
   102      -17.5217     2.8193      0.0386   0.0055   83.06    107    Success 
   103      -17.5417     5.2344      0.0200   0.0085   82.25    108    Success 
   104      -17.5737     3.2178      0.0320   0.0026   82.85    109    Success 
   105      -17.6042     1.2582      0.0305   0.0040   80.51    110    Success 
   106      -17.6160     1.4289      0.0119   0.0017   74.81    111    Success 
   107      -17.6369     1.5094      0.0208   0.0029   76.04    112    Success 
   108      -17.6636     2.6433      0.0268   0.0045   75.25    113    Success 
   109      -17.6992     1.7119      0.0356   0.0075   83.55    114    Success 
   110      -17.7151     4.1593      0.0159   0.0059   81.27    115    Success 
   111      -17.7359     1.5641      0.0208   0.0035   84.76    116    Success 
   112      -17.7502     1.4084      0.0143   0.0012   64.85    117    Success 
   113      -17.7692     1.6216      0.0190   0.0022   69.54    118    Success 
   114      -17.7762     3.7268      0.0070   0.0016   77.12    120    Success 
   115      -17.7875     2.5002      0.0114   0.0016   84.48    121    Success 
   116      -17.8028     1.1067      0.0153   0.0034   83.62    122    Success 
   117      -17.8109     1.0543      0.0081   0.0022   79.21    123    Success 
   118      -17.8211     1.0608      0.0102   0.0021   74.91    124    Success 
   119      -17.8238     2.3663      0.0027   0.0008   74.12    126    Success 
   120      -17.8285     1.8847      0.0047   0.0006   80.82    127    Success 
   121      -17.8362     1.2056      0.0076   0.0011   78.83    128    Success 
   122      -17.8465     1.0924      0.0104   0.0023   76.68    129    Success 
   123      -17.8544     1.3743      0.0079   0.0019   78.38    130    Success 
   124      -17.8672     1.4197      0.0128   0.0029   80.62    131    Success 
   125      -17.8840     1.6610      0.0167   0.0049   81.14    132    Success 
   126      -17.8886     2.6288      0.0046   0.0057   81.53    133    Success 
   127      -17.8959     1.4818      0.0073   0.0007   77.32    134    Success 
   128      -17.9012     0.5248      0.0052   0.0012   77.69    135    Success 
   129      -17.9025     0.5862      0.0013   0.0002   58.77    136    Success 
   130      -17.9048     0.5724      0.0023   0.0004   64.75    137    Success 
   131      -17.9075     1.1385      0.0027   0.0011   72.31    138    Success 
   132      -17.9114     0.7603      0.0039   0.0014   81.86    139    Success 
   133      -17.9128     0.8785      0.0014   0.0009   79.90    141    Success 
   134      -17.9146     0.4423      0.0018   0.0014   84.83    142    Success 
   135      -17.9158     0.5725      0.0012   0.0008   79.48    143    Success 
   136      -17.9171     0.9232      0.0012   0.0009   78.56    144    Success 
   137      -17.9186     0.6186      0.0015   0.0008   81.43    145    Success 
   138      -17.9197     0.5422      0.0011   0.0003   73.28    146    Success 
   139      -17.9216     0.3701      0.0019   0.0007   75.52    147    Success 
   140      -17.9240     0.3377      0.0024   0.0015   73.54    148    Success 
   141      -17.9249     1.0370      0.0009   0.0013   76.12    149    Success 
   142      -17.9259     0.7397      0.0010   0.0007   84.21    150    Success 
   143      -17.9268     0.6641      0.0008   0.0002   73.05    151    Success 
   144      -17.9281     0.3947      0.0013   0.0007   80.76    152    Success 
   145      -17.9293     0.3004      0.0012   0.0011   80.13    153    Success 
   146      -17.9302     0.3654      0.0009   0.0008   77.58    154    Success 
   147      -17.9311     0.2425      0.0010   0.0012   80.55    155    Success 
   148      -17.9316     0.4775      0.0005   0.0007   72.29    156    Success 
   149      -17.9320     0.1852      0.0004   0.0002   75.52    157    Success 
   150      -17.9321     0.1560      0.0002   0.0001   65.53    158    Success 
   151      -17.9323     0.1730      0.0002   0.0001   65.51    159    Success 
   152      -17.9325     0.1734      0.0002   0.0002   71.93    160    Success 
   153      -17.9326     0.4819      0.0001   0.0006   78.23    161    Success 
   154      -17.9327     0.3852      0.0001   0.0001   82.47    162    Success 
   155      -17.9328     0.1974      0.0001   0.0001   81.50    163    Success 
   156      -17.9329     0.0812      0.0001   0.0002   78.87    164   SmallGrad

 LBFGS  --  Normal Termination due to SmallGrad

 Final Function Value :          -17.93290386
 Final RMS Gradient :              0.08121706
 Final Gradient Norm :             0.39788072
