
     ######################################################################
   ##########################################################################
  ###                                                                      ###
 ###            Tinker  ---  Software Tools for Molecular Design            ###
 ##                                                                          ##
 ##                       Version 8.10.1  October 2021                       ##
 ##                                                                          ##
 ##               Copyright (c)  Jay William Ponder  1990-2021               ##
 ###                           All Rights Reserved                          ###
  ###                                                                      ###
   ##########################################################################
     ######################################################################


 Additional Atom Definition Parameters :

     Type  Class  Symbol  Description               Atomic    Mass   Valence

      401   401     O     ethanol                      8     15.999     2
      402   402     C     ethanol                      6     12.011     4
      403   403     C     ethanol                      6     12.011     4
      404   404     H     ethanol                      1      1.008     1
      405   405     H     ethanol                      1      1.008     1
      406   406     H     ethanol                      1      1.008     1

 Additional Bond Stretching Parameters :

     Atom Classes             K(S)         Length

       401 402             216.835         1.4268
       401 406             520.696         0.9717
       402 403             203.311         1.5010
       402 404             340.533         1.0992
       403 405             345.979         1.0925

 Additional Angle Bending Parameters :

     Atom Classes             K(B)          Angle

     402 401 406            48.761        107.194
     401 402 403            98.694        107.104
     401 402 404            60.033        111.027
     403 402 404            47.069        110.111
     404 402 404            30.491        108.021
     402 403 405            50.885        110.230
     405 403 405            36.407        108.701

 Additional Stretch-Bend Parameters :

     Atom Classes          K(SB)-1        K(SB)-2

     402 401 406             6.278          6.278
     401 402 403             5.713          5.713
     401 402 404             5.713          5.713
     403 402 404             5.713          5.713
     404 402 404             5.713          5.713
     402 403 405             5.713          5.713
     405 403 405             5.713          5.713

 Additional Torsional Parameters :

     Atom Classes     1-Fold    2-Fold    3-Fold    4-Fold    5-Fold    6-Fold

   404 402 401 406   0.00   0  0.00 180  0.00   0  0.00   0  0.00   0  0.00   0
   403 402 401 406   0.00   0  0.00 180  0.00   0  0.00   0  0.00   0  0.00   0
   405 403 402 401   0.00   0  0.00 180  0.00   0  0.00   0  0.00   0  0.00   0
   405 403 402 404   0.00   0  0.00 180  0.00   0  0.00   0  0.00   0  0.00   0

 Additional Atomic Multipole Parameters :

     Atom Type     Coordinate Frame Definition         Multipole Moments

         401      402    406      0   Z-then-X    -0.38977
                                                   0.17179  0.00000  0.31930
                                                   0.24679
                                                   0.00000 -0.80039
                                                  -0.28085  0.00000  0.55360

         402      401    403      0   Z-then-X     0.13525
                                                   0.13158  0.00000  0.30460
                                                  -0.25199
                                                   0.00000 -0.32106
                                                  -0.27717  0.00000  0.57305

         403      402    401      0   Z-then-X    -0.16790
                                                  -0.00826  0.00000  0.21114
                                                  -0.20454
                                                   0.00000 -0.19027
                                                   0.01840  0.00000  0.39481

         404      402    401      0   Z-then-X     0.01200
                                                  -0.00793  0.00000 -0.09499
                                                   0.01362
                                                   0.00000  0.04529
                                                  -0.02794  0.00000 -0.05891

         405      403    402      0   Z-then-X     0.06073
                                                   0.01572  0.00000 -0.05098
                                                   0.01088
                                                   0.00000 -0.01088
                                                   0.00772  0.00000  0.00000

         406      401    402      0   Z-then-X     0.21623
                                                  -0.03847  0.00000 -0.06837
                                                  -0.00475
                                                   0.00000 -0.10145
                                                  -0.01190  0.00000  0.10620

 Additional Atomic Dipole Polarizability Parameters :

     Atom Type           Alpha       Thole     Group Atom Types

         401             0.812       0.390         402  406
         402             1.620       0.390         401  404
         403             1.415       0.390         405
         404             0.480       0.390         402
         405             0.480       0.390         403
         406             0.457       0.390         401

 Additional van der Waals Parameters :

     Atom Class               Size        Epsilon        Reduction

         401                3.4050         0.1100          0.000
         402                3.8200         0.1010          0.000
         403                3.8200         0.1010          0.000
         404                2.8700         0.0240          0.910
         405                2.9600         0.0240          0.920
         406                2.6550         0.0135          0.910

 Additional Solvation Parameters :

     Atom Type                PB Size     CS Size     GK Size

         404             3.0205      3.8850      4.0505
         405             3.1430      3.3740      4.1440
         406             2.6533      3.3920      2.9044
         402             3.3025      2.8540      4.9016
         403             3.5062      3.3090      4.5360
         401             3.1684      3.1340      3.0999

 Limited Memory BFGS Quasi-Newton Optimization :

 QN Iter     F Value      G RMS      F Move   X Move   Angle  FG Call  Comment

     0      450.0720  1476.8306                                   1
     1      401.0996  1380.1931     48.9724   0.1389    0.00      2    Success 
     2      309.6385  1189.9628     91.4611   0.0081   11.99      3    Success 
     3      153.7125   807.0043    155.9259   0.0190   25.74      4    Success 
     4       20.2735   174.2188    133.4390   0.0509   32.41      5    Success 
     5       14.0166    55.6772      6.2570   0.0100   28.51      6    Success 
     6       12.6579    49.6293      1.3587   0.0029    6.93      7    Success 
     7       10.1665    41.8765      2.4914   0.0061    2.80      8    Success 
     8        6.1690    32.7914      3.9975   0.0134    8.54      9    Success 
     9        5.0399    98.9416      1.1292   0.0293   22.56     10    Success 
    10        3.3387    51.0379      1.7012   0.0027   20.91     11    Success 
    11        2.6459    11.0463      0.6928   0.0032   28.07     12    Success 
    12        2.5683    11.1921      0.0776   0.0010   29.94     13    Success 
    13        2.4256    11.5799      0.1427   0.0020   37.85     14    Success 
    14        2.1739    11.7556      0.2517   0.0039   46.03     15    Success 
    15        1.7586    13.5241      0.4153   0.0082   54.77     16    Success 
    16        1.2115    12.7748      0.5470   0.0177   67.36     17    Success 
    17        0.9078    17.4851      0.3037   0.0142   73.74     18    Success 
    18        0.7138     6.8520      0.1940   0.0106   80.05     19    Success 
    19        0.6352     4.3463      0.0786   0.0052   67.81     20    Success 
    20        0.5967     6.6805      0.0385   0.0028   63.99     21    Success 
    21        0.5354     8.4928      0.0613   0.0046   73.98     22    Success 
    22        0.4417     8.2341      0.0937   0.0077   78.05     23    Success 
    23        0.3276     6.2613      0.1141   0.0129   78.66     24    Success 
    24        0.3033     3.1669      0.0243   0.0081   76.91     25    Success 
    25        0.2814     1.0555      0.0219   0.0030   63.90     26    Success 
    26        0.2764     0.9032      0.0049   0.0010   43.94     27    Success 
    27        0.2745     2.1698      0.0019   0.0007   49.02     29    Success 
    28        0.2722     1.1526      0.0023   0.0008   77.50     30    Success 
    29        0.2710     0.7517      0.0012   0.0007   76.62     31    Success 
    30        0.2699     0.5736      0.0011   0.0007   71.39     32    Success 
    31        0.2687     0.6506      0.0012   0.0006   61.59     33    Success 
    32        0.2671     0.8205      0.0016   0.0009   64.40     34    Success 
    33        0.2657     0.5366      0.0014   0.0009   72.38     35    Success 
    34        0.2655     0.9448      0.0002   0.0003   76.27     37    Success 
    35        0.2652     0.6603      0.0003   0.0002   77.47     38    Success 
    36        0.2649     0.1505      0.0003   0.0003   73.84     39    Success 
    37        0.2649     0.1477      0.0000   0.0001   46.81     40    Success 
    38        0.2648     0.1605      0.0001   0.0001   41.94     41    Success 
    39        0.2647     0.1767      0.0001   0.0002   53.75     42    Success 
    40        0.2645     0.1334      0.0001   0.0003   66.06     43    Success 
    41        0.2645     0.2003      0.0000   0.0002   71.30     45    Success 
    42        0.2644     0.0968      0.0001   0.0002   74.85     46   SmallGrad

 LBFGS  --  Normal Termination due to SmallGrad

 Final Function Value :            0.26442912
 Final RMS Gradient :              0.09680109
 Final Gradient Norm :             0.29040327
