
     ######################################################################
   ##########################################################################
  ###                                                                      ###
 ###            Tinker  ---  Software Tools for Molecular Design            ###
 ##                                                                          ##
 ##                       Version 8.10.1  October 2021                       ##
 ##                                                                          ##
 ##               Copyright (c)  Jay William Ponder  1990-2021               ##
 ###                           All Rights Reserved                          ###
  ###                                                                      ###
   ##########################################################################
     ######################################################################


 Additional Atom Definition Parameters :

     Type  Class  Symbol  Description               Atomic    Mass   Valence

      401   401     O     ethanol                      8     15.999     2
      402   402     C     ethanol                      6     12.011     4
      403   403     C     ethanol                      6     12.011     4
      404   404     H     ethanol                      1      1.008     1
      405   405     H     ethanol                      1      1.008     1
      406   406     H     ethanol                      1      1.008     1

 Additional Bond Stretching Parameters :

     Atom Classes             K(S)         Length

       401 402             216.835         1.4268
       401 406             520.696         0.9717
       402 403             203.311         1.5010
       402 404             340.533         1.0992
       403 405             345.979         1.0925

 Additional Angle Bending Parameters :

     Atom Classes             K(B)          Angle

     402 401 406            48.761        107.194
     401 402 403            98.694        107.104
     401 402 404            60.033        111.027
     403 402 404            47.069        110.111
     404 402 404            30.491        108.021
     402 403 405            50.885        110.230
     405 403 405            36.407        108.701

 Additional Stretch-Bend Parameters :

     Atom Classes          K(SB)-1        K(SB)-2

     402 401 406             6.278          6.278
     401 402 403             5.713          5.713
     401 402 404             5.713          5.713
     403 402 404             5.713          5.713
     404 402 404             5.713          5.713
     402 403 405             5.713          5.713
     405 403 405             5.713          5.713

 Additional Torsional Parameters :

     Atom Classes     1-Fold    2-Fold    3-Fold    4-Fold    5-Fold    6-Fold

   404 402 401 406   0.56   0 -0.58 180  0.47   0  0.00   0  0.00   0  0.00   0
   403 402 401 406  -1.08   0  0.06 180  0.00   0  0.00   0  0.00   0  0.00   0
   405 403 402 401  -0.00   0 -0.00 180  0.23   0  0.00   0  0.00   0  0.00   0
   405 403 402 404  -0.01   0  0.00 180  0.31   0  0.00   0  0.00   0  0.00   0

 Additional Atomic Multipole Parameters :

     Atom Type     Coordinate Frame Definition         Multipole Moments

         401      402    406      0   Z-then-X    -0.38977
                                                   0.17179  0.00000  0.31930
                                                   0.24679
                                                   0.00000 -0.80039
                                                  -0.28085  0.00000  0.55360

         402      401    403      0   Z-then-X     0.13525
                                                   0.13158  0.00000  0.30460
                                                  -0.25199
                                                   0.00000 -0.32106
                                                  -0.27717  0.00000  0.57305

         403      402    401      0   Z-then-X    -0.16790
                                                  -0.00826  0.00000  0.21114
                                                  -0.20454
                                                   0.00000 -0.19027
                                                   0.01840  0.00000  0.39481

         404      402    401      0   Z-then-X     0.01200
                                                  -0.00793  0.00000 -0.09499
                                                   0.01362
                                                   0.00000  0.04529
                                                  -0.02794  0.00000 -0.05891

         405      403    402      0   Z-then-X     0.06073
                                                   0.01572  0.00000 -0.05098
                                                   0.01088
                                                   0.00000 -0.01088
                                                   0.00772  0.00000  0.00000

         406      401    402      0   Z-then-X     0.21623
                                                  -0.03847  0.00000 -0.06837
                                                  -0.00475
                                                   0.00000 -0.10145
                                                  -0.01190  0.00000  0.10620

 Additional Atomic Dipole Polarizability Parameters :

     Atom Type           Alpha       Thole     Group Atom Types

         401             0.812       0.390         402  406
         402             1.620       0.390         401  404
         403             1.415       0.390         405
         404             0.480       0.390         402
         405             0.480       0.390         403
         406             0.457       0.390         401

 Additional van der Waals Parameters :

     Atom Class               Size        Epsilon        Reduction

         401                3.4050         0.1100          0.000
         402                3.8200         0.1010          0.000
         403                3.8200         0.1010          0.000
         404                2.8700         0.0240          0.910
         405                2.9600         0.0240          0.920
         406                2.6550         0.0135          0.910

 Additional Solvation Parameters :

     Atom Type                PB Size     CS Size     GK Size

         404             3.0205      3.8850      4.0505
         405             3.1430      3.3740      4.1440
         406             2.6533      3.3920      2.9044
         402             3.3025      2.8540      4.9016
         403             3.5062      3.3090      4.5360
         401             3.1684      3.1340      3.0999

 Limited Memory BFGS Quasi-Newton Optimization :

 QN Iter     F Value      G RMS      F Move   X Move   Angle  FG Call  Comment

     0        3.1013    10.0233                                   1
     1        2.8727    17.1017      0.2287   0.0052    0.00      3    Success 
     2        2.7841     5.6482      0.0886   0.0023   59.20      5    Success 
     3        2.7695     4.2834      0.0145   0.0004   31.87      6    Success 
     4        2.7450     4.2136      0.0245   0.0009   31.30      7    Success 
     5        2.7058     4.7027      0.0392   0.0018   43.87      8    Success 
     6        2.6522     3.4934      0.0536   0.0035   58.44      9    Success 
     7        2.6076     3.5852      0.0446   0.0042   61.37     10    Success 
     8        2.5750     6.2077      0.0326   0.0066   65.21     11    Success 
     9        2.5555     2.3566      0.0195   0.0009   52.82     12    Success 
    10        2.5485     1.1295      0.0069   0.0011   62.82     13    Success 
    11        2.5445     0.9622      0.0040   0.0009   57.41     14    Success 
    12        2.5388     0.6374      0.0057   0.0015   51.10     15    Success 
    13        2.5350     0.5795      0.0038   0.0016   50.28     16    Success 
    14        2.5330     0.7017      0.0021   0.0016   55.45     17    Success 
    15        2.5316     0.3725      0.0014   0.0005   57.30     18    Success 
    16        2.5306     0.2049      0.0010   0.0008   53.01     19    Success 
    17        2.5302     0.1487      0.0004   0.0005   51.00     20    Success 
    18        2.5298     0.1055      0.0004   0.0007   46.10     21    Success 
    19        2.5296     0.1636      0.0002   0.0006   47.26     22    Success 
    20        2.5295     0.0982      0.0002   0.0003   60.74     23   SmallGrad

 LBFGS  --  Normal Termination due to SmallGrad

 Final Function Value :            2.52948977
 Final RMS Gradient :              0.09822284
 Final Gradient Norm :             0.29466853
