
     ######################################################################
   ##########################################################################
  ###                                                                      ###
 ###            Tinker  ---  Software Tools for Molecular Design            ###
 ##                                                                          ##
 ##                       Version 8.10.1  October 2021                       ##
 ##                                                                          ##
 ##               Copyright (c)  Jay William Ponder  1990-2021               ##
 ###                           All Rights Reserved                          ###
  ###                                                                      ###
   ##########################################################################
     ######################################################################


 Additional Atom Definition Parameters :

     Type  Class  Symbol  Description               Atomic    Mass   Valence

      401   401     O     ethanol                      8     15.999     2
      402   402     C     ethanol                      6     12.011     4
      403   403     C     ethanol                      6     12.011     4
      404   404     H     ethanol                      1      1.008     1
      405   405     H     ethanol                      1      1.008     1
      406   406     H     ethanol                      1      1.008     1

 Additional Bond Stretching Parameters :

     Atom Classes             K(S)         Length

       401 402             216.835         1.4268
       401 406             520.696         0.9717
       402 403             203.311         1.5010
       402 404             340.533         1.0992
       403 405             345.979         1.0925

 Additional Angle Bending Parameters :

     Atom Classes             K(B)          Angle

     402 401 406            48.761        107.194
     401 402 403            98.694        107.104
     401 402 404            60.033        111.027
     403 402 404            47.069        110.111
     404 402 404            30.491        108.021
     402 403 405            50.885        110.230
     405 403 405            36.407        108.701

 Additional Stretch-Bend Parameters :

     Atom Classes          K(SB)-1        K(SB)-2

     402 401 406             6.278          6.278
     401 402 403             5.713          5.713
     401 402 404             5.713          5.713
     403 402 404             5.713          5.713
     404 402 404             5.713          5.713
     402 403 405             5.713          5.713
     405 403 405             5.713          5.713

 Additional Torsional Parameters :

     Atom Classes     1-Fold    2-Fold    3-Fold    4-Fold    5-Fold    6-Fold

   404 402 401 406   0.56   0 -0.58 180  0.47   0  0.00   0  0.00   0  0.00   0
   403 402 401 406  -1.08   0  0.06 180  0.00   0  0.00   0  0.00   0  0.00   0
   405 403 402 401  -0.00   0 -0.00 180  0.23   0  0.00   0  0.00   0  0.00   0
   405 403 402 404  -0.01   0  0.00 180  0.31   0  0.00   0  0.00   0  0.00   0

 Additional Atomic Multipole Parameters :

     Atom Type     Coordinate Frame Definition         Multipole Moments

         401      402    406      0   Z-then-X    -0.38977
                                                   0.17179  0.00000  0.31930
                                                   0.24679
                                                   0.00000 -0.80039
                                                  -0.28085  0.00000  0.55360

         402      401    403      0   Z-then-X     0.13525
                                                   0.13158  0.00000  0.30460
                                                  -0.25199
                                                   0.00000 -0.32106
                                                  -0.27717  0.00000  0.57305

         403      402    401      0   Z-then-X    -0.16790
                                                  -0.00826  0.00000  0.21114
                                                  -0.20454
                                                   0.00000 -0.19027
                                                   0.01840  0.00000  0.39481

         404      402    401      0   Z-then-X     0.01200
                                                  -0.00793  0.00000 -0.09499
                                                   0.01362
                                                   0.00000  0.04529
                                                  -0.02794  0.00000 -0.05891

         405      403    402      0   Z-then-X     0.06073
                                                   0.01572  0.00000 -0.05098
                                                   0.01088
                                                   0.00000 -0.01088
                                                   0.00772  0.00000  0.00000

         406      401    402      0   Z-then-X     0.21623
                                                  -0.03847  0.00000 -0.06837
                                                  -0.00475
                                                   0.00000 -0.10145
                                                  -0.01190  0.00000  0.10620

 Additional Atomic Dipole Polarizability Parameters :

     Atom Type           Alpha       Thole     Group Atom Types

         401             0.812       0.390         402  406
         402             1.620       0.390         401  404
         403             1.415       0.390         405
         404             0.480       0.390         402
         405             0.480       0.390         403
         406             0.457       0.390         401

 Additional van der Waals Parameters :

     Atom Class               Size        Epsilon        Reduction

         401                3.4050         0.1100          0.000
         402                3.8200         0.1010          0.000
         403                3.8200         0.1010          0.000
         404                2.8700         0.0240          0.910
         405                2.9600         0.0240          0.920
         406                2.6550         0.0135          0.910

 Additional Solvation Parameters :

     Atom Type                PB Size     CS Size     GK Size

         404             3.0205      3.8850      4.0505
         405             3.1430      3.3740      4.1440
         406             2.6533      3.3920      2.9044
         402             3.3025      2.8540      4.9016
         403             3.5062      3.3090      4.5360
         401             3.1684      3.1340      3.0999

 Limited Memory BFGS Quasi-Newton Optimization :

 QN Iter     F Value      G RMS      F Move   X Move   Angle  FG Call  Comment

     0        1.6336     8.9906                                   1
     1        1.5496    16.8318      0.0840   0.0021    0.00      3    Success 
     2        1.4283    14.4941      0.1213   0.0018   62.02      4    Success 
     3        1.2194    10.2618      0.2089   0.0039   61.85      5    Success 
     4        0.9692     9.4893      0.2502   0.0090   59.93      6    Success 
     5        0.8990     5.5114      0.0702   0.0041   66.66      8    Success 
     6        0.8701     4.6917      0.0289   0.0020   68.77      9    Success 
     7        0.8246     4.0405      0.0455   0.0028   60.70     10    Success 
     8        0.7748     2.6979      0.0498   0.0041   57.72     11    Success 
     9        0.7531     1.6131      0.0217   0.0022   57.41     12    Success 
    10        0.7324     1.4460      0.0207   0.0032   47.94     13    Success 
    11        0.7216     1.4774      0.0108   0.0023   60.85     14    Success 
    12        0.7100     0.7745      0.0117   0.0031   65.34     15    Success 
    13        0.7046     0.5547      0.0054   0.0024   58.47     16    Success 
    14        0.7019     0.5989      0.0027   0.0014   57.16     17    Success 
    15        0.6995     0.5756      0.0024   0.0018   64.74     18    Success 
    16        0.6981     0.3805      0.0014   0.0014   62.70     19    Success 
    17        0.6975     0.1456      0.0005   0.0003   43.33     20    Success 
    18        0.6974     0.1241      0.0002   0.0002   35.89     21    Success 
    19        0.6973     0.1037      0.0001   0.0002   55.22     22    Success 
    20        0.6972     0.1188      0.0001   0.0004   52.73     23    Success 
    21        0.6971     0.0506      0.0001   0.0002   60.43     24   SmallGrad

 LBFGS  --  Normal Termination due to SmallGrad

 Final Function Value :            0.69712842
 Final RMS Gradient :              0.05059682
 Final Gradient Norm :             0.15179047
