
     ######################################################################
   ##########################################################################
  ###                                                                      ###
 ###            Tinker  ---  Software Tools for Molecular Design            ###
 ##                                                                          ##
 ##                      Version 8.10.5   February 2023                      ##
 ##                                                                          ##
 ##               Copyright (c)  Jay William Ponder  1990-2023               ##
 ###                           All Rights Reserved                          ###
  ###                                                                      ###
   ##########################################################################
     ######################################################################


 Additional Atom Definition Parameters :

     Type  Class  Symbol  Description               Atomic    Mass   Valence

      413   413     H     1_16_Index_0                 1      1.008     1
      401   401     N     1_16_Index_0                 7     14.007     3
      402   402     C     1_16_Index_0                 6     12.011     3
      403   403     C     1_16_Index_0                 6     12.011     3
      404   404     C     1_16_Index_0                 6     12.011     3
      405   405     C     1_16_Index_0                 6     12.011     3
      406   406     N     1_16_Index_0                 7     14.007     3
      407   407     C     1_16_Index_0                 6     12.011     3
      408   408     C     1_16_Index_0                 6     12.011     3
      409   409     C     1_16_Index_0                 6     12.011     3
      410   410     C     1_16_Index_0                 6     12.011     3
      411   411     C     1_16_Index_0                 6     12.011     3
      414   414     H     1_16_Index_0                 1      1.008     1
      415   415     H     1_16_Index_0                 1      1.008     1
      412   412     O     1_16_Index_0                 8     15.999     1
      416   416     H     1_16_Index_0                 1      1.008     1
      417   417     H     1_16_Index_0                 1      1.008     1
      418   418     H     1_16_Index_0                 1      1.008     1
      419   419     H     1_16_Index_0                 1      1.008     1
      420   420     H     1_16_Index_0                 1      1.008     1

 Additional Bond Stretching Parameters :

     Atom Classes             K(S)         Length

       404 405             262.607         1.3700
       407 409             485.389         1.3600
       420 404             369.310         1.0900
       418 409             365.162         1.0800
       412 408             558.795         1.2500
       401 404             349.116         1.3500
       401 402             312.698         1.4000
       417 407             365.162         1.0800
       405 407             250.065         1.4400
       405 408             271.073         1.4600
       413 401             451.428         1.0300
       403 402             379.094         1.4000
       411 410             379.094         1.4000
       414 403             368.093         1.0900
       416 410             368.093         1.0900
       410 403             379.094         1.3900
       408 406             363.157         1.3800
       409 406             316.061         1.4000
       415 406             470.188         1.0100
       419 411             368.093         1.0900

 Additional Angle Bending Parameters :

     Atom Classes             K(B)          Angle

     404 405 407            79.054        130.640
     404 405 408            79.054        121.540
     407 405 408            83.613        107.780

 Additional In-Plane Angle Bending Parameters :

     Atom Classes             K(B)          Angle

     401 404 405            71.736        120.421
     401 402 403            78.023        120.170
     402 401 404            51.860        126.720
     405 407 409            61.873        107.030
     405 404 420            52.687        121.320
     405 408 406            57.888        104.580
     406 409 407            71.989        109.580
     407 409 418            57.301        130.010
     408 406 409            47.799        111.020
     409 407 417            57.301        126.030
     401 404 420            63.217        116.890
     406 409 418            33.508        120.410
     406 408 412           109.448        126.330
     405 407 417            29.472        126.930
     412 408 405            51.798        129.080
     413 401 404            51.541        111.537
     413 401 402            40.046        122.338
     419 411 410            36.770        120.300
     410 403 402            74.631        119.900
     403 402 403            74.631        119.650
     411 410 403            74.631        120.570
     410 411 410            74.631        119.390
     414 403 402            36.770        119.940
     414 403 410            36.770        120.140
     416 410 411            36.770        120.130
     403 410 416            36.770        119.290
     415 406 408            47.179        122.680
     415 406 409            37.409        126.300

 Additional Stretch-Bend Parameters :

     Atom Classes          K(SB)-1        K(SB)-2

     401 404 405            33.394         33.394
     401 402 403            20.453         20.453
     402 401 404            11.141         11.141
     404 405 407            20.453         20.453
     404 405 408            20.453         20.453
     405 407 409            34.200         34.200
     405 404 420            33.394         33.394
     405 408 406             8.175          8.175
     406 409 407            34.200         34.200
     407 405 408            20.453         20.453
     407 409 418            34.200         34.200
     408 406 409            10.268         10.268
     409 407 417            34.200         34.200
     401 404 420             7.629          7.629
     406 409 418            34.200         34.200
     406 408 412            25.988         25.988
     405 407 417            34.200         34.200
     412 408 405             8.175          8.175
     413 401 404            10.880         10.880
     413 401 402            22.688         22.688
     419 411 410            20.453         20.453
     410 403 402            20.453         20.453
     403 402 403            20.453         20.453
     411 410 403            20.453         20.453
     410 411 410            20.453         20.453
     414 403 402            20.453         20.453
     414 403 410            20.453         20.453
     416 410 411            20.453         20.453
     403 410 416            20.453         20.453
     415 406 408             9.932          9.932
     415 406 409            11.085         11.085

 Additional Torsional Parameters :

     Atom Classes     1-Fold    2-Fold    3-Fold    4-Fold    5-Fold    6-Fold

   405 404 401 413   0.55   0  6.19 180 -0.55   0  0.00   0  0.00   0  0.00   0
   407 405 404 401   0.00   0  0.00 180  0.30   0  0.00   0  0.00   0  0.00   0
   408 405 404 401   0.00   0  0.00 180  0.30   0  0.00   0  0.00   0  0.00   0
   410 403 402 401  -0.67   0  6.29 180  0.00   0  0.00   0  0.00   0  0.00   0
   414 403 402 401   0.55   0  6.19 180 -0.55   0  0.00   0  0.00   0  0.00   0
   405 404 401 402   0.00   0  0.00 180  0.30   0  0.00   0  0.00   0  0.00   0
   420 404 401 402   0.55   0  6.19 180 -0.55   0  0.00   0  0.00   0  0.00   0
   404 401 402 403   0.00   0  0.00 180  0.00   0  0.00   0  0.00   0  0.00   0
   403 402 401 404   0.00   0  0.00 180  0.00   0  0.00   0  0.00   0  0.00   0
   409 407 405 404  -0.67   0  6.29 180  0.00   0  0.00   0  0.00   0  0.00   0
   417 407 405 404   0.55   0  6.19 180 -0.55   0  0.00   0  0.00   0  0.00   0
   406 408 405 404  -0.67   0  6.29 180  0.00   0  0.00   0  0.00   0  0.00   0
   412 408 405 404  -0.67   0  6.29 180  0.00   0  0.00   0  0.00   0  0.00   0
   406 409 407 405  -0.67   0  6.29 180  0.00   0  0.00   0  0.00   0  0.00   0
   418 409 407 405   0.55   0  6.19 180 -0.55   0  0.00   0  0.00   0  0.00   0
   409 406 408 405  -0.67   0  6.29 180  0.00   0  0.00   0  0.00   0  0.00   0
   415 406 408 405   0.55   0  6.19 180 -0.55   0  0.00   0  0.00   0  0.00   0
   407 405 408 406  -0.67   0  6.29 180  0.00   0  0.00   0  0.00   0  0.00   0
   417 407 409 406   0.55   0  6.19 180 -0.55   0  0.00   0  0.00   0  0.00   0
   420 404 405 407   0.55   0  6.19 180 -0.55   0  0.00   0  0.00   0  0.00   0
   412 408 405 407  -0.67   0  6.29 180  0.00   0  0.00   0  0.00   0  0.00   0
   408 406 409 407  -0.67   0  6.29 180  0.00   0  0.00   0  0.00   0  0.00   0
   415 406 409 407   0.55   0  6.19 180 -0.55   0  0.00   0  0.00   0  0.00   0
   409 407 405 408  -0.67   0  6.29 180  0.00   0  0.00   0  0.00   0  0.00   0
   417 407 405 408   0.55   0  6.19 180 -0.55   0  0.00   0  0.00   0  0.00   0
   420 404 405 408   0.55   0  6.19 180 -0.55   0  0.00   0  0.00   0  0.00   0
   418 409 406 408   0.55   0  6.19 180 -0.55   0  0.00   0  0.00   0  0.00   0
   412 408 406 409  -0.67   0  6.29 180  0.00   0  0.00   0  0.00   0  0.00   0
   418 409 407 417   0.00   0  6.36 180  0.00   0  0.00   0  0.00   0  0.00   0
   413 401 404 420   0.00   0  6.36 180  0.00   0  0.00   0  0.00   0  0.00   0
   415 406 409 418   0.00   0  6.36 180  0.00   0  0.00   0  0.00   0  0.00   0
   415 406 408 412   0.55   0  6.19 180 -0.55   0  0.00   0  0.00   0  0.00   0
   410 411 410 403  -0.67   0  6.29 180  0.00   0  0.00   0  0.00   0  0.00   0
   411 410 403 402  -0.67   0  6.29 180  0.00   0  0.00   0  0.00   0  0.00   0
   410 403 402 403  -0.67   0  6.29 180  0.00   0  0.00   0  0.00   0  0.00   0
   416 410 403 402   0.55   0  6.19 180 -0.55   0  0.00   0  0.00   0  0.00   0
   414 403 402 403   0.55   0  6.19 180 -0.55   0  0.00   0  0.00   0  0.00   0
   419 411 410 403   0.55   0  6.82 180 -0.55   0  0.00   0  0.00   0  0.00   0
   416 410 411 410   0.55   0 11.38 180 -0.55   0  0.00   0  0.00   0  0.00   0
   414 403 410 411   0.55   0 11.38 180 -0.55   0  0.00   0  0.00   0  0.00   0
   416 410 403 414   0.00   0  6.36 180  0.00   0  0.00   0  0.00   0  0.00   0
   419 411 410 416   0.00   0  6.36 180  0.00   0  0.00   0  0.00   0  0.00   0
   403 402 401 413   0.00   0  0.00 180  0.11   0  0.00   0  0.00   0  0.00   0

 Additional Atomic Multipole Parameters :

     Atom Type     Coordinate Frame Definition         Multipole Moments

         413      401    402      0   Z-then-X     0.20172
                                                  -0.04371  0.00000  0.01646
                                                   0.13259
                                                   0.00000 -0.07623
                                                  -0.07928  0.00000 -0.05636

         401      402    404      0   Z-then-X    -0.17681
                                                   0.04470  0.00000  0.10894
                                                   0.66923
                                                   0.00000 -0.73362
                                                   0.00905  0.00000  0.06439

         402      403    403      0   Bisector     0.09509
                                                   0.00000  0.00000 -0.16319
                                                  -0.32579
                                                   0.00000 -0.01902
                                                   0.00000  0.00000  0.34481

         403      402    410      0   Z-then-X    -0.07759
                                                  -0.14484  0.00000 -0.08192
                                                  -0.02875
                                                   0.00000 -0.11476
                                                  -0.16277  0.00000  0.14351

         404      401    405      0   Z-then-X     0.09340
                                                  -0.19187  0.00000  0.32139
                                                  -0.78273
                                                   0.00000  0.22177
                                                   0.40863  0.00000  0.56096

         405      408    404      0   Z-then-X    -0.13481
                                                   0.14144  0.00000 -0.17492
                                                   0.54832
                                                   0.00000 -0.30974
                                                   0.07942  0.00000 -0.23858

         406      408    409      0   Z-then-X    -0.25519
                                                   0.09419  0.00000 -0.12211
                                                   0.83837
                                                   0.00000 -0.84571
                                                   0.20693  0.00000  0.00734

         407      405    409      0   Z-then-X    -0.09439
                                                  -0.02138  0.00000  0.10604
                                                   0.25259
                                                   0.00000 -0.36805
                                                   0.44595  0.00000  0.11546

         408      412    406      0   Z-then-X     0.80827
                                                   0.11887  0.00000  0.28111
                                                  -0.06371
                                                   0.00000 -0.18534
                                                  -0.48190  0.00000  0.24905

         409      406    407      0   Z-then-X     0.11997
                                                   0.02128  0.00000  0.40413
                                                  -0.15855
                                                   0.00000 -0.49362
                                                   0.06387  0.00000  0.65217

         410      403    411      0   Z-then-X     0.08228
                                                   0.17318  0.00000  0.10669
                                                   0.43008
                                                   0.00000 -0.39828
                                                   0.37440  0.00000 -0.03180

         411      410    410      0   Bisector    -0.04513
                                                   0.00000  0.00000 -0.08194
                                                   0.22672
                                                   0.00000 -0.18114
                                                   0.00000  0.00000 -0.04558

         414      403    402      0   Z-then-X     0.01209
                                                  -0.01426  0.00000 -0.17616
                                                   0.07848
                                                   0.00000  0.00035
                                                  -0.01862  0.00000 -0.07883

         415      406    408      0   Z-then-X     0.10070
                                                   0.02130  0.00000 -0.18388
                                                   0.08419
                                                   0.00000 -0.03554
                                                   0.00361  0.00000 -0.04865

         412      408    406      0   Z-then-X    -0.81949
                                                   0.04237  0.00000 -0.16994
                                                  -0.54199
                                                   0.00000  0.25674
                                                   0.07375  0.00000  0.28525

         416      410    403      0   Z-then-X     0.00895
                                                  -0.00538  0.00000 -0.14821
                                                   0.10391
                                                   0.00000 -0.00513
                                                  -0.00108  0.00000 -0.09878

         417      407    405      0   Z-then-X     0.00573
                                                   0.01609  0.00000 -0.18308
                                                   0.15733
                                                   0.00000 -0.02164
                                                   0.03519  0.00000 -0.13569

         418      409    406      0   Z-then-X     0.02558
                                                  -0.02359  0.00000 -0.20358
                                                   0.14970
                                                   0.00000 -0.00725
                                                   0.00405  0.00000 -0.14245

         419      411    410      0   Z-then-X     0.00711
                                                  -0.00389  0.00000 -0.18143
                                                   0.09066
                                                   0.00000  0.00752
                                                  -0.00846  0.00000 -0.09818

         420      404    401      0   Z-then-X     0.01679
                                                  -0.01120  0.00000 -0.19196
                                                   0.08442
                                                   0.00000 -0.00233
                                                  -0.03050  0.00000 -0.08209

 Additional Charge Penetration Parameters :

     Atom Class           Core Chg           Damp

         413                 0.000         0.0000
         401                 0.000         0.0000
         402                 0.000         0.0000
         403                 0.000         0.0000
         404                 0.000         0.0000
         405                 0.000         0.0000
         406                 0.000         0.0000
         407                 0.000         0.0000
         408                 0.000         0.0000
         409                 0.000         0.0000
         410                 0.000         0.0000
         411                 0.000         0.0000
         414                 0.000         0.0000
         415                 0.000         0.0000
         412                 0.000         0.0000
         416                 0.000         0.0000
         417                 0.000         0.0000
         418                 0.000         0.0000
         419                 0.000         0.0000
         420                 0.000         0.0000

 Additional Atomic Dipole Polarizability Parameters :

     Atom Type           Alpha       Thole     Group Atom Types

         413             0.457       0.390         401
         401             1.185       0.390         413
         402             1.600       0.390         403
         403             1.600       0.390         402  410  414
         404             2.065       0.390         420
         405             2.065       0.390         407  408
         406             1.243       0.390         408  409  415
         407             2.065       0.390         405  409  417
         408             1.600       0.390         405  406  412
         409             2.065       0.390         406  407  418
         410             1.600       0.390         403  411  416
         411             1.600       0.390         410  419
         414             0.432       0.390         403
         415             0.457       0.390         406
         412             0.914       0.390         408
         416             0.432       0.390         410
         417             0.432       0.390         407
         418             0.432       0.390         409
         419             0.432       0.390         411
         420             0.432       0.390         404

 Additional van der Waals Parameters :

     Atom Class               Size        Epsilon        Reduction

         418                2.9300         0.0260          0.910
         420                2.9800         0.0240          0.920
         417                2.9800         0.0240          0.920
         419                2.9800         0.0260          0.920
         404                3.8200         0.1010          0.000
         408                3.8200         0.1060          0.000
         412                3.3000         0.1120          0.000
         401                3.7100         0.1100          0.000
         406                3.7100         0.1050          0.000
         413                2.7000         0.0200          0.910
         415                2.6500         0.0200          0.890
         409                3.8200         0.1010          0.000
         402                3.8000         0.0890          0.000
         410                3.8000         0.0890          0.000
         411                3.8000         0.0890          0.000
         414                2.9800         0.0260          0.920
         416                2.9800         0.0260          0.920
         405                3.8200         0.1010          0.000
         407                3.8200         0.1010          0.000
         403                3.8000         0.0890          0.000

 Additional Solvation Parameters :

     Atom Type                PB Size     CS Size     GK Size

         420             2.5740      2.7580      2.9054
         419             3.0020      2.6350      3.3763
         415             3.6491      3.4040      2.9894
         403             3.8585      3.7660      3.8448
         408             3.3967      3.2550      4.7385
         411             3.8286      3.8930      4.5084
         410             3.8286      3.8930      4.5084
         409             2.9301      4.5060      4.2118
         402             3.6909      3.7660      4.4258
         406             2.8836      2.9900      3.2180
         412             2.9835      3.3560      2.9616

 Limited Memory BFGS Quasi-Newton Optimization :

 QN Iter     F Value      G RMS      F Move   X Move   Angle  FG Call  Comment

     0      864.2385  1126.8386                                   1
     1      607.4838  1191.4775    256.7547   0.0851    0.00      2    Success 
     2      207.6841   653.2539    399.7997   0.0182    9.41      3    Success 
     3       45.0122   231.8103    162.6719   0.0243   10.35      4    Success 
     4       24.5963   103.5808     20.4158   0.0057   23.76      5    Success 
     5       12.0124    63.4293     12.5839   0.0084   20.22      6    Success 
     6        7.1257    33.7868      4.8868   0.0062   35.68      7    Success 
     7        5.9444    48.6480      1.1813   0.0059   31.33      8    Success 
     8        4.7117    17.8430      1.2327   0.0021   28.52      9    Success 
     9        4.3051    18.1867      0.4066   0.0013   33.95     10    Success 
    10        3.5925    18.3434      0.7126   0.0026   44.78     11    Success 
    11        2.4353    16.4541      1.1572   0.0054   53.12     12    Success 
    12        0.8046    15.0716      1.6307   0.0119   60.47     13    Success 
    13       -0.4057    31.1969      1.2103   0.0159   64.80     14    Success 
    14       -1.5985    15.0042      1.1929   0.0097   77.60     15    Success 
    15       -2.8376    17.1025      1.2391   0.0146   68.62     16    Success 
    16       -3.4977    15.3964      0.6601   0.0087   76.31     17    Success 
    17       -4.5716    13.2236      1.0739   0.0123   73.15     18    Success 
    18       -6.1965     9.4082      1.6249   0.0211   71.31     19    Success 
    19       -7.4977     7.2361      1.3012   0.0240   67.34     20    Success 
    20       -8.3926    23.2596      0.8949   0.0152   61.09     21    Success 
    21       -9.3741    15.5147      0.9815   0.0170   80.78     22    Success 
    22      -10.0673     8.9019      0.6932   0.0130   78.86     23    Success 
    23      -10.5971     7.8687      0.5298   0.0141   73.72     24    Success 
    24      -10.7907     6.6105      0.1935   0.0072   78.83     25    Success 
    25      -11.0548     9.3365      0.2642   0.0083   72.96     26    Success 
    26      -11.3279     8.0180      0.2731   0.0106   77.14     27    Success 
    27      -11.4943     7.6596      0.1664   0.0039   69.94     28    Success 
    28      -11.5917     6.1326      0.0974   0.0036   77.25     29    Success 
    29      -11.7519     5.1473      0.1602   0.0034   67.33     30    Success 
    30      -12.0013     5.3285      0.2494   0.0071   68.64     31    Success 
    31      -12.2875     7.7115      0.2862   0.0140   73.86     32    Success 
    32      -12.4917    13.7181      0.2042   0.0130   81.00     33    Success 
    33      -12.6918    11.2633      0.2001   0.0052   82.20     34    Success 
    34      -13.0126     6.4764      0.3208   0.0089   80.39     35    Success 
    35      -13.3398     5.2668      0.3272   0.0167   78.15     36    Success 
    36      -13.4225    10.9130      0.0827   0.0063   78.03     38    Success 
    37      -13.5618     9.9609      0.1393   0.0070   84.85     39    Success 
    38      -13.7961     8.2881      0.2343   0.0092   82.74     40    Success 
    39      -14.1451     4.9353      0.3490   0.0149   80.90     41    Success 
    40      -14.4144     4.1904      0.2693   0.0145   76.52     42    Success 
    41      -14.6300     6.0752      0.2156   0.0104   74.66     43    Success 
    42      -14.9240     4.7444      0.2940   0.0137   77.56     44    Success 
    43      -15.0076    23.6272      0.0835   0.0159   74.24     45    Success 
    44      -15.1468    15.7033      0.1393   0.0019   80.94     46    Success 
    45      -15.3073     2.7821      0.1605   0.0033   77.07     47    Success 
    46      -15.3345     3.5047      0.0272   0.0017   72.72     48    Success 
    47      -15.3777     3.5878      0.0432   0.0040   80.58     49    Success 
    48      -15.4517     4.1507      0.0740   0.0050   78.34     50    Success 
    49      -15.5205     7.1153      0.0688   0.0064   76.56     51    Success 
    50      -15.6151     3.4727      0.0946   0.0075   83.83     52    Success 
    51      -15.6702     2.9565      0.0551   0.0046   78.71     53    Success 
    52      -15.7374     3.4236      0.0672   0.0052   76.12     54    Success 
    53      -15.8283     5.4892      0.0910   0.0079   78.06     55    Success 
    54      -15.8593     2.4143      0.0309   0.0045   84.00     57    Success 
    55      -15.9016     2.1010      0.0423   0.0027   66.99     58    Success 
    56      -15.9632     1.8273      0.0616   0.0038   66.01     59    Success 
    57      -15.9893     9.1270      0.0261   0.0079   69.18     60    Success 
    58      -16.0339     6.3728      0.0446   0.0025   84.42     61    Success 
    59      -16.0933     1.9777      0.0595   0.0050   83.25     62    Success 
    60      -16.1149     2.3744      0.0216   0.0029   77.34     63    Success 
    61      -16.1403     3.0766      0.0254   0.0029   78.95     64    Success 
    62      -16.1832     3.1306      0.0429   0.0039   79.86     65    Success 
    63      -16.2300     4.8167      0.0467   0.0069   80.50     66    Success 
    64      -16.2909     2.5533      0.0610   0.0068   83.13     67    Success 
    65      -16.3161     2.9060      0.0252   0.0030   76.25     68    Success 
    66      -16.3246     2.5122      0.0085   0.0013   79.24     70    Success 
    67      -16.3313     2.2321      0.0068   0.0013   83.75     71    Success 
    68      -16.3423     1.8511      0.0110   0.0009   74.34     72    Success 
    69      -16.3598     1.2244      0.0175   0.0015   70.56     73    Success 
    70      -16.3838     1.0720      0.0239   0.0036   70.64     74    Success 
    71      -16.3993     1.4290      0.0156   0.0034   76.10     75    Success 
    72      -16.4041     1.9443      0.0048   0.0014   78.78     77    Success 
    73      -16.4117     1.3057      0.0075   0.0021   84.45     78    Success 
    74      -16.4204     0.7928      0.0087   0.0027   80.95     79    Success 
    75      -16.4261     1.1259      0.0057   0.0011   69.58     80    Success 
    76      -16.4319     0.9422      0.0059   0.0016   74.27     81    Success 
    77      -16.4364     1.3841      0.0044   0.0013   72.39     82    Success 
    78      -16.4397     0.8311      0.0033   0.0004   72.70     83    Success 
    79      -16.4445     0.6543      0.0049   0.0007   62.34     84    Success 
    80      -16.4491     1.0311      0.0045   0.0014   73.68     85    Success 
    81      -16.4541     0.9386      0.0051   0.0018   80.92     86    Success 
    82      -16.4555     2.2774      0.0014   0.0038   83.16     87    Success 
    83      -16.4580     1.7244      0.0025   0.0003   80.64     88    Success 
    84      -16.4620     0.8300      0.0040   0.0006   77.88     89    Success 
    85      -16.4657     1.0526      0.0037   0.0009   71.22     90    Success 
    86      -16.4676     1.2885      0.0019   0.0005   79.58     91    Success 
    87      -16.4710     1.3658      0.0034   0.0007   80.48     92    Success 
    88      -16.4774     1.5741      0.0063   0.0013   80.95     93    Success 
    89      -16.4849     2.0044      0.0075   0.0024   81.94     94    Success 
    90      -16.4969     1.0065      0.0120   0.0033   84.55     95    Success 
    91      -16.5076     0.8054      0.0108   0.0052   81.96     96    Success 
    92      -16.5140     0.9638      0.0064   0.0021   79.35     97    Success 
    93      -16.5247     0.8169      0.0106   0.0031   79.76     98    Success 
    94      -16.5386     2.2498      0.0140   0.0050   77.41     99    Success 
    95      -16.5538     1.2877      0.0151   0.0059   85.56    100    Success 
    96      -16.5623     1.0938      0.0085   0.0021   80.64    101    Success 
    97      -16.5762     1.0696      0.0139   0.0031   77.73    102    Success 
    98      -16.5903     2.3496      0.0141   0.0067   80.64    103    Success 
    99      -16.6000     2.7327      0.0097   0.0047   84.56    104    Success 
   100      -16.6061     1.5585      0.0061   0.0005   75.91    105    Success 
   101      -16.6143     0.9080      0.0082   0.0022   81.30    106    Success 
   102      -16.6200     1.1701      0.0058   0.0025   82.55    107    Success 
   103      -16.6299     1.3354      0.0099   0.0033   82.82    108    Success 
   104      -16.6455     1.9038      0.0156   0.0054   83.50    109    Success 
   105      -16.6655     1.2860      0.0200   0.0092   85.77    110    Success 
   106      -16.6735     2.2087      0.0080   0.0056   84.64    111    Success 
   107      -16.6802     0.9197      0.0068   0.0020   84.94    112    Success 
   108      -16.6860     1.1305      0.0058   0.0008   62.80    113    Success 
   109      -16.6927     1.4540      0.0066   0.0011   73.00    114    Success 
   110      -16.7034     1.5524      0.0108   0.0028   82.24    115    Success 
   111      -16.7113     2.5335      0.0078   0.0057   84.12    116    Success 
   112      -16.7213     1.1692      0.0100   0.0046   86.77    117    Success 
   113      -16.7258     0.6462      0.0045   0.0014   79.48    118    Success 
   114      -16.7285     0.4772      0.0027   0.0013   79.63    119    Success 
   115      -16.7310     1.1452      0.0025   0.0012   67.75    120    Success 
   116      -16.7334     0.7557      0.0025   0.0013   82.51    121    Success 
   117      -16.7357     0.6801      0.0023   0.0006   76.66    122    Success 
   118      -16.7397     0.6031      0.0040   0.0008   69.81    123    Success 
   119      -16.7464     0.4808      0.0067   0.0018   72.10    124    Success 
   120      -16.7533     1.6033      0.0070   0.0046   75.41    125    Success 
   121      -16.7564     1.6068      0.0031   0.0020   85.35    127    Success 
   122      -16.7594     0.7249      0.0030   0.0017   86.40    128    Success 
   123      -16.7622     0.5690      0.0028   0.0026   84.81    129    Success 
   124      -16.7644     0.6890      0.0022   0.0019   83.53    130    Success 
   125      -16.7679     0.6310      0.0035   0.0020   82.38    131    Success 
   126      -16.7730     0.4184      0.0051   0.0026   79.63    132    Success 
   127      -16.7765     0.5873      0.0035   0.0030   76.73    133    Success 
   128      -16.7772     0.8237      0.0007   0.0005   79.33    135    Success 
   129      -16.7780     0.6899      0.0008   0.0007   86.24    136    Success 
   130      -16.7794     0.4503      0.0014   0.0008   82.66    137    Success 
   131      -16.7815     0.3351      0.0021   0.0011   76.39    138    Success 
   132      -16.7836     0.4583      0.0021   0.0013   73.21    139    Success 
   133      -16.7852     0.2998      0.0016   0.0013   81.17    140    Success 
   134      -16.7857     1.2331      0.0005   0.0028   80.94    141    Success 
   135      -16.7865     0.7306      0.0008   0.0003   83.70    142    Success 
   136      -16.7875     0.3521      0.0009   0.0008   83.53    143    Success 
   137      -16.7878     0.4548      0.0003   0.0003   82.75    144    Success 
   138      -16.7883     0.5031      0.0005   0.0005   83.63    145    Success 
   139      -16.7888     0.7743      0.0005   0.0007   82.64    146    Success 
   140      -16.7896     0.5005      0.0008   0.0010   86.49    147    Success 
   141      -16.7903     0.2547      0.0007   0.0010   85.30    148    Success 
   142      -16.7908     0.2312      0.0005   0.0007   81.31    149    Success 
   143      -16.7914     0.7292      0.0005   0.0008   77.14    150    Success 
   144      -16.7918     0.3304      0.0005   0.0007   85.73    151    Success 
   145      -16.7922     0.2643      0.0004   0.0002   75.52    152    Success 
   146      -16.7928     0.1980      0.0006   0.0004   73.18    153    Success 
   147      -16.7935     0.2644      0.0007   0.0009   73.14    154    Success 
   148      -16.7939     0.4285      0.0004   0.0009   79.29    155    Success 
   149      -16.7942     0.5400      0.0003   0.0004   80.86    156    Success 
   150      -16.7945     0.3436      0.0003   0.0003   83.61    157    Success 
   151      -16.7950     0.2343      0.0005   0.0006   81.81    158    Success 
   152      -16.7954     0.2237      0.0004   0.0005   78.49    159    Success 
   153      -16.7961     0.1758      0.0006   0.0006   74.69    160    Success 
   154      -16.7967     0.1542      0.0006   0.0009   74.67    161    Success 
   155      -16.7971     0.1413      0.0004   0.0006   72.81    162    Success 
   156      -16.7974     0.1866      0.0004   0.0005   71.21    163    Success 
   157      -16.7974     0.5474      0.0000   0.0008   81.23    164    Success 
   158      -16.7975     0.4806      0.0001   0.0001   85.64    165    Success 
   159      -16.7976     0.3632      0.0001   0.0001   85.38    166    Success 
   160      -16.7978     0.1457      0.0002   0.0003   84.69    167    Success 
   161      -16.7979     0.1161      0.0001   0.0003   82.35    168    Success 
   162      -16.7979     0.1379      0.0000   0.0001   81.22    169    Success 
   163      -16.7980     0.1433      0.0001   0.0001   79.57    170    Success 
   164      -16.7980     0.2859      0.0001   0.0002   80.69    171    Success 
   165      -16.7982     0.2140      0.0001   0.0002   84.20    172    Success 
   166      -16.7983     0.2027      0.0001   0.0003   82.18    173    Success 
   167      -16.7983     0.1929      0.0001   0.0004   85.12    174    Success 
   168      -16.7984     0.1154      0.0001   0.0001   83.60    175    Success 
   169      -16.7985     0.1294      0.0001   0.0001   74.91    176    Success 
   170      -16.7985     0.1610      0.0001   0.0001   73.15    177    Success 
   171      -16.7986     0.3779      0.0001   0.0002   79.98    178    Success 
   172      -16.7987     0.1631      0.0001   0.0002   85.53    179    Success 
   173      -16.7988     0.1270      0.0001   0.0003   83.63    180    Success 
   174      -16.7989     0.1688      0.0001   0.0002   83.51    181    Success 
   175      -16.7989     0.1642      0.0001   0.0002   82.41    182    Success 
   176      -16.7991     0.1458      0.0001   0.0002   80.18    183    Success 
   177      -16.7992     0.1430      0.0002   0.0004   80.27    184    Success 
   178      -16.7994     0.2011      0.0001   0.0005   79.18    185    Success 
   179      -16.7994     0.4172      0.0000   0.0003   80.91    186    Success 
   180      -16.7994     0.3409      0.0000   0.0000   84.42    187    Success 
   181      -16.7995     0.2089      0.0001   0.0001   81.39    188    Success 
   182      -16.7996     0.0785      0.0001   0.0001   73.95    189   SmallGrad

 LBFGS  --  Normal Termination due to SmallGrad

 Final Function Value :          -16.79955704
 Final RMS Gradient :              0.07848748
 Final Gradient Norm :             0.38450853
