
     ######################################################################
   ##########################################################################
  ###                                                                      ###
 ###            Tinker  ---  Software Tools for Molecular Design            ###
 ##                                                                          ##
 ##                      Version 8.10.5   February 2023                      ##
 ##                                                                          ##
 ##               Copyright (c)  Jay William Ponder  1990-2023               ##
 ###                           All Rights Reserved                          ###
  ###                                                                      ###
   ##########################################################################
     ######################################################################


 Additional Atom Definition Parameters :

     Type  Class  Symbol  Description               Atomic    Mass   Valence

      413   413     H     1_16_Index_0                 1      1.008     1
      401   401     N     1_16_Index_0                 7     14.007     3
      402   402     C     1_16_Index_0                 6     12.011     3
      403   403     C     1_16_Index_0                 6     12.011     3
      404   404     C     1_16_Index_0                 6     12.011     3
      405   405     C     1_16_Index_0                 6     12.011     3
      406   406     N     1_16_Index_0                 7     14.007     3
      407   407     C     1_16_Index_0                 6     12.011     3
      408   408     C     1_16_Index_0                 6     12.011     3
      409   409     C     1_16_Index_0                 6     12.011     3
      410   410     C     1_16_Index_0                 6     12.011     3
      411   411     C     1_16_Index_0                 6     12.011     3
      414   414     H     1_16_Index_0                 1      1.008     1
      415   415     H     1_16_Index_0                 1      1.008     1
      412   412     O     1_16_Index_0                 8     15.999     1
      416   416     H     1_16_Index_0                 1      1.008     1
      417   417     H     1_16_Index_0                 1      1.008     1
      418   418     H     1_16_Index_0                 1      1.008     1
      419   419     H     1_16_Index_0                 1      1.008     1
      420   420     H     1_16_Index_0                 1      1.008     1

 Additional Bond Stretching Parameters :

     Atom Classes             K(S)         Length

       404 405             262.607         1.3700
       407 409             485.389         1.3600
       420 404             369.310         1.0900
       418 409             365.162         1.0800
       412 408             558.795         1.2500
       401 404             349.116         1.3500
       401 402             312.698         1.4000
       417 407             365.162         1.0800
       405 407             250.065         1.4400
       405 408             271.073         1.4600
       413 401             451.428         1.0300
       403 402             379.094         1.4000
       411 410             379.094         1.4000
       414 403             368.093         1.0900
       416 410             368.093         1.0900
       410 403             379.094         1.3900
       408 406             363.157         1.3800
       409 406             316.061         1.4000
       415 406             470.188         1.0100
       419 411             368.093         1.0900

 Additional Angle Bending Parameters :

     Atom Classes             K(B)          Angle

     404 405 407            79.054        130.640
     404 405 408            79.054        121.540
     407 405 408            83.613        107.780

 Additional In-Plane Angle Bending Parameters :

     Atom Classes             K(B)          Angle

     401 404 405            71.736        120.421
     401 402 403            78.023        120.170
     402 401 404            51.860        126.720
     405 407 409            61.873        107.030
     405 404 420            52.687        121.320
     405 408 406            57.888        104.580
     406 409 407            71.989        109.580
     407 409 418            57.301        130.010
     408 406 409            47.799        111.020
     409 407 417            57.301        126.030
     401 404 420            63.217        116.890
     406 409 418            33.508        120.410
     406 408 412           109.448        126.330
     405 407 417            29.472        126.930
     412 408 405            51.798        129.080
     413 401 404            51.541        111.537
     413 401 402            40.046        122.338
     419 411 410            36.770        120.300
     410 403 402            74.631        119.900
     403 402 403            74.631        119.650
     411 410 403            74.631        120.570
     410 411 410            74.631        119.390
     414 403 402            36.770        119.940
     414 403 410            36.770        120.140
     416 410 411            36.770        120.130
     403 410 416            36.770        119.290
     415 406 408            47.179        122.680
     415 406 409            37.409        126.300

 Additional Stretch-Bend Parameters :

     Atom Classes          K(SB)-1        K(SB)-2

     401 404 405            33.394         33.394
     401 402 403            20.453         20.453
     402 401 404            11.141         11.141
     404 405 407            20.453         20.453
     404 405 408            20.453         20.453
     405 407 409            34.200         34.200
     405 404 420            33.394         33.394
     405 408 406             8.175          8.175
     406 409 407            34.200         34.200
     407 405 408            20.453         20.453
     407 409 418            34.200         34.200
     408 406 409            10.268         10.268
     409 407 417            34.200         34.200
     401 404 420             7.629          7.629
     406 409 418            34.200         34.200
     406 408 412            25.988         25.988
     405 407 417            34.200         34.200
     412 408 405             8.175          8.175
     413 401 404            10.880         10.880
     413 401 402            22.688         22.688
     419 411 410            20.453         20.453
     410 403 402            20.453         20.453
     403 402 403            20.453         20.453
     411 410 403            20.453         20.453
     410 411 410            20.453         20.453
     414 403 402            20.453         20.453
     414 403 410            20.453         20.453
     416 410 411            20.453         20.453
     403 410 416            20.453         20.453
     415 406 408             9.932          9.932
     415 406 409            11.085         11.085

 Additional Torsional Parameters :

     Atom Classes     1-Fold    2-Fold    3-Fold    4-Fold    5-Fold    6-Fold

   405 404 401 413   0.55   0  6.19 180 -0.55   0  0.00   0  0.00   0  0.00   0
   407 405 404 401   0.00   0  0.00 180  0.30   0  0.00   0  0.00   0  0.00   0
   408 405 404 401   0.00   0  0.00 180  0.30   0  0.00   0  0.00   0  0.00   0
   410 403 402 401  -0.67   0  6.29 180  0.00   0  0.00   0  0.00   0  0.00   0
   414 403 402 401   0.55   0  6.19 180 -0.55   0  0.00   0  0.00   0  0.00   0
   405 404 401 402   0.00   0  0.00 180  0.30   0  0.00   0  0.00   0  0.00   0
   420 404 401 402   0.55   0  6.19 180 -0.55   0  0.00   0  0.00   0  0.00   0
   404 401 402 403   0.00   0  0.00 180  0.00   0  0.00   0  0.00   0  0.00   0
   403 402 401 404   0.00   0  0.00 180  0.00   0  0.00   0  0.00   0  0.00   0
   409 407 405 404  -0.67   0  6.29 180  0.00   0  0.00   0  0.00   0  0.00   0
   417 407 405 404   0.55   0  6.19 180 -0.55   0  0.00   0  0.00   0  0.00   0
   406 408 405 404  -0.67   0  6.29 180  0.00   0  0.00   0  0.00   0  0.00   0
   412 408 405 404  -0.67   0  6.29 180  0.00   0  0.00   0  0.00   0  0.00   0
   406 409 407 405  -0.67   0  6.29 180  0.00   0  0.00   0  0.00   0  0.00   0
   418 409 407 405   0.55   0  6.19 180 -0.55   0  0.00   0  0.00   0  0.00   0
   409 406 408 405  -0.67   0  6.29 180  0.00   0  0.00   0  0.00   0  0.00   0
   415 406 408 405   0.55   0  6.19 180 -0.55   0  0.00   0  0.00   0  0.00   0
   407 405 408 406  -0.67   0  6.29 180  0.00   0  0.00   0  0.00   0  0.00   0
   417 407 409 406   0.55   0  6.19 180 -0.55   0  0.00   0  0.00   0  0.00   0
   420 404 405 407   0.55   0  6.19 180 -0.55   0  0.00   0  0.00   0  0.00   0
   412 408 405 407  -0.67   0  6.29 180  0.00   0  0.00   0  0.00   0  0.00   0
   408 406 409 407  -0.67   0  6.29 180  0.00   0  0.00   0  0.00   0  0.00   0
   415 406 409 407   0.55   0  6.19 180 -0.55   0  0.00   0  0.00   0  0.00   0
   409 407 405 408  -0.67   0  6.29 180  0.00   0  0.00   0  0.00   0  0.00   0
   417 407 405 408   0.55   0  6.19 180 -0.55   0  0.00   0  0.00   0  0.00   0
   420 404 405 408   0.55   0  6.19 180 -0.55   0  0.00   0  0.00   0  0.00   0
   418 409 406 408   0.55   0  6.19 180 -0.55   0  0.00   0  0.00   0  0.00   0
   412 408 406 409  -0.67   0  6.29 180  0.00   0  0.00   0  0.00   0  0.00   0
   418 409 407 417   0.00   0  6.36 180  0.00   0  0.00   0  0.00   0  0.00   0
   413 401 404 420   0.00   0  6.36 180  0.00   0  0.00   0  0.00   0  0.00   0
   415 406 409 418   0.00   0  6.36 180  0.00   0  0.00   0  0.00   0  0.00   0
   415 406 408 412   0.55   0  6.19 180 -0.55   0  0.00   0  0.00   0  0.00   0
   410 411 410 403  -0.67   0  6.29 180  0.00   0  0.00   0  0.00   0  0.00   0
   411 410 403 402  -0.67   0  6.29 180  0.00   0  0.00   0  0.00   0  0.00   0
   410 403 402 403  -0.67   0  6.29 180  0.00   0  0.00   0  0.00   0  0.00   0
   416 410 403 402   0.55   0  6.19 180 -0.55   0  0.00   0  0.00   0  0.00   0
   414 403 402 403   0.55   0  6.19 180 -0.55   0  0.00   0  0.00   0  0.00   0
   419 411 410 403   0.55   0  6.82 180 -0.55   0  0.00   0  0.00   0  0.00   0
   416 410 411 410   0.55   0 11.38 180 -0.55   0  0.00   0  0.00   0  0.00   0
   414 403 410 411   0.55   0 11.38 180 -0.55   0  0.00   0  0.00   0  0.00   0
   416 410 403 414   0.00   0  6.36 180  0.00   0  0.00   0  0.00   0  0.00   0
   419 411 410 416   0.00   0  6.36 180  0.00   0  0.00   0  0.00   0  0.00   0
   403 402 401 413   0.00   0  0.00 180  0.11   0  0.00   0  0.00   0  0.00   0

 Additional Atomic Multipole Parameters :

     Atom Type     Coordinate Frame Definition         Multipole Moments

         413      401    402      0   Z-then-X     0.20172
                                                  -0.04371  0.00000  0.01646
                                                   0.13259
                                                   0.00000 -0.07623
                                                  -0.07928  0.00000 -0.05636

         401      402    404      0   Z-then-X    -0.17681
                                                   0.04470  0.00000  0.10894
                                                   0.66923
                                                   0.00000 -0.73362
                                                   0.00905  0.00000  0.06439

         402      403    403      0   Bisector     0.09509
                                                   0.00000  0.00000 -0.16319
                                                  -0.32579
                                                   0.00000 -0.01902
                                                   0.00000  0.00000  0.34481

         403      402    410      0   Z-then-X    -0.07759
                                                  -0.14484  0.00000 -0.08192
                                                  -0.02875
                                                   0.00000 -0.11476
                                                  -0.16277  0.00000  0.14351

         404      401    405      0   Z-then-X     0.09340
                                                  -0.19187  0.00000  0.32139
                                                  -0.78273
                                                   0.00000  0.22177
                                                   0.40863  0.00000  0.56096

         405      408    404      0   Z-then-X    -0.13481
                                                   0.14144  0.00000 -0.17492
                                                   0.54832
                                                   0.00000 -0.30974
                                                   0.07942  0.00000 -0.23858

         406      408    409      0   Z-then-X    -0.25519
                                                   0.09419  0.00000 -0.12211
                                                   0.83837
                                                   0.00000 -0.84571
                                                   0.20693  0.00000  0.00734

         407      405    409      0   Z-then-X    -0.09439
                                                  -0.02138  0.00000  0.10604
                                                   0.25259
                                                   0.00000 -0.36805
                                                   0.44595  0.00000  0.11546

         408      412    406      0   Z-then-X     0.80827
                                                   0.11887  0.00000  0.28111
                                                  -0.06371
                                                   0.00000 -0.18534
                                                  -0.48190  0.00000  0.24905

         409      406    407      0   Z-then-X     0.11997
                                                   0.02128  0.00000  0.40413
                                                  -0.15855
                                                   0.00000 -0.49362
                                                   0.06387  0.00000  0.65217

         410      403    411      0   Z-then-X     0.08228
                                                   0.17318  0.00000  0.10669
                                                   0.43008
                                                   0.00000 -0.39828
                                                   0.37440  0.00000 -0.03180

         411      410    410      0   Bisector    -0.04513
                                                   0.00000  0.00000 -0.08194
                                                   0.22672
                                                   0.00000 -0.18114
                                                   0.00000  0.00000 -0.04558

         414      403    402      0   Z-then-X     0.01209
                                                  -0.01426  0.00000 -0.17616
                                                   0.07848
                                                   0.00000  0.00035
                                                  -0.01862  0.00000 -0.07883

         415      406    408      0   Z-then-X     0.10070
                                                   0.02130  0.00000 -0.18388
                                                   0.08419
                                                   0.00000 -0.03554
                                                   0.00361  0.00000 -0.04865

         412      408    406      0   Z-then-X    -0.81949
                                                   0.04237  0.00000 -0.16994
                                                  -0.54199
                                                   0.00000  0.25674
                                                   0.07375  0.00000  0.28525

         416      410    403      0   Z-then-X     0.00895
                                                  -0.00538  0.00000 -0.14821
                                                   0.10391
                                                   0.00000 -0.00513
                                                  -0.00108  0.00000 -0.09878

         417      407    405      0   Z-then-X     0.00573
                                                   0.01609  0.00000 -0.18308
                                                   0.15733
                                                   0.00000 -0.02164
                                                   0.03519  0.00000 -0.13569

         418      409    406      0   Z-then-X     0.02558
                                                  -0.02359  0.00000 -0.20358
                                                   0.14970
                                                   0.00000 -0.00725
                                                   0.00405  0.00000 -0.14245

         419      411    410      0   Z-then-X     0.00711
                                                  -0.00389  0.00000 -0.18143
                                                   0.09066
                                                   0.00000  0.00752
                                                  -0.00846  0.00000 -0.09818

         420      404    401      0   Z-then-X     0.01679
                                                  -0.01120  0.00000 -0.19196
                                                   0.08442
                                                   0.00000 -0.00233
                                                  -0.03050  0.00000 -0.08209

 Additional Charge Penetration Parameters :

     Atom Class           Core Chg           Damp

         413                 0.000         0.0000
         401                 0.000         0.0000
         402                 0.000         0.0000
         403                 0.000         0.0000
         404                 0.000         0.0000
         405                 0.000         0.0000
         406                 0.000         0.0000
         407                 0.000         0.0000
         408                 0.000         0.0000
         409                 0.000         0.0000
         410                 0.000         0.0000
         411                 0.000         0.0000
         414                 0.000         0.0000
         415                 0.000         0.0000
         412                 0.000         0.0000
         416                 0.000         0.0000
         417                 0.000         0.0000
         418                 0.000         0.0000
         419                 0.000         0.0000
         420                 0.000         0.0000

 Additional Atomic Dipole Polarizability Parameters :

     Atom Type           Alpha       Thole     Group Atom Types

         413             0.457       0.390         401
         401             1.185       0.390         413
         402             1.600       0.390         403
         403             1.600       0.390         402  410  414
         404             2.065       0.390         420
         405             2.065       0.390         407  408
         406             1.243       0.390         408  409  415
         407             2.065       0.390         405  409  417
         408             1.600       0.390         405  406  412
         409             2.065       0.390         406  407  418
         410             1.600       0.390         403  411  416
         411             1.600       0.390         410  419
         414             0.432       0.390         403
         415             0.457       0.390         406
         412             0.914       0.390         408
         416             0.432       0.390         410
         417             0.432       0.390         407
         418             0.432       0.390         409
         419             0.432       0.390         411
         420             0.432       0.390         404

 Additional van der Waals Parameters :

     Atom Class               Size        Epsilon        Reduction

         418                2.9300         0.0260          0.910
         420                2.9800         0.0240          0.920
         417                2.9800         0.0240          0.920
         419                2.9800         0.0260          0.920
         404                3.8200         0.1010          0.000
         408                3.8200         0.1060          0.000
         412                3.3000         0.1120          0.000
         401                3.7100         0.1100          0.000
         406                3.7100         0.1050          0.000
         413                2.7000         0.0200          0.910
         415                2.6500         0.0200          0.890
         409                3.8200         0.1010          0.000
         402                3.8000         0.0890          0.000
         410                3.8000         0.0890          0.000
         411                3.8000         0.0890          0.000
         414                2.9800         0.0260          0.920
         416                2.9800         0.0260          0.920
         405                3.8200         0.1010          0.000
         407                3.8200         0.1010          0.000
         403                3.8000         0.0890          0.000

 Additional Solvation Parameters :

     Atom Type                PB Size     CS Size     GK Size

         420             2.5740      2.7580      2.9054
         419             3.0020      2.6350      3.3763
         415             3.6491      3.4040      2.9894
         403             3.8585      3.7660      3.8448
         408             3.3967      3.2550      4.7385
         411             3.8286      3.8930      4.5084
         410             3.8286      3.8930      4.5084
         409             2.9301      4.5060      4.2118
         402             3.6909      3.7660      4.4258
         406             2.8836      2.9900      3.2180
         412             2.9835      3.3560      2.9616

 Limited Memory BFGS Quasi-Newton Optimization :

 QN Iter     F Value      G RMS      F Move   X Move   Angle  FG Call  Comment

     0      884.0231  1290.1884                                   1
     1      348.1457   764.8307    535.8774   0.0344    0.00      3    Success 
     2      126.6672   435.0808    221.4785   0.0180   30.88      4    Success 
     3        4.8016    62.9717    121.8656   0.0262   30.72      5    Success 
     4        1.4669    33.2910      3.3347   0.0034   23.07      6    Success 
     5       -0.4452    15.3137      1.9120   0.0041   17.23      7    Success 
     6       -1.0723    11.7615      0.6271   0.0025   25.75      8    Success 
     7       -2.0384    15.3450      0.9661   0.0053   33.23      9    Success 
     8       -3.4410    18.8418      1.4026   0.0102   59.18     10    Success 
     9       -5.0747    35.1217      1.6337   0.0170   68.66     11    Success 
    10       -6.7208    14.3940      1.6461   0.0154   78.68     12    Success 
    11       -7.4754     9.2971      0.7546   0.0075   63.05     13    Success 
    12       -7.9005     9.6792      0.4250   0.0041   54.71     14    Success 
    13       -8.5800     9.9313      0.6796   0.0074   60.56     15    Success 
    14       -9.5162    14.2799      0.9362   0.0142   66.30     16    Success 
    15      -10.1270     6.9757      0.6108   0.0130   77.34     17    Success 
    16      -10.4370     5.9151      0.3100   0.0059   65.78     18    Success 
    17      -10.8852     9.8290      0.4482   0.0084   58.73     19    Success 
    18      -11.2053     5.1390      0.3200   0.0091   76.31     20    Success 
    19      -11.3727     4.4625      0.1674   0.0040   64.81     21    Success 
    20      -11.6242     6.5107      0.2515   0.0063   60.36     22    Success 
    21      -11.8222     4.5493      0.1981   0.0074   74.30     23    Success 
    22      -11.9657     7.2042      0.1435   0.0051   70.37     24    Success 
    23      -12.0913    12.4457      0.1256   0.0077   77.58     25    Success 
    24      -12.1635     3.6988      0.0722   0.0019   77.70     26    Success 
    25      -12.1896     3.3228      0.0260   0.0009   65.18     27    Success 
    26      -12.2350     3.5934      0.0454   0.0015   63.98     28    Success 
    27      -12.3163     4.1694      0.0813   0.0028   67.78     29    Success 
    28      -12.4574     4.8880      0.1411   0.0054   72.59     30    Success 
    29      -12.6742     6.9908      0.2167   0.0099   75.93     31    Success 
    30      -12.9541     6.9045      0.2800   0.0182   81.84     32    Success 
    31      -13.1468    11.4088      0.1927   0.0190   83.27     33    Success 
    32      -13.3872     7.0137      0.2404   0.0142   84.31     34    Success 
    33      -13.5930     5.9231      0.2058   0.0050   71.25     35    Success 
    34      -13.8566     4.6211      0.2636   0.0088   72.50     36    Success 
    35      -14.0563     4.3338      0.1997   0.0106   76.42     37    Success 
    36      -14.2867     6.6391      0.2303   0.0158   77.03     38    Success 
    37      -14.4838     5.3448      0.1971   0.0175   81.58     39    Success 
    38      -14.6333     3.6137      0.1495   0.0049   71.57     40    Success 
    39      -14.8008     3.5861      0.1675   0.0070   66.55     41    Success 
    40      -15.0402     3.7803      0.2394   0.0129   74.02     42    Success 
    41      -15.3214     5.7633      0.2812   0.0213   75.62     43    Success 
    42      -15.5037     4.6924      0.1824   0.0157   79.77     44    Success 
    43      -15.6149     7.9913      0.1111   0.0203   81.08     45    Success 
    44      -15.7306    11.3239      0.1157   0.0029   66.80     46    Success 
    45      -15.8503     4.5242      0.1198   0.0029   75.96     47    Success 
    46      -15.9392     5.4084      0.0889   0.0108   84.36     48    Success 
    47      -16.0785     4.5414      0.1393   0.0112   82.95     49    Success 
    48      -16.2504     8.4190      0.1719   0.0223   83.41     50    Success 
    49      -16.4113     3.2818      0.1608   0.0109   82.95     51    Success 
    50      -16.4762     2.8056      0.0650   0.0023   62.17     52    Success 
    51      -16.5723     2.8199      0.0961   0.0035   56.84     53    Success 
    52      -16.6404     8.1517      0.0681   0.0058   60.88     54    Success 
    53      -16.7298     3.5859      0.0894   0.0089   85.53     55    Success 
    54      -16.7946     3.2848      0.0648   0.0102   83.91     56    Success 
    55      -16.8482     3.8025      0.0536   0.0085   83.23     57    Success 
    56      -16.8993     6.3351      0.0511   0.0104   83.50     58    Success 
    57      -16.9511     2.9169      0.0518   0.0046   84.33     59    Success 
    58      -16.9923     2.6029      0.0412   0.0030   72.02     60    Success 
    59      -17.0164     2.5505      0.0241   0.0022   77.83     61    Success 
    60      -17.0550     3.0265      0.0385   0.0032   75.75     62    Success 
    61      -17.0989     2.2387      0.0439   0.0053   78.56     63    Success 
    62      -17.1297     1.9062      0.0309   0.0032   74.27     64    Success 
    63      -17.1659     2.1134      0.0362   0.0037   75.02     65    Success 
    64      -17.2185     1.9564      0.0526   0.0048   72.66     66    Success 
    65      -17.2287     3.5292      0.0102   0.0086   74.92     67    Success 
    66      -17.2385     5.0407      0.0098   0.0028   85.15     68    Success 
    67      -17.2547     3.4625      0.0162   0.0012   82.25     69    Success 
    68      -17.2716     0.9052      0.0170   0.0018   78.87     70    Success 
    69      -17.2758     0.8749      0.0041   0.0006   69.58     71    Success 
    70      -17.2824     1.0774      0.0066   0.0008   62.09     72    Success 
    71      -17.2925     1.5253      0.0101   0.0020   75.08     73    Success 
    72      -17.2954     1.8869      0.0029   0.0036   81.13     74    Success 
    73      -17.3005     1.4098      0.0051   0.0011   83.12     75    Success 
    74      -17.3083     0.7692      0.0078   0.0016   79.25     76    Success 
    75      -17.3136     1.6785      0.0053   0.0030   78.64     77    Success 
    76      -17.3174     1.2065      0.0038   0.0013   81.24     78    Success 
    77      -17.3207     0.9890      0.0033   0.0005   75.42     79    Success 
    78      -17.3265     0.7536      0.0058   0.0008   70.00     80    Success 
    79      -17.3348     1.1840      0.0083   0.0017   67.34     81    Success 
    80      -17.3373     2.4363      0.0025   0.0029   78.39     82    Success 
    81      -17.3413     1.3019      0.0040   0.0003   73.53     83    Success 
    82      -17.3454     0.8764      0.0041   0.0007   73.94     84    Success 
    83      -17.3477     1.1102      0.0023   0.0006   77.55     85    Success 
    84      -17.3516     1.1628      0.0039   0.0009   79.12     86    Success 
    85      -17.3583     1.1092      0.0068   0.0014   78.71     87    Success 
    86      -17.3641     2.4494      0.0058   0.0029   79.86     88    Success 
    87      -17.3723     1.7726      0.0081   0.0018   83.75     89    Success 
    88      -17.3768     1.8311      0.0045   0.0033   84.21     90    Success 
    89      -17.3801     1.0423      0.0032   0.0012   84.05     91    Success 
    90      -17.3816     1.1221      0.0016   0.0004   78.79     92    Success 
    91      -17.3845     1.0253      0.0029   0.0004   72.47     93    Success 
    92      -17.3895     1.1530      0.0050   0.0013   79.33     94    Success 
    93      -17.3946     1.4675      0.0052   0.0018   78.37     95    Success 
    94      -17.4010     0.7163      0.0064   0.0035   85.20     96    Success 
    95      -17.4041     0.6050      0.0031   0.0014   81.21     97    Success 
    96      -17.4090     0.5495      0.0049   0.0020   77.77     98    Success 
    97      -17.4112     1.5653      0.0022   0.0014   75.63    100    Success 
    98      -17.4145     0.9639      0.0033   0.0013   84.65    101    Success 
    99      -17.4173     0.5882      0.0028   0.0010   80.14    102    Success 
   100      -17.4198     0.5823      0.0026   0.0010   76.54    103    Success 
   101      -17.4230     0.6474      0.0032   0.0013   75.87    104    Success 
   102      -17.4273     0.7946      0.0042   0.0018   77.60    105    Success 
   103      -17.4283     2.1400      0.0011   0.0024   79.23    106    Success 
   104      -17.4302     1.6151      0.0019   0.0001   69.75    107    Success 
   105      -17.4332     0.7683      0.0030   0.0004   76.77    108    Success 
   106      -17.4353     0.5621      0.0021   0.0009   77.48    109    Success 
   107      -17.4362     0.6513      0.0009   0.0005   81.84    110    Success 
   108      -17.4378     0.6305      0.0016   0.0007   80.05    111    Success 
   109      -17.4399     1.0126      0.0022   0.0012   80.24    112    Success 
   110      -17.4431     0.7856      0.0032   0.0016   83.38    113    Success 
   111      -17.4440     1.2313      0.0009   0.0009   83.86    115    Success 
   112      -17.4454     0.7150      0.0014   0.0008   85.54    116    Success 
   113      -17.4470     0.4705      0.0016   0.0010   81.83    117    Success 
   114      -17.4479     0.5807      0.0009   0.0004   73.26    118    Success 
   115      -17.4492     0.4323      0.0013   0.0006   77.05    119    Success 
   116      -17.4507     0.8189      0.0014   0.0011   76.22    120    Success 
   117      -17.4523     0.4874      0.0016   0.0008   81.87    121    Success 
   118      -17.4544     0.8009      0.0021   0.0015   79.64    122    Success 
   119      -17.4560     0.7801      0.0016   0.0013   85.17    123    Success 
   120      -17.4585     0.6699      0.0025   0.0014   83.13    124    Success 
   121      -17.4597     1.1787      0.0012   0.0011   82.54    126    Success 
   122      -17.4613     0.5513      0.0016   0.0011   85.73    127    Success 
   123      -17.4621     0.4124      0.0008   0.0006   82.68    128    Success 
   124      -17.4633     0.6627      0.0011   0.0008   79.47    129    Success 
   125      -17.4647     0.8082      0.0014   0.0010   83.32    130    Success 
   126      -17.4668     0.7520      0.0021   0.0016   84.66    131    Success 
   127      -17.4678     0.8998      0.0009   0.0011   84.67    133    Success 
   128      -17.4692     0.5499      0.0014   0.0008   84.17    134    Success 
   129      -17.4704     0.3036      0.0012   0.0010   81.55    135    Success 
   130      -17.4712     0.3083      0.0007   0.0006   76.10    136    Success 
   131      -17.4722     0.3961      0.0011   0.0010   78.02    137    Success 
   132      -17.4732     0.6563      0.0010   0.0013   79.94    138    Success 
   133      -17.4739     0.7731      0.0007   0.0005   80.33    139    Success 
   134      -17.4745     0.2961      0.0006   0.0005   82.70    140    Success 
   135      -17.4748     0.2725      0.0002   0.0002   74.24    141    Success 
   136      -17.4751     0.2315      0.0003   0.0002   75.04    142    Success 
   137      -17.4756     0.2333      0.0005   0.0004   73.89    143    Success 
   138      -17.4763     0.3905      0.0007   0.0007   75.27    144    Success 
   139      -17.4768     0.5241      0.0005   0.0010   81.16    145    Success 
   140      -17.4771     0.2071      0.0004   0.0001   73.19    146    Success 
   141      -17.4774     0.2555      0.0002   0.0001   48.16    147    Success 
   142      -17.4776     0.2917      0.0003   0.0002   71.33    148    Success 
   143      -17.4780     0.2825      0.0004   0.0003   77.08    149    Success 
   144      -17.4783     0.5970      0.0002   0.0003   79.11    151    Success 
   145      -17.4786     0.3904      0.0003   0.0004   85.40    152    Success 
   146      -17.4790     0.1638      0.0004   0.0007   84.49    153    Success 
   147      -17.4791     0.1831      0.0001   0.0002   78.16    154    Success 
   148      -17.4793     0.1801      0.0002   0.0002   75.10    155    Success 
   149      -17.4794     0.6842      0.0001   0.0003   69.90    156    Success 
   150      -17.4795     0.5779      0.0001   0.0001   82.63    157    Success 
   151      -17.4796     0.3663      0.0002   0.0001   79.75    158    Success 
   152      -17.4798     0.1231      0.0002   0.0002   78.41    159    Success 
   153      -17.4799     0.1570      0.0000   0.0001   73.16    160    Success 
   154      -17.4800     0.1863      0.0001   0.0001   75.77    161    Success 
   155      -17.4801     0.1830      0.0001   0.0002   77.76    162    Success 
   156      -17.4802     0.1970      0.0001   0.0003   79.72    163    Success 
   157      -17.4802     0.0718      0.0000   0.0001   80.68    164   SmallGrad

 LBFGS  --  Normal Termination due to SmallGrad

 Final Function Value :          -17.48022138
 Final RMS Gradient :              0.07179809
 Final Gradient Norm :             0.35173736
