
     ######################################################################
   ##########################################################################
  ###                                                                      ###
 ###            Tinker  ---  Software Tools for Molecular Design            ###
 ##                                                                          ##
 ##                      Version 8.10.5   February 2023                      ##
 ##                                                                          ##
 ##               Copyright (c)  Jay William Ponder  1990-2023               ##
 ###                           All Rights Reserved                          ###
  ###                                                                      ###
   ##########################################################################
     ######################################################################


 Additional Atom Definition Parameters :

     Type  Class  Symbol  Description               Atomic    Mass   Valence

      401   401     C     3_24_Index_0                 6     12.011     3
      402   402     N     3_24_Index_0                 7     14.007     3
      403   403     C     3_24_Index_0                 6     12.011     3
      404   404     C     3_24_Index_0                 6     12.011     3
      405   405     C     3_24_Index_0                 6     12.011     4
      407   407     C     3_24_Index_0                 6     12.011     3
      406   406     C     3_24_Index_0                 6     12.011     3
      409   409     H     3_24_Index_0                 1      1.008     1
      408   408     O     3_24_Index_0                 8     15.999     1
      410   410     H     3_24_Index_0                 1      1.008     1
      411   411     H     3_24_Index_0                 1      1.008     1
      412   412     H     3_24_Index_0                 1      1.008     1
      413   413     H     3_24_Index_0                 1      1.008     1

 Additional Bond Stretching Parameters :

     Atom Classes             K(S)         Length

       408 401             558.795         1.2300
       402 403             263.322         1.4200
       407 406             379.094         1.3900
       404 403             379.094         1.4000
       406 404             379.094         1.3900
       406 407             379.094         1.3900
       409 404             368.093         1.0800
       411 406             368.093         1.0900
       412 407             368.093         1.0900
       402 401             332.242         1.3800
       413 401             382.640         1.1000
       405 402             263.322         1.4600
       410 405             345.979         1.0900

 Additional Angle Bending Parameters :

     Atom Classes             K(B)          Angle

     410 405 402            72.293        110.240
     410 405 410            36.407        108.680

 Additional In-Plane Angle Bending Parameters :

     Atom Classes             K(B)          Angle

     402 403 404            64.514        120.170
     408 401 413            43.607        122.030
     402 401 408            51.798        126.620
     403 402 401            70.723        122.190
     403 402 405            70.723        118.750
     407 406 404            74.631        120.690
     406 404 403            74.631        119.860
     404 403 404            74.631        119.610
     406 407 406            74.631        119.290
     409 404 403            36.770        120.270
     411 406 404            36.770        119.170
     409 404 406            36.770        119.860
     412 407 406            36.770        120.360
     411 406 407            36.770        120.140
     405 402 401            70.723        118.690
     413 401 402            51.546        110.102

 Additional Stretch-Bend Parameters :

     Atom Classes          K(SB)-1        K(SB)-2

     402 403 404            20.453         20.453
     408 401 413            25.988         25.988
     402 401 408             8.175          8.175
     403 402 401            10.229         10.229
     403 402 405            10.229         10.229
     407 406 404            20.453         20.453
     406 404 403            20.453         20.453
     404 403 404            20.453         20.453
     406 407 406            20.453         20.453
     409 404 403            20.453         20.453
     411 406 404            20.453         20.453
     409 404 406            20.453         20.453
     412 407 406            20.453         20.453
     411 406 407            20.453         20.453
     405 402 401            10.229         10.229
     413 401 402             8.175          8.175
     410 405 402            20.453         20.453
     410 405 410             5.713          5.713

 Additional Torsional Parameters :

     Atom Classes     1-Fold    2-Fold    3-Fold    4-Fold    5-Fold    6-Fold

   404 403 402 401   0.00   0  0.00 180  0.00   0  0.00   0  0.00   0  0.00   0
   409 404 403 402   0.55   0  6.19 180 -0.55   0  0.00   0  0.00   0  0.00   0
   406 404 403 402  -0.67   0  6.29 180  0.00   0  0.00   0  0.00   0  0.00   0
   408 401 402 403   0.00   0  0.00 180  0.30   0  0.00   0  0.00   0  0.00   0
   410 405 402 401   0.00   0  0.00 180  0.00   0  0.00   0  0.00   0  0.00   0
   413 401 402 403   0.55   0  6.19 180 -0.55   0  0.00   0  0.00   0  0.00   0
   410 405 402 403   0.00   0  0.00 180  0.00   0  0.00   0  0.00   0  0.00   0
   413 401 402 405   0.55   0  6.19 180 -0.55   0  0.00   0  0.00   0  0.00   0
   408 401 402 405   1.00   0  5.67 180 -2.25   0  0.00   0  0.00   0  0.00   0
   406 407 406 404  -0.67   0  6.29 180  0.00   0  0.00   0  0.00   0  0.00   0
   412 407 406 404   0.55   0  6.82 180 -0.55   0  0.00   0  0.00   0  0.00   0
   407 406 404 403  -0.67   0  6.29 180  0.00   0  0.00   0  0.00   0  0.00   0
   406 404 403 404  -0.67   0  6.29 180  0.00   0  0.00   0  0.00   0  0.00   0
   411 406 404 403   0.55   0  6.19 180 -0.55   0  0.00   0  0.00   0  0.00   0
   409 404 403 404   0.55   0  6.19 180 -0.55   0  0.00   0  0.00   0  0.00   0
   411 406 407 406   0.55   0 11.38 180 -0.55   0  0.00   0  0.00   0  0.00   0
   409 404 406 407   0.55   0 11.38 180 -0.55   0  0.00   0  0.00   0  0.00   0
   411 406 404 409   0.00   0  6.36 180  0.00   0  0.00   0  0.00   0  0.00   0
   412 407 406 411   0.00   0  6.36 180  0.00   0  0.00   0  0.00   0  0.00   0
   405 402 403 404   0.00   0  0.00 180  0.00   0  0.00   0  0.00   0  0.00   0
   404 403 402 405   0.00   0  0.00 180  0.00   0  0.00   0  0.00   0  0.00   0

 Additional Atomic Multipole Parameters :

     Atom Type     Coordinate Frame Definition         Multipole Moments

         401      408    402      0   Z-then-X     0.58639
                                                   0.38691  0.00000  0.22052
                                                  -0.02756
                                                   0.00000 -0.03756
                                                   0.03245  0.00000  0.06512

         402      405    403      0   Z-then-X    -0.15776
                                                   0.00426  0.00000  0.15104
                                                   0.19038
                                                   0.00000 -0.79424
                                                  -0.04585  0.00000  0.60386

         403      404    404      0   Bisector     0.04387
                                                   0.00000  0.00000 -0.29639
                                                  -0.32983
                                                   0.00000 -0.03320
                                                   0.00000  0.00000  0.36303

         404      403    406      0   Z-then-X    -0.08843
                                                  -0.10744  0.00000 -0.08281
                                                  -0.05708
                                                   0.00000 -0.04847
                                                  -0.14390  0.00000  0.10555

         405      402    403      0   Z-then-X    -0.01227
                                                  -0.02151  0.00000  0.27046
                                                  -0.44062
                                                   0.00000 -0.31839
                                                  -0.02372  0.00000  0.75901

         406      404    407      0   Z-then-X     0.09571
                                                   0.20473  0.00000  0.12478
                                                   0.55613
                                                   0.00000 -0.47565
                                                   0.45799  0.00000 -0.08048

         407      406    406      0   Bisector    -0.04367
                                                   0.00000  0.00000 -0.10663
                                                   0.24915
                                                   0.00000 -0.17205
                                                   0.00000  0.00000 -0.07710

         409      404    403      0   Z-then-X     0.03873
                                                  -0.00820  0.00000 -0.14567
                                                   0.06300
                                                   0.00000 -0.00291
                                                   0.03089  0.00000 -0.06009

         408      401    402      0   Z-then-X    -0.61718
                                                  -0.13622  0.00000  0.00170
                                                  -0.40424
                                                   0.00000  0.09749
                                                  -0.25825  0.00000  0.30675

         410      405    402      0   Z-then-X     0.05231
                                                   0.01170  0.00000 -0.09112
                                                   0.04510
                                                   0.00000  0.01080
                                                  -0.00409  0.00000 -0.05590

         411      406    404      0   Z-then-X     0.00671
                                                  -0.00934  0.00000 -0.13986
                                                   0.08830
                                                   0.00000  0.00318
                                                  -0.00073  0.00000 -0.09148

         412      407    406      0   Z-then-X     0.00441
                                                  -0.01731  0.00000 -0.18482
                                                   0.08707
                                                   0.00000  0.01160
                                                  -0.05562  0.00000 -0.09867

         413      401    408      0   Z-then-X    -0.06616
                                                   0.03313  0.00000 -0.23044
                                                   0.09962
                                                   0.00000  0.06916
                                                   0.02580  0.00000 -0.16878

 Additional Charge Penetration Parameters :

     Atom Class           Core Chg           Damp

         401                 0.000         0.0000
         402                 0.000         0.0000
         403                 0.000         0.0000
         404                 0.000         0.0000
         405                 0.000         0.0000
         406                 0.000         0.0000
         407                 0.000         0.0000
         409                 0.000         0.0000
         408                 0.000         0.0000
         410                 0.000         0.0000
         411                 0.000         0.0000
         412                 0.000         0.0000
         413                 0.000         0.0000

 Additional Atomic Dipole Polarizability Parameters :

     Atom Type           Alpha       Thole     Group Atom Types

         401             1.600       0.390         402  408  413
         402             1.243       0.390         401
         403             1.600       0.390         404
         404             1.600       0.390         403  406  409
         405             1.620       0.390         410
         407             1.600       0.390         406  412
         406             1.600       0.390         404  407  411
         409             0.432       0.390         404
         408             0.914       0.390         401
         410             0.480       0.390         405
         411             0.432       0.390         406
         412             0.432       0.390         407
         413             0.480       0.390         401

 Additional van der Waals Parameters :

     Atom Class               Size        Epsilon        Reduction

         413                2.9200         0.0300          0.920
         412                2.9800         0.0260          0.920
         405                3.8200         0.1010          0.000
         410                2.9000         0.0220          0.900
         401                3.7800         0.1060          0.000
         408                3.3000         0.1120          0.000
         402                3.7100         0.1100          0.000
         407                3.8000         0.0890          0.000
         404                3.8000         0.0890          0.000
         403                3.8000         0.0890          0.000
         411                2.9800         0.0260          0.920
         409                2.9800         0.0260          0.920
         406                3.8000         0.0890          0.000

 Additional Solvation Parameters :

     Atom Type                PB Size     CS Size     GK Size

         413             3.0352      2.6860      3.3152
         410             2.2886      2.0030      2.6260
         412             3.0020      2.6350      3.3763
         404             3.8585      3.7660      3.8448
         401             2.9301      4.5060      4.2118
         406             3.8286      3.8930      4.5084
         407             3.8286      3.8930      4.5084
         403             3.6909      3.7660      4.4258
         405             3.5062      3.3090      4.5360
         402             2.8836      2.9900      3.2180
         408             2.9835      3.3560      2.9616

 Limited Memory BFGS Quasi-Newton Optimization :

 QN Iter     F Value      G RMS      F Move   X Move   Angle  FG Call  Comment

     0      456.8895  1049.1371                                   1
     1      211.2675   400.8979    245.6220   0.0223    0.00      3    Success 
     2      147.5984   352.2369     63.6691   0.0102   20.16      4    Success 
     3       51.5054   190.3039     96.0931   0.0210   25.20      5    Success 
     4       12.4469    30.3450     39.0585   0.0252   30.71      6    Success 
     5       11.7619    16.2407      0.6849   0.0021   35.95      7    Success 
     6       11.3260    21.2594      0.4359   0.0027   39.16      8    Success 
     7       10.7712    20.7271      0.5548   0.0034   61.31      9    Success 
     8        9.8540    19.7740      0.9172   0.0061   62.70     10    Success 
     9        8.5451    20.1427      1.3089   0.0121   66.30     11    Success 
    10        7.4858    22.7353      1.0593   0.0148   73.54     12    Success 
    11        6.5514     9.9418      0.9343   0.0122   75.99     13    Success 
    12        5.8801     7.5342      0.6713   0.0121   62.06     14    Success 
    13        5.3880     6.1463      0.4921   0.0073   52.27     15    Success 
    14        4.6893     7.4181      0.6987   0.0133   50.58     16    Success 
    15        4.1111     7.2463      0.5782   0.0160   67.92     17    Success 
    16        3.7395     4.9597      0.3716   0.0128   72.07     18    Success 
    17        3.4185     4.9346      0.3210   0.0108   64.84     19    Success 
    18        3.0102     5.1659      0.4083   0.0147   63.84     20    Success 
    19        2.7145     4.2958      0.2957   0.0120   68.82     21    Success 
    20        2.4485     3.7888      0.2660   0.0110   65.58     22    Success 
    21        2.1692     3.5826      0.2794   0.0130   65.14     23    Success 
    22        1.9469     9.8738      0.2222   0.0144   68.21     24    Success 
    23        1.7982     5.1960      0.1487   0.0111   82.47     25    Success 
    24        1.7127     3.6613      0.0855   0.0035   70.65     26    Success 
    25        1.6043     3.4180      0.1084   0.0056   65.37     27    Success 
    26        1.5736     9.0002      0.0307   0.0058   71.50     28    Success 
    27        1.5290     3.5939      0.0447   0.0012   73.21     29    Success 
    28        1.4964     2.7625      0.0325   0.0017   66.06     30    Success 
    29        1.4739     3.0332      0.0226   0.0018   71.43     31    Success 
    30        1.4342     3.2393      0.0397   0.0025   71.85     32    Success 
    31        1.3744     3.1485      0.0598   0.0039   70.45     33    Success 
    32        1.2943     2.7920      0.0801   0.0082   75.94     34    Success 
    33        1.2494     3.7834      0.0448   0.0074   77.58     35    Success 
    34        1.2282     2.2146      0.0213   0.0015   75.67     36    Success 
    35        1.2010     2.0126      0.0272   0.0021   63.73     37    Success 
    36        1.1737     2.4187      0.0272   0.0023   67.79     38    Success 
    37        1.1273     2.7406      0.0465   0.0041   73.26     39    Success 
    38        1.0495     3.1396      0.0778   0.0076   76.34     40    Success 
    39        0.9615     3.3997      0.0880   0.0122   77.62     41    Success 
    40        0.8843     3.4250      0.0773   0.0186   81.58     42    Success 
    41        0.8405     1.5641      0.0438   0.0016   55.34     43    Success 
    42        0.8022     2.5181      0.0383   0.0027   44.51     44    Success 
    43        0.7743     2.0669      0.0279   0.0032   75.46     45    Success 
    44        0.7655     4.6749      0.0088   0.0024   79.04     47    Success 
    45        0.7511     3.1422      0.0143   0.0026   85.68     48    Success 
    46        0.7322     1.5512      0.0190   0.0054   84.86     49    Success 
    47        0.7224     1.8619      0.0098   0.0031   81.72     50    Success 
    48        0.7086     1.7852      0.0138   0.0033   80.85     51    Success 
    49        0.7063     7.8171      0.0023   0.0035   76.58     52    Success 
    50        0.6882     4.8557      0.0181   0.0010   81.48     54    Success 
    51        0.6646     1.5365      0.0237   0.0019   77.95     55    Success 
    52        0.6514     2.4593      0.0132   0.0017   69.80     56    Success 
    53        0.6351     2.4582      0.0163   0.0030   80.54     57    Success 
    54        0.6094     2.5866      0.0257   0.0037   79.13     58    Success 
    55        0.5929     5.2921      0.0165   0.0096   83.75     59    Success 
    56        0.5690     2.6473      0.0239   0.0026   82.63     60    Success 
    57        0.5546     1.3915      0.0144   0.0014   71.25     61    Success 
    58        0.5475     1.6846      0.0071   0.0009   68.67     62    Success 
    59        0.5351     1.9265      0.0124   0.0017   74.37     63    Success 
    60        0.5137     2.1549      0.0214   0.0032   77.85     64    Success 
    61        0.4791     2.5903      0.0345   0.0063   80.46     65    Success 
    62        0.4651     2.0192      0.0141   0.0045   82.75     67    Success 
    63        0.4428     1.6551      0.0223   0.0049   81.41     68    Success 
    64        0.4151     1.2295      0.0277   0.0091   81.06     69    Success 
    65        0.3991     1.6518      0.0160   0.0077   80.14     70    Success 
    66        0.3943     3.1305      0.0048   0.0011   74.37     72    Success 
    67        0.3862     1.9081      0.0081   0.0009   79.33     73    Success 
    68        0.3759     0.7381      0.0103   0.0015   72.61     74    Success 
    69        0.3724     0.8202      0.0035   0.0012   73.88     75    Success 
    70        0.3668     0.9143      0.0056   0.0020   76.90     76    Success 
    71        0.3619     1.9637      0.0049   0.0044   81.58     77    Success 
    72        0.3575     1.0047      0.0044   0.0028   84.83     78    Success 
    73        0.3560     0.5497      0.0015   0.0004   75.49     79    Success 
    74        0.3543     0.6459      0.0016   0.0004   57.72     80    Success 
    75        0.3528     0.7547      0.0016   0.0005   69.12     81    Success 
    76        0.3500     0.7164      0.0027   0.0008   73.60     82    Success 
    77        0.3455     0.8024      0.0045   0.0014   72.92     83    Success 
    78        0.3435     2.4635      0.0020   0.0029   78.18     84    Success 
    79        0.3401     1.8086      0.0034   0.0007   82.83     85    Success 
    80        0.3354     0.7049      0.0047   0.0015   82.62     86    Success 
    81        0.3335     0.4763      0.0019   0.0012   79.90     87    Success 
    82        0.3320     0.5717      0.0016   0.0010   76.91     88    Success 
    83        0.3293     0.6080      0.0026   0.0013   76.91     89    Success 
    84        0.3250     0.6780      0.0043   0.0021   77.34     90    Success 
    85        0.3210     0.8754      0.0039   0.0041   80.49     91    Success 
    86        0.3162     0.4871      0.0049   0.0029   80.43     92    Success 
    87        0.3135     0.7398      0.0026   0.0011   68.84     93    Success 
    88        0.3119     1.8401      0.0016   0.0016   76.09     94    Success 
    89        0.3095     0.9722      0.0024   0.0005   79.78     95    Success 
    90        0.3069     0.8491      0.0027   0.0010   78.50     96    Success 
    91        0.3036     1.1950      0.0032   0.0019   81.66     97    Success 
    92        0.2999     1.0697      0.0038   0.0026   84.87     98    Success 
    93        0.2983     2.2621      0.0016   0.0019   85.49    100    Success 
    94        0.2958     1.3798      0.0025   0.0014   86.96    101    Success 
    95        0.2929     0.6781      0.0029   0.0019   84.69    102    Success 
    96        0.2917     0.9835      0.0012   0.0006   78.11    103    Success 
    97        0.2898     1.0902      0.0019   0.0008   80.57    104    Success 
    98        0.2866     1.1683      0.0033   0.0015   83.07    105    Success 
    99        0.2827     2.1518      0.0039   0.0038   85.56    106    Success 
   100        0.2769     1.3959      0.0058   0.0032   86.58    107    Success 
   101        0.2727     0.6188      0.0042   0.0036   86.13    108    Success 
   102        0.2706     0.5674      0.0021   0.0018   82.38    109    Success 
   103        0.2685     0.8344      0.0021   0.0016   79.97    110    Success 
   104        0.2661     0.8345      0.0024   0.0013   81.03    111    Success 
   105        0.2632     1.2986      0.0029   0.0023   82.42    112    Success 
   106        0.2608     0.5482      0.0024   0.0020   83.21    113    Success 
   107        0.2596     0.3525      0.0012   0.0005   72.61    114    Success 
   108        0.2585     0.2800      0.0011   0.0006   65.46    115    Success 
   109        0.2569     0.3062      0.0016   0.0012   69.73    116    Success 
   110        0.2564     0.6618      0.0004   0.0006   76.13    118    Success 
   111        0.2557     0.5224      0.0007   0.0008   84.97    119    Success 
   112        0.2546     0.2952      0.0011   0.0014   83.79    120    Success 
   113        0.2538     0.3813      0.0008   0.0020   82.77    121    Success 
   114        0.2535     0.2983      0.0004   0.0005   82.23    122    Success 
   115        0.2529     0.4919      0.0006   0.0007   78.45    123    Success 
   116        0.2524     0.6850      0.0005   0.0011   83.48    124    Success 
   117        0.2519     0.2635      0.0005   0.0006   83.35    125    Success 
   118        0.2516     0.2451      0.0003   0.0003   78.35    126    Success 
   119        0.2512     0.2096      0.0004   0.0006   78.53    127    Success 
   120        0.2506     0.3003      0.0006   0.0009   76.83    128    Success 
   121        0.2503     0.4954      0.0003   0.0020   84.40    129    Success 
   122        0.2500     0.1653      0.0003   0.0004   82.54    130    Success 
   123        0.2499     0.1286      0.0001   0.0002   74.25    131    Success 
   124        0.2497     0.1393      0.0002   0.0004   74.82    132    Success 
   125        0.2494     0.1416      0.0003   0.0006   77.45    133    Success 
   126        0.2493     0.1924      0.0001   0.0006   80.76    135    Success 
   127        0.2491     0.1749      0.0002   0.0006   83.79    136    Success 
   128        0.2490     0.1040      0.0001   0.0006   82.80    137    Success 
   129        0.2489     0.0877      0.0001   0.0002   78.09    138   SmallGrad

 LBFGS  --  Normal Termination due to SmallGrad

 Final Function Value :            0.24891261
 Final RMS Gradient :              0.08766777
 Final Gradient Norm :             0.38213496
