
     ######################################################################
   ##########################################################################
  ###                                                                      ###
 ###            Tinker  ---  Software Tools for Molecular Design            ###
 ##                                                                          ##
 ##                      Version 8.10.5   February 2023                      ##
 ##                                                                          ##
 ##               Copyright (c)  Jay William Ponder  1990-2023               ##
 ###                           All Rights Reserved                          ###
  ###                                                                      ###
   ##########################################################################
     ######################################################################


 Additional Atom Definition Parameters :

     Type  Class  Symbol  Description               Atomic    Mass   Valence

      401   401     C     3_25_Index_0_GrowFra         6     12.011     3
      402   402     N     3_25_Index_0_GrowFra         7     14.007     3
      403   403     C     3_25_Index_0_GrowFra         6     12.011     3
      404   404     C     3_25_Index_0_GrowFra         6     12.011     4
      405   405     C     3_25_Index_0_GrowFra         6     12.011     4
      406   406     O     3_25_Index_0_GrowFra         8     15.999     1
      408   408     C     3_25_Index_0_GrowFra         6     12.011     3
      409   409     C     3_25_Index_0_GrowFra         6     12.011     3
      407   407     C     3_25_Index_0_GrowFra         6     12.011     3
      411   411     H     3_25_Index_0_GrowFra         1      1.008     1
      410   410     N     3_25_Index_0_GrowFra         7     14.007     3
      412   412     H     3_25_Index_0_GrowFra         1      1.008     1
      413   413     H     3_25_Index_0_GrowFra         1      1.008     1
      414   414     H     3_25_Index_0_GrowFra         1      1.008     1
      415   415     H     3_25_Index_0_GrowFra         1      1.008     1
      416   416     H     3_25_Index_0_GrowFra         1      1.008     1

 Additional Bond Stretching Parameters :

     Atom Classes             K(S)         Length

       406 403             558.795         1.2300
       402 401             275.407         1.4300
       407 401             379.094         1.4000
       409 407             379.094         1.3900
       409 408             379.094         1.3900
       407 409             379.094         1.3900
       413 407             368.093         1.0900
       416 408             368.093         1.0900
       414 409             368.093         1.0900
       403 402             363.157         1.3800
       405 402             299.018         1.4600
       404 403             283.862         1.5300
       412 404             340.533         1.1000
       410 404             216.461         1.4500
       411 405             345.979         1.0900
       415 410             451.428         1.0200

 Additional Angle Bending Parameters :

     Atom Classes             K(B)          Angle

     410 404 403            77.347        112.026
     411 405 402            56.547        109.120
     412 404 403            48.035        108.401
     415 410 404            51.238        107.800
     411 405 411            36.407        108.500
     412 404 410            57.278        108.650
     412 404 412            30.491        108.519
     415 410 415            33.456        105.723

 Additional In-Plane Angle Bending Parameters :

     Atom Classes             K(B)          Angle

     401 402 403            81.049        120.892
     402 401 407            85.478        120.020
     406 403 404            49.556        121.443
     402 403 406           109.448        124.988
     401 402 405            62.054        117.640
     409 407 401            74.631        119.800
     407 401 407            74.631        119.930
     408 409 407            74.631        120.460
     407 409 408            74.631        120.460
     409 408 409            74.631        119.540
     413 407 401            36.770        119.880
     414 409 407            36.770        119.420
     414 409 408            36.770        120.120
     416 408 409            36.770        120.230
     413 407 409            36.770        120.310
     404 403 402            57.869        116.900
     405 402 403            93.856        121.690

 Additional Stretch-Bend Parameters :

     Atom Classes          K(SB)-1        K(SB)-2

     401 402 403            12.628         12.628
     402 401 407            20.453         20.453
     406 403 404            25.988         25.988
     410 404 403            20.453         20.453
     402 403 406            25.988         25.988
     401 402 405            25.952         25.952
     409 407 401            20.453         20.453
     407 401 407            20.453         20.453
     408 409 407            20.453         20.453
     407 409 408            20.453         20.453
     409 408 409            20.453         20.453
     413 407 401            20.453         20.453
     414 409 407            20.453         20.453
     414 409 408            20.453         20.453
     416 408 409            20.453         20.453
     413 407 409            20.453         20.453
     404 403 402            25.988         25.988
     411 405 402             5.713          5.713
     405 402 403            25.952         25.952
     412 404 403             5.713          5.713
     415 410 404            22.688         22.688
     411 405 411             5.713          5.713
     412 404 410             5.713          5.713
     412 404 412             5.713          5.713
     415 410 415            22.688         22.688

 Additional Torsional Parameters :

     Atom Classes     1-Fold    2-Fold    3-Fold    4-Fold    5-Fold    6-Fold

   404 403 402 401  -1.52   0  3.21 180  0.00   0  0.00   0  0.00   0  0.00   0
   406 403 402 401  -0.00   0  3.28 180 -1.70   0  0.00   0  0.00   0  0.00   0
   413 407 401 402   0.55   0  6.19 180 -0.55   0  0.00   0  0.00   0  0.00   0
   409 407 401 402  -0.67   0  6.29 180  0.00   0  0.00   0  0.00   0  0.00   0
   410 404 403 402   0.00   0  0.00 180  0.30   0  0.00   0  0.00   0  0.00   0
   415 410 404 403   0.00   0  0.00 180  0.30   0  0.00   0  0.00   0  0.00   0
   410 404 403 406   0.00   0  0.00 180  0.30   0  0.00   0  0.00   0  0.00   0
   412 404 403 406   0.00   0  0.00 180  0.11   0  0.00   0  0.00   0  0.00   0
   412 404 403 402   0.00   0  0.00 180  0.11   0  0.00   0  0.00   0  0.00   0
   411 405 402 401   0.00   0  0.00 180 -0.13   0  0.00   0  0.00   0  0.00   0
   411 405 402 403   0.00   0  0.00 180 -0.13   0  0.00   0  0.00   0  0.00   0
   405 402 403 404  -0.00   0  1.90 180 -0.55   0  0.00   0  0.00   0  0.00   0
   406 403 402 405  -1.67   0  2.04 180 -0.70   0  0.00   0  0.00   0  0.00   0
   408 409 407 401  -0.67   0  6.29 180  0.00   0  0.00   0  0.00   0  0.00   0
   409 407 401 407  -0.67   0  6.29 180  0.00   0  0.00   0  0.00   0  0.00   0
   409 408 409 407  -0.67   0  6.29 180  0.00   0  0.00   0  0.00   0  0.00   0
   407 409 408 409  -0.67   0  7.43 180  0.00   0  0.00   0  0.00   0  0.00   0
   407 401 407 409  -0.67   0  6.29 180  0.00   0  0.00   0  0.00   0  0.00   0
   414 409 407 401   0.55   0  6.19 180 -0.55   0  0.00   0  0.00   0  0.00   0
   413 407 401 407   0.55   0  6.19 180 -0.55   0  0.00   0  0.00   0  0.00   0
   416 408 409 407   0.55   0  6.82 180 -0.55   0  0.00   0  0.00   0  0.00   0
   413 407 409 408   0.55   0  7.96 180 -0.55   0  0.00   0  0.00   0  0.00   0
   414 409 408 409   0.55   0  7.96 180 -0.55   0  0.00   0  0.00   0  0.00   0
   414 409 407 413   0.00   0  6.36 180  0.00   0  0.00   0  0.00   0  0.00   0
   416 408 409 414   0.00   0  6.36 180  0.00   0  0.00   0  0.00   0  0.00   0
   413 407 409 414   0.00   0  7.50 180  0.00   0  0.00   0  0.00   0  0.00   0
   407 401 402 403  -0.15   0  0.24 180 -0.15   0  0.00   0  0.00   0  0.00   0
   415 410 404 412   2.55   0 -2.15 180  0.07   0  0.00   0  0.00   0  0.00   0
   407 401 402 405  -0.13   0 -0.12 180  1.33   0  0.00   0  0.00   0  0.00   0

 Additional Atomic Multipole Parameters :

     Atom Type     Coordinate Frame Definition         Multipole Moments

         401      407    407      0   Bisector     0.02121
                                                   0.00000  0.00000 -0.23927
                                                  -0.31605
                                                   0.00000  0.03440
                                                   0.00000  0.00000  0.28165

         402      405    403      0   Z-then-X    -0.20292
                                                  -0.14990  0.00000  0.12901
                                                  -0.15028
                                                   0.00000 -0.58133
                                                   0.21088  0.00000  0.73161

         403      406    402      0   Z-then-X     0.74091
                                                   0.09039  0.00000  0.33154
                                                   0.21041
                                                   0.00000 -0.25797
                                                  -0.08667  0.00000  0.04756

         404      410    403      0   Z-then-X    -0.14560
                                                   0.04995  0.00000  0.14063
                                                  -0.15287
                                                   0.00000 -0.27477
                                                  -0.19398  0.00000  0.42764

         405      402    403      0   Z-then-X    -0.05708
                                                  -0.01902  0.00000  0.26606
                                                  -0.45019
                                                   0.00000 -0.33529
                                                   0.00517  0.00000  0.78548

         406      403    402      0   Z-then-X    -0.75503
                                                   0.05347  0.00000 -0.14052
                                                  -0.60714
                                                   0.00000  0.25691
                                                  -0.00054  0.00000  0.35023

         407      401    409      0   Z-then-X    -0.04678
                                                  -0.07624  0.00000 -0.07324
                                                   0.05237
                                                   0.00000 -0.08643
                                                  -0.07918  0.00000  0.03406

         408      409    409      0   Bisector    -0.04736
                                                   0.00000  0.00000 -0.08856
                                                   0.21398
                                                   0.00000 -0.15822
                                                   0.00000  0.00000 -0.05576

         409      407    408      0   Z-then-X     0.06767
                                                   0.15803  0.00000  0.08526
                                                   0.44307
                                                   0.00000 -0.41151
                                                   0.36352  0.00000 -0.03156

         411      405    402      0   Z-then-X     0.06531
                                                   0.01156  0.00000 -0.10236
                                                   0.06071
                                                   0.00000  0.01216
                                                  -0.03344  0.00000 -0.07287

         410      404    415    415   Z-Bisect    -0.20975
                                                   0.32665  0.00000  0.37768
                                                  -0.80000
                                                   0.00000  0.38242
                                                  -0.32952  0.00000  0.41758

         412      404    410      0   Z-then-X     0.07895
                                                  -0.00770  0.00000 -0.09463
                                                   0.08597
                                                   0.00000  0.04355
                                                  -0.01036  0.00000 -0.12952

         413      407    401      0   Z-then-X     0.02241
                                                  -0.02889  0.00000 -0.15089
                                                   0.04557
                                                   0.00000  0.01926
                                                   0.00626  0.00000 -0.06483

         414      409    407      0   Z-then-X     0.00803
                                                  -0.00655  0.00000 -0.14361
                                                   0.09253
                                                   0.00000 -0.00288
                                                  -0.00212  0.00000 -0.08965

         415      410    404      0   Z-then-X     0.09721
                                                   0.00551  0.00000 -0.16435
                                                   0.08766
                                                   0.00000  0.00158
                                                   0.01045  0.00000 -0.08924

         416      408    409      0   Z-then-X     0.00471
                                                  -0.01388  0.00000 -0.18338
                                                   0.08761
                                                   0.00000  0.01039
                                                  -0.04752  0.00000 -0.09800

 Additional Charge Penetration Parameters :

     Atom Class           Core Chg           Damp

         401                 0.000         0.0000
         402                 0.000         0.0000
         403                 0.000         0.0000
         404                 0.000         0.0000
         405                 0.000         0.0000
         406                 0.000         0.0000
         407                 0.000         0.0000
         408                 0.000         0.0000
         409                 0.000         0.0000
         411                 0.000         0.0000
         410                 0.000         0.0000
         412                 0.000         0.0000
         413                 0.000         0.0000
         414                 0.000         0.0000
         415                 0.000         0.0000
         416                 0.000         0.0000

 Additional Atomic Dipole Polarizability Parameters :

     Atom Type           Alpha       Thole     Group Atom Types

         401             1.600       0.390         407
         402             1.243       0.390         403
         403             1.600       0.390         402  406
         404             1.620       0.390         410  412
         405             1.620       0.390         411
         406             0.914       0.390         403
         408             1.600       0.390         409  416
         409             1.600       0.390         407  408  414
         407             1.600       0.390         401  409  413
         411             0.480       0.390         405
         410             1.185       0.390         404  415
         412             0.480       0.390         404
         413             0.432       0.390         407
         414             0.432       0.390         409
         415             0.457       0.390         410
         416             0.432       0.390         408

 Additional van der Waals Parameters :

     Atom Class               Size        Epsilon        Reduction

         415                2.7000         0.0200          0.910
         416                2.9800         0.0260          0.920
         405                3.8200         0.1010          0.000
         404                3.8200         0.1010          0.000
         411                2.9000         0.0220          0.900
         410                3.7100         0.1050          0.000
         412                2.8800         0.0240          0.910
         403                3.8200         0.1010          0.000
         406                3.3000         0.1120          0.000
         402                3.7100         0.1100          0.000
         408                3.8000         0.0890          0.000
         407                3.8000         0.0890          0.000
         401                3.8000         0.0890          0.000
         414                2.9800         0.0260          0.920
         413                2.9800         0.0260          0.920
         409                3.8000         0.0890          0.000

 Additional Solvation Parameters :

     Atom Type                PB Size     CS Size     GK Size

         416             2.5740      2.7580      2.9054
         411             2.2886      2.0030      2.6260
         412             3.0556      2.9960      4.0320
         415             3.6491      3.4040      2.9894
         407             3.8585      3.7660      3.8448
         403             2.9301      4.5060      4.2118
         409             3.8286      3.8930      4.5084
         408             3.8286      3.8930      4.5084
         401             3.6909      3.7660      4.4258
         405             3.5062      3.3090      4.5360
         410             2.8836      2.9900      3.2180
         402             3.4243      3.4910      4.2676
         406             2.9835      3.3560      2.9616

 Limited Memory BFGS Quasi-Newton Optimization :

 QN Iter     F Value      G RMS      F Move   X Move   Angle  FG Call  Comment

     0        5.1623    14.5750                                   1
     1        4.7315    23.7101      0.4307   0.0026    0.00      3    Success 
     2        4.2597    14.6338      0.4718   0.0020   57.01      4    Success 
     3        3.7598    13.0779      0.4999   0.0040   53.97      5    Success 
     4        3.4542    18.2360      0.3056   0.0036   60.92      6    Success 
     5        3.1136    13.4013      0.3406   0.0028   69.73      7    Success 
     6        2.5925    10.6591      0.5211   0.0048   63.81      8    Success 
     7        2.0102    15.2166      0.5823   0.0086   63.18      9    Success 
     8        1.7772    19.7594      0.2330   0.0082   72.57     10    Success 
     9        1.5016     7.8751      0.2756   0.0016   58.50     11    Success 
    10        1.3819     5.5453      0.1197   0.0012   38.56     12    Success 
    11        1.2844     6.6957      0.0975   0.0015   53.18     13    Success 
    12        1.1190     7.7113      0.1654   0.0027   63.49     14    Success 
    13        0.8506     7.3423      0.2684   0.0049   68.41     15    Success 
    14        0.7139    13.7735      0.1368   0.0048   71.31     17    Success 
    15        0.5016     9.1200      0.2122   0.0048   80.14     18    Success 
    16        0.2682     4.5585      0.2334   0.0074   77.88     19    Success 
    17        0.0848     5.1343      0.1834   0.0061   69.08     20    Success 
    18       -0.1734     6.3996      0.2582   0.0090   70.72     21    Success 
    19       -0.2344    14.9430      0.0610   0.0118   75.06     22    Success 
    20       -0.3431    11.8060      0.1087   0.0005   50.02     23    Success 
    21       -0.5121     6.0238      0.1690   0.0013   53.90     24    Success 
    22       -0.6304     3.3210      0.1183   0.0026   58.07     25    Success 
    23       -0.6756     4.0840      0.0452   0.0019   69.42     26    Success 
    24       -0.7548     4.1852      0.0792   0.0032   73.23     27    Success 
    25       -0.7922     9.4521      0.0374   0.0027   73.91     29    Success 
    26       -0.8586     7.8054      0.0663   0.0028   83.34     30    Success 
    27       -0.9650     5.2942      0.1064   0.0053   82.25     31    Success 
    28       -0.9921    15.3420      0.0271   0.0100   80.33     32    Success 
    29       -1.0391    11.3337      0.0470   0.0005   72.66     33    Success 
    30       -1.1050     4.1779      0.0659   0.0007   59.16     34    Success 
    31       -1.1359     3.1912      0.0309   0.0009   60.00     35    Success 
    32       -1.1614     4.3096      0.0255   0.0011   68.58     36    Success 
    33       -1.2026     4.3856      0.0412   0.0022   76.78     37    Success 
    34       -1.2723     4.5004      0.0697   0.0033   76.44     38    Success 
    35       -1.3352     8.3618      0.0629   0.0080   80.71     39    Success 
    36       -1.4202     4.3327      0.0850   0.0047   82.39     40    Success 
    37       -1.4744     3.2108      0.0543   0.0032   74.96     41    Success 
    38       -1.5337     4.5895      0.0592   0.0047   77.17     42    Success 
    39       -1.6279     5.7384      0.0942   0.0063   80.14     43    Success 
    40       -1.7475     7.8059      0.1196   0.0088   81.05     44    Success 
    41       -1.8902     4.9468      0.1427   0.0150   85.10     45    Success 
    42       -1.9855     3.3540      0.0953   0.0066   81.44     46    Success 
    43       -2.1281     5.2564      0.1426   0.0109   77.45     47    Success 
    44       -2.2803     7.7254      0.1522   0.0128   82.50     48    Success 
    45       -2.4703     9.5330      0.1899   0.0192   85.35     49    Success 
    46       -2.6720     8.2833      0.2017   0.0168   84.34     50    Success 
    47       -2.7851    14.2411      0.1131   0.0104   80.70     51    Success 
    48       -2.9443     5.9046      0.1591   0.0040   80.50     52    Success 
    49       -3.0161     5.2796      0.0718   0.0020   67.00     53    Success 
    50       -3.0738     5.4514      0.0578   0.0027   78.52     54    Success 
    51       -3.1737     5.4157      0.0998   0.0072   83.01     55    Success 
    52       -3.3236     5.8194      0.1500   0.0084   79.52     56    Success 
    53       -3.5012     4.7082      0.1776   0.0212   84.17     57    Success 
    54       -3.5721     8.4603      0.0709   0.0192   85.16     58    Success 
    55       -3.6469     6.6082      0.0747   0.0083   85.47     59    Success 
    56       -3.7293     5.8695      0.0824   0.0057   80.41     60    Success 
    57       -3.7843     3.9021      0.0550   0.0043   82.87     61    Success 
    58       -3.8383     3.1146      0.0541   0.0071   82.82     62    Success 
    59       -3.8907     4.4584      0.0524   0.0072   82.41     63    Success 
    60       -3.9641     3.6108      0.0734   0.0100   84.36     64    Success 
    61       -4.0394     4.1108      0.0753   0.0125   83.93     65    Success 
    62       -4.1248     5.3484      0.0854   0.0124   82.91     66    Success 
    63       -4.1935     4.1277      0.0687   0.0038   79.28     67    Success 
    64       -4.2633     4.5952      0.0698   0.0079   79.83     68    Success 
    65       -4.3133     3.7331      0.0500   0.0027   73.06     69    Success 
    66       -4.3550     3.2482      0.0417   0.0017   71.22     70    Success 
    67       -4.4241     2.8463      0.0691   0.0053   78.38     71    Success 
    68       -4.4945     6.0958      0.0705   0.0066   72.17     72    Success 
    69       -4.5699     3.9895      0.0754   0.0111   85.45     73    Success 
    70       -4.6017     5.1087      0.0318   0.0046   81.53     74    Success 
    71       -4.6444     3.2000      0.0427   0.0029   81.20     75    Success 
    72       -4.6985     3.3132      0.0540   0.0046   76.61     76    Success 
    73       -4.7397     3.1243      0.0413   0.0027   75.39     77    Success 
    74       -4.7737     5.4694      0.0340   0.0108   84.17     78    Success 
    75       -4.8203     2.9724      0.0466   0.0029   79.55     79    Success 
    76       -4.8607     3.7718      0.0404   0.0033   76.13     80    Success 
    77       -4.9078     3.1419      0.0471   0.0053   81.84     81    Success 
    78       -4.9235     9.2100      0.0157   0.0092   82.19     82    Success 
    79       -4.9498     6.0238      0.0263   0.0006   76.32     83    Success 
    80       -4.9813     1.9639      0.0314   0.0007   60.63     84    Success 
    81       -4.9891     2.8500      0.0079   0.0005   67.58     85    Success 
    82       -5.0027     3.6024      0.0136   0.0010   76.50     86    Success 
    83       -5.0258     4.0454      0.0231   0.0017   79.24     87    Success 
    84       -5.0576     4.4116      0.0317   0.0030   80.85     88    Success 
    85       -5.0953     2.6967      0.0378   0.0048   82.79     89    Success 
    86       -5.1152     2.2930      0.0199   0.0037   82.67     90    Success 
    87       -5.1384     2.9217      0.0231   0.0033   80.00     91    Success 
    88       -5.1639     4.6016      0.0256   0.0041   83.02     92    Success 
    89       -5.1942     4.8009      0.0302   0.0051   85.88     93    Success 
    90       -5.2156     7.6729      0.0214   0.0075   85.98     94    Success 
    91       -5.2480     4.0331      0.0324   0.0030   85.55     95    Success 
    92       -5.2737     2.0021      0.0257   0.0033   82.57     96    Success 
    93       -5.2833     2.5775      0.0097   0.0017   81.34     97    Success 
    94       -5.2994     2.6787      0.0160   0.0025   82.83     98    Success 
    95       -5.3171     4.5057      0.0177   0.0045   83.66     99    Success 
    96       -5.3411     2.3436      0.0240   0.0044   85.71    100    Success 
    97       -5.3556     1.4813      0.0145   0.0026   82.05    101    Success 
    98       -5.3678     1.4212      0.0122   0.0021   76.86    102    Success 
    99       -5.3818     1.5846      0.0139   0.0019   71.79    103    Success 
   100       -5.3937     2.3529      0.0120   0.0032   76.57    104    Success 
   101       -5.4056     1.5023      0.0118   0.0009   70.46    105    Success 
   102       -5.4154     1.9853      0.0098   0.0017   74.47    106    Success 
   103       -5.4247     1.3519      0.0094   0.0013   77.82    107    Success 
   104       -5.4386     1.1194      0.0139   0.0026   76.98    108    Success 
   105       -5.4566     1.2102      0.0179   0.0032   73.47    109    Success 
   106       -5.4763     2.5728      0.0198   0.0047   76.09    110    Success 
   107       -5.4818     4.6914      0.0055   0.0056   83.49    111    Success 
   108       -5.4913     3.2537      0.0094   0.0004   75.78    112    Success 
   109       -5.5043     1.1683      0.0130   0.0009   73.74    113    Success 
   110       -5.5098     1.2082      0.0055   0.0009   70.72    114    Success 
   111       -5.5151     1.4501      0.0053   0.0012   78.93    115    Success 
   112       -5.5241     1.5292      0.0090   0.0016   79.17    116    Success 
   113       -5.5280     4.1439      0.0039   0.0032   81.18    117    Success 
   114       -5.5347     3.0068      0.0067   0.0008   84.01    118    Success 
   115       -5.5435     1.0019      0.0088   0.0014   82.39    119    Success 
   116       -5.5462     0.8363      0.0028   0.0008   78.13    120    Success 
   117       -5.5499     1.1359      0.0036   0.0009   75.60    121    Success 
   118       -5.5558     1.2974      0.0059   0.0014   78.98    122    Success 
   119       -5.5604     3.2044      0.0046   0.0023   80.26    123    Success 
   120       -5.5670     1.6703      0.0066   0.0013   84.82    124    Success 
   121       -5.5708     0.6067      0.0038   0.0011   82.15    125    Success 
   122       -5.5725     0.6849      0.0017   0.0005   73.07    126    Success 
   123       -5.5749     1.0084      0.0024   0.0010   77.62    127    Success 
   124       -5.5767     1.7770      0.0018   0.0013   81.04    128    Success 
   125       -5.5791     0.8127      0.0024   0.0008   84.33    129    Success 
   126       -5.5808     0.6053      0.0018   0.0009   81.41    130    Success 
   127       -5.5819     0.6103      0.0010   0.0005   79.81    131    Success 
   128       -5.5835     0.6672      0.0017   0.0007   78.15    132    Success 
   129       -5.5856     0.7936      0.0020   0.0011   79.20    133    Success 
   130       -5.5878     0.6736      0.0022   0.0012   80.97    134    Success 
   131       -5.5896     0.6194      0.0019   0.0008   79.32    135    Success 
   132       -5.5923     0.6734      0.0027   0.0011   76.88    136    Success 
   133       -5.5949     1.6068      0.0026   0.0022   81.31    137    Success 
   134       -5.5972     1.0030      0.0023   0.0010   85.45    138    Success 
   135       -5.5999     0.6127      0.0027   0.0017   84.31    139    Success 
   136       -5.6013     0.6624      0.0014   0.0011   83.53    140    Success 
   137       -5.6034     0.6533      0.0021   0.0015   83.34    141    Success 
   138       -5.6044     1.2304      0.0010   0.0011   83.24    143    Success 
   139       -5.6060     0.9464      0.0017   0.0008   85.36    144    Success 
   140       -5.6086     0.6134      0.0025   0.0012   83.20    145    Success 
   141       -5.6114     0.7232      0.0028   0.0017   80.79    146    Success 
   142       -5.6129     2.1570      0.0015   0.0023   82.66    147    Success 
   143       -5.6154     1.2957      0.0025   0.0004   80.98    148    Success 
   144       -5.6187     0.6626      0.0033   0.0010   80.49    149    Success 
   145       -5.6204     0.7974      0.0017   0.0011   82.40    150    Success 
   146       -5.6225     0.8296      0.0021   0.0017   85.21    151    Success 
   147       -5.6249     1.4954      0.0024   0.0023   84.83    152    Success 
   148       -5.6277     0.7292      0.0028   0.0027   87.23    153    Success 
   149       -5.6294     0.5959      0.0017   0.0009   82.15    154    Success 
   150       -5.6320     0.5682      0.0026   0.0011   77.00    155    Success 
   151       -5.6349     0.6214      0.0029   0.0019   80.87    156    Success 
   152       -5.6360     1.0179      0.0011   0.0011   82.64    158    Success 
   153       -5.6376     0.6922      0.0017   0.0011   85.44    159    Success 
   154       -5.6400     0.4618      0.0024   0.0017   83.19    160    Success 
   155       -5.6421     0.6598      0.0021   0.0015   79.75    161    Success 
   156       -5.6432     1.3099      0.0011   0.0016   80.32    162    Success 
   157       -5.6447     0.6190      0.0015   0.0003   78.16    163    Success 
   158       -5.6457     0.4236      0.0010   0.0002   55.27    164    Success 
   159       -5.6463     0.4527      0.0006   0.0002   67.46    165    Success 
   160       -5.6472     0.4197      0.0009   0.0005   78.17    166    Success 
   161       -5.6481     0.9292      0.0009   0.0007   73.96    167    Success 
   162       -5.6492     0.4514      0.0011   0.0008   84.61    168    Success 
   163       -5.6499     0.3634      0.0007   0.0007   82.40    169    Success 
   164       -5.6508     0.4644      0.0009   0.0008   80.81    170    Success 
   165       -5.6519     0.6469      0.0011   0.0009   80.60    171    Success 
   166       -5.6526     0.9362      0.0007   0.0018   85.62    172    Success 
   167       -5.6534     0.3880      0.0008   0.0004   81.41    173    Success 
   168       -5.6540     0.4043      0.0005   0.0002   62.96    174    Success 
   169       -5.6545     0.4531      0.0005   0.0003   78.91    175    Success 
   170       -5.6553     0.4759      0.0009   0.0007   81.89    176    Success 
   171       -5.6555     1.6363      0.0001   0.0012   82.48    177    Success 
   172       -5.6565     0.9766      0.0010   0.0006   86.64    179    Success 
   173       -5.6572     0.2826      0.0008   0.0009   86.34    180    Success 
   174       -5.6574     0.2997      0.0002   0.0002   81.45    181    Success 
   175       -5.6577     0.3017      0.0003   0.0002   78.73    182    Success 
   176       -5.6582     0.2859      0.0005   0.0004   77.61    183    Success 
   177       -5.6586     0.6624      0.0004   0.0006   76.45    184    Success 
   178       -5.6593     0.3355      0.0006   0.0004   82.96    185    Success 
   179       -5.6596     0.1945      0.0003   0.0003   78.54    186    Success 
   180       -5.6598     0.3558      0.0002   0.0002   70.16    187    Success 
   181       -5.6600     0.2808      0.0002   0.0002   79.01    188    Success 
   182       -5.6603     0.2353      0.0004   0.0003   74.89    189    Success 
   183       -5.6607     0.3256      0.0004   0.0004   74.88    190    Success 
   184       -5.6610     0.2975      0.0003   0.0005   79.81    191    Success 
   185       -5.6613     0.1917      0.0002   0.0001   70.68    192    Success 
   186       -5.6615     0.1930      0.0002   0.0002   67.69    193    Success 
   187       -5.6617     0.2072      0.0002   0.0002   74.64    194    Success 
   188       -5.6620     0.3242      0.0003   0.0004   75.37    195    Success 
   189       -5.6623     0.4080      0.0003   0.0006   82.49    196    Success 
   190       -5.6624     0.1547      0.0002   0.0001   76.84    197    Success 
   191       -5.6625     0.1742      0.0001   0.0001   62.31    198    Success 
   192       -5.6626     0.2014      0.0001   0.0001   70.25    199    Success 
   193       -5.6628     0.1968      0.0002   0.0002   75.37    200    Success 
   194       -5.6629     0.3865      0.0001   0.0002   81.08    202    Success 
   195       -5.6630     0.3097      0.0001   0.0001   83.73    203    Success 
   196       -5.6632     0.1691      0.0002   0.0002   83.23    204    Success 
   197       -5.6633     0.0993      0.0001   0.0003   80.91    205   SmallGrad

 LBFGS  --  Normal Termination due to SmallGrad

 Final Function Value :           -5.66328857
 Final RMS Gradient :              0.09925885
 Final Gradient Norm :             0.48626709
