
     ######################################################################
   ##########################################################################
  ###                                                                      ###
 ###            Tinker  ---  Software Tools for Molecular Design            ###
 ##                                                                          ##
 ##                      Version 8.10.5   February 2023                      ##
 ##                                                                          ##
 ##               Copyright (c)  Jay William Ponder  1990-2023               ##
 ###                           All Rights Reserved                          ###
  ###                                                                      ###
   ##########################################################################
     ######################################################################


 Additional Atom Definition Parameters :

     Type  Class  Symbol  Description               Atomic    Mass   Valence

      401   401     C     3_25_Index_0_GrowFra         6     12.011     3
      402   402     N     3_25_Index_0_GrowFra         7     14.007     3
      403   403     C     3_25_Index_0_GrowFra         6     12.011     3
      404   404     C     3_25_Index_0_GrowFra         6     12.011     4
      405   405     C     3_25_Index_0_GrowFra         6     12.011     4
      406   406     O     3_25_Index_0_GrowFra         8     15.999     1
      408   408     C     3_25_Index_0_GrowFra         6     12.011     3
      409   409     C     3_25_Index_0_GrowFra         6     12.011     3
      407   407     C     3_25_Index_0_GrowFra         6     12.011     3
      411   411     H     3_25_Index_0_GrowFra         1      1.008     1
      410   410     N     3_25_Index_0_GrowFra         7     14.007     3
      412   412     H     3_25_Index_0_GrowFra         1      1.008     1
      413   413     H     3_25_Index_0_GrowFra         1      1.008     1
      414   414     H     3_25_Index_0_GrowFra         1      1.008     1
      415   415     H     3_25_Index_0_GrowFra         1      1.008     1
      416   416     H     3_25_Index_0_GrowFra         1      1.008     1

 Additional Bond Stretching Parameters :

     Atom Classes             K(S)         Length

       406 403             558.795         1.2300
       402 401             275.407         1.4300
       407 401             379.094         1.4000
       409 407             379.094         1.3900
       409 408             379.094         1.3900
       407 409             379.094         1.3900
       413 407             368.093         1.0900
       416 408             368.093         1.0900
       414 409             368.093         1.0900
       403 402             363.157         1.3800
       405 402             299.018         1.4600
       404 403             283.862         1.5300
       412 404             340.533         1.1000
       410 404             216.461         1.4500
       411 405             345.979         1.0900
       415 410             451.428         1.0200

 Additional Angle Bending Parameters :

     Atom Classes             K(B)          Angle

     410 404 403            77.347        112.026
     411 405 402            56.547        109.120
     412 404 403            48.035        108.401
     415 410 404            51.238        107.800
     411 405 411            36.407        108.500
     412 404 410            57.278        108.650
     412 404 412            30.491        108.519
     415 410 415            33.456        105.723

 Additional In-Plane Angle Bending Parameters :

     Atom Classes             K(B)          Angle

     401 402 403            81.049        120.892
     402 401 407            85.478        120.020
     406 403 404            49.556        121.443
     402 403 406           109.448        124.988
     401 402 405            62.054        117.640
     409 407 401            74.631        119.800
     407 401 407            74.631        119.930
     408 409 407            74.631        120.460
     407 409 408            74.631        120.460
     409 408 409            74.631        119.540
     413 407 401            36.770        119.880
     414 409 407            36.770        119.420
     414 409 408            36.770        120.120
     416 408 409            36.770        120.230
     413 407 409            36.770        120.310
     404 403 402            57.869        116.900
     405 402 403            93.856        121.690

 Additional Stretch-Bend Parameters :

     Atom Classes          K(SB)-1        K(SB)-2

     401 402 403            12.628         12.628
     402 401 407            20.453         20.453
     406 403 404            25.988         25.988
     410 404 403            20.453         20.453
     402 403 406            25.988         25.988
     401 402 405            25.952         25.952
     409 407 401            20.453         20.453
     407 401 407            20.453         20.453
     408 409 407            20.453         20.453
     407 409 408            20.453         20.453
     409 408 409            20.453         20.453
     413 407 401            20.453         20.453
     414 409 407            20.453         20.453
     414 409 408            20.453         20.453
     416 408 409            20.453         20.453
     413 407 409            20.453         20.453
     404 403 402            25.988         25.988
     411 405 402             5.713          5.713
     405 402 403            25.952         25.952
     412 404 403             5.713          5.713
     415 410 404            22.688         22.688
     411 405 411             5.713          5.713
     412 404 410             5.713          5.713
     412 404 412             5.713          5.713
     415 410 415            22.688         22.688

 Additional Torsional Parameters :

     Atom Classes     1-Fold    2-Fold    3-Fold    4-Fold    5-Fold    6-Fold

   404 403 402 401   0.00   0  0.00 180  0.00   0  0.00   0  0.00   0  0.00   0
   406 403 402 401   0.00   0  0.00 180  0.00   0  0.00   0  0.00   0  0.00   0
   413 407 401 402   0.55   0  6.19 180 -0.55   0  0.00   0  0.00   0  0.00   0
   409 407 401 402  -0.67   0  6.29 180  0.00   0  0.00   0  0.00   0  0.00   0
   410 404 403 402   0.00   0  0.00 180  0.30   0  0.00   0  0.00   0  0.00   0
   415 410 404 403   0.00   0  0.00 180  0.30   0  0.00   0  0.00   0  0.00   0
   410 404 403 406   0.00   0  0.00 180  0.30   0  0.00   0  0.00   0  0.00   0
   412 404 403 406   0.00   0  0.00 180  0.11   0  0.00   0  0.00   0  0.00   0
   412 404 403 402   0.00   0  0.00 180  0.11   0  0.00   0  0.00   0  0.00   0
   411 405 402 401   0.00   0  0.00 180 -0.13   0  0.00   0  0.00   0  0.00   0
   411 405 402 403   0.00   0  0.00 180 -0.13   0  0.00   0  0.00   0  0.00   0
   405 402 403 404   0.00   0  0.00 180  0.00   0  0.00   0  0.00   0  0.00   0
   406 403 402 405   0.00   0  0.00 180  0.00   0  0.00   0  0.00   0  0.00   0
   408 409 407 401  -0.67   0  6.29 180  0.00   0  0.00   0  0.00   0  0.00   0
   409 407 401 407  -0.67   0  6.29 180  0.00   0  0.00   0  0.00   0  0.00   0
   409 408 409 407  -0.67   0  6.29 180  0.00   0  0.00   0  0.00   0  0.00   0
   407 409 408 409  -0.67   0  7.43 180  0.00   0  0.00   0  0.00   0  0.00   0
   407 401 407 409  -0.67   0  6.29 180  0.00   0  0.00   0  0.00   0  0.00   0
   414 409 407 401   0.55   0  6.19 180 -0.55   0  0.00   0  0.00   0  0.00   0
   413 407 401 407   0.55   0  6.19 180 -0.55   0  0.00   0  0.00   0  0.00   0
   416 408 409 407   0.55   0  6.82 180 -0.55   0  0.00   0  0.00   0  0.00   0
   413 407 409 408   0.55   0  7.96 180 -0.55   0  0.00   0  0.00   0  0.00   0
   414 409 408 409   0.55   0  7.96 180 -0.55   0  0.00   0  0.00   0  0.00   0
   414 409 407 413   0.00   0  6.36 180  0.00   0  0.00   0  0.00   0  0.00   0
   416 408 409 414   0.00   0  6.36 180  0.00   0  0.00   0  0.00   0  0.00   0
   413 407 409 414   0.00   0  7.50 180  0.00   0  0.00   0  0.00   0  0.00   0
   407 401 402 403  -0.15   0  0.24 180 -0.15   0  0.00   0  0.00   0  0.00   0
   415 410 404 412   2.55   0 -2.15 180  0.07   0  0.00   0  0.00   0  0.00   0
   407 401 402 405  -0.13   0 -0.12 180  1.33   0  0.00   0  0.00   0  0.00   0

 Additional Atomic Multipole Parameters :

     Atom Type     Coordinate Frame Definition         Multipole Moments

         401      407    407      0   Bisector     0.02121
                                                   0.00000  0.00000 -0.23927
                                                  -0.31605
                                                   0.00000  0.03440
                                                   0.00000  0.00000  0.28165

         402      405    403      0   Z-then-X    -0.20292
                                                  -0.14990  0.00000  0.12901
                                                  -0.15028
                                                   0.00000 -0.58133
                                                   0.21088  0.00000  0.73161

         403      406    402      0   Z-then-X     0.74091
                                                   0.09039  0.00000  0.33154
                                                   0.21041
                                                   0.00000 -0.25797
                                                  -0.08667  0.00000  0.04756

         404      410    403      0   Z-then-X    -0.14560
                                                   0.04995  0.00000  0.14063
                                                  -0.15287
                                                   0.00000 -0.27477
                                                  -0.19398  0.00000  0.42764

         405      402    403      0   Z-then-X    -0.05708
                                                  -0.01902  0.00000  0.26606
                                                  -0.45019
                                                   0.00000 -0.33529
                                                   0.00517  0.00000  0.78548

         406      403    402      0   Z-then-X    -0.75503
                                                   0.05347  0.00000 -0.14052
                                                  -0.60714
                                                   0.00000  0.25691
                                                  -0.00054  0.00000  0.35023

         407      401    409      0   Z-then-X    -0.04678
                                                  -0.07624  0.00000 -0.07324
                                                   0.05237
                                                   0.00000 -0.08643
                                                  -0.07918  0.00000  0.03406

         408      409    409      0   Bisector    -0.04736
                                                   0.00000  0.00000 -0.08856
                                                   0.21398
                                                   0.00000 -0.15822
                                                   0.00000  0.00000 -0.05576

         409      407    408      0   Z-then-X     0.06767
                                                   0.15803  0.00000  0.08526
                                                   0.44307
                                                   0.00000 -0.41151
                                                   0.36352  0.00000 -0.03156

         411      405    402      0   Z-then-X     0.06531
                                                   0.01156  0.00000 -0.10236
                                                   0.06071
                                                   0.00000  0.01216
                                                  -0.03344  0.00000 -0.07287

         410      404    415    415   Z-Bisect    -0.20975
                                                   0.32665  0.00000  0.37768
                                                  -0.80000
                                                   0.00000  0.38242
                                                  -0.32952  0.00000  0.41758

         412      404    410      0   Z-then-X     0.07895
                                                  -0.00770  0.00000 -0.09463
                                                   0.08597
                                                   0.00000  0.04355
                                                  -0.01036  0.00000 -0.12952

         413      407    401      0   Z-then-X     0.02241
                                                  -0.02889  0.00000 -0.15089
                                                   0.04557
                                                   0.00000  0.01926
                                                   0.00626  0.00000 -0.06483

         414      409    407      0   Z-then-X     0.00803
                                                  -0.00655  0.00000 -0.14361
                                                   0.09253
                                                   0.00000 -0.00288
                                                  -0.00212  0.00000 -0.08965

         415      410    404      0   Z-then-X     0.09721
                                                   0.00551  0.00000 -0.16435
                                                   0.08766
                                                   0.00000  0.00158
                                                   0.01045  0.00000 -0.08924

         416      408    409      0   Z-then-X     0.00471
                                                  -0.01388  0.00000 -0.18338
                                                   0.08761
                                                   0.00000  0.01039
                                                  -0.04752  0.00000 -0.09800

 Additional Charge Penetration Parameters :

     Atom Class           Core Chg           Damp

         401                 0.000         0.0000
         402                 0.000         0.0000
         403                 0.000         0.0000
         404                 0.000         0.0000
         405                 0.000         0.0000
         406                 0.000         0.0000
         407                 0.000         0.0000
         408                 0.000         0.0000
         409                 0.000         0.0000
         411                 0.000         0.0000
         410                 0.000         0.0000
         412                 0.000         0.0000
         413                 0.000         0.0000
         414                 0.000         0.0000
         415                 0.000         0.0000
         416                 0.000         0.0000

 Additional Atomic Dipole Polarizability Parameters :

     Atom Type           Alpha       Thole     Group Atom Types

         401             1.600       0.390         407
         402             1.243       0.390         403
         403             1.600       0.390         402  406
         404             1.620       0.390         410  412
         405             1.620       0.390         411
         406             0.914       0.390         403
         408             1.600       0.390         409  416
         409             1.600       0.390         407  408  414
         407             1.600       0.390         401  409  413
         411             0.480       0.390         405
         410             1.185       0.390         404  415
         412             0.480       0.390         404
         413             0.432       0.390         407
         414             0.432       0.390         409
         415             0.457       0.390         410
         416             0.432       0.390         408

 Additional van der Waals Parameters :

     Atom Class               Size        Epsilon        Reduction

         415                2.7000         0.0200          0.910
         416                2.9800         0.0260          0.920
         405                3.8200         0.1010          0.000
         404                3.8200         0.1010          0.000
         411                2.9000         0.0220          0.900
         410                3.7100         0.1050          0.000
         412                2.8800         0.0240          0.910
         403                3.8200         0.1010          0.000
         406                3.3000         0.1120          0.000
         402                3.7100         0.1100          0.000
         408                3.8000         0.0890          0.000
         407                3.8000         0.0890          0.000
         401                3.8000         0.0890          0.000
         414                2.9800         0.0260          0.920
         413                2.9800         0.0260          0.920
         409                3.8000         0.0890          0.000

 Additional Solvation Parameters :

     Atom Type                PB Size     CS Size     GK Size

         416             2.5740      2.7580      2.9054
         411             2.2886      2.0030      2.6260
         412             3.0556      2.9960      4.0320
         415             3.6491      3.4040      2.9894
         407             3.8585      3.7660      3.8448
         403             2.9301      4.5060      4.2118
         409             3.8286      3.8930      4.5084
         408             3.8286      3.8930      4.5084
         401             3.6909      3.7660      4.4258
         405             3.5062      3.3090      4.5360
         410             2.8836      2.9900      3.2180
         402             3.4243      3.4910      4.2676
         406             2.9835      3.3560      2.9616

 Limited Memory BFGS Quasi-Newton Optimization :

 QN Iter     F Value      G RMS      F Move   X Move   Angle  FG Call  Comment

     0      381.2947   638.8190                                   1
     1      180.5191   310.8027    200.7756   0.0237    0.00      3    Success 
     2      112.8393   246.6722     67.6799   0.0124   26.35      4    Success 
     3       34.2512    69.6509     78.5881   0.0268   31.61      5    Success 
     4       25.5337    61.7477      8.7174   0.0107   24.80      6    Success 
     5       20.6775    42.0126      4.8562   0.0079   47.69      7    Success 
     6       16.2430    35.2722      4.4345   0.0074   41.43      8    Success 
     7       12.1854    54.9153      4.0576   0.0145   43.88      9    Success 
     8       11.4443    54.3265      0.7411   0.0101   61.58     10    Success 
     9       10.3005    32.2872      1.1438   0.0025   62.62     11    Success 
    10        9.2993    16.6702      1.0012   0.0027   43.30     12    Success 
    11        8.5086    20.9498      0.7907   0.0026   26.02     13    Success 
    12        7.2039    25.6847      1.3046   0.0056   56.14     14    Success 
    13        5.3500    24.1883      1.8539   0.0115   68.50     15    Success 
    14        4.0483    26.4756      1.3017   0.0174   73.11     16    Success 
    15        2.9546    14.3725      1.0937   0.0069   66.15     17    Success 
    16        2.2205    11.5833      0.7341   0.0055   55.86     18    Success 
    17        1.5617    16.8790      0.6588   0.0081   66.51     19    Success 
    18        0.5914    18.5413      0.9702   0.0128   75.24     20    Success 
    19       -0.7223    16.4059      1.3137   0.0203   77.59     21    Success 
    20       -1.9608    12.2487      1.2385   0.0197   76.98     22    Success 
    21       -3.0382     9.2526      1.0773   0.0183   73.21     23    Success 
    22       -3.3523    37.1399      0.3141   0.0154   68.30     24    Success 
    23       -3.8051    19.0447      0.4528   0.0020   69.45     25    Success 
    24       -4.1140     7.7790      0.3089   0.0031   70.46     26    Success 
    25       -4.3002    10.5074      0.1862   0.0030   62.92     27    Success 
    26       -4.6033    10.2775      0.3031   0.0062   76.11     28    Success 
    27       -5.0267    12.9600      0.4234   0.0091   74.25     29    Success 
    28       -5.5615     9.9560      0.5348   0.0130   77.87     30    Success 
    29       -5.9506    11.1315      0.3891   0.0106   77.40     31    Success 
    30       -6.3331    12.8392      0.3825   0.0091   71.30     32    Success 
    31       -6.7399     8.6347      0.4068   0.0103   77.53     33    Success 
    32       -7.0910     7.4704      0.3511   0.0060   67.89     34    Success 
    33       -7.5155    12.7930      0.4245   0.0110   69.14     35    Success 
    34       -7.8048     9.3437      0.2893   0.0113   82.25     36    Success 
    35       -7.9874     6.1676      0.1826   0.0058   79.09     37    Success 
    36       -8.1917     6.2968      0.2043   0.0058   70.74     38    Success 
    37       -8.3966     8.0712      0.2049   0.0070   74.75     39    Success 
    38       -8.6275     7.4966      0.2309   0.0082   77.30     40    Success 
    39       -8.7423    10.9236      0.1148   0.0118   78.04     41    Success 
    40       -8.9013     4.6306      0.1590   0.0019   62.27     42    Success 
    41       -8.9921     4.5837      0.0908   0.0018   48.96     43    Success 
    42       -9.0688     4.7165      0.0767   0.0026   69.09     44    Success 
    43       -9.1836     5.4741      0.1147   0.0053   75.14     45    Success 
    44       -9.2395     4.2906      0.0559   0.0034   75.62     47    Success 
    45       -9.2998     2.7985      0.0603   0.0049   78.24     48    Success 
    46       -9.3098     3.6151      0.0101   0.0010   71.87     50    Success 
    47       -9.3261     3.0230      0.0162   0.0012   78.98     51    Success 
    48       -9.3549     2.6081      0.0288   0.0014   70.71     52    Success 
    49       -9.4043     2.7688      0.0494   0.0024   67.86     53    Success 
    50       -9.4751     3.8851      0.0708   0.0049   72.49     54    Success 
    51       -9.5573     4.4827      0.0822   0.0080   79.00     55    Success 
    52       -9.6079     3.4998      0.0505   0.0039   81.51     56    Success 
    53       -9.6807     2.2096      0.0728   0.0053   76.79     57    Success 
    54       -9.7163     5.0523      0.0356   0.0043   67.48     58    Success 
    55       -9.7484     3.2626      0.0321   0.0018   74.44     59    Success 
    56       -9.7674     2.5700      0.0190   0.0006   58.39     60    Success 
    57       -9.7937     2.0217      0.0263   0.0015   66.21     61    Success 
    58       -9.8229     2.2914      0.0292   0.0027   73.08     62    Success 
    59       -9.8587     1.8129      0.0358   0.0044   76.04     63    Success 
    60       -9.8792     2.2721      0.0205   0.0037   76.76     64    Success 
    61       -9.8951     2.1719      0.0159   0.0022   76.29     65    Success 
    62       -9.9064     1.4252      0.0113   0.0010   71.65     66    Success 
    63       -9.9160     1.4418      0.0096   0.0009   65.80     67    Success 
    64       -9.9317     1.5996      0.0157   0.0015   68.40     68    Success 
    65       -9.9459     3.4833      0.0141   0.0025   71.07     69    Success 
    66       -9.9635     1.4671      0.0177   0.0027   82.70     70    Success 
    67       -9.9715     1.3108      0.0080   0.0014   78.08     71    Success 
    68       -9.9816     2.6736      0.0101   0.0020   75.30     72    Success 
    69       -9.9953     1.7270      0.0137   0.0025   82.69     73    Success 
    70      -10.0106     1.5249      0.0153   0.0021   77.21     74    Success 
    71      -10.0329     1.2271      0.0223   0.0032   74.98     75    Success 
    72      -10.0405     3.9336      0.0075   0.0035   73.06     76    Success 
    73      -10.0506     1.4390      0.0101   0.0008   79.03     77    Success 
    74      -10.0557     1.0908      0.0051   0.0005   66.34     78    Success 
    75      -10.0604     1.5739      0.0047   0.0006   65.21     79    Success 
    76      -10.0681     1.8080      0.0077   0.0012   78.38     80    Success 
    77      -10.0789     2.6025      0.0108   0.0021   80.25     81    Success 
    78      -10.0934     1.7293      0.0146   0.0037   84.71     82    Success 
    79      -10.1033     1.3396      0.0099   0.0031   83.54     83    Success 
    80      -10.1077     2.5420      0.0043   0.0032   82.17     84    Success 
    81      -10.1122     1.1145      0.0045   0.0005   77.50     85    Success 
    82      -10.1147     0.9670      0.0025   0.0004   71.39     86    Success 
    83      -10.1180     0.9992      0.0033   0.0005   65.60     87    Success 
    84      -10.1223     0.9623      0.0043   0.0010   76.48     88    Success 
    85      -10.1286     1.0086      0.0063   0.0017   77.74     89    Success 
    86      -10.1311     2.4582      0.0025   0.0026   78.49     90    Success 
    87      -10.1352     1.4846      0.0041   0.0003   75.58     91    Success 
    88      -10.1403     0.7507      0.0051   0.0007   70.45     92    Success 
    89      -10.1426     0.9826      0.0022   0.0005   70.75     93    Success 
    90      -10.1456     1.0281      0.0031   0.0007   74.00     94    Success 
    91      -10.1495     1.2694      0.0038   0.0014   79.37     95    Success 
    92      -10.1533     0.9335      0.0038   0.0010   80.89     96    Success 
    93      -10.1588     0.8296      0.0055   0.0018   79.29     97    Success 
    94      -10.1620     2.0120      0.0033   0.0026   79.54     98    Success 
    95      -10.1664     0.8501      0.0044   0.0014   84.48     99    Success 
    96      -10.1693     0.6868      0.0028   0.0009   78.48    100    Success 
    97      -10.1725     0.9432      0.0032   0.0016   80.04    101    Success 
    98      -10.1756     1.4199      0.0031   0.0013   79.61    102    Success 
    99      -10.1789     0.8663      0.0033   0.0025   85.81    103    Success 
   100      -10.1811     0.5946      0.0023   0.0005   72.50    104    Success 
   101      -10.1837     0.9946      0.0025   0.0008   70.37    105    Success 
   102      -10.1854     1.2065      0.0017   0.0006   79.16    106    Success 
   103      -10.1877     0.9255      0.0023   0.0008   82.52    107    Success 
   104      -10.1909     0.7182      0.0032   0.0016   82.47    108    Success 
   105      -10.1935     0.7263      0.0026   0.0018   82.70    109    Success 
   106      -10.1966     0.8389      0.0031   0.0015   81.37    110    Success 
   107      -10.2015     0.7943      0.0049   0.0018   79.85    111    Success 
   108      -10.2085     0.7857      0.0070   0.0026   78.66    112    Success 
   109      -10.2100     2.0880      0.0014   0.0044   80.20    113    Success 
   110      -10.2125     1.6845      0.0026   0.0005   83.00    114    Success 
   111      -10.2167     0.9979      0.0042   0.0008   81.04    115    Success 
   112      -10.2213     0.6123      0.0045   0.0013   75.78    116    Success 
   113      -10.2225     1.4342      0.0012   0.0005   74.11    117    Success 
   114      -10.2245     1.2205      0.0021   0.0007   84.34    118    Success 
   115      -10.2280     0.9205      0.0034   0.0016   85.09    119    Success 
   116      -10.2331     0.7183      0.0051   0.0028   83.60    120    Success 
   117      -10.2375     1.0738      0.0044   0.0037   82.95    121    Success 
   118      -10.2409     1.1201      0.0034   0.0021   84.90    122    Success 
   119      -10.2458     1.0573      0.0049   0.0015   80.95    123    Success 
   120      -10.2519     1.4197      0.0061   0.0028   81.98    124    Success 
   121      -10.2597     0.9330      0.0077   0.0025   81.70    125    Success 
   122      -10.2650     0.9455      0.0053   0.0017   79.43    126    Success 
   123      -10.2671     3.1064      0.0020   0.0051   84.68    127    Success 
   124      -10.2706     2.3046      0.0035   0.0003   80.39    128    Success 
   125      -10.2756     0.9220      0.0050   0.0012   84.03    129    Success 
   126      -10.2783     0.8339      0.0027   0.0017   83.85    130    Success 
   127      -10.2803     1.0880      0.0021   0.0015   85.02    131    Success 
   128      -10.2831     1.6381      0.0027   0.0024   86.16    132    Success 
   129      -10.2868     1.0819      0.0037   0.0025   86.83    133    Success 
   130      -10.2904     0.7893      0.0036   0.0016   83.57    134    Success 
   131      -10.2953     1.1748      0.0050   0.0020   79.49    135    Success 
   132      -10.2994     1.3191      0.0041   0.0015   82.50    136    Success 
   133      -10.3036     1.5026      0.0041   0.0027   84.94    137    Success 
   134      -10.3072     0.9355      0.0037   0.0016   82.75    138    Success 
   135      -10.3089     1.4668      0.0017   0.0004   70.42    139    Success 
   136      -10.3108     1.3501      0.0019   0.0010   86.09    140    Success 
   137      -10.3138     0.9781      0.0030   0.0008   81.42    141    Success 
   138      -10.3169     0.6682      0.0031   0.0043   86.57    142    Success 
   139      -10.3189     1.2471      0.0019   0.0021   79.32    143    Success 
   140      -10.3208     0.6804      0.0019   0.0003   69.98    144    Success 
   141      -10.3227     0.5304      0.0019   0.0007   77.13    145    Success 
   142      -10.3244     0.6844      0.0017   0.0008   77.68    146    Success 
   143      -10.3266     0.9798      0.0022   0.0008   75.03    147    Success 
   144      -10.3294     0.7110      0.0028   0.0017   84.13    148    Success 
   145      -10.3325     0.6052      0.0031   0.0013   79.07    149    Success 
   146      -10.3355     0.9583      0.0030   0.0016   74.48    150    Success 
   147      -10.3378     0.7586      0.0022   0.0015   82.87    151    Success 
   148      -10.3392     0.6255      0.0015   0.0004   73.47    152    Success 
   149      -10.3414     0.5376      0.0022   0.0013   81.72    153    Success 
   150      -10.3430     1.7213      0.0016   0.0028   82.91    154    Success 
   151      -10.3452     0.7810      0.0022   0.0009   84.86    155    Success 
   152      -10.3465     0.5755      0.0013   0.0008   82.97    156    Success 
   153      -10.3477     0.5871      0.0012   0.0009   82.13    157    Success 
   154      -10.3495     0.5738      0.0019   0.0011   81.05    158    Success 
   155      -10.3510     1.3665      0.0014   0.0022   82.84    159    Success 
   156      -10.3530     0.8638      0.0020   0.0006   81.57    160    Success 
   157      -10.3545     0.6523      0.0015   0.0006   76.93    161    Success 
   158      -10.3555     0.7092      0.0010   0.0009   83.34    162    Success 
   159      -10.3566     0.5224      0.0012   0.0006   81.47    163    Success 
   160      -10.3583     0.3871      0.0017   0.0011   80.65    164    Success 
   161      -10.3598     0.5224      0.0015   0.0015   80.78    165    Success 
   162      -10.3603     0.8989      0.0005   0.0011   80.28    166    Success 
   163      -10.3611     0.4871      0.0008   0.0004   82.43    167    Success 
   164      -10.3621     0.3786      0.0010   0.0006   76.54    168    Success 
   165      -10.3628     0.4757      0.0007   0.0005   78.94    169    Success 
   166      -10.3640     0.5647      0.0011   0.0007   79.23    170    Success 
   167      -10.3651     0.7922      0.0011   0.0014   83.26    171    Success 
   168      -10.3664     0.3358      0.0013   0.0008   81.42    172    Success 
   169      -10.3671     0.3342      0.0007   0.0004   75.19    173    Success 
   170      -10.3679     0.7716      0.0008   0.0007   77.13    174    Success 
   171      -10.3687     0.4207      0.0008   0.0006   83.35    175    Success 
   172      -10.3691     0.2943      0.0004   0.0003   77.91    176    Success 
   173      -10.3697     0.3797      0.0006   0.0004   72.09    177    Success 
   174      -10.3699     0.7484      0.0002   0.0005   78.77    178    Success 
   175      -10.3702     0.4344      0.0003   0.0001   77.49    179    Success 
   176      -10.3705     0.2435      0.0003   0.0002   74.23    180    Success 
   177      -10.3707     0.2681      0.0002   0.0002   77.02    181    Success 
   178      -10.3709     0.2517      0.0003   0.0002   77.62    182    Success 
   179      -10.3712     0.5089      0.0003   0.0003   74.28    183    Success 
   180      -10.3715     0.3233      0.0003   0.0004   83.69    184    Success 
   181      -10.3717     0.1803      0.0002   0.0002   80.88    185    Success 
   182      -10.3718     0.1827      0.0001   0.0001   70.75    186    Success 
   183      -10.3720     0.1600      0.0002   0.0002   75.05    187    Success 
   184      -10.3721     0.1466      0.0002   0.0002   70.41    188    Success 
   185      -10.3722     0.1473      0.0001   0.0002   78.84    189    Success 
   186      -10.3723     0.1051      0.0001   0.0001   77.34    190    Success 
   187      -10.3724     0.0992      0.0001   0.0003   77.56    191   SmallGrad

 LBFGS  --  Normal Termination due to SmallGrad

 Final Function Value :          -10.37239116
 Final RMS Gradient :              0.09922908
 Final Gradient Norm :             0.48612120
